INFO - DB skill doc count: 0

INFO - DB non_func doc count: 52

INFO - DB semantic doc count: 429

INFO - DB summaries doc count: 67

INFO - DB reflections doc count: 67

INFO - DB episodic doc count: 126

INFO - [train iter]: 67/100 

INFO - The task prompt is Given an array A of integers, return the length of the longest arithmetic subsequence in A.
Recall that a subsequence of A is a list A[i_1], A[i_2], ..., A[i_k] with 0 <= i_1 < i_2 < ... < i_k <= A.length - 1, and that a sequence B is arithmetic if B[i+1] - B[i] are all the same value (for 0 <= i...

INFO - Attempting task_id 309
INFO - LM call n parse attempt 1 / 3

INFO - [Task id] 309 [prompt] 
You are an expert programmer tasked with solving the problem below.

Follow the user's instructions to solve the problem.
The user can ask for analysis, code, or both.

## Instructions
When asked to output code,
- Make sure to wrap your code in '```python' and '```' Markdown delimiters, 
- include exactly one block of code with the entire solution
- No outside libraries are allowed. 
- Builtins are allowed.
- If the task specifies a function name to be used, follow it strictly (be case sensitive!) and declare the that function last (helper functions are declared first).
- DO NOT write any assert statements / tests.

## Problem
[BEGIN PROBLEM]
Given an array A of integers, return the length of the longest arithmetic subsequence in A.
Recall that a subsequence of A is a list A[i_1], A[i_2], ..., A[i_k] with 0 <= i_1 < i_2 < ... < i_k <= A.length - 1, and that a sequence B is arithmetic if B[i+1] - B[i] are all the same value (for 0 <= i < B.length - 1).
 
Example 1:
Input: A = [3,6,9,12]
Output: 4
Explanation: 
The whole array is an arithmetic sequence with steps of length = 3.

Example 2:
Input: A = [9,4,7,2,10]
Output: 3
Explanation: 
The longest arithmetic subsequence is [4,7,10].

Example 3:
Input: A = [20,1,15,3,10,5,8]
Output: 4
Explanation: 
The longest arithmetic subsequence is [20,15,10,5].

 
Constraints:

2 <= A.length <= 1000
0 <= A[i] <= 500

The output code needs to use the provided function signature

The final python function should begin with: 
```python

class Solution:
    def longestArithSeqLength(self, A: List[int]) -> int:
        
```

[END PROBLEM]

INFO - [Task id] 309 [prompt] 
## Instructions

Reason through the problem and:
1. Restate the problem in plain English
2. Conceptualize a solution first in plain English
3. Write a pseudocode solution
4. Output the final Python 3 solution with your solution steps in comments.

Make sure to wrap your code in '```python' and '```' Markdown delimiters, 
and include exactly one block of code with the entire solution.

No outside libraries are allowed.
Builtins are allowed.

INFO - [Task id] 309 [generation text] 1. **Restate the problem in plain English:**
   We need to find the length of the longest subsequence in a given list of integers where the difference between consecutive elements in that subsequence is constant. A subsequence is formed by selecting elements from the list while maintaining their original order.

2. **Conceptualize a solution first in plain English:**
   To solve this problem, we can use a dynamic programming approach. We will maintain a dictionary to store the lengths of arithmetic subsequences for each possible difference between elements. For each pair of elements in the list, we will calculate the difference and update the length of the subsequence that can be formed with that difference. The maximum length found during this process will be our answer.

3. **Write a pseudocode solution:**
   ```
   Initialize a variable max_length to 0
   Create a list dp of size equal to the length of A, initialized with empty dictionaries
   For each element A[i] in A:
       For each previous element A[j] where j < i:
           Calculate the difference diff = A[i] - A[j]
           If diff is not in dp[j], initialize it to 1
           Update dp[i][diff] to be the maximum of its current value or dp[j][diff] + 1
           Update max_length to be the maximum of max_length and dp[i][diff]
   Return max_length + 1 (to account for the first element in the subsequence)
   ```

4. **Output the final Python 3 solution with your solution steps in comments:**
```python
class Solution:
    def longestArithSeqLength(self, A: list[int]) -> int:
        # Initialize the maximum length of arithmetic subsequence
        max_length = 0
        
        # Create a list of dictionaries to store lengths of subsequences
        dp = [{} for _ in range(len(A))]
        
        # Iterate through each element in the array
        for i in range(len(A)):
            for j in range(i):
                # Calculate the difference between the current and previous element
                diff = A[i] - A[j]
                
                # If this difference has not been seen at index j, initialize it
                if diff not in dp[j]:
                    dp[j][diff] = 1
                
                # Update the length of the subsequence at index i for this difference
                if diff in dp[i]:
                    dp[i][diff] = max(dp[i][diff], dp[j][diff] + 1)
                else:
                    dp[i][diff] = dp[j][diff] + 1
                
                # Update the maximum length found so far
                max_length = max(max_length, dp[i][diff])
        
        # Return the maximum length found plus one for the first element
        return max_length + 1
```
INFO - [35m Rollout attempt 1/4[0m
INFO - [33m Retrieving 3 entries for db: episodic 
 [0m
INFO - Retrieved (score=0.3070):

[Task]:
    Given an unsorted array of integers, find the length of longest increasing subsequence.

    Example:


    Input: [10,9,2,5,3,7,101,18]
    Output: 4 
    Explanation: The longest increasing subsequence is [2,3,7,101], therefore the length is 4. 

    Note: 


           There may b...


INFO - Retrieved (score=0.3659):

[Task]:
    Return the length of the shortest, non-empty, contiguous subarray of A with sum at least K.
    If there is no non-empty subarray with sum at least K, return -1.
 



    Example 1:
    Input: A = [1], K = 1
    Output: 1


    Example 2:
    Input: A = [1,2], K = 4
    Output: -1


...


INFO - Retrieved (score=0.3868):

[Task]:
    We have an array A of non-negative integers.
    For every (contiguous) subarray B = [A[i], A[i+1], ..., A[j]] (with i <= j), we take the bitwise OR of all the elements in B, obtaining a result A[i] | A[i+1] | ... | A[j].
    Return the number of possible results.  (Results that occu...


INFO - [33m Retrieving 3 entries for db: semantic 
 [0m
INFO - Retrieved (score=0.3662):
Title: Longest increasing subsequence
Part: 1/3
# Longest increasing subsequence

We are given an array with $n$ numbers: $a[0 \dots n-1]$.
The task is to find the longest, strictly increasing, subsequence in $a$.

Formally we look for the longest sequence of indices $i_1, \dots i_k$ such that

$...


INFO - Retrieved (score=0.3977):
Title: Longest increasing subsequence
Part: 3/3
```

### Restoring the subsequence

It is also possible to restore the subsequence using this approach.
This time we have to maintain two auxiliary arrays.
One that tells us the index of the elements in $d[]$.
And again we have to create an array of...


INFO - Retrieved (score=0.4002):
Title: Longest increasing subsequence
Part: 2/3
```

### Alternative way of restoring the subsequence

It is also possible to restore the subsequence without the auxiliary array $p[]$.
We can simply recalculate the current value of $d[i]$ and also see how the maximum was reached.

This method lea...


INFO - [33m Retrieving 3 entries for db: reflections 
 [0m
INFO - Retrieved (score=0.3687):
In reflecting on my attempts to solve the problem, I recognize that my approach was fundamentally sound but lacked efficiency in terms of time complexity. My solution utilized a binary search method to find the longest increasing subsequence (LIS), which is generally efficient. However, the offic...


INFO - Retrieved (score=0.3747):
The official solution employs a more efficient approach to find the length of the longest increasing subsequence (LIS) using a combination of dynamic programming and binary search, achieving a time complexity of O(n log n). This is a significant improvement over the O(n^2) complexity of my initia...


INFO - Retrieved (score=0.4231):
The official solution employs a more efficient approach to solve the problem by utilizing dynamic programming principles. Here are the key insights and steps from the official solution:

1. **Dynamic Programming Arrays**: The solution uses four arrays (`fn`, `sn`, `tn`, `fon`) to keep track of ma...


INFO - [33m Retrieving 3 entries for db: summaries 
 [0m
INFO - Retrieved (score=0.2802):
In this task, I was required to find the length of the longest increasing subsequence (LIS) in an unsorted array of integers. The problem was approached using a dynamic programming technique, which is a common strategy for problems involving subsequences. The key concept was to maintain an array ...


INFO - Retrieved (score=0.3040):
The problem involved finding the length of the shortest contiguous subarray with a sum of at least \( K \). The solution utilized a combination of prefix sums and a deque to efficiently track the indices of potential starting points for valid subarrays. The key concepts included maintaining a run...


INFO - Retrieved (score=0.3618):
In this task, the goal was to maximize the expression \( A[d] - A[c] + A[b] - A[a] \) with the constraints \( d > c > b > a \). The approach involved iterating through possible indices while maintaining the order constraints. The key was to efficiently track the maximum values for \( A[b] \) and ...


INFO - [33m Retrieving 3 entries for db: non_func 
 [0m
INFO - Retrieved (score=0.3472):

[description]
This function calculates the length of the longest increasing subsequence in a given list of integers. It first checks if the list is empty and returns 0 if so. It initializes a dynamic programming array to keep track of the longest subsequence lengths at each index. The function t...


INFO - Retrieved (score=0.4333):

[description]
The function calculates the length of the shortest contiguous subarray within a given list that has a sum of at least K. It first constructs a prefix sum array to facilitate quick sum calculations of subarrays. A deque is used to efficiently track indices of the prefix sums while i...


INFO - Retrieved (score=0.4711):

[description for function: main]
This function reads an integer input representing the number of test cases and then processes each test case by reading two integers. It checks if the two integers are equal, in which case it outputs -1, indicating infinite valid values. If they are not equal, it...


INFO - Retrieved (score=0.2802): 
[Summary]:
    In this task, I was required to find the length of the longest increasing subsequence (LIS) in an unsorted array of integers. The problem was approached using a dynamic programming technique, which is a common strategy for problems involving subsequences. The key concept was to ma...
INFO - Retrieved (score=0.3040): 
[Summary]:
    The problem involved finding the length of the shortest contiguous subarray with a sum of at least \( K \). The solution utilized a combination of prefix sums and a deque to efficiently track the indices of potential starting points for valid subarrays. The key concepts included m...
INFO - Retrieved (score=0.3070): 
[Past Memory]:

    [Task]:
        Given an unsorted array of integers, find the length of longest increasing subsequence.

        Example:


        Input: [10,9,2,5,3,7,101,18]
        Output: 4 
        Explanation: The longest increasing subsequence is [2,3,7,101], therefore the length is ...
INFO - LM call n parse attempt 1 / 3

INFO - [Task id] 309 [prompt] 
You are an expert programmer tasked with solving the problem below.

Follow the user's instructions to solve the problem.
The user can ask for analysis, code, or both.

## Instructions
When asked to output code,
- Make sure to wrap your code in '```python' and '```' Markdown delimiters, 
- include exactly one block of code with the entire solution
- No outside libraries are allowed. 
- Builtins are allowed.
- If the task specifies a function name to be used, follow it strictly (be case sensitive!) and declare the that function last (helper functions are declared first).
- DO NOT write any assert statements / tests.

## Problem
[BEGIN PROBLEM]
Given an array A of integers, return the length of the longest arithmetic subsequence in A.
Recall that a subsequence of A is a list A[i_1], A[i_2], ..., A[i_k] with 0 <= i_1 < i_2 < ... < i_k <= A.length - 1, and that a sequence B is arithmetic if B[i+1] - B[i] are all the same value (for 0 <= i < B.length - 1).
 
Example 1:
Input: A = [3,6,9,12]
Output: 4
Explanation: 
The whole array is an arithmetic sequence with steps of length = 3.

Example 2:
Input: A = [9,4,7,2,10]
Output: 3
Explanation: 
The longest arithmetic subsequence is [4,7,10].

Example 3:
Input: A = [20,1,15,3,10,5,8]
Output: 4
Explanation: 
The longest arithmetic subsequence is [20,15,10,5].

 
Constraints:

2 <= A.length <= 1000
0 <= A[i] <= 500

The output code needs to use the provided function signature

The final python function should begin with: 
```python

class Solution:
    def longestArithSeqLength(self, A: List[int]) -> int:
        
```

[END PROBLEM]

INFO - [Task id] 309 [prompt] 
## Instructions

Reason through the problem and:
1. Restate the problem in plain English
2. Conceptualize a solution first in plain English
3. Write a pseudocode solution
4. Output the final Python 3 solution with your solution steps in comments.

Make sure to wrap your code in '```python' and '```' Markdown delimiters, 
and include exactly one block of code with the entire solution.

No outside libraries are allowed.
Builtins are allowed.

INFO - [Task id] 309 [prompt] 
Also, here are some of your memories.
Feel free to use the given information to aid your problem solving process if necessary.
Do not confuse the memories with the problem statement.

## Memories

[Summary]:
    In this task, I was required to find the length of the longest increasing subsequence (LIS) in an unsorted array of integers. The problem was approached using a dynamic programming technique, which is a common strategy for problems involving subsequences. The key concept was to maintain an array `d` where each element represents the length of the longest increasing subsequence that ends at that index.

    The solution involved iterating through the input list and comparing each element with all previous elements to determine if they could form an increasing subsequence. If they could, the length of the subsequence was updated accordingly. The final result was obtained by finding the maximum value in the `d` array.

    The implemented code was as follows:

    ```python
    class Solution:
        def lengthOfLIS(self, nums: List[int]) -> int:
            if not nums:
                return 0
        
            n = len(nums)
            d = [1] * n
        
            for i in range(1, n):
                for j in range(i):
                    if nums[j] < nums[i]:
                        d[i] = max(d[i], d[j] + 1)
        
            return max(d)
    ```

    This approach successfully passed the provided test case, demonstrating its correctness. The dynamic programming method is efficient for this problem, operating in O(n^2) time complexity, which is suitable given the constraints. Overall, the experience reinforced the importance of dynamic programming in solving subsequence-related problems.
[/Summary]


[Summary]:
    The problem involved finding the length of the shortest contiguous subarray with a sum of at least \( K \). The solution utilized a combination of prefix sums and a deque to efficiently track the indices of potential starting points for valid subarrays. The key concepts included maintaining a running sum and dynamically adjusting the window size based on the conditions of the sum relative to \( K \).

    The approach was effective, as it allowed for a linear traversal of the array while keeping track of the minimum length of valid subarrays. The use of a deque ensured that we could efficiently manage the indices of prefix sums, allowing for quick updates and checks. The final implementation successfully passed the provided test cases, confirming its correctness.

    The final code snippet is as follows:

    ```python
    class Solution:
        def shortestSubarray(self, A: list[int], K: int) -> int:
            from collections import deque
        
            prefix_sum = [0] * (len(A) + 1)
            for i in range(len(A)):
                prefix_sum[i + 1] = prefix_sum[i] + A[i]
        
            min_length = float('inf')
            dq = deque()
        
            for i in range(len(prefix_sum)):
                while dq and prefix_sum[i] - prefix_sum[dq[0]] >= K:
                    min_length = min(min_length, i - dq.popleft())
            
                while dq and prefix_sum[dq[-1]] >= prefix_sum[i]:
                    dq.pop()
            
                dq.append(i)
        
            return min_length if min_length != float('inf') else -1
    ```

    This experience reinforced the importance of using efficient data structures like deques for maintaining order and optimizing search operations in problems involving contiguous subarrays.
[/Summary]


[Past Memory]:

    [Task]:
        Given an unsorted array of integers, find the length of longest increasing subsequence.

        Example:


        Input: [10,9,2,5,3,7,101,18]
        Output: 4 
        Explanation: The longest increasing subsequence is [2,3,7,101], therefore the length is 4. 

        Note: 


               There may be more than one LIS combination, it is only necessary for you to return the length.
               Your algorithm should run in O(n2) complexity.


        Follow up: Could you improve it to O(n log n) time complexity?
    [/Task]

    [Previous Critique]:
        None
    [/Previous Critique]

    [Thought Process and Code]:
        1. **Restate the problem in plain English**: 
           We need to find the length of the longest subsequence in a given list of integers where the subsequence is strictly increasing. For example, in the list [10, 9, 2, 5, 3, 7, 101, 18], the longest increasing subsequence is [2, 3, 7, 101], which has a length of 4.

        2. **Conceptualize a solution first in plain English**: 
           We can use a dynamic programming approach to solve this problem. We will create an array `d` where each element `d[i]` represents the length of the longest increasing subsequence that ends with the element at index `i`. We will iterate through the list, and for each element, we will check all previous elements to see if they can form an increasing subsequence with the current element. The final answer will be the maximum value in the `d` array.

        3. **Write a pseudocode solution**:
           ```
           function lengthOfLIS(nums):
               if nums is empty:
                   return 0
       
               n = length of nums
               create an array d of size n, initialized to 1
       
               for i from 1 to n-1:
                   for j from 0 to i-1:
                       if nums[j] < nums[i]:
                           d[i] = max(d[i], d[j] + 1)
       
               return max value in d
           ```

        4. **Output the final Python 3 solution with your solution steps in comments**:
        ```python
        class Solution:
            def lengthOfLIS(self, nums: List[int]) -> int:
                # Check if the input list is empty
                if not nums:
                    return 0
        
                n = len(nums)  # Get the length of the input list
                d = [1] * n  # Initialize the dp array with 1s
        
                # Iterate through the list to fill the dp array
                for i in range(1, n):
                    for j in range(i):
                        # If the current number is greater than the previous number
                        if nums[j] < nums[i]:
                            # Update the dp value for the current index
                            d[i] = max(d[i], d[j] + 1)
        
                # The length of the longest increasing subsequence is the max value in d
                return max(d)
        ```
    [/Thought Process and Code]

    [Environment Feedback]:
        Note: Inputs/outputs here are automatically extracted/truncated so formatting may be a bit off.
        Tests passed:

         Input: [[10, 9, 2, 5, 3, 7, 101, 18]] Output: 4

        Tests failed:
        None
    [/Environment Feedback]

    [Result]:
        Success
    [/Result]

[/Past Memory]


INFO - [Task id] 309 [generation text] 1. **Restate the problem in plain English**: 
   We need to find the length of the longest subsequence in a given list of integers where the subsequence forms an arithmetic sequence. An arithmetic sequence is defined as a sequence where the difference between consecutive elements is constant.

2. **Conceptualize a solution first in plain English**: 
   We can use a dynamic programming approach to solve this problem. We will maintain a dictionary to store the lengths of arithmetic subsequences for each possible difference between elements. For each pair of elements in the list, we will calculate the difference and update the length of the arithmetic subsequence that ends with the current element. The final answer will be the maximum length found in our dictionary.

3. **Write a pseudocode solution**:
   ```
   function longestArithSeqLength(A):
       if A is empty:
           return 0
       
       n = length of A
       create a dictionary dp to store lengths of subsequences
       max_length = 0
       
       for i from 0 to n-1:
           for j from 0 to i-1:
               difference = A[i] - A[j]
               if (j, difference) in dp:
                   dp[(i, difference)] = dp[(j, difference)] + 1
               else:
                   dp[(i, difference)] = 2  # Starting a new sequence
               max_length = max(max_length, dp[(i, difference)])
       
       return max_length
   ```

4. **Output the final Python 3 solution with your solution steps in comments**:
```python
class Solution:
    def longestArithSeqLength(self, A: list[int]) -> int:
        # Check if the input list is empty
        if not A:
            return 0
        
        n = len(A)  # Get the length of the input list
        dp = {}  # Dictionary to store lengths of subsequences
        max_length = 0  # Variable to track the maximum length
        
        # Iterate through the list to fill the dp dictionary
        for i in range(n):
            for j in range(i):
                difference = A[i] - A[j]  # Calculate the difference
                # Check if there is an existing sequence with this difference
                if (j, difference) in dp:
                    dp[(i, difference)] = dp[(j, difference)] + 1  # Extend the sequence
                else:
                    dp[(i, difference)] = 2  # Start a new sequence with length 2
                
                # Update the maximum length found
                max_length = max(max_length, dp[(i, difference)])
        
        return max_length  # Return the maximum length of arithmetic subsequence
```
INFO - program_code:
 
class Solution:
    def longestArithSeqLength(self, A: list[int]) -> int:
        # Check if the input list is empty
        if not A:
            return 0
        
        n = len(A)  # Get the length of the input list
        dp = {}  # Dictionary to store lengths of subsequences
        max_length = 0  # Variable to track the maximum length
        
        # Iterate through the list to fill the dp dictionary
        for i in range(n):
            for j in range(i):
                difference = A[i] - A[j]  # Calculate the difference
                # Check if there is an existing sequence with this difference
                if (j, difference) in dp:
                    dp[(i, difference)] = dp[(j, difference)] + 1  # Extend the sequence
                else:
                    dp[(i, difference)] = 2  # Start a new sequence with length 2
                
                # Update the maximum length found
                max_length = max(max_length, dp[(i, difference)])
        
        return max_length  # Return the maximum length of arithmetic subsequence


INFO - program_name:
 

INFO - dependencies:
 []

INFO - raw_msg:
 1. **Restate the problem in plain English**: 
   We need to find the length of the longest subsequence in a given list of integers where the subsequence forms an arithmetic sequence. An arithmetic sequence is defined as a sequence where the difference between consecutive elements is constant.

2. **Conceptualize a solution first in plain English**: 
   We can use a dynamic programming approach to solve this problem. We will maintain a dictionary to store the lengths of arithmetic subsequences for each possible difference between elements. For each pair of elements in the list, we will calculate the difference and update the length of the arithmetic subsequence that ends with the current element. The final answer will be the maximum length found in our dictionary.

3. **Write a pseudocode solution**:
   ```
   function longestArithSeqLength(A):
       if A is empty:
           return 0
       
       n = length of A
       create a dictionary dp to store lengths of subsequences
       max_length = 0
       
       for i from 0 to n-1:
           for j from 0 to i-1:
               difference = A[i] - A[j]
               if (j, difference) in dp:
                   dp[(i, difference)] = dp[(j, difference)] + 1
               else:
                   dp[(i, difference)] = 2  # Starting a new sequence
               max_length = max(max_length, dp[(i, difference)])
       
       return max_length
   ```

4. **Output the final Python 3 solution with your solution steps in comments**:
```python
class Solution:
    def longestArithSeqLength(self, A: list[int]) -> int:
        # Check if the input list is empty
        if not A:
            return 0
        
        n = len(A)  # Get the length of the input list
        dp = {}  # Dictionary to store lengths of subsequences
        max_length = 0  # Variable to track the maximum length
        
        # Iterate through the list to fill the dp dictionary
        for i in range(n):
            for j in range(i):
                difference = A[i] - A[j]  # Calculate the difference
                # Check if there is an existing sequence with this difference
                if (j, difference) in dp:
                    dp[(i, difference)] = dp[(j, difference)] + 1  # Extend the sequence
                else:
                    dp[(i, difference)] = 2  # Start a new sequence with length 2
                
                # Update the maximum length found
                max_length = max(max_length, dp[(i, difference)])
        
        return max_length  # Return the maximum length of arithmetic subsequence
```

INFO - no_parent:
 False

INFO - full code to be executed: 
 
class Solution:
    def longestArithSeqLength(self, A: list[int]) -> int:
        # Check if the input list is empty
        if not A:
            return 0
        
        n = len(A)  # Get the length of the input list
        dp = {}  # Dictionary to store lengths of subsequences
        max_length = 0  # Variable to track the maximum length
        
        # Iterate through the list to fill the dp dictionary
        for i in range(n):
            for j in range(i):
                difference = A[i] - A[j]  # Calculate the difference
                # Check if there is an existing sequence with this difference
                if (j, difference) in dp:
                    dp[(i, difference)] = dp[(j, difference)] + 1  # Extend the sequence
                else:
                    dp[(i, difference)] = 2  # Start a new sequence with length 2
                
                # Update the maximum length found
                max_length = max(max_length, dp[(i, difference)])
        
        return max_length  # Return the maximum length of arithmetic subsequence


INFO - obs: Note: Inputs/outputs here are automatically extracted/truncated so formatting may be a bit off.
Tests passed:

 Input: [[3, 6, 9, 12]] Output: 4

Tests failed:
None
reward: True
done: None
info: {'individual_results': [True]}
INFO - Updated entry: 
[Task]:
    Given an array A of integers, return the length of the longest arithmetic subsequence in A.
    Recall that a subsequence of A is a list A[i_1], A[i_2], ..., A[i_k] with 0 <= i_1 < i_2 < ... < i_k <= A.length - 1, and that a sequence B is arithmetic if B[i+1] - B[i] are all the same ...,

INFO - Metadata: {
    "raw_msg": "1. **Restate the problem in plain English**: \n   We need to find the length of the longest subsequence in a given list of integers where the subsequence forms an arithmetic sequence. An arithmetic sequence is defined as a sequence where the difference between consecutive elemen...

INFO - LM call n parse attempt 1 / 3

INFO - [Task id] 309 [prompt] 
You are an expert programmer tasked with solving the problem below.

Follow the user's instructions to solve the problem.
The user can ask for analysis, code, or both.

## Instructions
When asked to output code,
- Make sure to wrap your code in '```python' and '```' Markdown delimiters, 
- include exactly one block of code with the entire solution
- No outside libraries are allowed. 
- Builtins are allowed.
- If the task specifies a function name to be used, follow it strictly (be case sensitive!) and declare the that function last (helper functions are declared first).
- DO NOT write any assert statements / tests.

## Problem
[BEGIN PROBLEM]
Given an array A of integers, return the length of the longest arithmetic subsequence in A.
Recall that a subsequence of A is a list A[i_1], A[i_2], ..., A[i_k] with 0 <= i_1 < i_2 < ... < i_k <= A.length - 1, and that a sequence B is arithmetic if B[i+1] - B[i] are all the same value (for 0 <= i < B.length - 1).
 
Example 1:
Input: A = [3,6,9,12]
Output: 4
Explanation: 
The whole array is an arithmetic sequence with steps of length = 3.

Example 2:
Input: A = [9,4,7,2,10]
Output: 3
Explanation: 
The longest arithmetic subsequence is [4,7,10].

Example 3:
Input: A = [20,1,15,3,10,5,8]
Output: 4
Explanation: 
The longest arithmetic subsequence is [20,15,10,5].

 
Constraints:

2 <= A.length <= 1000
0 <= A[i] <= 500

The output code needs to use the provided function signature

The final python function should begin with: 
```python

class Solution:
    def longestArithSeqLength(self, A: List[int]) -> int:
        
```

[END PROBLEM]

INFO - [Task id] 309 [prompt] 
## Instructions

Reason through the problem and:
1. Restate the problem in plain English
2. Conceptualize a solution first in plain English
3. Write a pseudocode solution
4. Output the final Python 3 solution with your solution steps in comments.

Make sure to wrap your code in '```python' and '```' Markdown delimiters, 
and include exactly one block of code with the entire solution.

No outside libraries are allowed.
Builtins are allowed.

INFO - [Task id] 309 [prompt] 1. **Restate the problem in plain English**: 
   We need to find the length of the longest subsequence in a given list of integers where the subsequence forms an arithmetic sequence. An arithmetic sequence is defined as a sequence where the difference between consecutive elements is constant.

2. **Conceptualize a solution first in plain English**: 
   We can use a dynamic programming approach to solve this problem. We will maintain a dictionary to store the lengths of arithmetic subsequences for each possible difference between elements. For each pair of elements in the list, we will calculate the difference and update the length of the arithmetic subsequence that ends with the current element. The final answer will be the maximum length found in our dictionary.

3. **Write a pseudocode solution**:
   ```
   function longestArithSeqLength(A):
       if A is empty:
           return 0
       
       n = length of A
       create a dictionary dp to store lengths of subsequences
       max_length = 0
       
       for i from 0 to n-1:
           for j from 0 to i-1:
               difference = A[i] - A[j]
               if (j, difference) in dp:
                   dp[(i, difference)] = dp[(j, difference)] + 1
               else:
                   dp[(i, difference)] = 2  # Starting a new sequence
               max_length = max(max_length, dp[(i, difference)])
       
       return max_length
   ```

4. **Output the final Python 3 solution with your solution steps in comments**:
```python
class Solution:
    def longestArithSeqLength(self, A: list[int]) -> int:
        # Check if the input list is empty
        if not A:
            return 0
        
        n = len(A)  # Get the length of the input list
        dp = {}  # Dictionary to store lengths of subsequences
        max_length = 0  # Variable to track the maximum length
        
        # Iterate through the list to fill the dp dictionary
        for i in range(n):
            for j in range(i):
                difference = A[i] - A[j]  # Calculate the difference
                # Check if there is an existing sequence with this difference
                if (j, difference) in dp:
                    dp[(i, difference)] = dp[(j, difference)] + 1  # Extend the sequence
                else:
                    dp[(i, difference)] = 2  # Start a new sequence with length 2
                
                # Update the maximum length found
                max_length = max(max_length, dp[(i, difference)])
        
        return max_length  # Return the maximum length of arithmetic subsequence
```
INFO - [Task id] 309 [prompt] 
[Environment Feedback]:
    Note: Inputs/outputs here are automatically extracted/truncated so formatting may be a bit off.
    Tests passed:

     Input: [[3, 6, 9, 12]] Output: 4

    Tests failed:
    None
[/Environment Feedback]

INFO - [Task id] 309 [prompt] 
## Instructions
Now, summarize your attempts as a **standalone** document for your own future reference. (can skip formalities, be concise)

- Only include the most relevant information and code snippets that could be useful in the future.
- If you did not learn much from the current experience (e.g. the problem was too easy), feel free to write less or nothing at all.
- Here are some ideas if the experience was useful:
    - Identifying the core concepts and patterns that problem appears to test for
    - Describing the strategies that seemed to work but did not, and vice versa
    - Describing unexpected errors and how they were fixed

Your summary should be at most a few paragraphs.

INFO - [Task id] 309 [generation text] In solving the problem of finding the length of the longest arithmetic subsequence in a list of integers, I utilized a dynamic programming approach. The key concept was to maintain a dictionary that tracks the lengths of arithmetic subsequences based on the differences between elements. This allowed for efficient updates and retrievals of subsequence lengths as I iterated through pairs of elements in the list.

The solution involved two nested loops: the outer loop iterated through each element, while the inner loop compared it with all previous elements to calculate the difference. If a subsequence with that difference already existed, I extended its length; otherwise, I initiated a new subsequence of length 2. The maximum length found during these iterations was stored and returned as the final result.

The implemented code was straightforward and passed the provided test cases successfully. Here’s the final code snippet for reference:

```python
class Solution:
    def longestArithSeqLength(self, A: list[int]) -> int:
        if not A:
            return 0
        
        n = len(A)
        dp = {}
        max_length = 0
        
        for i in range(n):
            for j in range(i):
                difference = A[i] - A[j]
                if (j, difference) in dp:
                    dp[(i, difference)] = dp[(j, difference)] + 1
                else:
                    dp[(i, difference)] = 2
                
                max_length = max(max_length, dp[(i, difference)])
        
        return max_length
```

This experience reinforced the importance of dynamic programming in solving problems involving subsequences and highlighted the utility of using dictionaries for efficient state management.
INFO - LM call n parse attempt 1 / 3

INFO - [Task id] 309 [prompt] 
You are an expert programmer tasked with solving the problem below.

Follow the user's instructions to solve the problem.
The user can ask for analysis, code, or both.

## Instructions
When asked to output code,
- Make sure to wrap your code in '```python' and '```' Markdown delimiters, 
- include exactly one block of code with the entire solution
- No outside libraries are allowed. 
- Builtins are allowed.
- If the task specifies a function name to be used, follow it strictly (be case sensitive!) and declare the that function last (helper functions are declared first).
- DO NOT write any assert statements / tests.

## Problem
[BEGIN PROBLEM]
Given an array A of integers, return the length of the longest arithmetic subsequence in A.
Recall that a subsequence of A is a list A[i_1], A[i_2], ..., A[i_k] with 0 <= i_1 < i_2 < ... < i_k <= A.length - 1, and that a sequence B is arithmetic if B[i+1] - B[i] are all the same value (for 0 <= i < B.length - 1).
 
Example 1:
Input: A = [3,6,9,12]
Output: 4
Explanation: 
The whole array is an arithmetic sequence with steps of length = 3.

Example 2:
Input: A = [9,4,7,2,10]
Output: 3
Explanation: 
The longest arithmetic subsequence is [4,7,10].

Example 3:
Input: A = [20,1,15,3,10,5,8]
Output: 4
Explanation: 
The longest arithmetic subsequence is [20,15,10,5].

 
Constraints:

2 <= A.length <= 1000
0 <= A[i] <= 500

The output code needs to use the provided function signature

The final python function should begin with: 
```python

class Solution:
    def longestArithSeqLength(self, A: List[int]) -> int:
        
```

[END PROBLEM]

INFO - [Task id] 309 [prompt] 
## Instructions

Reason through the problem and:
1. Restate the problem in plain English
2. Conceptualize a solution first in plain English
3. Write a pseudocode solution
4. Output the final Python 3 solution with your solution steps in comments.

Make sure to wrap your code in '```python' and '```' Markdown delimiters, 
and include exactly one block of code with the entire solution.

No outside libraries are allowed.
Builtins are allowed.

INFO - [Task id] 309 [prompt] 1. **Restate the problem in plain English**: 
   We need to find the length of the longest subsequence in a given list of integers where the subsequence forms an arithmetic sequence. An arithmetic sequence is defined as a sequence where the difference between consecutive elements is constant.

2. **Conceptualize a solution first in plain English**: 
   We can use a dynamic programming approach to solve this problem. We will maintain a dictionary to store the lengths of arithmetic subsequences for each possible difference between elements. For each pair of elements in the list, we will calculate the difference and update the length of the arithmetic subsequence that ends with the current element. The final answer will be the maximum length found in our dictionary.

3. **Write a pseudocode solution**:
   ```
   function longestArithSeqLength(A):
       if A is empty:
           return 0
       
       n = length of A
       create a dictionary dp to store lengths of subsequences
       max_length = 0
       
       for i from 0 to n-1:
           for j from 0 to i-1:
               difference = A[i] - A[j]
               if (j, difference) in dp:
                   dp[(i, difference)] = dp[(j, difference)] + 1
               else:
                   dp[(i, difference)] = 2  # Starting a new sequence
               max_length = max(max_length, dp[(i, difference)])
       
       return max_length
   ```

4. **Output the final Python 3 solution with your solution steps in comments**:
```python
class Solution:
    def longestArithSeqLength(self, A: list[int]) -> int:
        # Check if the input list is empty
        if not A:
            return 0
        
        n = len(A)  # Get the length of the input list
        dp = {}  # Dictionary to store lengths of subsequences
        max_length = 0  # Variable to track the maximum length
        
        # Iterate through the list to fill the dp dictionary
        for i in range(n):
            for j in range(i):
                difference = A[i] - A[j]  # Calculate the difference
                # Check if there is an existing sequence with this difference
                if (j, difference) in dp:
                    dp[(i, difference)] = dp[(j, difference)] + 1  # Extend the sequence
                else:
                    dp[(i, difference)] = 2  # Start a new sequence with length 2
                
                # Update the maximum length found
                max_length = max(max_length, dp[(i, difference)])
        
        return max_length  # Return the maximum length of arithmetic subsequence
```
INFO - [Task id] 309 [prompt] 
[Environment Feedback]:
    Note: Inputs/outputs here are automatically extracted/truncated so formatting may be a bit off.
    Tests passed:

     Input: [[3, 6, 9, 12]] Output: 4

    Tests failed:
    None
[/Environment Feedback]

INFO - [Task id] 309 [prompt] 
Below is the official solution (do exercise discretion as official solutions can also have mistakes).

You will be reflecting on your attempts to solve the problem.
This will be a **standalone** document for your own future reference. (can skip formalities, be concise)

## Instructions
- Only include the most relevant insights and code snippets that could be useful in the future.
- If you did not learn much from the current experience (e.g. the problem was too easy / official solution was obvious), feel free to write less or nothing at all.
- Here are some ideas if the experience was useful:
    - If the official solution is insightful (e.g. better than yours in time and space complexity or more effective in breaking down the problem statement), distil the key approach of the official solution, step by step.
    - If your approach failed the test cases, reason why the official solution works but yours does not

Your reflection should be at most a few paragraphs.

## Official solution
from collections import Counter
class Solution:
    def longestArithSeqLength(self, A: List[int]) -> int:
        c = dict(Counter(A).most_common())
        # print(c)
        m1 = max(c.values())
        # A = list(set(A))
        # A.sort()
        index = {}
        # for i in range(len(A)):
            # index[A[i]]=i
        dp = [[2] * len(A) for i in A]
        m = 2
        for i in range(len(A)):
            # print(\"I=\", i)
            # index[A[i+1]]=(i+1)
            for j in range(i+1, len(A)):
                # index[A[j]]=(j)
                a = A[i]
                
                c = A[j]
                b = 2 * a - c
                # print(b,a,c)
                if b in index :
                    # print(\"B {} in index \".format(b))
                    # print(b,a,c,i,j)
                    dp[i][j] = dp[index[b]][i] + 1
            index[A[i]]=i
            m = max(m, max(dp[i]))
        # # print(A)
        # for i,d in enumerate(dp):
        #     print(A[i],d)
        return max(m,m1)

INFO - [Task id] 309 [generation text] The official solution employs a different approach that leverages a dynamic programming table (`dp`) to track the lengths of arithmetic subsequences. Here are the key insights and steps from the official solution:

1. **Frequency Count**: The solution starts by counting the occurrences of each number in the input list using `Counter`. This helps in quickly identifying the most common elements, which can be useful for determining the maximum length of any arithmetic subsequence.

2. **Dynamic Programming Table**: A 2D list `dp` is initialized to store the lengths of arithmetic subsequences. Each entry `dp[i][j]` represents the length of the arithmetic subsequence that ends with the elements at indices `i` and `j`.

3. **Index Mapping**: An `index` dictionary is used to map each number to its most recent index in the list. This allows for quick lookups when checking if a required previous number (to form an arithmetic sequence) exists.

4. **Nested Loops**: The solution uses nested loops to iterate through pairs of indices `(i, j)`, where `i < j`. For each pair, it calculates the required previous number `b` that would complete the arithmetic sequence. If `b` exists in the `index` dictionary, it updates the `dp` table accordingly.

5. **Max Length Calculation**: Throughout the iterations, the maximum length of any arithmetic subsequence is tracked and updated.

6. **Final Result**: The final result is the maximum value found in the `dp` table or the maximum frequency of any number, ensuring that the solution accounts for cases where the longest subsequence might consist of repeated elements.

The official solution is efficient in both time and space complexity, as it avoids unnecessary calculations and uses a structured approach to build the solution incrementally. My initial approach, while correct, could be improved by incorporating a similar index mapping and focusing on the arithmetic properties more directly, as seen in the official solution.
INFO - Updated entry: In solving the problem of finding the length of the longest arithmetic subsequence in a list of integers, I utilized a dynamic programming approach. The key concept was to maintain a dictionary that tracks the lengths of arithmetic subsequences based on the differences between elements. This allo...,

INFO - Metadata: {
    "task_id": 309
}

INFO - Updated entry: The official solution employs a different approach that leverages a dynamic programming table (`dp`) to track the lengths of arithmetic subsequences. Here are the key insights and steps from the official solution:

1. **Frequency Count**: The solution starts by counting the occurrences of each nu...,

INFO - Metadata: {
    "task_id": 309
}

INFO - LM call n parse attempt 1 / 3

INFO - [Task id] 309 [prompt] 
You are a helpful assistant that writes a description of the given function written in the Python programming language.

1) Do not mention the function name.
2) Do not mention anything about helper functions.
3) There might be some helper functions before the main function, but you only need to describe the main function.
4) Try to summarize the function in no more than 6 sentences.
5) Your response should be a single line of text.

INFO - [Task id] 309 [prompt] 
class Solution:
    def longestArithSeqLength(self, A: list[int]) -> int:
        # Check if the input list is empty
        if not A:
            return 0
        
        n = len(A)  # Get the length of the input list
        dp = {}  # Dictionary to store lengths of subsequences
        max_length = 0  # Variable to track the maximum length
        
        # Iterate through the list to fill the dp dictionary
        for i in range(n):
            for j in range(i):
                difference = A[i] - A[j]  # Calculate the difference
                # Check if there is an existing sequence with this difference
                if (j, difference) in dp:
                    dp[(i, difference)] = dp[(j, difference)] + 1  # Extend the sequence
                else:
                    dp[(i, difference)] = 2  # Start a new sequence with length 2
                
                # Update the maximum length found
                max_length = max(max_length, dp[(i, difference)])
        
        return max_length  # Return the maximum length of arithmetic subsequence

INFO - [Task id] 309 [generation text] This function calculates the length of the longest arithmetic subsequence in a given list of integers. It uses a dynamic programming approach, storing the lengths of subsequences in a dictionary based on their differences. By iterating through the list, it checks for existing subsequences that can be extended or starts new ones when necessary. The maximum length of any arithmetic subsequence found during the iterations is tracked and updated. Finally, it returns the maximum length as the result. If the input list is empty, it returns 0.
INFO - LM call n parse attempt 1 / 3

INFO - [Task id] 309 [prompt] 
You are a helpful assistant that extracts important information from problems and solutions to aid in searchability and education.

## Instructions
- Read through the problem and solution carefully.
- Reason out, step by step, in what scenarios this knowledge would be useful.
- Focus on general patterns and situations to help connect this knowledge to new situations.
- Then, include a list of keywords that are useful for searching this problem/solution pair.

## Response format
Respond in JSON, and follow the keys and expected format of the values strictly.

The output should be formatted as a JSON instance that conforms to the JSON schema below.

As an example, for the schema {"properties": {"foo": {"title": "Foo", "description": "a list of strings", "type": "array", "items": {"type": "string"}}}, "required": ["foo"]}
the object {"foo": ["bar", "baz"]} is a well-formatted instance of the schema. The object {"properties": {"foo": ["bar", "baz"]}} is not well-formatted.

Here is the output schema:
```
{"properties": {"scenarios": {"description": "In what scenarios will this knowledge be useful? Answer in a paragraph.", "title": "Scenarios", "type": "string"}, "keywords": {"description": "List of keywords that are useful for searching this problem/solution pair", "items": {"type": "string"}, "title": "Keywords", "type": "array"}}, "required": ["scenarios", "keywords"]}
```

INFO - [Task id] 309 [prompt] 
[Problem]
    Given an array A of integers, return the length of the longest arithmetic subsequence in A.
    Recall that a subsequence of A is a list A[i_1], A[i_2], ..., A[i_k] with 0 <= i_1 < i_2 < ... < i_k <= A.length - 1, and that a sequence B is arithmetic if B[i+1] - B[i] are all the same value (for 0 <= i < B.length - 1).
 
    Example 1:
    Input: A = [3,6,9,12]
    Output: 4
    Explanation: 
    The whole array is an arithmetic sequence with steps of length = 3.

    Example 2:
    Input: A = [9,4,7,2,10]
    Output: 3
    Explanation: 
    The longest arithmetic subsequence is [4,7,10].

    Example 3:
    Input: A = [20,1,15,3,10,5,8]
    Output: 4
    Explanation: 
    The longest arithmetic subsequence is [20,15,10,5].

 
    Constraints:

    2 <= A.length <= 1000
    0 <= A[i] <= 500
[/Problem]

[Solution]

    class Solution:
        def longestArithSeqLength(self, A: list[int]) -> int:
            # Check if the input list is empty
            if not A:
                return 0
        
            n = len(A)  # Get the length of the input list
            dp = {}  # Dictionary to store lengths of subsequences
            max_length = 0  # Variable to track the maximum length
        
            # Iterate through the list to fill the dp dictionary
            for i in range(n):
                for j in range(i):
                    difference = A[i] - A[j]  # Calculate the difference
                    # Check if there is an existing sequence with this difference
                    if (j, difference) in dp:
                        dp[(i, difference)] = dp[(j, difference)] + 1  # Extend the sequence
                    else:
                        dp[(i, difference)] = 2  # Start a new sequence with length 2
                
                    # Update the maximum length found
                    max_length = max(max_length, dp[(i, difference)])
        
            return max_length  # Return the maximum length of arithmetic subsequence

[/Solution]

INFO - [Task id] 309 [generation text] 
INFO - {
    "scenarios": "This knowledge is useful in scenarios where one needs to analyze sequences of numbers to find patterns, particularly in fields like data analysis, computer science, and mathematics. It can be applied in algorithm design, especially in dynamic programming problems, where identifying subsequences is crucial. This can also be relevant in financial analysis for identifying trends in stock prices or other time series data, where understanding the longest consistent change (arithmetic sequence) can provide insights into market behavior.",
    "keywords": [
        "arithmetic subsequence",
        "longest arithmetic subsequence",
        "dynamic programming",
        "subsequence problem",
        "algorithm",
        "data analysis",
        "sequence analysis",
        "mathematics",
        "computer science"
    ]
}
INFO - {
    "scenarios": "This knowledge is useful in scenarios where one needs to analyze sequences of numbers to find patterns, particularly in fields like data analysis, computer science, and mathematics. It can be applied in algorithm design, especially in dynamic programming problems, where identifying subsequences is crucial. This can also be relevant in financial analysis for identifying trends in stock prices or other time series data, where understanding the longest consistent change (arithmetic sequence) can provide insights into market behavior.",
    "keywords": [
        "arithmetic subsequence",
        "longest arithmetic subsequence",
        "dynamic programming",
        "subsequence problem",
        "algorithm",
        "data analysis",
        "sequence analysis",
        "mathematics",
        "computer science"
    ]
}
INFO - Updated entry: 
[description]
This function calculates the length of the longest arithmetic subsequence in a given list of integers. It uses a dynamic programming approach, storing the lengths of subsequences in a dictionary based on their differences. By iterating through the list, it checks for existing subse...,

INFO - Metadata: {
    "task": 309,
    "code": "\nclass Solution:\n    def longestArithSeqLength(self, A: list[int]) -> int:\n        # Check if the input list is empty\n        if not A:\n            return 0\n        \n        n = len(A)  # Get the length of the input list\n        dp = {}  # Dictionary to sto...

