INFO - DB skill doc count: 0

INFO - DB non_func doc count: 35

INFO - DB semantic doc count: 429

INFO - DB summaries doc count: 47

INFO - DB reflections doc count: 47

INFO - DB episodic doc count: 92

INFO - [train iter]: 47/100 

INFO - The task prompt is Congratulations !!! You have successfully completed the heist by looting all the gifts in Santa's locker. Now it's time to decide who gets to take all the gifts, you or the Grinch, there will be no splitting. So you and Grinch decide to play a game.
To start the game, an Integer N will be given. ...

INFO - Attempting task_id 684
INFO - LM call n parse attempt 1 / 3

INFO - [Task id] 684 [prompt] 
You are an expert programmer tasked with solving the problem below.

Follow the user's instructions to solve the problem.
The user can ask for analysis, code, or both.

## Instructions
When asked to output code,
- Make sure to wrap your code in '```python' and '```' Markdown delimiters, 
- include exactly one block of code with the entire solution
- No outside libraries are allowed. 
- Builtins are allowed.
- If the task specifies a function name to be used, follow it strictly (be case sensitive!) and declare the that function last (helper functions are declared first).
- DO NOT write any assert statements / tests.

## Problem
[BEGIN PROBLEM]
Congratulations !!! You have successfully completed the heist by looting all the gifts in Santa's locker. Now it's time to decide who gets to take all the gifts, you or the Grinch, there will be no splitting. So you and Grinch decide to play a game.
To start the game, an Integer N will be given. The game is played in turns and for each turn, the player can make any one of the following moves:
- Divide N by any of it's odd divisors greater than 1.
- Subtract 1 from N if N is greater than 1.
Divisor of a number includes the number itself.
The player who is unable to make a move loses the game.
Since you are the mastermind of the heist, you get to play the first move.

-----Input-----
The first line contains a single integer T (1 ≤ T ≤ 100) — the number of test cases. The description of the test cases follows.
The only line of each test case contains a single integer — N (1 ≤ N ≤ 109).

-----Output-----
For each test case, print " Me" if you win, and " Grinch" if otherwise (without quotes).

-----Sample Input-----
7
1
2
3
4
5
6
12

-----Sample Output-----
Grinch
Me
Me
Grinch
Me
Grinch
Me

The output code needs to read from and write to standard IO


[END PROBLEM]

INFO - [Task id] 684 [prompt] 
## Instructions

Reason through the problem and:
1. Restate the problem in plain English
2. Conceptualize a solution first in plain English
3. Write a pseudocode solution
4. Output the final Python 3 solution with your solution steps in comments.

Make sure to wrap your code in '```python' and '```' Markdown delimiters, 
and include exactly one block of code with the entire solution.

No outside libraries are allowed.
Builtins are allowed.

INFO - [Task id] 684 [generation text] 1. **Restate the problem in plain English:**
   We have a game where two players (you and the Grinch) take turns manipulating a number N. On your turn, you can either subtract 1 from N (if N is greater than 1) or divide N by any of its odd divisors greater than 1. The player who cannot make a move loses the game. You always go first, and we need to determine the winner for multiple test cases based on the initial value of N.

2. **Conceptualize a solution first in plain English:**
   To determine the winner, we can analyze the game states based on the value of N. If N is 1, the player cannot make a move and loses. If N is even, the player can only subtract 1 to make it odd, which gives the next player a chance to play with an odd number. If N is odd, the player can divide it by its odd divisors or subtract 1. The key is to identify winning and losing positions based on whether N is odd or even and the possible moves available.

3. **Write a pseudocode solution:**
   - Read the number of test cases T.
   - For each test case, read the integer N.
   - If N is 1, print "Grinch" (you lose).
   - If N is even, print "Me" (you win).
   - If N is odd, print "Me" (you win).
   - The logic is based on the observation that if N is even, you can always make it odd for the next player, and if N is odd, you can make a move that keeps you in a winning position.

4. **Output the final Python 3 solution with your solution steps in comments:**

```python
def determine_winner(N):
    # If N is 1, the first player (you) cannot make a move and loses
    if N == 1:
        return "Grinch"
    # If N is even, the first player can always win
    elif N % 2 == 0:
        return "Me"
    # If N is odd, the first player can also win
    else:
        return "Me"

def main():
    T = int(input())  # Read the number of test cases
    results = []
    for _ in range(T):
        N = int(input())  # Read the value of N for each test case
        result = determine_winner(N)  # Determine the winner
        results.append(result)  # Store the result
    # Print all results for each test case
    for result in results:
        print(result)

# Call the main function to execute the program
main()
```
INFO - [35m Rollout attempt 1/4[0m
INFO - [33m Retrieving 1 entries for db: episodic 
 [0m
INFO - Retrieved (score=0.3755):

[Task]:
    The chef is trying to solve some series problems, Chef wants your help to code it. Chef has one number N. Help the chef to find N'th number in the series.
    0, 1, 5, 14, 30, 55 …..

    -----Input:-----
    - First-line will contain $T$, the number of test cases. Then the test case...


INFO - [33m Retrieving 1 entries for db: semantic 
 [0m
INFO - Retrieved (score=0.4314):
Title: Games on arbitrary graphs
Part: 2/2
```

## Example: "Policeman and thief"

Here is a concrete example of such a game.

There is $m \times n$ board.
Some of the cells cannot be entered.
The initial coordinates of the police officer and of the thief are known.
One of the cells is the exit.
...


INFO - [33m Retrieving 1 entries for db: reflections 
 [0m
INFO - Retrieved (score=0.4162):
The official solution provides a more efficient approach to solving the problem of reducing a positive integer `n` to `1` using the allowed operations. While my initial recursive solution was conceptually sound, it had potential inefficiencies due to the nature of recursion, which could lead to r...


INFO - [33m Retrieving 1 entries for db: summaries 
 [0m
INFO - Retrieved (score=0.3365):
In this task, the goal was to find the N'th number in a specific series defined as 0, 1, 5, 14, 30, 55, etc. Initially, I misidentified the formula for generating the series, which led to incorrect outputs. The series is generated by the sum of the first (N-1) perfect squares, which can be calcul...


INFO - [33m Retrieving 1 entries for db: non_func 
 [0m
INFO - Retrieved (score=0.4495):

[description for function: main]
This function reads the number of test cases and for each test case, it takes two integers, N and X, as input. It uses a predefined modulo value of 1000003 to compute the result based on the values of N and X. For each test case, it calls another function to dete...


INFO - Retrieved (score=0.3365): 
[Summary]:
    In this task, the goal was to find the N'th number in a specific series defined as 0, 1, 5, 14, 30, 55, etc. Initially, I misidentified the formula for generating the series, which led to incorrect outputs. The series is generated by the sum of the first (N-1) perfect squares, whi...
INFO - LM call n parse attempt 1 / 3

INFO - [Task id] 684 [prompt] 
You are an expert programmer tasked with solving the problem below.

Follow the user's instructions to solve the problem.
The user can ask for analysis, code, or both.

## Instructions
When asked to output code,
- Make sure to wrap your code in '```python' and '```' Markdown delimiters, 
- include exactly one block of code with the entire solution
- No outside libraries are allowed. 
- Builtins are allowed.
- If the task specifies a function name to be used, follow it strictly (be case sensitive!) and declare the that function last (helper functions are declared first).
- DO NOT write any assert statements / tests.

## Problem
[BEGIN PROBLEM]
Congratulations !!! You have successfully completed the heist by looting all the gifts in Santa's locker. Now it's time to decide who gets to take all the gifts, you or the Grinch, there will be no splitting. So you and Grinch decide to play a game.
To start the game, an Integer N will be given. The game is played in turns and for each turn, the player can make any one of the following moves:
- Divide N by any of it's odd divisors greater than 1.
- Subtract 1 from N if N is greater than 1.
Divisor of a number includes the number itself.
The player who is unable to make a move loses the game.
Since you are the mastermind of the heist, you get to play the first move.

-----Input-----
The first line contains a single integer T (1 ≤ T ≤ 100) — the number of test cases. The description of the test cases follows.
The only line of each test case contains a single integer — N (1 ≤ N ≤ 109).

-----Output-----
For each test case, print " Me" if you win, and " Grinch" if otherwise (without quotes).

-----Sample Input-----
7
1
2
3
4
5
6
12

-----Sample Output-----
Grinch
Me
Me
Grinch
Me
Grinch
Me

The output code needs to read from and write to standard IO


[END PROBLEM]

INFO - [Task id] 684 [prompt] 
## Instructions

Reason through the problem and:
1. Restate the problem in plain English
2. Conceptualize a solution first in plain English
3. Write a pseudocode solution
4. Output the final Python 3 solution with your solution steps in comments.

Make sure to wrap your code in '```python' and '```' Markdown delimiters, 
and include exactly one block of code with the entire solution.

No outside libraries are allowed.
Builtins are allowed.

INFO - [Task id] 684 [prompt] 
Also, here are some of your memories.
Feel free to use the given information to aid your problem solving process if necessary.
Do not confuse the memories with the problem statement.

## Memories

[Summary]:
    In this task, the goal was to find the N'th number in a specific series defined as 0, 1, 5, 14, 30, 55, etc. Initially, I misidentified the formula for generating the series, which led to incorrect outputs. The series is generated by the sum of the first (N-1) perfect squares, which can be calculated using the formula:

    \[ T(N) = \frac{(N-1) \cdot N \cdot (2(N-1) + 1)}{6} \]

    This formula derives from the known formula for the sum of the first k squares.

    The initial approach incorrectly used a different formula, resulting in outputs that did not match the expected results. After analyzing the series and identifying the correct pattern, I revised the code to implement the correct formula, which successfully passed all test cases.

    The final working code is as follows:

    ```python
    def find_nth_number(N):
        if N == 1:
            return 0
        else:
            return ((N - 1) * N * (2 * (N - 1) + 1)) // 6

    T = int(input())
    for _ in range(T):
        N = int(input())
        result = find_nth_number(N)
        print(result)
    ```

    This experience reinforced the importance of carefully analyzing patterns in sequences and ensuring the correct mathematical formulas are applied.
[/Summary]


INFO - [Task id] 684 [generation text] 1. **Restate the problem in plain English**:
   The problem involves a game played between two players: you and the Grinch. You start with a number \( N \). On your turn, you can either subtract 1 from \( N \) (if \( N \) is greater than 1) or divide \( N \) by any of its odd divisors greater than 1. The player who cannot make a move loses the game. The task is to determine who will win the game given \( N \) for multiple test cases.

2. **Conceptualize a solution first in plain English**:
   To determine the winner, we can analyze the game using a strategy based on the properties of the number \( N \). If \( N \) is 1, the Grinch wins because you cannot make a move. For other values of \( N \), we can use a recursive approach to simulate the game. We can keep track of whether the current player can force a win based on the possible moves. If there exists a move that leads to a position where the opponent loses, then the current player can win.

3. **Write a pseudocode solution**:
   ```
   function can_win(N):
       if N == 1:
           return False  // Grinch wins
       if N is even:
           return not can_win(N - 1)  // If I subtract 1, Grinch's turn
       for each odd divisor d of N greater than 1:
           if not can_win(N // d):
               return True  // I can force a win
       return False  // No winning move found

   read T
   for each test case:
       read N
       if can_win(N):
           print "Me"
       else:
           print "Grinch"
   ```

4. **Output the final Python 3 solution with your solution steps in comments**:
```python
def can_win(N):
    # Base case: if N is 1, the current player loses
    if N == 1:
        return False  # Grinch wins
    # If N is even, the player can only subtract 1
    if N % 2 == 0:
        return not can_win(N - 1)  # If I subtract 1, it's Grinch's turn
    # Check all odd divisors greater than 1
    for d in range(3, int(N**0.5) + 1, 2):
        if N % d == 0:
            if not can_win(N // d):
                return True  # I can force a win
            # Check the corresponding divisor N // d
            if d != N // d and not can_win(d):
                return True  # I can force a win
    return False  # No winning move found

# Read number of test cases
T = int(input())
for _ in range(T):
    N = int(input())
    # Determine the winner based on the value of N
    if can_win(N):
        print("Me")
    else:
        print("Grinch")
```
INFO - program_code:
 
def can_win(N):
    # Base case: if N is 1, the current player loses
    if N == 1:
        return False  # Grinch wins
    # If N is even, the player can only subtract 1
    if N % 2 == 0:
        return not can_win(N - 1)  # If I subtract 1, it's Grinch's turn
    # Check all odd divisors greater than 1
    for d in range(3, int(N**0.5) + 1, 2):
        if N % d == 0:
            if not can_win(N // d):
                return True  # I can force a win
            # Check the corresponding divisor N // d
            if d != N // d and not can_win(d):
                return True  # I can force a win
    return False  # No winning move found

# Read number of test cases
T = int(input())
for _ in range(T):
    N = int(input())
    # Determine the winner based on the value of N
    if can_win(N):
        print("Me")
    else:
        print("Grinch")


INFO - program_name:
 can_win

INFO - dependencies:
 []

INFO - raw_msg:
 1. **Restate the problem in plain English**:
   The problem involves a game played between two players: you and the Grinch. You start with a number \( N \). On your turn, you can either subtract 1 from \( N \) (if \( N \) is greater than 1) or divide \( N \) by any of its odd divisors greater than 1. The player who cannot make a move loses the game. The task is to determine who will win the game given \( N \) for multiple test cases.

2. **Conceptualize a solution first in plain English**:
   To determine the winner, we can analyze the game using a strategy based on the properties of the number \( N \). If \( N \) is 1, the Grinch wins because you cannot make a move. For other values of \( N \), we can use a recursive approach to simulate the game. We can keep track of whether the current player can force a win based on the possible moves. If there exists a move that leads to a position where the opponent loses, then the current player can win.

3. **Write a pseudocode solution**:
   ```
   function can_win(N):
       if N == 1:
           return False  // Grinch wins
       if N is even:
           return not can_win(N - 1)  // If I subtract 1, Grinch's turn
       for each odd divisor d of N greater than 1:
           if not can_win(N // d):
               return True  // I can force a win
       return False  // No winning move found

   read T
   for each test case:
       read N
       if can_win(N):
           print "Me"
       else:
           print "Grinch"
   ```

4. **Output the final Python 3 solution with your solution steps in comments**:
```python
def can_win(N):
    # Base case: if N is 1, the current player loses
    if N == 1:
        return False  # Grinch wins
    # If N is even, the player can only subtract 1
    if N % 2 == 0:
        return not can_win(N - 1)  # If I subtract 1, it's Grinch's turn
    # Check all odd divisors greater than 1
    for d in range(3, int(N**0.5) + 1, 2):
        if N % d == 0:
            if not can_win(N // d):
                return True  # I can force a win
            # Check the corresponding divisor N // d
            if d != N // d and not can_win(d):
                return True  # I can force a win
    return False  # No winning move found

# Read number of test cases
T = int(input())
for _ in range(T):
    N = int(input())
    # Determine the winner based on the value of N
    if can_win(N):
        print("Me")
    else:
        print("Grinch")
```

INFO - no_parent:
 False

INFO - full code to be executed: 
 
def can_win(N):
    # Base case: if N is 1, the current player loses
    if N == 1:
        return False  # Grinch wins
    # If N is even, the player can only subtract 1
    if N % 2 == 0:
        return not can_win(N - 1)  # If I subtract 1, it's Grinch's turn
    # Check all odd divisors greater than 1
    for d in range(3, int(N**0.5) + 1, 2):
        if N % d == 0:
            if not can_win(N // d):
                return True  # I can force a win
            # Check the corresponding divisor N // d
            if d != N // d and not can_win(d):
                return True  # I can force a win
    return False  # No winning move found

# Read number of test cases
T = int(input())
for _ in range(T):
    N = int(input())
    # Determine the winner based on the value of N
    if can_win(N):
        print("Me")
    else:
        print("Grinch")


INFO - obs: Note: Inputs/outputs here are automatically extracted/truncated so formatting may be a bit off.
Tests passed:

 Input: ['7', '1', '2', '3', '4', '5', '6', '12'] Output: [{'Grinch'}, {'Me'}, {'Me'}, {'Grinch'}, {'Me'}, {'Grinch'}, {'Me'}]

Tests failed:
None
reward: True
done: None
info: {'individual_results': [True]}
INFO - Updated entry: 
[Task]:
    Congratulations !!! You have successfully completed the heist by looting all the gifts in Santa's locker. Now it's time to decide who gets to take all the gifts, you or the Grinch, there will be no splitting. So you and Grinch decide to play a game.
    To start the game, an Integer ...,

INFO - Metadata: {
    "raw_msg": "1. **Restate the problem in plain English**:\n   The problem involves a game played between two players: you and the Grinch. You start with a number \\( N \\). On your turn, you can either subtract 1 from \\( N \\) (if \\( N \\) is greater than 1) or divide \\( N \\) by any of i...

INFO - LM call n parse attempt 1 / 3

INFO - [Task id] 684 [prompt] 
You are an expert programmer tasked with solving the problem below.

Follow the user's instructions to solve the problem.
The user can ask for analysis, code, or both.

## Instructions
When asked to output code,
- Make sure to wrap your code in '```python' and '```' Markdown delimiters, 
- include exactly one block of code with the entire solution
- No outside libraries are allowed. 
- Builtins are allowed.
- If the task specifies a function name to be used, follow it strictly (be case sensitive!) and declare the that function last (helper functions are declared first).
- DO NOT write any assert statements / tests.

## Problem
[BEGIN PROBLEM]
Congratulations !!! You have successfully completed the heist by looting all the gifts in Santa's locker. Now it's time to decide who gets to take all the gifts, you or the Grinch, there will be no splitting. So you and Grinch decide to play a game.
To start the game, an Integer N will be given. The game is played in turns and for each turn, the player can make any one of the following moves:
- Divide N by any of it's odd divisors greater than 1.
- Subtract 1 from N if N is greater than 1.
Divisor of a number includes the number itself.
The player who is unable to make a move loses the game.
Since you are the mastermind of the heist, you get to play the first move.

-----Input-----
The first line contains a single integer T (1 ≤ T ≤ 100) — the number of test cases. The description of the test cases follows.
The only line of each test case contains a single integer — N (1 ≤ N ≤ 109).

-----Output-----
For each test case, print " Me" if you win, and " Grinch" if otherwise (without quotes).

-----Sample Input-----
7
1
2
3
4
5
6
12

-----Sample Output-----
Grinch
Me
Me
Grinch
Me
Grinch
Me

The output code needs to read from and write to standard IO


[END PROBLEM]

INFO - [Task id] 684 [prompt] 
## Instructions

Reason through the problem and:
1. Restate the problem in plain English
2. Conceptualize a solution first in plain English
3. Write a pseudocode solution
4. Output the final Python 3 solution with your solution steps in comments.

Make sure to wrap your code in '```python' and '```' Markdown delimiters, 
and include exactly one block of code with the entire solution.

No outside libraries are allowed.
Builtins are allowed.

INFO - [Task id] 684 [prompt] 1. **Restate the problem in plain English**:
   The problem involves a game played between two players: you and the Grinch. You start with a number \( N \). On your turn, you can either subtract 1 from \( N \) (if \( N \) is greater than 1) or divide \( N \) by any of its odd divisors greater than 1. The player who cannot make a move loses the game. The task is to determine who will win the game given \( N \) for multiple test cases.

2. **Conceptualize a solution first in plain English**:
   To determine the winner, we can analyze the game using a strategy based on the properties of the number \( N \). If \( N \) is 1, the Grinch wins because you cannot make a move. For other values of \( N \), we can use a recursive approach to simulate the game. We can keep track of whether the current player can force a win based on the possible moves. If there exists a move that leads to a position where the opponent loses, then the current player can win.

3. **Write a pseudocode solution**:
   ```
   function can_win(N):
       if N == 1:
           return False  // Grinch wins
       if N is even:
           return not can_win(N - 1)  // If I subtract 1, Grinch's turn
       for each odd divisor d of N greater than 1:
           if not can_win(N // d):
               return True  // I can force a win
       return False  // No winning move found

   read T
   for each test case:
       read N
       if can_win(N):
           print "Me"
       else:
           print "Grinch"
   ```

4. **Output the final Python 3 solution with your solution steps in comments**:
```python
def can_win(N):
    # Base case: if N is 1, the current player loses
    if N == 1:
        return False  # Grinch wins
    # If N is even, the player can only subtract 1
    if N % 2 == 0:
        return not can_win(N - 1)  # If I subtract 1, it's Grinch's turn
    # Check all odd divisors greater than 1
    for d in range(3, int(N**0.5) + 1, 2):
        if N % d == 0:
            if not can_win(N // d):
                return True  # I can force a win
            # Check the corresponding divisor N // d
            if d != N // d and not can_win(d):
                return True  # I can force a win
    return False  # No winning move found

# Read number of test cases
T = int(input())
for _ in range(T):
    N = int(input())
    # Determine the winner based on the value of N
    if can_win(N):
        print("Me")
    else:
        print("Grinch")
```
INFO - [Task id] 684 [prompt] 
[Environment Feedback]:
    Note: Inputs/outputs here are automatically extracted/truncated so formatting may be a bit off.
    Tests passed:

     Input: ['7', '1', '2', '3', '4', '5', '6', '12'] Output: [{'Grinch'}, {'Me'}, {'Me'}, {'Grinch'}, {'Me'}, {'Grinch'}, {'Me'}]

    Tests failed:
    None
[/Environment Feedback]

INFO - [Task id] 684 [prompt] 
## Instructions
Now, summarize your attempts as a **standalone** document for your own future reference. (can skip formalities, be concise)

- Only include the most relevant information and code snippets that could be useful in the future.
- If you did not learn much from the current experience (e.g. the problem was too easy), feel free to write less or nothing at all.
- Here are some ideas if the experience was useful:
    - Identifying the core concepts and patterns that problem appears to test for
    - Describing the strategies that seemed to work but did not, and vice versa
    - Describing unexpected errors and how they were fixed

Your summary should be at most a few paragraphs.

INFO - [Task id] 684 [generation text] In this problem, I was tasked with determining the winner of a game played with a number \( N \). The game rules allowed players to either subtract 1 from \( N \) or divide \( N \) by any of its odd divisors greater than 1. The key insight was recognizing that the game's outcome could be determined recursively based on the current player's options.

The solution involved creating a recursive function `can_win(N)` that checks if the current player can force a win. The base case was straightforward: if \( N \) is 1, the current player loses. For even \( N \), the only move is to subtract 1, which leads to the opponent's turn. For odd \( N \), I checked all odd divisors to see if any move would lead to a position where the opponent would lose.

The implementation was successful, and all test cases passed. The recursive approach effectively captured the game's dynamics, allowing for a clear determination of the winner based on the value of \( N \). This experience reinforced the importance of analyzing game theory problems through recursive strategies and understanding the implications of each possible move. 

Here’s the final code snippet for reference:

```python
def can_win(N):
    if N == 1:
        return False
    if N % 2 == 0:
        return not can_win(N - 1)
    for d in range(3, int(N**0.5) + 1, 2):
        if N % d == 0:
            if not can_win(N // d):
                return True
            if d != N // d and not can_win(d):
                return True
    return False

T = int(input())
for _ in range(T):
    N = int(input())
    if can_win(N):
        print("Me")
    else:
        print("Grinch")
``` 

This summary encapsulates the core concepts and strategies used in solving the problem, which may be useful for similar future challenges.
INFO - LM call n parse attempt 1 / 3

INFO - [Task id] 684 [prompt] 
You are an expert programmer tasked with solving the problem below.

Follow the user's instructions to solve the problem.
The user can ask for analysis, code, or both.

## Instructions
When asked to output code,
- Make sure to wrap your code in '```python' and '```' Markdown delimiters, 
- include exactly one block of code with the entire solution
- No outside libraries are allowed. 
- Builtins are allowed.
- If the task specifies a function name to be used, follow it strictly (be case sensitive!) and declare the that function last (helper functions are declared first).
- DO NOT write any assert statements / tests.

## Problem
[BEGIN PROBLEM]
Congratulations !!! You have successfully completed the heist by looting all the gifts in Santa's locker. Now it's time to decide who gets to take all the gifts, you or the Grinch, there will be no splitting. So you and Grinch decide to play a game.
To start the game, an Integer N will be given. The game is played in turns and for each turn, the player can make any one of the following moves:
- Divide N by any of it's odd divisors greater than 1.
- Subtract 1 from N if N is greater than 1.
Divisor of a number includes the number itself.
The player who is unable to make a move loses the game.
Since you are the mastermind of the heist, you get to play the first move.

-----Input-----
The first line contains a single integer T (1 ≤ T ≤ 100) — the number of test cases. The description of the test cases follows.
The only line of each test case contains a single integer — N (1 ≤ N ≤ 109).

-----Output-----
For each test case, print " Me" if you win, and " Grinch" if otherwise (without quotes).

-----Sample Input-----
7
1
2
3
4
5
6
12

-----Sample Output-----
Grinch
Me
Me
Grinch
Me
Grinch
Me

The output code needs to read from and write to standard IO


[END PROBLEM]

INFO - [Task id] 684 [prompt] 
## Instructions

Reason through the problem and:
1. Restate the problem in plain English
2. Conceptualize a solution first in plain English
3. Write a pseudocode solution
4. Output the final Python 3 solution with your solution steps in comments.

Make sure to wrap your code in '```python' and '```' Markdown delimiters, 
and include exactly one block of code with the entire solution.

No outside libraries are allowed.
Builtins are allowed.

INFO - [Task id] 684 [prompt] 1. **Restate the problem in plain English**:
   The problem involves a game played between two players: you and the Grinch. You start with a number \( N \). On your turn, you can either subtract 1 from \( N \) (if \( N \) is greater than 1) or divide \( N \) by any of its odd divisors greater than 1. The player who cannot make a move loses the game. The task is to determine who will win the game given \( N \) for multiple test cases.

2. **Conceptualize a solution first in plain English**:
   To determine the winner, we can analyze the game using a strategy based on the properties of the number \( N \). If \( N \) is 1, the Grinch wins because you cannot make a move. For other values of \( N \), we can use a recursive approach to simulate the game. We can keep track of whether the current player can force a win based on the possible moves. If there exists a move that leads to a position where the opponent loses, then the current player can win.

3. **Write a pseudocode solution**:
   ```
   function can_win(N):
       if N == 1:
           return False  // Grinch wins
       if N is even:
           return not can_win(N - 1)  // If I subtract 1, Grinch's turn
       for each odd divisor d of N greater than 1:
           if not can_win(N // d):
               return True  // I can force a win
       return False  // No winning move found

   read T
   for each test case:
       read N
       if can_win(N):
           print "Me"
       else:
           print "Grinch"
   ```

4. **Output the final Python 3 solution with your solution steps in comments**:
```python
def can_win(N):
    # Base case: if N is 1, the current player loses
    if N == 1:
        return False  # Grinch wins
    # If N is even, the player can only subtract 1
    if N % 2 == 0:
        return not can_win(N - 1)  # If I subtract 1, it's Grinch's turn
    # Check all odd divisors greater than 1
    for d in range(3, int(N**0.5) + 1, 2):
        if N % d == 0:
            if not can_win(N // d):
                return True  # I can force a win
            # Check the corresponding divisor N // d
            if d != N // d and not can_win(d):
                return True  # I can force a win
    return False  # No winning move found

# Read number of test cases
T = int(input())
for _ in range(T):
    N = int(input())
    # Determine the winner based on the value of N
    if can_win(N):
        print("Me")
    else:
        print("Grinch")
```
INFO - [Task id] 684 [prompt] 
[Environment Feedback]:
    Note: Inputs/outputs here are automatically extracted/truncated so formatting may be a bit off.
    Tests passed:

     Input: ['7', '1', '2', '3', '4', '5', '6', '12'] Output: [{'Grinch'}, {'Me'}, {'Me'}, {'Grinch'}, {'Me'}, {'Grinch'}, {'Me'}]

    Tests failed:
    None
[/Environment Feedback]

INFO - [Task id] 684 [prompt] 
Below is the official solution (do exercise discretion as official solutions can also have mistakes).

You will be reflecting on your attempts to solve the problem.
This will be a **standalone** document for your own future reference. (can skip formalities, be concise)

## Instructions
- Only include the most relevant insights and code snippets that could be useful in the future.
- If you did not learn much from the current experience (e.g. the problem was too easy / official solution was obvious), feel free to write less or nothing at all.
- Here are some ideas if the experience was useful:
    - If the official solution is insightful (e.g. better than yours in time and space complexity or more effective in breaking down the problem statement), distil the key approach of the official solution, step by step.
    - If your approach failed the test cases, reason why the official solution works but yours does not

Your reflection should be at most a few paragraphs.

## Official solution
# cook your dish here
import math   
  
# Function to find the Largest  
# Odd Divisor Game to check 
# which player wins  
def findWinner(n, k):  
      
    cnt = 0;  
  
    # Check if n == 1 then  
    # player 2 will win  
    if (n == 1): 
        print("Grinch");  
  
    # Check if n == 2 or n is odd  
    elif ((n & 1) or n == 2): 
        print("Me");  
  
    else: 
        tmp = n;  
        val = 1;  
  
        # While n is greater than k and  
        # divisible by 2 keep  
        # incrementing tha val  
        while (tmp > k and tmp % 2 == 0):  
            tmp //= 2;  
            val *= 2;  
              
        # Loop to find greatest  
        # odd divisor  
        for i in range(3, int(math.sqrt(tmp)) + 1):  
            while (tmp % i == 0): 
                cnt += 1;  
                tmp //= i;  
          
        if (tmp > 1): 
            cnt += 1;  
  
        # Check if n is a power of 2  
        if (val == n): 
            print("Grinch");  
  
        elif (n / tmp == 2 and cnt == 1): 
            print("Grinch");  
  
        # Check if cnt is not one  
        # then player 1 wins  
        else: 
            print("Me");  
              
# Driver code  
def __starting_point():  
    for i in range(int(input())):
        n=int(input()) 
        findWinner(n, 1);  
__starting_point()

INFO - [Task id] 684 [generation text] The official solution provides a more efficient approach to determine the winner of the game based on the properties of the number \( N \). Here are the key insights and steps from the official solution:

1. **Base Cases**: The solution first checks simple base cases:
   - If \( N = 1 \), the Grinch wins immediately.
   - If \( N = 2 \) or \( N \) is odd, the player (you) wins.

2. **Handling Even Numbers**: For even numbers, the solution reduces \( N \) by continuously dividing by 2 until it becomes odd. This is crucial because the game mechanics allow for moves that involve dividing by odd divisors, and reducing \( N \) to its odd component simplifies the analysis.

3. **Finding Odd Divisors**: The solution then counts the number of odd divisors of the reduced \( N \) (after removing all factors of 2). This is done by iterating through potential odd divisors up to the square root of the number.

4. **Winning Conditions**:
   - If the original number \( N \) is a power of 2, the Grinch wins.
   - If the reduced number has specific properties (like being equal to 2 with only one odd divisor), the Grinch also wins.
   - In all other cases, the player wins.

5. **Efficiency**: The official solution is efficient because it avoids unnecessary recursive calls and directly computes the winning conditions based on the properties of \( N \). This results in a time complexity that is significantly better than a naive recursive approach.

In summary, the official solution leverages mathematical properties of numbers and game theory to efficiently determine the winner, while my initial approach relied on a recursive strategy that could be less efficient for larger values of \( N \). The insights gained emphasize the importance of understanding the underlying properties of the problem rather than just simulating the game.
INFO - Updated entry: In this problem, I was tasked with determining the winner of a game played with a number \( N \). The game rules allowed players to either subtract 1 from \( N \) or divide \( N \) by any of its odd divisors greater than 1. The key insight was recognizing that the game's outcome could be determin...,

INFO - Metadata: {
    "task_id": 684
}

INFO - Updated entry: The official solution provides a more efficient approach to determine the winner of the game based on the properties of the number \( N \). Here are the key insights and steps from the official solution:

1. **Base Cases**: The solution first checks simple base cases:
   - If \( N = 1 \), the Gri...,

INFO - Metadata: {
    "task_id": 684
}

INFO - LM call n parse attempt 1 / 3

INFO - [Task id] 684 [prompt] 
You are a helpful assistant that writes a description of the given function written in the Python programming language.

1) Do not mention the function name.
2) Do not mention anything about helper functions.
3) There might be some helper functions before the main function, but you only need to describe the main function.
4) Try to summarize the function in no more than 6 sentences.
5) Your response should be a single line of text.

INFO - [Task id] 684 [prompt] 
def can_win(N):
    # Base case: if N is 1, the current player loses
    if N == 1:
        return False  # Grinch wins
    # If N is even, the player can only subtract 1
    if N % 2 == 0:
        return not can_win(N - 1)  # If I subtract 1, it's Grinch's turn
    # Check all odd divisors greater than 1
    for d in range(3, int(N**0.5) + 1, 2):
        if N % d == 0:
            if not can_win(N // d):
                return True  # I can force a win
            # Check the corresponding divisor N // d
            if d != N // d and not can_win(d):
                return True  # I can force a win
    return False  # No winning move found

# Read number of test cases
T = int(input())
for _ in range(T):
    N = int(input())
    # Determine the winner based on the value of N
    if can_win(N):
        print("Me")
    else:
        print("Grinch")


The main function is `can_win`.
INFO - [Task id] 684 [generation text] This function determines whether the current player can win a game based on the integer value N. If N is 1, the player loses immediately. For even values of N, the player can only subtract 1, and the outcome depends on the opponent's response. For odd values, the function checks all odd divisors greater than 1 to see if any move can lead to a win. If a winning move is found, it returns True; otherwise, it returns False, indicating no winning strategy exists.
INFO - LM call n parse attempt 1 / 3

INFO - [Task id] 684 [prompt] 
You are a helpful assistant that extracts important information from problems and solutions to aid in searchability and education.

## Instructions
- Read through the problem and solution carefully.
- Reason out, step by step, in what scenarios this knowledge would be useful.
- Focus on general patterns and situations to help connect this knowledge to new situations.
- Then, include a list of keywords that are useful for searching this problem/solution pair.

## Response format
Respond in JSON, and follow the keys and expected format of the values strictly.

The output should be formatted as a JSON instance that conforms to the JSON schema below.

As an example, for the schema {"properties": {"foo": {"title": "Foo", "description": "a list of strings", "type": "array", "items": {"type": "string"}}}, "required": ["foo"]}
the object {"foo": ["bar", "baz"]} is a well-formatted instance of the schema. The object {"properties": {"foo": ["bar", "baz"]}} is not well-formatted.

Here is the output schema:
```
{"properties": {"scenarios": {"description": "In what scenarios will this knowledge be useful? Answer in a paragraph.", "title": "Scenarios", "type": "string"}, "keywords": {"description": "List of keywords that are useful for searching this problem/solution pair", "items": {"type": "string"}, "title": "Keywords", "type": "array"}}, "required": ["scenarios", "keywords"]}
```

INFO - [Task id] 684 [prompt] 
[Problem]
    Congratulations !!! You have successfully completed the heist by looting all the gifts in Santa's locker. Now it's time to decide who gets to take all the gifts, you or the Grinch, there will be no splitting. So you and Grinch decide to play a game.
    To start the game, an Integer N will be given. The game is played in turns and for each turn, the player can make any one of the following moves:
    - Divide N by any of it's odd divisors greater than 1.
    - Subtract 1 from N if N is greater than 1.
    Divisor of a number includes the number itself.
    The player who is unable to make a move loses the game.
    Since you are the mastermind of the heist, you get to play the first move.

    -----Input-----
    The first line contains a single integer T (1 ≤ T ≤ 100) — the number of test cases. The description of the test cases follows.
    The only line of each test case contains a single integer — N (1 ≤ N ≤ 109).

    -----Output-----
    For each test case, print " Me" if you win, and " Grinch" if otherwise (without quotes).

    -----Sample Input-----
    7
    1
    2
    3
    4
    5
    6
    12

    -----Sample Output-----
    Grinch
    Me
    Me
    Grinch
    Me
    Grinch
    Me
[/Problem]

[Solution]

    def can_win(N):
        # Base case: if N is 1, the current player loses
        if N == 1:
            return False  # Grinch wins
        # If N is even, the player can only subtract 1
        if N % 2 == 0:
            return not can_win(N - 1)  # If I subtract 1, it's Grinch's turn
        # Check all odd divisors greater than 1
        for d in range(3, int(N**0.5) + 1, 2):
            if N % d == 0:
                if not can_win(N // d):
                    return True  # I can force a win
                # Check the corresponding divisor N // d
                if d != N // d and not can_win(d):
                    return True  # I can force a win
        return False  # No winning move found

    # Read number of test cases
    T = int(input())
    for _ in range(T):
        N = int(input())
        # Determine the winner based on the value of N
        if can_win(N):
            print("Me")
        else:
            print("Grinch")

[/Solution]

INFO - [Task id] 684 [generation text] 
INFO - {
    "scenarios": "This knowledge is useful in scenarios involving game theory, particularly in combinatorial games where players take turns making moves based on specific rules. Understanding how to determine winning and losing positions can help in strategizing for similar games, whether they involve numbers, board games, or other competitive scenarios. It can also be applied in algorithm design for competitive programming, where determining the outcome of a game based on initial conditions is crucial.",
    "keywords": [
        "game theory",
        "combinatorial games",
        "winning strategy",
        "odd divisors",
        "number game",
        "competitive programming",
        "recursive function",
        "turn-based game",
        "algorithm design"
    ]
}
INFO - {
    "scenarios": "This knowledge is useful in scenarios involving game theory, particularly in combinatorial games where players take turns making moves based on specific rules. Understanding how to determine winning and losing positions can help in strategizing for similar games, whether they involve numbers, board games, or other competitive scenarios. It can also be applied in algorithm design for competitive programming, where determining the outcome of a game based on initial conditions is crucial.",
    "keywords": [
        "game theory",
        "combinatorial games",
        "winning strategy",
        "odd divisors",
        "number game",
        "competitive programming",
        "recursive function",
        "turn-based game",
        "algorithm design"
    ]
}
INFO - Updated entry: 
[description for function: can_win]
This function determines whether the current player can win a game based on the integer value N. If N is 1, the player loses immediately. For even values of N, the player can only subtract 1, and the outcome depends on the opponent's response. For odd values, ...,

INFO - Metadata: {
    "task": 684,
    "code": "\ndef can_win(N):\n    # Base case: if N is 1, the current player loses\n    if N == 1:\n        return False  # Grinch wins\n    # If N is even, the player can only subtract 1\n    if N % 2 == 0:\n        return not can_win(N - 1)  # If I subtract 1, it's Grinch's...

