INFO - DB skill doc count: 0

INFO - DB non_func doc count: 50

INFO - DB semantic doc count: 429

INFO - DB summaries doc count: 62

INFO - DB reflections doc count: 62

INFO - DB episodic doc count: 109

INFO - [train iter]: 62/100 

INFO - The task prompt is Gildong owns a bulgogi restaurant. The restaurant has a lot of customers, so many of them like to make a reservation before visiting it.

Gildong tries so hard to satisfy the customers that he even memorized all customers' preferred temperature ranges! Looking through the reservation list, he wan...

INFO - Attempting task_id 20
INFO - LM call n parse attempt 1 / 3

INFO - [Task id] 20 [prompt] 
You are an expert programmer tasked with solving the problem below.

Follow the user's instructions to solve the problem.
The user can ask for analysis, code, or both.

## Instructions
When asked to output code,
- Make sure to wrap your code in '```python' and '```' Markdown delimiters, 
- include exactly one block of code with the entire solution
- No outside libraries are allowed. 
- Builtins are allowed.
- If the task specifies a function name to be used, follow it strictly (be case sensitive!) and declare the that function last (helper functions are declared first).
- DO NOT write any assert statements / tests.

## Problem
[BEGIN PROBLEM]
Gildong owns a bulgogi restaurant. The restaurant has a lot of customers, so many of them like to make a reservation before visiting it.

Gildong tries so hard to satisfy the customers that he even memorized all customers' preferred temperature ranges! Looking through the reservation list, he wants to satisfy all customers by controlling the temperature of the restaurant.

The restaurant has an air conditioner that has 3 states: off, heating, and cooling. When it's off, the restaurant's temperature remains the same. When it's heating, the temperature increases by 1 in one minute. Lastly, when it's cooling, the temperature decreases by 1 in one minute. Gildong can change the state as many times as he wants, at any integer minutes. The air conditioner is off initially.

Each customer is characterized by three values: $t_i$ — the time (in minutes) when the $i$-th customer visits the restaurant, $l_i$ — the lower bound of their preferred temperature range, and $h_i$ — the upper bound of their preferred temperature range.

A customer is satisfied if the temperature is within the preferred range at the instant they visit the restaurant. Formally, the $i$-th customer is satisfied if and only if the temperature is between $l_i$ and $h_i$ (inclusive) in the $t_i$-th minute.

Given the initial temperature, the list of reserved customers' visit times and their preferred temperature ranges, you're going to help him find if it's possible to satisfy all customers.


-----Input-----

Each test contains one or more test cases. The first line contains the number of test cases $q$ ($1 \le q \le 500$). Description of the test cases follows.

The first line of each test case contains two integers $n$ and $m$ ($1 \le n \le 100$, $-10^9 \le m \le 10^9$), where $n$ is the number of reserved customers and $m$ is the initial temperature of the restaurant.

Next, $n$ lines follow. The $i$-th line of them contains three integers $t_i$, $l_i$, and $h_i$ ($1 \le t_i \le 10^9$, $-10^9 \le l_i \le h_i \le 10^9$), where $t_i$ is the time when the $i$-th customer visits, $l_i$ is the lower bound of their preferred temperature range, and $h_i$ is the upper bound of their preferred temperature range. The preferred temperature ranges are inclusive.

The customers are given in non-decreasing order of their visit time, and the current time is $0$.


-----Output-----

For each test case, print "YES" if it is possible to satisfy all customers. Otherwise, print "NO".

You can print each letter in any case (upper or lower).


-----Example-----
Input
4
3 0
5 1 2
7 3 5
10 -1 0
2 12
5 7 10
10 16 20
3 -100
100 0 0
100 -50 50
200 100 100
1 100
99 -100 0

Output
YES
NO
YES
NO



-----Note-----

In the first case, Gildong can control the air conditioner to satisfy all customers in the following way:  At $0$-th minute, change the state to heating (the temperature is 0).  At $2$-nd minute, change the state to off (the temperature is 2).  At $5$-th minute, change the state to heating (the temperature is 2, the $1$-st customer is satisfied).  At $6$-th minute, change the state to off (the temperature is 3).  At $7$-th minute, change the state to cooling (the temperature is 3, the $2$-nd customer is satisfied).  At $10$-th minute, the temperature will be 0, which satisfies the last customer. 

In the third case, Gildong can change the state to heating at $0$-th minute and leave it be. Then all customers will be satisfied. Note that the $1$-st customer's visit time equals the $2$-nd customer's visit time.

In the second and the fourth case, Gildong has to make at least one customer unsatisfied.

The output code needs to read from and write to standard IO


[END PROBLEM]

INFO - [Task id] 20 [prompt] 
## Instructions

Reason through the problem and:
1. Restate the problem in plain English
2. Conceptualize a solution first in plain English
3. Write a pseudocode solution
4. Output the final Python 3 solution with your solution steps in comments.

Make sure to wrap your code in '```python' and '```' Markdown delimiters, 
and include exactly one block of code with the entire solution.

No outside libraries are allowed.
Builtins are allowed.

INFO - [Task id] 20 [generation text] 1. **Restate the problem in plain English:**
   Gildong runs a bulgogi restaurant and wants to ensure that all customers are satisfied with the temperature when they arrive. Each customer has a specific time they will arrive and a preferred temperature range. The restaurant has an air conditioner that can either heat, cool, or maintain the current temperature. The goal is to determine if it's possible to adjust the temperature to meet the preferences of all customers based on their arrival times.

2. **Conceptualize a solution first in plain English:**
   We need to track the temperature range that can be achieved by the time each customer arrives. Starting from the initial temperature, we will calculate how much time has passed since the last customer and adjust the temperature range accordingly. For each customer, we will check if the current achievable temperature range overlaps with their preferred range. If it does, we will update the achievable range for the next customer based on the time until their arrival. If at any point the ranges do not overlap, we will conclude that it is impossible to satisfy all customers.

3. **Write a pseudocode solution:**
   ```
   function canSatisfyCustomers(test_cases):
       for each test_case in test_cases:
           read n, m
           current_time = 0
           min_temp = m
           max_temp = m
           
           for each customer in test_case:
               t_i, l_i, h_i = customer
               time_passed = t_i - current_time
               
               # Update the temperature range based on time passed
               min_temp -= time_passed
               max_temp += time_passed
               
               # Update the achievable range to be within the customer's range
               min_temp = max(min_temp, l_i)
               max_temp = min(max_temp, h_i)
               
               # If the ranges do not overlap, it's impossible
               if min_temp > max_temp:
                   print("NO")
                   break
               
               current_time = t_i
           else:
               print("YES")
   ```

4. **Output the final Python 3 solution with your solution steps in comments:**
```python
def canSatisfyCustomers(test_cases):
    for test_case in test_cases:
        # Read number of customers and initial temperature
        n, m = test_case[0]
        current_time = 0
        min_temp = m
        max_temp = m
        
        # Iterate through each customer
        for i in range(1, n + 1):
            t_i, l_i, h_i = test_case[i]
            time_passed = t_i - current_time
            
            # Update the temperature range based on time passed
            min_temp -= time_passed
            max_temp += time_passed
            
            # Update the achievable range to be within the customer's range
            min_temp = max(min_temp, l_i)
            max_temp = min(max_temp, h_i)
            
            # If the ranges do not overlap, it's impossible
            if min_temp > max_temp:
                print("NO")
                break
            
            current_time = t_i
        else:
            print("YES")

# Example usage:
# canSatisfyCustomers([
#     [(3, 0), (5, 1, 2), (7, 3, 5), (10, -1, 0)],
#     [(2, 12), (5, 7, 10), (10, 16, 20)],
#     [(3, -100), (100, 0, 0), (100, -50, 50), (200, 100, 100)],
#     [(1, 100), (99, -100, 0)]
# ])
```
INFO - [35m Rollout attempt 1/4[0m
INFO - [33m Retrieving 2 entries for db: episodic 
 [0m
INFO - Retrieved (score=0.4203):

[Task]:
    Yesterday, Chef found $K$ empty boxes in the cooler and decided to fill them with apples. He ordered $N$ apples, where $N$ is a multiple of $K$. Now, he just needs to hire someone who will distribute the apples into the boxes with professional passion. 
    Only two candidates passed...


INFO - Retrieved (score=0.4213):

[Task]:
    The MarkiT online virtual market startup wants to organize its grand opening in NIT Patna.
    but they want maximum crowd for their inauguration. So the manager told  this  to Praveen a student in NITP who suggested them:
    The first-year students come to campus  every x hour,
   ...


INFO - [33m Retrieving 2 entries for db: semantic 
 [0m
INFO - Retrieved (score=0.4996):
Chapter: Greedy algorithms
Section: Scheduling
Part: 1/1
\section{Scheduling}

Many scheduling problems can be solved
using greedy algorithms.
A classic problem is as follows:
Given $n$ events with their starting and ending
times, find a schedule
that includes as many events as possible.
It is no...


INFO - Retrieved (score=0.5046):
Title: Continued fractions
Part: 4/12
```

!!! example "[GCJ 2019, Round 2 - New Elements: Part 2](https://codingcompetitions.withgoogle.com/codejam/round/0000000000051679/0000000000146184)"
    You're given $N$ positive integer pairs $(C_i, J_i)$. You need to find a positive integer pair $(x, y)...


INFO - [33m Retrieving 2 entries for db: reflections 
 [0m
INFO - Retrieved (score=0.4632):
In reflecting on my attempts to solve the problem of distributing rubber ducks into boxes, I learned several key insights that can be useful for future problem-solving:

1. **Understanding Constraints and Requirements:**
   The problem required careful attention to constraints, specifically that ...


INFO - Retrieved (score=0.4673):
The official solution is concise and effectively addresses the problem with minimal complexity. It follows a straightforward approach that can be distilled into a few key steps:

1. **Input Handling**: It reads the number of test cases and for each test case, it retrieves the values of N (number ...


INFO - [33m Retrieving 2 entries for db: summaries 
 [0m
INFO - Retrieved (score=0.3484):
In this problem, the goal was to determine if Gru could distribute exactly \( K \) amount of money to \( N \) minions based on their individual demands. The key points to consider were whether the total demand from the minions matched \( K \), was less than \( K \), or exceeded \( K \).

Initiall...


INFO - Retrieved (score=0.3793):
In this problem, the goal was to determine if the final distribution of apples in boxes could differ based on which candidate Chef hires for the distribution task. The first candidate distributes apples evenly, while the second candidate places all apples in the box with the least apples. 

The k...


INFO - [33m Retrieving 2 entries for db: non_func 
 [0m
INFO - Retrieved (score=0.4674):

[description for function: main]
This function reads the number of test cases and for each test case, it takes the number of days and three integers as input. It then calculates the total number of hours available based on the number of days provided. Using these inputs, it computes the result b...


INFO - Retrieved (score=0.4709):

[description for function: can_make_good_sequence]
The function processes multiple test cases to determine if the sum of a sequence of integers can be reduced to zero. For each test case, it calculates the total sum of the sequence and the maximum possible reduction based on the sequence's size....


INFO - Retrieved (score=0.3484): 
[Summary]:
    In this problem, the goal was to determine if Gru could distribute exactly \( K \) amount of money to \( N \) minions based on their individual demands. The key points to consider were whether the total demand from the minions matched \( K \), was less than \( K \), or exceeded \(...
INFO - Retrieved (score=0.3793): 
[Summary]:
    In this problem, the goal was to determine if the final distribution of apples in boxes could differ based on which candidate Chef hires for the distribution task. The first candidate distributes apples evenly, while the second candidate places all apples in the box with the least...
INFO - LM call n parse attempt 1 / 3

INFO - [Task id] 20 [prompt] 
You are an expert programmer tasked with solving the problem below.

Follow the user's instructions to solve the problem.
The user can ask for analysis, code, or both.

## Instructions
When asked to output code,
- Make sure to wrap your code in '```python' and '```' Markdown delimiters, 
- include exactly one block of code with the entire solution
- No outside libraries are allowed. 
- Builtins are allowed.
- If the task specifies a function name to be used, follow it strictly (be case sensitive!) and declare the that function last (helper functions are declared first).
- DO NOT write any assert statements / tests.

## Problem
[BEGIN PROBLEM]
Gildong owns a bulgogi restaurant. The restaurant has a lot of customers, so many of them like to make a reservation before visiting it.

Gildong tries so hard to satisfy the customers that he even memorized all customers' preferred temperature ranges! Looking through the reservation list, he wants to satisfy all customers by controlling the temperature of the restaurant.

The restaurant has an air conditioner that has 3 states: off, heating, and cooling. When it's off, the restaurant's temperature remains the same. When it's heating, the temperature increases by 1 in one minute. Lastly, when it's cooling, the temperature decreases by 1 in one minute. Gildong can change the state as many times as he wants, at any integer minutes. The air conditioner is off initially.

Each customer is characterized by three values: $t_i$ — the time (in minutes) when the $i$-th customer visits the restaurant, $l_i$ — the lower bound of their preferred temperature range, and $h_i$ — the upper bound of their preferred temperature range.

A customer is satisfied if the temperature is within the preferred range at the instant they visit the restaurant. Formally, the $i$-th customer is satisfied if and only if the temperature is between $l_i$ and $h_i$ (inclusive) in the $t_i$-th minute.

Given the initial temperature, the list of reserved customers' visit times and their preferred temperature ranges, you're going to help him find if it's possible to satisfy all customers.


-----Input-----

Each test contains one or more test cases. The first line contains the number of test cases $q$ ($1 \le q \le 500$). Description of the test cases follows.

The first line of each test case contains two integers $n$ and $m$ ($1 \le n \le 100$, $-10^9 \le m \le 10^9$), where $n$ is the number of reserved customers and $m$ is the initial temperature of the restaurant.

Next, $n$ lines follow. The $i$-th line of them contains three integers $t_i$, $l_i$, and $h_i$ ($1 \le t_i \le 10^9$, $-10^9 \le l_i \le h_i \le 10^9$), where $t_i$ is the time when the $i$-th customer visits, $l_i$ is the lower bound of their preferred temperature range, and $h_i$ is the upper bound of their preferred temperature range. The preferred temperature ranges are inclusive.

The customers are given in non-decreasing order of their visit time, and the current time is $0$.


-----Output-----

For each test case, print "YES" if it is possible to satisfy all customers. Otherwise, print "NO".

You can print each letter in any case (upper or lower).


-----Example-----
Input
4
3 0
5 1 2
7 3 5
10 -1 0
2 12
5 7 10
10 16 20
3 -100
100 0 0
100 -50 50
200 100 100
1 100
99 -100 0

Output
YES
NO
YES
NO



-----Note-----

In the first case, Gildong can control the air conditioner to satisfy all customers in the following way:  At $0$-th minute, change the state to heating (the temperature is 0).  At $2$-nd minute, change the state to off (the temperature is 2).  At $5$-th minute, change the state to heating (the temperature is 2, the $1$-st customer is satisfied).  At $6$-th minute, change the state to off (the temperature is 3).  At $7$-th minute, change the state to cooling (the temperature is 3, the $2$-nd customer is satisfied).  At $10$-th minute, the temperature will be 0, which satisfies the last customer. 

In the third case, Gildong can change the state to heating at $0$-th minute and leave it be. Then all customers will be satisfied. Note that the $1$-st customer's visit time equals the $2$-nd customer's visit time.

In the second and the fourth case, Gildong has to make at least one customer unsatisfied.

The output code needs to read from and write to standard IO


[END PROBLEM]

INFO - [Task id] 20 [prompt] 
## Instructions

Reason through the problem and:
1. Restate the problem in plain English
2. Conceptualize a solution first in plain English
3. Write a pseudocode solution
4. Output the final Python 3 solution with your solution steps in comments.

Make sure to wrap your code in '```python' and '```' Markdown delimiters, 
and include exactly one block of code with the entire solution.

No outside libraries are allowed.
Builtins are allowed.

INFO - [Task id] 20 [prompt] 
Also, here are some of your memories.
Feel free to use the given information to aid your problem solving process if necessary.
Do not confuse the memories with the problem statement.

## Memories

[Summary]:
    In this problem, the goal was to determine if Gru could distribute exactly \( K \) amount of money to \( N \) minions based on their individual demands. The key points to consider were whether the total demand from the minions matched \( K \), was less than \( K \), or exceeded \( K \).

    Initially, the approach focused on checking if the total demand equaled \( K \) and incorrectly assumed that if the total demand was less than \( K \), Gru could always distribute the remaining money. This led to incorrect outputs, particularly in cases where the remaining money could not be distributed without exceeding individual demands.

    The correct logic should have been:
    1. If the total demand equals \( K \), print "YES".
    2. If the total demand is less than \( K \), print "YES" since Gru can distribute the remaining money.
    3. If the total demand exceeds \( K \), print "NO".

    Despite multiple attempts to refine the logic, the solution consistently failed to account for the distribution constraints properly. The final code snippet aimed to address these issues but still produced incorrect results, indicating a misunderstanding of the problem requirements.

    ### Key Takeaways:
    - Ensure to fully understand the constraints of distribution when dealing with remaining amounts.
    - Always validate the logic against edge cases to ensure correctness.
    - The problem highlighted the importance of careful condition checking in scenarios involving sums and distributions. 

    ### Final Code Snippet:
    ```python
    def can_distribute_money(T, test_cases):
        for case in test_cases:
            N = case[0]
            K = case[1]
            demands = case[2]
            total_demand = sum(demands)
        
            if total_demand == K:
                print("YES")
            elif total_demand < K:
                print("YES")
            else:
                print("NO")

    T = int(input())
    test_cases = []
    for _ in range(T):
        N, K = map(int, input().split())
        demands = list(map(int, input().split()))
        test_cases.append((N, K, demands))

    can_distribute_money(T, test_cases)
    ``` 

    This summary encapsulates the core concepts, strategies attempted, and the errors encountered during the problem-solving process.
[/Summary]


[Summary]:
    In this problem, the goal was to determine if the final distribution of apples in boxes could differ based on which candidate Chef hires for the distribution task. The first candidate distributes apples evenly, while the second candidate places all apples in the box with the least apples. 

    The key insight was that if the number of boxes (K) is equal to the number of apples (N), both candidates will end up with the same distribution (all apples in one box). However, if K is less than N, the distributions can differ, leading to a "NO" answer. The solution involved checking these conditions for each test case.

    The implemented solution was straightforward, iterating through the test cases and applying the logic to determine the output. The final code effectively handled the input and output requirements without any errors. 

    Here’s the final code snippet for reference:

    ```python
    def can_distribute_apples(T, test_cases):
        for case in test_cases:
            N, K = case
            if K == N:
                print("YES")
            else:
                print("NO")

    T = int(input())
    test_cases = []
    for _ in range(T):
        N, K = map(int, input().split())
        test_cases.append((N, K))

    can_distribute_apples(T, test_cases)
    ```

    This experience reinforced the importance of understanding the problem's constraints and how they influence the solution's logic.
[/Summary]


INFO - [Task id] 20 [generation text] 1. **Restate the problem in plain English**:
   Gildong runs a restaurant and wants to ensure that the temperature is suitable for all customers who have made reservations. Each customer has a specific time they will arrive and a preferred temperature range. The air conditioner can be set to heat, cool, or remain off, and the temperature changes accordingly. The task is to determine if it's possible to adjust the temperature to satisfy all customers at their respective arrival times.

2. **Conceptualize a solution first in plain English**:
   We need to track the temperature range that can be achieved at each customer's arrival time. Starting from the initial temperature, we will calculate how much time has passed since the last customer and adjust the temperature range accordingly. For each customer, we will check if the current achievable temperature range overlaps with their preferred range. If it does for all customers, we can satisfy them; otherwise, we cannot.

3. **Write a pseudocode solution**:
   ```
   function can_satisfy_customers(test_cases):
       for each test_case in test_cases:
           read n (number of customers) and m (initial temperature)
           initialize current_time to 0
           initialize current_min_temp to m
           initialize current_max_temp to m
           
           for each customer in test_case:
               read t_i, l_i, h_i (arrival time and preferred temperature range)
               time_passed = t_i - current_time
               
               update current_min_temp and current_max_temp:
                   current_min_temp -= time_passed
                   current_max_temp += time_passed
               
               update current_min_temp and current_max_temp to be within l_i and h_i:
                   current_min_temp = max(current_min_temp, l_i)
                   current_max_temp = min(current_max_temp, h_i)
               
               if current_min_temp > current_max_temp:
                   print "NO"
                   break
               
               update current_time to t_i
           else:
               print "YES"
   ```

4. **Output the final Python 3 solution with your solution steps in comments**:
```python
def can_satisfy_customers(test_cases):
    for case in test_cases:
        n, m = case[0], case[1]  # number of customers and initial temperature
        customers = case[2]  # list of customers
        current_time = 0
        current_min_temp = m
        current_max_temp = m
        
        for customer in customers:
            t_i, l_i, h_i = customer  # arrival time and preferred temperature range
            time_passed = t_i - current_time
            
            # Update the current temperature range based on time passed
            current_min_temp -= time_passed
            current_max_temp += time_passed
            
            # Adjust the current temperature range to fit the customer's preferred range
            current_min_temp = max(current_min_temp, l_i)
            current_max_temp = min(current_max_temp, h_i)
            
            # If the current achievable temperature range is invalid, print "NO"
            if current_min_temp > current_max_temp:
                print("NO")
                break
            
            # Update the current time to the customer's arrival time
            current_time = t_i
        else:
            # If all customers can be satisfied, print "YES"
            print("YES")

# Read input
q = int(input())  # number of test cases
test_cases = []
for _ in range(q):
    n, m = map(int, input().split())  # number of customers and initial temperature
    customers = [tuple(map(int, input().split())) for _ in range(n)]  # list of customers
    test_cases.append((n, m, customers))

# Call the function with the test cases
can_satisfy_customers(test_cases)
```
INFO - program_code:
 
def can_satisfy_customers(test_cases):
    for case in test_cases:
        n, m = case[0], case[1]  # number of customers and initial temperature
        customers = case[2]  # list of customers
        current_time = 0
        current_min_temp = m
        current_max_temp = m
        
        for customer in customers:
            t_i, l_i, h_i = customer  # arrival time and preferred temperature range
            time_passed = t_i - current_time
            
            # Update the current temperature range based on time passed
            current_min_temp -= time_passed
            current_max_temp += time_passed
            
            # Adjust the current temperature range to fit the customer's preferred range
            current_min_temp = max(current_min_temp, l_i)
            current_max_temp = min(current_max_temp, h_i)
            
            # If the current achievable temperature range is invalid, print "NO"
            if current_min_temp > current_max_temp:
                print("NO")
                break
            
            # Update the current time to the customer's arrival time
            current_time = t_i
        else:
            # If all customers can be satisfied, print "YES"
            print("YES")

# Read input
q = int(input())  # number of test cases
test_cases = []
for _ in range(q):
    n, m = map(int, input().split())  # number of customers and initial temperature
    customers = [tuple(map(int, input().split())) for _ in range(n)]  # list of customers
    test_cases.append((n, m, customers))

# Call the function with the test cases
can_satisfy_customers(test_cases)


INFO - program_name:
 can_satisfy_customers

INFO - dependencies:
 []

INFO - raw_msg:
 1. **Restate the problem in plain English**:
   Gildong runs a restaurant and wants to ensure that the temperature is suitable for all customers who have made reservations. Each customer has a specific time they will arrive and a preferred temperature range. The air conditioner can be set to heat, cool, or remain off, and the temperature changes accordingly. The task is to determine if it's possible to adjust the temperature to satisfy all customers at their respective arrival times.

2. **Conceptualize a solution first in plain English**:
   We need to track the temperature range that can be achieved at each customer's arrival time. Starting from the initial temperature, we will calculate how much time has passed since the last customer and adjust the temperature range accordingly. For each customer, we will check if the current achievable temperature range overlaps with their preferred range. If it does for all customers, we can satisfy them; otherwise, we cannot.

3. **Write a pseudocode solution**:
   ```
   function can_satisfy_customers(test_cases):
       for each test_case in test_cases:
           read n (number of customers) and m (initial temperature)
           initialize current_time to 0
           initialize current_min_temp to m
           initialize current_max_temp to m
           
           for each customer in test_case:
               read t_i, l_i, h_i (arrival time and preferred temperature range)
               time_passed = t_i - current_time
               
               update current_min_temp and current_max_temp:
                   current_min_temp -= time_passed
                   current_max_temp += time_passed
               
               update current_min_temp and current_max_temp to be within l_i and h_i:
                   current_min_temp = max(current_min_temp, l_i)
                   current_max_temp = min(current_max_temp, h_i)
               
               if current_min_temp > current_max_temp:
                   print "NO"
                   break
               
               update current_time to t_i
           else:
               print "YES"
   ```

4. **Output the final Python 3 solution with your solution steps in comments**:
```python
def can_satisfy_customers(test_cases):
    for case in test_cases:
        n, m = case[0], case[1]  # number of customers and initial temperature
        customers = case[2]  # list of customers
        current_time = 0
        current_min_temp = m
        current_max_temp = m
        
        for customer in customers:
            t_i, l_i, h_i = customer  # arrival time and preferred temperature range
            time_passed = t_i - current_time
            
            # Update the current temperature range based on time passed
            current_min_temp -= time_passed
            current_max_temp += time_passed
            
            # Adjust the current temperature range to fit the customer's preferred range
            current_min_temp = max(current_min_temp, l_i)
            current_max_temp = min(current_max_temp, h_i)
            
            # If the current achievable temperature range is invalid, print "NO"
            if current_min_temp > current_max_temp:
                print("NO")
                break
            
            # Update the current time to the customer's arrival time
            current_time = t_i
        else:
            # If all customers can be satisfied, print "YES"
            print("YES")

# Read input
q = int(input())  # number of test cases
test_cases = []
for _ in range(q):
    n, m = map(int, input().split())  # number of customers and initial temperature
    customers = [tuple(map(int, input().split())) for _ in range(n)]  # list of customers
    test_cases.append((n, m, customers))

# Call the function with the test cases
can_satisfy_customers(test_cases)
```

INFO - no_parent:
 False

INFO - full code to be executed: 
 
def can_satisfy_customers(test_cases):
    for case in test_cases:
        n, m = case[0], case[1]  # number of customers and initial temperature
        customers = case[2]  # list of customers
        current_time = 0
        current_min_temp = m
        current_max_temp = m
        
        for customer in customers:
            t_i, l_i, h_i = customer  # arrival time and preferred temperature range
            time_passed = t_i - current_time
            
            # Update the current temperature range based on time passed
            current_min_temp -= time_passed
            current_max_temp += time_passed
            
            # Adjust the current temperature range to fit the customer's preferred range
            current_min_temp = max(current_min_temp, l_i)
            current_max_temp = min(current_max_temp, h_i)
            
            # If the current achievable temperature range is invalid, print "NO"
            if current_min_temp > current_max_temp:
                print("NO")
                break
            
            # Update the current time to the customer's arrival time
            current_time = t_i
        else:
            # If all customers can be satisfied, print "YES"
            print("YES")

# Read input
q = int(input())  # number of test cases
test_cases = []
for _ in range(q):
    n, m = map(int, input().split())  # number of customers and initial temperature
    customers = [tuple(map(int, input().split())) for _ in range(n)]  # list of customers
    test_cases.append((n, m, customers))

# Call the function with the test cases
can_satisfy_customers(test_cases)


INFO - obs: Note: Inputs/outputs here are automatically extracted/truncated so formatting may be a bit off.
Tests passed:

 Input: 4
3 0
5 1 2
7 3 5
10 -1 0
2 12
5 7 10
10 16 20
3 -100
100 0 0
100 -50 50
200 100 100
1 100
99 -100 0
 Output: YES
NO
YES
NO


Tests failed:
None
reward: True
done: None
info: {'individual_results': [True]}
INFO - Updated entry: 
[Task]:
    Gildong owns a bulgogi restaurant. The restaurant has a lot of customers, so many of them like to make a reservation before visiting it.

    Gildong tries so hard to satisfy the customers that he even memorized all customers' preferred temperature ranges! Looking through the reserva...,

INFO - Metadata: {
    "raw_msg": "1. **Restate the problem in plain English**:\n   Gildong runs a restaurant and wants to ensure that the temperature is suitable for all customers who have made reservations. Each customer has a specific time they will arrive and a preferred temperature range. The air conditioner...

INFO - LM call n parse attempt 1 / 3

INFO - [Task id] 20 [prompt] 
You are an expert programmer tasked with solving the problem below.

Follow the user's instructions to solve the problem.
The user can ask for analysis, code, or both.

## Instructions
When asked to output code,
- Make sure to wrap your code in '```python' and '```' Markdown delimiters, 
- include exactly one block of code with the entire solution
- No outside libraries are allowed. 
- Builtins are allowed.
- If the task specifies a function name to be used, follow it strictly (be case sensitive!) and declare the that function last (helper functions are declared first).
- DO NOT write any assert statements / tests.

## Problem
[BEGIN PROBLEM]
Gildong owns a bulgogi restaurant. The restaurant has a lot of customers, so many of them like to make a reservation before visiting it.

Gildong tries so hard to satisfy the customers that he even memorized all customers' preferred temperature ranges! Looking through the reservation list, he wants to satisfy all customers by controlling the temperature of the restaurant.

The restaurant has an air conditioner that has 3 states: off, heating, and cooling. When it's off, the restaurant's temperature remains the same. When it's heating, the temperature increases by 1 in one minute. Lastly, when it's cooling, the temperature decreases by 1 in one minute. Gildong can change the state as many times as he wants, at any integer minutes. The air conditioner is off initially.

Each customer is characterized by three values: $t_i$ — the time (in minutes) when the $i$-th customer visits the restaurant, $l_i$ — the lower bound of their preferred temperature range, and $h_i$ — the upper bound of their preferred temperature range.

A customer is satisfied if the temperature is within the preferred range at the instant they visit the restaurant. Formally, the $i$-th customer is satisfied if and only if the temperature is between $l_i$ and $h_i$ (inclusive) in the $t_i$-th minute.

Given the initial temperature, the list of reserved customers' visit times and their preferred temperature ranges, you're going to help him find if it's possible to satisfy all customers.


-----Input-----

Each test contains one or more test cases. The first line contains the number of test cases $q$ ($1 \le q \le 500$). Description of the test cases follows.

The first line of each test case contains two integers $n$ and $m$ ($1 \le n \le 100$, $-10^9 \le m \le 10^9$), where $n$ is the number of reserved customers and $m$ is the initial temperature of the restaurant.

Next, $n$ lines follow. The $i$-th line of them contains three integers $t_i$, $l_i$, and $h_i$ ($1 \le t_i \le 10^9$, $-10^9 \le l_i \le h_i \le 10^9$), where $t_i$ is the time when the $i$-th customer visits, $l_i$ is the lower bound of their preferred temperature range, and $h_i$ is the upper bound of their preferred temperature range. The preferred temperature ranges are inclusive.

The customers are given in non-decreasing order of their visit time, and the current time is $0$.


-----Output-----

For each test case, print "YES" if it is possible to satisfy all customers. Otherwise, print "NO".

You can print each letter in any case (upper or lower).


-----Example-----
Input
4
3 0
5 1 2
7 3 5
10 -1 0
2 12
5 7 10
10 16 20
3 -100
100 0 0
100 -50 50
200 100 100
1 100
99 -100 0

Output
YES
NO
YES
NO



-----Note-----

In the first case, Gildong can control the air conditioner to satisfy all customers in the following way:  At $0$-th minute, change the state to heating (the temperature is 0).  At $2$-nd minute, change the state to off (the temperature is 2).  At $5$-th minute, change the state to heating (the temperature is 2, the $1$-st customer is satisfied).  At $6$-th minute, change the state to off (the temperature is 3).  At $7$-th minute, change the state to cooling (the temperature is 3, the $2$-nd customer is satisfied).  At $10$-th minute, the temperature will be 0, which satisfies the last customer. 

In the third case, Gildong can change the state to heating at $0$-th minute and leave it be. Then all customers will be satisfied. Note that the $1$-st customer's visit time equals the $2$-nd customer's visit time.

In the second and the fourth case, Gildong has to make at least one customer unsatisfied.

The output code needs to read from and write to standard IO


[END PROBLEM]

INFO - [Task id] 20 [prompt] 
## Instructions

Reason through the problem and:
1. Restate the problem in plain English
2. Conceptualize a solution first in plain English
3. Write a pseudocode solution
4. Output the final Python 3 solution with your solution steps in comments.

Make sure to wrap your code in '```python' and '```' Markdown delimiters, 
and include exactly one block of code with the entire solution.

No outside libraries are allowed.
Builtins are allowed.

INFO - [Task id] 20 [prompt] 1. **Restate the problem in plain English**:
   Gildong runs a restaurant and wants to ensure that the temperature is suitable for all customers who have made reservations. Each customer has a specific time they will arrive and a preferred temperature range. The air conditioner can be set to heat, cool, or remain off, and the temperature changes accordingly. The task is to determine if it's possible to adjust the temperature to satisfy all customers at their respective arrival times.

2. **Conceptualize a solution first in plain English**:
   We need to track the temperature range that can be achieved at each customer's arrival time. Starting from the initial temperature, we will calculate how much time has passed since the last customer and adjust the temperature range accordingly. For each customer, we will check if the current achievable temperature range overlaps with their preferred range. If it does for all customers, we can satisfy them; otherwise, we cannot.

3. **Write a pseudocode solution**:
   ```
   function can_satisfy_customers(test_cases):
       for each test_case in test_cases:
           read n (number of customers) and m (initial temperature)
           initialize current_time to 0
           initialize current_min_temp to m
           initialize current_max_temp to m
           
           for each customer in test_case:
               read t_i, l_i, h_i (arrival time and preferred temperature range)
               time_passed = t_i - current_time
               
               update current_min_temp and current_max_temp:
                   current_min_temp -= time_passed
                   current_max_temp += time_passed
               
               update current_min_temp and current_max_temp to be within l_i and h_i:
                   current_min_temp = max(current_min_temp, l_i)
                   current_max_temp = min(current_max_temp, h_i)
               
               if current_min_temp > current_max_temp:
                   print "NO"
                   break
               
               update current_time to t_i
           else:
               print "YES"
   ```

4. **Output the final Python 3 solution with your solution steps in comments**:
```python
def can_satisfy_customers(test_cases):
    for case in test_cases:
        n, m = case[0], case[1]  # number of customers and initial temperature
        customers = case[2]  # list of customers
        current_time = 0
        current_min_temp = m
        current_max_temp = m
        
        for customer in customers:
            t_i, l_i, h_i = customer  # arrival time and preferred temperature range
            time_passed = t_i - current_time
            
            # Update the current temperature range based on time passed
            current_min_temp -= time_passed
            current_max_temp += time_passed
            
            # Adjust the current temperature range to fit the customer's preferred range
            current_min_temp = max(current_min_temp, l_i)
            current_max_temp = min(current_max_temp, h_i)
            
            # If the current achievable temperature range is invalid, print "NO"
            if current_min_temp > current_max_temp:
                print("NO")
                break
            
            # Update the current time to the customer's arrival time
            current_time = t_i
        else:
            # If all customers can be satisfied, print "YES"
            print("YES")

# Read input
q = int(input())  # number of test cases
test_cases = []
for _ in range(q):
    n, m = map(int, input().split())  # number of customers and initial temperature
    customers = [tuple(map(int, input().split())) for _ in range(n)]  # list of customers
    test_cases.append((n, m, customers))

# Call the function with the test cases
can_satisfy_customers(test_cases)
```
INFO - [Task id] 20 [prompt] 
[Environment Feedback]:
    Note: Inputs/outputs here are automatically extracted/truncated so formatting may be a bit off.
    Tests passed:

     Input: 4
    3 0
    5 1 2
    7 3 5
    10 -1 0
    2 12
    5 7 10
    10 16 20
    3 -100
    100 0 0
    100 -50 50
    200 100 100
    1 100
    99 -100 0
     Output: YES
    NO
    YES
    NO


    Tests failed:
    None
[/Environment Feedback]

INFO - [Task id] 20 [prompt] 
## Instructions
Now, summarize your attempts as a **standalone** document for your own future reference. (can skip formalities, be concise)

- Only include the most relevant information and code snippets that could be useful in the future.
- If you did not learn much from the current experience (e.g. the problem was too easy), feel free to write less or nothing at all.
- Here are some ideas if the experience was useful:
    - Identifying the core concepts and patterns that problem appears to test for
    - Describing the strategies that seemed to work but did not, and vice versa
    - Describing unexpected errors and how they were fixed

Your summary should be at most a few paragraphs.

INFO - [Task id] 20 [generation text] In this problem, the main challenge was to determine if it's possible to adjust the temperature of a restaurant to satisfy all customers based on their preferred temperature ranges at specific arrival times. The solution involved tracking the achievable temperature range over time and ensuring it overlaps with each customer's preferred range.

The core concept was to calculate the time elapsed since the last customer and adjust the current temperature range accordingly. This required careful management of the minimum and maximum temperatures that could be achieved at each customer's arrival time. If at any point the achievable range did not overlap with a customer's preferred range, the answer for that test case would be "NO".

The implemented solution effectively handled multiple test cases and utilized a straightforward loop to process each customer. The logic for updating the temperature range and checking for overlaps was clear and efficient. The final code successfully passed all provided test cases, demonstrating that the approach was sound.

Key takeaways include the importance of managing state over time and ensuring that conditions are checked at each step to maintain the validity of the solution. This problem reinforced the need for careful consideration of edge cases, particularly with large ranges and time intervals.
INFO - LM call n parse attempt 1 / 3

INFO - [Task id] 20 [prompt] 
You are an expert programmer tasked with solving the problem below.

Follow the user's instructions to solve the problem.
The user can ask for analysis, code, or both.

## Instructions
When asked to output code,
- Make sure to wrap your code in '```python' and '```' Markdown delimiters, 
- include exactly one block of code with the entire solution
- No outside libraries are allowed. 
- Builtins are allowed.
- If the task specifies a function name to be used, follow it strictly (be case sensitive!) and declare the that function last (helper functions are declared first).
- DO NOT write any assert statements / tests.

## Problem
[BEGIN PROBLEM]
Gildong owns a bulgogi restaurant. The restaurant has a lot of customers, so many of them like to make a reservation before visiting it.

Gildong tries so hard to satisfy the customers that he even memorized all customers' preferred temperature ranges! Looking through the reservation list, he wants to satisfy all customers by controlling the temperature of the restaurant.

The restaurant has an air conditioner that has 3 states: off, heating, and cooling. When it's off, the restaurant's temperature remains the same. When it's heating, the temperature increases by 1 in one minute. Lastly, when it's cooling, the temperature decreases by 1 in one minute. Gildong can change the state as many times as he wants, at any integer minutes. The air conditioner is off initially.

Each customer is characterized by three values: $t_i$ — the time (in minutes) when the $i$-th customer visits the restaurant, $l_i$ — the lower bound of their preferred temperature range, and $h_i$ — the upper bound of their preferred temperature range.

A customer is satisfied if the temperature is within the preferred range at the instant they visit the restaurant. Formally, the $i$-th customer is satisfied if and only if the temperature is between $l_i$ and $h_i$ (inclusive) in the $t_i$-th minute.

Given the initial temperature, the list of reserved customers' visit times and their preferred temperature ranges, you're going to help him find if it's possible to satisfy all customers.


-----Input-----

Each test contains one or more test cases. The first line contains the number of test cases $q$ ($1 \le q \le 500$). Description of the test cases follows.

The first line of each test case contains two integers $n$ and $m$ ($1 \le n \le 100$, $-10^9 \le m \le 10^9$), where $n$ is the number of reserved customers and $m$ is the initial temperature of the restaurant.

Next, $n$ lines follow. The $i$-th line of them contains three integers $t_i$, $l_i$, and $h_i$ ($1 \le t_i \le 10^9$, $-10^9 \le l_i \le h_i \le 10^9$), where $t_i$ is the time when the $i$-th customer visits, $l_i$ is the lower bound of their preferred temperature range, and $h_i$ is the upper bound of their preferred temperature range. The preferred temperature ranges are inclusive.

The customers are given in non-decreasing order of their visit time, and the current time is $0$.


-----Output-----

For each test case, print "YES" if it is possible to satisfy all customers. Otherwise, print "NO".

You can print each letter in any case (upper or lower).


-----Example-----
Input
4
3 0
5 1 2
7 3 5
10 -1 0
2 12
5 7 10
10 16 20
3 -100
100 0 0
100 -50 50
200 100 100
1 100
99 -100 0

Output
YES
NO
YES
NO



-----Note-----

In the first case, Gildong can control the air conditioner to satisfy all customers in the following way:  At $0$-th minute, change the state to heating (the temperature is 0).  At $2$-nd minute, change the state to off (the temperature is 2).  At $5$-th minute, change the state to heating (the temperature is 2, the $1$-st customer is satisfied).  At $6$-th minute, change the state to off (the temperature is 3).  At $7$-th minute, change the state to cooling (the temperature is 3, the $2$-nd customer is satisfied).  At $10$-th minute, the temperature will be 0, which satisfies the last customer. 

In the third case, Gildong can change the state to heating at $0$-th minute and leave it be. Then all customers will be satisfied. Note that the $1$-st customer's visit time equals the $2$-nd customer's visit time.

In the second and the fourth case, Gildong has to make at least one customer unsatisfied.

The output code needs to read from and write to standard IO


[END PROBLEM]

INFO - [Task id] 20 [prompt] 
## Instructions

Reason through the problem and:
1. Restate the problem in plain English
2. Conceptualize a solution first in plain English
3. Write a pseudocode solution
4. Output the final Python 3 solution with your solution steps in comments.

Make sure to wrap your code in '```python' and '```' Markdown delimiters, 
and include exactly one block of code with the entire solution.

No outside libraries are allowed.
Builtins are allowed.

INFO - [Task id] 20 [prompt] 1. **Restate the problem in plain English**:
   Gildong runs a restaurant and wants to ensure that the temperature is suitable for all customers who have made reservations. Each customer has a specific time they will arrive and a preferred temperature range. The air conditioner can be set to heat, cool, or remain off, and the temperature changes accordingly. The task is to determine if it's possible to adjust the temperature to satisfy all customers at their respective arrival times.

2. **Conceptualize a solution first in plain English**:
   We need to track the temperature range that can be achieved at each customer's arrival time. Starting from the initial temperature, we will calculate how much time has passed since the last customer and adjust the temperature range accordingly. For each customer, we will check if the current achievable temperature range overlaps with their preferred range. If it does for all customers, we can satisfy them; otherwise, we cannot.

3. **Write a pseudocode solution**:
   ```
   function can_satisfy_customers(test_cases):
       for each test_case in test_cases:
           read n (number of customers) and m (initial temperature)
           initialize current_time to 0
           initialize current_min_temp to m
           initialize current_max_temp to m
           
           for each customer in test_case:
               read t_i, l_i, h_i (arrival time and preferred temperature range)
               time_passed = t_i - current_time
               
               update current_min_temp and current_max_temp:
                   current_min_temp -= time_passed
                   current_max_temp += time_passed
               
               update current_min_temp and current_max_temp to be within l_i and h_i:
                   current_min_temp = max(current_min_temp, l_i)
                   current_max_temp = min(current_max_temp, h_i)
               
               if current_min_temp > current_max_temp:
                   print "NO"
                   break
               
               update current_time to t_i
           else:
               print "YES"
   ```

4. **Output the final Python 3 solution with your solution steps in comments**:
```python
def can_satisfy_customers(test_cases):
    for case in test_cases:
        n, m = case[0], case[1]  # number of customers and initial temperature
        customers = case[2]  # list of customers
        current_time = 0
        current_min_temp = m
        current_max_temp = m
        
        for customer in customers:
            t_i, l_i, h_i = customer  # arrival time and preferred temperature range
            time_passed = t_i - current_time
            
            # Update the current temperature range based on time passed
            current_min_temp -= time_passed
            current_max_temp += time_passed
            
            # Adjust the current temperature range to fit the customer's preferred range
            current_min_temp = max(current_min_temp, l_i)
            current_max_temp = min(current_max_temp, h_i)
            
            # If the current achievable temperature range is invalid, print "NO"
            if current_min_temp > current_max_temp:
                print("NO")
                break
            
            # Update the current time to the customer's arrival time
            current_time = t_i
        else:
            # If all customers can be satisfied, print "YES"
            print("YES")

# Read input
q = int(input())  # number of test cases
test_cases = []
for _ in range(q):
    n, m = map(int, input().split())  # number of customers and initial temperature
    customers = [tuple(map(int, input().split())) for _ in range(n)]  # list of customers
    test_cases.append((n, m, customers))

# Call the function with the test cases
can_satisfy_customers(test_cases)
```
INFO - [Task id] 20 [prompt] 
[Environment Feedback]:
    Note: Inputs/outputs here are automatically extracted/truncated so formatting may be a bit off.
    Tests passed:

     Input: 4
    3 0
    5 1 2
    7 3 5
    10 -1 0
    2 12
    5 7 10
    10 16 20
    3 -100
    100 0 0
    100 -50 50
    200 100 100
    1 100
    99 -100 0
     Output: YES
    NO
    YES
    NO


    Tests failed:
    None
[/Environment Feedback]

INFO - [Task id] 20 [prompt] 
Below is the official solution (do exercise discretion as official solutions can also have mistakes).

You will be reflecting on your attempts to solve the problem.
This will be a **standalone** document for your own future reference. (can skip formalities, be concise)

## Instructions
- Only include the most relevant insights and code snippets that could be useful in the future.
- If you did not learn much from the current experience (e.g. the problem was too easy / official solution was obvious), feel free to write less or nothing at all.
- Here are some ideas if the experience was useful:
    - If the official solution is insightful (e.g. better than yours in time and space complexity or more effective in breaking down the problem statement), distil the key approach of the official solution, step by step.
    - If your approach failed the test cases, reason why the official solution works but yours does not

Your reflection should be at most a few paragraphs.

## Official solution
q = int(input())
for _ in range(q):
    n, m = list(map(int, input().split()))
    info = [list(map(int, input().split())) for i in range(n)]
    info = sorted(info)
    now =(m, m)
    time = 0
    flag = True
    for i in range(n):
        t, l, h = info[i]
        l_now = now[0] - (t - time)
        h_now = now[1] + (t - time)
        time = t
        if h < l_now or h_now < l:
            flag = False
        else:
            l_now = max(l_now, l)
            h_now = min(h_now, h)
            now = (l_now, h_now)
    if flag:
        print("YES")
    else:
        print("NO")

INFO - [Task id] 20 [generation text] The official solution effectively addresses the problem by maintaining a dynamic range of achievable temperatures as customers arrive. Here are the key insights and steps from the official solution:

1. **Initialization**: The solution starts by reading the number of test cases and initializing the current temperature range (`now`) to the initial temperature for both the minimum and maximum.

2. **Iterating through Customers**: For each customer, the solution calculates the time elapsed since the last customer and adjusts the current temperature range accordingly. This is done by subtracting the elapsed time from the minimum temperature and adding it to the maximum temperature.

3. **Checking Overlap**: The solution checks if the adjusted temperature range overlaps with the customer's preferred range. If there is no overlap, it sets a flag to indicate that not all customers can be satisfied.

4. **Updating the Range**: If there is an overlap, the solution updates the current temperature range to reflect the intersection of the achievable range and the customer's preferred range.

5. **Final Decision**: After processing all customers, the solution prints "YES" if all customers can be satisfied, otherwise "NO".

### Key Takeaways:
- The approach of maintaining a dynamic range of temperatures is efficient and straightforward.
- The use of flags to track the possibility of satisfying all customers simplifies the decision-making process.
- The solution effectively handles the constraints and ensures that the temperature adjustments are calculated based on the time elapsed, which is crucial for determining the achievable temperature range.

This experience reinforced the importance of maintaining state and dynamically adjusting it based on incoming data, which is a common pattern in algorithmic problem-solving.
INFO - Updated entry: In this problem, the main challenge was to determine if it's possible to adjust the temperature of a restaurant to satisfy all customers based on their preferred temperature ranges at specific arrival times. The solution involved tracking the achievable temperature range over time and ensuring it...,

INFO - Metadata: {
    "task_id": 20
}

INFO - Updated entry: The official solution effectively addresses the problem by maintaining a dynamic range of achievable temperatures as customers arrive. Here are the key insights and steps from the official solution:

1. **Initialization**: The solution starts by reading the number of test cases and initializing t...,

INFO - Metadata: {
    "task_id": 20
}

INFO - LM call n parse attempt 1 / 3

INFO - [Task id] 20 [prompt] 
You are a helpful assistant that writes a description of the given function written in the Python programming language.

1) Do not mention the function name.
2) Do not mention anything about helper functions.
3) There might be some helper functions before the main function, but you only need to describe the main function.
4) Try to summarize the function in no more than 6 sentences.
5) Your response should be a single line of text.

INFO - [Task id] 20 [prompt] 
def can_satisfy_customers(test_cases):
    for case in test_cases:
        n, m = case[0], case[1]  # number of customers and initial temperature
        customers = case[2]  # list of customers
        current_time = 0
        current_min_temp = m
        current_max_temp = m
        
        for customer in customers:
            t_i, l_i, h_i = customer  # arrival time and preferred temperature range
            time_passed = t_i - current_time
            
            # Update the current temperature range based on time passed
            current_min_temp -= time_passed
            current_max_temp += time_passed
            
            # Adjust the current temperature range to fit the customer's preferred range
            current_min_temp = max(current_min_temp, l_i)
            current_max_temp = min(current_max_temp, h_i)
            
            # If the current achievable temperature range is invalid, print "NO"
            if current_min_temp > current_max_temp:
                print("NO")
                break
            
            # Update the current time to the customer's arrival time
            current_time = t_i
        else:
            # If all customers can be satisfied, print "YES"
            print("YES")

# Read input
q = int(input())  # number of test cases
test_cases = []
for _ in range(q):
    n, m = map(int, input().split())  # number of customers and initial temperature
    customers = [tuple(map(int, input().split())) for _ in range(n)]  # list of customers
    test_cases.append((n, m, customers))

# Call the function with the test cases
can_satisfy_customers(test_cases)


The main function is `can_satisfy_customers`.
INFO - [Task id] 20 [generation text] The function processes multiple test cases to determine if a series of customers can be satisfied based on their preferred temperature ranges and the initial temperature. For each test case, it tracks the current time and temperature range, adjusting these values as each customer arrives. It checks if the achievable temperature range can accommodate each customer's preferences, updating the range accordingly. If at any point the temperature range becomes invalid, it outputs "NO" for that test case. If all customers can be satisfied within their preferred ranges, it outputs "YES". The function ultimately evaluates the feasibility of meeting customer demands based on time and temperature constraints.
INFO - LM call n parse attempt 1 / 3

INFO - [Task id] 20 [prompt] 
You are a helpful assistant that extracts important information from problems and solutions to aid in searchability and education.

## Instructions
- Read through the problem and solution carefully.
- Reason out, step by step, in what scenarios this knowledge would be useful.
- Focus on general patterns and situations to help connect this knowledge to new situations.
- Then, include a list of keywords that are useful for searching this problem/solution pair.

## Response format
Respond in JSON, and follow the keys and expected format of the values strictly.

The output should be formatted as a JSON instance that conforms to the JSON schema below.

As an example, for the schema {"properties": {"foo": {"title": "Foo", "description": "a list of strings", "type": "array", "items": {"type": "string"}}}, "required": ["foo"]}
the object {"foo": ["bar", "baz"]} is a well-formatted instance of the schema. The object {"properties": {"foo": ["bar", "baz"]}} is not well-formatted.

Here is the output schema:
```
{"properties": {"scenarios": {"description": "In what scenarios will this knowledge be useful? Answer in a paragraph.", "title": "Scenarios", "type": "string"}, "keywords": {"description": "List of keywords that are useful for searching this problem/solution pair", "items": {"type": "string"}, "title": "Keywords", "type": "array"}}, "required": ["scenarios", "keywords"]}
```

INFO - [Task id] 20 [prompt] 
[Problem]
    Gildong owns a bulgogi restaurant. The restaurant has a lot of customers, so many of them like to make a reservation before visiting it.

    Gildong tries so hard to satisfy the customers that he even memorized all customers' preferred temperature ranges! Looking through the reservation list, he wants to satisfy all customers by controlling the temperature of the restaurant.

    The restaurant has an air conditioner that has 3 states: off, heating, and cooling. When it's off, the restaurant's temperature remains the same. When it's heating, the temperature increases by 1 in one minute. Lastly, when it's cooling, the temperature decreases by 1 in one minute. Gildong can change the state as many times as he wants, at any integer minutes. The air conditioner is off initially.

    Each customer is characterized by three values: $t_i$ — the time (in minutes) when the $i$-th customer visits the restaurant, $l_i$ — the lower bound of their preferred temperature range, and $h_i$ — the upper bound of their preferred temperature range.

    A customer is satisfied if the temperature is within the preferred range at the instant they visit the restaurant. Formally, the $i$-th customer is satisfied if and only if the temperature is between $l_i$ and $h_i$ (inclusive) in the $t_i$-th minute.

    Given the initial temperature, the list of reserved customers' visit times and their preferred temperature ranges, you're going to help him find if it's possible to satisfy all customers.


    -----Input-----

    Each test contains one or more test cases. The first line contains the number of test cases $q$ ($1 \le q \le 500$). Description of the test cases follows.

    The first line of each test case contains two integers $n$ and $m$ ($1 \le n \le 100$, $-10^9 \le m \le 10^9$), where $n$ is the number of reserved customers and $m$ is the initial temperature of the restaurant.

    Next, $n$ lines follow. The $i$-th line of them contains three integers $t_i$, $l_i$, and $h_i$ ($1 \le t_i \le 10^9$, $-10^9 \le l_i \le h_i \le 10^9$), where $t_i$ is the time when the $i$-th customer visits, $l_i$ is the lower bound of their preferred temperature range, and $h_i$ is the upper bound of their preferred temperature range. The preferred temperature ranges are inclusive.

    The customers are given in non-decreasing order of their visit time, and the current time is $0$.


    -----Output-----

    For each test case, print "YES" if it is possible to satisfy all customers. Otherwise, print "NO".

    You can print each letter in any case (upper or lower).


    -----Example-----
    Input
    4
    3 0
    5 1 2
    7 3 5
    10 -1 0
    2 12
    5 7 10
    10 16 20
    3 -100
    100 0 0
    100 -50 50
    200 100 100
    1 100
    99 -100 0

    Output
    YES
    NO
    YES
    NO



    -----Note-----

    In the first case, Gildong can control the air conditioner to satisfy all customers in the following way:  At $0$-th minute, change the state to heating (the temperature is 0).  At $2$-nd minute, change the state to off (the temperature is 2).  At $5$-th minute, change the state to heating (the temperature is 2, the $1$-st customer is satisfied).  At $6$-th minute, change the state to off (the temperature is 3).  At $7$-th minute, change the state to cooling (the temperature is 3, the $2$-nd customer is satisfied).  At $10$-th minute, the temperature will be 0, which satisfies the last customer. 

    In the third case, Gildong can change the state to heating at $0$-th minute and leave it be. Then all customers will be satisfied. Note that the $1$-st customer's visit time equals the $2$-nd customer's visit time.

    In the second and the fourth case, Gildong has to make at least one customer unsatisfied.
[/Problem]

[Solution]

    def can_satisfy_customers(test_cases):
        for case in test_cases:
            n, m = case[0], case[1]  # number of customers and initial temperature
            customers = case[2]  # list of customers
            current_time = 0
            current_min_temp = m
            current_max_temp = m
        
            for customer in customers:
                t_i, l_i, h_i = customer  # arrival time and preferred temperature range
                time_passed = t_i - current_time
            
                # Update the current temperature range based on time passed
                current_min_temp -= time_passed
                current_max_temp += time_passed
            
                # Adjust the current temperature range to fit the customer's preferred range
                current_min_temp = max(current_min_temp, l_i)
                current_max_temp = min(current_max_temp, h_i)
            
                # If the current achievable temperature range is invalid, print "NO"
                if current_min_temp > current_max_temp:
                    print("NO")
                    break
            
                # Update the current time to the customer's arrival time
                current_time = t_i
            else:
                # If all customers can be satisfied, print "YES"
                print("YES")

    # Read input
    q = int(input())  # number of test cases
    test_cases = []
    for _ in range(q):
        n, m = map(int, input().split())  # number of customers and initial temperature
        customers = [tuple(map(int, input().split())) for _ in range(n)]  # list of customers
        test_cases.append((n, m, customers))

    # Call the function with the test cases
    can_satisfy_customers(test_cases)

[/Solution]

INFO - [Task id] 20 [generation text] 
INFO - {
    "scenarios": "This knowledge is useful in scenarios where a business needs to manage customer satisfaction based on specific conditions, such as temperature control in a restaurant. It can be applied to any situation where multiple customers have varying preferences that need to be accommodated within a limited timeframe. This could extend to other service industries where environmental factors (like lighting, noise levels, etc.) need to be adjusted to meet customer expectations. Additionally, it can be relevant in programming contests or algorithm challenges that involve scheduling and resource management.",
    "keywords": [
        "temperature control",
        "customer satisfaction",
        "restaurant management",
        "algorithm",
        "scheduling",
        "resource management",
        "air conditioning",
        "preferred temperature range",
        "test cases",
        "programming challenge"
    ]
}
INFO - {
    "scenarios": "This knowledge is useful in scenarios where a business needs to manage customer satisfaction based on specific conditions, such as temperature control in a restaurant. It can be applied to any situation where multiple customers have varying preferences that need to be accommodated within a limited timeframe. This could extend to other service industries where environmental factors (like lighting, noise levels, etc.) need to be adjusted to meet customer expectations. Additionally, it can be relevant in programming contests or algorithm challenges that involve scheduling and resource management.",
    "keywords": [
        "temperature control",
        "customer satisfaction",
        "restaurant management",
        "algorithm",
        "scheduling",
        "resource management",
        "air conditioning",
        "preferred temperature range",
        "test cases",
        "programming challenge"
    ]
}
INFO - Updated entry: 
[description for function: can_satisfy_customers]
The function processes multiple test cases to determine if a series of customers can be satisfied based on their preferred temperature ranges and the initial temperature. For each test case, it tracks the current time and temperature range, adjus...,

INFO - Metadata: {
    "task": 20,
    "code": "\ndef can_satisfy_customers(test_cases):\n    for case in test_cases:\n        n, m = case[0], case[1]  # number of customers and initial temperature\n        customers = case[2]  # list of customers\n        current_time = 0\n        current_min_temp = m\n        c...

