INFO - DB skill doc count: 0

INFO - DB non_func doc count: 7

INFO - DB semantic doc count: 429

INFO - DB summaries doc count: 9

INFO - DB reflections doc count: 9

INFO - DB episodic doc count: 15

INFO - [train iter]: 9/100 

INFO - The task prompt is The MarkiT online virtual market startup wants to organize its grand opening in NIT Patna.
but they want maximum crowd for their inauguration. So the manager told  this  to Praveen a student in NITP who suggested them:
The first-year students come to campus  every x hour,
Second-year students com...

INFO - Attempting task_id 694
INFO - LM call n parse attempt 1 / 3

INFO - [Task id] 694 [prompt] 
You are an expert programmer tasked with solving the problem below.

Follow the user's instructions to solve the problem.
The user can ask for analysis, code, or both.

## Instructions
When asked to output code,
- Make sure to wrap your code in '```python' and '```' Markdown delimiters, 
- include exactly one block of code with the entire solution
- No outside libraries are allowed. 
- Builtins are allowed.
- If the task specifies a function name to be used, follow it strictly (be case sensitive!) and declare the that function last (helper functions are declared first).
- DO NOT write any assert statements / tests.

## Problem
[BEGIN PROBLEM]
The MarkiT online virtual market startup wants to organize its grand opening in NIT Patna.
but they want maximum crowd for their inauguration. So the manager told  this  to Praveen a student in NITP who suggested them:
The first-year students come to campus  every x hour,
Second-year students come to campus every y hour,
Third-year students come to campus every z hour and 
Fourth-year is very busy so they don't come regularly.
So Praveen being very clever told him the no of times in n days he can have an audience of all year student (1st,2nd & 3rd) at max. So can you code what Praveen has done?

-----Input:-----
- First line will contain $T$, number of testcases. Then the testcases follow. 
- Each testcase contains of a 2 line of input, first line contain one  integers $N$ (No of Days). 
-Next line contain 3 space separated integer the  value of x y z

-----Output:-----
For each testcase, output in a single line answer the no of times audience consists of all year.

-----Constraints-----
- $1 \leq T \leq 1000$
- $1 \leq N \leq 10^8$
- $1 \leq x,y,z \leq 10^5$

-----Sample Input:-----
1
10
8 10 6

-----Sample Output:-----
2

-----EXPLANATION:-----
First favourable condition will come on 5th day and Second on 10th day.

The output code needs to read from and write to standard IO


[END PROBLEM]

INFO - [Task id] 694 [prompt] 
## Instructions

Reason through the problem and:
1. Restate the problem in plain English
2. Conceptualize a solution first in plain English
3. Write a pseudocode solution
4. Output the final Python 3 solution with your solution steps in comments.

Make sure to wrap your code in '```python' and '```' Markdown delimiters, 
and include exactly one block of code with the entire solution.

No outside libraries are allowed.
Builtins are allowed.

INFO - [Task id] 694 [generation text] 1. **Restate the problem in plain English:**
   The problem requires us to determine how many times all first, second, and third-year students will be present on campus together over a given number of days. Each group of students comes to campus at regular intervals defined by the integers x, y, and z, which represent the hours between their arrivals. We need to find out how many times all three groups will be present together within a specified number of days.

2. **Conceptualize a solution first in plain English:**
   To solve this problem, we need to find the least common multiple (LCM) of the three intervals (x, y, z). The LCM will give us the time in hours when all three groups will be present together. Once we have the LCM, we can calculate how many times this LCM fits into the total hours available in N days (which is N * 24 hours). The result will be the number of times all three groups will be present together.

3. **Write a pseudocode solution:**
   ```
   function gcd(a, b):
       while b is not 0:
           a, b = b, a % b
       return a

   function lcm(a, b):
       return (a * b) / gcd(a, b)

   function lcm_of_three(x, y, z):
       return lcm(lcm(x, y), z)

   function count_audience(N, x, y, z):
       total_hours = N * 24
       lcm_value = lcm_of_three(x, y, z)
       return total_hours // lcm_value

   function main():
       read T
       for each testcase:
           read N
           read x, y, z
           result = count_audience(N, x, y, z)
           print(result)
   ```

4. **Output the final Python 3 solution with your solution steps in comments:**
```python
def gcd(a, b):
    # Function to compute the greatest common divisor using Euclid's algorithm
    while b != 0:
        a, b = b, a % b
    return a

def lcm(a, b):
    # Function to compute the least common multiple using the relationship with gcd
    return (a * b) // gcd(a, b)

def lcm_of_three(x, y, z):
    # Function to compute the LCM of three numbers
    return lcm(lcm(x, y), z)

def count_audience(N, x, y, z):
    # Function to count how many times all three groups are present together
    total_hours = N * 24  # Total hours in N days
    lcm_value = lcm_of_three(x, y, z)  # Calculate the LCM of x, y, z
    return total_hours // lcm_value  # Return the number of times they are together

# Main function to read input and output results
T = int(input())  # Read number of test cases
for _ in range(T):
    N = int(input())  # Read number of days
    x, y, z = map(int, input().split())  # Read x, y, z values
    result = count_audience(N, x, y, z)  # Calculate the result
    print(result)  # Output the result
```
INFO - [35m Rollout attempt 1/4[0m
INFO - [33m Retrieving 2 entries for db: episodic 
 [0m
INFO - Retrieved (score=0.4075):

[Task]:
    Nexus 4.O is going to be organized by ASME, GLA University. Shubhanshu, Head of Finance Team is working for it. He has $N$ number of bills of different values as $a$$1$,$ a$$2$, $a$$3$…$a$$n$.
    He is interested in a game in which one has to do the addition of the bills. But due to...


INFO - Retrieved (score=0.4165):

[Task]:
    Dr. S. De teaches computer architecture in NIT Patna. Whenever he comes across any good question(with complexity $k$), he gives that question to students within roll number range $i$ and $j$
    At the start of semester he assigns score of $10$ to every student in his class if a stud...


INFO - [33m Retrieving 2 entries for db: semantic 
 [0m
INFO - Retrieved (score=0.4186):
Title: Continued fractions
Part: 4/12
```

!!! example "[GCJ 2019, Round 2 - New Elements: Part 2](https://codingcompetitions.withgoogle.com/codejam/round/0000000000051679/0000000000146184)"
    You're given $N$ positive integer pairs $(C_i, J_i)$. You need to find a positive integer pair $(x, y)...


INFO - Retrieved (score=0.4279):
Title: Continued fractions
Part: 11/12
```
    === "Python"
        ```py
        # returns [ah, ph, qh] such that points r[i]=(ph[i], qh[i]) constitute upper convex hull
        # of lattice points on 0 <= x <= N and 0 <= y <= r * x, where r = [a0; a1, a2, ...]
        # and there are ah[i]-1 in...


INFO - [33m Retrieving 2 entries for db: reflections 
 [0m
INFO - Retrieved (score=0.4329):
The official solution employs a dictionary to track the scores of students, which allows for dynamic updates without needing to initialize a fixed-size array. This approach is particularly useful when the number of students (N) is large, but not all students are affected by the questions, as it a...


INFO - Retrieved (score=0.4412):
The official solution effectively addresses the problem by directly iterating through the list of bills for each query and calculating the sum within the specified range. Here are some key insights from the official solution:

1. **Input Handling**: The solution reads all inputs in a straightforw...


INFO - [33m Retrieving 2 entries for db: summaries 
 [0m
INFO - Retrieved (score=0.3778):
In this task, I was required to calculate the mean of maximum scores for students based on the complexity of questions assigned to them. Each student starts with a score of 10, and their score is multiplied by the complexity of the questions they solve. The challenge involved efficiently updating...


INFO - Retrieved (score=0.3814):
In this task, I was required to help Avani calculate the sum of values from a list of bills based on multiple queries. Each query specified a range of indices, and the goal was to return the sum of the values in that range for each query. The problem involved reading multiple test cases, processi...


INFO - [33m Retrieving 2 entries for db: non_func 
 [0m
INFO - Retrieved (score=0.5294):

[description for function: main]
The function reads an integer input representing the number of test cases and then iterates through each test case to read a string. For each string, it processes the string to remove all occurrences of the substring "abc". After processing, it prints the modifie...


INFO - Retrieved (score=0.5452):

[description for function: main]
This function reads an integer input representing the number of test cases and then processes each test case by reading the length of a string and the string itself. It calls another function to find the lexicographically smallest string that can be formed by rea...


INFO - Retrieved (score=0.3778): 
[Summary]:
    In this task, I was required to calculate the mean of maximum scores for students based on the complexity of questions assigned to them. Each student starts with a score of 10, and their score is multiplied by the complexity of the questions they solve. The challenge involved effi...
INFO - Retrieved (score=0.3814): 
[Summary]:
    In this task, I was required to help Avani calculate the sum of values from a list of bills based on multiple queries. Each query specified a range of indices, and the goal was to return the sum of the values in that range for each query. The problem involved reading multiple test...
INFO - LM call n parse attempt 1 / 3

INFO - [Task id] 694 [prompt] 
You are an expert programmer tasked with solving the problem below.

Follow the user's instructions to solve the problem.
The user can ask for analysis, code, or both.

## Instructions
When asked to output code,
- Make sure to wrap your code in '```python' and '```' Markdown delimiters, 
- include exactly one block of code with the entire solution
- No outside libraries are allowed. 
- Builtins are allowed.
- If the task specifies a function name to be used, follow it strictly (be case sensitive!) and declare the that function last (helper functions are declared first).
- DO NOT write any assert statements / tests.

## Problem
[BEGIN PROBLEM]
The MarkiT online virtual market startup wants to organize its grand opening in NIT Patna.
but they want maximum crowd for their inauguration. So the manager told  this  to Praveen a student in NITP who suggested them:
The first-year students come to campus  every x hour,
Second-year students come to campus every y hour,
Third-year students come to campus every z hour and 
Fourth-year is very busy so they don't come regularly.
So Praveen being very clever told him the no of times in n days he can have an audience of all year student (1st,2nd & 3rd) at max. So can you code what Praveen has done?

-----Input:-----
- First line will contain $T$, number of testcases. Then the testcases follow. 
- Each testcase contains of a 2 line of input, first line contain one  integers $N$ (No of Days). 
-Next line contain 3 space separated integer the  value of x y z

-----Output:-----
For each testcase, output in a single line answer the no of times audience consists of all year.

-----Constraints-----
- $1 \leq T \leq 1000$
- $1 \leq N \leq 10^8$
- $1 \leq x,y,z \leq 10^5$

-----Sample Input:-----
1
10
8 10 6

-----Sample Output:-----
2

-----EXPLANATION:-----
First favourable condition will come on 5th day and Second on 10th day.

The output code needs to read from and write to standard IO


[END PROBLEM]

INFO - [Task id] 694 [prompt] 
## Instructions

Reason through the problem and:
1. Restate the problem in plain English
2. Conceptualize a solution first in plain English
3. Write a pseudocode solution
4. Output the final Python 3 solution with your solution steps in comments.

Make sure to wrap your code in '```python' and '```' Markdown delimiters, 
and include exactly one block of code with the entire solution.

No outside libraries are allowed.
Builtins are allowed.

INFO - [Task id] 694 [prompt] 
Also, here are some of your memories.
Feel free to use the given information to aid your problem solving process if necessary.
Do not confuse the memories with the problem statement.

## Memories

[Summary]:
    In this task, I was required to calculate the mean of maximum scores for students based on the complexity of questions assigned to them. Each student starts with a score of 10, and their score is multiplied by the complexity of the questions they solve. The challenge involved efficiently updating scores for potentially large numbers of students and questions.

    The core concept tested here was the ability to manipulate an array based on given ranges and perform arithmetic operations efficiently. The solution involved initializing an array of scores, iterating through the questions, and updating the scores for the specified range of students. After processing all questions, the mean score was calculated by summing the scores and dividing by the number of students.

    The final implementation successfully handled the input and output requirements, ensuring that the mean score was printed as an integer. The code was structured to read input in bulk for efficiency, especially given the constraints of up to 100,000 students and questions. 

    Key takeaways include the importance of efficient array manipulation and the need to consider performance when dealing with large datasets. The solution was straightforward and did not encounter unexpected errors, demonstrating a clear understanding of the problem requirements. 

    Here is the final code snippet for reference:

    ```python
    def calculate_mean_scores(T, test_cases):
        for case in test_cases:
            N, M = case[0]  # Number of students and questions
            scores = [10] * N  # Initialize scores for all students to 10
        
            for question in case[1]:  # Process each question
                i, j, k = question  # Get the range and complexity
                for student in range(i - 1, j):  # Update scores for students in range
                    scores[student] *= k
        
            mean_score = sum(scores) // N  # Calculate the mean score
            print(mean_score)  # Output the mean score

    # Read input
    import sys
    input = sys.stdin.read
    data = input().splitlines()

    T = int(data[0])  # Number of test cases
    test_cases = []
    index = 1

    for _ in range(T):
        N, M = map(int, data[index].split())
        questions = []
        for j in range(M):
            i, j, k = map(int, data[index + 1 + j].split())
            questions.append((i, j, k))
        test_cases.append(((N, M), questions))
        index += M + 1

    # Call the function with the parsed input
    calculate_mean_scores(T, test_cases)
    ```
[/Summary]


[Summary]:
    In this task, I was required to help Avani calculate the sum of values from a list of bills based on multiple queries. Each query specified a range of indices, and the goal was to return the sum of the values in that range for each query. The problem involved reading multiple test cases, processing a list of integers, and efficiently calculating sums based on given indices.

    The solution involved iterating through each test case, reading the number of bills and queries, and then processing each query by summing the specified range of values. The use of Python's built-in `sum()` function allowed for straightforward calculation of the sums. The implementation was efficient enough to handle the upper limits of the constraints provided.

    The final code snippet effectively handled the input and output requirements, ensuring that results were printed for each query. The approach was successful, and no unexpected errors were encountered during the implementation. The key takeaway was the importance of efficiently managing input and output, especially when dealing with potentially large datasets. 

    Here’s the final code for reference:

    ```python
    def process_queries(T):
        for _ in range(T):  # Iterate over each test case
            N, Q = map(int, input().split())  # Read number of bills and queries
            bills = list(map(int, input().split()))  # Read the list of bills
        
            for __ in range(Q):  # Iterate over each query
                X, Y = map(int, input().split())  # Read the query indices
                # Calculate the sum from index X-1 to Y-1 (inclusive)
                total_sum = sum(bills[X-1:Y])  
                print(total_sum)  # Output the result for the query

    # Read the number of test cases
    T = int(input())
    process_queries(T)  # Call the function with the number of test cases
    ```
[/Summary]


INFO - [Task id] 694 [generation text] 1. **Restatement of the Problem**:
   The task is to determine how many times first, second, and third-year students will all be present on campus together over a given number of days. Each group of students comes to campus at regular intervals defined by three integers (x, y, z), which represent the hours at which each group arrives. We need to find out how many times all three groups will be present on the same day within a specified number of days.

2. **Conceptualization of a Solution**:
   To solve this problem, we need to find the least common multiple (LCM) of the three intervals (x, y, z). The LCM will give us the frequency at which all three groups will be present together. Once we have the LCM, we can determine how many times this occurs within the total number of hours in the given number of days (N days = N * 24 hours). The result will be the total hours divided by the LCM.

3. **Pseudocode Solution**:
   ```
   function gcd(a, b):
       while b is not 0:
           a, b = b, a % b
       return a

   function lcm(a, b):
       return (a * b) // gcd(a, b)

   function lcm_of_three(x, y, z):
       return lcm(lcm(x, y), z)

   function count_audience_days(N, x, y, z):
       total_hours = N * 24
       lcm_value = lcm_of_three(x, y, z)
       return total_hours // lcm_value

   function main():
       read T
       for each test case:
           read N
           read x, y, z
           result = count_audience_days(N, x, y, z)
           print(result)
   ```

4. **Final Python 3 Solution**:
```python
def gcd(a, b):
    while b != 0:
        a, b = b, a % b
    return a

def lcm(a, b):
    return (a * b) // gcd(a, b)

def lcm_of_three(x, y, z):
    return lcm(lcm(x, y), z)

def count_audience_days(N, x, y, z):
    total_hours = N * 24
    lcm_value = lcm_of_three(x, y, z)
    return total_hours // lcm_value

def main():
    T = int(input())  # Read number of test cases
    for _ in range(T):
        N = int(input())  # Read number of days
        x, y, z = map(int, input().split())  # Read x, y, z
        result = count_audience_days(N, x, y, z)  # Calculate result
        print(result)  # Output the result

# Call the main function to execute the program
main()
```
INFO - program_code:
 
def gcd(a, b):
    while b != 0:
        a, b = b, a % b
    return a

def lcm(a, b):
    return (a * b) // gcd(a, b)

def lcm_of_three(x, y, z):
    return lcm(lcm(x, y), z)

def count_audience_days(N, x, y, z):
    total_hours = N * 24
    lcm_value = lcm_of_three(x, y, z)
    return total_hours // lcm_value

def main():
    T = int(input())  # Read number of test cases
    for _ in range(T):
        N = int(input())  # Read number of days
        x, y, z = map(int, input().split())  # Read x, y, z
        result = count_audience_days(N, x, y, z)  # Calculate result
        print(result)  # Output the result

# Call the main function to execute the program
main()


INFO - program_name:
 main

INFO - dependencies:
 []

INFO - raw_msg:
 1. **Restatement of the Problem**:
   The task is to determine how many times first, second, and third-year students will all be present on campus together over a given number of days. Each group of students comes to campus at regular intervals defined by three integers (x, y, z), which represent the hours at which each group arrives. We need to find out how many times all three groups will be present on the same day within a specified number of days.

2. **Conceptualization of a Solution**:
   To solve this problem, we need to find the least common multiple (LCM) of the three intervals (x, y, z). The LCM will give us the frequency at which all three groups will be present together. Once we have the LCM, we can determine how many times this occurs within the total number of hours in the given number of days (N days = N * 24 hours). The result will be the total hours divided by the LCM.

3. **Pseudocode Solution**:
   ```
   function gcd(a, b):
       while b is not 0:
           a, b = b, a % b
       return a

   function lcm(a, b):
       return (a * b) // gcd(a, b)

   function lcm_of_three(x, y, z):
       return lcm(lcm(x, y), z)

   function count_audience_days(N, x, y, z):
       total_hours = N * 24
       lcm_value = lcm_of_three(x, y, z)
       return total_hours // lcm_value

   function main():
       read T
       for each test case:
           read N
           read x, y, z
           result = count_audience_days(N, x, y, z)
           print(result)
   ```

4. **Final Python 3 Solution**:
```python
def gcd(a, b):
    while b != 0:
        a, b = b, a % b
    return a

def lcm(a, b):
    return (a * b) // gcd(a, b)

def lcm_of_three(x, y, z):
    return lcm(lcm(x, y), z)

def count_audience_days(N, x, y, z):
    total_hours = N * 24
    lcm_value = lcm_of_three(x, y, z)
    return total_hours // lcm_value

def main():
    T = int(input())  # Read number of test cases
    for _ in range(T):
        N = int(input())  # Read number of days
        x, y, z = map(int, input().split())  # Read x, y, z
        result = count_audience_days(N, x, y, z)  # Calculate result
        print(result)  # Output the result

# Call the main function to execute the program
main()
```

INFO - no_parent:
 False

INFO - full code to be executed: 
 
def gcd(a, b):
    while b != 0:
        a, b = b, a % b
    return a

def lcm(a, b):
    return (a * b) // gcd(a, b)

def lcm_of_three(x, y, z):
    return lcm(lcm(x, y), z)

def count_audience_days(N, x, y, z):
    total_hours = N * 24
    lcm_value = lcm_of_three(x, y, z)
    return total_hours // lcm_value

def main():
    T = int(input())  # Read number of test cases
    for _ in range(T):
        N = int(input())  # Read number of days
        x, y, z = map(int, input().split())  # Read x, y, z
        result = count_audience_days(N, x, y, z)  # Calculate result
        print(result)  # Output the result

# Call the main function to execute the program
main()


INFO - obs: Note: Inputs/outputs here are automatically extracted/truncated so formatting may be a bit off.
Tests passed:

 Input: ['1', '10', '8 10 6'] Output: 2

Tests failed:
None
reward: True
done: None
info: {'individual_results': [True]}
INFO - Updated entry: 
[Task]:
    The MarkiT online virtual market startup wants to organize its grand opening in NIT Patna.
    but they want maximum crowd for their inauguration. So the manager told  this  to Praveen a student in NITP who suggested them:
    The first-year students come to campus  every x hour,
   ...,

INFO - Metadata: {
    "raw_msg": "1. **Restatement of the Problem**:\n   The task is to determine how many times first, second, and third-year students will all be present on campus together over a given number of days. Each group of students comes to campus at regular intervals defined by three integers (x, y, ...

INFO - LM call n parse attempt 1 / 3

INFO - [Task id] 694 [prompt] 
You are an expert programmer tasked with solving the problem below.

Follow the user's instructions to solve the problem.
The user can ask for analysis, code, or both.

## Instructions
When asked to output code,
- Make sure to wrap your code in '```python' and '```' Markdown delimiters, 
- include exactly one block of code with the entire solution
- No outside libraries are allowed. 
- Builtins are allowed.
- If the task specifies a function name to be used, follow it strictly (be case sensitive!) and declare the that function last (helper functions are declared first).
- DO NOT write any assert statements / tests.

## Problem
[BEGIN PROBLEM]
The MarkiT online virtual market startup wants to organize its grand opening in NIT Patna.
but they want maximum crowd for their inauguration. So the manager told  this  to Praveen a student in NITP who suggested them:
The first-year students come to campus  every x hour,
Second-year students come to campus every y hour,
Third-year students come to campus every z hour and 
Fourth-year is very busy so they don't come regularly.
So Praveen being very clever told him the no of times in n days he can have an audience of all year student (1st,2nd & 3rd) at max. So can you code what Praveen has done?

-----Input:-----
- First line will contain $T$, number of testcases. Then the testcases follow. 
- Each testcase contains of a 2 line of input, first line contain one  integers $N$ (No of Days). 
-Next line contain 3 space separated integer the  value of x y z

-----Output:-----
For each testcase, output in a single line answer the no of times audience consists of all year.

-----Constraints-----
- $1 \leq T \leq 1000$
- $1 \leq N \leq 10^8$
- $1 \leq x,y,z \leq 10^5$

-----Sample Input:-----
1
10
8 10 6

-----Sample Output:-----
2

-----EXPLANATION:-----
First favourable condition will come on 5th day and Second on 10th day.

The output code needs to read from and write to standard IO


[END PROBLEM]

INFO - [Task id] 694 [prompt] 
## Instructions

Reason through the problem and:
1. Restate the problem in plain English
2. Conceptualize a solution first in plain English
3. Write a pseudocode solution
4. Output the final Python 3 solution with your solution steps in comments.

Make sure to wrap your code in '```python' and '```' Markdown delimiters, 
and include exactly one block of code with the entire solution.

No outside libraries are allowed.
Builtins are allowed.

INFO - [Task id] 694 [prompt] 1. **Restatement of the Problem**:
   The task is to determine how many times first, second, and third-year students will all be present on campus together over a given number of days. Each group of students comes to campus at regular intervals defined by three integers (x, y, z), which represent the hours at which each group arrives. We need to find out how many times all three groups will be present on the same day within a specified number of days.

2. **Conceptualization of a Solution**:
   To solve this problem, we need to find the least common multiple (LCM) of the three intervals (x, y, z). The LCM will give us the frequency at which all three groups will be present together. Once we have the LCM, we can determine how many times this occurs within the total number of hours in the given number of days (N days = N * 24 hours). The result will be the total hours divided by the LCM.

3. **Pseudocode Solution**:
   ```
   function gcd(a, b):
       while b is not 0:
           a, b = b, a % b
       return a

   function lcm(a, b):
       return (a * b) // gcd(a, b)

   function lcm_of_three(x, y, z):
       return lcm(lcm(x, y), z)

   function count_audience_days(N, x, y, z):
       total_hours = N * 24
       lcm_value = lcm_of_three(x, y, z)
       return total_hours // lcm_value

   function main():
       read T
       for each test case:
           read N
           read x, y, z
           result = count_audience_days(N, x, y, z)
           print(result)
   ```

4. **Final Python 3 Solution**:
```python
def gcd(a, b):
    while b != 0:
        a, b = b, a % b
    return a

def lcm(a, b):
    return (a * b) // gcd(a, b)

def lcm_of_three(x, y, z):
    return lcm(lcm(x, y), z)

def count_audience_days(N, x, y, z):
    total_hours = N * 24
    lcm_value = lcm_of_three(x, y, z)
    return total_hours // lcm_value

def main():
    T = int(input())  # Read number of test cases
    for _ in range(T):
        N = int(input())  # Read number of days
        x, y, z = map(int, input().split())  # Read x, y, z
        result = count_audience_days(N, x, y, z)  # Calculate result
        print(result)  # Output the result

# Call the main function to execute the program
main()
```
INFO - [Task id] 694 [prompt] 
[Environment Feedback]:
    Note: Inputs/outputs here are automatically extracted/truncated so formatting may be a bit off.
    Tests passed:

     Input: ['1', '10', '8 10 6'] Output: 2

    Tests failed:
    None
[/Environment Feedback]

INFO - [Task id] 694 [prompt] 
## Instructions
Now, summarize your attempts as a **standalone** document for your own future reference. (can skip formalities, be concise)

- Only include the most relevant information and code snippets that could be useful in the future.
- If you did not learn much from the current experience (e.g. the problem was too easy), feel free to write less or nothing at all.
- Here are some ideas if the experience was useful:
    - Identifying the core concepts and patterns that problem appears to test for
    - Describing the strategies that seemed to work but did not, and vice versa
    - Describing unexpected errors and how they were fixed

Your summary should be at most a few paragraphs.

INFO - [Task id] 694 [generation text] In this task, the goal was to determine how many times first, second, and third-year students would all be present on campus together over a specified number of days, given their respective arrival intervals. The solution involved calculating the least common multiple (LCM) of the three intervals (x, y, z) to find out how often all groups would coincide.

Key concepts included:
- **GCD and LCM**: Understanding how to compute the greatest common divisor (GCD) and using it to find the LCM was crucial. The LCM of three numbers can be derived from the LCM of two numbers iteratively.
- **Time Calculation**: Converting days into hours (N days = N * 24 hours) was necessary to determine how many times the LCM fits into the total hours.

The final implementation was straightforward and successfully handled the input and output requirements. The code was structured with helper functions for GCD, LCM, and the main logic to count audience days. The solution passed the provided test case, confirming its correctness.

Here’s the essential code snippet for future reference:

```python
def gcd(a, b):
    while b != 0:
        a, b = b, a % b
    return a

def lcm(a, b):
    return (a * b) // gcd(a, b)

def lcm_of_three(x, y, z):
    return lcm(lcm(x, y), z)

def count_audience_days(N, x, y, z):
    total_hours = N * 24
    lcm_value = lcm_of_three(x, y, z)
    return total_hours // lcm_value
```

This experience reinforced the importance of understanding mathematical concepts like GCD and LCM in programming problems, especially those involving periodic events.
INFO - LM call n parse attempt 1 / 3

INFO - [Task id] 694 [prompt] 
You are an expert programmer tasked with solving the problem below.

Follow the user's instructions to solve the problem.
The user can ask for analysis, code, or both.

## Instructions
When asked to output code,
- Make sure to wrap your code in '```python' and '```' Markdown delimiters, 
- include exactly one block of code with the entire solution
- No outside libraries are allowed. 
- Builtins are allowed.
- If the task specifies a function name to be used, follow it strictly (be case sensitive!) and declare the that function last (helper functions are declared first).
- DO NOT write any assert statements / tests.

## Problem
[BEGIN PROBLEM]
The MarkiT online virtual market startup wants to organize its grand opening in NIT Patna.
but they want maximum crowd for their inauguration. So the manager told  this  to Praveen a student in NITP who suggested them:
The first-year students come to campus  every x hour,
Second-year students come to campus every y hour,
Third-year students come to campus every z hour and 
Fourth-year is very busy so they don't come regularly.
So Praveen being very clever told him the no of times in n days he can have an audience of all year student (1st,2nd & 3rd) at max. So can you code what Praveen has done?

-----Input:-----
- First line will contain $T$, number of testcases. Then the testcases follow. 
- Each testcase contains of a 2 line of input, first line contain one  integers $N$ (No of Days). 
-Next line contain 3 space separated integer the  value of x y z

-----Output:-----
For each testcase, output in a single line answer the no of times audience consists of all year.

-----Constraints-----
- $1 \leq T \leq 1000$
- $1 \leq N \leq 10^8$
- $1 \leq x,y,z \leq 10^5$

-----Sample Input:-----
1
10
8 10 6

-----Sample Output:-----
2

-----EXPLANATION:-----
First favourable condition will come on 5th day and Second on 10th day.

The output code needs to read from and write to standard IO


[END PROBLEM]

INFO - [Task id] 694 [prompt] 
## Instructions

Reason through the problem and:
1. Restate the problem in plain English
2. Conceptualize a solution first in plain English
3. Write a pseudocode solution
4. Output the final Python 3 solution with your solution steps in comments.

Make sure to wrap your code in '```python' and '```' Markdown delimiters, 
and include exactly one block of code with the entire solution.

No outside libraries are allowed.
Builtins are allowed.

INFO - [Task id] 694 [prompt] 1. **Restatement of the Problem**:
   The task is to determine how many times first, second, and third-year students will all be present on campus together over a given number of days. Each group of students comes to campus at regular intervals defined by three integers (x, y, z), which represent the hours at which each group arrives. We need to find out how many times all three groups will be present on the same day within a specified number of days.

2. **Conceptualization of a Solution**:
   To solve this problem, we need to find the least common multiple (LCM) of the three intervals (x, y, z). The LCM will give us the frequency at which all three groups will be present together. Once we have the LCM, we can determine how many times this occurs within the total number of hours in the given number of days (N days = N * 24 hours). The result will be the total hours divided by the LCM.

3. **Pseudocode Solution**:
   ```
   function gcd(a, b):
       while b is not 0:
           a, b = b, a % b
       return a

   function lcm(a, b):
       return (a * b) // gcd(a, b)

   function lcm_of_three(x, y, z):
       return lcm(lcm(x, y), z)

   function count_audience_days(N, x, y, z):
       total_hours = N * 24
       lcm_value = lcm_of_three(x, y, z)
       return total_hours // lcm_value

   function main():
       read T
       for each test case:
           read N
           read x, y, z
           result = count_audience_days(N, x, y, z)
           print(result)
   ```

4. **Final Python 3 Solution**:
```python
def gcd(a, b):
    while b != 0:
        a, b = b, a % b
    return a

def lcm(a, b):
    return (a * b) // gcd(a, b)

def lcm_of_three(x, y, z):
    return lcm(lcm(x, y), z)

def count_audience_days(N, x, y, z):
    total_hours = N * 24
    lcm_value = lcm_of_three(x, y, z)
    return total_hours // lcm_value

def main():
    T = int(input())  # Read number of test cases
    for _ in range(T):
        N = int(input())  # Read number of days
        x, y, z = map(int, input().split())  # Read x, y, z
        result = count_audience_days(N, x, y, z)  # Calculate result
        print(result)  # Output the result

# Call the main function to execute the program
main()
```
INFO - [Task id] 694 [prompt] 
[Environment Feedback]:
    Note: Inputs/outputs here are automatically extracted/truncated so formatting may be a bit off.
    Tests passed:

     Input: ['1', '10', '8 10 6'] Output: 2

    Tests failed:
    None
[/Environment Feedback]

INFO - [Task id] 694 [prompt] 
Below is the official solution (do exercise discretion as official solutions can also have mistakes).

You will be reflecting on your attempts to solve the problem.
This will be a **standalone** document for your own future reference. (can skip formalities, be concise)

## Instructions
- Only include the most relevant insights and code snippets that could be useful in the future.
- If you did not learn much from the current experience (e.g. the problem was too easy / official solution was obvious), feel free to write less or nothing at all.
- Here are some ideas if the experience was useful:
    - If the official solution is insightful (e.g. better than yours in time and space complexity or more effective in breaking down the problem statement), distil the key approach of the official solution, step by step.
    - If your approach failed the test cases, reason why the official solution works but yours does not

Your reflection should be at most a few paragraphs.

## Official solution
import math
def fun(num1,num2):
 if num1>num2:
  a=num1
  b=num2
 else:
  a=num2
  b=num1
 rem=a%b
 while(rem!=0):
  a=b
  b=rem
  rem=a%b
 gcd=b
 return (int((num1*num2)/gcd))
  
for _ in range (int(input())):
 hours=int(input())*24
 x,y,z=list(map(int,input().split()))
 lcm=x
 lcm=fun(x,y)
 lcm=fun(lcm,z)
 print(int(hours//lcm))
  
  
    


INFO - [Task id] 694 [generation text] The official solution effectively calculates the least common multiple (LCM) of three integers (x, y, z) using a helper function to compute the greatest common divisor (GCD). The approach is straightforward and leverages the relationship between GCD and LCM, which is given by the formula: 

\[ \text{LCM}(a, b) = \frac{a \times b}{\text{GCD}(a, b)} \]

Key insights from the official solution:

1. **GCD Calculation**: The official solution uses a while loop to compute the GCD, which is a standard approach. This is efficient and ensures that the GCD is calculated correctly before determining the LCM.

2. **LCM Calculation**: The LCM is computed in a stepwise manner, first between x and y, and then the result is used to compute the LCM with z. This modular approach simplifies the problem and keeps the code clean.

3. **Total Hours Calculation**: The solution multiplies the number of days by 24 to convert days into hours, which is a necessary step to determine how many times the LCM fits into the total hours.

4. **Input Handling**: The solution reads input in a compact manner, processing multiple test cases efficiently.

In comparison to my initial approach, the official solution is more concise and directly addresses the problem without unnecessary complexity. My solution also correctly computes the LCM but could have been simplified by directly using the GCD function as shown in the official solution. The official solution's use of a single function for GCD and LCM calculation is a cleaner design choice. 

Overall, the official solution is efficient and clear, demonstrating effective use of mathematical properties to solve the problem. This experience reinforces the importance of leveraging mathematical relationships in programming challenges.
INFO - Updated entry: In this task, the goal was to determine how many times first, second, and third-year students would all be present on campus together over a specified number of days, given their respective arrival intervals. The solution involved calculating the least common multiple (LCM) of the three intervals...,

INFO - Metadata: {
    "task_id": 694
}

INFO - Updated entry: The official solution effectively calculates the least common multiple (LCM) of three integers (x, y, z) using a helper function to compute the greatest common divisor (GCD). The approach is straightforward and leverages the relationship between GCD and LCM, which is given by the formula: 

\[ \t...,

INFO - Metadata: {
    "task_id": 694
}

INFO - LM call n parse attempt 1 / 3

INFO - [Task id] 694 [prompt] 
You are a helpful assistant that writes a description of the given function written in the Python programming language.

1) Do not mention the function name.
2) Do not mention anything about helper functions.
3) There might be some helper functions before the main function, but you only need to describe the main function.
4) Try to summarize the function in no more than 6 sentences.
5) Your response should be a single line of text.

INFO - [Task id] 694 [prompt] 
def gcd(a, b):
    while b != 0:
        a, b = b, a % b
    return a

def lcm(a, b):
    return (a * b) // gcd(a, b)

def lcm_of_three(x, y, z):
    return lcm(lcm(x, y), z)

def count_audience_days(N, x, y, z):
    total_hours = N * 24
    lcm_value = lcm_of_three(x, y, z)
    return total_hours // lcm_value

def main():
    T = int(input())  # Read number of test cases
    for _ in range(T):
        N = int(input())  # Read number of days
        x, y, z = map(int, input().split())  # Read x, y, z
        result = count_audience_days(N, x, y, z)  # Calculate result
        print(result)  # Output the result

# Call the main function to execute the program
main()


The main function is `main`.
INFO - [Task id] 694 [generation text] This function reads the number of test cases and for each test case, it takes the number of days and three integers as input. It then calculates the total number of hours available based on the number of days provided. Using these inputs, it computes the result by determining how many times the least common multiple of the three integers fits into the total hours. Finally, it prints the result for each test case. The function effectively manages multiple test cases in a single execution. Overall, it serves as the entry point for the program's logic.
INFO - LM call n parse attempt 1 / 3

INFO - [Task id] 694 [prompt] 
You are a helpful assistant that extracts important information from problems and solutions to aid in searchability and education.

## Instructions
- Read through the problem and solution carefully.
- Reason out, step by step, in what scenarios this knowledge would be useful.
- Focus on general patterns and situations to help connect this knowledge to new situations.
- Then, include a list of keywords that are useful for searching this problem/solution pair.

## Response format
Respond in JSON, and follow the keys and expected format of the values strictly.

The output should be formatted as a JSON instance that conforms to the JSON schema below.

As an example, for the schema {"properties": {"foo": {"title": "Foo", "description": "a list of strings", "type": "array", "items": {"type": "string"}}}, "required": ["foo"]}
the object {"foo": ["bar", "baz"]} is a well-formatted instance of the schema. The object {"properties": {"foo": ["bar", "baz"]}} is not well-formatted.

Here is the output schema:
```
{"properties": {"scenarios": {"description": "In what scenarios will this knowledge be useful? Answer in a paragraph.", "title": "Scenarios", "type": "string"}, "keywords": {"description": "List of keywords that are useful for searching this problem/solution pair", "items": {"type": "string"}, "title": "Keywords", "type": "array"}}, "required": ["scenarios", "keywords"]}
```

INFO - [Task id] 694 [prompt] 
[Problem]
    The MarkiT online virtual market startup wants to organize its grand opening in NIT Patna.
    but they want maximum crowd for their inauguration. So the manager told  this  to Praveen a student in NITP who suggested them:
    The first-year students come to campus  every x hour,
    Second-year students come to campus every y hour,
    Third-year students come to campus every z hour and 
    Fourth-year is very busy so they don't come regularly.
    So Praveen being very clever told him the no of times in n days he can have an audience of all year student (1st,2nd & 3rd) at max. So can you code what Praveen has done?

    -----Input:-----
    - First line will contain $T$, number of testcases. Then the testcases follow. 
    - Each testcase contains of a 2 line of input, first line contain one  integers $N$ (No of Days). 
    -Next line contain 3 space separated integer the  value of x y z

    -----Output:-----
    For each testcase, output in a single line answer the no of times audience consists of all year.

    -----Constraints-----
    - $1 \leq T \leq 1000$
    - $1 \leq N \leq 10^8$
    - $1 \leq x,y,z \leq 10^5$

    -----Sample Input:-----
    1
    10
    8 10 6

    -----Sample Output:-----
    2

    -----EXPLANATION:-----
    First favourable condition will come on 5th day and Second on 10th day.
[/Problem]

[Solution]

    def gcd(a, b):
        while b != 0:
            a, b = b, a % b
        return a

    def lcm(a, b):
        return (a * b) // gcd(a, b)

    def lcm_of_three(x, y, z):
        return lcm(lcm(x, y), z)

    def count_audience_days(N, x, y, z):
        total_hours = N * 24
        lcm_value = lcm_of_three(x, y, z)
        return total_hours // lcm_value

    def main():
        T = int(input())  # Read number of test cases
        for _ in range(T):
            N = int(input())  # Read number of days
            x, y, z = map(int, input().split())  # Read x, y, z
            result = count_audience_days(N, x, y, z)  # Calculate result
            print(result)  # Output the result

    # Call the main function to execute the program
    main()

[/Solution]

INFO - [Task id] 694 [generation text] 
INFO - {
    "scenarios": "This knowledge is useful in scenarios where event organizers need to maximize attendance by scheduling events based on the availability of different groups of people. For instance, it can be applied in educational institutions planning events for students from various years, businesses organizing promotions targeting specific customer segments, or any situation where timing and synchronization of multiple groups are crucial for maximizing participation. Understanding how to calculate the least common multiple (LCM) of different time intervals can help in planning such events effectively.",
    "keywords": [
        "audience calculation",
        "LCM",
        "event planning",
        "student attendance",
        "time intervals",
        "scheduling events",
        "maximum crowd",
        "NIT Patna",
        "MarkiT startup",
        "Python programming"
    ]
}
INFO - {
    "scenarios": "This knowledge is useful in scenarios where event organizers need to maximize attendance by scheduling events based on the availability of different groups of people. For instance, it can be applied in educational institutions planning events for students from various years, businesses organizing promotions targeting specific customer segments, or any situation where timing and synchronization of multiple groups are crucial for maximizing participation. Understanding how to calculate the least common multiple (LCM) of different time intervals can help in planning such events effectively.",
    "keywords": [
        "audience calculation",
        "LCM",
        "event planning",
        "student attendance",
        "time intervals",
        "scheduling events",
        "maximum crowd",
        "NIT Patna",
        "MarkiT startup",
        "Python programming"
    ]
}
INFO - Updated entry: 
[description for function: main]
This function reads the number of test cases and for each test case, it takes the number of days and three integers as input. It then calculates the total number of hours available based on the number of days provided. Using these inputs, it computes the result b...,

INFO - Metadata: {
    "task": 694,
    "code": "\ndef gcd(a, b):\n    while b != 0:\n        a, b = b, a % b\n    return a\n\ndef lcm(a, b):\n    return (a * b) // gcd(a, b)\n\ndef lcm_of_three(x, y, z):\n    return lcm(lcm(x, y), z)\n\ndef count_audience_days(N, x, y, z):\n    total_hours = N * 24\n    lcm_valu...

