INFO - DB skill doc count: 0

INFO - DB non_func doc count: 15

INFO - DB semantic doc count: 429

INFO - DB summaries doc count: 20

INFO - DB reflections doc count: 20

INFO - DB episodic doc count: 38

INFO - [train iter]: 20/100 

INFO - The task prompt is Blob is a computer science student. He recently got an internship from Chef's enterprise. Along with the programming he has various other skills too like graphic designing, digital marketing and social media management. Looking at his skills Chef has provided him different tasks A[1…N] which have...

INFO - Attempting task_id 710
INFO - LM call n parse attempt 1 / 3

INFO - [Task id] 710 [prompt] 
You are an expert programmer tasked with solving the problem below.

Follow the user's instructions to solve the problem.
The user can ask for analysis, code, or both.

## Instructions
When asked to output code,
- Make sure to wrap your code in '```python' and '```' Markdown delimiters, 
- include exactly one block of code with the entire solution
- No outside libraries are allowed. 
- Builtins are allowed.
- If the task specifies a function name to be used, follow it strictly (be case sensitive!) and declare the that function last (helper functions are declared first).
- DO NOT write any assert statements / tests.

## Problem
[BEGIN PROBLEM]
Blob is a computer science student. He recently got an internship from Chef's enterprise. Along with the programming he has various other skills too like graphic designing, digital marketing and social media management. Looking at his skills Chef has provided him different tasks A[1…N] which have their own scores. Blog wants to maximize the  value of the expression A[d]-A[c]+A[b]-A[a] such that d>c>b>a.

Can you help him in this?

-----Input:-----
- The first line contain the integer N
- The second line contains N space separated integers representing A[1], A[2] … A[N]

-----Output:-----
The maximum score that is possible

-----Constraints-----
- $4 \leq N \leq 10^4$
- $0 \leq A[i] \leq 10^5$

-----Sample Input:-----
6

3 9 10 1 30 40

-----Sample Output:-----
46

The output code needs to read from and write to standard IO


[END PROBLEM]

INFO - [Task id] 710 [prompt] 
## Instructions

Reason through the problem and:
1. Restate the problem in plain English
2. Conceptualize a solution first in plain English
3. Write a pseudocode solution
4. Output the final Python 3 solution with your solution steps in comments.

Make sure to wrap your code in '```python' and '```' Markdown delimiters, 
and include exactly one block of code with the entire solution.

No outside libraries are allowed.
Builtins are allowed.

INFO - [Task id] 710 [generation text] 1. **Restate the problem in plain English:**
   We need to find the maximum value of the expression A[d] - A[c] + A[b] - A[a] where the indices d, c, b, and a are in strictly increasing order (d > c > b > a). The input consists of an integer N followed by a list of N integers representing the scores.

2. **Conceptualize a solution first in plain English:**
   To maximize the expression A[d] - A[c] + A[b] - A[a], we can break it down into parts:
   - We want to maximize A[d] while minimizing A[c].
   - We also want to maximize A[b] while minimizing A[a].
   We can achieve this by iterating through the list and keeping track of the minimum values for A[a] and A[c] as we go, and calculating the potential maximum score at each step.

3. **Write a pseudocode solution:**
   ```
   Initialize max_score to a very small number
   Initialize min_a to A[0] (the first element)
   Initialize min_c to A[1] (the second element)
   
   For b from 2 to N-3:
       Update min_a to the minimum of min_a and A[b-2]
       Update min_c to the minimum of min_c and A[b-1]
       For d from b+1 to N-1:
           Calculate current_score = A[d] - min_c + A[b] - min_a
           Update max_score to the maximum of max_score and current_score
   
   Return max_score
   ```

4. **Output the final Python 3 solution with your solution steps in comments:**
```python
def maximize_expression(N, A):
    # Initialize max_score to a very small number
    max_score = float('-inf')
    # Initialize min_a to A[0] (the first element)
    min_a = A[0]
    # Initialize min_c to A[1] (the second element)
    min_c = A[1]
    
    # Iterate over b from index 2 to N-3
    for b in range(2, N-1):
        # Update min_a to the minimum of min_a and A[b-2]
        min_a = min(min_a, A[b-2])
        # Update min_c to the minimum of min_c and A[b-1]
        min_c = min(min_c, A[b-1])
        
        # Iterate over d from b+1 to N-1
        for d in range(b+1, N):
            # Calculate current_score
            current_score = A[d] - min_c + A[b] - min_a
            # Update max_score to the maximum of max_score and current_score
            max_score = max(max_score, current_score)
    
    # Return the maximum score found
    return max_score
```
INFO - [35m Rollout attempt 1/4[0m
INFO - [33m Retrieving 2 entries for db: episodic 
 [0m
INFO - Retrieved (score=0.3718):

[Task]:
    For a permutation P = (p1, p2, ..., pN) of numbers [1, 2, ..., N], we define the function f(P) = max(p1, p2) + max(p2, p3) + ... + max(pN-1, pN).
    You are given N and an integer K. Find and report a permutation P of [1, 2, ..., N] such that f(P) = K, if such a permutation exists.
...


INFO - Retrieved (score=0.3998):

[Task]:
    Let's call a sequence good if the sum of all its elements is $0$.
    You have a sequence of integers $A_1, A_2, \ldots, A_N$. You may perform any number of operations on this sequence (including zero). In one operation, you should choose a valid index $i$ and decrease $A_i$ by $i$. ...


INFO - [33m Retrieving 2 entries for db: semantic 
 [0m
INFO - Retrieved (score=0.4537):
Title: Continued fractions
Part: 4/12
```

!!! example "[GCJ 2019, Round 2 - New Elements: Part 2](https://codingcompetitions.withgoogle.com/codejam/round/0000000000051679/0000000000146184)"
    You're given $N$ positive integer pairs $(C_i, J_i)$. You need to find a positive integer pair $(x, y)...


INFO - Retrieved (score=0.4677):
Title: Continued fractions
Part: 11/12
```
    === "Python"
        ```py
        # returns [ah, ph, qh] such that points r[i]=(ph[i], qh[i]) constitute upper convex hull
        # of lattice points on 0 <= x <= N and 0 <= y <= r * x, where r = [a0; a1, a2, ...]
        # and there are ah[i]-1 in...


INFO - [33m Retrieving 2 entries for db: reflections 
 [0m
INFO - Retrieved (score=0.4280):
The official solution employs a dynamic programming approach that efficiently calculates the maximum sum of pizza slices while considering the constraints of the problem. Here are the key insights and steps from the official solution:

1. **Initialization**: Two lists, `a` and `b`, are initialize...


INFO - Retrieved (score=0.4418):
In my attempts to solve the problem of calculating the maximum strength of the Pokémon army, I learned several key insights that can be useful for future reference.

1. **Understanding the Alternating Sum:** The problem requires maximizing an alternating sum of selected Pokémon strengths. My init...


INFO - [33m Retrieving 2 entries for db: summaries 
 [0m
INFO - Retrieved (score=0.3687):
In this problem, the goal was to calculate the maximum strength of an army formed by selecting a non-empty subsequence of Pokémon strengths, where the strength is defined as an alternating sum. The alternating sum is calculated as \( a_{b_1} - a_{b_2} + a_{b_3} - a_{b_4} + \ldots \).

Initially, ...


INFO - Retrieved (score=0.3697):
In this task, I was required to calculate the mean of maximum scores for students based on the complexity of questions assigned to them. Each student starts with a score of 10, and their score is multiplied by the complexity of the questions they solve. The challenge involved efficiently updating...


INFO - [33m Retrieving 2 entries for db: non_func 
 [0m
INFO - Retrieved (score=0.4613):

[description]
The function calculates the maximum sum of slices that can be selected from a given list, ensuring that no two selected slices are adjacent and that exactly one-third of the total slices can be chosen. It uses dynamic programming to evaluate two scenarios: one where the first slice...


INFO - Retrieved (score=0.4875):

[description]
This function calculates the minimum possible weight of the last stone after performing a series of operations on a list of stone weights. It first computes the total weight of all stones and determines a target weight that represents half of this total. A dynamic programming appro...


INFO - Retrieved (score=0.3687): 
[Summary]:
    In this problem, the goal was to calculate the maximum strength of an army formed by selecting a non-empty subsequence of Pokémon strengths, where the strength is defined as an alternating sum. The alternating sum is calculated as \( a_{b_1} - a_{b_2} + a_{b_3} - a_{b_4} + \ldots ...
INFO - Retrieved (score=0.3697): 
[Summary]:
    In this task, I was required to calculate the mean of maximum scores for students based on the complexity of questions assigned to them. Each student starts with a score of 10, and their score is multiplied by the complexity of the questions they solve. The challenge involved effi...
INFO - LM call n parse attempt 1 / 3

INFO - [Task id] 710 [prompt] 
You are an expert programmer tasked with solving the problem below.

Follow the user's instructions to solve the problem.
The user can ask for analysis, code, or both.

## Instructions
When asked to output code,
- Make sure to wrap your code in '```python' and '```' Markdown delimiters, 
- include exactly one block of code with the entire solution
- No outside libraries are allowed. 
- Builtins are allowed.
- If the task specifies a function name to be used, follow it strictly (be case sensitive!) and declare the that function last (helper functions are declared first).
- DO NOT write any assert statements / tests.

## Problem
[BEGIN PROBLEM]
Blob is a computer science student. He recently got an internship from Chef's enterprise. Along with the programming he has various other skills too like graphic designing, digital marketing and social media management. Looking at his skills Chef has provided him different tasks A[1…N] which have their own scores. Blog wants to maximize the  value of the expression A[d]-A[c]+A[b]-A[a] such that d>c>b>a.

Can you help him in this?

-----Input:-----
- The first line contain the integer N
- The second line contains N space separated integers representing A[1], A[2] … A[N]

-----Output:-----
The maximum score that is possible

-----Constraints-----
- $4 \leq N \leq 10^4$
- $0 \leq A[i] \leq 10^5$

-----Sample Input:-----
6

3 9 10 1 30 40

-----Sample Output:-----
46

The output code needs to read from and write to standard IO


[END PROBLEM]

INFO - [Task id] 710 [prompt] 
## Instructions

Reason through the problem and:
1. Restate the problem in plain English
2. Conceptualize a solution first in plain English
3. Write a pseudocode solution
4. Output the final Python 3 solution with your solution steps in comments.

Make sure to wrap your code in '```python' and '```' Markdown delimiters, 
and include exactly one block of code with the entire solution.

No outside libraries are allowed.
Builtins are allowed.

INFO - [Task id] 710 [prompt] 
Also, here are some of your memories.
Feel free to use the given information to aid your problem solving process if necessary.
Do not confuse the memories with the problem statement.

## Memories

[Summary]:
    In this problem, the goal was to calculate the maximum strength of an army formed by selecting a non-empty subsequence of Pokémon strengths, where the strength is defined as an alternating sum. The alternating sum is calculated as \( a_{b_1} - a_{b_2} + a_{b_3} - a_{b_4} + \ldots \).

    Initially, I attempted to solve the problem by sorting the strengths in descending order and calculating the alternating sum based on the sorted order. However, this approach did not yield the correct results because it failed to account for the optimal selection of Pokémon to maximize the alternating sum.

    The correct strategy involves sorting the strengths and then iterating through the sorted list, adding strengths at odd indices and subtracting strengths at even indices. This ensures that the largest strengths contribute positively to the sum while minimizing the negative contributions from the smaller strengths.

    Despite multiple attempts to refine the solution, the implementation consistently failed to produce the expected output, indicating a deeper issue with the approach or logic. The final implementation aimed to collect results and print them in one go to optimize output handling, but it still did not resolve the underlying problem.

    Key takeaways:
    - The alternating sum requires careful selection of elements based on their contribution to the total.
    - Sorting the strengths is essential, but the logic for calculating the alternating sum must be correctly implemented.
    - Efficient input and output handling can improve performance, especially with larger datasets. 

    The final code snippet that was attempted is as follows:

    ```python
    def max_strength(t, test_cases):
        results = []
        for case in test_cases:
            n = case[0]  # Number of Pokémon
            a = case[1]  # List of strengths
        
            # Sort the strengths in descending order
            a.sort(reverse=True)
        
            max_strength = 0
        
            # Calculate the maximum alternating sum
            for i in range(n):
                if i % 2 == 0:  # Odd position in terms of 1-based index (0, 2, 4... in 0-based)
                    max_strength += a[i]
                else:  # Even position in terms of 1-based index (1, 3, 5... in 0-based)
                    max_strength -= a[i]
        
            results.append(max_strength)  # Store the maximum strength for this test case

        # Print all results at once
        for result in results:
            print(result)
    ``` 

    This experience highlighted the importance of thoroughly understanding the problem requirements and ensuring that the logic aligns with the mathematical principles involved in the solution.
[/Summary]


[Summary]:
    In this task, I was required to calculate the mean of maximum scores for students based on the complexity of questions assigned to them. Each student starts with a score of 10, and their score is multiplied by the complexity of the questions they solve. The challenge involved efficiently updating scores for potentially large numbers of students and questions.

    The core concept tested here was the ability to manipulate an array based on given ranges and perform arithmetic operations efficiently. The solution involved initializing an array of scores, iterating through the questions, and updating the scores for the specified range of students. After processing all questions, the mean score was calculated by summing the scores and dividing by the number of students.

    The final implementation successfully handled the input and output requirements, ensuring that the mean score was printed as an integer. The code was structured to read input in bulk for efficiency, especially given the constraints of up to 100,000 students and questions. 

    Key takeaways include the importance of efficient array manipulation and the need to consider performance when dealing with large datasets. The solution was straightforward and did not encounter unexpected errors, demonstrating a clear understanding of the problem requirements. 

    Here is the final code snippet for reference:

    ```python
    def calculate_mean_scores(T, test_cases):
        for case in test_cases:
            N, M = case[0]  # Number of students and questions
            scores = [10] * N  # Initialize scores for all students to 10
        
            for question in case[1]:  # Process each question
                i, j, k = question  # Get the range and complexity
                for student in range(i - 1, j):  # Update scores for students in range
                    scores[student] *= k
        
            mean_score = sum(scores) // N  # Calculate the mean score
            print(mean_score)  # Output the mean score

    # Read input
    import sys
    input = sys.stdin.read
    data = input().splitlines()

    T = int(data[0])  # Number of test cases
    test_cases = []
    index = 1

    for _ in range(T):
        N, M = map(int, data[index].split())
        questions = []
        for j in range(M):
            i, j, k = map(int, data[index + 1 + j].split())
            questions.append((i, j, k))
        test_cases.append(((N, M), questions))
        index += M + 1

    # Call the function with the parsed input
    calculate_mean_scores(T, test_cases)
    ```
[/Summary]


INFO - [Task id] 710 [generation text] 1. **Restate the problem in plain English**:
   The task is to find the maximum value of the expression \( A[d] - A[c] + A[b] - A[a] \) where the indices \( d, c, b, a \) must satisfy \( d > c > b > a \). Given an array of integers, we need to select four indices such that the expression is maximized.

2. **Conceptualize a solution first in plain English**:
   To solve this problem, we can break down the expression into parts that can be maximized and minimized separately. We can iterate through the array while keeping track of the maximum possible values for \( A[d] \) and \( A[b] \) as we progress through the indices. For each potential \( A[c] \) and \( A[a] \), we can calculate the value of the expression and update the maximum found so far.

3. **Write a pseudocode solution**:
   ```
   Initialize max_score to a very small number
   Initialize max_A_b to negative infinity
   Initialize max_A_d to negative infinity

   For c from 1 to N-3:
       Update max_A_b with the maximum of A[b] for b < c
       For a from 0 to c-1:
           Calculate current_score = A[d] - A[c] + max_A_b - A[a]
           Update max_score if current_score is greater than max_score
           Update max_A_d with the maximum of A[d] for d > c

   Return max_score
   ```

4. **Output the final Python 3 solution with your solution steps in comments**:
```python
def maximize_expression(N, A):
    max_score = float('-inf')  # Initialize max_score to a very small number
    max_A_b = float('-inf')     # Initialize max_A_b to negative infinity
    max_A_d = float('-inf')     # Initialize max_A_d to negative infinity

    # Iterate through possible values of c
    for c in range(1, N - 2):
        # Update max_A_b for b < c
        for b in range(c):
            max_A_b = max(max_A_b, A[b])
        
        # Iterate through possible values of a
        for a in range(c):
            # Calculate the current score for the expression
            current_score = max_A_d - A[c] + max_A_b - A[a]
            max_score = max(max_score, current_score)
        
        # Update max_A_d for d > c
        for d in range(c + 1, N):
            max_A_d = max(max_A_d, A[d])

    return max_score  # Return the maximum score found

# Read input
N = int(input())
A = list(map(int, input().split()))

# Call the function and print the result
print(maximize_expression(N, A))
```
INFO - program_code:
 
def maximize_expression(N, A):
    max_score = float('-inf')  # Initialize max_score to a very small number
    max_A_b = float('-inf')     # Initialize max_A_b to negative infinity
    max_A_d = float('-inf')     # Initialize max_A_d to negative infinity

    # Iterate through possible values of c
    for c in range(1, N - 2):
        # Update max_A_b for b < c
        for b in range(c):
            max_A_b = max(max_A_b, A[b])
        
        # Iterate through possible values of a
        for a in range(c):
            # Calculate the current score for the expression
            current_score = max_A_d - A[c] + max_A_b - A[a]
            max_score = max(max_score, current_score)
        
        # Update max_A_d for d > c
        for d in range(c + 1, N):
            max_A_d = max(max_A_d, A[d])

    return max_score  # Return the maximum score found

# Read input
N = int(input())
A = list(map(int, input().split()))

# Call the function and print the result
print(maximize_expression(N, A))


INFO - program_name:
 maximize_expression

INFO - dependencies:
 []

INFO - raw_msg:
 1. **Restate the problem in plain English**:
   The task is to find the maximum value of the expression \( A[d] - A[c] + A[b] - A[a] \) where the indices \( d, c, b, a \) must satisfy \( d > c > b > a \). Given an array of integers, we need to select four indices such that the expression is maximized.

2. **Conceptualize a solution first in plain English**:
   To solve this problem, we can break down the expression into parts that can be maximized and minimized separately. We can iterate through the array while keeping track of the maximum possible values for \( A[d] \) and \( A[b] \) as we progress through the indices. For each potential \( A[c] \) and \( A[a] \), we can calculate the value of the expression and update the maximum found so far.

3. **Write a pseudocode solution**:
   ```
   Initialize max_score to a very small number
   Initialize max_A_b to negative infinity
   Initialize max_A_d to negative infinity

   For c from 1 to N-3:
       Update max_A_b with the maximum of A[b] for b < c
       For a from 0 to c-1:
           Calculate current_score = A[d] - A[c] + max_A_b - A[a]
           Update max_score if current_score is greater than max_score
           Update max_A_d with the maximum of A[d] for d > c

   Return max_score
   ```

4. **Output the final Python 3 solution with your solution steps in comments**:
```python
def maximize_expression(N, A):
    max_score = float('-inf')  # Initialize max_score to a very small number
    max_A_b = float('-inf')     # Initialize max_A_b to negative infinity
    max_A_d = float('-inf')     # Initialize max_A_d to negative infinity

    # Iterate through possible values of c
    for c in range(1, N - 2):
        # Update max_A_b for b < c
        for b in range(c):
            max_A_b = max(max_A_b, A[b])
        
        # Iterate through possible values of a
        for a in range(c):
            # Calculate the current score for the expression
            current_score = max_A_d - A[c] + max_A_b - A[a]
            max_score = max(max_score, current_score)
        
        # Update max_A_d for d > c
        for d in range(c + 1, N):
            max_A_d = max(max_A_d, A[d])

    return max_score  # Return the maximum score found

# Read input
N = int(input())
A = list(map(int, input().split()))

# Call the function and print the result
print(maximize_expression(N, A))
```

INFO - no_parent:
 False

INFO - full code to be executed: 
 
def maximize_expression(N, A):
    max_score = float('-inf')  # Initialize max_score to a very small number
    max_A_b = float('-inf')     # Initialize max_A_b to negative infinity
    max_A_d = float('-inf')     # Initialize max_A_d to negative infinity

    # Iterate through possible values of c
    for c in range(1, N - 2):
        # Update max_A_b for b < c
        for b in range(c):
            max_A_b = max(max_A_b, A[b])
        
        # Iterate through possible values of a
        for a in range(c):
            # Calculate the current score for the expression
            current_score = max_A_d - A[c] + max_A_b - A[a]
            max_score = max(max_score, current_score)
        
        # Update max_A_d for d > c
        for d in range(c + 1, N):
            max_A_d = max(max_A_d, A[d])

    return max_score  # Return the maximum score found

# Read input
N = int(input())
A = list(map(int, input().split()))

# Call the function and print the result
print(maximize_expression(N, A))


INFO - obs: Note: Inputs/outputs here are automatically extracted/truncated so formatting may be a bit off.
Tests passed:

 Input: ['6', '3 9 10 1 30 40'] Output: 46

Tests failed:
None
reward: True
done: None
info: {'individual_results': [True]}
INFO - Updated entry: 
[Task]:
    Blob is a computer science student. He recently got an internship from Chef's enterprise. Along with the programming he has various other skills too like graphic designing, digital marketing and social media management. Looking at his skills Chef has provided him different tasks A[1…...,

INFO - Metadata: {
    "raw_msg": "1. **Restate the problem in plain English**:\n   The task is to find the maximum value of the expression \\( A[d] - A[c] + A[b] - A[a] \\) where the indices \\( d, c, b, a \\) must satisfy \\( d > c > b > a \\). Given an array of integers, we need to select four indices such tha...

INFO - LM call n parse attempt 1 / 3

INFO - [Task id] 710 [prompt] 
You are an expert programmer tasked with solving the problem below.

Follow the user's instructions to solve the problem.
The user can ask for analysis, code, or both.

## Instructions
When asked to output code,
- Make sure to wrap your code in '```python' and '```' Markdown delimiters, 
- include exactly one block of code with the entire solution
- No outside libraries are allowed. 
- Builtins are allowed.
- If the task specifies a function name to be used, follow it strictly (be case sensitive!) and declare the that function last (helper functions are declared first).
- DO NOT write any assert statements / tests.

## Problem
[BEGIN PROBLEM]
Blob is a computer science student. He recently got an internship from Chef's enterprise. Along with the programming he has various other skills too like graphic designing, digital marketing and social media management. Looking at his skills Chef has provided him different tasks A[1…N] which have their own scores. Blog wants to maximize the  value of the expression A[d]-A[c]+A[b]-A[a] such that d>c>b>a.

Can you help him in this?

-----Input:-----
- The first line contain the integer N
- The second line contains N space separated integers representing A[1], A[2] … A[N]

-----Output:-----
The maximum score that is possible

-----Constraints-----
- $4 \leq N \leq 10^4$
- $0 \leq A[i] \leq 10^5$

-----Sample Input:-----
6

3 9 10 1 30 40

-----Sample Output:-----
46

The output code needs to read from and write to standard IO


[END PROBLEM]

INFO - [Task id] 710 [prompt] 
## Instructions

Reason through the problem and:
1. Restate the problem in plain English
2. Conceptualize a solution first in plain English
3. Write a pseudocode solution
4. Output the final Python 3 solution with your solution steps in comments.

Make sure to wrap your code in '```python' and '```' Markdown delimiters, 
and include exactly one block of code with the entire solution.

No outside libraries are allowed.
Builtins are allowed.

INFO - [Task id] 710 [prompt] 1. **Restate the problem in plain English**:
   The task is to find the maximum value of the expression \( A[d] - A[c] + A[b] - A[a] \) where the indices \( d, c, b, a \) must satisfy \( d > c > b > a \). Given an array of integers, we need to select four indices such that the expression is maximized.

2. **Conceptualize a solution first in plain English**:
   To solve this problem, we can break down the expression into parts that can be maximized and minimized separately. We can iterate through the array while keeping track of the maximum possible values for \( A[d] \) and \( A[b] \) as we progress through the indices. For each potential \( A[c] \) and \( A[a] \), we can calculate the value of the expression and update the maximum found so far.

3. **Write a pseudocode solution**:
   ```
   Initialize max_score to a very small number
   Initialize max_A_b to negative infinity
   Initialize max_A_d to negative infinity

   For c from 1 to N-3:
       Update max_A_b with the maximum of A[b] for b < c
       For a from 0 to c-1:
           Calculate current_score = A[d] - A[c] + max_A_b - A[a]
           Update max_score if current_score is greater than max_score
           Update max_A_d with the maximum of A[d] for d > c

   Return max_score
   ```

4. **Output the final Python 3 solution with your solution steps in comments**:
```python
def maximize_expression(N, A):
    max_score = float('-inf')  # Initialize max_score to a very small number
    max_A_b = float('-inf')     # Initialize max_A_b to negative infinity
    max_A_d = float('-inf')     # Initialize max_A_d to negative infinity

    # Iterate through possible values of c
    for c in range(1, N - 2):
        # Update max_A_b for b < c
        for b in range(c):
            max_A_b = max(max_A_b, A[b])
        
        # Iterate through possible values of a
        for a in range(c):
            # Calculate the current score for the expression
            current_score = max_A_d - A[c] + max_A_b - A[a]
            max_score = max(max_score, current_score)
        
        # Update max_A_d for d > c
        for d in range(c + 1, N):
            max_A_d = max(max_A_d, A[d])

    return max_score  # Return the maximum score found

# Read input
N = int(input())
A = list(map(int, input().split()))

# Call the function and print the result
print(maximize_expression(N, A))
```
INFO - [Task id] 710 [prompt] 
[Environment Feedback]:
    Note: Inputs/outputs here are automatically extracted/truncated so formatting may be a bit off.
    Tests passed:

     Input: ['6', '3 9 10 1 30 40'] Output: 46

    Tests failed:
    None
[/Environment Feedback]

INFO - [Task id] 710 [prompt] 
## Instructions
Now, summarize your attempts as a **standalone** document for your own future reference. (can skip formalities, be concise)

- Only include the most relevant information and code snippets that could be useful in the future.
- If you did not learn much from the current experience (e.g. the problem was too easy), feel free to write less or nothing at all.
- Here are some ideas if the experience was useful:
    - Identifying the core concepts and patterns that problem appears to test for
    - Describing the strategies that seemed to work but did not, and vice versa
    - Describing unexpected errors and how they were fixed

Your summary should be at most a few paragraphs.

INFO - [Task id] 710 [generation text] In this task, the goal was to maximize the expression \( A[d] - A[c] + A[b] - A[a] \) with the constraints \( d > c > b > a \). The approach involved iterating through the array while maintaining the maximum values for \( A[b] \) and \( A[d] \) as we processed potential values for \( A[c] \) and \( A[a] \).

The solution effectively utilized nested loops to track the maximum values of \( A[b] \) and \( A[d] \) while calculating the score for each valid combination of indices. The key was to ensure that the indices adhered to the required order, which was managed by the loop structure.

The final implementation was successful, passing the provided test case and returning the expected output. The code was structured to first define helper logic and then encapsulate the main functionality in a single function, adhering to the problem's requirements. This experience reinforced the importance of maintaining clarity in index management when dealing with constraints in combinatorial problems. 

The final code snippet is as follows:

```python
def maximize_expression(N, A):
    max_score = float('-inf')  # Initialize max_score to a very small number
    max_A_b = float('-inf')     # Initialize max_A_b to negative infinity
    max_A_d = float('-inf')     # Initialize max_A_d to negative infinity

    # Iterate through possible values of c
    for c in range(1, N - 2):
        # Update max_A_b for b < c
        for b in range(c):
            max_A_b = max(max_A_b, A[b])
        
        # Iterate through possible values of a
        for a in range(c):
            # Calculate the current score for the expression
            current_score = max_A_d - A[c] + max_A_b - A[a]
            max_score = max(max_score, current_score)
        
        # Update max_A_d for d > c
        for d in range(c + 1, N):
            max_A_d = max(max_A_d, A[d])

    return max_score  # Return the maximum score found
``` 

This summary encapsulates the problem-solving process and the strategies that were effective in arriving at the solution.
INFO - LM call n parse attempt 1 / 3

INFO - [Task id] 710 [prompt] 
You are an expert programmer tasked with solving the problem below.

Follow the user's instructions to solve the problem.
The user can ask for analysis, code, or both.

## Instructions
When asked to output code,
- Make sure to wrap your code in '```python' and '```' Markdown delimiters, 
- include exactly one block of code with the entire solution
- No outside libraries are allowed. 
- Builtins are allowed.
- If the task specifies a function name to be used, follow it strictly (be case sensitive!) and declare the that function last (helper functions are declared first).
- DO NOT write any assert statements / tests.

## Problem
[BEGIN PROBLEM]
Blob is a computer science student. He recently got an internship from Chef's enterprise. Along with the programming he has various other skills too like graphic designing, digital marketing and social media management. Looking at his skills Chef has provided him different tasks A[1…N] which have their own scores. Blog wants to maximize the  value of the expression A[d]-A[c]+A[b]-A[a] such that d>c>b>a.

Can you help him in this?

-----Input:-----
- The first line contain the integer N
- The second line contains N space separated integers representing A[1], A[2] … A[N]

-----Output:-----
The maximum score that is possible

-----Constraints-----
- $4 \leq N \leq 10^4$
- $0 \leq A[i] \leq 10^5$

-----Sample Input:-----
6

3 9 10 1 30 40

-----Sample Output:-----
46

The output code needs to read from and write to standard IO


[END PROBLEM]

INFO - [Task id] 710 [prompt] 
## Instructions

Reason through the problem and:
1. Restate the problem in plain English
2. Conceptualize a solution first in plain English
3. Write a pseudocode solution
4. Output the final Python 3 solution with your solution steps in comments.

Make sure to wrap your code in '```python' and '```' Markdown delimiters, 
and include exactly one block of code with the entire solution.

No outside libraries are allowed.
Builtins are allowed.

INFO - [Task id] 710 [prompt] 1. **Restate the problem in plain English**:
   The task is to find the maximum value of the expression \( A[d] - A[c] + A[b] - A[a] \) where the indices \( d, c, b, a \) must satisfy \( d > c > b > a \). Given an array of integers, we need to select four indices such that the expression is maximized.

2. **Conceptualize a solution first in plain English**:
   To solve this problem, we can break down the expression into parts that can be maximized and minimized separately. We can iterate through the array while keeping track of the maximum possible values for \( A[d] \) and \( A[b] \) as we progress through the indices. For each potential \( A[c] \) and \( A[a] \), we can calculate the value of the expression and update the maximum found so far.

3. **Write a pseudocode solution**:
   ```
   Initialize max_score to a very small number
   Initialize max_A_b to negative infinity
   Initialize max_A_d to negative infinity

   For c from 1 to N-3:
       Update max_A_b with the maximum of A[b] for b < c
       For a from 0 to c-1:
           Calculate current_score = A[d] - A[c] + max_A_b - A[a]
           Update max_score if current_score is greater than max_score
           Update max_A_d with the maximum of A[d] for d > c

   Return max_score
   ```

4. **Output the final Python 3 solution with your solution steps in comments**:
```python
def maximize_expression(N, A):
    max_score = float('-inf')  # Initialize max_score to a very small number
    max_A_b = float('-inf')     # Initialize max_A_b to negative infinity
    max_A_d = float('-inf')     # Initialize max_A_d to negative infinity

    # Iterate through possible values of c
    for c in range(1, N - 2):
        # Update max_A_b for b < c
        for b in range(c):
            max_A_b = max(max_A_b, A[b])
        
        # Iterate through possible values of a
        for a in range(c):
            # Calculate the current score for the expression
            current_score = max_A_d - A[c] + max_A_b - A[a]
            max_score = max(max_score, current_score)
        
        # Update max_A_d for d > c
        for d in range(c + 1, N):
            max_A_d = max(max_A_d, A[d])

    return max_score  # Return the maximum score found

# Read input
N = int(input())
A = list(map(int, input().split()))

# Call the function and print the result
print(maximize_expression(N, A))
```
INFO - [Task id] 710 [prompt] 
[Environment Feedback]:
    Note: Inputs/outputs here are automatically extracted/truncated so formatting may be a bit off.
    Tests passed:

     Input: ['6', '3 9 10 1 30 40'] Output: 46

    Tests failed:
    None
[/Environment Feedback]

INFO - [Task id] 710 [prompt] 
Below is the official solution (do exercise discretion as official solutions can also have mistakes).

You will be reflecting on your attempts to solve the problem.
This will be a **standalone** document for your own future reference. (can skip formalities, be concise)

## Instructions
- Only include the most relevant insights and code snippets that could be useful in the future.
- If you did not learn much from the current experience (e.g. the problem was too easy / official solution was obvious), feel free to write less or nothing at all.
- Here are some ideas if the experience was useful:
    - If the official solution is insightful (e.g. better than yours in time and space complexity or more effective in breaking down the problem statement), distil the key approach of the official solution, step by step.
    - If your approach failed the test cases, reason why the official solution works but yours does not

Your reflection should be at most a few paragraphs.

## Official solution
def maxval(arr):
    fn = [float('-inf')]*(len(arr)+1)
    sn = [float('-inf')]*len(arr)
    tn = [float('-inf')]*(len(arr)-1)
    fon = [float('-inf')]*(len(arr)-2)
    for i in reversed(list(range(len(arr)))):
        fn[i] = max(fn[i + 1], arr[i])
    for i in reversed(list(range(len(arr) - 1))):
        sn[i] = max(sn[i + 1], fn[i + 1] - arr[i])

    for i in reversed(list(range(len(arr) - 2))):
        tn[i] = max(tn[i + 1], sn[i + 1] + arr[i])

    for i in reversed(list(range(len(arr) - 3))):
        fon[i] = max(fon[i + 1], tn[i + 1] - arr[i])
    return fon[0]
n = int(input())
arr = list(map(int,input().split()))
print(maxval(arr))
    


INFO - [Task id] 710 [generation text] The official solution employs a more efficient approach to solve the problem by using dynamic programming principles. Here are the key insights and steps from the official solution:

1. **Dynamic Programming Arrays**: The solution uses four arrays (`fn`, `sn`, `tn`, `fon`) to keep track of maximum values at different stages of the expression evaluation. Each array corresponds to a specific part of the expression and helps in breaking down the problem into manageable subproblems.

2. **Reverse Iteration**: The solution iterates through the input array in reverse order. This allows the algorithm to build up the maximum values for future indices based on previously computed values, which is a common technique in dynamic programming.

3. **Maximization Logic**:
   - `fn[i]` stores the maximum value of `A[d]` for indices greater than `i`.
   - `sn[i]` computes the maximum value of `A[d] - A[c]` for indices greater than `c`.
   - `tn[i]` calculates the maximum value of `A[d] - A[c] + A[b]` for indices greater than `b`.
   - `fon[i]` finally computes the maximum value of the entire expression \( A[d] - A[c] + A[b] - A[a] \).

4. **Efficiency**: The official solution runs in linear time \( O(N) \) due to the single pass through the array for each of the four dynamic programming arrays, making it significantly more efficient than a nested loop approach.

5. **Key Takeaway**: The use of dynamic programming to store intermediate results and the reverse iteration technique are crucial for optimizing the solution. This approach minimizes redundant calculations and allows for a clear and structured way to derive the final result.

In contrast, my initial approach involved nested loops which could lead to a time complexity of \( O(N^3) \), making it less efficient for larger inputs. The official solution's method of breaking down the problem into stages and using previously computed results is a valuable strategy to keep in mind for similar problems in the future.
INFO - Updated entry: In this task, the goal was to maximize the expression \( A[d] - A[c] + A[b] - A[a] \) with the constraints \( d > c > b > a \). The approach involved iterating through the array while maintaining the maximum values for \( A[b] \) and \( A[d] \) as we processed potential values for \( A[c] \) and ...,

INFO - Metadata: {
    "task_id": 710
}

INFO - Updated entry: The official solution employs a more efficient approach to solve the problem by using dynamic programming principles. Here are the key insights and steps from the official solution:

1. **Dynamic Programming Arrays**: The solution uses four arrays (`fn`, `sn`, `tn`, `fon`) to keep track of maximu...,

INFO - Metadata: {
    "task_id": 710
}

INFO - LM call n parse attempt 1 / 3

INFO - [Task id] 710 [prompt] 
You are a helpful assistant that writes a description of the given function written in the Python programming language.

1) Do not mention the function name.
2) Do not mention anything about helper functions.
3) There might be some helper functions before the main function, but you only need to describe the main function.
4) Try to summarize the function in no more than 6 sentences.
5) Your response should be a single line of text.

INFO - [Task id] 710 [prompt] 
def maximize_expression(N, A):
    max_score = float('-inf')  # Initialize max_score to a very small number
    max_A_b = float('-inf')     # Initialize max_A_b to negative infinity
    max_A_d = float('-inf')     # Initialize max_A_d to negative infinity

    # Iterate through possible values of c
    for c in range(1, N - 2):
        # Update max_A_b for b < c
        for b in range(c):
            max_A_b = max(max_A_b, A[b])
        
        # Iterate through possible values of a
        for a in range(c):
            # Calculate the current score for the expression
            current_score = max_A_d - A[c] + max_A_b - A[a]
            max_score = max(max_score, current_score)
        
        # Update max_A_d for d > c
        for d in range(c + 1, N):
            max_A_d = max(max_A_d, A[d])

    return max_score  # Return the maximum score found

# Read input
N = int(input())
A = list(map(int, input().split()))

# Call the function and print the result
print(maximize_expression(N, A))


The main function is `maximize_expression`.
INFO - [Task id] 710 [generation text] This function calculates the maximum score from a specific mathematical expression involving elements of an input list. It iterates through possible indices for a variable `c`, while maintaining the maximum values of elements before and after `c` to compute the score. For each `c`, it updates the maximum values for `b` and `d` to ensure the expression is evaluated correctly. The score is computed using the maximum values found and the current element at index `c`. The function ultimately returns the highest score obtained from all iterations. It efficiently tracks the necessary maximums to minimize redundant calculations.
INFO - LM call n parse attempt 1 / 3

INFO - [Task id] 710 [prompt] 
You are a helpful assistant that extracts important information from problems and solutions to aid in searchability and education.

## Instructions
- Read through the problem and solution carefully.
- Reason out, step by step, in what scenarios this knowledge would be useful.
- Focus on general patterns and situations to help connect this knowledge to new situations.
- Then, include a list of keywords that are useful for searching this problem/solution pair.

## Response format
Respond in JSON, and follow the keys and expected format of the values strictly.

The output should be formatted as a JSON instance that conforms to the JSON schema below.

As an example, for the schema {"properties": {"foo": {"title": "Foo", "description": "a list of strings", "type": "array", "items": {"type": "string"}}}, "required": ["foo"]}
the object {"foo": ["bar", "baz"]} is a well-formatted instance of the schema. The object {"properties": {"foo": ["bar", "baz"]}} is not well-formatted.

Here is the output schema:
```
{"properties": {"scenarios": {"description": "In what scenarios will this knowledge be useful? Answer in a paragraph.", "title": "Scenarios", "type": "string"}, "keywords": {"description": "List of keywords that are useful for searching this problem/solution pair", "items": {"type": "string"}, "title": "Keywords", "type": "array"}}, "required": ["scenarios", "keywords"]}
```

INFO - [Task id] 710 [prompt] 
[Problem]
    Blob is a computer science student. He recently got an internship from Chef's enterprise. Along with the programming he has various other skills too like graphic designing, digital marketing and social media management. Looking at his skills Chef has provided him different tasks A[1…N] which have their own scores. Blog wants to maximize the  value of the expression A[d]-A[c]+A[b]-A[a] such that d>c>b>a.

    Can you help him in this?

    -----Input:-----
    - The first line contain the integer N
    - The second line contains N space separated integers representing A[1], A[2] … A[N]

    -----Output:-----
    The maximum score that is possible

    -----Constraints-----
    - $4 \leq N \leq 10^4$
    - $0 \leq A[i] \leq 10^5$

    -----Sample Input:-----
    6

    3 9 10 1 30 40

    -----Sample Output:-----
    46
[/Problem]

[Solution]

    def maximize_expression(N, A):
        max_score = float('-inf')  # Initialize max_score to a very small number
        max_A_b = float('-inf')     # Initialize max_A_b to negative infinity
        max_A_d = float('-inf')     # Initialize max_A_d to negative infinity

        # Iterate through possible values of c
        for c in range(1, N - 2):
            # Update max_A_b for b < c
            for b in range(c):
                max_A_b = max(max_A_b, A[b])
        
            # Iterate through possible values of a
            for a in range(c):
                # Calculate the current score for the expression
                current_score = max_A_d - A[c] + max_A_b - A[a]
                max_score = max(max_score, current_score)
        
            # Update max_A_d for d > c
            for d in range(c + 1, N):
                max_A_d = max(max_A_d, A[d])

        return max_score  # Return the maximum score found

    # Read input
    N = int(input())
    A = list(map(int, input().split()))

    # Call the function and print the result
    print(maximize_expression(N, A))

[/Solution]

INFO - [Task id] 710 [generation text] 
INFO - {
    "scenarios": "This knowledge is useful in scenarios where one needs to optimize a mathematical expression involving multiple variables with constraints on their indices. It can be applied in algorithm design, particularly in competitive programming, data analysis, and optimization problems where maximizing or minimizing a function based on given conditions is required. Understanding how to efficiently iterate through arrays while maintaining constraints can help in solving similar problems in various domains such as finance, operations research, and machine learning.",
    "keywords": [
        "maximize expression",
        "array optimization",
        "competitive programming",
        "algorithm design",
        "mathematical expression",
        "index constraints",
        "dynamic programming",
        "score calculation"
    ]
}
INFO - {
    "scenarios": "This knowledge is useful in scenarios where one needs to optimize a mathematical expression involving multiple variables with constraints on their indices. It can be applied in algorithm design, particularly in competitive programming, data analysis, and optimization problems where maximizing or minimizing a function based on given conditions is required. Understanding how to efficiently iterate through arrays while maintaining constraints can help in solving similar problems in various domains such as finance, operations research, and machine learning.",
    "keywords": [
        "maximize expression",
        "array optimization",
        "competitive programming",
        "algorithm design",
        "mathematical expression",
        "index constraints",
        "dynamic programming",
        "score calculation"
    ]
}
INFO - Updated entry: 
[description for function: maximize_expression]
This function calculates the maximum score from a specific mathematical expression involving elements of an input list. It iterates through possible indices for a variable `c`, while maintaining the maximum values of elements before and after `c` t...,

INFO - Metadata: {
    "task": 710,
    "code": "\ndef maximize_expression(N, A):\n    max_score = float('-inf')  # Initialize max_score to a very small number\n    max_A_b = float('-inf')     # Initialize max_A_b to negative infinity\n    max_A_d = float('-inf')     # Initialize max_A_d to negative infinity\n\n ...

