INFO - DB skill doc count: 0

INFO - DB non_func doc count: 12

INFO - DB semantic doc count: 429

INFO - DB summaries doc count: 17

INFO - DB reflections doc count: 17

INFO - DB episodic doc count: 37

INFO - [train iter]: 17/100 

INFO - The task prompt is There is a pizza with 3n slices of varying size, you and your friends will take slices of pizza as follows:

You will pick any pizza slice.
Your friend Alice will pick next slice in anti clockwise direction of your pick. 
Your friend Bob will pick next slice in clockwise direction of your pick.
R...

INFO - Attempting task_id 318
INFO - LM call n parse attempt 1 / 3

INFO - [Task id] 318 [prompt] 
You are an expert programmer tasked with solving the problem below.

Follow the user's instructions to solve the problem.
The user can ask for analysis, code, or both.

## Instructions
When asked to output code,
- Make sure to wrap your code in '```python' and '```' Markdown delimiters, 
- include exactly one block of code with the entire solution
- No outside libraries are allowed. 
- Builtins are allowed.
- If the task specifies a function name to be used, follow it strictly (be case sensitive!) and declare the that function last (helper functions are declared first).
- DO NOT write any assert statements / tests.

## Problem
[BEGIN PROBLEM]
There is a pizza with 3n slices of varying size, you and your friends will take slices of pizza as follows:

You will pick any pizza slice.
Your friend Alice will pick next slice in anti clockwise direction of your pick. 
Your friend Bob will pick next slice in clockwise direction of your pick.
Repeat until there are no more slices of pizzas.

Sizes of Pizza slices is represented by circular array slices in clockwise direction.
Return the maximum possible sum of slice sizes which you can have.
 
Example 1:

Input: slices = [1,2,3,4,5,6]
Output: 10
Explanation: Pick pizza slice of size 4, Alice and Bob will pick slices with size 3 and 5 respectively. Then Pick slices with size 6, finally Alice and Bob will pick slice of size 2 and 1 respectively. Total = 4 + 6.

Example 2:

Input: slices = [8,9,8,6,1,1]
Output: 16
Output: Pick pizza slice of size 8 in each turn. If you pick slice with size 9 your partners will pick slices of size 8.

Example 3:
Input: slices = [4,1,2,5,8,3,1,9,7]
Output: 21

Example 4:
Input: slices = [3,1,2]
Output: 3

 
Constraints:

1 <= slices.length <= 500
slices.length % 3 == 0
1 <= slices[i] <= 1000

The output code needs to use the provided function signature

The final python function should begin with: 
```python

class Solution:
    def maxSizeSlices(self, slices: List[int]) -> int:
        
```

[END PROBLEM]

INFO - [Task id] 318 [prompt] 
## Instructions

Reason through the problem and:
1. Restate the problem in plain English
2. Conceptualize a solution first in plain English
3. Write a pseudocode solution
4. Output the final Python 3 solution with your solution steps in comments.

Make sure to wrap your code in '```python' and '```' Markdown delimiters, 
and include exactly one block of code with the entire solution.

No outside libraries are allowed.
Builtins are allowed.

INFO - [Task id] 318 [generation text] 1. **Restate the problem in plain English:**
   We have a circular array representing pizza slices, where each slice has a certain size. You and two friends will take turns picking slices. You can pick any slice first, then your friend Alice will pick the next slice in the anti-clockwise direction, and Bob will pick the next slice in the clockwise direction. This continues until all slices are taken. The goal is to maximize the total size of the slices you pick.

2. **Conceptualize a solution first in plain English:**
   To solve this problem, we need to consider the circular nature of the array. We can break the problem into two cases: one where we include the first slice and one where we exclude it. For each case, we can use dynamic programming to keep track of the maximum sum of slices we can collect. We will iterate through the slices, updating our maximum sums based on the choices made by Alice and Bob.

3. **Write a pseudocode solution:**
   ```
   function maxSizeSlices(slices):
       n = length of slices / 3
       max_sum = 0
       
       for i from 0 to 2:
           if i == 0:
               # Case 1: Include the first slice
               dp = array of size (n+1) x (length of slices - 1)
               for j from 0 to length of slices - 2:
                   update dp based on choices
           else:
               # Case 2: Exclude the first slice
               dp = array of size (n+1) x (length of slices - 1)
               for j from 1 to length of slices - 1:
                   update dp based on choices
       
       return max of the two cases
   ```

4. **Output the final Python 3 solution with your solution steps in comments:**
```python
class Solution:
    def maxSizeSlices(self, slices: List[int]) -> int:
        n = len(slices) // 3  # Number of slices to take
        
        # Function to calculate the maximum sum of slices
        def calculate_max_sum(slices):
            m = len(slices)
            dp = [[0] * (n + 1) for _ in range(m + 1)]
            
            for i in range(1, m + 1):
                for j in range(1, min(i, n) + 1):
                    # Choose the current slice or not
                    dp[i][j] = max(dp[i - 1][j], dp[i - 2][j - 1] + slices[i - 1])
                    
            return dp[m][n]
        
        # Case 1: Include the first slice
        case1 = calculate_max_sum(slices[:-1])
        # Case 2: Exclude the first slice
        case2 = calculate_max_sum(slices[1:])
        
        # Return the maximum of both cases
        return max(case1, case2)
```
INFO - [35m Rollout attempt 1/4[0m
INFO - [33m Retrieving 3 entries for db: episodic 
 [0m
INFO - Retrieved (score=0.4273):

[Task]:
    We have a collection of rocks, each rock has a positive integer weight.
    Each turn, we choose any two rocks and smash them together.  Suppose the stones have weights x and y with x <= y.  The result of this smash is:

    If x == y, both stones are totally destroyed;
    If x != y...


INFO - Retrieved (score=0.4362):

[Task]:
    This is the easy version of the problem. The difference between the versions is that the easy version has no swap operations. You can make hacks only if all versions of the problem are solved.

    Pikachu is a cute and friendly pokémon living in the wild pikachu herd.

    But it ha...


INFO - Retrieved (score=0.4594):

[Task]:
    This is the easy version of the problem. The difference between the versions is that the easy version has no swap operations. You can make hacks only if all versions of the problem are solved.

    Pikachu is a cute and friendly pokémon living in the wild pikachu herd.

    But it ha...


INFO - [33m Retrieving 3 entries for db: semantic 
 [0m
INFO - Retrieved (score=0.4450):
Chapter: Time complexity
Section: Maximum subarray sum
Part: 1/1
\section{Maximum subarray sum}

\index{maximum subarray sum}

There are often several possible algorithms
for solving a problem such that their
time complexities are different.
This section discusses a classic problem that
has a str...


INFO - Retrieved (score=0.4456):
Title: Search the subarray with the maximum/minimum sum
Part: 1/2
# Search the subarray with the maximum/minimum sum

Here, we consider the problem of finding a subarray with maximum sum, as well as some of its variations (including the algorithm for solving this problem online).

## Problem stat...


INFO - Retrieved (score=0.4460):
Title: Longest increasing subsequence
Part: 1/3
# Longest increasing subsequence

We are given an array with $n$ numbers: $a[0 \dots n-1]$.
The task is to find the longest, strictly increasing, subsequence in $a$.

Formally we look for the longest sequence of indices $i_1, \dots i_k$ such that

$...


INFO - [33m Retrieving 3 entries for db: reflections 
 [0m
INFO - Retrieved (score=0.4158):
In reflecting on the attempts to solve the problem, it became clear that the initial approach focused on calculating the maximum alternating sum based on the sorted strengths, which led to incorrect results. The key insights from the official solution highlight a more effective dynamic programmin...


INFO - Retrieved (score=0.4314):
The official solution employs a set-based dynamic programming approach to solve the problem of minimizing the weight of the last remaining stone. The key insights from this solution are as follows:

1. **Set for Dynamic Programming**: Instead of using a boolean array to track achievable weights, ...


INFO - Retrieved (score=0.4355):
In reflecting on my attempts to solve the problem, I recognize that my approach was fundamentally sound but lacked efficiency in terms of time complexity. My solution utilized a binary search method to find the longest increasing subsequence (LIS), which is generally efficient. However, the offic...


INFO - [33m Retrieving 3 entries for db: summaries 
 [0m
INFO - Retrieved (score=0.3780):
In solving the problem of determining the smallest possible weight of the last remaining rock after a series of smashes, I identified that the core concept revolves around partitioning the weights of the rocks. The goal is to minimize the difference between two groups of weights, which can be app...


INFO - Retrieved (score=0.3954):
In solving the problem of finding the maximum number of indices that can be visited in an array based on specific jump conditions, I initially implemented a depth-first search (DFS) approach. The main challenge was ensuring that the jump validity checks were correctly implemented, particularly th...


INFO - Retrieved (score=0.4136):
In this problem, the goal was to calculate the maximum strength of an army formed by Pokémon strengths using an alternating sum formula. The alternating sum is defined as \( a_{b_1} - a_{b_2} + a_{b_3} - a_{b_4} + \ldots \). The challenge was to maximize this sum based on the original arrangement...


INFO - [33m Retrieving 3 entries for db: non_func 
 [0m
INFO - Retrieved (score=0.4677):

[description]
This function calculates the minimum possible weight of the last remaining stone after performing a series of operations on a list of stones. It first computes the total weight of all stones and determines a target weight, which is half of the total. A dynamic programming array is ...


INFO - Retrieved (score=0.4769):

[description]
This function calculates the maximum number of jumps that can be made in an array based on specific jumping rules. It uses a depth-first search approach to explore all possible jumps from each index, considering both left and right directions within a given distance. The function k...


INFO - Retrieved (score=0.5391):

[description for function: process_queries]
The function processes multiple test cases where each test case consists of a list of bills and a series of queries. For each query, it calculates the sum of a specified range of bills based on given indices. It reads the number of bills and queries, t...


INFO - Retrieved (score=0.3780): 
[Summary]:
    In solving the problem of determining the smallest possible weight of the last remaining rock after a series of smashes, I identified that the core concept revolves around partitioning the weights of the rocks. The goal is to minimize the difference between two groups of weights, ...
INFO - Retrieved (score=0.3954): 
[Summary]:
    In solving the problem of finding the maximum number of indices that can be visited in an array based on specific jump conditions, I initially implemented a depth-first search (DFS) approach. The main challenge was ensuring that the jump validity checks were correctly implemented,...
INFO - Retrieved (score=0.4136): 
[Summary]:
    In this problem, the goal was to calculate the maximum strength of an army formed by Pokémon strengths using an alternating sum formula. The alternating sum is defined as \( a_{b_1} - a_{b_2} + a_{b_3} - a_{b_4} + \ldots \). The challenge was to maximize this sum based on the orig...
INFO - LM call n parse attempt 1 / 3

INFO - [Task id] 318 [prompt] 
You are an expert programmer tasked with solving the problem below.

Follow the user's instructions to solve the problem.
The user can ask for analysis, code, or both.

## Instructions
When asked to output code,
- Make sure to wrap your code in '```python' and '```' Markdown delimiters, 
- include exactly one block of code with the entire solution
- No outside libraries are allowed. 
- Builtins are allowed.
- If the task specifies a function name to be used, follow it strictly (be case sensitive!) and declare the that function last (helper functions are declared first).
- DO NOT write any assert statements / tests.

## Problem
[BEGIN PROBLEM]
There is a pizza with 3n slices of varying size, you and your friends will take slices of pizza as follows:

You will pick any pizza slice.
Your friend Alice will pick next slice in anti clockwise direction of your pick. 
Your friend Bob will pick next slice in clockwise direction of your pick.
Repeat until there are no more slices of pizzas.

Sizes of Pizza slices is represented by circular array slices in clockwise direction.
Return the maximum possible sum of slice sizes which you can have.
 
Example 1:

Input: slices = [1,2,3,4,5,6]
Output: 10
Explanation: Pick pizza slice of size 4, Alice and Bob will pick slices with size 3 and 5 respectively. Then Pick slices with size 6, finally Alice and Bob will pick slice of size 2 and 1 respectively. Total = 4 + 6.

Example 2:

Input: slices = [8,9,8,6,1,1]
Output: 16
Output: Pick pizza slice of size 8 in each turn. If you pick slice with size 9 your partners will pick slices of size 8.

Example 3:
Input: slices = [4,1,2,5,8,3,1,9,7]
Output: 21

Example 4:
Input: slices = [3,1,2]
Output: 3

 
Constraints:

1 <= slices.length <= 500
slices.length % 3 == 0
1 <= slices[i] <= 1000

The output code needs to use the provided function signature

The final python function should begin with: 
```python

class Solution:
    def maxSizeSlices(self, slices: List[int]) -> int:
        
```

[END PROBLEM]

INFO - [Task id] 318 [prompt] 
## Instructions

Reason through the problem and:
1. Restate the problem in plain English
2. Conceptualize a solution first in plain English
3. Write a pseudocode solution
4. Output the final Python 3 solution with your solution steps in comments.

Make sure to wrap your code in '```python' and '```' Markdown delimiters, 
and include exactly one block of code with the entire solution.

No outside libraries are allowed.
Builtins are allowed.

INFO - [Task id] 318 [prompt] 
Also, here are some of your memories.
Feel free to use the given information to aid your problem solving process if necessary.
Do not confuse the memories with the problem statement.

## Memories

[Summary]:
    In solving the problem of determining the smallest possible weight of the last remaining rock after a series of smashes, I identified that the core concept revolves around partitioning the weights of the rocks. The goal is to minimize the difference between two groups of weights, which can be approached using dynamic programming.

    The strategy involved calculating the total weight of the rocks and then using a dynamic programming array to track achievable sums up to half of the total weight. By iterating through each rock and updating the DP array, I was able to determine the largest sum that could be formed without exceeding the target. The final result is derived from the total weight minus twice this sum.

    The implemented solution was efficient and passed all test cases, demonstrating that the approach of using dynamic programming to solve a subset sum-like problem was effective. The final code snippet is as follows:

    ```python
    class Solution:
        def lastStoneWeightII(self, stones: List[int]) -> int:
            total_weight = sum(stones)
            target = total_weight // 2
            dp = [False] * (target + 1)
            dp[0] = True

            for stone in stones:
                for j in range(target, stone - 1, -1):
                    dp[j] = dp[j] or dp[j - stone]

            for j in range(target, -1, -1):
                if dp[j]:
                    return total_weight - 2 * j
    ```

    This experience reinforced the importance of recognizing patterns in problems and applying dynamic programming techniques to optimize solutions.
[/Summary]


[Summary]:
    In solving the problem of finding the maximum number of indices that can be visited in an array based on specific jump conditions, I initially implemented a depth-first search (DFS) approach. The main challenge was ensuring that the jump validity checks were correctly implemented, particularly the conditions that required the starting index's value to be greater than the destination index's value and all intermediate values.

    The first attempts failed due to incorrect handling of the jump conditions, leading to undercounting the maximum indices visited. The use of a visited set was appropriate, but it did not account for all valid paths effectively. The solution was improved by introducing a dynamic programming (DP) array to store results of previously computed indices, which significantly reduced redundant calculations.

    The final solution involved a DFS function that checks both left and right jumps within the allowed distance `d`, ensuring that all conditions for valid jumps were met. The use of memoization with the DP array allowed for efficient computation, ultimately passing all test cases.

    Key code snippet for the final solution:
    ```python
    class Solution:
        def maxJumps(self, arr: list[int], d: int) -> int:
            n = len(arr)
            dp = [-1] * n  # To store the maximum jumps from each index
        
            def dfs(index):
                if dp[index] != -1:
                    return dp[index]  # Return already computed result
            
                max_count = 1  # Count the current index
            
                # Check jumps to the right
                for x in range(1, d + 1):
                    if index + x < n and arr[index] > arr[index + x]:
                        if all(arr[index] > arr[i] for i in range(index + 1, index + x + 1)):
                            max_count = max(max_count, 1 + dfs(index + x))
            
                # Check jumps to the left
                for x in range(1, d + 1):
                    if index - x >= 0 and arr[index] > arr[index - x]:
                        if all(arr[index] > arr[i] for i in range(index - 1, index - x - 1, -1)):
                            max_count = max(max_count, 1 + dfs(index - x))
            
                dp[index] = max_count  # Store the result
                return max_count

            max_jumps = 0
            for index in range(n):
                max_jumps = max(max_jumps, dfs(index))  # Update max jumps
            return max_jumps
    ```

    This experience reinforced the importance of carefully validating conditions in recursive algorithms and the utility of memoization in optimizing performance.
[/Summary]


[Summary]:
    In this problem, the goal was to calculate the maximum strength of an army formed by Pokémon strengths using an alternating sum formula. The alternating sum is defined as \( a_{b_1} - a_{b_2} + a_{b_3} - a_{b_4} + \ldots \). The challenge was to maximize this sum based on the original arrangement of strengths without any swap operations.

    Initially, I misunderstood the requirement and attempted to calculate the alternating sum based on the sorted strengths rather than the original order. This led to incorrect outputs, as the alternating sum should reflect the optimal selection of strengths from the original list. The correct approach involved sorting the strengths in descending order and then applying the alternating sum formula based on the sorted list.

    The final solution correctly implemented this logic by sorting the strengths and calculating the maximum alternating sum by adding strengths at even indices and subtracting those at odd indices. However, despite these corrections, the solution still failed to produce the expected results, indicating a deeper misunderstanding of how to select strengths optimally.

    Key Takeaways:
    - The alternating sum needs to be calculated based on the optimal selection of strengths, not just their positions.
    - Sorting the strengths in descending order is essential for maximizing the alternating sum.
    - Careful attention to the problem requirements is crucial to avoid logical errors in implementation.

    Final Code Snippet:
    ```python
    def calculate_max_strength(t):
        for _ in range(t):
            n, q = map(int, input().split())
            strengths = list(map(int, input().split()))
            strengths.sort(reverse=True)
            max_strength = 0
            for index in range(n):
                if index % 2 == 0:
                    max_strength += strengths[index]
                else:
                    max_strength -= strengths[index]
            print(max_strength)

    t = int(input())
    calculate_max_strength(t)
    ``` 

    This experience highlighted the importance of understanding the problem requirements thoroughly and the need for careful implementation to achieve the desired results.
[/Summary]


INFO - [Task id] 318 [generation text] 1. **Restate the problem in plain English**:
   The problem involves a circular array of pizza slices, where you and two friends (Alice and Bob) take turns picking slices. You want to maximize the total size of the slices you can eat. When you pick a slice, Alice picks the next slice in the anti-clockwise direction, and Bob picks the next slice in the clockwise direction. This continues until all slices are taken. The goal is to determine the maximum sum of slice sizes you can achieve.

2. **Conceptualize a solution first in plain English**:
   To solve this problem, we can use a dynamic programming approach. The idea is to consider two scenarios: one where we include the first slice and one where we exclude it. Since the slices are arranged in a circle, if we include the first slice, we cannot include the last slice. Conversely, if we exclude the first slice, we can include the last slice. We will calculate the maximum sum of slices for both scenarios and return the maximum of the two.

3. **Write a pseudocode solution**:
   ```
   function maxSizeSlices(slices):
       n = length of slices
       k = n / 3  // number of slices you can take
       
       // Helper function to calculate max sum of slices
       function calculateMaxSum(slices, start, end, k):
           dp = array of size (k + 1) x (end - start + 1) initialized to 0
           for i from start to end:
               for j from min(i, k) down to 1:
                   dp[j][i] = max(dp[j][i - 1], dp[j - 1][i - 2] + slices[i])
           return dp[k][end - start]

       // Calculate max sum including first slice (excluding last slice)
       max1 = calculateMaxSum(slices, 0, n - 2, k)
       // Calculate max sum excluding first slice (including last slice)
       max2 = calculateMaxSum(slices, 1, n - 1, k)

       return max(max1, max2)
   ```

4. **Output the final Python 3 solution with your solution steps in comments**:
```python
class Solution:
    def maxSizeSlices(self, slices: list[int]) -> int:
        n = len(slices)
        k = n // 3  # number of slices you can take
        
        # Helper function to calculate max sum of slices
        def calculateMaxSum(slices, start, end, k):
            dp = [[0] * (end - start + 1) for _ in range(k + 1)]
            for i in range(start, end + 1):
                for j in range(min(i - start + 1, k), 0, -1):
                    dp[j][i - start] = max(dp[j][i - start - 1], 
                                           dp[j - 1][i - start - 2] + slices[i])
            return dp[k][end - start]

        # Calculate max sum including first slice (excluding last slice)
        max1 = calculateMaxSum(slices, 0, n - 2, k)
        # Calculate max sum excluding first slice (including last slice)
        max2 = calculateMaxSum(slices, 1, n - 1, k)

        return max(max1, max2)
```
INFO - program_code:
 
class Solution:
    def maxSizeSlices(self, slices: list[int]) -> int:
        n = len(slices)
        k = n // 3  # number of slices you can take
        
        # Helper function to calculate max sum of slices
        def calculateMaxSum(slices, start, end, k):
            dp = [[0] * (end - start + 1) for _ in range(k + 1)]
            for i in range(start, end + 1):
                for j in range(min(i - start + 1, k), 0, -1):
                    dp[j][i - start] = max(dp[j][i - start - 1], 
                                           dp[j - 1][i - start - 2] + slices[i])
            return dp[k][end - start]

        # Calculate max sum including first slice (excluding last slice)
        max1 = calculateMaxSum(slices, 0, n - 2, k)
        # Calculate max sum excluding first slice (including last slice)
        max2 = calculateMaxSum(slices, 1, n - 1, k)

        return max(max1, max2)


INFO - program_name:
 

INFO - dependencies:
 []

INFO - raw_msg:
 1. **Restate the problem in plain English**:
   The problem involves a circular array of pizza slices, where you and two friends (Alice and Bob) take turns picking slices. You want to maximize the total size of the slices you can eat. When you pick a slice, Alice picks the next slice in the anti-clockwise direction, and Bob picks the next slice in the clockwise direction. This continues until all slices are taken. The goal is to determine the maximum sum of slice sizes you can achieve.

2. **Conceptualize a solution first in plain English**:
   To solve this problem, we can use a dynamic programming approach. The idea is to consider two scenarios: one where we include the first slice and one where we exclude it. Since the slices are arranged in a circle, if we include the first slice, we cannot include the last slice. Conversely, if we exclude the first slice, we can include the last slice. We will calculate the maximum sum of slices for both scenarios and return the maximum of the two.

3. **Write a pseudocode solution**:
   ```
   function maxSizeSlices(slices):
       n = length of slices
       k = n / 3  // number of slices you can take
       
       // Helper function to calculate max sum of slices
       function calculateMaxSum(slices, start, end, k):
           dp = array of size (k + 1) x (end - start + 1) initialized to 0
           for i from start to end:
               for j from min(i, k) down to 1:
                   dp[j][i] = max(dp[j][i - 1], dp[j - 1][i - 2] + slices[i])
           return dp[k][end - start]

       // Calculate max sum including first slice (excluding last slice)
       max1 = calculateMaxSum(slices, 0, n - 2, k)
       // Calculate max sum excluding first slice (including last slice)
       max2 = calculateMaxSum(slices, 1, n - 1, k)

       return max(max1, max2)
   ```

4. **Output the final Python 3 solution with your solution steps in comments**:
```python
class Solution:
    def maxSizeSlices(self, slices: list[int]) -> int:
        n = len(slices)
        k = n // 3  # number of slices you can take
        
        # Helper function to calculate max sum of slices
        def calculateMaxSum(slices, start, end, k):
            dp = [[0] * (end - start + 1) for _ in range(k + 1)]
            for i in range(start, end + 1):
                for j in range(min(i - start + 1, k), 0, -1):
                    dp[j][i - start] = max(dp[j][i - start - 1], 
                                           dp[j - 1][i - start - 2] + slices[i])
            return dp[k][end - start]

        # Calculate max sum including first slice (excluding last slice)
        max1 = calculateMaxSum(slices, 0, n - 2, k)
        # Calculate max sum excluding first slice (including last slice)
        max2 = calculateMaxSum(slices, 1, n - 1, k)

        return max(max1, max2)
```

INFO - no_parent:
 False

INFO - full code to be executed: 
 
class Solution:
    def maxSizeSlices(self, slices: list[int]) -> int:
        n = len(slices)
        k = n // 3  # number of slices you can take
        
        # Helper function to calculate max sum of slices
        def calculateMaxSum(slices, start, end, k):
            dp = [[0] * (end - start + 1) for _ in range(k + 1)]
            for i in range(start, end + 1):
                for j in range(min(i - start + 1, k), 0, -1):
                    dp[j][i - start] = max(dp[j][i - start - 1], 
                                           dp[j - 1][i - start - 2] + slices[i])
            return dp[k][end - start]

        # Calculate max sum including first slice (excluding last slice)
        max1 = calculateMaxSum(slices, 0, n - 2, k)
        # Calculate max sum excluding first slice (including last slice)
        max2 = calculateMaxSum(slices, 1, n - 1, k)

        return max(max1, max2)


INFO - obs: Note: Inputs/outputs here are automatically extracted/truncated so formatting may be a bit off.
Tests passed:

 Input: [[1, 2, 3, 4, 5, 6]] Output: 10

Tests failed:
None
reward: True
done: None
info: {'individual_results': [True]}
INFO - Updated entry: 
[Task]:
    There is a pizza with 3n slices of varying size, you and your friends will take slices of pizza as follows:

    You will pick any pizza slice.
    Your friend Alice will pick next slice in anti clockwise direction of your pick. 
    Your friend Bob will pick next slice in clockwise ...,

INFO - Metadata: {
    "raw_msg": "1. **Restate the problem in plain English**:\n   The problem involves a circular array of pizza slices, where you and two friends (Alice and Bob) take turns picking slices. You want to maximize the total size of the slices you can eat. When you pick a slice, Alice picks the next...

INFO - LM call n parse attempt 1 / 3

INFO - [Task id] 318 [prompt] 
You are an expert programmer tasked with solving the problem below.

Follow the user's instructions to solve the problem.
The user can ask for analysis, code, or both.

## Instructions
When asked to output code,
- Make sure to wrap your code in '```python' and '```' Markdown delimiters, 
- include exactly one block of code with the entire solution
- No outside libraries are allowed. 
- Builtins are allowed.
- If the task specifies a function name to be used, follow it strictly (be case sensitive!) and declare the that function last (helper functions are declared first).
- DO NOT write any assert statements / tests.

## Problem
[BEGIN PROBLEM]
There is a pizza with 3n slices of varying size, you and your friends will take slices of pizza as follows:

You will pick any pizza slice.
Your friend Alice will pick next slice in anti clockwise direction of your pick. 
Your friend Bob will pick next slice in clockwise direction of your pick.
Repeat until there are no more slices of pizzas.

Sizes of Pizza slices is represented by circular array slices in clockwise direction.
Return the maximum possible sum of slice sizes which you can have.
 
Example 1:

Input: slices = [1,2,3,4,5,6]
Output: 10
Explanation: Pick pizza slice of size 4, Alice and Bob will pick slices with size 3 and 5 respectively. Then Pick slices with size 6, finally Alice and Bob will pick slice of size 2 and 1 respectively. Total = 4 + 6.

Example 2:

Input: slices = [8,9,8,6,1,1]
Output: 16
Output: Pick pizza slice of size 8 in each turn. If you pick slice with size 9 your partners will pick slices of size 8.

Example 3:
Input: slices = [4,1,2,5,8,3,1,9,7]
Output: 21

Example 4:
Input: slices = [3,1,2]
Output: 3

 
Constraints:

1 <= slices.length <= 500
slices.length % 3 == 0
1 <= slices[i] <= 1000

The output code needs to use the provided function signature

The final python function should begin with: 
```python

class Solution:
    def maxSizeSlices(self, slices: List[int]) -> int:
        
```

[END PROBLEM]

INFO - [Task id] 318 [prompt] 
## Instructions

Reason through the problem and:
1. Restate the problem in plain English
2. Conceptualize a solution first in plain English
3. Write a pseudocode solution
4. Output the final Python 3 solution with your solution steps in comments.

Make sure to wrap your code in '```python' and '```' Markdown delimiters, 
and include exactly one block of code with the entire solution.

No outside libraries are allowed.
Builtins are allowed.

INFO - [Task id] 318 [prompt] 1. **Restate the problem in plain English**:
   The problem involves a circular array of pizza slices, where you and two friends (Alice and Bob) take turns picking slices. You want to maximize the total size of the slices you can eat. When you pick a slice, Alice picks the next slice in the anti-clockwise direction, and Bob picks the next slice in the clockwise direction. This continues until all slices are taken. The goal is to determine the maximum sum of slice sizes you can achieve.

2. **Conceptualize a solution first in plain English**:
   To solve this problem, we can use a dynamic programming approach. The idea is to consider two scenarios: one where we include the first slice and one where we exclude it. Since the slices are arranged in a circle, if we include the first slice, we cannot include the last slice. Conversely, if we exclude the first slice, we can include the last slice. We will calculate the maximum sum of slices for both scenarios and return the maximum of the two.

3. **Write a pseudocode solution**:
   ```
   function maxSizeSlices(slices):
       n = length of slices
       k = n / 3  // number of slices you can take
       
       // Helper function to calculate max sum of slices
       function calculateMaxSum(slices, start, end, k):
           dp = array of size (k + 1) x (end - start + 1) initialized to 0
           for i from start to end:
               for j from min(i, k) down to 1:
                   dp[j][i] = max(dp[j][i - 1], dp[j - 1][i - 2] + slices[i])
           return dp[k][end - start]

       // Calculate max sum including first slice (excluding last slice)
       max1 = calculateMaxSum(slices, 0, n - 2, k)
       // Calculate max sum excluding first slice (including last slice)
       max2 = calculateMaxSum(slices, 1, n - 1, k)

       return max(max1, max2)
   ```

4. **Output the final Python 3 solution with your solution steps in comments**:
```python
class Solution:
    def maxSizeSlices(self, slices: list[int]) -> int:
        n = len(slices)
        k = n // 3  # number of slices you can take
        
        # Helper function to calculate max sum of slices
        def calculateMaxSum(slices, start, end, k):
            dp = [[0] * (end - start + 1) for _ in range(k + 1)]
            for i in range(start, end + 1):
                for j in range(min(i - start + 1, k), 0, -1):
                    dp[j][i - start] = max(dp[j][i - start - 1], 
                                           dp[j - 1][i - start - 2] + slices[i])
            return dp[k][end - start]

        # Calculate max sum including first slice (excluding last slice)
        max1 = calculateMaxSum(slices, 0, n - 2, k)
        # Calculate max sum excluding first slice (including last slice)
        max2 = calculateMaxSum(slices, 1, n - 1, k)

        return max(max1, max2)
```
INFO - [Task id] 318 [prompt] 
[Environment Feedback]:
    Note: Inputs/outputs here are automatically extracted/truncated so formatting may be a bit off.
    Tests passed:

     Input: [[1, 2, 3, 4, 5, 6]] Output: 10

    Tests failed:
    None
[/Environment Feedback]

INFO - [Task id] 318 [prompt] 
## Instructions
Now, summarize your attempts as a **standalone** document for your own future reference. (can skip formalities, be concise)

- Only include the most relevant information and code snippets that could be useful in the future.
- If you did not learn much from the current experience (e.g. the problem was too easy), feel free to write less or nothing at all.
- Here are some ideas if the experience was useful:
    - Identifying the core concepts and patterns that problem appears to test for
    - Describing the strategies that seemed to work but did not, and vice versa
    - Describing unexpected errors and how they were fixed

Your summary should be at most a few paragraphs.

INFO - [Task id] 318 [generation text] The problem involves maximizing the sum of pizza slice sizes taken from a circular array, where the picking order is constrained by the actions of two friends. The key concepts tested here include dynamic programming and handling circular arrays, which require careful consideration of the start and end indices when making selections.

The solution was structured around a helper function that calculates the maximum sum of slices based on whether the first slice is included or excluded. This approach effectively breaks the problem into two scenarios, allowing for a comprehensive evaluation of possible selections. The dynamic programming table was constructed to keep track of the maximum sums achievable with varying numbers of slices taken.

The final implementation successfully passed the provided test cases, demonstrating that the approach was sound. The main takeaway is the importance of considering edge cases in circular arrays and the utility of dynamic programming in optimizing selection problems. The solution is efficient and adheres to the constraints given, making it a robust approach for similar problems in the future. 

Here’s the final code snippet for reference:

```python
class Solution:
    def maxSizeSlices(self, slices: list[int]) -> int:
        n = len(slices)
        k = n // 3  # number of slices you can take
        
        # Helper function to calculate max sum of slices
        def calculateMaxSum(slices, start, end, k):
            dp = [[0] * (end - start + 1) for _ in range(k + 1)]
            for i in range(start, end + 1):
                for j in range(min(i - start + 1, k), 0, -1):
                    dp[j][i - start] = max(dp[j][i - start - 1], 
                                           dp[j - 1][i - start - 2] + slices[i])
            return dp[k][end - start]

        # Calculate max sum including first slice (excluding last slice)
        max1 = calculateMaxSum(slices, 0, n - 2, k)
        # Calculate max sum excluding first slice (including last slice)
        max2 = calculateMaxSum(slices, 1, n - 1, k)

        return max(max1, max2)
```
INFO - LM call n parse attempt 1 / 3

INFO - [Task id] 318 [prompt] 
You are an expert programmer tasked with solving the problem below.

Follow the user's instructions to solve the problem.
The user can ask for analysis, code, or both.

## Instructions
When asked to output code,
- Make sure to wrap your code in '```python' and '```' Markdown delimiters, 
- include exactly one block of code with the entire solution
- No outside libraries are allowed. 
- Builtins are allowed.
- If the task specifies a function name to be used, follow it strictly (be case sensitive!) and declare the that function last (helper functions are declared first).
- DO NOT write any assert statements / tests.

## Problem
[BEGIN PROBLEM]
There is a pizza with 3n slices of varying size, you and your friends will take slices of pizza as follows:

You will pick any pizza slice.
Your friend Alice will pick next slice in anti clockwise direction of your pick. 
Your friend Bob will pick next slice in clockwise direction of your pick.
Repeat until there are no more slices of pizzas.

Sizes of Pizza slices is represented by circular array slices in clockwise direction.
Return the maximum possible sum of slice sizes which you can have.
 
Example 1:

Input: slices = [1,2,3,4,5,6]
Output: 10
Explanation: Pick pizza slice of size 4, Alice and Bob will pick slices with size 3 and 5 respectively. Then Pick slices with size 6, finally Alice and Bob will pick slice of size 2 and 1 respectively. Total = 4 + 6.

Example 2:

Input: slices = [8,9,8,6,1,1]
Output: 16
Output: Pick pizza slice of size 8 in each turn. If you pick slice with size 9 your partners will pick slices of size 8.

Example 3:
Input: slices = [4,1,2,5,8,3,1,9,7]
Output: 21

Example 4:
Input: slices = [3,1,2]
Output: 3

 
Constraints:

1 <= slices.length <= 500
slices.length % 3 == 0
1 <= slices[i] <= 1000

The output code needs to use the provided function signature

The final python function should begin with: 
```python

class Solution:
    def maxSizeSlices(self, slices: List[int]) -> int:
        
```

[END PROBLEM]

INFO - [Task id] 318 [prompt] 
## Instructions

Reason through the problem and:
1. Restate the problem in plain English
2. Conceptualize a solution first in plain English
3. Write a pseudocode solution
4. Output the final Python 3 solution with your solution steps in comments.

Make sure to wrap your code in '```python' and '```' Markdown delimiters, 
and include exactly one block of code with the entire solution.

No outside libraries are allowed.
Builtins are allowed.

INFO - [Task id] 318 [prompt] 1. **Restate the problem in plain English**:
   The problem involves a circular array of pizza slices, where you and two friends (Alice and Bob) take turns picking slices. You want to maximize the total size of the slices you can eat. When you pick a slice, Alice picks the next slice in the anti-clockwise direction, and Bob picks the next slice in the clockwise direction. This continues until all slices are taken. The goal is to determine the maximum sum of slice sizes you can achieve.

2. **Conceptualize a solution first in plain English**:
   To solve this problem, we can use a dynamic programming approach. The idea is to consider two scenarios: one where we include the first slice and one where we exclude it. Since the slices are arranged in a circle, if we include the first slice, we cannot include the last slice. Conversely, if we exclude the first slice, we can include the last slice. We will calculate the maximum sum of slices for both scenarios and return the maximum of the two.

3. **Write a pseudocode solution**:
   ```
   function maxSizeSlices(slices):
       n = length of slices
       k = n / 3  // number of slices you can take
       
       // Helper function to calculate max sum of slices
       function calculateMaxSum(slices, start, end, k):
           dp = array of size (k + 1) x (end - start + 1) initialized to 0
           for i from start to end:
               for j from min(i, k) down to 1:
                   dp[j][i] = max(dp[j][i - 1], dp[j - 1][i - 2] + slices[i])
           return dp[k][end - start]

       // Calculate max sum including first slice (excluding last slice)
       max1 = calculateMaxSum(slices, 0, n - 2, k)
       // Calculate max sum excluding first slice (including last slice)
       max2 = calculateMaxSum(slices, 1, n - 1, k)

       return max(max1, max2)
   ```

4. **Output the final Python 3 solution with your solution steps in comments**:
```python
class Solution:
    def maxSizeSlices(self, slices: list[int]) -> int:
        n = len(slices)
        k = n // 3  # number of slices you can take
        
        # Helper function to calculate max sum of slices
        def calculateMaxSum(slices, start, end, k):
            dp = [[0] * (end - start + 1) for _ in range(k + 1)]
            for i in range(start, end + 1):
                for j in range(min(i - start + 1, k), 0, -1):
                    dp[j][i - start] = max(dp[j][i - start - 1], 
                                           dp[j - 1][i - start - 2] + slices[i])
            return dp[k][end - start]

        # Calculate max sum including first slice (excluding last slice)
        max1 = calculateMaxSum(slices, 0, n - 2, k)
        # Calculate max sum excluding first slice (including last slice)
        max2 = calculateMaxSum(slices, 1, n - 1, k)

        return max(max1, max2)
```
INFO - [Task id] 318 [prompt] 
[Environment Feedback]:
    Note: Inputs/outputs here are automatically extracted/truncated so formatting may be a bit off.
    Tests passed:

     Input: [[1, 2, 3, 4, 5, 6]] Output: 10

    Tests failed:
    None
[/Environment Feedback]

INFO - [Task id] 318 [prompt] 
Below is the official solution (do exercise discretion as official solutions can also have mistakes).

You will be reflecting on your attempts to solve the problem.
This will be a **standalone** document for your own future reference. (can skip formalities, be concise)

## Instructions
- Only include the most relevant insights and code snippets that could be useful in the future.
- If you did not learn much from the current experience (e.g. the problem was too easy / official solution was obvious), feel free to write less or nothing at all.
- Here are some ideas if the experience was useful:
    - If the official solution is insightful (e.g. better than yours in time and space complexity or more effective in breaking down the problem statement), distil the key approach of the official solution, step by step.
    - If your approach failed the test cases, reason why the official solution works but yours does not

Your reflection should be at most a few paragraphs.

## Official solution
class Solution:
    def maxSizeSlices(self, slices: List[int]) -> int:
        a,b,n=[slices[0]],[0],len(slices)
        for i in range(1,n):
            a.append(max(a[-1],slices[i]))
            b.append(max(b[-1],slices[i]))
        for i in range(2,2*n//3,2):
            aa,bb=[0]*(n-1),[0]*n
            for j in range(i,n-1): aa[j]=max(aa[j-1],a[j-2]+slices[j])
            for j in range(i+1,n): bb[j]=max(bb[j-1],b[j-2]+slices[j])
            a,b=aa,bb
        return max(a[-1],b[-1])

INFO - [Task id] 318 [generation text] The official solution employs a dynamic programming approach that efficiently calculates the maximum sum of pizza slices while considering the constraints of the problem. Here are the key insights and steps from the official solution:

1. **Initialization**: Two lists, `a` and `b`, are initialized. `a` keeps track of the maximum sums when considering slices from the start to the end (excluding the last slice), while `b` does the same but includes the last slice.

2. **First Pass**: The first loop iterates through the slices, updating `a` and `b` to store the maximum values encountered so far. This helps in quickly determining the best possible slice to take at each step.

3. **Dynamic Programming Update**: The second loop iterates through possible slice counts (up to `2*n/3`), updating the `aa` and `bb` arrays. These arrays are used to calculate the maximum sums for the current configuration of slices, ensuring that the constraints of picking slices in a circular manner are respected.

4. **Final Calculation**: The maximum value from the last elements of `a` and `b` is returned, which represents the best possible sum of slices that can be achieved.

The official solution is more concise and leverages the properties of dynamic programming effectively, ensuring that the solution remains efficient in both time and space complexity. My initial approach was more verbose and could potentially lead to higher space usage due to the creation of multiple arrays. The official solution's method of reusing and updating arrays is a more optimal strategy. 

In future implementations, I should focus on minimizing space complexity and reusing data structures where possible, as demonstrated in the official solution.
INFO - Updated entry: The problem involves maximizing the sum of pizza slice sizes taken from a circular array, where the picking order is constrained by the actions of two friends. The key concepts tested here include dynamic programming and handling circular arrays, which require careful consideration of the start a...,

INFO - Metadata: {
    "task_id": 318
}

INFO - Updated entry: The official solution employs a dynamic programming approach that efficiently calculates the maximum sum of pizza slices while considering the constraints of the problem. Here are the key insights and steps from the official solution:

1. **Initialization**: Two lists, `a` and `b`, are initialize...,

INFO - Metadata: {
    "task_id": 318
}

INFO - LM call n parse attempt 1 / 3

INFO - [Task id] 318 [prompt] 
You are a helpful assistant that writes a description of the given function written in the Python programming language.

1) Do not mention the function name.
2) Do not mention anything about helper functions.
3) There might be some helper functions before the main function, but you only need to describe the main function.
4) Try to summarize the function in no more than 6 sentences.
5) Your response should be a single line of text.

INFO - [Task id] 318 [prompt] 
class Solution:
    def maxSizeSlices(self, slices: list[int]) -> int:
        n = len(slices)
        k = n // 3  # number of slices you can take
        
        # Helper function to calculate max sum of slices
        def calculateMaxSum(slices, start, end, k):
            dp = [[0] * (end - start + 1) for _ in range(k + 1)]
            for i in range(start, end + 1):
                for j in range(min(i - start + 1, k), 0, -1):
                    dp[j][i - start] = max(dp[j][i - start - 1], 
                                           dp[j - 1][i - start - 2] + slices[i])
            return dp[k][end - start]

        # Calculate max sum including first slice (excluding last slice)
        max1 = calculateMaxSum(slices, 0, n - 2, k)
        # Calculate max sum excluding first slice (including last slice)
        max2 = calculateMaxSum(slices, 1, n - 1, k)

        return max(max1, max2)

INFO - [Task id] 318 [generation text] This function calculates the maximum sum of pizza slices that can be taken, adhering to the constraint of selecting one-third of the total slices. It determines the number of slices that can be chosen and employs a dynamic programming approach to evaluate two scenarios: one including the first slice while excluding the last, and the other excluding the first slice while including the last. The results from both scenarios are compared to find the maximum possible sum. The function ultimately returns this maximum value, ensuring that the selection of slices is optimized.
INFO - LM call n parse attempt 1 / 3

INFO - [Task id] 318 [prompt] 
You are a helpful assistant that extracts important information from problems and solutions to aid in searchability and education.

## Instructions
- Read through the problem and solution carefully.
- Reason out, step by step, in what scenarios this knowledge would be useful.
- Focus on general patterns and situations to help connect this knowledge to new situations.
- Then, include a list of keywords that are useful for searching this problem/solution pair.

## Response format
Respond in JSON, and follow the keys and expected format of the values strictly.

The output should be formatted as a JSON instance that conforms to the JSON schema below.

As an example, for the schema {"properties": {"foo": {"title": "Foo", "description": "a list of strings", "type": "array", "items": {"type": "string"}}}, "required": ["foo"]}
the object {"foo": ["bar", "baz"]} is a well-formatted instance of the schema. The object {"properties": {"foo": ["bar", "baz"]}} is not well-formatted.

Here is the output schema:
```
{"properties": {"scenarios": {"description": "In what scenarios will this knowledge be useful? Answer in a paragraph.", "title": "Scenarios", "type": "string"}, "keywords": {"description": "List of keywords that are useful for searching this problem/solution pair", "items": {"type": "string"}, "title": "Keywords", "type": "array"}}, "required": ["scenarios", "keywords"]}
```

INFO - [Task id] 318 [prompt] 
[Problem]
    There is a pizza with 3n slices of varying size, you and your friends will take slices of pizza as follows:

    You will pick any pizza slice.
    Your friend Alice will pick next slice in anti clockwise direction of your pick. 
    Your friend Bob will pick next slice in clockwise direction of your pick.
    Repeat until there are no more slices of pizzas.

    Sizes of Pizza slices is represented by circular array slices in clockwise direction.
    Return the maximum possible sum of slice sizes which you can have.
 
    Example 1:

    Input: slices = [1,2,3,4,5,6]
    Output: 10
    Explanation: Pick pizza slice of size 4, Alice and Bob will pick slices with size 3 and 5 respectively. Then Pick slices with size 6, finally Alice and Bob will pick slice of size 2 and 1 respectively. Total = 4 + 6.

    Example 2:

    Input: slices = [8,9,8,6,1,1]
    Output: 16
    Output: Pick pizza slice of size 8 in each turn. If you pick slice with size 9 your partners will pick slices of size 8.

    Example 3:
    Input: slices = [4,1,2,5,8,3,1,9,7]
    Output: 21

    Example 4:
    Input: slices = [3,1,2]
    Output: 3

 
    Constraints:

    1 <= slices.length <= 500
    slices.length % 3 == 0
    1 <= slices[i] <= 1000
[/Problem]

[Solution]

    class Solution:
        def maxSizeSlices(self, slices: list[int]) -> int:
            n = len(slices)
            k = n // 3  # number of slices you can take
        
            # Helper function to calculate max sum of slices
            def calculateMaxSum(slices, start, end, k):
                dp = [[0] * (end - start + 1) for _ in range(k + 1)]
                for i in range(start, end + 1):
                    for j in range(min(i - start + 1, k), 0, -1):
                        dp[j][i - start] = max(dp[j][i - start - 1], 
                                               dp[j - 1][i - start - 2] + slices[i])
                return dp[k][end - start]

            # Calculate max sum including first slice (excluding last slice)
            max1 = calculateMaxSum(slices, 0, n - 2, k)
            # Calculate max sum excluding first slice (including last slice)
            max2 = calculateMaxSum(slices, 1, n - 1, k)

            return max(max1, max2)

[/Solution]

INFO - [Task id] 318 [generation text] 
INFO - {
    "scenarios": "This knowledge is useful in scenarios where you need to optimize selections from a circular array with constraints on how selections are made. It can be applied in game theory, resource allocation problems, and any situation where you need to maximize a sum while considering the impact of choices made by others. This could also be relevant in competitive programming and algorithm design, particularly in problems involving dynamic programming and combinatorial optimization.",
    "keywords": [
        "pizza slices",
        "dynamic programming",
        "circular array",
        "optimization",
        "combinatorial problem",
        "maximum sum",
        "game theory",
        "resource allocation"
    ]
}
INFO - {
    "scenarios": "This knowledge is useful in scenarios where you need to optimize selections from a circular array with constraints on how selections are made. It can be applied in game theory, resource allocation problems, and any situation where you need to maximize a sum while considering the impact of choices made by others. This could also be relevant in competitive programming and algorithm design, particularly in problems involving dynamic programming and combinatorial optimization.",
    "keywords": [
        "pizza slices",
        "dynamic programming",
        "circular array",
        "optimization",
        "combinatorial problem",
        "maximum sum",
        "game theory",
        "resource allocation"
    ]
}
INFO - Updated entry: 
[description]
This function calculates the maximum sum of pizza slices that can be taken, adhering to the constraint of selecting one-third of the total slices. It determines the number of slices that can be chosen and employs a dynamic programming approach to evaluate two scenarios: one includi...,

INFO - Metadata: {
    "task": 318,
    "code": "\nclass Solution:\n    def maxSizeSlices(self, slices: list[int]) -> int:\n        n = len(slices)\n        k = n // 3  # number of slices you can take\n        \n        # Helper function to calculate max sum of slices\n        def calculateMaxSum(slices, start, e...

