INFO - DB skill doc count: 0

INFO - DB non_func doc count: 9

INFO - DB semantic doc count: 429

INFO - DB summaries doc count: 13

INFO - DB reflections doc count: 13

INFO - DB episodic doc count: 30

INFO - [train iter]: 13/100 

INFO - The task prompt is Help Saurabh with his Chemistry Assignment.

Saurabh has been given a chemistry assignment by Ruby Mam. Though the assignment is simple but

Saurabh has to watch India vs Pakistan Match and he has no time to do the assignment by himself.

So Saurabh wants you to do his assignment so that he doesn...

INFO - Attempting task_id 1032
INFO - LM call n parse attempt 1 / 3

INFO - [Task id] 1032 [prompt] 
You are an expert programmer tasked with solving the problem below.

Follow the user's instructions to solve the problem.
The user can ask for analysis, code, or both.

## Instructions
When asked to output code,
- Make sure to wrap your code in '```python' and '```' Markdown delimiters, 
- include exactly one block of code with the entire solution
- No outside libraries are allowed. 
- Builtins are allowed.
- If the task specifies a function name to be used, follow it strictly (be case sensitive!) and declare the that function last (helper functions are declared first).
- DO NOT write any assert statements / tests.

## Problem
[BEGIN PROBLEM]
Help Saurabh with his Chemistry Assignment.

Saurabh has been given a chemistry assignment by Ruby Mam. Though the assignment is simple but

Saurabh has to watch India vs Pakistan Match and he has no time to do the assignment by himself.

So Saurabh wants you to do his assignment so that he doesn’t get scolded by Ruby Mam . The assignment

is as follows , Suppose there are X particles initially at time t=0 in a box. At a time t the number of particles in

box becomes t times the number of particles at time t-1 . You will be given N and X where N is time at which the

number of particles in box is to be calculated and X is the number of particles at time t=0.

-----Input-----
The first line will contain the integer T, the number of test cases. Each test case consists of two space

separated integers N and X .

-----Output-----
For each test case, output the answer to the query. Since the output can be very large, output the answer modulo

10^6+3

-----Constraints-----
- 1 ≤ T ≤ 100000
- 1 ≤ N,X ≤ 10^18

-----Example-----
Input:
2
1 2
2 1

Output:
2
2

-----Explanation-----
Example case 2.At t=0 particles are 1 ,so at t=1 ,particles are 1*1 = 1 particles. At t=2, particles are 2*1 = 2 particles.

The output code needs to read from and write to standard IO


[END PROBLEM]

INFO - [Task id] 1032 [prompt] 
## Instructions

Reason through the problem and:
1. Restate the problem in plain English
2. Conceptualize a solution first in plain English
3. Write a pseudocode solution
4. Output the final Python 3 solution with your solution steps in comments.

Make sure to wrap your code in '```python' and '```' Markdown delimiters, 
and include exactly one block of code with the entire solution.

No outside libraries are allowed.
Builtins are allowed.

INFO - [Task id] 1032 [generation text] 1. **Restate the problem in plain English:**
   Saurabh needs to calculate the number of particles in a box at a given time `N`, starting with `X` particles at time `t=0`. The number of particles at time `t` is determined by multiplying the number of particles at time `t-1` by `t`. The results can be very large, so we need to return the result modulo \(10^6 + 3\).

2. **Conceptualize a solution first in plain English:**
   To solve the problem, we need to compute the number of particles at time `N` based on the formula:
   - At `t=0`, particles = `X`
   - At `t=1`, particles = `1 * X`
   - At `t=2`, particles = `2 * (1 * X)`
   - At `t=3`, particles = `3 * (2 * (1 * X))`
   - And so on, until `t=N`.
   
   This can be simplified to:
   - Particles at time `N` = `X * N!` (N factorial).
   
   However, since `N` can be very large (up to \(10^{18}\)), calculating `N!` directly is impractical. Instead, we can use properties of modular arithmetic and the fact that \(N! \mod (10^6 + 3)\) will repeat after a certain point due to the factorial growth and the modulus.

3. **Write a pseudocode solution:**
   ```
   function calculate_particles(N, X):
       MOD = 1000003
       if N >= MOD:
           return 0  // because N! will have MOD as a factor
       factorial = 1
       for i from 1 to N:
           factorial = (factorial * i) % MOD
       return (factorial * X) % MOD

   function main():
       read T
       for each test case:
           read N, X
           result = calculate_particles(N, X)
           print result
   ```

4. **Output the final Python 3 solution with your solution steps in comments:**
```python
def calculate_particles(N, X):
    MOD = 1000003
    # If N is greater than or equal to MOD, the result will be 0
    if N >= MOD:
        return 0  # because N! will have MOD as a factor
    factorial = 1
    # Calculate N! % MOD
    for i in range(1, N + 1):
        factorial = (factorial * i) % MOD
    # Return (N! * X) % MOD
    return (factorial * X) % MOD

def main():
    import sys
    input = sys.stdin.read
    data = input().splitlines()
    
    T = int(data[0])  # Read number of test cases
    results = []
    for i in range(1, T + 1):
        N, X = map(int, data[i].split())
        result = calculate_particles(N, X)
        results.append(result)
    
    # Print all results
    sys.stdout.write('\n'.join(map(str, results)) + '\n')

# Call the main function to execute the program
main()
```
INFO - [35m Rollout attempt 1/4[0m
INFO - [33m Retrieving 3 entries for db: episodic 
 [0m
INFO - Retrieved (score=0.3316):

[Task]:
    The MarkiT online virtual market startup wants to organize its grand opening in NIT Patna.
    but they want maximum crowd for their inauguration. So the manager told  this  to Praveen a student in NITP who suggested them:
    The first-year students come to campus  every x hour,
   ...


INFO - Retrieved (score=0.3526):

[Task]:
    The MarkiT online virtual market startup wants to organize its grand opening in NIT Patna.
    but they want maximum crowd for their inauguration. So the manager told  this  to Praveen a student in NITP who suggested them:
    The first-year students come to campus  every x hour,
   ...


INFO - Retrieved (score=0.4012):

[Task]:
    Nexus 4.O is going to be organized by ASME, GLA University. Shubhanshu, Head of Finance Team is working for it. He has $N$ number of bills of different values as $a$$1$,$ a$$2$, $a$$3$…$a$$n$.
    He is interested in a game in which one has to do the addition of the bills. But due to...


INFO - [33m Retrieving 3 entries for db: semantic 
 [0m
INFO - Retrieved (score=0.4093):
Title: Continued fractions
Part: 11/12
```
    === "Python"
        ```py
        # returns [ah, ph, qh] such that points r[i]=(ph[i], qh[i]) constitute upper convex hull
        # of lattice points on 0 <= x <= N and 0 <= y <= r * x, where r = [a0; a1, a2, ...]
        # and there are ah[i]-1 in...


INFO - Retrieved (score=0.4240):
Title: Continued fractions
Part: 12/12
```
    === "Python"
        ```py
        def solve(p, q, N):
            return p * N * (N + 1) // 2 - q * sum_floor(fraction(p, q), N)
        ``` 

!!! example "[Library Checker - Sum of Floor of Linear](https://judge.yosupo.jp/problem/sum_of_floor_of_li...


INFO - Retrieved (score=0.4575):
Title: Factorial modulo $p$
Part: 1/1
# Factorial modulo $p$

In some cases it is necessary to consider complex formulas modulo some prime $p$, containing factorials in both numerator and denominator, like such that you encounter in the formula for Binomial coefficients.
We consider the case when...


INFO - [33m Retrieving 3 entries for db: reflections 
 [0m
INFO - Retrieved (score=0.4416):
In reflecting on my attempts to solve the problem, I learned several key insights that could be useful for future reference:

1. **Understanding LCM and GCD**: The official solution effectively uses the relationship between the least common multiple (LCM) and the greatest common divisor (GCD) to ...


INFO - Retrieved (score=0.4512):
The official solution effectively addresses the problem by directly iterating through the list of bills for each query and calculating the sum within the specified range. Here are some key insights from the official solution:

1. **Input Handling**: The solution reads the number of test cases and...


INFO - Retrieved (score=0.4921):
### Reflection on the Problem-Solving Experience

In my attempts to solve the problem of finding a permutation \( P \) such that \( f(P) = K \), I learned several key insights about the problem's structure and the requirements for generating valid permutations.

1. **Understanding the Function \(...


INFO - [33m Retrieving 3 entries for db: summaries 
 [0m
INFO - Retrieved (score=0.3752):
In this problem, the goal was to determine how many times first, second, and third-year students would all be present on campus together over a specified number of days (N). Each group arrives at specific intervals (x, y, z hours). The key concept was to calculate the least common multiple (LCM) ...


INFO - Retrieved (score=0.3897):
In solving the problem of finding a permutation \( P \) such that \( f(P) = K \), I learned several key concepts and strategies. The function \( f(P) \) is defined as the sum of the maximums of adjacent pairs in the permutation. The maximum possible value of \( f(P) \) for a descending permutatio...


INFO - Retrieved (score=0.4031):
In this task, I was required to calculate the mean of maximum scores for students after they solve a series of questions with varying complexities. Each student starts with a score of 10, and their score is multiplied by the complexity of the questions they solve, which are assigned to specific r...


INFO - [33m Retrieving 3 entries for db: non_func 
 [0m
INFO - Retrieved (score=0.5320):

[description for function: main]
The function processes multiple test cases by first reading the number of days and the intervals for three groups from user input. It then calculates how many days all three groups are present together by utilizing a helper function to compute the least common mu...


INFO - Retrieved (score=0.5368):

[description for function: find_permutation]
The function processes multiple test cases to find a permutation of numbers from 1 to N that achieves a specific value K based on a defined function f(P). It first calculates the maximum possible value of f(P) for a descending permutation and checks i...


INFO - Retrieved (score=0.5570):

[description for function: process_queries]
The function processes multiple test cases where each test case consists of a list of bills and a series of queries. For each query, it calculates the sum of a specified range of bills based on given indices. It reads the number of bills and queries, t...


INFO - Retrieved (score=0.3316): 
[Past Memory]:

    [Task]:
        The MarkiT online virtual market startup wants to organize its grand opening in NIT Patna.
        but they want maximum crowd for their inauguration. So the manager told  this  to Praveen a student in NITP who suggested them:
        The first-year students c...
INFO - Retrieved (score=0.3526): 
[Past Memory]:

    [Task]:
        The MarkiT online virtual market startup wants to organize its grand opening in NIT Patna.
        but they want maximum crowd for their inauguration. So the manager told  this  to Praveen a student in NITP who suggested them:
        The first-year students c...
INFO - Retrieved (score=0.3752): 
[Summary]:
    In this problem, the goal was to determine how many times first, second, and third-year students would all be present on campus together over a specified number of days (N). Each group arrives at specific intervals (x, y, z hours). The key concept was to calculate the least common...
INFO - LM call n parse attempt 1 / 3

INFO - [Task id] 1032 [prompt] 
You are an expert programmer tasked with solving the problem below.

Follow the user's instructions to solve the problem.
The user can ask for analysis, code, or both.

## Instructions
When asked to output code,
- Make sure to wrap your code in '```python' and '```' Markdown delimiters, 
- include exactly one block of code with the entire solution
- No outside libraries are allowed. 
- Builtins are allowed.
- If the task specifies a function name to be used, follow it strictly (be case sensitive!) and declare the that function last (helper functions are declared first).
- DO NOT write any assert statements / tests.

## Problem
[BEGIN PROBLEM]
Help Saurabh with his Chemistry Assignment.

Saurabh has been given a chemistry assignment by Ruby Mam. Though the assignment is simple but

Saurabh has to watch India vs Pakistan Match and he has no time to do the assignment by himself.

So Saurabh wants you to do his assignment so that he doesn’t get scolded by Ruby Mam . The assignment

is as follows , Suppose there are X particles initially at time t=0 in a box. At a time t the number of particles in

box becomes t times the number of particles at time t-1 . You will be given N and X where N is time at which the

number of particles in box is to be calculated and X is the number of particles at time t=0.

-----Input-----
The first line will contain the integer T, the number of test cases. Each test case consists of two space

separated integers N and X .

-----Output-----
For each test case, output the answer to the query. Since the output can be very large, output the answer modulo

10^6+3

-----Constraints-----
- 1 ≤ T ≤ 100000
- 1 ≤ N,X ≤ 10^18

-----Example-----
Input:
2
1 2
2 1

Output:
2
2

-----Explanation-----
Example case 2.At t=0 particles are 1 ,so at t=1 ,particles are 1*1 = 1 particles. At t=2, particles are 2*1 = 2 particles.

The output code needs to read from and write to standard IO


[END PROBLEM]

INFO - [Task id] 1032 [prompt] 
## Instructions

Reason through the problem and:
1. Restate the problem in plain English
2. Conceptualize a solution first in plain English
3. Write a pseudocode solution
4. Output the final Python 3 solution with your solution steps in comments.

Make sure to wrap your code in '```python' and '```' Markdown delimiters, 
and include exactly one block of code with the entire solution.

No outside libraries are allowed.
Builtins are allowed.

INFO - [Task id] 1032 [prompt] 
Also, here are some of your memories.
Feel free to use the given information to aid your problem solving process if necessary.
Do not confuse the memories with the problem statement.

## Memories

[Past Memory]:

    [Task]:
        The MarkiT online virtual market startup wants to organize its grand opening in NIT Patna.
        but they want maximum crowd for their inauguration. So the manager told  this  to Praveen a student in NITP who suggested them:
        The first-year students come to campus  every x hour,
        Second-year students come to campus every y hour,
        Third-year students come to campus every z hour and 
        Fourth-year is very busy so they don't come regularly.
        So Praveen being very clever told him the no of times in n days he can have an audience of all year student (1st,2nd & 3rd) at max. So can you code what Praveen has done?

        -----Input:-----
        - First line will contain $T$, number of testcases. Then the testcases follow. 
        - Each testcase contains of a 2 line of input, first line contain one  integers $N$ (No of Days). 
        -Next line contain 3 space separated integer the  value of x y z

        -----Output:-----
        For each testcase, output in a single line answer the no of times audience consists of all year.

        -----Constraints-----
        - $1 \leq T \leq 1000$
        - $1 \leq N \leq 10^8$
        - $1 \leq x,y,z \leq 10^5$

        -----Sample Input:-----
        1
        10
        8 10 6

        -----Sample Output:-----
        2

        -----EXPLANATION:-----
        First favourable condition will come on 5th day and Second on 10th day.
    [/Task]

    [Previous Critique]:
        Let's analyze the code step-by-step to identify the issues:

        1. **Understanding the Problem**:
           The goal is to find out how many times all three groups of students (first, second, and third years) will be present together on campus over a specified number of days (N). They arrive at intervals of x, y, and z hours respectively. We need to calculate the least common multiple (LCM) of these intervals to determine how often they coincide.

        2. **Identifying the Issue**:
           The code calculates the LCM correctly, but the counting of days where all three groups are present is done using integer division (`N // lcm_value`). This approach assumes that the LCM is in hours, but we need to consider that the total number of hours in N days is `N * 24` (since there are 24 hours in a day). Therefore, we should be dividing `N * 24` by the LCM to get the correct count of days.

        3. **Where I Went Wrong**:
           - I did not account for the conversion from days to hours when calculating how many times the LCM fits into the total hours available in N days.
           - The calculation of `N // lcm_value` should actually be `N * 24 // lcm_value`.

        Now, let's correct the code accordingly.

        ```python
        def gcd(a, b):
            # Function to compute the greatest common divisor
            while b != 0:
                a, b = b, a % b
            return a

        def lcm(a, b):
            # Function to compute the least common multiple
            return (a * b) // gcd(a, b)

        def calculate_lcm(x, y, z):
            # Function to compute the LCM of three numbers
            return lcm(lcm(x, y), z)

        def count_days(N, x, y, z):
            # Count how many days all three groups are present
            lcm_value = calculate_lcm(x, y, z)
            # Calculate total hours in N days
            total_hours = N * 24
            # Return the number of times the LCM fits into the total hours
            return total_hours // lcm_value

        def main(T):
            for _ in range(T):
                # Read number of days
                N = int(input())
                # Read the intervals for the three groups
                x, y, z = map(int, input().split())
                # Calculate the result
                result = count_days(N, x, y, z)
                # Print the result
                print(result)

        # Read number of test cases
        T = int(input())
        main(T)
        ``` 

        This corrected code now properly calculates the number of times all three groups of students will be present together by considering the total hours in N days.
    [/Previous Critique]

    [Thought Process and Code]:
        Here is the corrected Python code for the original problem, ensuring that we account for the total hours in N days when calculating how many times all three groups of students will be present together:

        ```python
        def gcd(a, b):
            # Function to compute the greatest common divisor
            while b != 0:
                a, b = b, a % b
            return a

        def lcm(a, b):
            # Function to compute the least common multiple
            return (a * b) // gcd(a, b)

        def calculate_lcm(x, y, z):
            # Function to compute the LCM of three numbers
            return lcm(lcm(x, y), z)

        def count_days(N, x, y, z):
            # Count how many days all three groups are present
            lcm_value = calculate_lcm(x, y, z)
            # Calculate total hours in N days
            total_hours = N * 24
            # Return the number of times the LCM fits into the total hours
            return total_hours // lcm_value

        def main(T):
            for _ in range(T):
                # Read number of days
                N = int(input())
                # Read the intervals for the three groups
                x, y, z = map(int, input().split())
                # Calculate the result
                result = count_days(N, x, y, z)
                # Print the result
                print(result)

        # Read number of test cases
        T = int(input())
        main(T)
        ``` 

        This code correctly calculates the number of times all three groups of students will be present together by considering the total hours available in N days.
    [/Thought Process and Code]

    [Environment Feedback]:
        Note: Inputs/outputs here are automatically extracted/truncated so formatting may be a bit off.
        Tests passed:

         Input: ['1', '10', '8 10 6'] Output: 2

        Tests failed:
        None
    [/Environment Feedback]

    [Result]:
        Success
    [/Result]

[/Past Memory]


[Past Memory]:

    [Task]:
        The MarkiT online virtual market startup wants to organize its grand opening in NIT Patna.
        but they want maximum crowd for their inauguration. So the manager told  this  to Praveen a student in NITP who suggested them:
        The first-year students come to campus  every x hour,
        Second-year students come to campus every y hour,
        Third-year students come to campus every z hour and 
        Fourth-year is very busy so they don't come regularly.
        So Praveen being very clever told him the no of times in n days he can have an audience of all year student (1st,2nd & 3rd) at max. So can you code what Praveen has done?

        -----Input:-----
        - First line will contain $T$, number of testcases. Then the testcases follow. 
        - Each testcase contains of a 2 line of input, first line contain one  integers $N$ (No of Days). 
        -Next line contain 3 space separated integer the  value of x y z

        -----Output:-----
        For each testcase, output in a single line answer the no of times audience consists of all year.

        -----Constraints-----
        - $1 \leq T \leq 1000$
        - $1 \leq N \leq 10^8$
        - $1 \leq x,y,z \leq 10^5$

        -----Sample Input:-----
        1
        10
        8 10 6

        -----Sample Output:-----
        2

        -----EXPLANATION:-----
        First favourable condition will come on 5th day and Second on 10th day.
    [/Task]

    [Previous Critique]:
        None
    [/Previous Critique]

    [Thought Process and Code]:
        1. **Restate the problem in plain English**:
           The problem requires us to determine how many times first, second, and third-year students will all be present on campus together over a given number of days. Each group of students arrives at specific intervals (every x, y, and z hours respectively). We need to find the number of days within a specified range where all three groups are present simultaneously.

        2. **Conceptualize a solution first in plain English**:
           - For each test case, read the number of days (N) and the intervals (x, y, z) for the three groups of students.
           - To find the days when all three groups are present, we need to calculate the least common multiple (LCM) of the three intervals (x, y, z). This will give us the frequency at which all three groups will be present together.
           - Count how many multiples of this LCM fit within the range of days (1 to N).

        3. **Write a pseudocode solution**:
           ```
           function gcd(a, b):
               while b != 0:
                   a, b = b, a % b
               return a

           function lcm(a, b):
               return (a * b) // gcd(a, b)

           function calculate_lcm(x, y, z):
               return lcm(lcm(x, y), z)

           function count_days(N, x, y, z):
               lcm_value = calculate_lcm(x, y, z)
               return N // lcm_value

           function main(T):
               for each test case:
                   read N
                   read x, y, z
                   result = count_days(N, x, y, z)
                   print(result
           ```

        4. **Output the final Python 3 solution with your solution steps in comments**:
        ```python
        def gcd(a, b):
            # Function to compute the greatest common divisor
            while b != 0:
                a, b = b, a % b
            return a

        def lcm(a, b):
            # Function to compute the least common multiple
            return (a * b) // gcd(a, b)

        def calculate_lcm(x, y, z):
            # Function to compute the LCM of three numbers
            return lcm(lcm(x, y), z)

        def count_days(N, x, y, z):
            # Count how many days all three groups are present
            lcm_value = calculate_lcm(x, y, z)
            return N // lcm_value

        def main(T):
            for _ in range(T):
                # Read number of days
                N = int(input())
                # Read the intervals for the three groups
                x, y, z = map(int, input().split())
                # Calculate the result
                result = count_days(N, x, y, z)
                # Print the result
                print(result)

        # Read number of test cases
        T = int(input())
        main(T)
        ```
    [/Thought Process and Code]

    [Environment Feedback]:
        Note: Inputs/outputs here are automatically extracted/truncated so formatting may be a bit off.
        Tests passed:

        None

        Tests failed:
         Input: ['1', '10', '8 10 6'] Expected output: [{'2'}] # Execution output: ['0']
    [/Environment Feedback]

    [Result]:
        Failure
    [/Result]

[/Past Memory]


[Summary]:
    In this problem, the goal was to determine how many times first, second, and third-year students would all be present on campus together over a specified number of days (N). Each group arrives at specific intervals (x, y, z hours). The key concept was to calculate the least common multiple (LCM) of these intervals to find out how often they coincide.

    Initially, the code correctly calculated the LCM but failed to account for the total hours in N days. The mistake was in using `N // lcm_value` instead of `N * 24 // lcm_value`, which led to incorrect results. This error was identified during testing when the output did not match expectations.

    The final solution involved defining helper functions for calculating the GCD and LCM, and then using these to count the number of times all three groups would be present by dividing the total hours in N days by the LCM. The corrected code successfully passed all test cases.

    Key code snippets:
    ```python
    def gcd(a, b):
        while b != 0:
            a, b = b, a % b
        return a

    def lcm(a, b):
        return (a * b) // gcd(a, b)

    def count_days(N, x, y, z):
        lcm_value = calculate_lcm(x, y, z)
        total_hours = N * 24
        return total_hours // lcm_value
    ```

    This experience reinforced the importance of carefully considering units and conversions in calculations, especially when dealing with time intervals.
[/Summary]


INFO - [Task id] 1032 [generation text] 1. **Restate the problem in plain English**:
   The task is to calculate how many particles are present in a box at a given time `N`, starting with `X` particles at time `t=0`. The number of particles at time `t` is determined by multiplying the number of particles at time `t-1` by `t`. The output should be the number of particles at time `N`, modulo \(10^6 + 3\).

2. **Conceptualize a solution first in plain English**:
   - For each test case, read the values of `N` (the time) and `X` (the initial number of particles).
   - The number of particles at time `t` can be expressed as \(X \times (1 \times 2 \times ... \times N)\), which is \(X\) multiplied by the factorial of `N`.
   - Since `N` can be very large (up to \(10^{18}\)), calculating the factorial directly is impractical. Instead, we can use properties of modular arithmetic to compute the result efficiently.
   - Specifically, we can compute the factorial modulo \(10^6 + 3\) and then multiply it by `X`, also taking the result modulo \(10^6 + 3\).

3. **Write a pseudocode solution**:
   ```
   function factorial_mod(n, mod):
       result = 1
       for i from 1 to n:
           result = (result * i) % mod
       return result

   function calculate_particles(N, X):
       mod = 1000003
       if N >= mod:
           return 0  # Factorial will be 0 mod 1000003 for N >= 1000003
       factorial_value = factorial_mod(N, mod)
       return (factorial_value * X) % mod

   function main(T):
       for each test case:
           read N, X
           result = calculate_particles(N, X)
           print(result
   ```

4. **Output the final Python 3 solution with your solution steps in comments**:
```python
def factorial_mod(n, mod):
    # Function to compute factorial of n modulo mod
    result = 1
    for i in range(1, n + 1):
        result = (result * i) % mod
    return result

def calculate_particles(N, X):
    # Calculate the number of particles at time N given initial particles X
    mod = 1000003
    if N >= mod:
        return 0  # Factorial will be 0 mod 1000003 for N >= 1000003
    factorial_value = factorial_mod(N, mod)
    return (factorial_value * X) % mod

def main(T):
    for _ in range(T):
        # Read N and X for each test case
        N, X = map(int, input().split())
        # Calculate the result
        result = calculate_particles(N, X)
        # Print the result
        print(result)

# Read number of test cases
T = int(input())
main(T)
``` 

This code efficiently calculates the number of particles in the box at time `N` while handling large values of `N` by using modular arithmetic.
INFO - program_code:
 
def factorial_mod(n, mod):
    # Function to compute factorial of n modulo mod
    result = 1
    for i in range(1, n + 1):
        result = (result * i) % mod
    return result

def calculate_particles(N, X):
    # Calculate the number of particles at time N given initial particles X
    mod = 1000003
    if N >= mod:
        return 0  # Factorial will be 0 mod 1000003 for N >= 1000003
    factorial_value = factorial_mod(N, mod)
    return (factorial_value * X) % mod

def main(T):
    for _ in range(T):
        # Read N and X for each test case
        N, X = map(int, input().split())
        # Calculate the result
        result = calculate_particles(N, X)
        # Print the result
        print(result)

# Read number of test cases
T = int(input())
main(T)


INFO - program_name:
 main

INFO - dependencies:
 []

INFO - raw_msg:
 1. **Restate the problem in plain English**:
   The task is to calculate how many particles are present in a box at a given time `N`, starting with `X` particles at time `t=0`. The number of particles at time `t` is determined by multiplying the number of particles at time `t-1` by `t`. The output should be the number of particles at time `N`, modulo \(10^6 + 3\).

2. **Conceptualize a solution first in plain English**:
   - For each test case, read the values of `N` (the time) and `X` (the initial number of particles).
   - The number of particles at time `t` can be expressed as \(X \times (1 \times 2 \times ... \times N)\), which is \(X\) multiplied by the factorial of `N`.
   - Since `N` can be very large (up to \(10^{18}\)), calculating the factorial directly is impractical. Instead, we can use properties of modular arithmetic to compute the result efficiently.
   - Specifically, we can compute the factorial modulo \(10^6 + 3\) and then multiply it by `X`, also taking the result modulo \(10^6 + 3\).

3. **Write a pseudocode solution**:
   ```
   function factorial_mod(n, mod):
       result = 1
       for i from 1 to n:
           result = (result * i) % mod
       return result

   function calculate_particles(N, X):
       mod = 1000003
       if N >= mod:
           return 0  # Factorial will be 0 mod 1000003 for N >= 1000003
       factorial_value = factorial_mod(N, mod)
       return (factorial_value * X) % mod

   function main(T):
       for each test case:
           read N, X
           result = calculate_particles(N, X)
           print(result
   ```

4. **Output the final Python 3 solution with your solution steps in comments**:
```python
def factorial_mod(n, mod):
    # Function to compute factorial of n modulo mod
    result = 1
    for i in range(1, n + 1):
        result = (result * i) % mod
    return result

def calculate_particles(N, X):
    # Calculate the number of particles at time N given initial particles X
    mod = 1000003
    if N >= mod:
        return 0  # Factorial will be 0 mod 1000003 for N >= 1000003
    factorial_value = factorial_mod(N, mod)
    return (factorial_value * X) % mod

def main(T):
    for _ in range(T):
        # Read N and X for each test case
        N, X = map(int, input().split())
        # Calculate the result
        result = calculate_particles(N, X)
        # Print the result
        print(result)

# Read number of test cases
T = int(input())
main(T)
``` 

This code efficiently calculates the number of particles in the box at time `N` while handling large values of `N` by using modular arithmetic.

INFO - no_parent:
 False

INFO - full code to be executed: 
 
def factorial_mod(n, mod):
    # Function to compute factorial of n modulo mod
    result = 1
    for i in range(1, n + 1):
        result = (result * i) % mod
    return result

def calculate_particles(N, X):
    # Calculate the number of particles at time N given initial particles X
    mod = 1000003
    if N >= mod:
        return 0  # Factorial will be 0 mod 1000003 for N >= 1000003
    factorial_value = factorial_mod(N, mod)
    return (factorial_value * X) % mod

def main(T):
    for _ in range(T):
        # Read N and X for each test case
        N, X = map(int, input().split())
        # Calculate the result
        result = calculate_particles(N, X)
        # Print the result
        print(result)

# Read number of test cases
T = int(input())
main(T)


INFO - obs: Note: Inputs/outputs here are automatically extracted/truncated so formatting may be a bit off.
Tests passed:

 Input: ['2', '1 2', '2 1'] Output: 2
2

Tests failed:
None
reward: True
done: None
info: {'individual_results': [True]}
INFO - Updated entry: 
[Task]:
    Help Saurabh with his Chemistry Assignment.

    Saurabh has been given a chemistry assignment by Ruby Mam. Though the assignment is simple but

    Saurabh has to watch India vs Pakistan Match and he has no time to do the assignment by himself.

    So Saurabh wants you to do his as...,

INFO - Metadata: {
    "raw_msg": "1. **Restate the problem in plain English**:\n   The task is to calculate how many particles are present in a box at a given time `N`, starting with `X` particles at time `t=0`. The number of particles at time `t` is determined by multiplying the number of particles at time `t-1...

INFO - LM call n parse attempt 1 / 3

INFO - [Task id] 1032 [prompt] 
You are an expert programmer tasked with solving the problem below.

Follow the user's instructions to solve the problem.
The user can ask for analysis, code, or both.

## Instructions
When asked to output code,
- Make sure to wrap your code in '```python' and '```' Markdown delimiters, 
- include exactly one block of code with the entire solution
- No outside libraries are allowed. 
- Builtins are allowed.
- If the task specifies a function name to be used, follow it strictly (be case sensitive!) and declare the that function last (helper functions are declared first).
- DO NOT write any assert statements / tests.

## Problem
[BEGIN PROBLEM]
Help Saurabh with his Chemistry Assignment.

Saurabh has been given a chemistry assignment by Ruby Mam. Though the assignment is simple but

Saurabh has to watch India vs Pakistan Match and he has no time to do the assignment by himself.

So Saurabh wants you to do his assignment so that he doesn’t get scolded by Ruby Mam . The assignment

is as follows , Suppose there are X particles initially at time t=0 in a box. At a time t the number of particles in

box becomes t times the number of particles at time t-1 . You will be given N and X where N is time at which the

number of particles in box is to be calculated and X is the number of particles at time t=0.

-----Input-----
The first line will contain the integer T, the number of test cases. Each test case consists of two space

separated integers N and X .

-----Output-----
For each test case, output the answer to the query. Since the output can be very large, output the answer modulo

10^6+3

-----Constraints-----
- 1 ≤ T ≤ 100000
- 1 ≤ N,X ≤ 10^18

-----Example-----
Input:
2
1 2
2 1

Output:
2
2

-----Explanation-----
Example case 2.At t=0 particles are 1 ,so at t=1 ,particles are 1*1 = 1 particles. At t=2, particles are 2*1 = 2 particles.

The output code needs to read from and write to standard IO


[END PROBLEM]

INFO - [Task id] 1032 [prompt] 
## Instructions

Reason through the problem and:
1. Restate the problem in plain English
2. Conceptualize a solution first in plain English
3. Write a pseudocode solution
4. Output the final Python 3 solution with your solution steps in comments.

Make sure to wrap your code in '```python' and '```' Markdown delimiters, 
and include exactly one block of code with the entire solution.

No outside libraries are allowed.
Builtins are allowed.

INFO - [Task id] 1032 [prompt] 1. **Restate the problem in plain English**:
   The task is to calculate how many particles are present in a box at a given time `N`, starting with `X` particles at time `t=0`. The number of particles at time `t` is determined by multiplying the number of particles at time `t-1` by `t`. The output should be the number of particles at time `N`, modulo \(10^6 + 3\).

2. **Conceptualize a solution first in plain English**:
   - For each test case, read the values of `N` (the time) and `X` (the initial number of particles).
   - The number of particles at time `t` can be expressed as \(X \times (1 \times 2 \times ... \times N)\), which is \(X\) multiplied by the factorial of `N`.
   - Since `N` can be very large (up to \(10^{18}\)), calculating the factorial directly is impractical. Instead, we can use properties of modular arithmetic to compute the result efficiently.
   - Specifically, we can compute the factorial modulo \(10^6 + 3\) and then multiply it by `X`, also taking the result modulo \(10^6 + 3\).

3. **Write a pseudocode solution**:
   ```
   function factorial_mod(n, mod):
       result = 1
       for i from 1 to n:
           result = (result * i) % mod
       return result

   function calculate_particles(N, X):
       mod = 1000003
       if N >= mod:
           return 0  # Factorial will be 0 mod 1000003 for N >= 1000003
       factorial_value = factorial_mod(N, mod)
       return (factorial_value * X) % mod

   function main(T):
       for each test case:
           read N, X
           result = calculate_particles(N, X)
           print(result
   ```

4. **Output the final Python 3 solution with your solution steps in comments**:
```python
def factorial_mod(n, mod):
    # Function to compute factorial of n modulo mod
    result = 1
    for i in range(1, n + 1):
        result = (result * i) % mod
    return result

def calculate_particles(N, X):
    # Calculate the number of particles at time N given initial particles X
    mod = 1000003
    if N >= mod:
        return 0  # Factorial will be 0 mod 1000003 for N >= 1000003
    factorial_value = factorial_mod(N, mod)
    return (factorial_value * X) % mod

def main(T):
    for _ in range(T):
        # Read N and X for each test case
        N, X = map(int, input().split())
        # Calculate the result
        result = calculate_particles(N, X)
        # Print the result
        print(result)

# Read number of test cases
T = int(input())
main(T)
``` 

This code efficiently calculates the number of particles in the box at time `N` while handling large values of `N` by using modular arithmetic.
INFO - [Task id] 1032 [prompt] 
[Environment Feedback]:
    Note: Inputs/outputs here are automatically extracted/truncated so formatting may be a bit off.
    Tests passed:

     Input: ['2', '1 2', '2 1'] Output: 2
    2

    Tests failed:
    None
[/Environment Feedback]

INFO - [Task id] 1032 [prompt] 
## Instructions
Now, summarize your attempts as a **standalone** document for your own future reference. (can skip formalities, be concise)

- Only include the most relevant information and code snippets that could be useful in the future.
- If you did not learn much from the current experience (e.g. the problem was too easy), feel free to write less or nothing at all.
- Here are some ideas if the experience was useful:
    - Identifying the core concepts and patterns that problem appears to test for
    - Describing the strategies that seemed to work but did not, and vice versa
    - Describing unexpected errors and how they were fixed

Your summary should be at most a few paragraphs.

INFO - [Task id] 1032 [generation text] In this task, I was required to calculate the number of particles in a box at a given time `N`, starting with `X` particles at time `t=0`. The challenge was to compute the result efficiently, especially since `N` could be as large as \(10^{18}\). The key insight was recognizing that the factorial of `N` would grow rapidly, and thus, calculating it directly was impractical. Instead, I utilized modular arithmetic to keep the calculations manageable.

The solution involved defining two main functions: one for calculating the factorial modulo \(10^6 + 3\) and another for computing the number of particles based on the factorial and the initial count `X`. A critical optimization was to return `0` if `N` was greater than or equal to \(10^6 + 3\), as the factorial would be `0` in that case.

The final implementation successfully handled the input and output requirements, and the logic was sound, as evidenced by passing the provided test cases. The code structure was clear, with helper functions defined before the main logic, adhering to best practices in programming. 

Key code snippets:
```python
def factorial_mod(n, mod):
    result = 1
    for i in range(1, n + 1):
        result = (result * i) % mod
    return result

def calculate_particles(N, X):
    mod = 1000003
    if N >= mod:
        return 0
    factorial_value = factorial_mod(N, mod)
    return (factorial_value * X) % mod
``` 

This experience reinforced the importance of modular arithmetic in handling large numbers and the need for efficient algorithms in competitive programming contexts.
INFO - LM call n parse attempt 1 / 3

INFO - [Task id] 1032 [prompt] 
You are an expert programmer tasked with solving the problem below.

Follow the user's instructions to solve the problem.
The user can ask for analysis, code, or both.

## Instructions
When asked to output code,
- Make sure to wrap your code in '```python' and '```' Markdown delimiters, 
- include exactly one block of code with the entire solution
- No outside libraries are allowed. 
- Builtins are allowed.
- If the task specifies a function name to be used, follow it strictly (be case sensitive!) and declare the that function last (helper functions are declared first).
- DO NOT write any assert statements / tests.

## Problem
[BEGIN PROBLEM]
Help Saurabh with his Chemistry Assignment.

Saurabh has been given a chemistry assignment by Ruby Mam. Though the assignment is simple but

Saurabh has to watch India vs Pakistan Match and he has no time to do the assignment by himself.

So Saurabh wants you to do his assignment so that he doesn’t get scolded by Ruby Mam . The assignment

is as follows , Suppose there are X particles initially at time t=0 in a box. At a time t the number of particles in

box becomes t times the number of particles at time t-1 . You will be given N and X where N is time at which the

number of particles in box is to be calculated and X is the number of particles at time t=0.

-----Input-----
The first line will contain the integer T, the number of test cases. Each test case consists of two space

separated integers N and X .

-----Output-----
For each test case, output the answer to the query. Since the output can be very large, output the answer modulo

10^6+3

-----Constraints-----
- 1 ≤ T ≤ 100000
- 1 ≤ N,X ≤ 10^18

-----Example-----
Input:
2
1 2
2 1

Output:
2
2

-----Explanation-----
Example case 2.At t=0 particles are 1 ,so at t=1 ,particles are 1*1 = 1 particles. At t=2, particles are 2*1 = 2 particles.

The output code needs to read from and write to standard IO


[END PROBLEM]

INFO - [Task id] 1032 [prompt] 
## Instructions

Reason through the problem and:
1. Restate the problem in plain English
2. Conceptualize a solution first in plain English
3. Write a pseudocode solution
4. Output the final Python 3 solution with your solution steps in comments.

Make sure to wrap your code in '```python' and '```' Markdown delimiters, 
and include exactly one block of code with the entire solution.

No outside libraries are allowed.
Builtins are allowed.

INFO - [Task id] 1032 [prompt] 1. **Restate the problem in plain English**:
   The task is to calculate how many particles are present in a box at a given time `N`, starting with `X` particles at time `t=0`. The number of particles at time `t` is determined by multiplying the number of particles at time `t-1` by `t`. The output should be the number of particles at time `N`, modulo \(10^6 + 3\).

2. **Conceptualize a solution first in plain English**:
   - For each test case, read the values of `N` (the time) and `X` (the initial number of particles).
   - The number of particles at time `t` can be expressed as \(X \times (1 \times 2 \times ... \times N)\), which is \(X\) multiplied by the factorial of `N`.
   - Since `N` can be very large (up to \(10^{18}\)), calculating the factorial directly is impractical. Instead, we can use properties of modular arithmetic to compute the result efficiently.
   - Specifically, we can compute the factorial modulo \(10^6 + 3\) and then multiply it by `X`, also taking the result modulo \(10^6 + 3\).

3. **Write a pseudocode solution**:
   ```
   function factorial_mod(n, mod):
       result = 1
       for i from 1 to n:
           result = (result * i) % mod
       return result

   function calculate_particles(N, X):
       mod = 1000003
       if N >= mod:
           return 0  # Factorial will be 0 mod 1000003 for N >= 1000003
       factorial_value = factorial_mod(N, mod)
       return (factorial_value * X) % mod

   function main(T):
       for each test case:
           read N, X
           result = calculate_particles(N, X)
           print(result
   ```

4. **Output the final Python 3 solution with your solution steps in comments**:
```python
def factorial_mod(n, mod):
    # Function to compute factorial of n modulo mod
    result = 1
    for i in range(1, n + 1):
        result = (result * i) % mod
    return result

def calculate_particles(N, X):
    # Calculate the number of particles at time N given initial particles X
    mod = 1000003
    if N >= mod:
        return 0  # Factorial will be 0 mod 1000003 for N >= 1000003
    factorial_value = factorial_mod(N, mod)
    return (factorial_value * X) % mod

def main(T):
    for _ in range(T):
        # Read N and X for each test case
        N, X = map(int, input().split())
        # Calculate the result
        result = calculate_particles(N, X)
        # Print the result
        print(result)

# Read number of test cases
T = int(input())
main(T)
``` 

This code efficiently calculates the number of particles in the box at time `N` while handling large values of `N` by using modular arithmetic.
INFO - [Task id] 1032 [prompt] 
[Environment Feedback]:
    Note: Inputs/outputs here are automatically extracted/truncated so formatting may be a bit off.
    Tests passed:

     Input: ['2', '1 2', '2 1'] Output: 2
    2

    Tests failed:
    None
[/Environment Feedback]

INFO - [Task id] 1032 [prompt] 
Below is the official solution (do exercise discretion as official solutions can also have mistakes).

You will be reflecting on your attempts to solve the problem.
This will be a **standalone** document for your own future reference. (can skip formalities, be concise)

## Instructions
- Only include the most relevant insights and code snippets that could be useful in the future.
- If you did not learn much from the current experience (e.g. the problem was too easy / official solution was obvious), feel free to write less or nothing at all.
- Here are some ideas if the experience was useful:
    - If the official solution is insightful (e.g. better than yours in time and space complexity or more effective in breaking down the problem statement), distil the key approach of the official solution, step by step.
    - If your approach failed the test cases, reason why the official solution works but yours does not

Your reflection should be at most a few paragraphs.

## Official solution
a = [1]
M = 10**6 + 3
for ii in range(1, 1000005):
 a.append((a[-1]*ii)%M)
for __ in range(eval(input())):
 n, x = list(map(int, input().split()))
 if n>=M: print(0)
 else: print((a[n]*x)%M)


INFO - [Task id] 1032 [generation text] The official solution employs a precomputation strategy to efficiently handle the factorial calculations modulo \(10^6 + 3\). Here are the key insights from the official solution:

1. **Precomputation of Factorials**: The solution initializes a list `a` to store the factorial values modulo \(10^6 + 3\) for all integers from 0 to 1,000,004. This allows for O(1) retrieval of factorial values during each test case, significantly speeding up the process compared to calculating the factorial on-the-fly.

2. **Handling Large N**: The solution checks if `N` is greater than or equal to \(10^6 + 3\). If it is, the output is immediately set to 0, as the factorial will be 0 modulo \(10^6 + 3\) for any `N` that meets this condition. This is a crucial optimization that avoids unnecessary calculations.

3. **Efficiency**: By precomputing the factorials, the solution reduces the time complexity for each test case to O(1) after an initial O(M) setup time, where M is \(10^6 + 3\). This is particularly effective given the constraints of up to 100,000 test cases.

In contrast, my initial approach involved calculating the factorial for each test case, which could lead to inefficiencies, especially for large values of `N`. The use of modular arithmetic was correct, but the lack of precomputation made it less efficient. 

Overall, the official solution's strategy of precomputing factorials and leveraging modular properties is a more effective approach for this problem, especially given the constraints. This experience highlights the importance of considering precomputation in problems involving repeated calculations.
INFO - Updated entry: In this task, I was required to calculate the number of particles in a box at a given time `N`, starting with `X` particles at time `t=0`. The challenge was to compute the result efficiently, especially since `N` could be as large as \(10^{18}\). The key insight was recognizing that the factorial...,

INFO - Metadata: {
    "task_id": 1032
}

INFO - Updated entry: The official solution employs a precomputation strategy to efficiently handle the factorial calculations modulo \(10^6 + 3\). Here are the key insights from the official solution:

1. **Precomputation of Factorials**: The solution initializes a list `a` to store the factorial values modulo \(10^6...,

INFO - Metadata: {
    "task_id": 1032
}

INFO - LM call n parse attempt 1 / 3

INFO - [Task id] 1032 [prompt] 
You are a helpful assistant that writes a description of the given function written in the Python programming language.

1) Do not mention the function name.
2) Do not mention anything about helper functions.
3) There might be some helper functions before the main function, but you only need to describe the main function.
4) Try to summarize the function in no more than 6 sentences.
5) Your response should be a single line of text.

INFO - [Task id] 1032 [prompt] 
def factorial_mod(n, mod):
    # Function to compute factorial of n modulo mod
    result = 1
    for i in range(1, n + 1):
        result = (result * i) % mod
    return result

def calculate_particles(N, X):
    # Calculate the number of particles at time N given initial particles X
    mod = 1000003
    if N >= mod:
        return 0  # Factorial will be 0 mod 1000003 for N >= 1000003
    factorial_value = factorial_mod(N, mod)
    return (factorial_value * X) % mod

def main(T):
    for _ in range(T):
        # Read N and X for each test case
        N, X = map(int, input().split())
        # Calculate the result
        result = calculate_particles(N, X)
        # Print the result
        print(result)

# Read number of test cases
T = int(input())
main(T)


The main function is `main`.
INFO - [Task id] 1032 [generation text] This function processes multiple test cases by reading the number of cases and iterating through each one. For each test case, it reads two integers, N and X, which represent the time and initial number of particles, respectively. It then calculates the number of particles at time N using a specific formula that involves computing the factorial of N modulo 1000003. The result for each test case is printed immediately after computation. The function handles input and output directly, making it suitable for competitive programming scenarios. Overall, it efficiently computes and displays the required results for all test cases.
INFO - LM call n parse attempt 1 / 3

INFO - [Task id] 1032 [prompt] 
You are a helpful assistant that extracts important information from problems and solutions to aid in searchability and education.

## Instructions
- Read through the problem and solution carefully.
- Reason out, step by step, in what scenarios this knowledge would be useful.
- Focus on general patterns and situations to help connect this knowledge to new situations.
- Then, include a list of keywords that are useful for searching this problem/solution pair.

## Response format
Respond in JSON, and follow the keys and expected format of the values strictly.

The output should be formatted as a JSON instance that conforms to the JSON schema below.

As an example, for the schema {"properties": {"foo": {"title": "Foo", "description": "a list of strings", "type": "array", "items": {"type": "string"}}}, "required": ["foo"]}
the object {"foo": ["bar", "baz"]} is a well-formatted instance of the schema. The object {"properties": {"foo": ["bar", "baz"]}} is not well-formatted.

Here is the output schema:
```
{"properties": {"scenarios": {"description": "In what scenarios will this knowledge be useful? Answer in a paragraph.", "title": "Scenarios", "type": "string"}, "keywords": {"description": "List of keywords that are useful for searching this problem/solution pair", "items": {"type": "string"}, "title": "Keywords", "type": "array"}}, "required": ["scenarios", "keywords"]}
```

INFO - [Task id] 1032 [prompt] 
[Problem]
    Help Saurabh with his Chemistry Assignment.

    Saurabh has been given a chemistry assignment by Ruby Mam. Though the assignment is simple but

    Saurabh has to watch India vs Pakistan Match and he has no time to do the assignment by himself.

    So Saurabh wants you to do his assignment so that he doesn’t get scolded by Ruby Mam . The assignment

    is as follows , Suppose there are X particles initially at time t=0 in a box. At a time t the number of particles in

    box becomes t times the number of particles at time t-1 . You will be given N and X where N is time at which the

    number of particles in box is to be calculated and X is the number of particles at time t=0.

    -----Input-----
    The first line will contain the integer T, the number of test cases. Each test case consists of two space

    separated integers N and X .

    -----Output-----
    For each test case, output the answer to the query. Since the output can be very large, output the answer modulo

    10^6+3

    -----Constraints-----
    - 1 ≤ T ≤ 100000
    - 1 ≤ N,X ≤ 10^18

    -----Example-----
    Input:
    2
    1 2
    2 1

    Output:
    2
    2

    -----Explanation-----
    Example case 2.At t=0 particles are 1 ,so at t=1 ,particles are 1*1 = 1 particles. At t=2, particles are 2*1 = 2 particles.
[/Problem]

[Solution]

    def factorial_mod(n, mod):
        # Function to compute factorial of n modulo mod
        result = 1
        for i in range(1, n + 1):
            result = (result * i) % mod
        return result

    def calculate_particles(N, X):
        # Calculate the number of particles at time N given initial particles X
        mod = 1000003
        if N >= mod:
            return 0  # Factorial will be 0 mod 1000003 for N >= 1000003
        factorial_value = factorial_mod(N, mod)
        return (factorial_value * X) % mod

    def main(T):
        for _ in range(T):
            # Read N and X for each test case
            N, X = map(int, input().split())
            # Calculate the result
            result = calculate_particles(N, X)
            # Print the result
            print(result)

    # Read number of test cases
    T = int(input())
    main(T)

[/Solution]

INFO - [Task id] 1032 [generation text] 
INFO - {
    "scenarios": "This knowledge is useful in scenarios where one needs to calculate the growth of particles or similar entities over time, especially in fields like chemistry, physics, or biology. It can also be applied in computational problems involving large numbers and modular arithmetic, particularly in competitive programming or algorithm design. Understanding how to handle large inputs and outputs efficiently is crucial in these contexts, especially when dealing with constraints that involve factorial growth or exponential increases.",
    "keywords": [
        "chemistry assignment",
        "particle growth",
        "modular arithmetic",
        "factorial calculation",
        "competitive programming",
        "large numbers",
        "algorithm design"
    ]
}
INFO - {
    "scenarios": "This knowledge is useful in scenarios where one needs to calculate the growth of particles or similar entities over time, especially in fields like chemistry, physics, or biology. It can also be applied in computational problems involving large numbers and modular arithmetic, particularly in competitive programming or algorithm design. Understanding how to handle large inputs and outputs efficiently is crucial in these contexts, especially when dealing with constraints that involve factorial growth or exponential increases.",
    "keywords": [
        "chemistry assignment",
        "particle growth",
        "modular arithmetic",
        "factorial calculation",
        "competitive programming",
        "large numbers",
        "algorithm design"
    ]
}
INFO - Updated entry: 
[description for function: main]
This function processes multiple test cases by reading the number of cases and iterating through each one. For each test case, it reads two integers, N and X, which represent the time and initial number of particles, respectively. It then calculates the number of...,

INFO - Metadata: {
    "task": 1032,
    "code": "\ndef factorial_mod(n, mod):\n    # Function to compute factorial of n modulo mod\n    result = 1\n    for i in range(1, n + 1):\n        result = (result * i) % mod\n    return result\n\ndef calculate_particles(N, X):\n    # Calculate the number of particles at t...

