INFO - DB skill doc count: 0

INFO - DB non_func doc count: 8

INFO - DB semantic doc count: 429

INFO - DB summaries doc count: 11

INFO - DB reflections doc count: 11

INFO - DB episodic doc count: 20

INFO - [train iter]: 11/100 

INFO - The task prompt is You are given two jugs with capacities x and y litres. There is an infinite amount of water supply available.
You need to determine whether it is possible to measure exactly z litres using these two jugs.

If z liters of water is measurable, you must have z liters of water contained within one or...

INFO - Attempting task_id 364
INFO - LM call n parse attempt 1 / 3

INFO - [Task id] 364 [prompt] 
You are an expert programmer tasked with solving the problem below.

Follow the user's instructions to solve the problem.
The user can ask for analysis, code, or both.

## Instructions
When asked to output code,
- Make sure to wrap your code in '```python' and '```' Markdown delimiters, 
- include exactly one block of code with the entire solution
- No outside libraries are allowed. 
- Builtins are allowed.
- If the task specifies a function name to be used, follow it strictly (be case sensitive!) and declare the that function last (helper functions are declared first).
- DO NOT write any assert statements / tests.

## Problem
[BEGIN PROBLEM]
You are given two jugs with capacities x and y litres. There is an infinite amount of water supply available.
You need to determine whether it is possible to measure exactly z litres using these two jugs.

If z liters of water is measurable, you must have z liters of water contained within one or both buckets by the end.


Operations allowed:

Fill any of the jugs completely with water.
Empty any of the jugs.
Pour water from one jug into another till the other jug is completely full or the first jug itself is empty.



Example 1: (From the famous "Die Hard" example)

Input: x = 3, y = 5, z = 4
Output: True



Example 2:

Input: x = 2, y = 6, z = 5
Output: False



Credits:Special thanks to @vinod23 for adding this problem and creating all test cases.

The output code needs to use the provided function signature

The final python function should begin with: 
```python

class Solution:
    def canMeasureWater(self, x: int, y: int, z: int) -> bool:
        
```

[END PROBLEM]

INFO - [Task id] 364 [prompt] 
## Instructions

Reason through the problem and:
1. Restate the problem in plain English
2. Conceptualize a solution first in plain English
3. Write a pseudocode solution
4. Output the final Python 3 solution with your solution steps in comments.

Make sure to wrap your code in '```python' and '```' Markdown delimiters, 
and include exactly one block of code with the entire solution.

No outside libraries are allowed.
Builtins are allowed.

INFO - [Task id] 364 [generation text] 1. **Restate the problem in plain English:**
   We have two jugs with specific capacities, and we want to find out if we can measure out exactly a certain amount of water using these jugs. We can fill the jugs, empty them, and pour water from one jug to another. The goal is to determine if we can end up with exactly the specified amount of water in one or both jugs.

2. **Conceptualize a solution first in plain English:**
   To determine if we can measure exactly `z` liters using jugs of capacity `x` and `y`, we can use the properties of the greatest common divisor (GCD). The key insight is that we can measure `z` liters if and only if:
   - `z` is less than or equal to the total capacity of the two jugs (i.e., `z <= x + y`).
   - `z` is a multiple of the GCD of `x` and `y` (i.e., `z % gcd(x, y) == 0`).
   If both conditions are satisfied, then it is possible to measure `z` liters.

3. **Write a pseudocode solution:**
   ```
   function canMeasureWater(x, y, z):
       if z > x + y:
           return False
       if z % gcd(x, y) != 0:
           return False
       return True
   ```

4. **Output the final Python 3 solution with your solution steps in comments:**
```python
class Solution:
    def canMeasureWater(self, x: int, y: int, z: int) -> bool:
        # Check if z is greater than the total capacity of both jugs
        if z > x + y:
            return False
        
        # Function to compute the greatest common divisor (GCD)
        def gcd(a: int, b: int) -> int:
            while b:
                a, b = b, a % b
            return a
        
        # Check if z is a multiple of the GCD of x and y
        if z % gcd(x, y) != 0:
            return False
        
        # If both conditions are satisfied, return True
        return True
```
INFO - [35m Rollout attempt 1/4[0m
INFO - [33m Retrieving 2 entries for db: episodic 
 [0m
INFO - Retrieved (score=0.4135):

[Task]:
    The MarkiT online virtual market startup wants to organize its grand opening in NIT Patna.
    but they want maximum crowd for their inauguration. So the manager told  this  to Praveen a student in NITP who suggested them:
    The first-year students come to campus  every x hour,
   ...


INFO - Retrieved (score=0.4848):

[Task]:
    We have a collection of rocks, each rock has a positive integer weight.
    Each turn, we choose any two rocks and smash them together.  Suppose the stones have weights x and y with x <= y.  The result of this smash is:

    If x == y, both stones are totally destroyed;
    If x != y...


INFO - [33m Retrieving 2 entries for db: semantic 
 [0m
INFO - Retrieved (score=0.4267):
Title: Continued fractions
Part: 4/12
```

!!! example "[GCJ 2019, Round 2 - New Elements: Part 2](https://codingcompetitions.withgoogle.com/codejam/round/0000000000051679/0000000000146184)"
    You're given $N$ positive integer pairs $(C_i, J_i)$. You need to find a positive integer pair $(x, y)...


INFO - Retrieved (score=0.4666):
Title: Linear Diophantine Equation
Part: 1/2
# Linear Diophantine Equation

A Linear Diophantine Equation (in two variables) is an equation of the general form:

$$ax + by = c$$

where $a$, $b$, $c$ are given integers, and $x$, $y$ are unknown integers.

In this article, we consider several class...


INFO - [33m Retrieving 2 entries for db: reflections 
 [0m
INFO - Retrieved (score=0.3697):
The official solution effectively calculates the least common multiple (LCM) of three integers (x, y, z) using a helper function to compute the greatest common divisor (GCD). The approach is straightforward and leverages the relationship between GCD and LCM, which is given by the formula: 

\[ \t...


INFO - Retrieved (score=0.5097):
The official solution employs a set-based dynamic programming approach to solve the problem of minimizing the weight of the last remaining rock. The key insights from this solution are as follows:

1. **Set for Achievable Sums**: Instead of using a boolean array to track achievable sums, the offi...


INFO - [33m Retrieving 2 entries for db: summaries 
 [0m
INFO - Retrieved (score=0.3569):
In this task, the goal was to determine how many times first, second, and third-year students would all be present on campus together over a specified number of days, given their respective arrival intervals. The solution involved calculating the least common multiple (LCM) of the three intervals...


INFO - Retrieved (score=0.4733):
The problem involves determining the smallest possible weight of a remaining rock after a series of smash operations on a collection of rocks with positive integer weights. The key insight is that this can be framed as a dynamic programming problem similar to the subset sum problem, where the goa...


INFO - [33m Retrieving 2 entries for db: non_func 
 [0m
INFO - Retrieved (score=0.5082):

[description for function: main]
This function reads the number of test cases and for each test case, it takes the number of days and three integers as input. It then calculates the total number of hours available based on the number of days provided. Using these inputs, it computes the result b...


INFO - Retrieved (score=0.5437):

[description]
This function calculates the minimum possible weight of the last stone after performing a series of operations on a list of stone weights. It first computes the total weight of all stones and determines a target weight that represents half of this total. A dynamic programming appro...


INFO - Retrieved (score=0.3569): 
[Summary]:
    In this task, the goal was to determine how many times first, second, and third-year students would all be present on campus together over a specified number of days, given their respective arrival intervals. The solution involved calculating the least common multiple (LCM) of the...
INFO - Retrieved (score=0.3697): 
[Reflection]:
    The official solution effectively calculates the least common multiple (LCM) of three integers (x, y, z) using a helper function to compute the greatest common divisor (GCD). The approach is straightforward and leverages the relationship between GCD and LCM, which is given by t...
INFO - LM call n parse attempt 1 / 3

INFO - [Task id] 364 [prompt] 
You are an expert programmer tasked with solving the problem below.

Follow the user's instructions to solve the problem.
The user can ask for analysis, code, or both.

## Instructions
When asked to output code,
- Make sure to wrap your code in '```python' and '```' Markdown delimiters, 
- include exactly one block of code with the entire solution
- No outside libraries are allowed. 
- Builtins are allowed.
- If the task specifies a function name to be used, follow it strictly (be case sensitive!) and declare the that function last (helper functions are declared first).
- DO NOT write any assert statements / tests.

## Problem
[BEGIN PROBLEM]
You are given two jugs with capacities x and y litres. There is an infinite amount of water supply available.
You need to determine whether it is possible to measure exactly z litres using these two jugs.

If z liters of water is measurable, you must have z liters of water contained within one or both buckets by the end.


Operations allowed:

Fill any of the jugs completely with water.
Empty any of the jugs.
Pour water from one jug into another till the other jug is completely full or the first jug itself is empty.



Example 1: (From the famous "Die Hard" example)

Input: x = 3, y = 5, z = 4
Output: True



Example 2:

Input: x = 2, y = 6, z = 5
Output: False



Credits:Special thanks to @vinod23 for adding this problem and creating all test cases.

The output code needs to use the provided function signature

The final python function should begin with: 
```python

class Solution:
    def canMeasureWater(self, x: int, y: int, z: int) -> bool:
        
```

[END PROBLEM]

INFO - [Task id] 364 [prompt] 
## Instructions

Reason through the problem and:
1. Restate the problem in plain English
2. Conceptualize a solution first in plain English
3. Write a pseudocode solution
4. Output the final Python 3 solution with your solution steps in comments.

Make sure to wrap your code in '```python' and '```' Markdown delimiters, 
and include exactly one block of code with the entire solution.

No outside libraries are allowed.
Builtins are allowed.

INFO - [Task id] 364 [prompt] 
Also, here are some of your memories.
Feel free to use the given information to aid your problem solving process if necessary.
Do not confuse the memories with the problem statement.

## Memories

[Summary]:
    In this task, the goal was to determine how many times first, second, and third-year students would all be present on campus together over a specified number of days, given their respective arrival intervals. The solution involved calculating the least common multiple (LCM) of the three intervals (x, y, z) to find out how often all groups would coincide.

    Key concepts included:
    - **GCD and LCM**: Understanding how to compute the greatest common divisor (GCD) and using it to find the LCM was crucial. The LCM of three numbers can be derived from the LCM of two numbers iteratively.
    - **Time Calculation**: Converting days into hours (N days = N * 24 hours) was necessary to determine how many times the LCM fits into the total hours.

    The final implementation was straightforward and successfully handled the input and output requirements. The code was structured with helper functions for GCD, LCM, and the main logic to count audience days. The solution passed the provided test case, confirming its correctness.

    Here’s the essential code snippet for future reference:

    ```python
    def gcd(a, b):
        while b != 0:
            a, b = b, a % b
        return a

    def lcm(a, b):
        return (a * b) // gcd(a, b)

    def lcm_of_three(x, y, z):
        return lcm(lcm(x, y), z)

    def count_audience_days(N, x, y, z):
        total_hours = N * 24
        lcm_value = lcm_of_three(x, y, z)
        return total_hours // lcm_value
    ```

    This experience reinforced the importance of understanding mathematical concepts like GCD and LCM in programming problems, especially those involving periodic events.
[/Summary]


[Reflection]:
    The official solution effectively calculates the least common multiple (LCM) of three integers (x, y, z) using a helper function to compute the greatest common divisor (GCD). The approach is straightforward and leverages the relationship between GCD and LCM, which is given by the formula: 

    \[ \text{LCM}(a, b) = \frac{a \times b}{\text{GCD}(a, b)} \]

    Key insights from the official solution:

    1. **GCD Calculation**: The official solution uses a while loop to compute the GCD, which is a standard approach. This is efficient and ensures that the GCD is calculated correctly before determining the LCM.

    2. **LCM Calculation**: The LCM is computed in a stepwise manner, first between x and y, and then the result is used to compute the LCM with z. This modular approach simplifies the problem and keeps the code clean.

    3. **Total Hours Calculation**: The solution multiplies the number of days by 24 to convert days into hours, which is a necessary step to determine how many times the LCM fits into the total hours.

    4. **Input Handling**: The solution reads input in a compact manner, processing multiple test cases efficiently.

    In comparison to my initial approach, the official solution is more concise and directly addresses the problem without unnecessary complexity. My solution also correctly computes the LCM but could have been simplified by directly using the GCD function as shown in the official solution. The official solution's use of a single function for GCD and LCM calculation is a cleaner design choice. 

    Overall, the official solution is efficient and clear, demonstrating effective use of mathematical properties to solve the problem. This experience reinforces the importance of leveraging mathematical relationships in programming challenges.
[/Reflection]


INFO - [Task id] 364 [generation text] 1. **Restate the problem in plain English**: 
   We have two jugs with specific capacities (x and y liters) and we want to find out if we can measure exactly z liters of water using these jugs. We can fill the jugs, empty them, or pour water from one jug to another.

2. **Conceptualize a solution first in plain English**: 
   To determine if we can measure exactly z liters, we can use the properties of the greatest common divisor (GCD). The key insight is that we can measure z liters if and only if:
   - z is less than or equal to the total capacity of the two jugs (x + y).
   - z is a multiple of the GCD of x and y. This is because any measurable amount of water using the two jugs must be a multiple of the GCD of their capacities.

3. **Write a pseudocode solution**:
   ```
   function canMeasureWater(x, y, z):
       if z > x + y:
           return False
       if z is a multiple of gcd(x, y):
           return True
       return False

   function gcd(a, b):
       while b is not 0:
           a, b = b, a % b
       return a
   ```

4. **Output the final Python 3 solution with your solution steps in comments**:
```python
class Solution:
    # Helper function to calculate GCD
    def gcd(self, a: int, b: int) -> int:
        while b != 0:
            a, b = b, a % b
        return a

    # Main function to determine if z liters can be measured
    def canMeasureWater(self, x: int, y: int, z: int) -> bool:
        # Check if z is greater than the total capacity of both jugs
        if z > x + y:
            return False
        # Check if z is a multiple of the GCD of x and y
        if z % self.gcd(x, y) == 0:
            return True
        return False
```
INFO - program_code:
 
class Solution:
    # Helper function to calculate GCD
    def gcd(self, a: int, b: int) -> int:
        while b != 0:
            a, b = b, a % b
        return a

    # Main function to determine if z liters can be measured
    def canMeasureWater(self, x: int, y: int, z: int) -> bool:
        # Check if z is greater than the total capacity of both jugs
        if z > x + y:
            return False
        # Check if z is a multiple of the GCD of x and y
        if z % self.gcd(x, y) == 0:
            return True
        return False


INFO - program_name:
 

INFO - dependencies:
 []

INFO - raw_msg:
 1. **Restate the problem in plain English**: 
   We have two jugs with specific capacities (x and y liters) and we want to find out if we can measure exactly z liters of water using these jugs. We can fill the jugs, empty them, or pour water from one jug to another.

2. **Conceptualize a solution first in plain English**: 
   To determine if we can measure exactly z liters, we can use the properties of the greatest common divisor (GCD). The key insight is that we can measure z liters if and only if:
   - z is less than or equal to the total capacity of the two jugs (x + y).
   - z is a multiple of the GCD of x and y. This is because any measurable amount of water using the two jugs must be a multiple of the GCD of their capacities.

3. **Write a pseudocode solution**:
   ```
   function canMeasureWater(x, y, z):
       if z > x + y:
           return False
       if z is a multiple of gcd(x, y):
           return True
       return False

   function gcd(a, b):
       while b is not 0:
           a, b = b, a % b
       return a
   ```

4. **Output the final Python 3 solution with your solution steps in comments**:
```python
class Solution:
    # Helper function to calculate GCD
    def gcd(self, a: int, b: int) -> int:
        while b != 0:
            a, b = b, a % b
        return a

    # Main function to determine if z liters can be measured
    def canMeasureWater(self, x: int, y: int, z: int) -> bool:
        # Check if z is greater than the total capacity of both jugs
        if z > x + y:
            return False
        # Check if z is a multiple of the GCD of x and y
        if z % self.gcd(x, y) == 0:
            return True
        return False
```

INFO - no_parent:
 False

INFO - full code to be executed: 
 
class Solution:
    # Helper function to calculate GCD
    def gcd(self, a: int, b: int) -> int:
        while b != 0:
            a, b = b, a % b
        return a

    # Main function to determine if z liters can be measured
    def canMeasureWater(self, x: int, y: int, z: int) -> bool:
        # Check if z is greater than the total capacity of both jugs
        if z > x + y:
            return False
        # Check if z is a multiple of the GCD of x and y
        if z % self.gcd(x, y) == 0:
            return True
        return False


INFO - obs: Note: Inputs/outputs here are automatically extracted/truncated so formatting may be a bit off.
Tests passed:

 Input: [3, 5, 4] Output: True

Tests failed:
None
reward: True
done: None
info: {'individual_results': [True]}
INFO - Updated entry: 
[Task]:
    You are given two jugs with capacities x and y litres. There is an infinite amount of water supply available.
    You need to determine whether it is possible to measure exactly z litres using these two jugs.

    If z liters of water is measurable, you must have z liters of water co...,

INFO - Metadata: {
    "raw_msg": "1. **Restate the problem in plain English**: \n   We have two jugs with specific capacities (x and y liters) and we want to find out if we can measure exactly z liters of water using these jugs. We can fill the jugs, empty them, or pour water from one jug to another.\n\n2. **Con...

INFO - LM call n parse attempt 1 / 3

INFO - [Task id] 364 [prompt] 
You are an expert programmer tasked with solving the problem below.

Follow the user's instructions to solve the problem.
The user can ask for analysis, code, or both.

## Instructions
When asked to output code,
- Make sure to wrap your code in '```python' and '```' Markdown delimiters, 
- include exactly one block of code with the entire solution
- No outside libraries are allowed. 
- Builtins are allowed.
- If the task specifies a function name to be used, follow it strictly (be case sensitive!) and declare the that function last (helper functions are declared first).
- DO NOT write any assert statements / tests.

## Problem
[BEGIN PROBLEM]
You are given two jugs with capacities x and y litres. There is an infinite amount of water supply available.
You need to determine whether it is possible to measure exactly z litres using these two jugs.

If z liters of water is measurable, you must have z liters of water contained within one or both buckets by the end.


Operations allowed:

Fill any of the jugs completely with water.
Empty any of the jugs.
Pour water from one jug into another till the other jug is completely full or the first jug itself is empty.



Example 1: (From the famous "Die Hard" example)

Input: x = 3, y = 5, z = 4
Output: True



Example 2:

Input: x = 2, y = 6, z = 5
Output: False



Credits:Special thanks to @vinod23 for adding this problem and creating all test cases.

The output code needs to use the provided function signature

The final python function should begin with: 
```python

class Solution:
    def canMeasureWater(self, x: int, y: int, z: int) -> bool:
        
```

[END PROBLEM]

INFO - [Task id] 364 [prompt] 
## Instructions

Reason through the problem and:
1. Restate the problem in plain English
2. Conceptualize a solution first in plain English
3. Write a pseudocode solution
4. Output the final Python 3 solution with your solution steps in comments.

Make sure to wrap your code in '```python' and '```' Markdown delimiters, 
and include exactly one block of code with the entire solution.

No outside libraries are allowed.
Builtins are allowed.

INFO - [Task id] 364 [prompt] 1. **Restate the problem in plain English**: 
   We have two jugs with specific capacities (x and y liters) and we want to find out if we can measure exactly z liters of water using these jugs. We can fill the jugs, empty them, or pour water from one jug to another.

2. **Conceptualize a solution first in plain English**: 
   To determine if we can measure exactly z liters, we can use the properties of the greatest common divisor (GCD). The key insight is that we can measure z liters if and only if:
   - z is less than or equal to the total capacity of the two jugs (x + y).
   - z is a multiple of the GCD of x and y. This is because any measurable amount of water using the two jugs must be a multiple of the GCD of their capacities.

3. **Write a pseudocode solution**:
   ```
   function canMeasureWater(x, y, z):
       if z > x + y:
           return False
       if z is a multiple of gcd(x, y):
           return True
       return False

   function gcd(a, b):
       while b is not 0:
           a, b = b, a % b
       return a
   ```

4. **Output the final Python 3 solution with your solution steps in comments**:
```python
class Solution:
    # Helper function to calculate GCD
    def gcd(self, a: int, b: int) -> int:
        while b != 0:
            a, b = b, a % b
        return a

    # Main function to determine if z liters can be measured
    def canMeasureWater(self, x: int, y: int, z: int) -> bool:
        # Check if z is greater than the total capacity of both jugs
        if z > x + y:
            return False
        # Check if z is a multiple of the GCD of x and y
        if z % self.gcd(x, y) == 0:
            return True
        return False
```
INFO - [Task id] 364 [prompt] 
[Environment Feedback]:
    Note: Inputs/outputs here are automatically extracted/truncated so formatting may be a bit off.
    Tests passed:

     Input: [3, 5, 4] Output: True

    Tests failed:
    None
[/Environment Feedback]

INFO - [Task id] 364 [prompt] 
## Instructions
Now, summarize your attempts as a **standalone** document for your own future reference. (can skip formalities, be concise)

- Only include the most relevant information and code snippets that could be useful in the future.
- If you did not learn much from the current experience (e.g. the problem was too easy), feel free to write less or nothing at all.
- Here are some ideas if the experience was useful:
    - Identifying the core concepts and patterns that problem appears to test for
    - Describing the strategies that seemed to work but did not, and vice versa
    - Describing unexpected errors and how they were fixed

Your summary should be at most a few paragraphs.

INFO - [Task id] 364 [generation text] In this task, I was required to determine if it is possible to measure exactly z liters using two jugs with capacities x and y. The solution hinges on understanding the relationship between the capacities of the jugs and the concept of the greatest common divisor (GCD). 

The key insights are:
1. If z is greater than the total capacity of both jugs (x + y), it is impossible to measure z liters.
2. If z is a multiple of the GCD of x and y, then it is possible to measure z liters.

The implemented solution involved creating a helper function to compute the GCD and a main function to check the conditions mentioned above. The code was straightforward and passed the provided test cases without issues.

Here’s the final code snippet for future reference:

```python
class Solution:
    def gcd(self, a: int, b: int) -> int:
        while b != 0:
            a, b = b, a % b
        return a

    def canMeasureWater(self, x: int, y: int, z: int) -> bool:
        if z > x + y:
            return False
        if z % self.gcd(x, y) == 0:
            return True
        return False
```

This experience reinforced the importance of mathematical properties in solving problems involving measurements and capacities.
INFO - LM call n parse attempt 1 / 3

INFO - [Task id] 364 [prompt] 
You are an expert programmer tasked with solving the problem below.

Follow the user's instructions to solve the problem.
The user can ask for analysis, code, or both.

## Instructions
When asked to output code,
- Make sure to wrap your code in '```python' and '```' Markdown delimiters, 
- include exactly one block of code with the entire solution
- No outside libraries are allowed. 
- Builtins are allowed.
- If the task specifies a function name to be used, follow it strictly (be case sensitive!) and declare the that function last (helper functions are declared first).
- DO NOT write any assert statements / tests.

## Problem
[BEGIN PROBLEM]
You are given two jugs with capacities x and y litres. There is an infinite amount of water supply available.
You need to determine whether it is possible to measure exactly z litres using these two jugs.

If z liters of water is measurable, you must have z liters of water contained within one or both buckets by the end.


Operations allowed:

Fill any of the jugs completely with water.
Empty any of the jugs.
Pour water from one jug into another till the other jug is completely full or the first jug itself is empty.



Example 1: (From the famous "Die Hard" example)

Input: x = 3, y = 5, z = 4
Output: True



Example 2:

Input: x = 2, y = 6, z = 5
Output: False



Credits:Special thanks to @vinod23 for adding this problem and creating all test cases.

The output code needs to use the provided function signature

The final python function should begin with: 
```python

class Solution:
    def canMeasureWater(self, x: int, y: int, z: int) -> bool:
        
```

[END PROBLEM]

INFO - [Task id] 364 [prompt] 
## Instructions

Reason through the problem and:
1. Restate the problem in plain English
2. Conceptualize a solution first in plain English
3. Write a pseudocode solution
4. Output the final Python 3 solution with your solution steps in comments.

Make sure to wrap your code in '```python' and '```' Markdown delimiters, 
and include exactly one block of code with the entire solution.

No outside libraries are allowed.
Builtins are allowed.

INFO - [Task id] 364 [prompt] 1. **Restate the problem in plain English**: 
   We have two jugs with specific capacities (x and y liters) and we want to find out if we can measure exactly z liters of water using these jugs. We can fill the jugs, empty them, or pour water from one jug to another.

2. **Conceptualize a solution first in plain English**: 
   To determine if we can measure exactly z liters, we can use the properties of the greatest common divisor (GCD). The key insight is that we can measure z liters if and only if:
   - z is less than or equal to the total capacity of the two jugs (x + y).
   - z is a multiple of the GCD of x and y. This is because any measurable amount of water using the two jugs must be a multiple of the GCD of their capacities.

3. **Write a pseudocode solution**:
   ```
   function canMeasureWater(x, y, z):
       if z > x + y:
           return False
       if z is a multiple of gcd(x, y):
           return True
       return False

   function gcd(a, b):
       while b is not 0:
           a, b = b, a % b
       return a
   ```

4. **Output the final Python 3 solution with your solution steps in comments**:
```python
class Solution:
    # Helper function to calculate GCD
    def gcd(self, a: int, b: int) -> int:
        while b != 0:
            a, b = b, a % b
        return a

    # Main function to determine if z liters can be measured
    def canMeasureWater(self, x: int, y: int, z: int) -> bool:
        # Check if z is greater than the total capacity of both jugs
        if z > x + y:
            return False
        # Check if z is a multiple of the GCD of x and y
        if z % self.gcd(x, y) == 0:
            return True
        return False
```
INFO - [Task id] 364 [prompt] 
[Environment Feedback]:
    Note: Inputs/outputs here are automatically extracted/truncated so formatting may be a bit off.
    Tests passed:

     Input: [3, 5, 4] Output: True

    Tests failed:
    None
[/Environment Feedback]

INFO - [Task id] 364 [prompt] 
Below is the official solution (do exercise discretion as official solutions can also have mistakes).

You will be reflecting on your attempts to solve the problem.
This will be a **standalone** document for your own future reference. (can skip formalities, be concise)

## Instructions
- Only include the most relevant insights and code snippets that could be useful in the future.
- If you did not learn much from the current experience (e.g. the problem was too easy / official solution was obvious), feel free to write less or nothing at all.
- Here are some ideas if the experience was useful:
    - If the official solution is insightful (e.g. better than yours in time and space complexity or more effective in breaking down the problem statement), distil the key approach of the official solution, step by step.
    - If your approach failed the test cases, reason why the official solution works but yours does not

Your reflection should be at most a few paragraphs.

## Official solution
class Solution:
     def canMeasureWater(self, x, y, z):
         """
         :type x: int
         :type y: int
         :type z: int
         :rtype: bool
         """
         if x > y:
             x, y = y, x
         if z < 0 or z > x+y:
             return False
         if x == 0:
             return z == y or z == 0
         if z % x == 0:
             return True
         if y % x == 0:
             return False
         a = x
         b = y%x
         while a > 1 and b > 1:
             a = a%b
             a, b = b, a
         if b == 0:
             m = a
         else:
             m = b
         if z%m == 0:
             return True
         return False

INFO - [Task id] 364 [generation text] The official solution provides a more nuanced approach to the problem of measuring water with two jugs. Here are the key insights and steps that stand out:

1. **Initial Jug Order**: The solution begins by ensuring that `x` is the smaller jug. This simplifies the logic since we can always assume the smaller jug is `x` and the larger is `y`.

2. **Boundary Conditions**: It checks if `z` is negative or exceeds the total capacity of both jugs (`x + y`). This is a crucial step to quickly eliminate impossible scenarios.

3. **Special Cases**: The solution handles special cases where one of the jugs is empty. If `x` is zero, it checks if `z` is equal to `y` or zero, which is a straightforward condition.

4. **GCD Calculation**: Instead of directly using the GCD of `x` and `y`, the solution employs a loop to reduce the values of `a` and `b` (where `a` starts as `x` and `b` as `y % x`). This effectively finds the GCD through the Euclidean algorithm, which is efficient.

5. **Final Check**: The final condition checks if `z` is a multiple of the GCD (`m`). This is the crux of the solution, as it leverages the mathematical property that only multiples of the GCD can be measured using the two jugs.

Overall, the official solution is more robust in handling edge cases and efficiently computes the GCD, which is essential for determining if `z` can be measured. My initial approach was correct in principle but lacked the thoroughness in handling special cases and the efficiency of the GCD calculation.
INFO - Updated entry: In this task, I was required to determine if it is possible to measure exactly z liters using two jugs with capacities x and y. The solution hinges on understanding the relationship between the capacities of the jugs and the concept of the greatest common divisor (GCD). 

The key insights are:
1....,

INFO - Metadata: {
    "task_id": 364
}

INFO - Updated entry: The official solution provides a more nuanced approach to the problem of measuring water with two jugs. Here are the key insights and steps that stand out:

1. **Initial Jug Order**: The solution begins by ensuring that `x` is the smaller jug. This simplifies the logic since we can always assume ...,

INFO - Metadata: {
    "task_id": 364
}

INFO - LM call n parse attempt 1 / 3

INFO - [Task id] 364 [prompt] 
You are a helpful assistant that writes a description of the given function written in the Python programming language.

1) Do not mention the function name.
2) Do not mention anything about helper functions.
3) There might be some helper functions before the main function, but you only need to describe the main function.
4) Try to summarize the function in no more than 6 sentences.
5) Your response should be a single line of text.

INFO - [Task id] 364 [prompt] 
class Solution:
    # Helper function to calculate GCD
    def gcd(self, a: int, b: int) -> int:
        while b != 0:
            a, b = b, a % b
        return a

    # Main function to determine if z liters can be measured
    def canMeasureWater(self, x: int, y: int, z: int) -> bool:
        # Check if z is greater than the total capacity of both jugs
        if z > x + y:
            return False
        # Check if z is a multiple of the GCD of x and y
        if z % self.gcd(x, y) == 0:
            return True
        return False

INFO - [Task id] 364 [generation text] The function determines whether it is possible to measure exactly z liters using two jugs with capacities of x and y liters. It first checks if z exceeds the total capacity of both jugs combined. If z is within the capacity, it then verifies if z is a multiple of the greatest common divisor (GCD) of x and y. If both conditions are satisfied, it returns true; otherwise, it returns false. This approach leverages the properties of GCD to ascertain the measurability of the desired volume.
INFO - LM call n parse attempt 1 / 3

INFO - [Task id] 364 [prompt] 
You are a helpful assistant that extracts important information from problems and solutions to aid in searchability and education.

## Instructions
- Read through the problem and solution carefully.
- Reason out, step by step, in what scenarios this knowledge would be useful.
- Focus on general patterns and situations to help connect this knowledge to new situations.
- Then, include a list of keywords that are useful for searching this problem/solution pair.

## Response format
Respond in JSON, and follow the keys and expected format of the values strictly.

The output should be formatted as a JSON instance that conforms to the JSON schema below.

As an example, for the schema {"properties": {"foo": {"title": "Foo", "description": "a list of strings", "type": "array", "items": {"type": "string"}}}, "required": ["foo"]}
the object {"foo": ["bar", "baz"]} is a well-formatted instance of the schema. The object {"properties": {"foo": ["bar", "baz"]}} is not well-formatted.

Here is the output schema:
```
{"properties": {"scenarios": {"description": "In what scenarios will this knowledge be useful? Answer in a paragraph.", "title": "Scenarios", "type": "string"}, "keywords": {"description": "List of keywords that are useful for searching this problem/solution pair", "items": {"type": "string"}, "title": "Keywords", "type": "array"}}, "required": ["scenarios", "keywords"]}
```

INFO - [Task id] 364 [prompt] 
[Problem]
    You are given two jugs with capacities x and y litres. There is an infinite amount of water supply available.
    You need to determine whether it is possible to measure exactly z litres using these two jugs.

    If z liters of water is measurable, you must have z liters of water contained within one or both buckets by the end.


    Operations allowed:

    Fill any of the jugs completely with water.
    Empty any of the jugs.
    Pour water from one jug into another till the other jug is completely full or the first jug itself is empty.



    Example 1: (From the famous "Die Hard" example)

    Input: x = 3, y = 5, z = 4
    Output: True



    Example 2:

    Input: x = 2, y = 6, z = 5
    Output: False



    Credits:Special thanks to @vinod23 for adding this problem and creating all test cases.
[/Problem]

[Solution]

    class Solution:
        # Helper function to calculate GCD
        def gcd(self, a: int, b: int) -> int:
            while b != 0:
                a, b = b, a % b
            return a

        # Main function to determine if z liters can be measured
        def canMeasureWater(self, x: int, y: int, z: int) -> bool:
            # Check if z is greater than the total capacity of both jugs
            if z > x + y:
                return False
            # Check if z is a multiple of the GCD of x and y
            if z % self.gcd(x, y) == 0:
                return True
            return False

[/Solution]

INFO - [Task id] 364 [generation text] 
INFO - {
    "scenarios": "This knowledge is useful in scenarios involving resource allocation and measurement problems, particularly in fields like operations research, logistics, and computer science. It can be applied in situations where precise quantities need to be measured using limited resources, such as in manufacturing processes, cooking, or even in programming challenges that involve simulating real-world problems. Understanding the mathematical principles behind measuring with jugs can also aid in developing algorithms for similar problems, enhancing problem-solving skills in competitive programming.",
    "keywords": [
        "jugs problem",
        "water measurement",
        "GCD",
        "resource allocation",
        "operations research",
        "algorithm",
        "programming challenge",
        "logistics"
    ]
}
INFO - {
    "scenarios": "This knowledge is useful in scenarios involving resource allocation and measurement problems, particularly in fields like operations research, logistics, and computer science. It can be applied in situations where precise quantities need to be measured using limited resources, such as in manufacturing processes, cooking, or even in programming challenges that involve simulating real-world problems. Understanding the mathematical principles behind measuring with jugs can also aid in developing algorithms for similar problems, enhancing problem-solving skills in competitive programming.",
    "keywords": [
        "jugs problem",
        "water measurement",
        "GCD",
        "resource allocation",
        "operations research",
        "algorithm",
        "programming challenge",
        "logistics"
    ]
}
INFO - Updated entry: 
[description]
The function determines whether it is possible to measure exactly z liters using two jugs with capacities of x and y liters. It first checks if z exceeds the total capacity of both jugs combined. If z is within the capacity, it then verifies if z is a multiple of the greatest commo...,

INFO - Metadata: {
    "task": 364,
    "code": "\nclass Solution:\n    # Helper function to calculate GCD\n    def gcd(self, a: int, b: int) -> int:\n        while b != 0:\n            a, b = b, a % b\n        return a\n\n    # Main function to determine if z liters can be measured\n    def canMeasureWater(self,...

