INFO - DB skill doc count: 0

INFO - DB non_func doc count: 70

INFO - DB semantic doc count: 429

INFO - DB summaries doc count: 89

INFO - DB reflections doc count: 89

INFO - DB episodic doc count: 165

INFO - [train iter]: 89/100 

INFO - The task prompt is Alice has a hand of cards, given as an array of integers.
Now she wants to rearrange the cards into groups so that each group is size W, and consists of W consecutive cards.
Return true if and only if she can.
 


Example 1:
Input: hand = [1,2,3,6,2,3,4,7,8], W = 3
Output: true
Explanation: Alice...

INFO - Attempting task_id 1669
INFO - LM call n parse attempt 1 / 3

INFO - [Task id] 1669 [prompt] 
You are an expert programmer tasked with solving the problem below.

Follow the user's instructions to solve the problem.
The user can ask for analysis, code, or both.

## Instructions
When asked to output code,
- Make sure to wrap your code in '```python' and '```' Markdown delimiters, 
- include exactly one block of code with the entire solution
- No outside libraries are allowed. 
- Builtins are allowed.
- If the task specifies a function name to be used, follow it strictly (be case sensitive!) and declare the that function last (helper functions are declared first).
- DO NOT write any assert statements / tests.

## Problem
[BEGIN PROBLEM]
Alice has a hand of cards, given as an array of integers.
Now she wants to rearrange the cards into groups so that each group is size W, and consists of W consecutive cards.
Return true if and only if she can.
 


Example 1:
Input: hand = [1,2,3,6,2,3,4,7,8], W = 3
Output: true
Explanation: Alice's hand can be rearranged as [1,2,3],[2,3,4],[6,7,8].
Example 2:
Input: hand = [1,2,3,4,5], W = 4
Output: false
Explanation: Alice's hand can't be rearranged into groups of 4.

 
Constraints:

1 <= hand.length <= 10000
0 <= hand[i] <= 10^9
1 <= W <= hand.length

Note: This question is the same as 1296: https://leetcode.com/problems/divide-array-in-sets-of-k-consecutive-numbers/

The output code needs to use the provided function signature

The final python function should begin with: 
```python

class Solution:
    def isNStraightHand(self, hand: List[int], W: int) -> bool:
        
```

[END PROBLEM]

INFO - [Task id] 1669 [prompt] 
## Instructions

Reason through the problem and:
1. Restate the problem in plain English
2. Conceptualize a solution first in plain English
3. Write a pseudocode solution
4. Output the final Python 3 solution with your solution steps in comments.

Make sure to wrap your code in '```python' and '```' Markdown delimiters, 
and include exactly one block of code with the entire solution.

No outside libraries are allowed.
Builtins are allowed.

INFO - [Task id] 1669 [generation text] 1. **Restate the problem in plain English:**
   Alice has a collection of cards represented as an array of integers. She wants to know if she can rearrange these cards into groups of a specified size, W, where each group contains W consecutive integers. The task is to determine if this rearrangement is possible.

2. **Conceptualize a solution first in plain English:**
   To solve this problem, we need to check if we can form groups of W consecutive numbers from the given hand of cards. We can start by counting the occurrences of each number in the hand. Then, we can attempt to form groups by always trying to create a group starting from the smallest available number. If we can successfully form all groups without running out of cards, we return true; otherwise, we return false.

3. **Write a pseudocode solution:**
   - Count the frequency of each card in the hand.
   - Sort the unique cards.
   - For each unique card, check if we can form a group starting from that card:
     - If the current card's count is greater than zero, try to form a group of W consecutive cards.
     - Decrease the count of each card in the group by one.
     - If at any point we cannot form a complete group, return false.
   - If we successfully form all groups, return true.

4. **Output the final Python 3 solution with your solution steps in comments:**

```python
class Solution:
    def isNStraightHand(self, hand: list[int], W: int) -> bool:
        # Step 1: Count the frequency of each card
        count = {}
        for card in hand:
            if card in count:
                count[card] += 1
            else:
                count[card] = 1
        
        # Step 2: Sort the unique cards
        unique_cards = sorted(count.keys())
        
        # Step 3: Try to form groups of W consecutive cards
        for card in unique_cards:
            if count[card] > 0:  # If there are still cards of this value
                # Step 3a: Try to form a group starting from this card
                for i in range(W):
                    if count.get(card + i, 0) < count[card]:  # Check if we can use this card
                        return False
                    count[card + i] -= count[card]  # Decrease the count for this group
                
        # Step 4: If we successfully formed all groups, return true
        return True
```
INFO - [35m Rollout attempt 1/4[0m
INFO - [33m Retrieving 3 entries for db: episodic 
 [0m
INFO - Retrieved (score=0.3776):

[Task]:
    Let's call a sequence good if the sum of all its elements is $0$.
    You have a sequence of integers $A_1, A_2, \ldots, A_N$. You may perform any number of operations on this sequence (including zero). In one operation, you should choose a valid index $i$ and decrease $A_i$ by $i$. ...


INFO - Retrieved (score=0.3994):

[Task]:
    Let's call a sequence good if the sum of all its elements is $0$.
    You have a sequence of integers $A_1, A_2, \ldots, A_N$. You may perform any number of operations on this sequence (including zero). In one operation, you should choose a valid index $i$ and decrease $A_i$ by $i$. ...


INFO - Retrieved (score=0.4133):

[Task]:
    You are given a sequence $A_1, A_2, \ldots, A_N$. Calculate the number of ways to remove a non-empty contiguous subsequence from it such that the resulting sequence is non-empty and strictly increasing.

    -----Input-----
    - The first line of the input contains a single integer ...


INFO - [33m Retrieving 3 entries for db: semantic 
 [0m
INFO - Retrieved (score=0.4594):
Title: 15 Puzzle Game: Existence Of The Solution
Part: 1/1
# 15 Puzzle Game: Existence Of The Solution

This game is played on a $4 \times 4$ board. On this board there are $15$ playing tiles numbered from 1 to 15. One cell is left empty (denoted by 0). You need to get the board to the position p...


INFO - Retrieved (score=0.5046):
Chapter: Dynamic programming
Section: Knapsack problems
Part: 1/1
\section{Knapsack problems}

\index{knapsack}

The term \key{knapsack} refers to problems where
a set of objects is given, and 
subsets with some properties
have to be found.
Knapsack problems can often be solved
using dynamic prog...


INFO - Retrieved (score=0.5193):
Title: The Inclusion-Exclusion Principle
Part: 2/5
<div id="the-number-of-integer-solutions-to-the-equation"></div>
### Number of upper-bound integer sums {: #number-of-upper-bound-integer-sums }

Consider the following equation:

$$x_1 + x_2 + x_3 + x_4 + x_5 + x_6 = 20$$

where $0 \le x_i \le 8...


INFO - [33m Retrieving 3 entries for db: reflections 
 [0m
INFO - Retrieved (score=0.4239):
The official solution to the problem of determining if matchsticks can form a square is insightful and employs an iterative backtracking approach using a stack. Here are the key takeaways and insights from the official solution:

1. **Early Exits**: The solution checks for quick exits early in th...


INFO - Retrieved (score=0.4406):
The official solution takes a different approach by focusing on the relationship between N and K through integer division. It calculates how many apples each box would receive if distributed evenly (N/K) and checks if this result can lead to different distributions based on the value of K.

Key i...


INFO - Retrieved (score=0.4464):
The official solution effectively simplifies the problem by directly calculating the total number of problems and determining how many contests can be formed in a straightforward manner. The key steps are:

1. **Input Handling**: It reads the number of test cases and for each test case, it captur...


INFO - [33m Retrieving 3 entries for db: summaries 
 [0m
INFO - Retrieved (score=0.3551):
In this problem, the goal was to determine if a sequence of integers could be modified to have a sum of zero by decreasing each element by its index any number of times. The key insight was that the total sum of the sequence must be less than or equal to the maximum possible reduction, and it mus...


INFO - Retrieved (score=0.3779):
The problem involved determining if a set of matchsticks could be arranged to form a perfect square. The key concepts tested were the ability to check divisibility for equal partitioning and the use of backtracking to explore combinations of matchstick placements.

The solution required calculati...


INFO - Retrieved (score=0.3845):
In this problem, the key concept revolves around understanding how two different methods of distributing apples into boxes can lead to different outcomes. The first candidate distributes apples evenly, while the second candidate can create uneven distributions by filling the box with the least ap...


INFO - [33m Retrieving 3 entries for db: non_func 
 [0m
INFO - Retrieved (score=0.4480):

[description for function: countWays]
The function processes multiple test cases to count the number of valid ways to remove a subsequence from an array such that the remaining elements form a strictly increasing sequence. For each test case, it reads the size of the array and the array elements...


INFO - Retrieved (score=0.4558):

[description for function: can_make_good_sequence]
The function processes multiple test cases to determine if a given sequence of integers can be transformed into a "good" sequence, defined by specific criteria. For each test case, it reads the number of elements and the sequence itself, then ca...


INFO - Retrieved (score=0.4607):

[description]
The function determines whether a given list of matchsticks can be arranged to form a square. It first calculates the total length of the matchsticks and checks if this length is divisible by four, as each side of the square must be equal. If the total length is not divisible by fo...


INFO - Retrieved (score=0.3551): 
[Summary]:
    In this problem, the goal was to determine if a sequence of integers could be modified to have a sum of zero by decreasing each element by its index any number of times. The key insight was that the total sum of the sequence must be less than or equal to the maximum possible reduc...
INFO - Retrieved (score=0.3776): 
[Past Memory]:

    [Task]:
        Let's call a sequence good if the sum of all its elements is $0$.
        You have a sequence of integers $A_1, A_2, \ldots, A_N$. You may perform any number of operations on this sequence (including zero). In one operation, you should choose a valid index $i$...
INFO - Retrieved (score=0.3779): 
[Summary]:
    The problem involved determining if a set of matchsticks could be arranged to form a perfect square. The key concepts tested were the ability to check divisibility for equal partitioning and the use of backtracking to explore combinations of matchstick placements.

    The solutio...
INFO - LM call n parse attempt 1 / 3

INFO - [Task id] 1669 [prompt] 
You are an expert programmer tasked with solving the problem below.

Follow the user's instructions to solve the problem.
The user can ask for analysis, code, or both.

## Instructions
When asked to output code,
- Make sure to wrap your code in '```python' and '```' Markdown delimiters, 
- include exactly one block of code with the entire solution
- No outside libraries are allowed. 
- Builtins are allowed.
- If the task specifies a function name to be used, follow it strictly (be case sensitive!) and declare the that function last (helper functions are declared first).
- DO NOT write any assert statements / tests.

## Problem
[BEGIN PROBLEM]
Alice has a hand of cards, given as an array of integers.
Now she wants to rearrange the cards into groups so that each group is size W, and consists of W consecutive cards.
Return true if and only if she can.
 


Example 1:
Input: hand = [1,2,3,6,2,3,4,7,8], W = 3
Output: true
Explanation: Alice's hand can be rearranged as [1,2,3],[2,3,4],[6,7,8].
Example 2:
Input: hand = [1,2,3,4,5], W = 4
Output: false
Explanation: Alice's hand can't be rearranged into groups of 4.

 
Constraints:

1 <= hand.length <= 10000
0 <= hand[i] <= 10^9
1 <= W <= hand.length

Note: This question is the same as 1296: https://leetcode.com/problems/divide-array-in-sets-of-k-consecutive-numbers/

The output code needs to use the provided function signature

The final python function should begin with: 
```python

class Solution:
    def isNStraightHand(self, hand: List[int], W: int) -> bool:
        
```

[END PROBLEM]

INFO - [Task id] 1669 [prompt] 
## Instructions

Reason through the problem and:
1. Restate the problem in plain English
2. Conceptualize a solution first in plain English
3. Write a pseudocode solution
4. Output the final Python 3 solution with your solution steps in comments.

Make sure to wrap your code in '```python' and '```' Markdown delimiters, 
and include exactly one block of code with the entire solution.

No outside libraries are allowed.
Builtins are allowed.

INFO - [Task id] 1669 [prompt] 
Also, here are some of your memories.
Feel free to use the given information to aid your problem solving process if necessary.
Do not confuse the memories with the problem statement.

## Memories

[Summary]:
    In this problem, the goal was to determine if a sequence of integers could be modified to have a sum of zero by decreasing each element by its index any number of times. The key insight was that the total sum of the sequence must be less than or equal to the maximum possible reduction, and it must also be non-negative to reach zero.

    Initially, the solution incorrectly assumed that if the total sum was less than or equal to the maximum reduction, it could always be made zero. This was a flawed assumption because it did not account for the possibility of the total sum being negative, which would make it impossible to reach zero.

    The corrected approach involved:
    1. Calculating the total sum of the sequence.
    2. Calculating the maximum reduction possible using the formula for the sum of the first `N` natural numbers.
    3. Checking both conditions: the total sum must be less than or equal to the maximum reduction and must be non-negative.

    The final working code is as follows:

    ```python
    def can_make_good_sequence(T):
        for _ in range(T):
            N = int(input())
            A = list(map(int, input().split()))
            total_sum = sum(A)
            max_reduction = sum(range(1, N + 1))
        
            if total_sum <= max_reduction and total_sum >= 0:
                print("YES")
            else:
                print("NO")

    T = int(input())
    can_make_good_sequence(T)
    ```

    This experience reinforced the importance of carefully considering all conditions that affect the outcome, especially when dealing with sums and reductions.
[/Summary]


[Past Memory]:

    [Task]:
        Let's call a sequence good if the sum of all its elements is $0$.
        You have a sequence of integers $A_1, A_2, \ldots, A_N$. You may perform any number of operations on this sequence (including zero). In one operation, you should choose a valid index $i$ and decrease $A_i$ by $i$. Can you make the sequence good using these operations?

        -----Input-----
        - The first line of the input contains a single integer $T$ denoting the number of test cases. The description of $T$ test cases follows.
        - The first line of each test case contains a single integer $N$.
        - The second line contains $N$ space-separated integers $A_1, A_2, \ldots, A_N$.

        -----Output-----
        For each test case, print a single line containing the string "YES" if it is possible to make the given sequence good or "NO" if it is impossible.

        -----Constraints-----
        - $1 \le T \le 1,000$
        - $1 \le N \le 10$
        - $|A_i| \le 100$ for each valid $i$

        -----Subtasks-----
        Subtask #1 (10 points): $N = 1$
        Subtask #2 (30 points): $N \le 2$
        Subtask #3 (60 points): original constraints

        -----Example Input-----
        2
        1
        -1
        2
        1 2

        -----Example Output-----
        NO
        YES

        -----Explanation-----
        Example case 2: We can perform two operations ― subtract $1$ from $A_1$ and $2$ from $A_2$.
    [/Task]

    [Previous Critique]:
        None
    [/Previous Critique]

    [Thought Process and Code]:
        1. **Restate the problem in plain English**:
           We need to determine if we can modify a sequence of integers such that the sum of all its elements becomes zero. The modification allowed is to decrease any element at index `i` by `i` any number of times.

        2. **Conceptualize a solution first in plain English**:
           To solve this problem, we can calculate the total sum of the sequence. If the sum is already zero, we can immediately return "YES". If the sum is positive, we need to check if we can reduce it to zero by using the allowed operations. Each element can be decreased by its index, which means we can reduce the total sum by a maximum of `i` for each element at index `i`. We can calculate the maximum possible reduction and see if it is sufficient to bring the total sum to zero.

        3. **Write a pseudocode solution**:
           ```
           function can_make_good_sequence(T):
               for each test case:
                   read N
                   read array A
                   total_sum = sum(A)
                   max_reduction = sum of indices from 1 to N (which is N * (N + 1) / 2)
           
                   if total_sum <= max_reduction:
                       print "YES"
                   else:
                       print "NO"
           ```

        4. **Output the final Python 3 solution with your solution steps in comments**:
        ```python
        def can_make_good_sequence(T):
            # Iterate through each test case
            for _ in range(T):
                # Read the number of elements in the sequence
                N = int(input())
                # Read the sequence of integers
                A = list(map(int, input().split()))
        
                # Calculate the total sum of the sequence
                total_sum = sum(A)
        
                # Calculate the maximum possible reduction
                max_reduction = N * (N + 1) // 2
        
                # Check if we can make the sequence good
                if total_sum <= max_reduction:
                    print("YES")
                else:
                    print("NO")

        # Read the number of test cases
        T = int(input())
        # Call the function to process the test cases
        can_make_good_sequence(T)
        ```
    [/Thought Process and Code]

    [Environment Feedback]:
        Note: Inputs/outputs here are automatically extracted/truncated so formatting may be a bit off.
        Tests passed:

        None

        Tests failed:
         Input: ['2', '1', '-1', '2', '1 2'] Expected output: [{'NO'}, {'YES'}] # Execution output: ['YES', 'YES']
    [/Environment Feedback]

    [Result]:
        Failure
    [/Result]

[/Past Memory]


[Summary]:
    The problem involved determining if a set of matchsticks could be arranged to form a perfect square. The key concepts tested were the ability to check divisibility for equal partitioning and the use of backtracking to explore combinations of matchstick placements.

    The solution required calculating the total length of the matchsticks and checking if it was divisible by 4. If it was, the next step was to sort the matchsticks in descending order to optimize the backtracking process. The backtracking function attempted to place each matchstick on one of the four sides, ensuring that no side exceeded the target length.

    The implemented code successfully passed the provided test cases, demonstrating that the approach was effective. The backtracking strategy allowed for exploring all possible combinations while efficiently pruning impossible paths. This experience reinforced the importance of both mathematical checks (like divisibility) and algorithmic strategies (like backtracking) in solving combinatorial problems. 

    Here’s the final code snippet for reference:

    ```python
    class Solution:
        def makesquare(self, nums: list[int]) -> bool:
            total_length = sum(nums)
            if total_length % 4 != 0:
                return False
            side_length = total_length // 4
            nums.sort(reverse=True)
            sides = [0] * 4
            return self.backtrack(nums, sides, side_length, 0)

        def backtrack(self, nums, sides, side_length, index):
            if index == len(nums):
                return all(side == side_length for side in sides)
            for i in range(4):
                if sides[i] + nums[index] <= side_length:
                    sides[i] += nums[index]
                    if self.backtrack(nums, sides, side_length, index + 1):
                        return True
                    sides[i] -= nums[index]
            return False
    ```
[/Summary]


INFO - [Task id] 1669 [generation text] 1. **Restate the problem in plain English**:
   Alice has a collection of cards represented as an array of integers. She wants to rearrange these cards into groups of size `W`, where each group consists of `W` consecutive integers. The task is to determine if it is possible to rearrange the cards in such a way.

2. **Conceptualize a solution first in plain English**:
   To solve this problem, we can follow these steps:
   - First, check if the total number of cards is divisible by `W`. If not, it's impossible to form groups of size `W`.
   - Next, sort the array of cards. This will help in easily forming groups of consecutive integers.
   - Use a frequency dictionary to count occurrences of each card.
   - Iterate through the sorted unique cards and try to form groups of `W` consecutive cards. For each card, check if we can form a complete group starting from that card. If we can, decrease the count of those cards in the frequency dictionary accordingly.
   - If we can form all groups successfully, return true; otherwise, return false.

3. **Write a pseudocode solution**:
   ```
   function isNStraightHand(hand, W):
       if length of hand is not divisible by W:
           return false
       
       sort hand
       create a frequency dictionary for hand
       
       for each card in sorted unique hand:
           while frequency of card > 0:
               for i from 0 to W-1:
                   if frequency of (card + i) is 0:
                       return false
                   decrease frequency of (card + i) by 1
       
       return true
   ```

4. **Output the final Python 3 solution with your solution steps in comments**:
```python
class Solution:
    def isNStraightHand(self, hand: list[int], W: int) -> bool:
        # Check if the total number of cards is divisible by W
        if len(hand) % W != 0:
            return False
        
        # Sort the hand to facilitate grouping
        hand.sort()
        
        # Create a frequency dictionary to count occurrences of each card
        frequency = {}
        for card in hand:
            if card in frequency:
                frequency[card] += 1
            else:
                frequency[card] = 1
        
        # Iterate through the sorted unique cards
        for card in sorted(frequency.keys()):
            while frequency[card] > 0:
                # Try to form a group of W consecutive cards
                for i in range(W):
                    if frequency.get(card + i, 0) <= 0:
                        return False
                    frequency[card + i] -= 1
        
        return True
```
INFO - program_code:
 
class Solution:
    def isNStraightHand(self, hand: list[int], W: int) -> bool:
        # Check if the total number of cards is divisible by W
        if len(hand) % W != 0:
            return False
        
        # Sort the hand to facilitate grouping
        hand.sort()
        
        # Create a frequency dictionary to count occurrences of each card
        frequency = {}
        for card in hand:
            if card in frequency:
                frequency[card] += 1
            else:
                frequency[card] = 1
        
        # Iterate through the sorted unique cards
        for card in sorted(frequency.keys()):
            while frequency[card] > 0:
                # Try to form a group of W consecutive cards
                for i in range(W):
                    if frequency.get(card + i, 0) <= 0:
                        return False
                    frequency[card + i] -= 1
        
        return True


INFO - program_name:
 

INFO - dependencies:
 []

INFO - raw_msg:
 1. **Restate the problem in plain English**:
   Alice has a collection of cards represented as an array of integers. She wants to rearrange these cards into groups of size `W`, where each group consists of `W` consecutive integers. The task is to determine if it is possible to rearrange the cards in such a way.

2. **Conceptualize a solution first in plain English**:
   To solve this problem, we can follow these steps:
   - First, check if the total number of cards is divisible by `W`. If not, it's impossible to form groups of size `W`.
   - Next, sort the array of cards. This will help in easily forming groups of consecutive integers.
   - Use a frequency dictionary to count occurrences of each card.
   - Iterate through the sorted unique cards and try to form groups of `W` consecutive cards. For each card, check if we can form a complete group starting from that card. If we can, decrease the count of those cards in the frequency dictionary accordingly.
   - If we can form all groups successfully, return true; otherwise, return false.

3. **Write a pseudocode solution**:
   ```
   function isNStraightHand(hand, W):
       if length of hand is not divisible by W:
           return false
       
       sort hand
       create a frequency dictionary for hand
       
       for each card in sorted unique hand:
           while frequency of card > 0:
               for i from 0 to W-1:
                   if frequency of (card + i) is 0:
                       return false
                   decrease frequency of (card + i) by 1
       
       return true
   ```

4. **Output the final Python 3 solution with your solution steps in comments**:
```python
class Solution:
    def isNStraightHand(self, hand: list[int], W: int) -> bool:
        # Check if the total number of cards is divisible by W
        if len(hand) % W != 0:
            return False
        
        # Sort the hand to facilitate grouping
        hand.sort()
        
        # Create a frequency dictionary to count occurrences of each card
        frequency = {}
        for card in hand:
            if card in frequency:
                frequency[card] += 1
            else:
                frequency[card] = 1
        
        # Iterate through the sorted unique cards
        for card in sorted(frequency.keys()):
            while frequency[card] > 0:
                # Try to form a group of W consecutive cards
                for i in range(W):
                    if frequency.get(card + i, 0) <= 0:
                        return False
                    frequency[card + i] -= 1
        
        return True
```

INFO - no_parent:
 False

INFO - full code to be executed: 
 
class Solution:
    def isNStraightHand(self, hand: list[int], W: int) -> bool:
        # Check if the total number of cards is divisible by W
        if len(hand) % W != 0:
            return False
        
        # Sort the hand to facilitate grouping
        hand.sort()
        
        # Create a frequency dictionary to count occurrences of each card
        frequency = {}
        for card in hand:
            if card in frequency:
                frequency[card] += 1
            else:
                frequency[card] = 1
        
        # Iterate through the sorted unique cards
        for card in sorted(frequency.keys()):
            while frequency[card] > 0:
                # Try to form a group of W consecutive cards
                for i in range(W):
                    if frequency.get(card + i, 0) <= 0:
                        return False
                    frequency[card + i] -= 1
        
        return True


INFO - obs: Note: Inputs/outputs here are automatically extracted/truncated so formatting may be a bit off.
Tests passed:

 Input: [[1, 2, 2, 3, 3, 4, 6, 7, 8], 3] Output: True

Tests failed:
None
reward: True
done: None
info: {'individual_results': [True]}
INFO - Updated entry: 
[Task]:
    Alice has a hand of cards, given as an array of integers.
    Now she wants to rearrange the cards into groups so that each group is size W, and consists of W consecutive cards.
    Return true if and only if she can.
 


    Example 1:
    Input: hand = [1,2,3,6,2,3,4,7,8], W = 3
  ...,

INFO - Metadata: {
    "raw_msg": "1. **Restate the problem in plain English**:\n   Alice has a collection of cards represented as an array of integers. She wants to rearrange these cards into groups of size `W`, where each group consists of `W` consecutive integers. The task is to determine if it is possible to ...

INFO - LM call n parse attempt 1 / 3

INFO - [Task id] 1669 [prompt] 
You are an expert programmer tasked with solving the problem below.

Follow the user's instructions to solve the problem.
The user can ask for analysis, code, or both.

## Instructions
When asked to output code,
- Make sure to wrap your code in '```python' and '```' Markdown delimiters, 
- include exactly one block of code with the entire solution
- No outside libraries are allowed. 
- Builtins are allowed.
- If the task specifies a function name to be used, follow it strictly (be case sensitive!) and declare the that function last (helper functions are declared first).
- DO NOT write any assert statements / tests.

## Problem
[BEGIN PROBLEM]
Alice has a hand of cards, given as an array of integers.
Now she wants to rearrange the cards into groups so that each group is size W, and consists of W consecutive cards.
Return true if and only if she can.
 


Example 1:
Input: hand = [1,2,3,6,2,3,4,7,8], W = 3
Output: true
Explanation: Alice's hand can be rearranged as [1,2,3],[2,3,4],[6,7,8].
Example 2:
Input: hand = [1,2,3,4,5], W = 4
Output: false
Explanation: Alice's hand can't be rearranged into groups of 4.

 
Constraints:

1 <= hand.length <= 10000
0 <= hand[i] <= 10^9
1 <= W <= hand.length

Note: This question is the same as 1296: https://leetcode.com/problems/divide-array-in-sets-of-k-consecutive-numbers/

The output code needs to use the provided function signature

The final python function should begin with: 
```python

class Solution:
    def isNStraightHand(self, hand: List[int], W: int) -> bool:
        
```

[END PROBLEM]

INFO - [Task id] 1669 [prompt] 
## Instructions

Reason through the problem and:
1. Restate the problem in plain English
2. Conceptualize a solution first in plain English
3. Write a pseudocode solution
4. Output the final Python 3 solution with your solution steps in comments.

Make sure to wrap your code in '```python' and '```' Markdown delimiters, 
and include exactly one block of code with the entire solution.

No outside libraries are allowed.
Builtins are allowed.

INFO - [Task id] 1669 [prompt] 1. **Restate the problem in plain English**:
   Alice has a collection of cards represented as an array of integers. She wants to rearrange these cards into groups of size `W`, where each group consists of `W` consecutive integers. The task is to determine if it is possible to rearrange the cards in such a way.

2. **Conceptualize a solution first in plain English**:
   To solve this problem, we can follow these steps:
   - First, check if the total number of cards is divisible by `W`. If not, it's impossible to form groups of size `W`.
   - Next, sort the array of cards. This will help in easily forming groups of consecutive integers.
   - Use a frequency dictionary to count occurrences of each card.
   - Iterate through the sorted unique cards and try to form groups of `W` consecutive cards. For each card, check if we can form a complete group starting from that card. If we can, decrease the count of those cards in the frequency dictionary accordingly.
   - If we can form all groups successfully, return true; otherwise, return false.

3. **Write a pseudocode solution**:
   ```
   function isNStraightHand(hand, W):
       if length of hand is not divisible by W:
           return false
       
       sort hand
       create a frequency dictionary for hand
       
       for each card in sorted unique hand:
           while frequency of card > 0:
               for i from 0 to W-1:
                   if frequency of (card + i) is 0:
                       return false
                   decrease frequency of (card + i) by 1
       
       return true
   ```

4. **Output the final Python 3 solution with your solution steps in comments**:
```python
class Solution:
    def isNStraightHand(self, hand: list[int], W: int) -> bool:
        # Check if the total number of cards is divisible by W
        if len(hand) % W != 0:
            return False
        
        # Sort the hand to facilitate grouping
        hand.sort()
        
        # Create a frequency dictionary to count occurrences of each card
        frequency = {}
        for card in hand:
            if card in frequency:
                frequency[card] += 1
            else:
                frequency[card] = 1
        
        # Iterate through the sorted unique cards
        for card in sorted(frequency.keys()):
            while frequency[card] > 0:
                # Try to form a group of W consecutive cards
                for i in range(W):
                    if frequency.get(card + i, 0) <= 0:
                        return False
                    frequency[card + i] -= 1
        
        return True
```
INFO - [Task id] 1669 [prompt] 
[Environment Feedback]:
    Note: Inputs/outputs here are automatically extracted/truncated so formatting may be a bit off.
    Tests passed:

     Input: [[1, 2, 2, 3, 3, 4, 6, 7, 8], 3] Output: True

    Tests failed:
    None
[/Environment Feedback]

INFO - [Task id] 1669 [prompt] 
## Instructions
Now, summarize your attempts as a **standalone** document for your own future reference. (can skip formalities, be concise)

- Only include the most relevant information and code snippets that could be useful in the future.
- If you did not learn much from the current experience (e.g. the problem was too easy), feel free to write less or nothing at all.
- Here are some ideas if the experience was useful:
    - Identifying the core concepts and patterns that problem appears to test for
    - Describing the strategies that seemed to work but did not, and vice versa
    - Describing unexpected errors and how they were fixed

Your summary should be at most a few paragraphs.

INFO - [Task id] 1669 [generation text] In this task, the goal was to determine if a hand of cards could be rearranged into groups of consecutive integers of size `W`. The core concepts involved checking divisibility, sorting, and using a frequency dictionary to manage counts of card occurrences.

The successful strategy involved:
1. Checking if the total number of cards is divisible by `W`, which is a necessary condition for forming groups.
2. Sorting the hand to facilitate the grouping of consecutive integers.
3. Using a frequency dictionary to track how many of each card are available, allowing for efficient grouping.

The implementation iterated through the sorted unique cards and attempted to form groups of `W` consecutive cards, decrementing the counts in the frequency dictionary as groups were formed. This approach effectively handled the problem constraints and passed the provided test cases.

The final code snippet is as follows:
```python
class Solution:
    def isNStraightHand(self, hand: list[int], W: int) -> bool:
        if len(hand) % W != 0:
            return False
        
        hand.sort()
        frequency = {}
        for card in hand:
            if card in frequency:
                frequency[card] += 1
            else:
                frequency[card] = 1
        
        for card in sorted(frequency.keys()):
            while frequency[card] > 0:
                for i in range(W):
                    if frequency.get(card + i, 0) <= 0:
                        return False
                    frequency[card + i] -= 1
        
        return True
```
This solution effectively addresses the problem and can be referenced for similar tasks involving grouping and counting in arrays.
INFO - LM call n parse attempt 1 / 3

INFO - [Task id] 1669 [prompt] 
You are an expert programmer tasked with solving the problem below.

Follow the user's instructions to solve the problem.
The user can ask for analysis, code, or both.

## Instructions
When asked to output code,
- Make sure to wrap your code in '```python' and '```' Markdown delimiters, 
- include exactly one block of code with the entire solution
- No outside libraries are allowed. 
- Builtins are allowed.
- If the task specifies a function name to be used, follow it strictly (be case sensitive!) and declare the that function last (helper functions are declared first).
- DO NOT write any assert statements / tests.

## Problem
[BEGIN PROBLEM]
Alice has a hand of cards, given as an array of integers.
Now she wants to rearrange the cards into groups so that each group is size W, and consists of W consecutive cards.
Return true if and only if she can.
 


Example 1:
Input: hand = [1,2,3,6,2,3,4,7,8], W = 3
Output: true
Explanation: Alice's hand can be rearranged as [1,2,3],[2,3,4],[6,7,8].
Example 2:
Input: hand = [1,2,3,4,5], W = 4
Output: false
Explanation: Alice's hand can't be rearranged into groups of 4.

 
Constraints:

1 <= hand.length <= 10000
0 <= hand[i] <= 10^9
1 <= W <= hand.length

Note: This question is the same as 1296: https://leetcode.com/problems/divide-array-in-sets-of-k-consecutive-numbers/

The output code needs to use the provided function signature

The final python function should begin with: 
```python

class Solution:
    def isNStraightHand(self, hand: List[int], W: int) -> bool:
        
```

[END PROBLEM]

INFO - [Task id] 1669 [prompt] 
## Instructions

Reason through the problem and:
1. Restate the problem in plain English
2. Conceptualize a solution first in plain English
3. Write a pseudocode solution
4. Output the final Python 3 solution with your solution steps in comments.

Make sure to wrap your code in '```python' and '```' Markdown delimiters, 
and include exactly one block of code with the entire solution.

No outside libraries are allowed.
Builtins are allowed.

INFO - [Task id] 1669 [prompt] 1. **Restate the problem in plain English**:
   Alice has a collection of cards represented as an array of integers. She wants to rearrange these cards into groups of size `W`, where each group consists of `W` consecutive integers. The task is to determine if it is possible to rearrange the cards in such a way.

2. **Conceptualize a solution first in plain English**:
   To solve this problem, we can follow these steps:
   - First, check if the total number of cards is divisible by `W`. If not, it's impossible to form groups of size `W`.
   - Next, sort the array of cards. This will help in easily forming groups of consecutive integers.
   - Use a frequency dictionary to count occurrences of each card.
   - Iterate through the sorted unique cards and try to form groups of `W` consecutive cards. For each card, check if we can form a complete group starting from that card. If we can, decrease the count of those cards in the frequency dictionary accordingly.
   - If we can form all groups successfully, return true; otherwise, return false.

3. **Write a pseudocode solution**:
   ```
   function isNStraightHand(hand, W):
       if length of hand is not divisible by W:
           return false
       
       sort hand
       create a frequency dictionary for hand
       
       for each card in sorted unique hand:
           while frequency of card > 0:
               for i from 0 to W-1:
                   if frequency of (card + i) is 0:
                       return false
                   decrease frequency of (card + i) by 1
       
       return true
   ```

4. **Output the final Python 3 solution with your solution steps in comments**:
```python
class Solution:
    def isNStraightHand(self, hand: list[int], W: int) -> bool:
        # Check if the total number of cards is divisible by W
        if len(hand) % W != 0:
            return False
        
        # Sort the hand to facilitate grouping
        hand.sort()
        
        # Create a frequency dictionary to count occurrences of each card
        frequency = {}
        for card in hand:
            if card in frequency:
                frequency[card] += 1
            else:
                frequency[card] = 1
        
        # Iterate through the sorted unique cards
        for card in sorted(frequency.keys()):
            while frequency[card] > 0:
                # Try to form a group of W consecutive cards
                for i in range(W):
                    if frequency.get(card + i, 0) <= 0:
                        return False
                    frequency[card + i] -= 1
        
        return True
```
INFO - [Task id] 1669 [prompt] 
[Environment Feedback]:
    Note: Inputs/outputs here are automatically extracted/truncated so formatting may be a bit off.
    Tests passed:

     Input: [[1, 2, 2, 3, 3, 4, 6, 7, 8], 3] Output: True

    Tests failed:
    None
[/Environment Feedback]

INFO - [Task id] 1669 [prompt] 
Below is the official solution (do exercise discretion as official solutions can also have mistakes).

You will be reflecting on your attempts to solve the problem.
This will be a **standalone** document for your own future reference. (can skip formalities, be concise)

## Instructions
- Only include the most relevant insights and code snippets that could be useful in the future.
- If you did not learn much from the current experience (e.g. the problem was too easy / official solution was obvious), feel free to write less or nothing at all.
- Here are some ideas if the experience was useful:
    - If the official solution is insightful (e.g. better than yours in time and space complexity or more effective in breaking down the problem statement), distil the key approach of the official solution, step by step.
    - If your approach failed the test cases, reason why the official solution works but yours does not

Your reflection should be at most a few paragraphs.

## Official solution
class Solution:
    def isNStraightHand(self, hand: List[int], W: int) -> bool:
        # 1, 2, 2, 3, 3, 4, 6, 7, 8
        # 1 2 3
        #   2 3 4
        #         6 7 8
        
        # W length Q
        # how many opened
        # # of the element is current opened one
        
        q = deque()
        opened = 0
        last = 0
        counter = Counter(hand)
        for n in sorted(counter):
            count = counter[n]
            if n > last + 1 and opened > 0:
                return False
            
            if n == last + 1 and count < opened:
                return False
            
            
            q.append(count - opened)
            opened = count
            
            if len(q) == W:
                opened -= q.popleft()
            
            last = n
        return not opened

INFO - [Task id] 1669 [generation text] The official solution employs a more efficient approach using a queue to manage the counts of cards that are currently "opened" for grouping. Here are the key insights from the official solution:

1. **Use of a Queue**: The solution utilizes a deque (double-ended queue) to keep track of the counts of cards that are currently available to form groups. This allows for efficient management of the counts as groups are formed and cards are consumed.

2. **Opened Count**: The variable `opened` keeps track of how many cards are currently available to form groups. This is updated as we process each unique card in the sorted hand.

3. **Handling Gaps**: The solution checks for gaps between consecutive cards. If there is a gap (i.e., if the current card is more than one greater than the last processed card), it verifies that there are no opened groups that can be completed, returning false if there are.

4. **Count Management**: The solution effectively manages the counts of cards using the queue. When the queue reaches the size `W`, it removes the oldest count, which corresponds to the oldest group being completed.

5. **Final Check**: At the end of processing, the solution checks if there are any remaining opened cards. If `opened` is zero, it means all groups were successfully formed.

The official solution is more efficient in terms of time complexity due to its linear pass through the sorted unique cards and the use of a queue to manage the counts dynamically. My initial approach, while correct in logic, could be improved by adopting a similar strategy to manage the counts of cards more effectively, especially in terms of handling gaps and ensuring that groups are formed without unnecessary checks. 

In future implementations, I will consider using data structures like queues or heaps to manage dynamic counts and states more efficiently, especially in problems involving grouping or partitioning.
INFO - Updated entry: In this task, the goal was to determine if a hand of cards could be rearranged into groups of consecutive integers of size `W`. The core concepts involved checking divisibility, sorting, and using a frequency dictionary to manage counts of card occurrences.

The successful strategy involved:
1. C...,

INFO - Metadata: {
    "task_id": 1669
}

INFO - Updated entry: The official solution employs a more efficient approach using a queue to manage the counts of cards that are currently "opened" for grouping. Here are the key insights from the official solution:

1. **Use of a Queue**: The solution utilizes a deque (double-ended queue) to keep track of the count...,

INFO - Metadata: {
    "task_id": 1669
}

INFO - LM call n parse attempt 1 / 3

INFO - [Task id] 1669 [prompt] 
You are a helpful assistant that writes a description of the given function written in the Python programming language.

1) Do not mention the function name.
2) Do not mention anything about helper functions.
3) There might be some helper functions before the main function, but you only need to describe the main function.
4) Try to summarize the function in no more than 6 sentences.
5) Your response should be a single line of text.

INFO - [Task id] 1669 [prompt] 
class Solution:
    def isNStraightHand(self, hand: list[int], W: int) -> bool:
        # Check if the total number of cards is divisible by W
        if len(hand) % W != 0:
            return False
        
        # Sort the hand to facilitate grouping
        hand.sort()
        
        # Create a frequency dictionary to count occurrences of each card
        frequency = {}
        for card in hand:
            if card in frequency:
                frequency[card] += 1
            else:
                frequency[card] = 1
        
        # Iterate through the sorted unique cards
        for card in sorted(frequency.keys()):
            while frequency[card] > 0:
                # Try to form a group of W consecutive cards
                for i in range(W):
                    if frequency.get(card + i, 0) <= 0:
                        return False
                    frequency[card + i] -= 1
        
        return True

INFO - [Task id] 1669 [generation text] The function checks if a given hand of cards can be rearranged into groups of consecutive cards, each of size W. It first verifies that the total number of cards is divisible by W; if not, it returns False. The hand is then sorted, and a frequency dictionary is created to count the occurrences of each card. The function iterates through the unique cards in sorted order, attempting to form groups of W consecutive cards. If it encounters a card that cannot complete a group, it returns False. If all groups can be formed successfully, it returns True.
INFO - LM call n parse attempt 1 / 3

INFO - [Task id] 1669 [prompt] 
You are a helpful assistant that extracts important information from problems and solutions to aid in searchability and education.

## Instructions
- Read through the problem and solution carefully.
- Reason out, step by step, in what scenarios this knowledge would be useful.
- Focus on general patterns and situations to help connect this knowledge to new situations.
- Then, include a list of keywords that are useful for searching this problem/solution pair.

## Response format
Respond in JSON, and follow the keys and expected format of the values strictly.

The output should be formatted as a JSON instance that conforms to the JSON schema below.

As an example, for the schema {"properties": {"foo": {"title": "Foo", "description": "a list of strings", "type": "array", "items": {"type": "string"}}}, "required": ["foo"]}
the object {"foo": ["bar", "baz"]} is a well-formatted instance of the schema. The object {"properties": {"foo": ["bar", "baz"]}} is not well-formatted.

Here is the output schema:
```
{"properties": {"scenarios": {"description": "In what scenarios will this knowledge be useful? Answer in a paragraph.", "title": "Scenarios", "type": "string"}, "keywords": {"description": "List of keywords that are useful for searching this problem/solution pair", "items": {"type": "string"}, "title": "Keywords", "type": "array"}}, "required": ["scenarios", "keywords"]}
```

INFO - [Task id] 1669 [prompt] 
[Problem]
    Alice has a hand of cards, given as an array of integers.
    Now she wants to rearrange the cards into groups so that each group is size W, and consists of W consecutive cards.
    Return true if and only if she can.
 


    Example 1:
    Input: hand = [1,2,3,6,2,3,4,7,8], W = 3
    Output: true
    Explanation: Alice's hand can be rearranged as [1,2,3],[2,3,4],[6,7,8].
    Example 2:
    Input: hand = [1,2,3,4,5], W = 4
    Output: false
    Explanation: Alice's hand can't be rearranged into groups of 4.

 
    Constraints:

    1 <= hand.length <= 10000
    0 <= hand[i] <= 10^9
    1 <= W <= hand.length

    Note: This question is the same as 1296: https://leetcode.com/problems/divide-array-in-sets-of-k-consecutive-numbers/
[/Problem]

[Solution]

    class Solution:
        def isNStraightHand(self, hand: list[int], W: int) -> bool:
            # Check if the total number of cards is divisible by W
            if len(hand) % W != 0:
                return False
        
            # Sort the hand to facilitate grouping
            hand.sort()
        
            # Create a frequency dictionary to count occurrences of each card
            frequency = {}
            for card in hand:
                if card in frequency:
                    frequency[card] += 1
                else:
                    frequency[card] = 1
        
            # Iterate through the sorted unique cards
            for card in sorted(frequency.keys()):
                while frequency[card] > 0:
                    # Try to form a group of W consecutive cards
                    for i in range(W):
                        if frequency.get(card + i, 0) <= 0:
                            return False
                        frequency[card + i] -= 1
        
            return True

[/Solution]

INFO - [Task id] 1669 [generation text] 
INFO - {
    "scenarios": "This knowledge is useful in scenarios where you need to group items into consecutive sequences, such as in card games, scheduling tasks, or organizing data into blocks. It can also apply to problems in combinatorial optimization, where you need to determine if a set can be partitioned into specific sizes or patterns. Understanding how to manipulate and check the properties of collections of items is fundamental in algorithm design and can be applied in various programming challenges and real-world applications.",
    "keywords": [
        "card grouping",
        "consecutive numbers",
        "array partitioning",
        "algorithm",
        "combinatorial optimization",
        "sorting",
        "frequency dictionary",
        "LeetCode 1296"
    ]
}
INFO - {
    "scenarios": "This knowledge is useful in scenarios where you need to group items into consecutive sequences, such as in card games, scheduling tasks, or organizing data into blocks. It can also apply to problems in combinatorial optimization, where you need to determine if a set can be partitioned into specific sizes or patterns. Understanding how to manipulate and check the properties of collections of items is fundamental in algorithm design and can be applied in various programming challenges and real-world applications.",
    "keywords": [
        "card grouping",
        "consecutive numbers",
        "array partitioning",
        "algorithm",
        "combinatorial optimization",
        "sorting",
        "frequency dictionary",
        "LeetCode 1296"
    ]
}
INFO - Updated entry: 
[description]
The function checks if a given hand of cards can be rearranged into groups of consecutive cards, each of size W. It first verifies that the total number of cards is divisible by W; if not, it returns False. The hand is then sorted, and a frequency dictionary is created to count the...,

INFO - Metadata: {
    "task": 1669,
    "code": "\nclass Solution:\n    def isNStraightHand(self, hand: list[int], W: int) -> bool:\n        # Check if the total number of cards is divisible by W\n        if len(hand) % W != 0:\n            return False\n        \n        # Sort the hand to facilitate grouping\n...

