INFO - DB skill doc count: 0

INFO - DB non_func doc count: 13

INFO - DB semantic doc count: 429

INFO - DB summaries doc count: 18

INFO - DB reflections doc count: 18

INFO - DB episodic doc count: 38

INFO - [train iter]: 18/100 

INFO - The task prompt is We have an array A of non-negative integers.
For every (contiguous) subarray B = [A[i], A[i+1], ..., A[j]] (with i <= j), we take the bitwise OR of all the elements in B, obtaining a result A[i] | A[i+1] | ... | A[j].
Return the number of possible results.  (Results that occur more than once are ...

INFO - Attempting task_id 217
INFO - LM call n parse attempt 1 / 3

INFO - [Task id] 217 [prompt] 
You are an expert programmer tasked with solving the problem below.

Follow the user's instructions to solve the problem.
The user can ask for analysis, code, or both.

## Instructions
When asked to output code,
- Make sure to wrap your code in '```python' and '```' Markdown delimiters, 
- include exactly one block of code with the entire solution
- No outside libraries are allowed. 
- Builtins are allowed.
- If the task specifies a function name to be used, follow it strictly (be case sensitive!) and declare the that function last (helper functions are declared first).
- DO NOT write any assert statements / tests.

## Problem
[BEGIN PROBLEM]
We have an array A of non-negative integers.
For every (contiguous) subarray B = [A[i], A[i+1], ..., A[j]] (with i <= j), we take the bitwise OR of all the elements in B, obtaining a result A[i] | A[i+1] | ... | A[j].
Return the number of possible results.  (Results that occur more than once are only counted once in the final answer.)
 

Example 1:
Input: [0]
Output: 1
Explanation: 
There is only one possible result: 0.


Example 2:
Input: [1,1,2]
Output: 3
Explanation: 
The possible subarrays are [1], [1], [2], [1, 1], [1, 2], [1, 1, 2].
These yield the results 1, 1, 2, 1, 3, 3.
There are 3 unique values, so the answer is 3.


Example 3:
Input: [1,2,4]
Output: 6
Explanation: 
The possible results are 1, 2, 3, 4, 6, and 7.




 
Note:

1 <= A.length <= 50000
0 <= A[i] <= 10^9

The output code needs to use the provided function signature

The final python function should begin with: 
```python

class Solution:
    def subarrayBitwiseORs(self, A: List[int]) -> int:
        
```

[END PROBLEM]

INFO - [Task id] 217 [prompt] 
## Instructions

Reason through the problem and:
1. Restate the problem in plain English
2. Conceptualize a solution first in plain English
3. Write a pseudocode solution
4. Output the final Python 3 solution with your solution steps in comments.

Make sure to wrap your code in '```python' and '```' Markdown delimiters, 
and include exactly one block of code with the entire solution.

No outside libraries are allowed.
Builtins are allowed.

INFO - [Task id] 217 [generation text] 1. **Restate the problem in plain English:**
   We have an array of non-negative integers, and we need to find the number of unique results obtained by taking the bitwise OR of all possible contiguous subarrays. A subarray is any continuous segment of the array. We only count each unique result once, even if it appears multiple times.

2. **Conceptualize a solution first in plain English:**
   To solve this problem, we can iterate through the array and for each starting index, calculate the bitwise OR for all possible ending indices. We can keep track of the results using a set, which automatically handles duplicates for us. The bitwise OR operation combines bits from the numbers, and as we extend the subarray, the result can only stay the same or increase (it never decreases). Thus, we can efficiently compute the results without recalculating from scratch for overlapping subarrays.

3. **Write a pseudocode solution:**
   ```
   Initialize an empty set to store unique results
   Initialize a variable to keep track of the current OR value
   For each starting index i in the array:
       Set current OR to 0
       For each ending index j from i to the end of the array:
           Update current OR with the bitwise OR of current OR and A[j]
           Add current OR to the set of results
   Return the size of the set as the final answer
   ```

4. **Output the final Python 3 solution with your solution steps in comments:**
```python
class Solution:
    def subarrayBitwiseORs(self, A: List[int]) -> int:
        # Initialize a set to store unique results
        unique_results = set()
        
        # Iterate through each starting index of the subarray
        for i in range(len(A)):
            current_or = 0  # Initialize current OR for this starting index
            
            # Iterate through each ending index of the subarray
            for j in range(i, len(A)):
                current_or |= A[j]  # Update current OR with the bitwise OR
                unique_results.add(current_or)  # Add the result to the set
        
        # Return the number of unique results
        return len(unique_results)
```
INFO - [35m Rollout attempt 1/4[0m
INFO - [33m Retrieving 3 entries for db: episodic 
 [0m
INFO - Retrieved (score=0.4556):

[Task]:
    Given an array A of strings, find any smallest string that contains each string in A as a substring.
    We may assume that no string in A is substring of another string in A.
 

    Example 1:
    Input: ["alex","loves","leetcode"]
    Output: "alexlovesleetcode"
    Explanation: Al...


INFO - Retrieved (score=0.4781):

[Task]:
    Given an array of integers arr and an integer d. In one step you can jump from index i to index:

    i + x where: i + x < arr.length and  0 < x <= d.
    i - x where: i - x >= 0 and  0 < x <= d.

    In addition, you can only jump from index i to index j if arr[i] > arr[j] and arr[i...


INFO - Retrieved (score=0.4796):

[Task]:
    Given an array A of strings, find any smallest string that contains each string in A as a substring.
    We may assume that no string in A is substring of another string in A.
 

    Example 1:
    Input: ["alex","loves","leetcode"]
    Output: "alexlovesleetcode"
    Explanation: Al...


INFO - [33m Retrieving 3 entries for db: semantic 
 [0m
INFO - Retrieved (score=0.4731):
Title: The Inclusion-Exclusion Principle
Part: 2/5
<div id="the-number-of-integer-solutions-to-the-equation"></div>
### Number of upper-bound integer sums {: #number-of-upper-bound-integer-sums }

Consider the following equation:

$$x_1 + x_2 + x_3 + x_4 + x_5 + x_6 = 20$$

where $0 \le x_i \le 8...


INFO - Retrieved (score=0.4799):
Title: The Inclusion-Exclusion Principle
Part: 3/5
```

Asymptotics of the solution is $O (\sqrt{n})$.

### The number of integers in a given interval which are multiple of at least one of the given numbers

Given $n$ numbers $a_i$ and number $r$. You want to count the number of integers in the i...


INFO - Retrieved (score=0.4807):
Title: Bit manipulation
Part: 1/2
# Bit manipulation

## Binary number

A **binary number** is a number expressed in the base-2 numeral system or binary numeral system, it is a method of mathematical expression which uses only two symbols: typically "0" (zero) and "1" (one).

We say that a certai...


INFO - [33m Retrieving 3 entries for db: reflections 
 [0m
INFO - Retrieved (score=0.4592):
In reflecting on my attempts to solve the problem, I recognize that my approach was fundamentally sound but lacked efficiency in terms of time complexity. My solution utilized a binary search method to find the longest increasing subsequence (LIS), which is generally efficient. However, the offic...


INFO - Retrieved (score=0.5063):
The official solution employs a precomputation strategy to efficiently handle the factorial calculations modulo \(10^6 + 3\). Here are the key insights from the official solution:

1. **Precomputation of Factorials**: The solution initializes a list `a` to store the factorial values modulo \(10^6...


INFO - Retrieved (score=0.5075):
The official solution effectively addresses the problem by directly iterating through the list of bills for each query and calculating the sum within the specified range. Here are some key insights from the official solution:

1. **Input Handling**: The solution reads the number of test cases and...


INFO - [33m Retrieving 3 entries for db: summaries 
 [0m
INFO - Retrieved (score=0.4276):
### Summary of Attempts to Solve the Shortest Superstring Problem

The task was to find the shortest superstring that contains all strings in a given list as substrings. The initial approach involved generating all permutations of the input strings and merging them based on maximum overlaps. Howe...


INFO - Retrieved (score=0.4589):
In solving the problem of finding the maximum number of indices that can be visited in an array based on specific jump conditions, I initially implemented a depth-first search (DFS) approach. The main challenge was ensuring that the jump validity checks were correctly implemented, particularly th...


INFO - Retrieved (score=0.4657):
The problem involves maximizing the sum of pizza slice sizes taken from a circular array, where the picking order is constrained by the actions of two friends. The key concepts tested here include dynamic programming and handling circular arrays, which require careful consideration of the start a...


INFO - [33m Retrieving 3 entries for db: non_func 
 [0m
INFO - Retrieved (score=0.5498):

[description]
This function calculates the maximum number of jumps that can be made in an array based on specific jumping rules. It uses a depth-first search approach to explore all possible jumps from each index, considering both left and right directions within a given distance. The function k...


INFO - Retrieved (score=0.5547):

[description]
This function calculates the maximum sum of pizza slices that can be taken, adhering to the constraint of selecting one-third of the total slices. It determines the number of slices that can be chosen and employs a dynamic programming approach to evaluate two scenarios: one includi...


INFO - Retrieved (score=0.5584):

[description for function: main]
The function processes multiple test cases by first reading the number of days and the intervals for three groups from user input. It then calculates how many days all three groups are present together by utilizing a helper function to compute the least common mu...


INFO - Retrieved (score=0.4276): 
[Summary]:
    ### Summary of Attempts to Solve the Shortest Superstring Problem

    The task was to find the shortest superstring that contains all strings in a given list as substrings. The initial approach involved generating all permutations of the input strings and merging them based on ma...
INFO - Retrieved (score=0.4556): 
[Past Memory]:

    [Task]:
        Given an array A of strings, find any smallest string that contains each string in A as a substring.
        We may assume that no string in A is substring of another string in A.
 

        Example 1:
        Input: ["alex","loves","leetcode"]
        Output:...
INFO - Retrieved (score=0.4589): 
[Summary]:
    In solving the problem of finding the maximum number of indices that can be visited in an array based on specific jump conditions, I initially implemented a depth-first search (DFS) approach. The main challenge was ensuring that the jump validity checks were correctly implemented,...
INFO - LM call n parse attempt 1 / 3

INFO - [Task id] 217 [prompt] 
You are an expert programmer tasked with solving the problem below.

Follow the user's instructions to solve the problem.
The user can ask for analysis, code, or both.

## Instructions
When asked to output code,
- Make sure to wrap your code in '```python' and '```' Markdown delimiters, 
- include exactly one block of code with the entire solution
- No outside libraries are allowed. 
- Builtins are allowed.
- If the task specifies a function name to be used, follow it strictly (be case sensitive!) and declare the that function last (helper functions are declared first).
- DO NOT write any assert statements / tests.

## Problem
[BEGIN PROBLEM]
We have an array A of non-negative integers.
For every (contiguous) subarray B = [A[i], A[i+1], ..., A[j]] (with i <= j), we take the bitwise OR of all the elements in B, obtaining a result A[i] | A[i+1] | ... | A[j].
Return the number of possible results.  (Results that occur more than once are only counted once in the final answer.)
 

Example 1:
Input: [0]
Output: 1
Explanation: 
There is only one possible result: 0.


Example 2:
Input: [1,1,2]
Output: 3
Explanation: 
The possible subarrays are [1], [1], [2], [1, 1], [1, 2], [1, 1, 2].
These yield the results 1, 1, 2, 1, 3, 3.
There are 3 unique values, so the answer is 3.


Example 3:
Input: [1,2,4]
Output: 6
Explanation: 
The possible results are 1, 2, 3, 4, 6, and 7.




 
Note:

1 <= A.length <= 50000
0 <= A[i] <= 10^9

The output code needs to use the provided function signature

The final python function should begin with: 
```python

class Solution:
    def subarrayBitwiseORs(self, A: List[int]) -> int:
        
```

[END PROBLEM]

INFO - [Task id] 217 [prompt] 
## Instructions

Reason through the problem and:
1. Restate the problem in plain English
2. Conceptualize a solution first in plain English
3. Write a pseudocode solution
4. Output the final Python 3 solution with your solution steps in comments.

Make sure to wrap your code in '```python' and '```' Markdown delimiters, 
and include exactly one block of code with the entire solution.

No outside libraries are allowed.
Builtins are allowed.

INFO - [Task id] 217 [prompt] 
Also, here are some of your memories.
Feel free to use the given information to aid your problem solving process if necessary.
Do not confuse the memories with the problem statement.

## Memories

[Summary]:
    ### Summary of Attempts to Solve the Shortest Superstring Problem

    The task was to find the shortest superstring that contains all strings in a given list as substrings. The initial approach involved generating all permutations of the input strings and merging them based on maximum overlaps. However, this method failed to produce the correct results, as it did not account for the optimal merging of strings across different permutations.

    Key issues identified included:
    - The merging function only considered overlaps between two strings at a time, which could lead to suboptimal results when multiple strings were involved.
    - The solution did not effectively explore the best way to concatenate strings to minimize the total length of the resulting superstring.

    In subsequent attempts, I maintained the permutation generation but focused on refining the merging logic. The merging function was designed to maximize overlaps, but it still did not yield the expected results for certain test cases, such as the input `["alex", "loves", "leetcode"]`, which should have produced "leetcode"loves"alex".

    ### Key Takeaways:
    - The problem requires a comprehensive approach to merging strings, considering overlaps more systematically.
    - A more effective solution might involve dynamic programming or a greedy algorithm that evaluates overlaps between all pairs of strings rather than relying solely on permutations.
    - Future attempts should focus on optimizing the merging process to ensure that the shortest superstring is found efficiently. 

    ### Code Snippet for Reference:
    ```python
    class Solution:
        def shortestSuperstring(self, A: list[str]) -> str:
            from itertools import permutations
        
            def merge_strings(s1, s2):
                max_overlap = 0
                for i in range(1, min(len(s1), len(s2)) + 1):
                    if s1[-i:] == s2[:i]:
                        max_overlap = i
                return s1 + s2[max_overlap:]

            shortest_string = None
        
            for perm in permutations(A):
                current_string = perm[0]
                for i in range(1, len(perm)):
                    current_string = merge_strings(current_string, perm[i])
                if shortest_string is None or len(current_string) < len(shortest_string):
                    shortest_string = current_string
        
            return shortest_string
    ```

    This summary encapsulates the core concepts, strategies attempted, and the challenges faced during the problem-solving process. Future solutions should focus on optimizing the merging strategy to ensure correctness and efficiency.
[/Summary]


[Past Memory]:

    [Task]:
        Given an array A of strings, find any smallest string that contains each string in A as a substring.
        We may assume that no string in A is substring of another string in A.
 

        Example 1:
        Input: ["alex","loves","leetcode"]
        Output: "alexlovesleetcode"
        Explanation: All permutations of "alex","loves","leetcode" would also be accepted.


        Example 2:
        Input: ["catg","ctaagt","gcta","ttca","atgcatc"]
        Output: "gctaagttcatgcatc"
 


        Note:

        1 <= A.length <= 12
        1 <= A[i].length <= 20
    [/Task]

    [Previous Critique]:
        None
    [/Previous Critique]

    [Thought Process and Code]:
        1. **Restate the problem in plain English**: 
           The task is to find the shortest string that can be formed by concatenating a given list of strings, such that each string in the list appears as a substring in the resulting string. The strings in the list are guaranteed not to be substrings of one another.

        2. **Conceptualize a solution first in plain English**: 
           To solve this problem, we can use a backtracking approach to generate all possible permutations of the strings in the list. For each permutation, we will concatenate the strings and check if the resulting string contains all the original strings as substrings. We will keep track of the shortest valid string found during this process.

        3. **Write a pseudocode solution**:
           ```
           function shortestSuperstring(A):
               initialize shortest_string as an empty string
               for each permutation of A:
                   concatenate the strings in the permutation
                   if the concatenated string is shorter than shortest_string or shortest_string is empty:
                       update shortest_string
               return shortest_string
           ```

        4. **Output the final Python 3 solution with your solution steps in comments**:
        ```python
        class Solution:
            def shortestSuperstring(self, A: list[str]) -> str:
                from itertools import permutations
        
                # Function to concatenate strings in a way that minimizes overlap
                def merge_strings(s1, s2):
                    max_overlap = 0
                    # Find maximum overlap between s1 and s2
                    for i in range(1, min(len(s1), len(s2)) + 1):
                        if s1[-i:] == s2[:i]:
                            max_overlap = i
                    return s1 + s2[max_overlap:]

                shortest_string = ""
        
                # Generate all permutations of the list A
                for perm in permutations(A):
                    # Start with the first string in the permutation
                    current_string = perm[0]
                    # Merge the rest of the strings in the permutation
                    for i in range(1, len(perm)):
                        current_string = merge_strings(current_string, perm[i])
                    # Update the shortest_string if current_string is shorter or if it's the first valid string
                    if shortest_string == "" or len(current_string) < len(shortest_string):
                        shortest_string = current_string
        
                return shortest_string
        ```
    [/Thought Process and Code]

    [Environment Feedback]:
        Note: Inputs/outputs here are automatically extracted/truncated so formatting may be a bit off.
        Tests passed:

        None

        Tests failed:
         Input: [['"alex"', '"loves"', '"leetcode"']] Expected output: "leetcode"loves"alex" # Execution output: "alex"loves"leetcode"
    [/Environment Feedback]

    [Result]:
        Failure
    [/Result]

[/Past Memory]


[Summary]:
    In solving the problem of finding the maximum number of indices that can be visited in an array based on specific jump conditions, I initially implemented a depth-first search (DFS) approach. The main challenge was ensuring that the jump validity checks were correctly implemented, particularly the conditions that required the starting index's value to be greater than the destination index's value and all intermediate values.

    The first attempts failed due to incorrect handling of the jump conditions, leading to undercounting the maximum indices visited. The use of a visited set was appropriate, but it did not account for all valid paths effectively. The solution was improved by introducing a dynamic programming (DP) array to store results of previously computed indices, which significantly reduced redundant calculations.

    The final solution involved a DFS function that checks both left and right jumps within the allowed distance `d`, ensuring that all conditions for valid jumps were met. The use of memoization with the DP array allowed for efficient computation, ultimately passing all test cases.

    Key code snippet for the final solution:
    ```python
    class Solution:
        def maxJumps(self, arr: list[int], d: int) -> int:
            n = len(arr)
            dp = [-1] * n  # To store the maximum jumps from each index
        
            def dfs(index):
                if dp[index] != -1:
                    return dp[index]  # Return already computed result
            
                max_count = 1  # Count the current index
            
                # Check jumps to the right
                for x in range(1, d + 1):
                    if index + x < n and arr[index] > arr[index + x]:
                        if all(arr[index] > arr[i] for i in range(index + 1, index + x + 1)):
                            max_count = max(max_count, 1 + dfs(index + x))
            
                # Check jumps to the left
                for x in range(1, d + 1):
                    if index - x >= 0 and arr[index] > arr[index - x]:
                        if all(arr[index] > arr[i] for i in range(index - 1, index - x - 1, -1)):
                            max_count = max(max_count, 1 + dfs(index - x))
            
                dp[index] = max_count  # Store the result
                return max_count

            max_jumps = 0
            for index in range(n):
                max_jumps = max(max_jumps, dfs(index))  # Update max jumps
            return max_jumps
    ```

    This experience reinforced the importance of carefully validating conditions in recursive algorithms and the utility of memoization in optimizing performance.
[/Summary]


INFO - [Task id] 217 [generation text] 1. **Restate the problem in plain English**: 
   We need to find the number of unique results obtained by taking the bitwise OR of all possible contiguous subarrays from a given array of non-negative integers.

2. **Conceptualize a solution first in plain English**: 
   To solve this problem, we can iterate through the array and for each starting index, compute the bitwise OR for all possible subarrays that start from that index. We will keep track of the results in a set to ensure uniqueness. The final answer will be the size of this set, which represents the number of unique results.

3. **Write a pseudocode solution**:
   ```
   function subarrayBitwiseORs(A):
       initialize an empty set to store unique results
       for each starting index i in A:
           initialize current_or to 0
           for each ending index j from i to the end of A:
               update current_or with A[j] using bitwise OR
               add current_or to the set
       return the size of the set
   ```

4. **Output the final Python 3 solution with your solution steps in comments**:
```python
class Solution:
    def subarrayBitwiseORs(self, A: list[int]) -> int:
        # Initialize a set to store unique results
        unique_results = set()
        
        # Iterate through each starting index of the subarray
        for i in range(len(A)):
            current_or = 0  # Initialize current OR for the subarray starting at index i
            
            # Iterate through each ending index of the subarray
            for j in range(i, len(A)):
                current_or |= A[j]  # Update current OR with the current element
                unique_results.add(current_or)  # Add the result to the set
        
        # Return the number of unique results
        return len(unique_results)
```
INFO - program_code:
 
class Solution:
    def subarrayBitwiseORs(self, A: list[int]) -> int:
        # Initialize a set to store unique results
        unique_results = set()
        
        # Iterate through each starting index of the subarray
        for i in range(len(A)):
            current_or = 0  # Initialize current OR for the subarray starting at index i
            
            # Iterate through each ending index of the subarray
            for j in range(i, len(A)):
                current_or |= A[j]  # Update current OR with the current element
                unique_results.add(current_or)  # Add the result to the set
        
        # Return the number of unique results
        return len(unique_results)


INFO - program_name:
 

INFO - dependencies:
 []

INFO - raw_msg:
 1. **Restate the problem in plain English**: 
   We need to find the number of unique results obtained by taking the bitwise OR of all possible contiguous subarrays from a given array of non-negative integers.

2. **Conceptualize a solution first in plain English**: 
   To solve this problem, we can iterate through the array and for each starting index, compute the bitwise OR for all possible subarrays that start from that index. We will keep track of the results in a set to ensure uniqueness. The final answer will be the size of this set, which represents the number of unique results.

3. **Write a pseudocode solution**:
   ```
   function subarrayBitwiseORs(A):
       initialize an empty set to store unique results
       for each starting index i in A:
           initialize current_or to 0
           for each ending index j from i to the end of A:
               update current_or with A[j] using bitwise OR
               add current_or to the set
       return the size of the set
   ```

4. **Output the final Python 3 solution with your solution steps in comments**:
```python
class Solution:
    def subarrayBitwiseORs(self, A: list[int]) -> int:
        # Initialize a set to store unique results
        unique_results = set()
        
        # Iterate through each starting index of the subarray
        for i in range(len(A)):
            current_or = 0  # Initialize current OR for the subarray starting at index i
            
            # Iterate through each ending index of the subarray
            for j in range(i, len(A)):
                current_or |= A[j]  # Update current OR with the current element
                unique_results.add(current_or)  # Add the result to the set
        
        # Return the number of unique results
        return len(unique_results)
```

INFO - no_parent:
 False

INFO - full code to be executed: 
 
class Solution:
    def subarrayBitwiseORs(self, A: list[int]) -> int:
        # Initialize a set to store unique results
        unique_results = set()
        
        # Iterate through each starting index of the subarray
        for i in range(len(A)):
            current_or = 0  # Initialize current OR for the subarray starting at index i
            
            # Iterate through each ending index of the subarray
            for j in range(i, len(A)):
                current_or |= A[j]  # Update current OR with the current element
                unique_results.add(current_or)  # Add the result to the set
        
        # Return the number of unique results
        return len(unique_results)


INFO - obs: Note: Inputs/outputs here are automatically extracted/truncated so formatting may be a bit off.
Tests passed:

 Input: [[0]] Output: 1

Tests failed:
None
reward: True
done: None
info: {'individual_results': [True]}
INFO - Updated entry: 
[Task]:
    We have an array A of non-negative integers.
    For every (contiguous) subarray B = [A[i], A[i+1], ..., A[j]] (with i <= j), we take the bitwise OR of all the elements in B, obtaining a result A[i] | A[i+1] | ... | A[j].
    Return the number of possible results.  (Results that occu...,

INFO - Metadata: {
    "raw_msg": "1. **Restate the problem in plain English**: \n   We need to find the number of unique results obtained by taking the bitwise OR of all possible contiguous subarrays from a given array of non-negative integers.\n\n2. **Conceptualize a solution first in plain English**: \n   To s...

INFO - LM call n parse attempt 1 / 3

INFO - [Task id] 217 [prompt] 
You are an expert programmer tasked with solving the problem below.

Follow the user's instructions to solve the problem.
The user can ask for analysis, code, or both.

## Instructions
When asked to output code,
- Make sure to wrap your code in '```python' and '```' Markdown delimiters, 
- include exactly one block of code with the entire solution
- No outside libraries are allowed. 
- Builtins are allowed.
- If the task specifies a function name to be used, follow it strictly (be case sensitive!) and declare the that function last (helper functions are declared first).
- DO NOT write any assert statements / tests.

## Problem
[BEGIN PROBLEM]
We have an array A of non-negative integers.
For every (contiguous) subarray B = [A[i], A[i+1], ..., A[j]] (with i <= j), we take the bitwise OR of all the elements in B, obtaining a result A[i] | A[i+1] | ... | A[j].
Return the number of possible results.  (Results that occur more than once are only counted once in the final answer.)
 

Example 1:
Input: [0]
Output: 1
Explanation: 
There is only one possible result: 0.


Example 2:
Input: [1,1,2]
Output: 3
Explanation: 
The possible subarrays are [1], [1], [2], [1, 1], [1, 2], [1, 1, 2].
These yield the results 1, 1, 2, 1, 3, 3.
There are 3 unique values, so the answer is 3.


Example 3:
Input: [1,2,4]
Output: 6
Explanation: 
The possible results are 1, 2, 3, 4, 6, and 7.




 
Note:

1 <= A.length <= 50000
0 <= A[i] <= 10^9

The output code needs to use the provided function signature

The final python function should begin with: 
```python

class Solution:
    def subarrayBitwiseORs(self, A: List[int]) -> int:
        
```

[END PROBLEM]

INFO - [Task id] 217 [prompt] 
## Instructions

Reason through the problem and:
1. Restate the problem in plain English
2. Conceptualize a solution first in plain English
3. Write a pseudocode solution
4. Output the final Python 3 solution with your solution steps in comments.

Make sure to wrap your code in '```python' and '```' Markdown delimiters, 
and include exactly one block of code with the entire solution.

No outside libraries are allowed.
Builtins are allowed.

INFO - [Task id] 217 [prompt] 1. **Restate the problem in plain English**: 
   We need to find the number of unique results obtained by taking the bitwise OR of all possible contiguous subarrays from a given array of non-negative integers.

2. **Conceptualize a solution first in plain English**: 
   To solve this problem, we can iterate through the array and for each starting index, compute the bitwise OR for all possible subarrays that start from that index. We will keep track of the results in a set to ensure uniqueness. The final answer will be the size of this set, which represents the number of unique results.

3. **Write a pseudocode solution**:
   ```
   function subarrayBitwiseORs(A):
       initialize an empty set to store unique results
       for each starting index i in A:
           initialize current_or to 0
           for each ending index j from i to the end of A:
               update current_or with A[j] using bitwise OR
               add current_or to the set
       return the size of the set
   ```

4. **Output the final Python 3 solution with your solution steps in comments**:
```python
class Solution:
    def subarrayBitwiseORs(self, A: list[int]) -> int:
        # Initialize a set to store unique results
        unique_results = set()
        
        # Iterate through each starting index of the subarray
        for i in range(len(A)):
            current_or = 0  # Initialize current OR for the subarray starting at index i
            
            # Iterate through each ending index of the subarray
            for j in range(i, len(A)):
                current_or |= A[j]  # Update current OR with the current element
                unique_results.add(current_or)  # Add the result to the set
        
        # Return the number of unique results
        return len(unique_results)
```
INFO - [Task id] 217 [prompt] 
[Environment Feedback]:
    Note: Inputs/outputs here are automatically extracted/truncated so formatting may be a bit off.
    Tests passed:

     Input: [[0]] Output: 1

    Tests failed:
    None
[/Environment Feedback]

INFO - [Task id] 217 [prompt] 
## Instructions
Now, summarize your attempts as a **standalone** document for your own future reference. (can skip formalities, be concise)

- Only include the most relevant information and code snippets that could be useful in the future.
- If you did not learn much from the current experience (e.g. the problem was too easy), feel free to write less or nothing at all.
- Here are some ideas if the experience was useful:
    - Identifying the core concepts and patterns that problem appears to test for
    - Describing the strategies that seemed to work but did not, and vice versa
    - Describing unexpected errors and how they were fixed

Your summary should be at most a few paragraphs.

INFO - [Task id] 217 [generation text] The problem involved calculating the number of unique results from the bitwise OR of all contiguous subarrays of a given array of non-negative integers. The approach taken was to iterate through each possible starting index of the subarrays and compute the bitwise OR for all subarrays starting from that index, storing the results in a set to ensure uniqueness.

The solution effectively utilized nested loops: the outer loop iterated through each starting index, while the inner loop calculated the bitwise OR for each subarray ending at subsequent indices. This method ensured that all possible subarrays were considered, and the use of a set allowed for easy tracking of unique results.

The final implementation was straightforward and passed the provided test cases, demonstrating that the approach was sound. The key takeaway is the importance of using a set for uniqueness in problems involving combinations or aggregations of results, as it simplifies the process of counting distinct outcomes. 

Here is the final code snippet for reference:

```python
class Solution:
    def subarrayBitwiseORs(self, A: list[int]) -> int:
        unique_results = set()
        for i in range(len(A)):
            current_or = 0
            for j in range(i, len(A)):
                current_or |= A[j]
                unique_results.add(current_or)
        return len(unique_results)
``` 

This solution is efficient for the problem constraints and effectively captures the required logic for calculating unique bitwise OR results from subarrays.
INFO - LM call n parse attempt 1 / 3

INFO - [Task id] 217 [prompt] 
You are an expert programmer tasked with solving the problem below.

Follow the user's instructions to solve the problem.
The user can ask for analysis, code, or both.

## Instructions
When asked to output code,
- Make sure to wrap your code in '```python' and '```' Markdown delimiters, 
- include exactly one block of code with the entire solution
- No outside libraries are allowed. 
- Builtins are allowed.
- If the task specifies a function name to be used, follow it strictly (be case sensitive!) and declare the that function last (helper functions are declared first).
- DO NOT write any assert statements / tests.

## Problem
[BEGIN PROBLEM]
We have an array A of non-negative integers.
For every (contiguous) subarray B = [A[i], A[i+1], ..., A[j]] (with i <= j), we take the bitwise OR of all the elements in B, obtaining a result A[i] | A[i+1] | ... | A[j].
Return the number of possible results.  (Results that occur more than once are only counted once in the final answer.)
 

Example 1:
Input: [0]
Output: 1
Explanation: 
There is only one possible result: 0.


Example 2:
Input: [1,1,2]
Output: 3
Explanation: 
The possible subarrays are [1], [1], [2], [1, 1], [1, 2], [1, 1, 2].
These yield the results 1, 1, 2, 1, 3, 3.
There are 3 unique values, so the answer is 3.


Example 3:
Input: [1,2,4]
Output: 6
Explanation: 
The possible results are 1, 2, 3, 4, 6, and 7.




 
Note:

1 <= A.length <= 50000
0 <= A[i] <= 10^9

The output code needs to use the provided function signature

The final python function should begin with: 
```python

class Solution:
    def subarrayBitwiseORs(self, A: List[int]) -> int:
        
```

[END PROBLEM]

INFO - [Task id] 217 [prompt] 
## Instructions

Reason through the problem and:
1. Restate the problem in plain English
2. Conceptualize a solution first in plain English
3. Write a pseudocode solution
4. Output the final Python 3 solution with your solution steps in comments.

Make sure to wrap your code in '```python' and '```' Markdown delimiters, 
and include exactly one block of code with the entire solution.

No outside libraries are allowed.
Builtins are allowed.

INFO - [Task id] 217 [prompt] 1. **Restate the problem in plain English**: 
   We need to find the number of unique results obtained by taking the bitwise OR of all possible contiguous subarrays from a given array of non-negative integers.

2. **Conceptualize a solution first in plain English**: 
   To solve this problem, we can iterate through the array and for each starting index, compute the bitwise OR for all possible subarrays that start from that index. We will keep track of the results in a set to ensure uniqueness. The final answer will be the size of this set, which represents the number of unique results.

3. **Write a pseudocode solution**:
   ```
   function subarrayBitwiseORs(A):
       initialize an empty set to store unique results
       for each starting index i in A:
           initialize current_or to 0
           for each ending index j from i to the end of A:
               update current_or with A[j] using bitwise OR
               add current_or to the set
       return the size of the set
   ```

4. **Output the final Python 3 solution with your solution steps in comments**:
```python
class Solution:
    def subarrayBitwiseORs(self, A: list[int]) -> int:
        # Initialize a set to store unique results
        unique_results = set()
        
        # Iterate through each starting index of the subarray
        for i in range(len(A)):
            current_or = 0  # Initialize current OR for the subarray starting at index i
            
            # Iterate through each ending index of the subarray
            for j in range(i, len(A)):
                current_or |= A[j]  # Update current OR with the current element
                unique_results.add(current_or)  # Add the result to the set
        
        # Return the number of unique results
        return len(unique_results)
```
INFO - [Task id] 217 [prompt] 
[Environment Feedback]:
    Note: Inputs/outputs here are automatically extracted/truncated so formatting may be a bit off.
    Tests passed:

     Input: [[0]] Output: 1

    Tests failed:
    None
[/Environment Feedback]

INFO - [Task id] 217 [prompt] 
Below is the official solution (do exercise discretion as official solutions can also have mistakes).

You will be reflecting on your attempts to solve the problem.
This will be a **standalone** document for your own future reference. (can skip formalities, be concise)

## Instructions
- Only include the most relevant insights and code snippets that could be useful in the future.
- If you did not learn much from the current experience (e.g. the problem was too easy / official solution was obvious), feel free to write less or nothing at all.
- Here are some ideas if the experience was useful:
    - If the official solution is insightful (e.g. better than yours in time and space complexity or more effective in breaking down the problem statement), distil the key approach of the official solution, step by step.
    - If your approach failed the test cases, reason why the official solution works but yours does not

Your reflection should be at most a few paragraphs.

## Official solution
class Solution:
    def subarrayBitwiseORs(self, A: List[int]) -> int:
        res = set()
        cur = set()
        for a in A:
            cur = {a | i for i in cur}
            cur |= {a}
            res |= cur
        return len(res)

INFO - [Task id] 217 [generation text] The official solution presents a more efficient approach to solving the problem of counting unique bitwise OR results from subarrays. Here are the key insights from the official solution:

1. **Use of Sets**: The official solution utilizes two sets: `res` to store all unique results and `cur` to keep track of the current bitwise OR results for the ongoing subarray. This is more efficient than my initial approach, which recalculated the OR for every possible subarray starting from each index.

2. **Iterative Update**: Instead of nested loops, the official solution iterates through each element in the array once. For each element `a`, it updates the `cur` set by performing a bitwise OR with all previous results stored in `cur`. This allows it to efficiently build the results without recalculating from scratch.

3. **Combining Results**: The line `cur |= {a}` ensures that the current element itself is also considered as a unique result. The final results are accumulated in `res`, which is updated with the current results.

4. **Time Complexity**: The official solution is more optimal in terms of time complexity, as it avoids the O(n^2) complexity of nested loops by leveraging the properties of sets and bitwise operations.

In summary, the official solution is more efficient and elegant, using a single pass through the array and set operations to maintain unique results. This approach minimizes redundant calculations and effectively captures all unique bitwise OR results from the subarrays.
INFO - Updated entry: The problem involved calculating the number of unique results from the bitwise OR of all contiguous subarrays of a given array of non-negative integers. The approach taken was to iterate through each possible starting index of the subarrays and compute the bitwise OR for all subarrays starting fr...,

INFO - Metadata: {
    "task_id": 217
}

INFO - Updated entry: The official solution presents a more efficient approach to solving the problem of counting unique bitwise OR results from subarrays. Here are the key insights from the official solution:

1. **Use of Sets**: The official solution utilizes two sets: `res` to store all unique results and `cur` to ...,

INFO - Metadata: {
    "task_id": 217
}

INFO - LM call n parse attempt 1 / 3

INFO - [Task id] 217 [prompt] 
You are a helpful assistant that writes a description of the given function written in the Python programming language.

1) Do not mention the function name.
2) Do not mention anything about helper functions.
3) There might be some helper functions before the main function, but you only need to describe the main function.
4) Try to summarize the function in no more than 6 sentences.
5) Your response should be a single line of text.

INFO - [Task id] 217 [prompt] 
class Solution:
    def subarrayBitwiseORs(self, A: list[int]) -> int:
        # Initialize a set to store unique results
        unique_results = set()
        
        # Iterate through each starting index of the subarray
        for i in range(len(A)):
            current_or = 0  # Initialize current OR for the subarray starting at index i
            
            # Iterate through each ending index of the subarray
            for j in range(i, len(A)):
                current_or |= A[j]  # Update current OR with the current element
                unique_results.add(current_or)  # Add the result to the set
        
        # Return the number of unique results
        return len(unique_results)

INFO - [Task id] 217 [generation text] This function calculates the number of unique bitwise OR results that can be obtained from all possible subarrays of a given list of integers. It iterates through each possible starting index of the subarrays and computes the cumulative bitwise OR for each subarray ending at subsequent indices. The results are stored in a set to ensure uniqueness. Finally, it returns the count of unique bitwise OR results. The approach efficiently handles the computation by leveraging the properties of the bitwise OR operation. Overall, it provides a comprehensive count of distinct outcomes from the subarrays.
INFO - LM call n parse attempt 1 / 3

INFO - [Task id] 217 [prompt] 
You are a helpful assistant that extracts important information from problems and solutions to aid in searchability and education.

## Instructions
- Read through the problem and solution carefully.
- Reason out, step by step, in what scenarios this knowledge would be useful.
- Focus on general patterns and situations to help connect this knowledge to new situations.
- Then, include a list of keywords that are useful for searching this problem/solution pair.

## Response format
Respond in JSON, and follow the keys and expected format of the values strictly.

The output should be formatted as a JSON instance that conforms to the JSON schema below.

As an example, for the schema {"properties": {"foo": {"title": "Foo", "description": "a list of strings", "type": "array", "items": {"type": "string"}}}, "required": ["foo"]}
the object {"foo": ["bar", "baz"]} is a well-formatted instance of the schema. The object {"properties": {"foo": ["bar", "baz"]}} is not well-formatted.

Here is the output schema:
```
{"properties": {"scenarios": {"description": "In what scenarios will this knowledge be useful? Answer in a paragraph.", "title": "Scenarios", "type": "string"}, "keywords": {"description": "List of keywords that are useful for searching this problem/solution pair", "items": {"type": "string"}, "title": "Keywords", "type": "array"}}, "required": ["scenarios", "keywords"]}
```

INFO - [Task id] 217 [prompt] 
[Problem]
    We have an array A of non-negative integers.
    For every (contiguous) subarray B = [A[i], A[i+1], ..., A[j]] (with i <= j), we take the bitwise OR of all the elements in B, obtaining a result A[i] | A[i+1] | ... | A[j].
    Return the number of possible results.  (Results that occur more than once are only counted once in the final answer.)
 

    Example 1:
    Input: [0]
    Output: 1
    Explanation: 
    There is only one possible result: 0.


    Example 2:
    Input: [1,1,2]
    Output: 3
    Explanation: 
    The possible subarrays are [1], [1], [2], [1, 1], [1, 2], [1, 1, 2].
    These yield the results 1, 1, 2, 1, 3, 3.
    There are 3 unique values, so the answer is 3.


    Example 3:
    Input: [1,2,4]
    Output: 6
    Explanation: 
    The possible results are 1, 2, 3, 4, 6, and 7.




 
    Note:

    1 <= A.length <= 50000
    0 <= A[i] <= 10^9
[/Problem]

[Solution]

    class Solution:
        def subarrayBitwiseORs(self, A: list[int]) -> int:
            # Initialize a set to store unique results
            unique_results = set()
        
            # Iterate through each starting index of the subarray
            for i in range(len(A)):
                current_or = 0  # Initialize current OR for the subarray starting at index i
            
                # Iterate through each ending index of the subarray
                for j in range(i, len(A)):
                    current_or |= A[j]  # Update current OR with the current element
                    unique_results.add(current_or)  # Add the result to the set
        
            # Return the number of unique results
            return len(unique_results)

[/Solution]

INFO - [Task id] 217 [generation text] 
INFO - {
    "scenarios": "This knowledge is useful in scenarios where one needs to analyze the properties of subarrays in an array of integers, particularly in competitive programming, algorithm design, or data analysis. It can help in understanding how bitwise operations can be applied to derive unique results from combinations of elements in an array. This can also be relevant in optimization problems where the efficiency of calculating results from subarrays is crucial, especially given the constraints of large arrays.",
    "keywords": [
        "subarray",
        "bitwise OR",
        "unique results",
        "array analysis",
        "competitive programming",
        "algorithm design",
        "data analysis",
        "combinatorial problems"
    ]
}
INFO - {
    "scenarios": "This knowledge is useful in scenarios where one needs to analyze the properties of subarrays in an array of integers, particularly in competitive programming, algorithm design, or data analysis. It can help in understanding how bitwise operations can be applied to derive unique results from combinations of elements in an array. This can also be relevant in optimization problems where the efficiency of calculating results from subarrays is crucial, especially given the constraints of large arrays.",
    "keywords": [
        "subarray",
        "bitwise OR",
        "unique results",
        "array analysis",
        "competitive programming",
        "algorithm design",
        "data analysis",
        "combinatorial problems"
    ]
}
INFO - Updated entry: 
[description]
This function calculates the number of unique bitwise OR results that can be obtained from all possible subarrays of a given list of integers. It iterates through each possible starting index of the subarrays and computes the cumulative bitwise OR for each subarray ending at subseq...,

INFO - Metadata: {
    "task": 217,
    "code": "\nclass Solution:\n    def subarrayBitwiseORs(self, A: list[int]) -> int:\n        # Initialize a set to store unique results\n        unique_results = set()\n        \n        # Iterate through each starting index of the subarray\n        for i in range(len(A)):\n...

