INFO - DB skill doc count: 0

INFO - DB non_func doc count: 27

INFO - DB semantic doc count: 429

INFO - DB summaries doc count: 35

INFO - DB reflections doc count: 35

INFO - DB episodic doc count: 68

INFO - [train iter]: 35/100 

INFO - The task prompt is Given a positive integer n and you can do operations as follow:




If n is even, replace n with n/2.
If n is odd, you can replace n with either n + 1 or n - 1.




What is the minimum number of replacements needed for n to become 1?




Example 1:

Input:
8

Output:
3

Explanation:
8 -> 4 -> 2 -...

INFO - Attempting task_id 418
INFO - LM call n parse attempt 1 / 3

INFO - [Task id] 418 [prompt] 
You are an expert programmer tasked with solving the problem below.

Follow the user's instructions to solve the problem.
The user can ask for analysis, code, or both.

## Instructions
When asked to output code,
- Make sure to wrap your code in '```python' and '```' Markdown delimiters, 
- include exactly one block of code with the entire solution
- No outside libraries are allowed. 
- Builtins are allowed.
- If the task specifies a function name to be used, follow it strictly (be case sensitive!) and declare the that function last (helper functions are declared first).
- DO NOT write any assert statements / tests.

## Problem
[BEGIN PROBLEM]
Given a positive integer n and you can do operations as follow:




If n is even, replace n with n/2.
If n is odd, you can replace n with either n + 1 or n - 1.




What is the minimum number of replacements needed for n to become 1?




Example 1:

Input:
8

Output:
3

Explanation:
8 -> 4 -> 2 -> 1



Example 2:

Input:
7

Output:
4

Explanation:
7 -> 8 -> 4 -> 2 -> 1
or
7 -> 6 -> 3 -> 2 -> 1

The output code needs to use the provided function signature

The final python function should begin with: 
```python

class Solution:
    def integerReplacement(self, n: int) -> int:
        
```

[END PROBLEM]

INFO - [Task id] 418 [prompt] 
## Instructions

Reason through the problem and:
1. Restate the problem in plain English
2. Conceptualize a solution first in plain English
3. Write a pseudocode solution
4. Output the final Python 3 solution with your solution steps in comments.

Make sure to wrap your code in '```python' and '```' Markdown delimiters, 
and include exactly one block of code with the entire solution.

No outside libraries are allowed.
Builtins are allowed.

INFO - [Task id] 418 [generation text] 1. **Restate the problem in plain English:**
   The task is to determine the minimum number of operations required to reduce a positive integer `n` to 1. The operations allowed are:
   - If `n` is even, you can divide it by 2.
   - If `n` is odd, you can either add 1 or subtract 1 from it.

2. **Conceptualize a solution first in plain English:**
   To solve this problem, we can use a recursive approach or an iterative approach. The idea is to keep reducing `n` using the allowed operations until we reach 1. If `n` is even, we simply divide it by 2. If `n` is odd, we have two choices: either add 1 or subtract 1. We will choose the operation that leads to the least number of steps to reach 1. We can use a loop or recursion to keep track of the number of operations performed.

3. **Write a pseudocode solution:**
   ```
   function integerReplacement(n):
       if n is 1:
           return 0
       if n is even:
           return 1 + integerReplacement(n / 2)
       else:
           # For odd n, we can either add 1 or subtract 1
           return 1 + min(integerReplacement(n + 1), integerReplacement(n - 1))
   ```

4. **Output the final Python 3 solution with your solution steps in comments:**
```python
class Solution:
    def integerReplacement(self, n: int) -> int:
        # Base case: if n is 1, no operations are needed
        if n == 1:
            return 0
        
        # If n is even, we can divide it by 2
        if n % 2 == 0:
            return 1 + self.integerReplacement(n // 2)
        else:
            # If n is odd, we can either add 1 or subtract 1
            return 1 + min(self.integerReplacement(n + 1), self.integerReplacement(n - 1))
```
INFO - [35m Rollout attempt 1/4[0m
INFO - [33m Retrieving 3 entries for db: episodic 
 [0m
INFO - Retrieved (score=0.4307):

[Task]:
    We have a collection of rocks, each rock has a positive integer weight.
    Each turn, we choose any two rocks and smash them together.  Suppose the stones have weights x and y with x <= y.  The result of this smash is:

    If x == y, both stones are totally destroyed;
    If x != y...


INFO - Retrieved (score=0.4388):

[Task]:
    Given a set of  N  natural numbers 1,2,3........N and Q query.For each query you have to calculate the total number of subset in which  Ith.
    number of set come at Kth postion.Elements of every subset should be in sorted order.
    The answer could  be very large so you have to pr...


INFO - Retrieved (score=0.4399):

[Task]:
    The chef is trying to solve some series problems, Chef wants your help to code it. Chef has one number N. Help the chef to find N'th number in the series.
    0, 1, 5, 14, 30, 55 …..

    -----Input:-----
    - First-line will contain $T$, the number of test cases. Then the test case...


INFO - [33m Retrieving 3 entries for db: semantic 
 [0m
INFO - Retrieved (score=0.3852):
Title: Josephus Problem
Part: 1/1
# Josephus Problem

## Statement

We are given the natural numbers $n$ and $k$.
All natural numbers from $1$ to $n$ are written in a circle. 
First, count the $k$-th number starting from the first one and delete it.
Then $k$ numbers are counted starting from the ...


INFO - Retrieved (score=0.4282):
Title: The Inclusion-Exclusion Principle
Part: 2/5
<div id="the-number-of-integer-solutions-to-the-equation"></div>
### Number of upper-bound integer sums {: #number-of-upper-bound-integer-sums }

Consider the following equation:

$$x_1 + x_2 + x_3 + x_4 + x_5 + x_6 = 20$$

where $0 \le x_i \le 8...


INFO - Retrieved (score=0.4347):
Title: The Inclusion-Exclusion Principle
Part: 3/5
```

Asymptotics of the solution is $O (\sqrt{n})$.

### The number of integers in a given interval which are multiple of at least one of the given numbers

Given $n$ numbers $a_i$ and number $r$. You want to count the number of integers in the i...


INFO - [33m Retrieving 3 entries for db: reflections 
 [0m
INFO - Retrieved (score=0.4211):
The official solution effectively simplifies the problem by leveraging arithmetic properties of multiples of 10. The key steps in the official solution are as follows:

1. **Input Handling**: It reads the number of test cases and the value of N for each case.
2. **Finding the Largest Multiple of ...


INFO - Retrieved (score=0.4577):
In my attempts to solve the problem of finding the lexicographically smallest string by moving one character, I encountered several issues primarily related to output formatting and the handling of input. My initial approach involved iterating through each character, removing it, and then reinser...


INFO - Retrieved (score=0.4732):
In reflecting on my attempts to solve the problem, I learned several key insights that could be useful for future reference:

1. **Understanding LCM and GCD**: The official solution effectively uses the relationship between the least common multiple (LCM) and the greatest common divisor (GCD) to ...


INFO - [33m Retrieving 3 entries for db: summaries 
 [0m
INFO - Retrieved (score=0.4112):
In this task, I was required to calculate the number of particles in a box at a given time `N`, starting with `X` particles at time `t=0`. The challenge was to compute the result efficiently, especially since `N` could be as large as \(10^{18}\). The key insight was recognizing that the factorial...


INFO - Retrieved (score=0.4214):
In this problem, the goal was to determine if a sequence of integers could be modified to have a sum of zero by decreasing each element by its index any number of times. The key insight was that the total sum of the sequence must be less than or equal to the maximum possible reduction, and it mus...


INFO - Retrieved (score=0.4261):
In this task, the goal was to find the N'th number in a specific series: 0, 1, 5, 14, 30, 55, ... for multiple test cases. Initially, I attempted to derive a formula for the series but mistakenly used an incorrect formula that did not correspond to the series, leading to incorrect outputs.

Upon ...


INFO - [33m Retrieving 3 entries for db: non_func 
 [0m
INFO - Retrieved (score=0.5046):

[description for function: main]
The function reads an integer input representing the number of test cases and then iterates through each test case to read an integer value. For each value, it calculates the N'th number in a specific series using a predefined formula. The result of the calculati...


INFO - Retrieved (score=0.5092):

[description]
This function calculates the minimum possible weight of the last remaining stone after performing a series of operations on a list of stones. It first computes the total weight of all stones and determines a target weight, which is half of the total. A dynamic programming array is ...


INFO - Retrieved (score=0.5389):

[description for function: can_make_good_sequence]
The function processes multiple test cases to determine if a given sequence of integers can be transformed into a "good" sequence, defined by specific criteria. For each test case, it reads the number of elements and the sequence itself, then ca...


INFO - Retrieved (score=0.3852): 
[Textbook Reference Material]:
    Title: Josephus Problem
    Part: 1/1
    # Josephus Problem

    ## Statement

    We are given the natural numbers $n$ and $k$.
    All natural numbers from $1$ to $n$ are written in a circle. 
    First, count the $k$-th number starting from the first one an...
INFO - Retrieved (score=0.4112): 
[Summary]:
    In this task, I was required to calculate the number of particles in a box at a given time `N`, starting with `X` particles at time `t=0`. The challenge was to compute the result efficiently, especially since `N` could be as large as \(10^{18}\). The key insight was recognizing th...
INFO - Retrieved (score=0.4211): 
[Reflection]:
    The official solution effectively simplifies the problem by leveraging arithmetic properties of multiples of 10. The key steps in the official solution are as follows:

    1. **Input Handling**: It reads the number of test cases and the value of N for each case.
    2. **Findi...
INFO - LM call n parse attempt 1 / 3

INFO - [Task id] 418 [prompt] 
You are an expert programmer tasked with solving the problem below.

Follow the user's instructions to solve the problem.
The user can ask for analysis, code, or both.

## Instructions
When asked to output code,
- Make sure to wrap your code in '```python' and '```' Markdown delimiters, 
- include exactly one block of code with the entire solution
- No outside libraries are allowed. 
- Builtins are allowed.
- If the task specifies a function name to be used, follow it strictly (be case sensitive!) and declare the that function last (helper functions are declared first).
- DO NOT write any assert statements / tests.

## Problem
[BEGIN PROBLEM]
Given a positive integer n and you can do operations as follow:




If n is even, replace n with n/2.
If n is odd, you can replace n with either n + 1 or n - 1.




What is the minimum number of replacements needed for n to become 1?




Example 1:

Input:
8

Output:
3

Explanation:
8 -> 4 -> 2 -> 1



Example 2:

Input:
7

Output:
4

Explanation:
7 -> 8 -> 4 -> 2 -> 1
or
7 -> 6 -> 3 -> 2 -> 1

The output code needs to use the provided function signature

The final python function should begin with: 
```python

class Solution:
    def integerReplacement(self, n: int) -> int:
        
```

[END PROBLEM]

INFO - [Task id] 418 [prompt] 
## Instructions

Reason through the problem and:
1. Restate the problem in plain English
2. Conceptualize a solution first in plain English
3. Write a pseudocode solution
4. Output the final Python 3 solution with your solution steps in comments.

Make sure to wrap your code in '```python' and '```' Markdown delimiters, 
and include exactly one block of code with the entire solution.

No outside libraries are allowed.
Builtins are allowed.

INFO - [Task id] 418 [prompt] 
Also, here are some of your memories.
Feel free to use the given information to aid your problem solving process if necessary.
Do not confuse the memories with the problem statement.

## Memories

[Textbook Reference Material]:
    Title: Josephus Problem
    Part: 1/1
    # Josephus Problem

    ## Statement

    We are given the natural numbers $n$ and $k$.
    All natural numbers from $1$ to $n$ are written in a circle. 
    First, count the $k$-th number starting from the first one and delete it.
    Then $k$ numbers are counted starting from the next one and the $k$-th one is removed again, and so on.
    The process stops when one number remains.
    It is required to find the last number.

    This task was set by **Flavius Josephus** in the 1st century (though in a somewhat narrower formulation: for $k = 2$).

    This problem can be solved by modeling the procedure.
    Brute force modeling will work $O(n^{2})$. Using a [Segment Tree](/data_structures/segment_tree.html), we can improve it to $O(n \log n)$.
    We want something better though.

    ## Modeling a $O(n)$ solution

    We will try to find a pattern expressing the answer for the problem $J_{n, k}$ through the solution of the previous problems.

    Using brute force modeling we can construct a table of values, for example, the following:

    $$\begin{array}{ccccccccccc}
    n\setminus k & 1 & 2 & 3 & 4 & 5 & 6 & 7 & 8 & 9 & 10 \\
    1 & 1 & 1 & 1 & 1 & 1 & 1 & 1 & 1 & 1 & 1 \\
    2 & 2 & 1 & 2 & 1 & 2 & 1 & 2 & 1 & 2 & 1 \\
    3 & 3 & 3 & 2 & 2 & 1 & 1 & 3 & 3 & 2 & 2 \\
    4 & 4 & 1 & 1 & 2 & 2 & 3 & 2 & 3 & 3 & 4 \\
    5 & 5 & 3 & 4 & 1 & 2 & 4 & 4 & 1 & 2 & 4 \\
    6 & 6 & 5 & 1 & 5 & 1 & 4 & 5 & 3 & 5 & 2 \\
    7 & 7 & 7 & 4 & 2 & 6 & 3 & 5 & 4 & 7 & 5 \\
    8 & 8 & 1 & 7 & 6 & 3 & 1 & 4 & 4 & 8 & 7 \\
    9 & 9 & 3 & 1 & 1 & 8 & 7 & 2 & 3 & 8 & 8 \\
    10 & 10 & 5 & 4 & 5 & 3 & 3 & 9 & 1 & 7 & 8 \\
    \end{array}$$

    And here we can clearly see the following **pattern**:

    $$J_{n,k} = \left( (J_{n-1,k} + k - 1) \bmod n \right) + 1$$

    $$J_{1,k} = 1$$

    Here, 1-indexing makes for a somewhat messy formula; if you instead number the positions from 0, you get a very elegant formula:

    $$J_{n,k} = (J_{n-1,k} + k) \bmod n$$

    So, we found a solution to the problem of Josephus, working in $O(n)$ operations.

    ## Implementation

    Simple **recursive implementation** (in 1-indexing)

    ```{.cpp file=josephus_rec}
    int josephus(int n, int k) {
        return n > 1 ? (josephus(n-1, k) + k - 1) % n + 1 : 1;
    }
    ```

    **Non-recursive form** :

    ```{.cpp file=josephus_iter}
    int josephus(int n, int k) {
        int res = 0;
        for (int i = 1; i <= n; ++i)
      	  res = (res + k) % i;
        return res + 1;
    }
    ```

    This formula can also be found analytically.
    Again here we assume 0-indexing.
    After we delete the first number, we have $n-1$ numbers left.
    When we repeat the procedure, we will start with the number that had originally the index $k \bmod n$.
    $J_{n-1, k}$ would be the answer for the remaining circle, if we start counting at $0$, but because we actually start with $k$ we have $J_{n, k} = (J_{n-1,k} + k) \ \bmod n$.

    ## Modeling a $O(k \log n)$ solution

    For relatively small $k$ we can come up with a better solution than the above recursive solution in $O(n)$.
    If $k$ is a lot smaller than $n$, then we can delete multiple numbers ($\lfloor \frac{n}{k} \rfloor$) in one run without looping over.
    Afterwards we have $n - \lfloor \frac{n}{k} \rfloor$ numbers left, and we start with the $(\lfloor \frac{n}{k} \rfloor \cdot k)$-th number.
    So we have to shift by that many.
    We can notice that $\lfloor \frac{n}{k} \rfloor \cdot k$ is simply $-n \bmod k$.
    And because we removed every $k$-th number, we have to add the number of numbers that we removed before the result index.
    Which we can compute by dividing the result index by $k - 1$.

    Also, we need to handle the case when $n$ becomes less than $k$. In this case, the above optimization would cause an infinite loop.

    **Implementation** (for convenience in 0-indexing):

    ```{.cpp file=josephus_fast0}
    int josephus(int n, int k) {
        if (n == 1)
            return 0;
        if (k == 1)
            return n-1;
        if (k > n)
            return (josephus(n-1, k) + k) % n;
        int cnt = n / k;
        int res = josephus(n - cnt, k);
        res -= n % k;
        if (res < 0)
            res += n;
        else
            res += res / (k - 1);
        return res;
    }
    ```

    Let us estimate the **complexity** of this algorithm. Immediately note that the case $n < k$ is analyzed by the old solution, which will work in this case for $O(k)$. Now consider the algorithm itself. In fact, after every iteration, instead of $n$ numbers, we are left with $n \left( 1 - \frac{1}{k} \right)$ numbers, so the total number of iterations $x$ of the algorithm can be found roughly from the following equation:

    $$ n \left(1 - \frac{1}{k} \right) ^ x = 1, $$

    on taking logarithm on both sides, we obtain:

    $$\ln n + x \ln \left(1 - \frac{1}{k} \right) = 0,$$ 
    $$x = - \frac{\ln n}{\ln \left(1 - \frac{1}{k} \right)},$$

    using the decomposition of the logarithm into Taylor series, we obtain an approximate estimate:

    $$x \approx k \ln n$$

    Thus, the complexity of the algorithm is actually $O (k \log n)$.

    ## Analytical solution for $k = 2$

    In this particular case (in which this task was set by Josephus Flavius) the problem is solved much easier.

    In the case of even $n$ we get that all even numbers will be crossed out, and then there will be a problem remaining for $\frac{n}{2}$, then the answer for $n$ will be obtained from the answer for $\frac{n}{2}$ by multiplying by two and subtracting one (by shifting positions):

    $$ J_{2n, 2} = 2 J_{n, 2} - 1 $$

    Similarly, in the case of an odd $n$, all even numbers will be crossed out, then the first number, and the problem for $\frac{n-1}{2}$ will remain, and taking into account the shift of positions, we obtain the second formula:

    $$J_{2n+1,2} = 2 J_{n, 2} + 1 $$

    We can use this recurrent dependency directly in our implementation. This pattern can be translated into another form: $J_{n, 2}$ represents a sequence of all odd numbers, "restarting" from one whenever $n$ turns out to be a power of two. This can be written as a single formula:

    $$J_{n, 2} = 1 + 2 \left(n-2^{\lfloor \log_2 n \rfloor} \right)$$

    ## Analytical solution for $k > 2$

    Despite the simple form of the problem and a large number of articles on this and related problems, a simple analytical representation of the solution of Josephus' problem has not yet been found. For small $k$, some formulas are derived, but apparently they are all difficult to apply in practice (for example, see Halbeisen, Hungerbuhler "The Josephus Problem" and Odlyzko, Wilf "Functional iteration and the Josephus problem").
[/Textbook Reference Material]


[Summary]:
    In this task, I was required to calculate the number of particles in a box at a given time `N`, starting with `X` particles at time `t=0`. The challenge was to compute the result efficiently, especially since `N` could be as large as \(10^{18}\). The key insight was recognizing that the factorial of `N` would grow rapidly, and thus, calculating it directly was impractical. Instead, I utilized modular arithmetic to keep the calculations manageable.

    The solution involved defining two main functions: one for calculating the factorial modulo \(10^6 + 3\) and another for computing the number of particles based on the factorial and the initial count `X`. A critical optimization was to return `0` if `N` was greater than or equal to \(10^6 + 3\), as the factorial would be `0` in that case.

    The final implementation successfully handled the input and output requirements, and the logic was sound, as evidenced by passing the provided test cases. The code structure was clear, with helper functions defined before the main logic, adhering to best practices in programming. 

    Key code snippets:
    ```python
    def factorial_mod(n, mod):
        result = 1
        for i in range(1, n + 1):
            result = (result * i) % mod
        return result

    def calculate_particles(N, X):
        mod = 1000003
        if N >= mod:
            return 0
        factorial_value = factorial_mod(N, mod)
        return (factorial_value * X) % mod
    ``` 

    This experience reinforced the importance of modular arithmetic in handling large numbers and the need for efficient algorithms in competitive programming contexts.
[/Summary]


[Reflection]:
    The official solution effectively simplifies the problem by leveraging arithmetic properties of multiples of 10. The key steps in the official solution are as follows:

    1. **Input Handling**: It reads the number of test cases and the value of N for each case.
    2. **Finding the Largest Multiple of 10**: Instead of calculating the sum directly, it adjusts N to the nearest lower multiple of 10 using `n -= n % 10`.
    3. **Counting Terms**: It then divides this adjusted N by 10 to find how many multiples of 10 exist up to that point.
    4. **Sum Calculation**: The sum of the first `k` multiples of 10 (where `k` is the number of terms) is calculated using the formula for the sum of the first `k` integers, scaled by 10: `n * (n + 1) / 2 * 10`.

    This approach is efficient because it reduces the problem to a few arithmetic operations rather than iterating through all multiples of 10, which is particularly beneficial given the constraints (N can be as large as 1 billion).

    In contrast, my initial solution was more verbose and involved calculating the sum through an explicit arithmetic series formula. While it was correct, the official solution is more concise and efficient, demonstrating the power of mathematical simplification in programming. 

    Overall, the official solution's approach to directly manipulating N and using arithmetic properties is a valuable insight for future problems involving sums of sequences or series.
[/Reflection]


INFO - [Task id] 418 [generation text] 1. **Restate the problem in plain English**: 
   We need to find the minimum number of operations required to reduce a positive integer `n` to `1`. The operations allowed are: if `n` is even, we can divide it by `2`, and if `n` is odd, we can either add `1` or subtract `1`.

2. **Conceptualize a solution first in plain English**: 
   The approach to solve this problem involves recursively applying the allowed operations until we reach `1`. For even numbers, the best option is to divide by `2`, as it reduces the number significantly. For odd numbers, we have two choices (add or subtract), and we should choose the operation that leads to the quickest reduction to `1`. We can use a recursive function to explore these options and keep track of the number of operations.

3. **Write a pseudocode solution**:
   ```
   function integerReplacement(n):
       if n == 1:
           return 0  // No operations needed
       if n is even:
           return 1 + integerReplacement(n / 2)  // One operation to divide by 2
       else:
           // For odd, we can either add or subtract
           return 1 + min(integerReplacement(n + 1), integerReplacement(n - 1))  // Choose the minimum operations
   ```

4. **Output the final Python 3 solution with your solution steps in comments**:
```python
class Solution:
    def integerReplacement(self, n: int) -> int:
        # Base case: if n is 1, no operations are needed
        if n == 1:
            return 0
        
        # If n is even, we can divide it by 2
        if n % 2 == 0:
            return 1 + self.integerReplacement(n // 2)
        else:
            # If n is odd, we can either add 1 or subtract 1
            return 1 + min(self.integerReplacement(n + 1), self.integerReplacement(n - 1))
```
INFO - program_code:
 
class Solution:
    def integerReplacement(self, n: int) -> int:
        # Base case: if n is 1, no operations are needed
        if n == 1:
            return 0
        
        # If n is even, we can divide it by 2
        if n % 2 == 0:
            return 1 + self.integerReplacement(n // 2)
        else:
            # If n is odd, we can either add 1 or subtract 1
            return 1 + min(self.integerReplacement(n + 1), self.integerReplacement(n - 1))


INFO - program_name:
 

INFO - dependencies:
 []

INFO - raw_msg:
 1. **Restate the problem in plain English**: 
   We need to find the minimum number of operations required to reduce a positive integer `n` to `1`. The operations allowed are: if `n` is even, we can divide it by `2`, and if `n` is odd, we can either add `1` or subtract `1`.

2. **Conceptualize a solution first in plain English**: 
   The approach to solve this problem involves recursively applying the allowed operations until we reach `1`. For even numbers, the best option is to divide by `2`, as it reduces the number significantly. For odd numbers, we have two choices (add or subtract), and we should choose the operation that leads to the quickest reduction to `1`. We can use a recursive function to explore these options and keep track of the number of operations.

3. **Write a pseudocode solution**:
   ```
   function integerReplacement(n):
       if n == 1:
           return 0  // No operations needed
       if n is even:
           return 1 + integerReplacement(n / 2)  // One operation to divide by 2
       else:
           // For odd, we can either add or subtract
           return 1 + min(integerReplacement(n + 1), integerReplacement(n - 1))  // Choose the minimum operations
   ```

4. **Output the final Python 3 solution with your solution steps in comments**:
```python
class Solution:
    def integerReplacement(self, n: int) -> int:
        # Base case: if n is 1, no operations are needed
        if n == 1:
            return 0
        
        # If n is even, we can divide it by 2
        if n % 2 == 0:
            return 1 + self.integerReplacement(n // 2)
        else:
            # If n is odd, we can either add 1 or subtract 1
            return 1 + min(self.integerReplacement(n + 1), self.integerReplacement(n - 1))
```

INFO - no_parent:
 False

INFO - full code to be executed: 
 
class Solution:
    def integerReplacement(self, n: int) -> int:
        # Base case: if n is 1, no operations are needed
        if n == 1:
            return 0
        
        # If n is even, we can divide it by 2
        if n % 2 == 0:
            return 1 + self.integerReplacement(n // 2)
        else:
            # If n is odd, we can either add 1 or subtract 1
            return 1 + min(self.integerReplacement(n + 1), self.integerReplacement(n - 1))


INFO - obs: Note: Inputs/outputs here are automatically extracted/truncated so formatting may be a bit off.
Tests passed:

 Input: [8] Output: 3

Tests failed:
None
reward: True
done: None
info: {'individual_results': [True]}
INFO - Updated entry: 
[Task]:
    Given a positive integer n and you can do operations as follow:




    If n is even, replace n with n/2.
    If n is odd, you can replace n with either n + 1 or n - 1.




    What is the minimum number of replacements needed for n to become 1?




    Example 1:

    Input:
    8

...,

INFO - Metadata: {
    "raw_msg": "1. **Restate the problem in plain English**: \n   We need to find the minimum number of operations required to reduce a positive integer `n` to `1`. The operations allowed are: if `n` is even, we can divide it by `2`, and if `n` is odd, we can either add `1` or subtract `1`.\n\n...

INFO - LM call n parse attempt 1 / 3

INFO - [Task id] 418 [prompt] 
You are an expert programmer tasked with solving the problem below.

Follow the user's instructions to solve the problem.
The user can ask for analysis, code, or both.

## Instructions
When asked to output code,
- Make sure to wrap your code in '```python' and '```' Markdown delimiters, 
- include exactly one block of code with the entire solution
- No outside libraries are allowed. 
- Builtins are allowed.
- If the task specifies a function name to be used, follow it strictly (be case sensitive!) and declare the that function last (helper functions are declared first).
- DO NOT write any assert statements / tests.

## Problem
[BEGIN PROBLEM]
Given a positive integer n and you can do operations as follow:




If n is even, replace n with n/2.
If n is odd, you can replace n with either n + 1 or n - 1.




What is the minimum number of replacements needed for n to become 1?




Example 1:

Input:
8

Output:
3

Explanation:
8 -> 4 -> 2 -> 1



Example 2:

Input:
7

Output:
4

Explanation:
7 -> 8 -> 4 -> 2 -> 1
or
7 -> 6 -> 3 -> 2 -> 1

The output code needs to use the provided function signature

The final python function should begin with: 
```python

class Solution:
    def integerReplacement(self, n: int) -> int:
        
```

[END PROBLEM]

INFO - [Task id] 418 [prompt] 
## Instructions

Reason through the problem and:
1. Restate the problem in plain English
2. Conceptualize a solution first in plain English
3. Write a pseudocode solution
4. Output the final Python 3 solution with your solution steps in comments.

Make sure to wrap your code in '```python' and '```' Markdown delimiters, 
and include exactly one block of code with the entire solution.

No outside libraries are allowed.
Builtins are allowed.

INFO - [Task id] 418 [prompt] 1. **Restate the problem in plain English**: 
   We need to find the minimum number of operations required to reduce a positive integer `n` to `1`. The operations allowed are: if `n` is even, we can divide it by `2`, and if `n` is odd, we can either add `1` or subtract `1`.

2. **Conceptualize a solution first in plain English**: 
   The approach to solve this problem involves recursively applying the allowed operations until we reach `1`. For even numbers, the best option is to divide by `2`, as it reduces the number significantly. For odd numbers, we have two choices (add or subtract), and we should choose the operation that leads to the quickest reduction to `1`. We can use a recursive function to explore these options and keep track of the number of operations.

3. **Write a pseudocode solution**:
   ```
   function integerReplacement(n):
       if n == 1:
           return 0  // No operations needed
       if n is even:
           return 1 + integerReplacement(n / 2)  // One operation to divide by 2
       else:
           // For odd, we can either add or subtract
           return 1 + min(integerReplacement(n + 1), integerReplacement(n - 1))  // Choose the minimum operations
   ```

4. **Output the final Python 3 solution with your solution steps in comments**:
```python
class Solution:
    def integerReplacement(self, n: int) -> int:
        # Base case: if n is 1, no operations are needed
        if n == 1:
            return 0
        
        # If n is even, we can divide it by 2
        if n % 2 == 0:
            return 1 + self.integerReplacement(n // 2)
        else:
            # If n is odd, we can either add 1 or subtract 1
            return 1 + min(self.integerReplacement(n + 1), self.integerReplacement(n - 1))
```
INFO - [Task id] 418 [prompt] 
[Environment Feedback]:
    Note: Inputs/outputs here are automatically extracted/truncated so formatting may be a bit off.
    Tests passed:

     Input: [8] Output: 3

    Tests failed:
    None
[/Environment Feedback]

INFO - [Task id] 418 [prompt] 
## Instructions
Now, summarize your attempts as a **standalone** document for your own future reference. (can skip formalities, be concise)

- Only include the most relevant information and code snippets that could be useful in the future.
- If you did not learn much from the current experience (e.g. the problem was too easy), feel free to write less or nothing at all.
- Here are some ideas if the experience was useful:
    - Identifying the core concepts and patterns that problem appears to test for
    - Describing the strategies that seemed to work but did not, and vice versa
    - Describing unexpected errors and how they were fixed

Your summary should be at most a few paragraphs.

INFO - [Task id] 418 [generation text] In this task, the goal was to determine the minimum number of operations required to reduce a positive integer `n` to `1` using specific rules for even and odd numbers. The core concepts involved understanding how to efficiently navigate through the operations based on the parity of `n`. 

The solution utilized a recursive approach, where for even numbers, the optimal operation was to divide by `2`, and for odd numbers, the choice was between adding `1` or subtracting `1`. This led to a straightforward implementation that effectively handled the problem.

The final implementation was as follows:

```python
class Solution:
    def integerReplacement(self, n: int) -> int:
        if n == 1:
            return 0
        if n % 2 == 0:
            return 1 + self.integerReplacement(n // 2)
        else:
            return 1 + min(self.integerReplacement(n + 1), self.integerReplacement(n - 1))
```

This solution passed all test cases, demonstrating that the recursive strategy was effective. No unexpected errors were encountered, and the approach was efficient for the problem's requirements. Future considerations could include optimizing the recursive calls with memoization to avoid redundant calculations, especially for larger values of `n`.
INFO - LM call n parse attempt 1 / 3

INFO - [Task id] 418 [prompt] 
You are an expert programmer tasked with solving the problem below.

Follow the user's instructions to solve the problem.
The user can ask for analysis, code, or both.

## Instructions
When asked to output code,
- Make sure to wrap your code in '```python' and '```' Markdown delimiters, 
- include exactly one block of code with the entire solution
- No outside libraries are allowed. 
- Builtins are allowed.
- If the task specifies a function name to be used, follow it strictly (be case sensitive!) and declare the that function last (helper functions are declared first).
- DO NOT write any assert statements / tests.

## Problem
[BEGIN PROBLEM]
Given a positive integer n and you can do operations as follow:




If n is even, replace n with n/2.
If n is odd, you can replace n with either n + 1 or n - 1.




What is the minimum number of replacements needed for n to become 1?




Example 1:

Input:
8

Output:
3

Explanation:
8 -> 4 -> 2 -> 1



Example 2:

Input:
7

Output:
4

Explanation:
7 -> 8 -> 4 -> 2 -> 1
or
7 -> 6 -> 3 -> 2 -> 1

The output code needs to use the provided function signature

The final python function should begin with: 
```python

class Solution:
    def integerReplacement(self, n: int) -> int:
        
```

[END PROBLEM]

INFO - [Task id] 418 [prompt] 
## Instructions

Reason through the problem and:
1. Restate the problem in plain English
2. Conceptualize a solution first in plain English
3. Write a pseudocode solution
4. Output the final Python 3 solution with your solution steps in comments.

Make sure to wrap your code in '```python' and '```' Markdown delimiters, 
and include exactly one block of code with the entire solution.

No outside libraries are allowed.
Builtins are allowed.

INFO - [Task id] 418 [prompt] 1. **Restate the problem in plain English**: 
   We need to find the minimum number of operations required to reduce a positive integer `n` to `1`. The operations allowed are: if `n` is even, we can divide it by `2`, and if `n` is odd, we can either add `1` or subtract `1`.

2. **Conceptualize a solution first in plain English**: 
   The approach to solve this problem involves recursively applying the allowed operations until we reach `1`. For even numbers, the best option is to divide by `2`, as it reduces the number significantly. For odd numbers, we have two choices (add or subtract), and we should choose the operation that leads to the quickest reduction to `1`. We can use a recursive function to explore these options and keep track of the number of operations.

3. **Write a pseudocode solution**:
   ```
   function integerReplacement(n):
       if n == 1:
           return 0  // No operations needed
       if n is even:
           return 1 + integerReplacement(n / 2)  // One operation to divide by 2
       else:
           // For odd, we can either add or subtract
           return 1 + min(integerReplacement(n + 1), integerReplacement(n - 1))  // Choose the minimum operations
   ```

4. **Output the final Python 3 solution with your solution steps in comments**:
```python
class Solution:
    def integerReplacement(self, n: int) -> int:
        # Base case: if n is 1, no operations are needed
        if n == 1:
            return 0
        
        # If n is even, we can divide it by 2
        if n % 2 == 0:
            return 1 + self.integerReplacement(n // 2)
        else:
            # If n is odd, we can either add 1 or subtract 1
            return 1 + min(self.integerReplacement(n + 1), self.integerReplacement(n - 1))
```
INFO - [Task id] 418 [prompt] 
[Environment Feedback]:
    Note: Inputs/outputs here are automatically extracted/truncated so formatting may be a bit off.
    Tests passed:

     Input: [8] Output: 3

    Tests failed:
    None
[/Environment Feedback]

INFO - [Task id] 418 [prompt] 
Below is the official solution (do exercise discretion as official solutions can also have mistakes).

You will be reflecting on your attempts to solve the problem.
This will be a **standalone** document for your own future reference. (can skip formalities, be concise)

## Instructions
- Only include the most relevant insights and code snippets that could be useful in the future.
- If you did not learn much from the current experience (e.g. the problem was too easy / official solution was obvious), feel free to write less or nothing at all.
- Here are some ideas if the experience was useful:
    - If the official solution is insightful (e.g. better than yours in time and space complexity or more effective in breaking down the problem statement), distil the key approach of the official solution, step by step.
    - If your approach failed the test cases, reason why the official solution works but yours does not

Your reflection should be at most a few paragraphs.

## Official solution
class Solution:
     def integerReplacement(self, n):
         """
         :type n: int
         :rtype: int
         """
         '''
         if n == 1:
             return 0
         if not (n & 1):
             return self.integerReplacement(n//2) + 1
         return min(self.integerReplacement(n+1), self.integerReplacement(n-1)) + 1
         '''
         ans = 0
         while n > 1:
             if n % 2 == 0:
                 n = n // 2
             elif n % 4 == 1 or n == 3:
                 n -= 1
             else:
                 n += 1
             ans += 1
         return ans


INFO - [Task id] 418 [generation text] The official solution provides a more efficient approach to solving the problem of reducing a positive integer `n` to `1` through a series of operations. While my initial recursive solution was conceptually sound, it could lead to excessive function calls and potential stack overflow for larger values of `n`. The official solution, on the other hand, employs an iterative approach, which is generally more efficient in terms of both time and space complexity.

Key insights from the official solution include:

1. **Iterative Approach**: Instead of using recursion, the official solution uses a while loop to continuously modify `n` until it reaches `1`. This avoids the overhead of recursive function calls and stack management.

2. **Handling Odd Numbers**: The official solution has a more nuanced approach to handling odd numbers. It checks if `n` is `3` or if `n % 4 == 1`, in which case it decrements `n`. This is because reducing `3` to `2` is optimal, and for numbers like `5`, incrementing to `6` (which is even) allows for faster reduction.

3. **Efficiency**: The iterative method reduces the number of operations significantly compared to the recursive method, especially for larger values of `n`. The official solution effectively minimizes the number of operations by strategically choosing when to increment or decrement based on the properties of `n`.

Overall, the official solution is a more optimal and practical approach to the problem, demonstrating the importance of considering both iterative and recursive strategies when solving algorithmic challenges.
INFO - Updated entry: In this task, the goal was to determine the minimum number of operations required to reduce a positive integer `n` to `1` using specific rules for even and odd numbers. The core concepts involved understanding how to efficiently navigate through the operations based on the parity of `n`. 

The so...,

INFO - Metadata: {
    "task_id": 418
}

INFO - Updated entry: The official solution provides a more efficient approach to solving the problem of reducing a positive integer `n` to `1` through a series of operations. While my initial recursive solution was conceptually sound, it could lead to excessive function calls and potential stack overflow for larger v...,

INFO - Metadata: {
    "task_id": 418
}

INFO - LM call n parse attempt 1 / 3

INFO - [Task id] 418 [prompt] 
You are a helpful assistant that writes a description of the given function written in the Python programming language.

1) Do not mention the function name.
2) Do not mention anything about helper functions.
3) There might be some helper functions before the main function, but you only need to describe the main function.
4) Try to summarize the function in no more than 6 sentences.
5) Your response should be a single line of text.

INFO - [Task id] 418 [prompt] 
class Solution:
    def integerReplacement(self, n: int) -> int:
        # Base case: if n is 1, no operations are needed
        if n == 1:
            return 0
        
        # If n is even, we can divide it by 2
        if n % 2 == 0:
            return 1 + self.integerReplacement(n // 2)
        else:
            # If n is odd, we can either add 1 or subtract 1
            return 1 + min(self.integerReplacement(n + 1), self.integerReplacement(n - 1))

INFO - [Task id] 418 [generation text] This function calculates the minimum number of operations required to reduce a given integer to 1, where the allowed operations are dividing by 2 if the number is even, or adding or subtracting 1 if the number is odd. It uses a recursive approach to explore the possible operations, returning 0 when the input is 1, indicating no further operations are needed. For even numbers, it simply divides by 2 and counts the operation. For odd numbers, it evaluates both adding and subtracting 1, choosing the option that results in fewer total operations. The function effectively employs a depth-first search strategy to find the optimal path to reach 1. Overall, it aims to minimize the number of steps taken to achieve the desired result.
INFO - LM call n parse attempt 1 / 3

INFO - [Task id] 418 [prompt] 
You are a helpful assistant that extracts important information from problems and solutions to aid in searchability and education.

## Instructions
- Read through the problem and solution carefully.
- Reason out, step by step, in what scenarios this knowledge would be useful.
- Focus on general patterns and situations to help connect this knowledge to new situations.
- Then, include a list of keywords that are useful for searching this problem/solution pair.

## Response format
Respond in JSON, and follow the keys and expected format of the values strictly.

The output should be formatted as a JSON instance that conforms to the JSON schema below.

As an example, for the schema {"properties": {"foo": {"title": "Foo", "description": "a list of strings", "type": "array", "items": {"type": "string"}}}, "required": ["foo"]}
the object {"foo": ["bar", "baz"]} is a well-formatted instance of the schema. The object {"properties": {"foo": ["bar", "baz"]}} is not well-formatted.

Here is the output schema:
```
{"properties": {"scenarios": {"description": "In what scenarios will this knowledge be useful? Answer in a paragraph.", "title": "Scenarios", "type": "string"}, "keywords": {"description": "List of keywords that are useful for searching this problem/solution pair", "items": {"type": "string"}, "title": "Keywords", "type": "array"}}, "required": ["scenarios", "keywords"]}
```

INFO - [Task id] 418 [prompt] 
[Problem]
    Given a positive integer n and you can do operations as follow:




    If n is even, replace n with n/2.
    If n is odd, you can replace n with either n + 1 or n - 1.




    What is the minimum number of replacements needed for n to become 1?




    Example 1:

    Input:
    8

    Output:
    3

    Explanation:
    8 -> 4 -> 2 -> 1



    Example 2:

    Input:
    7

    Output:
    4

    Explanation:
    7 -> 8 -> 4 -> 2 -> 1
    or
    7 -> 6 -> 3 -> 2 -> 1
[/Problem]

[Solution]

    class Solution:
        def integerReplacement(self, n: int) -> int:
            # Base case: if n is 1, no operations are needed
            if n == 1:
                return 0
        
            # If n is even, we can divide it by 2
            if n % 2 == 0:
                return 1 + self.integerReplacement(n // 2)
            else:
                # If n is odd, we can either add 1 or subtract 1
                return 1 + min(self.integerReplacement(n + 1), self.integerReplacement(n - 1))

[/Solution]

INFO - [Task id] 418 [generation text] 
INFO - {
    "scenarios": "This knowledge is useful in scenarios where one needs to optimize operations on integers, particularly in algorithm design and competitive programming. It can be applied in problems involving number transformations, dynamic programming, or recursive problem-solving techniques. Understanding how to minimize operations to reach a target value is a common challenge in coding interviews and algorithm competitions.",
    "keywords": [
        "integer replacement",
        "minimum operations",
        "even odd transformation",
        "recursive algorithm",
        "dynamic programming",
        "coding interview",
        "algorithm optimization"
    ]
}
INFO - {
    "scenarios": "This knowledge is useful in scenarios where one needs to optimize operations on integers, particularly in algorithm design and competitive programming. It can be applied in problems involving number transformations, dynamic programming, or recursive problem-solving techniques. Understanding how to minimize operations to reach a target value is a common challenge in coding interviews and algorithm competitions.",
    "keywords": [
        "integer replacement",
        "minimum operations",
        "even odd transformation",
        "recursive algorithm",
        "dynamic programming",
        "coding interview",
        "algorithm optimization"
    ]
}
INFO - Updated entry: 
[description]
This function calculates the minimum number of operations required to reduce a given integer to 1, where the allowed operations are dividing by 2 if the number is even, or adding or subtracting 1 if the number is odd. It uses a recursive approach to explore the possible operations,...,

INFO - Metadata: {
    "task": 418,
    "code": "\nclass Solution:\n    def integerReplacement(self, n: int) -> int:\n        # Base case: if n is 1, no operations are needed\n        if n == 1:\n            return 0\n        \n        # If n is even, we can divide it by 2\n        if n % 2 == 0:\n            ret...

