INFO - DB skill doc count: 0

INFO - DB non_func doc count: 69

INFO - DB semantic doc count: 429

INFO - DB summaries doc count: 91

INFO - DB reflections doc count: 91

INFO - DB episodic doc count: 170

INFO - [train iter]: 91/100 

INFO - The task prompt is There is crazy man named P29892P. He always tries to do crazy things as he thinks. One day he invented a machine and named it as ANGEN. The ANGEN is used to perform range operations. The range operation means performing operations on range values from {L..R}. At any time it performs operations on...

INFO - Attempting task_id 692
INFO - LM call n parse attempt 1 / 3

INFO - [Task id] 692 [prompt] 
You are an expert programmer tasked with solving the problem below.

Follow the user's instructions to solve the problem.
The user can ask for analysis, code, or both.

## Instructions
When asked to output code,
- Make sure to wrap your code in '```python' and '```' Markdown delimiters, 
- include exactly one block of code with the entire solution
- No outside libraries are allowed. 
- Builtins are allowed.
- If the task specifies a function name to be used, follow it strictly (be case sensitive!) and declare the that function last (helper functions are declared first).
- DO NOT write any assert statements / tests.

## Problem
[BEGIN PROBLEM]
There is crazy man named P29892P. He always tries to do crazy things as he thinks. One day he invented a machine and named it as ANGEN. The ANGEN is used to perform range operations. The range operation means performing operations on range values from {L..R}. At any time it performs operations on values in between L to R.
ANGEN can perform following operations
U I V - Update the value present at I  with value V
A L R - Find the sum between range L and R
M L R - Find the maximum number between L and R
m L R - Find the minimum number between L and R
S L R - Find second maximum value in between L and R
s L R - Find second mimimum value in between L and R
If it is not possible perform operation ANGEN returns “NA” with out quotes.
For Invalid operations ANGEN returns “!!!” with out quotes.
Now P29892P challenging his friends and you too, to build his invention with yourown code. So it's your time to defeat P29892P by implementing his invention with your own ability. Let's go and solve the problem.

-----Input-----
Input description.
- The first line of the input contains an integer N denoting the number of integers. 
- The next line contains N space separated integers."
- The next line contains a single integer Q denoting the number of Questions.
-  The next Q lines contains T Question type , L and R.

-----Output-----
Print output for each question in separate line.

-----Constraints-----
Should contain all the constraints on the input data that you may have. Format it like:
- 1 ≤ N ≤ 100000
- 1 ≤ values[i] ≤ 1000000000
- 1 ≤ Q ≤ 10000
- T in { A..Z, a..z }
- 1 ≤ L ≤ R ≤ N

-----Example-----
Input:
6
1 2 5 3 10 6
6
A 1 5
M 1 3
m 5 6
s 3 6
U 1 7
S 1 2

Output:
21
5
6
5
2

-----Explanation-----
...

The output code needs to read from and write to standard IO


[END PROBLEM]

INFO - [Task id] 692 [prompt] 
## Instructions

Reason through the problem and:
1. Restate the problem in plain English
2. Conceptualize a solution first in plain English
3. Write a pseudocode solution
4. Output the final Python 3 solution with your solution steps in comments.

Make sure to wrap your code in '```python' and '```' Markdown delimiters, 
and include exactly one block of code with the entire solution.

No outside libraries are allowed.
Builtins are allowed.

INFO - [Task id] 692 [generation text] 1. **Restate the problem in plain English:**
   We need to create a system called ANGEN that can perform various operations on a list of integers. The operations include updating a specific index with a new value, finding the sum of a range of values, finding the maximum or minimum value in a range, and finding the second maximum or second minimum value in a range. If an operation cannot be performed, we should return "NA", and for invalid operations, we should return "!!!".

2. **Conceptualize a solution first in plain English:**
   - We will start by reading the number of integers and the integers themselves into a list.
   - We will then read the number of queries and process each query based on its type.
   - For update operations, we will directly modify the list.
   - For sum, maximum, and minimum operations, we will compute the required values by iterating through the specified range.
   - For second maximum and second minimum operations, we will collect unique values from the range, sort them, and retrieve the second largest or second smallest.
   - We will handle invalid queries and out-of-bounds access appropriately.

3. **Write a pseudocode solution:**
   ```
   function main():
       read N
       read list of integers
       read Q
       for each query in Q:
           parse query type T, L, R
           if T is 'U':
               update list at index L-1 with R
           else if T is 'A':
               calculate sum from index L-1 to R-1
           else if T is 'M':
               find maximum from index L-1 to R-1
           else if T is 'm':
               find minimum from index L-1 to R-1
           else if T is 'S':
               find second maximum from index L-1 to R-1
           else if T is 's':
               find second minimum from index L-1 to R-1
           else:
               print "!!!"
   ```

4. **Output the final Python 3 solution with your solution steps in comments:**
```python
def main():
    import sys
    input = sys.stdin.read
    data = input().splitlines()
    
    # Read number of integers
    N = int(data[0])
    # Read the list of integers
    values = list(map(int, data[1].split()))
    # Read number of queries
    Q = int(data[2])
    
    results = []
    
    for i in range(3, 3 + Q):
        query = data[i].split()
        T = query[0]
        L = int(query[1]) - 1  # Convert to 0-based index
        R = int(query[2]) - 1  # Convert to 0-based index
        
        if T == 'U':
            if 0 <= L < N:
                values[L] = R + 1  # Update value at index L with R
            else:
                results.append("!!!")
        
        elif T == 'A':
            if 0 <= L <= R < N:
                results.append(str(sum(values[L:R + 1])))
            else:
                results.append("!!!")
        
        elif T == 'M':
            if 0 <= L <= R < N:
                results.append(str(max(values[L:R + 1])))
            else:
                results.append("!!!")
        
        elif T == 'm':
            if 0 <= L <= R < N:
                results.append(str(min(values[L:R + 1])))
            else:
                results.append("!!!")
        
        elif T == 'S':
            if 0 <= L <= R < N:
                unique_values = sorted(set(values[L:R + 1]), reverse=True)
                if len(unique_values) > 1:
                    results.append(str(unique_values[1]))  # Second maximum
                else:
                    results.append("NA")
            else:
                results.append("!!!")
        
        elif T == 's':
            if 0 <= L <= R < N:
                unique_values = sorted(set(values[L:R + 1]))
                if len(unique_values) > 1:
                    results.append(str(unique_values[1]))  # Second minimum
                else:
                    results.append("NA")
            else:
                results.append("!!!")
        
        else:
            results.append("!!!")
    
    # Print all results for the queries
    print("\n".join(results))

```
INFO - [35m Rollout attempt 1/4[0m
INFO - [33m Retrieving 1 entries for db: episodic 
 [0m
INFO - Retrieved (score=0.3472):

[Task]:
    Nexus 4.O is going to be organized by ASME, GLA University. Shubhanshu, Head of Finance Team is working for it. He has $N$ number of bills of different values as $a$$1$,$ a$$2$, $a$$3$…$a$$n$.
    He is interested in a game in which one has to do the addition of the bills. But due to...


INFO - [33m Retrieving 1 entries for db: semantic 
 [0m
INFO - Retrieved (score=0.4313):
Title: Search the subarray with the maximum/minimum sum
Part: 2/2
```

## Related tasks

### Finding the maximum/minimum subarray with constraints

If the problem condition imposes additional restrictions on the required segment $[l, r]$ (for example, that the length $r-l+1$ of the segment must b...


INFO - [33m Retrieving 1 entries for db: reflections 
 [0m
INFO - Retrieved (score=0.3548):
In this exercise, I learned the importance of integrating input/output handling with the core logic of the solution. My initial implementation focused solely on the function to calculate the maximum number of chocolates Anushka could buy, neglecting to include the necessary code to read inputs an...


INFO - [33m Retrieving 1 entries for db: summaries 
 [0m
INFO - Retrieved (score=0.3528):
In this task, the goal was to compute the mean of maximum scores for students after they solve a series of questions with varying complexities. Each student starts with a score of 10, and their score is multiplied by the complexity of the question if they fall within a specified roll number range...


INFO - [33m Retrieving 1 entries for db: non_func 
 [0m
INFO - Retrieved (score=0.4352):

[description for function: solve]
This function processes multiple test cases where it reads a list of bills and answers several queries about the sum of specific ranges within that list. It first constructs a prefix sum array to efficiently calculate the sum of elements between any two indices....


INFO - Retrieved (score=0.3472): 
[Past Memory]:

    [Task]:
        Nexus 4.O is going to be organized by ASME, GLA University. Shubhanshu, Head of Finance Team is working for it. He has $N$ number of bills of different values as $a$$1$,$ a$$2$, $a$$3$…$a$$n$.
        He is interested in a game in which one has to do the addit...
INFO - LM call n parse attempt 1 / 3

INFO - [Task id] 692 [prompt] 
You are an expert programmer tasked with solving the problem below.

Follow the user's instructions to solve the problem.
The user can ask for analysis, code, or both.

## Instructions
When asked to output code,
- Make sure to wrap your code in '```python' and '```' Markdown delimiters, 
- include exactly one block of code with the entire solution
- No outside libraries are allowed. 
- Builtins are allowed.
- If the task specifies a function name to be used, follow it strictly (be case sensitive!) and declare the that function last (helper functions are declared first).
- DO NOT write any assert statements / tests.

## Problem
[BEGIN PROBLEM]
There is crazy man named P29892P. He always tries to do crazy things as he thinks. One day he invented a machine and named it as ANGEN. The ANGEN is used to perform range operations. The range operation means performing operations on range values from {L..R}. At any time it performs operations on values in between L to R.
ANGEN can perform following operations
U I V - Update the value present at I  with value V
A L R - Find the sum between range L and R
M L R - Find the maximum number between L and R
m L R - Find the minimum number between L and R
S L R - Find second maximum value in between L and R
s L R - Find second mimimum value in between L and R
If it is not possible perform operation ANGEN returns “NA” with out quotes.
For Invalid operations ANGEN returns “!!!” with out quotes.
Now P29892P challenging his friends and you too, to build his invention with yourown code. So it's your time to defeat P29892P by implementing his invention with your own ability. Let's go and solve the problem.

-----Input-----
Input description.
- The first line of the input contains an integer N denoting the number of integers. 
- The next line contains N space separated integers."
- The next line contains a single integer Q denoting the number of Questions.
-  The next Q lines contains T Question type , L and R.

-----Output-----
Print output for each question in separate line.

-----Constraints-----
Should contain all the constraints on the input data that you may have. Format it like:
- 1 ≤ N ≤ 100000
- 1 ≤ values[i] ≤ 1000000000
- 1 ≤ Q ≤ 10000
- T in { A..Z, a..z }
- 1 ≤ L ≤ R ≤ N

-----Example-----
Input:
6
1 2 5 3 10 6
6
A 1 5
M 1 3
m 5 6
s 3 6
U 1 7
S 1 2

Output:
21
5
6
5
2

-----Explanation-----
...

The output code needs to read from and write to standard IO


[END PROBLEM]

INFO - [Task id] 692 [prompt] 
## Instructions

Reason through the problem and:
1. Restate the problem in plain English
2. Conceptualize a solution first in plain English
3. Write a pseudocode solution
4. Output the final Python 3 solution with your solution steps in comments.

Make sure to wrap your code in '```python' and '```' Markdown delimiters, 
and include exactly one block of code with the entire solution.

No outside libraries are allowed.
Builtins are allowed.

INFO - [Task id] 692 [prompt] 
Also, here are some of your memories.
Feel free to use the given information to aid your problem solving process if necessary.
Do not confuse the memories with the problem statement.

## Memories

[Past Memory]:

    [Task]:
        Nexus 4.O is going to be organized by ASME, GLA University. Shubhanshu, Head of Finance Team is working for it. He has $N$ number of bills of different values as $a$$1$,$ a$$2$, $a$$3$…$a$$n$.
        He is interested in a game in which one has to do the addition of the bills. But due to privacy concerns, he cannot share the details with others. 
        He can only trust his best friend Avani with such a confidential thing. So, he asked her to play this game.
        Rules of the game :
        - Avani needs to answer $Q$ queries.
        - Every $Q$$i$ query has 2 values $X$$i$ and $Y$$i$.
        - Avani needs to find the sum of the values between $X$$i$ and $Y$$i$ (inclusive).
        So, you need to help Avani in answering the $Q$ queries

        -----Input:-----
        - First line will contain $T$, number of testcases. Then the testcases follow. 
        - The first line of each test case contains the value $N$ and $Q$.
        - The second line of each test case contains the $N$ space-separated values as $a$$1$,$ a$$2$, $a$$3$…$a$$n$.
        - The next line of each test case containing $Q$ query with $X$$i$ and $Y$$i$.

        -----Output:-----
        For each test case, Print the total amount between $X$$i$ and $Y$$i$ for $Q$ number of queries.

        -----Constraints-----
        - $1 \leq T \leq 100$
        - $1 \leq N \leq 10^5$
        - $1 \leq Q \leq 10^5$
        - $1 \leq a$$i$$ \leq 10^9$

        -----Subtasks (25 points) :-----
        - $1 \leq N \leq 10^2$.
        - $1 \leq Q \leq 10^2$.
        - $1 \leq a$$i$$ \leq 10^5$.

        -----Subtasks (25 points) :-----
        - $1 \leq N \leq 10^3$.
        - $1 \leq Q \leq 10^3$.
        - $1 \leq a$$i$$ \leq 10^5$.

        -----Subtasks (50 points) :-----
        - $Original  Constraints$.

        -----Sample Input:-----
        1
        8 3
        1 2 3 4 5 6 7 8
        2 3
        1 6
        5 8

        -----Sample Output:-----
        5
        21
        26

        -----EXPLANATION:-----
        $Q$$1$ : (2,3) 2+3=5
        $Q$$2$ : (1,6) 1+2+3+4+5+6=21
        $Q$$3$ : (5,8) 5+6+7+8=26
    [/Task]

    [Previous Critique]:
        None
    [/Previous Critique]

    [Thought Process and Code]:
        1. **Restate the problem in plain English:**
           The problem involves calculating the sum of values from a list of bills for multiple queries. Each query specifies a range of indices, and we need to return the sum of the values in that range for each query. We have multiple test cases to handle.

        2. **Conceptualize a solution first in plain English:**
           To efficiently answer the sum queries, we can use a prefix sum array. The prefix sum array allows us to compute the sum of any subarray in constant time after an initial linear time preprocessing step. The steps are as follows:
           - Read the number of test cases.
           - For each test case, read the number of bills and the number of queries.
           - Construct a prefix sum array where each element at index `i` contains the sum of the bills from the start up to index `i`.
           - For each query, use the prefix sum array to quickly calculate the sum between the specified indices.

        3. **Write a pseudocode solution:**
           ```
           function solve():
               read T  // number of test cases
               for each test case from 1 to T:
                   read N, Q  // number of bills and number of queries
                   read array a of size N
                   initialize prefix_sum array of size N+1
                   prefix_sum[0] = 0
                   for i from 1 to N:
                       prefix_sum[i] = prefix_sum[i-1] + a[i-1]
                   for each query from 1 to Q:
                       read X, Y  // indices for the query
                       sum = prefix_sum[Y] - prefix_sum[X-1]
                       print sum
           ```

        4. **Output the final Python 3 solution with your solution steps in comments:**
        ```python
        def solve():
            # Read the number of test cases
            T = int(input())
            for _ in range(T):
                # Read N (number of bills) and Q (number of queries)
                N, Q = map(int, input().split())
                # Read the list of bills
                a = list(map(int, input().split()))
        
                # Create a prefix sum array
                prefix_sum = [0] * (N + 1)
        
                # Fill the prefix sum array
                for i in range(1, N + 1):
                    prefix_sum[i] = prefix_sum[i - 1] + a[i - 1]
        
                # Process each query
                for __ in range(Q):
                    X, Y = map(int, input().split())
                    # Calculate the sum from index X to Y
                    total_sum = prefix_sum[Y] - prefix_sum[X - 1]
                    # Print the result for the current query
                    print(total_sum)

        # Call the solve function to execute the program
        solve()
        ```
    [/Thought Process and Code]

    [Environment Feedback]:
        Note: Inputs/outputs here are automatically extracted/truncated so formatting may be a bit off.
        Tests passed:

         Input: ['1', '8 3', '1 2 3 4 5 6 7 8', '2 3', '1 6', '5 8'] Output: 5
        21
        26

        Tests failed:
        None
    [/Environment Feedback]

    [Result]:
        Success
    [/Result]

[/Past Memory]


INFO - [Task id] 692 [generation text] 1. **Restate the problem in plain English:**
   The problem involves creating a system called ANGEN that can perform various operations on a list of integers. The operations include updating a specific index with a new value, finding the sum of values in a specified range, and determining the maximum, minimum, second maximum, and second minimum values in a specified range. If an operation cannot be performed, the system should return "NA" or "!!!" for invalid operations.

2. **Conceptualize a solution first in plain English:**
   To solve this problem, we will maintain a list of integers and implement the required operations. We will:
   - Read the initial list of integers.
   - For each query, determine the type of operation to perform.
   - Implement helper functions to handle each operation, ensuring to check for valid ranges and conditions.
   - Return the appropriate results for each operation.

3. **Write a pseudocode solution:**
   ```
   function ANGEN():
       read N  // number of integers
       read array values of size N
       read Q  // number of queries
       for each query from 1 to Q:
           read operation T, L, R
           if T is 'U':
               update values[L-1] to R
           else if T is 'A':
               calculate sum from values[L-1] to values[R-1]
           else if T is 'M':
               find maximum from values[L-1] to values[R-1]
           else if T is 'm':
               find minimum from values[L-1] to values[R-1]
           else if T is 'S':
               find second maximum from values[L-1] to values[R-1]
           else if T is 's':
               find second minimum from values[L-1] to values[R-1]
           else:
               return "!!!"
   ```

4. **Output the final Python 3 solution with your solution steps in comments:**
```python
def find_sum(values, L, R):
    return sum(values[L-1:R])

def find_max(values, L, R):
    return max(values[L-1:R])

def find_min(values, L, R):
    return min(values[L-1:R])

def find_second_max(values, L, R):
    unique_values = sorted(set(values[L-1:R]), reverse=True)
    if len(unique_values) < 2:
        return "NA"
    return unique_values[1]

def find_second_min(values, L, R):
    unique_values = sorted(set(values[L-1:R]))
    if len(unique_values) < 2:
        return "NA"
    return unique_values[1]

def ANGEN():
    # Read the number of integers
    N = int(input())
    # Read the list of integers
    values = list(map(int, input().split()))
    # Read the number of queries
    Q = int(input())
    
    results = []
    for _ in range(Q):
        query = input().split()
        T = query[0]
        L = int(query[1])
        R = int(query[2])
        
        if T == 'U':
            values[L-1] = R
        elif T == 'A':
            results.append(find_sum(values, L, R))
        elif T == 'M':
            results.append(find_max(values, L, R))
        elif T == 'm':
            results.append(find_min(values, L, R))
        elif T == 'S':
            results.append(find_second_max(values, L, R))
        elif T == 's':
            results.append(find_second_min(values, L, R))
        else:
            results.append("!!!")
    
    # Print all results for the queries
    for result in results:
        print(result)

# Call the ANGEN function to execute the program
ANGEN()
```
INFO - program_code:
 
def find_sum(values, L, R):
    return sum(values[L-1:R])

def find_max(values, L, R):
    return max(values[L-1:R])

def find_min(values, L, R):
    return min(values[L-1:R])

def find_second_max(values, L, R):
    unique_values = sorted(set(values[L-1:R]), reverse=True)
    if len(unique_values) < 2:
        return "NA"
    return unique_values[1]

def find_second_min(values, L, R):
    unique_values = sorted(set(values[L-1:R]))
    if len(unique_values) < 2:
        return "NA"
    return unique_values[1]

def ANGEN():
    # Read the number of integers
    N = int(input())
    # Read the list of integers
    values = list(map(int, input().split()))
    # Read the number of queries
    Q = int(input())
    
    results = []
    for _ in range(Q):
        query = input().split()
        T = query[0]
        L = int(query[1])
        R = int(query[2])
        
        if T == 'U':
            values[L-1] = R
        elif T == 'A':
            results.append(find_sum(values, L, R))
        elif T == 'M':
            results.append(find_max(values, L, R))
        elif T == 'm':
            results.append(find_min(values, L, R))
        elif T == 'S':
            results.append(find_second_max(values, L, R))
        elif T == 's':
            results.append(find_second_min(values, L, R))
        else:
            results.append("!!!")
    
    # Print all results for the queries
    for result in results:
        print(result)

# Call the ANGEN function to execute the program
ANGEN()


INFO - program_name:
 ANGEN

INFO - dependencies:
 []

INFO - raw_msg:
 1. **Restate the problem in plain English:**
   The problem involves creating a system called ANGEN that can perform various operations on a list of integers. The operations include updating a specific index with a new value, finding the sum of values in a specified range, and determining the maximum, minimum, second maximum, and second minimum values in a specified range. If an operation cannot be performed, the system should return "NA" or "!!!" for invalid operations.

2. **Conceptualize a solution first in plain English:**
   To solve this problem, we will maintain a list of integers and implement the required operations. We will:
   - Read the initial list of integers.
   - For each query, determine the type of operation to perform.
   - Implement helper functions to handle each operation, ensuring to check for valid ranges and conditions.
   - Return the appropriate results for each operation.

3. **Write a pseudocode solution:**
   ```
   function ANGEN():
       read N  // number of integers
       read array values of size N
       read Q  // number of queries
       for each query from 1 to Q:
           read operation T, L, R
           if T is 'U':
               update values[L-1] to R
           else if T is 'A':
               calculate sum from values[L-1] to values[R-1]
           else if T is 'M':
               find maximum from values[L-1] to values[R-1]
           else if T is 'm':
               find minimum from values[L-1] to values[R-1]
           else if T is 'S':
               find second maximum from values[L-1] to values[R-1]
           else if T is 's':
               find second minimum from values[L-1] to values[R-1]
           else:
               return "!!!"
   ```

4. **Output the final Python 3 solution with your solution steps in comments:**
```python
def find_sum(values, L, R):
    return sum(values[L-1:R])

def find_max(values, L, R):
    return max(values[L-1:R])

def find_min(values, L, R):
    return min(values[L-1:R])

def find_second_max(values, L, R):
    unique_values = sorted(set(values[L-1:R]), reverse=True)
    if len(unique_values) < 2:
        return "NA"
    return unique_values[1]

def find_second_min(values, L, R):
    unique_values = sorted(set(values[L-1:R]))
    if len(unique_values) < 2:
        return "NA"
    return unique_values[1]

def ANGEN():
    # Read the number of integers
    N = int(input())
    # Read the list of integers
    values = list(map(int, input().split()))
    # Read the number of queries
    Q = int(input())
    
    results = []
    for _ in range(Q):
        query = input().split()
        T = query[0]
        L = int(query[1])
        R = int(query[2])
        
        if T == 'U':
            values[L-1] = R
        elif T == 'A':
            results.append(find_sum(values, L, R))
        elif T == 'M':
            results.append(find_max(values, L, R))
        elif T == 'm':
            results.append(find_min(values, L, R))
        elif T == 'S':
            results.append(find_second_max(values, L, R))
        elif T == 's':
            results.append(find_second_min(values, L, R))
        else:
            results.append("!!!")
    
    # Print all results for the queries
    for result in results:
        print(result)

# Call the ANGEN function to execute the program
ANGEN()
```

INFO - no_parent:
 False

INFO - full code to be executed: 
 
def find_sum(values, L, R):
    return sum(values[L-1:R])

def find_max(values, L, R):
    return max(values[L-1:R])

def find_min(values, L, R):
    return min(values[L-1:R])

def find_second_max(values, L, R):
    unique_values = sorted(set(values[L-1:R]), reverse=True)
    if len(unique_values) < 2:
        return "NA"
    return unique_values[1]

def find_second_min(values, L, R):
    unique_values = sorted(set(values[L-1:R]))
    if len(unique_values) < 2:
        return "NA"
    return unique_values[1]

def ANGEN():
    # Read the number of integers
    N = int(input())
    # Read the list of integers
    values = list(map(int, input().split()))
    # Read the number of queries
    Q = int(input())
    
    results = []
    for _ in range(Q):
        query = input().split()
        T = query[0]
        L = int(query[1])
        R = int(query[2])
        
        if T == 'U':
            values[L-1] = R
        elif T == 'A':
            results.append(find_sum(values, L, R))
        elif T == 'M':
            results.append(find_max(values, L, R))
        elif T == 'm':
            results.append(find_min(values, L, R))
        elif T == 'S':
            results.append(find_second_max(values, L, R))
        elif T == 's':
            results.append(find_second_min(values, L, R))
        else:
            results.append("!!!")
    
    # Print all results for the queries
    for result in results:
        print(result)

# Call the ANGEN function to execute the program
ANGEN()


INFO - obs: Note: Inputs/outputs here are automatically extracted/truncated so formatting may be a bit off.
Tests passed:

 Input: ['6', '1 2 5 3 10 6', '6', 'A 1 5', 'M 1 3', 'm 5 6', 's 3 6', 'U 1 7', 'S 1 2'] Output: 21
5
6
5
2

Tests failed:
None
reward: True
done: None
info: {'individual_results': [True]}
INFO - Updated entry: 
[Task]:
    There is crazy man named P29892P. He always tries to do crazy things as he thinks. One day he invented a machine and named it as ANGEN. The ANGEN is used to perform range operations. The range operation means performing operations on range values from {L..R}. At any time it performs ...,

INFO - Metadata: {
    "raw_msg": "1. **Restate the problem in plain English:**\n   The problem involves creating a system called ANGEN that can perform various operations on a list of integers. The operations include updating a specific index with a new value, finding the sum of values in a specified range, and ...

INFO - LM call n parse attempt 1 / 3

INFO - [Task id] 692 [prompt] 
You are an expert programmer tasked with solving the problem below.

Follow the user's instructions to solve the problem.
The user can ask for analysis, code, or both.

## Instructions
When asked to output code,
- Make sure to wrap your code in '```python' and '```' Markdown delimiters, 
- include exactly one block of code with the entire solution
- No outside libraries are allowed. 
- Builtins are allowed.
- If the task specifies a function name to be used, follow it strictly (be case sensitive!) and declare the that function last (helper functions are declared first).
- DO NOT write any assert statements / tests.

## Problem
[BEGIN PROBLEM]
There is crazy man named P29892P. He always tries to do crazy things as he thinks. One day he invented a machine and named it as ANGEN. The ANGEN is used to perform range operations. The range operation means performing operations on range values from {L..R}. At any time it performs operations on values in between L to R.
ANGEN can perform following operations
U I V - Update the value present at I  with value V
A L R - Find the sum between range L and R
M L R - Find the maximum number between L and R
m L R - Find the minimum number between L and R
S L R - Find second maximum value in between L and R
s L R - Find second mimimum value in between L and R
If it is not possible perform operation ANGEN returns “NA” with out quotes.
For Invalid operations ANGEN returns “!!!” with out quotes.
Now P29892P challenging his friends and you too, to build his invention with yourown code. So it's your time to defeat P29892P by implementing his invention with your own ability. Let's go and solve the problem.

-----Input-----
Input description.
- The first line of the input contains an integer N denoting the number of integers. 
- The next line contains N space separated integers."
- The next line contains a single integer Q denoting the number of Questions.
-  The next Q lines contains T Question type , L and R.

-----Output-----
Print output for each question in separate line.

-----Constraints-----
Should contain all the constraints on the input data that you may have. Format it like:
- 1 ≤ N ≤ 100000
- 1 ≤ values[i] ≤ 1000000000
- 1 ≤ Q ≤ 10000
- T in { A..Z, a..z }
- 1 ≤ L ≤ R ≤ N

-----Example-----
Input:
6
1 2 5 3 10 6
6
A 1 5
M 1 3
m 5 6
s 3 6
U 1 7
S 1 2

Output:
21
5
6
5
2

-----Explanation-----
...

The output code needs to read from and write to standard IO


[END PROBLEM]

INFO - [Task id] 692 [prompt] 
## Instructions

Reason through the problem and:
1. Restate the problem in plain English
2. Conceptualize a solution first in plain English
3. Write a pseudocode solution
4. Output the final Python 3 solution with your solution steps in comments.

Make sure to wrap your code in '```python' and '```' Markdown delimiters, 
and include exactly one block of code with the entire solution.

No outside libraries are allowed.
Builtins are allowed.

INFO - [Task id] 692 [prompt] 1. **Restate the problem in plain English:**
   The problem involves creating a system called ANGEN that can perform various operations on a list of integers. The operations include updating a specific index with a new value, finding the sum of values in a specified range, and determining the maximum, minimum, second maximum, and second minimum values in a specified range. If an operation cannot be performed, the system should return "NA" or "!!!" for invalid operations.

2. **Conceptualize a solution first in plain English:**
   To solve this problem, we will maintain a list of integers and implement the required operations. We will:
   - Read the initial list of integers.
   - For each query, determine the type of operation to perform.
   - Implement helper functions to handle each operation, ensuring to check for valid ranges and conditions.
   - Return the appropriate results for each operation.

3. **Write a pseudocode solution:**
   ```
   function ANGEN():
       read N  // number of integers
       read array values of size N
       read Q  // number of queries
       for each query from 1 to Q:
           read operation T, L, R
           if T is 'U':
               update values[L-1] to R
           else if T is 'A':
               calculate sum from values[L-1] to values[R-1]
           else if T is 'M':
               find maximum from values[L-1] to values[R-1]
           else if T is 'm':
               find minimum from values[L-1] to values[R-1]
           else if T is 'S':
               find second maximum from values[L-1] to values[R-1]
           else if T is 's':
               find second minimum from values[L-1] to values[R-1]
           else:
               return "!!!"
   ```

4. **Output the final Python 3 solution with your solution steps in comments:**
```python
def find_sum(values, L, R):
    return sum(values[L-1:R])

def find_max(values, L, R):
    return max(values[L-1:R])

def find_min(values, L, R):
    return min(values[L-1:R])

def find_second_max(values, L, R):
    unique_values = sorted(set(values[L-1:R]), reverse=True)
    if len(unique_values) < 2:
        return "NA"
    return unique_values[1]

def find_second_min(values, L, R):
    unique_values = sorted(set(values[L-1:R]))
    if len(unique_values) < 2:
        return "NA"
    return unique_values[1]

def ANGEN():
    # Read the number of integers
    N = int(input())
    # Read the list of integers
    values = list(map(int, input().split()))
    # Read the number of queries
    Q = int(input())
    
    results = []
    for _ in range(Q):
        query = input().split()
        T = query[0]
        L = int(query[1])
        R = int(query[2])
        
        if T == 'U':
            values[L-1] = R
        elif T == 'A':
            results.append(find_sum(values, L, R))
        elif T == 'M':
            results.append(find_max(values, L, R))
        elif T == 'm':
            results.append(find_min(values, L, R))
        elif T == 'S':
            results.append(find_second_max(values, L, R))
        elif T == 's':
            results.append(find_second_min(values, L, R))
        else:
            results.append("!!!")
    
    # Print all results for the queries
    for result in results:
        print(result)

# Call the ANGEN function to execute the program
ANGEN()
```
INFO - [Task id] 692 [prompt] 
[Environment Feedback]:
    Note: Inputs/outputs here are automatically extracted/truncated so formatting may be a bit off.
    Tests passed:

     Input: ['6', '1 2 5 3 10 6', '6', 'A 1 5', 'M 1 3', 'm 5 6', 's 3 6', 'U 1 7', 'S 1 2'] Output: 21
    5
    6
    5
    2

    Tests failed:
    None
[/Environment Feedback]

INFO - [Task id] 692 [prompt] 
## Instructions
Now, summarize your attempts as a **standalone** document for your own future reference. (can skip formalities, be concise)

- Only include the most relevant information and code snippets that could be useful in the future.
- If you did not learn much from the current experience (e.g. the problem was too easy), feel free to write less or nothing at all.
- Here are some ideas if the experience was useful:
    - Identifying the core concepts and patterns that problem appears to test for
    - Describing the strategies that seemed to work but did not, and vice versa
    - Describing unexpected errors and how they were fixed

Your summary should be at most a few paragraphs.

INFO - [Task id] 692 [generation text] In this task, I implemented a system called ANGEN that performs various operations on a list of integers, including updates, sum calculations, and finding maximum/minimum values. The core concepts involved understanding how to manipulate a list based on user queries and ensuring that operations are performed within valid ranges.

The solution required creating helper functions for each operation: calculating the sum, finding the maximum and minimum values, and determining the second maximum and minimum values. I ensured to handle edge cases, such as when there are not enough unique values to determine second maximum or minimum, returning "NA" in those cases.

The implementation was straightforward, and the code passed all provided test cases without any issues. The main strategy that worked well was breaking down the operations into separate functions, which made the code modular and easier to manage. Overall, the experience reinforced the importance of validating input ranges and handling edge cases effectively. 

Here is the final code snippet for reference:

```python
def find_sum(values, L, R):
    return sum(values[L-1:R])

def find_max(values, L, R):
    return max(values[L-1:R])

def find_min(values, L, R):
    return min(values[L-1:R])

def find_second_max(values, L, R):
    unique_values = sorted(set(values[L-1:R]), reverse=True)
    if len(unique_values) < 2:
        return "NA"
    return unique_values[1]

def find_second_min(values, L, R):
    unique_values = sorted(set(values[L-1:R]))
    if len(unique_values) < 2:
        return "NA"
    return unique_values[1]

def ANGEN():
    N = int(input())
    values = list(map(int, input().split()))
    Q = int(input())
    
    results = []
    for _ in range(Q):
        query = input().split()
        T = query[0]
        L = int(query[1])
        R = int(query[2])
        
        if T == 'U':
            values[L-1] = R
        elif T == 'A':
            results.append(find_sum(values, L, R))
        elif T == 'M':
            results.append(find_max(values, L, R))
        elif T == 'm':
            results.append(find_min(values, L, R))
        elif T == 'S':
            results.append(find_second_max(values, L, R))
        elif T == 's':
            results.append(find_second_min(values, L, R))
        else:
            results.append("!!!")
    
    for result in results:
        print(result)

ANGEN()
```
INFO - LM call n parse attempt 1 / 3

INFO - [Task id] 692 [prompt] 
You are an expert programmer tasked with solving the problem below.

Follow the user's instructions to solve the problem.
The user can ask for analysis, code, or both.

## Instructions
When asked to output code,
- Make sure to wrap your code in '```python' and '```' Markdown delimiters, 
- include exactly one block of code with the entire solution
- No outside libraries are allowed. 
- Builtins are allowed.
- If the task specifies a function name to be used, follow it strictly (be case sensitive!) and declare the that function last (helper functions are declared first).
- DO NOT write any assert statements / tests.

## Problem
[BEGIN PROBLEM]
There is crazy man named P29892P. He always tries to do crazy things as he thinks. One day he invented a machine and named it as ANGEN. The ANGEN is used to perform range operations. The range operation means performing operations on range values from {L..R}. At any time it performs operations on values in between L to R.
ANGEN can perform following operations
U I V - Update the value present at I  with value V
A L R - Find the sum between range L and R
M L R - Find the maximum number between L and R
m L R - Find the minimum number between L and R
S L R - Find second maximum value in between L and R
s L R - Find second mimimum value in between L and R
If it is not possible perform operation ANGEN returns “NA” with out quotes.
For Invalid operations ANGEN returns “!!!” with out quotes.
Now P29892P challenging his friends and you too, to build his invention with yourown code. So it's your time to defeat P29892P by implementing his invention with your own ability. Let's go and solve the problem.

-----Input-----
Input description.
- The first line of the input contains an integer N denoting the number of integers. 
- The next line contains N space separated integers."
- The next line contains a single integer Q denoting the number of Questions.
-  The next Q lines contains T Question type , L and R.

-----Output-----
Print output for each question in separate line.

-----Constraints-----
Should contain all the constraints on the input data that you may have. Format it like:
- 1 ≤ N ≤ 100000
- 1 ≤ values[i] ≤ 1000000000
- 1 ≤ Q ≤ 10000
- T in { A..Z, a..z }
- 1 ≤ L ≤ R ≤ N

-----Example-----
Input:
6
1 2 5 3 10 6
6
A 1 5
M 1 3
m 5 6
s 3 6
U 1 7
S 1 2

Output:
21
5
6
5
2

-----Explanation-----
...

The output code needs to read from and write to standard IO


[END PROBLEM]

INFO - [Task id] 692 [prompt] 
## Instructions

Reason through the problem and:
1. Restate the problem in plain English
2. Conceptualize a solution first in plain English
3. Write a pseudocode solution
4. Output the final Python 3 solution with your solution steps in comments.

Make sure to wrap your code in '```python' and '```' Markdown delimiters, 
and include exactly one block of code with the entire solution.

No outside libraries are allowed.
Builtins are allowed.

INFO - [Task id] 692 [prompt] 1. **Restate the problem in plain English:**
   The problem involves creating a system called ANGEN that can perform various operations on a list of integers. The operations include updating a specific index with a new value, finding the sum of values in a specified range, and determining the maximum, minimum, second maximum, and second minimum values in a specified range. If an operation cannot be performed, the system should return "NA" or "!!!" for invalid operations.

2. **Conceptualize a solution first in plain English:**
   To solve this problem, we will maintain a list of integers and implement the required operations. We will:
   - Read the initial list of integers.
   - For each query, determine the type of operation to perform.
   - Implement helper functions to handle each operation, ensuring to check for valid ranges and conditions.
   - Return the appropriate results for each operation.

3. **Write a pseudocode solution:**
   ```
   function ANGEN():
       read N  // number of integers
       read array values of size N
       read Q  // number of queries
       for each query from 1 to Q:
           read operation T, L, R
           if T is 'U':
               update values[L-1] to R
           else if T is 'A':
               calculate sum from values[L-1] to values[R-1]
           else if T is 'M':
               find maximum from values[L-1] to values[R-1]
           else if T is 'm':
               find minimum from values[L-1] to values[R-1]
           else if T is 'S':
               find second maximum from values[L-1] to values[R-1]
           else if T is 's':
               find second minimum from values[L-1] to values[R-1]
           else:
               return "!!!"
   ```

4. **Output the final Python 3 solution with your solution steps in comments:**
```python
def find_sum(values, L, R):
    return sum(values[L-1:R])

def find_max(values, L, R):
    return max(values[L-1:R])

def find_min(values, L, R):
    return min(values[L-1:R])

def find_second_max(values, L, R):
    unique_values = sorted(set(values[L-1:R]), reverse=True)
    if len(unique_values) < 2:
        return "NA"
    return unique_values[1]

def find_second_min(values, L, R):
    unique_values = sorted(set(values[L-1:R]))
    if len(unique_values) < 2:
        return "NA"
    return unique_values[1]

def ANGEN():
    # Read the number of integers
    N = int(input())
    # Read the list of integers
    values = list(map(int, input().split()))
    # Read the number of queries
    Q = int(input())
    
    results = []
    for _ in range(Q):
        query = input().split()
        T = query[0]
        L = int(query[1])
        R = int(query[2])
        
        if T == 'U':
            values[L-1] = R
        elif T == 'A':
            results.append(find_sum(values, L, R))
        elif T == 'M':
            results.append(find_max(values, L, R))
        elif T == 'm':
            results.append(find_min(values, L, R))
        elif T == 'S':
            results.append(find_second_max(values, L, R))
        elif T == 's':
            results.append(find_second_min(values, L, R))
        else:
            results.append("!!!")
    
    # Print all results for the queries
    for result in results:
        print(result)

# Call the ANGEN function to execute the program
ANGEN()
```
INFO - [Task id] 692 [prompt] 
[Environment Feedback]:
    Note: Inputs/outputs here are automatically extracted/truncated so formatting may be a bit off.
    Tests passed:

     Input: ['6', '1 2 5 3 10 6', '6', 'A 1 5', 'M 1 3', 'm 5 6', 's 3 6', 'U 1 7', 'S 1 2'] Output: 21
    5
    6
    5
    2

    Tests failed:
    None
[/Environment Feedback]

INFO - [Task id] 692 [prompt] 
Below is the official solution (do exercise discretion as official solutions can also have mistakes).

You will be reflecting on your attempts to solve the problem.
This will be a **standalone** document for your own future reference. (can skip formalities, be concise)

## Instructions
- Only include the most relevant insights and code snippets that could be useful in the future.
- If you did not learn much from the current experience (e.g. the problem was too easy / official solution was obvious), feel free to write less or nothing at all.
- Here are some ideas if the experience was useful:
    - If the official solution is insightful (e.g. better than yours in time and space complexity or more effective in breaking down the problem statement), distil the key approach of the official solution, step by step.
    - If your approach failed the test cases, reason why the official solution works but yours does not

Your reflection should be at most a few paragraphs.

## Official solution
VQ = "UAMmSs"
n = int(input())
a = list(map(int, input().split()))
for _ in range(int(input())):
 q, x, y = input().split()
 if q not in VQ:
  print("!!!")
  continue
 if q == "U":
  a[int(x) - 1] = int(y)
  continue
 l = int(x) - 1
 r = int(y)
 if q == "A":
  print(sum(a[l:r]))
  continue
 if q == "M":
  print(max(a[l:r]))
  continue
 if q == "m":
  print(min(a[l:r]))
  continue
 s = sorted(set(a[l:r]))
 if len(s) < 2:
  print("NA")
 else:
  print(s[1] if q == "s" else s[-2])


INFO - [Task id] 692 [generation text] The official solution effectively handles the problem by using a straightforward approach to process the input and execute the required operations. Here are the key insights and steps from the official solution:

1. **Input Handling**: The solution begins by reading the number of integers and the integers themselves. It then reads the number of queries.

2. **Query Processing**: A string `VQ` is defined to contain valid operation characters. This allows for quick validation of the query type. If the query is invalid, it immediately prints "!!!" and continues to the next query.

3. **Update Operation**: For the update operation ('U'), the solution directly updates the specified index in the list.

4. **Range Operations**: For sum ('A'), maximum ('M'), and minimum ('m') operations, the solution uses Python's built-in functions to compute the results over the specified range efficiently.

5. **Second Maximum and Minimum**: For the second maximum ('S') and second minimum ('s') operations, the solution sorts the unique values in the specified range. It checks the length of the sorted list to determine if a second value exists, returning "NA" if it does not.

6. **Efficiency**: The use of built-in functions like `sum`, `max`, and `min` ensures that the operations are performed efficiently. The sorting of unique values for the second maximum and minimum operations is straightforward but could be optimized further if necessary.

Overall, the official solution is concise and leverages Python's capabilities effectively. My initial approach was similar but could have been more efficient in handling the second maximum and minimum operations by avoiding unnecessary sorting when the range is small or when the values are already known. The official solution's use of a single loop to handle all queries also simplifies the code structure.
INFO - Updated entry: In this task, I implemented a system called ANGEN that performs various operations on a list of integers, including updates, sum calculations, and finding maximum/minimum values. The core concepts involved understanding how to manipulate a list based on user queries and ensuring that operations a...,

INFO - Metadata: {
    "task_id": 692
}

INFO - Updated entry: The official solution effectively handles the problem by using a straightforward approach to process the input and execute the required operations. Here are the key insights and steps from the official solution:

1. **Input Handling**: The solution begins by reading the number of integers and the...,

INFO - Metadata: {
    "task_id": 692
}

INFO - LM call n parse attempt 1 / 3

INFO - [Task id] 692 [prompt] 
You are a helpful assistant that writes a description of the given function written in the Python programming language.

1) Do not mention the function name.
2) Do not mention anything about helper functions.
3) There might be some helper functions before the main function, but you only need to describe the main function.
4) Try to summarize the function in no more than 6 sentences.
5) Your response should be a single line of text.

INFO - [Task id] 692 [prompt] 
def find_sum(values, L, R):
    return sum(values[L-1:R])

def find_max(values, L, R):
    return max(values[L-1:R])

def find_min(values, L, R):
    return min(values[L-1:R])

def find_second_max(values, L, R):
    unique_values = sorted(set(values[L-1:R]), reverse=True)
    if len(unique_values) < 2:
        return "NA"
    return unique_values[1]

def find_second_min(values, L, R):
    unique_values = sorted(set(values[L-1:R]))
    if len(unique_values) < 2:
        return "NA"
    return unique_values[1]

def ANGEN():
    # Read the number of integers
    N = int(input())
    # Read the list of integers
    values = list(map(int, input().split()))
    # Read the number of queries
    Q = int(input())
    
    results = []
    for _ in range(Q):
        query = input().split()
        T = query[0]
        L = int(query[1])
        R = int(query[2])
        
        if T == 'U':
            values[L-1] = R
        elif T == 'A':
            results.append(find_sum(values, L, R))
        elif T == 'M':
            results.append(find_max(values, L, R))
        elif T == 'm':
            results.append(find_min(values, L, R))
        elif T == 'S':
            results.append(find_second_max(values, L, R))
        elif T == 's':
            results.append(find_second_min(values, L, R))
        else:
            results.append("!!!")
    
    # Print all results for the queries
    for result in results:
        print(result)

# Call the ANGEN function to execute the program
ANGEN()


The main function is `ANGEN`.
INFO - [Task id] 692 [generation text] This function processes a series of queries on a list of integers, allowing for updates and various calculations such as sum, maximum, minimum, second maximum, and second minimum within specified ranges. It begins by reading the number of integers and the integers themselves, followed by the number of queries to be executed. For each query, it determines the type of operation to perform, updating the list or calculating the requested value based on the provided indices. Results from the queries are collected and printed at the end. If an invalid query type is encountered, it returns a specific error message. The function effectively manages both updates and queries in a single execution flow.
INFO - LM call n parse attempt 1 / 3

INFO - [Task id] 692 [prompt] 
You are a helpful assistant that extracts important information from problems and solutions to aid in searchability and education.

## Instructions
- Read through the problem and solution carefully.
- Reason out, step by step, in what scenarios this knowledge would be useful.
- Focus on general patterns and situations to help connect this knowledge to new situations.
- Then, include a list of keywords that are useful for searching this problem/solution pair.

## Response format
Respond in JSON, and follow the keys and expected format of the values strictly.

The output should be formatted as a JSON instance that conforms to the JSON schema below.

As an example, for the schema {"properties": {"foo": {"title": "Foo", "description": "a list of strings", "type": "array", "items": {"type": "string"}}}, "required": ["foo"]}
the object {"foo": ["bar", "baz"]} is a well-formatted instance of the schema. The object {"properties": {"foo": ["bar", "baz"]}} is not well-formatted.

Here is the output schema:
```
{"properties": {"scenarios": {"description": "In what scenarios will this knowledge be useful? Answer in a paragraph.", "title": "Scenarios", "type": "string"}, "keywords": {"description": "List of keywords that are useful for searching this problem/solution pair", "items": {"type": "string"}, "title": "Keywords", "type": "array"}}, "required": ["scenarios", "keywords"]}
```

INFO - [Task id] 692 [prompt] 
[Problem]
    There is crazy man named P29892P. He always tries to do crazy things as he thinks. One day he invented a machine and named it as ANGEN. The ANGEN is used to perform range operations. The range operation means performing operations on range values from {L..R}. At any time it performs operations on values in between L to R.
    ANGEN can perform following operations
    U I V - Update the value present at I  with value V
    A L R - Find the sum between range L and R
    M L R - Find the maximum number between L and R
    m L R - Find the minimum number between L and R
    S L R - Find second maximum value in between L and R
    s L R - Find second mimimum value in between L and R
    If it is not possible perform operation ANGEN returns “NA” with out quotes.
    For Invalid operations ANGEN returns “!!!” with out quotes.
    Now P29892P challenging his friends and you too, to build his invention with yourown code. So it's your time to defeat P29892P by implementing his invention with your own ability. Let's go and solve the problem.

    -----Input-----
    Input description.
    - The first line of the input contains an integer N denoting the number of integers. 
    - The next line contains N space separated integers."
    - The next line contains a single integer Q denoting the number of Questions.
    -  The next Q lines contains T Question type , L and R.

    -----Output-----
    Print output for each question in separate line.

    -----Constraints-----
    Should contain all the constraints on the input data that you may have. Format it like:
    - 1 ≤ N ≤ 100000
    - 1 ≤ values[i] ≤ 1000000000
    - 1 ≤ Q ≤ 10000
    - T in { A..Z, a..z }
    - 1 ≤ L ≤ R ≤ N

    -----Example-----
    Input:
    6
    1 2 5 3 10 6
    6
    A 1 5
    M 1 3
    m 5 6
    s 3 6
    U 1 7
    S 1 2

    Output:
    21
    5
    6
    5
    2

    -----Explanation-----
    ...
[/Problem]

[Solution]

    def find_sum(values, L, R):
        return sum(values[L-1:R])

    def find_max(values, L, R):
        return max(values[L-1:R])

    def find_min(values, L, R):
        return min(values[L-1:R])

    def find_second_max(values, L, R):
        unique_values = sorted(set(values[L-1:R]), reverse=True)
        if len(unique_values) < 2:
            return "NA"
        return unique_values[1]

    def find_second_min(values, L, R):
        unique_values = sorted(set(values[L-1:R]))
        if len(unique_values) < 2:
            return "NA"
        return unique_values[1]

    def ANGEN():
        # Read the number of integers
        N = int(input())
        # Read the list of integers
        values = list(map(int, input().split()))
        # Read the number of queries
        Q = int(input())
    
        results = []
        for _ in range(Q):
            query = input().split()
            T = query[0]
            L = int(query[1])
            R = int(query[2])
        
            if T == 'U':
                values[L-1] = R
            elif T == 'A':
                results.append(find_sum(values, L, R))
            elif T == 'M':
                results.append(find_max(values, L, R))
            elif T == 'm':
                results.append(find_min(values, L, R))
            elif T == 'S':
                results.append(find_second_max(values, L, R))
            elif T == 's':
                results.append(find_second_min(values, L, R))
            else:
                results.append("!!!")
    
        # Print all results for the queries
        for result in results:
            print(result)

    # Call the ANGEN function to execute the program
    ANGEN()

[/Solution]

INFO - [Task id] 692 [generation text] 
INFO - {
    "scenarios": "This knowledge would be useful in scenarios where you need to perform multiple range queries on a list of integers, such as in competitive programming, data analysis, or any application that requires efficient data manipulation and retrieval. It can be applied in situations where you need to maintain and query a dynamic dataset, like in databases or real-time data processing systems. Understanding how to implement such operations can also help in optimizing algorithms for better performance in large datasets.",
    "keywords": [
        "range operations",
        "update values",
        "sum",
        "maximum",
        "minimum",
        "second maximum",
        "second minimum",
        "data structures",
        "competitive programming",
        "dynamic queries"
    ]
}
INFO - {
    "scenarios": "This knowledge would be useful in scenarios where you need to perform multiple range queries on a list of integers, such as in competitive programming, data analysis, or any application that requires efficient data manipulation and retrieval. It can be applied in situations where you need to maintain and query a dynamic dataset, like in databases or real-time data processing systems. Understanding how to implement such operations can also help in optimizing algorithms for better performance in large datasets.",
    "keywords": [
        "range operations",
        "update values",
        "sum",
        "maximum",
        "minimum",
        "second maximum",
        "second minimum",
        "data structures",
        "competitive programming",
        "dynamic queries"
    ]
}
INFO - Updated entry: 
[description for function: ANGEN]
This function processes a series of queries on a list of integers, allowing for updates and various calculations such as sum, maximum, minimum, second maximum, and second minimum within specified ranges. It begins by reading the number of integers and the intege...,

INFO - Metadata: {
    "task": 692,
    "code": "\ndef find_sum(values, L, R):\n    return sum(values[L-1:R])\n\ndef find_max(values, L, R):\n    return max(values[L-1:R])\n\ndef find_min(values, L, R):\n    return min(values[L-1:R])\n\ndef find_second_max(values, L, R):\n    unique_values = sorted(set(values[L-1...

