INFO - DB skill doc count: 0

INFO - DB non_func doc count: 49

INFO - DB semantic doc count: 429

INFO - DB summaries doc count: 64

INFO - DB reflections doc count: 64

INFO - DB episodic doc count: 123

INFO - [train iter]: 64/100 

INFO - The task prompt is The game of billiards involves two players knocking 3 balls around
on a green baize table. Well, there is more to it, but for our
purposes this is sufficient.
The game consists of several rounds and in each round both players
obtain a score, based on how well they played. Once all the rounds
have...

INFO - Attempting task_id 996
INFO - LM call n parse attempt 1 / 3

INFO - [Task id] 996 [prompt] 
You are an expert programmer tasked with solving the problem below.

Follow the user's instructions to solve the problem.
The user can ask for analysis, code, or both.

## Instructions
When asked to output code,
- Make sure to wrap your code in '```python' and '```' Markdown delimiters, 
- include exactly one block of code with the entire solution
- No outside libraries are allowed. 
- Builtins are allowed.
- If the task specifies a function name to be used, follow it strictly (be case sensitive!) and declare the that function last (helper functions are declared first).
- DO NOT write any assert statements / tests.

## Problem
[BEGIN PROBLEM]
The game of billiards involves two players knocking 3 balls around
on a green baize table. Well, there is more to it, but for our
purposes this is sufficient.
The game consists of several rounds and in each round both players
obtain a score, based on how well they played. Once all the rounds
have been played, the total score of each player is determined by
adding up the scores in all the rounds and the player with the higher
total score is declared the winner.
The Siruseri Sports Club organises an annual billiards game where
the top two players of Siruseri play against each other. The Manager
of Siruseri Sports Club decided to add his own twist to the game by
changing the rules for determining the winner. In his version, at the
end of each round, the cumulative score for each player is calculated, and the leader and her current lead are found. Once
all the rounds are over the player who had the maximum lead at the
end of any round in the game is declared the winner.

Consider the following score sheet for a game with 5 rounds:
RoundPlayer 1Player 2114082289134390110411210658890

The total scores of both players, the leader and the lead after
each round for this game is given below:RoundPlayer 1Player 2LeaderLead114082Player 1582229216Player 1133319326Player 274431432Player 215519522Player 23
Note that the above table contains the cumulative scores.
The winner of this game is Player 1 as he had the maximum lead (58
at the end of round 1) during the game.
Your task is to help the Manager find the winner and the winning
lead. You may assume that the scores will be such that there will
always be a single winner.  That is, there are no ties.
Input
The first line of the input will contain a single integer N (N
≤ 10000) indicating the number of rounds in the game.  Lines
2,3,...,N+1 describe the scores of the two players in the N rounds.
Line i+1 contains two integer Si and Ti, the scores of the Player 1
and 2 respectively, in round i.  You may assume that 1 ≤ Si ≤
1000 and 1 ≤ Ti ≤ 1000.  
Output
Your output must consist of a single line containing two integers
W and L, where W is 1 or 2 and indicates the winner and L is the
maximum lead attained by the winner.
Example
Input:
5
140 82
89 134
90 110
112 106
88 90

Output:
1 58

The output code needs to read from and write to standard IO


[END PROBLEM]

INFO - [Task id] 996 [prompt] 
## Instructions

Reason through the problem and:
1. Restate the problem in plain English
2. Conceptualize a solution first in plain English
3. Write a pseudocode solution
4. Output the final Python 3 solution with your solution steps in comments.

Make sure to wrap your code in '```python' and '```' Markdown delimiters, 
and include exactly one block of code with the entire solution.

No outside libraries are allowed.
Builtins are allowed.

INFO - [Task id] 996 [generation text] 1. **Restate the problem in plain English:**
   We need to determine the winner of a billiards game between two players based on their scores over several rounds. Instead of simply summing the scores, we will track the cumulative scores after each round and identify which player had the highest lead at any point during the game. The player with the maximum lead at the end of any round will be declared the winner, along with the value of that lead.

2. **Conceptualize a solution first in plain English:**
   - Read the number of rounds.
   - Initialize cumulative scores for both players to zero.
   - For each round, update the cumulative scores based on the scores provided.
   - Calculate the lead for the current round and determine which player is leading.
   - Keep track of the maximum lead and the corresponding player throughout all rounds.
   - Finally, output the player number with the maximum lead and the value of that lead.

3. **Write a pseudocode solution:**
   ```
   Read integer N (number of rounds)
   Initialize cumulative_score_player1 = 0
   Initialize cumulative_score_player2 = 0
   Initialize max_lead = 0
   Initialize winner = 0

   For each round from 1 to N:
       Read scores Si (Player 1) and Ti (Player 2)
       Update cumulative_score_player1 += Si
       Update cumulative_score_player2 += Ti
       
       If cumulative_score_player1 > cumulative_score_player2:
           lead = cumulative_score_player1 - cumulative_score_player2
           If lead > max_lead:
               max_lead = lead
               winner = 1
       Else:
           lead = cumulative_score_player2 - cumulative_score_player1
           If lead > max_lead:
               max_lead = lead
               winner = 2

   Output winner and max_lead
   ```

4. **Output the final Python 3 solution with your solution steps in comments:**
```python
def find_winner():
    # Read the number of rounds
    N = int(input())
    
    # Initialize cumulative scores for both players
    cumulative_score_player1 = 0
    cumulative_score_player2 = 0
    
    # Initialize variables to track the maximum lead and the winner
    max_lead = 0
    winner = 0

    # Process each round
    for _ in range(N):
        # Read the scores for Player 1 and Player 2
        Si, Ti = map(int, input().split())
        
        # Update cumulative scores
        cumulative_score_player1 += Si
        cumulative_score_player2 += Ti
        
        # Determine the lead and the leader
        if cumulative_score_player1 > cumulative_score_player2:
            lead = cumulative_score_player1 - cumulative_score_player2
            if lead > max_lead:
                max_lead = lead
                winner = 1
        else:
            lead = cumulative_score_player2 - cumulative_score_player1
            if lead > max_lead:
                max_lead = lead
                winner = 2

    # Output the winner and the maximum lead
    print(winner, max_lead)

```
INFO - [35m Rollout attempt 1/4[0m
INFO - [33m Retrieving 3 entries for db: episodic 
 [0m
INFO - Retrieved (score=0.3775):

[Task]:
    Congratulations !!! You have successfully completed the heist by looting all the gifts in Santa's locker. Now it's time to decide who gets to take all the gifts, you or the Grinch, there will be no splitting. So you and Grinch decide to play a game.
    To start the game, an Integer ...


INFO - Retrieved (score=0.4056):

[Task]:
    Nexus 4.O is going to be organized by ASME, GLA University. Shubhanshu, Head of Finance Team is working for it. He has $N$ number of bills of different values as $a$$1$,$ a$$2$, $a$$3$…$a$$n$.
    He is interested in a game in which one has to do the addition of the bills. But due to...


INFO - Retrieved (score=0.4066):

[Task]:
    The chef is trying to solve some series problems, Chef wants your help to code it. Chef has one number N. Help the chef to find N'th number in the series.
    0, 1, 5, 14, 30, 55 …..

    -----Input:-----
    - First-line will contain $T$, the number of test cases. Then the test case...


INFO - [33m Retrieving 3 entries for db: semantic 
 [0m
INFO - Retrieved (score=0.4667):
Title: Continued fractions
Part: 11/12
```
    === "Python"
        ```py
        # returns [ah, ph, qh] such that points r[i]=(ph[i], qh[i]) constitute upper convex hull
        # of lattice points on 0 <= x <= N and 0 <= y <= r * x, where r = [a0; a1, a2, ...]
        # and there are ah[i]-1 in...


INFO - Retrieved (score=0.4793):
Title: Continued fractions
Part: 12/12
```
    === "Python"
        ```py
        def solve(p, q, N):
            return p * N * (N + 1) // 2 - q * sum_floor(fraction(p, q), N)
        ``` 

!!! example "[Library Checker - Sum of Floor of Linear](https://judge.yosupo.jp/problem/sum_of_floor_of_li...


INFO - Retrieved (score=0.5091):
Title: Games on arbitrary graphs
Part: 2/2
```

## Example: "Policeman and thief"

Here is a concrete example of such a game.

There is $m \times n$ board.
Some of the cells cannot be entered.
The initial coordinates of the police officer and of the thief are known.
One of the cells is the exit.
...


INFO - [33m Retrieving 3 entries for db: reflections 
 [0m
INFO - Retrieved (score=0.3994):
The official solution effectively simplifies the problem by directly calculating the total number of problems and determining how many contests can be formed in a straightforward manner. The key steps are:

1. **Input Handling**: It reads the number of test cases and for each test case, it captur...


INFO - Retrieved (score=0.4319):
The official solution effectively simplifies the problem by leveraging arithmetic properties of multiples of 10. The key steps in the official solution are as follows:

1. **Input Handling**: It reads the number of test cases and the value of N for each case.
2. **Finding the Largest Multiple of ...


INFO - Retrieved (score=0.4328):
The official solution provides a more efficient approach to determine the winner of the game compared to my initial recursive solution. Here are the key insights and steps from the official solution:

1. **Base Cases**: The solution first checks simple base cases:
   - If \( N = 1 \), the Grinch ...


INFO - [33m Retrieving 3 entries for db: summaries 
 [0m
INFO - Retrieved (score=0.3192):
In this problem, the goal was to determine the winner of a game played with a number \( N \) based on specific move rules. The core concept involved analyzing the game state recursively to identify winning and losing positions. The main strategies included checking if subtracting 1 or dividing by...


INFO - Retrieved (score=0.3419):
In this task, I was required to calculate the mean of maximum scores for students after they solve a series of questions with varying complexities. Each student starts with a score of 10, and their score is multiplied by the complexity of the questions they solve, which are assigned to specific r...


INFO - Retrieved (score=0.3513):
In this task, I was required to help Chef determine the maximum number of Division-3 contests he could host based on the problems created by his setters, the number of problems needed for each contest, and the number of days available. The core concepts involved were basic arithmetic operations, ...


INFO - [33m Retrieving 3 entries for db: non_func 
 [0m
INFO - Retrieved (score=0.4335):

[description for function: main]
This function reads the number of test cases and for each test case, it retrieves an integer value. It initializes a memoization dictionary to store previously computed results for efficiency. It then calls another function to determine if the current player can ...


INFO - Retrieved (score=0.4656):

[description for function: main]
The function reads an integer input representing the number of test cases and then iterates through each test case to read an integer value. For each value, it calculates the N'th number in a specific series using a predefined formula. The result of the calculati...


INFO - Retrieved (score=0.4956):

[description for function: main]
This function reads an integer input representing the number of test cases and then iterates through each test case to read an integer value. For each value, it calculates the last remaining number from a sequence derived from the last digits of Fibonacci numbers...


INFO - Retrieved (score=0.3192): 
[Summary]:
    In this problem, the goal was to determine the winner of a game played with a number \( N \) based on specific move rules. The core concept involved analyzing the game state recursively to identify winning and losing positions. The main strategies included checking if subtracting ...
INFO - Retrieved (score=0.3419): 
[Summary]:
    In this task, I was required to calculate the mean of maximum scores for students after they solve a series of questions with varying complexities. Each student starts with a score of 10, and their score is multiplied by the complexity of the questions they solve, which are assign...
INFO - Retrieved (score=0.3513): 
[Summary]:
    In this task, I was required to help Chef determine the maximum number of Division-3 contests he could host based on the problems created by his setters, the number of problems needed for each contest, and the number of days available. The core concepts involved were basic arithme...
INFO - LM call n parse attempt 1 / 3

INFO - [Task id] 996 [prompt] 
You are an expert programmer tasked with solving the problem below.

Follow the user's instructions to solve the problem.
The user can ask for analysis, code, or both.

## Instructions
When asked to output code,
- Make sure to wrap your code in '```python' and '```' Markdown delimiters, 
- include exactly one block of code with the entire solution
- No outside libraries are allowed. 
- Builtins are allowed.
- If the task specifies a function name to be used, follow it strictly (be case sensitive!) and declare the that function last (helper functions are declared first).
- DO NOT write any assert statements / tests.

## Problem
[BEGIN PROBLEM]
The game of billiards involves two players knocking 3 balls around
on a green baize table. Well, there is more to it, but for our
purposes this is sufficient.
The game consists of several rounds and in each round both players
obtain a score, based on how well they played. Once all the rounds
have been played, the total score of each player is determined by
adding up the scores in all the rounds and the player with the higher
total score is declared the winner.
The Siruseri Sports Club organises an annual billiards game where
the top two players of Siruseri play against each other. The Manager
of Siruseri Sports Club decided to add his own twist to the game by
changing the rules for determining the winner. In his version, at the
end of each round, the cumulative score for each player is calculated, and the leader and her current lead are found. Once
all the rounds are over the player who had the maximum lead at the
end of any round in the game is declared the winner.

Consider the following score sheet for a game with 5 rounds:
RoundPlayer 1Player 2114082289134390110411210658890

The total scores of both players, the leader and the lead after
each round for this game is given below:RoundPlayer 1Player 2LeaderLead114082Player 1582229216Player 1133319326Player 274431432Player 215519522Player 23
Note that the above table contains the cumulative scores.
The winner of this game is Player 1 as he had the maximum lead (58
at the end of round 1) during the game.
Your task is to help the Manager find the winner and the winning
lead. You may assume that the scores will be such that there will
always be a single winner.  That is, there are no ties.
Input
The first line of the input will contain a single integer N (N
≤ 10000) indicating the number of rounds in the game.  Lines
2,3,...,N+1 describe the scores of the two players in the N rounds.
Line i+1 contains two integer Si and Ti, the scores of the Player 1
and 2 respectively, in round i.  You may assume that 1 ≤ Si ≤
1000 and 1 ≤ Ti ≤ 1000.  
Output
Your output must consist of a single line containing two integers
W and L, where W is 1 or 2 and indicates the winner and L is the
maximum lead attained by the winner.
Example
Input:
5
140 82
89 134
90 110
112 106
88 90

Output:
1 58

The output code needs to read from and write to standard IO


[END PROBLEM]

INFO - [Task id] 996 [prompt] 
## Instructions

Reason through the problem and:
1. Restate the problem in plain English
2. Conceptualize a solution first in plain English
3. Write a pseudocode solution
4. Output the final Python 3 solution with your solution steps in comments.

Make sure to wrap your code in '```python' and '```' Markdown delimiters, 
and include exactly one block of code with the entire solution.

No outside libraries are allowed.
Builtins are allowed.

INFO - [Task id] 996 [prompt] 
Also, here are some of your memories.
Feel free to use the given information to aid your problem solving process if necessary.
Do not confuse the memories with the problem statement.

## Memories

[Summary]:
    In this problem, the goal was to determine the winner of a game played with a number \( N \) based on specific move rules. The core concept involved analyzing the game state recursively to identify winning and losing positions. The main strategies included checking if subtracting 1 or dividing by odd divisors could lead to a winning move.

    The solution utilized a recursive function with memoization to optimize repeated calculations for the same values of \( N \). The base case was straightforward: if \( N \) is 1, the current player loses. The function checked for possible moves and stored results in a dictionary to avoid redundant computations.

    The final implementation successfully handled multiple test cases and produced the correct output. The key takeaway was the importance of memoization in recursive problems to enhance performance, especially when dealing with potentially large values of \( N \) (up to \( 10^9 \)). The approach of checking both subtracting 1 and odd divisors was effective in determining the winner efficiently. 

    Here’s the final code snippet for reference:

    ```python
    def can_win(N, memo):
        if N == 1:
            return False
        if N in memo:
            return memo[N]
    
        if not can_win(N - 1, memo):
            memo[N] = True
            return True
    
        for d in range(3, N + 1, 2):
            if N % d == 0:
                if not can_win(N // d, memo):
                    memo[N] = True
                    return True
    
        memo[N] = False
        return False

    def main():
        T = int(input())
        for _ in range(T):
            N = int(input())
            memo = {}
            if can_win(N, memo):
                print("Me")
            else:
                print("Grinch")

    main()
    ``` 

    This experience reinforced the value of recursive strategies combined with memoization for solving game theory problems efficiently.
[/Summary]


[Summary]:
    In this task, I was required to calculate the mean of maximum scores for students after they solve a series of questions with varying complexities. Each student starts with a score of 10, and their score is multiplied by the complexity of the questions they solve, which are assigned to specific ranges of students based on their roll numbers.

    The core concept tested here was the efficient updating of scores for a range of students based on multiple queries. The approach involved initializing a list of scores, iterating through each question, and updating the scores for the specified range. The final mean score was calculated by summing the scores and dividing by the number of students, using integer division to obtain the floor value.

    The solution was implemented successfully without any errors, and the provided code snippet effectively handled the input and output requirements. The key takeaway was the importance of managing score updates efficiently, especially given the constraints where both the number of students and questions could be large (up to 100,000). The final code snippet is as follows:

    ```python
    def calculate_mean_scores(T):
        for _ in range(T):
            N, M = map(int, input().split())
            scores = [10] * N
            for _ in range(M):
                i, j, k = map(int, input().split())
                for student in range(i - 1, j):
                    scores[student] *= k
            total_score = sum(scores)
            mean_score = total_score // N
            print(mean_score)

    T = int(input())
    calculate_mean_scores(T)
    ``` 

    This experience reinforced the importance of understanding the problem requirements and efficiently managing data updates in programming challenges.
[/Summary]


[Summary]:
    In this task, I was required to help Chef determine the maximum number of Division-3 contests he could host based on the problems created by his setters, the number of problems needed for each contest, and the number of days available. The core concepts involved were basic arithmetic operations, specifically summing a list of integers and performing integer division.

    The solution involved reading multiple test cases, calculating the total number of problems, determining how many contests could be formed, and then comparing that with the available days to find the maximum contests Chef could host. The approach was straightforward and effective, leveraging simple loops and arithmetic.

    The final implementation was clean and efficient, successfully passing all provided test cases. The key takeaway from this experience is the importance of breaking down the problem into manageable parts and ensuring that all edge cases (like having fewer problems than needed for a single contest) are considered. The solution was implemented without any external libraries, adhering to the constraints given. 

    Here’s the final code snippet for future reference:

    ```python
    def max_contests(T):
        for _ in range(T):
            N, K, D = map(int, input().split())
            A = list(map(int, input().split()))
            total_problems = sum(A)
            contests_possible = total_problems // K
            max_contests = min(contests_possible, D)
            print(max_contests)

    T = int(input())
    max_contests(T)
    ``` 

    This experience reinforced the importance of clear problem understanding and systematic solution development.
[/Summary]


INFO - [Task id] 996 [generation text] 1. **Restate the problem in plain English**:
   The problem involves determining the winner of a billiards game played over several rounds. Each round has two players who score points, and at the end of each round, we need to calculate the cumulative scores for both players. The winner is the player who had the highest lead (the difference between their score and the opponent's score) at any point during the game.

2. **Conceptualize a solution first in plain English**:
   To solve this problem, we will:
   - Read the number of rounds and the scores for each player in each round.
   - Maintain cumulative scores for both players as we process each round.
   - Calculate the lead for each player after each round and keep track of the maximum lead and the corresponding player.
   - Finally, output the player with the maximum lead and the value of that lead.

3. **Write a pseudocode solution**:
   ```
   function find_winner():
       read N (number of rounds)
       initialize cumulative_score_player1 = 0
       initialize cumulative_score_player2 = 0
       initialize max_lead = 0
       initialize winner = 0

       for each round from 1 to N:
           read scores for player1 and player2
           update cumulative scores for both players
           calculate lead = absolute difference between cumulative scores
           if lead > max_lead:
               update max_lead
               update winner based on which player has the higher score

       output winner and max_lead
   ```

4. **Output the final Python 3 solution with your solution steps in comments**:
```python
def find_winner():
    # Read the number of rounds
    N = int(input())
    
    # Initialize cumulative scores for both players
    cumulative_score_player1 = 0
    cumulative_score_player2 = 0
    
    # Initialize variables to track the maximum lead and the winner
    max_lead = 0
    winner = 0

    # Process each round
    for _ in range(N):
        # Read the scores for player 1 and player 2
        scores = list(map(int, input().split()))
        score_player1 = scores[0]
        score_player2 = scores[1]
        
        # Update cumulative scores
        cumulative_score_player1 += score_player1
        cumulative_score_player2 += score_player2
        
        # Calculate the lead
        if cumulative_score_player1 > cumulative_score_player2:
            lead = cumulative_score_player1 - cumulative_score_player2
            current_winner = 1
        else:
            lead = cumulative_score_player2 - cumulative_score_player1
            current_winner = 2
        
        # Update max lead and winner if the current lead is greater
        if lead > max_lead:
            max_lead = lead
            winner = current_winner

    # Output the winner and the maximum lead
    print(winner, max_lead)

find_winner()
```
INFO - program_code:
 
def find_winner():
    # Read the number of rounds
    N = int(input())
    
    # Initialize cumulative scores for both players
    cumulative_score_player1 = 0
    cumulative_score_player2 = 0
    
    # Initialize variables to track the maximum lead and the winner
    max_lead = 0
    winner = 0

    # Process each round
    for _ in range(N):
        # Read the scores for player 1 and player 2
        scores = list(map(int, input().split()))
        score_player1 = scores[0]
        score_player2 = scores[1]
        
        # Update cumulative scores
        cumulative_score_player1 += score_player1
        cumulative_score_player2 += score_player2
        
        # Calculate the lead
        if cumulative_score_player1 > cumulative_score_player2:
            lead = cumulative_score_player1 - cumulative_score_player2
            current_winner = 1
        else:
            lead = cumulative_score_player2 - cumulative_score_player1
            current_winner = 2
        
        # Update max lead and winner if the current lead is greater
        if lead > max_lead:
            max_lead = lead
            winner = current_winner

    # Output the winner and the maximum lead
    print(winner, max_lead)

find_winner()


INFO - program_name:
 find_winner

INFO - dependencies:
 []

INFO - raw_msg:
 1. **Restate the problem in plain English**:
   The problem involves determining the winner of a billiards game played over several rounds. Each round has two players who score points, and at the end of each round, we need to calculate the cumulative scores for both players. The winner is the player who had the highest lead (the difference between their score and the opponent's score) at any point during the game.

2. **Conceptualize a solution first in plain English**:
   To solve this problem, we will:
   - Read the number of rounds and the scores for each player in each round.
   - Maintain cumulative scores for both players as we process each round.
   - Calculate the lead for each player after each round and keep track of the maximum lead and the corresponding player.
   - Finally, output the player with the maximum lead and the value of that lead.

3. **Write a pseudocode solution**:
   ```
   function find_winner():
       read N (number of rounds)
       initialize cumulative_score_player1 = 0
       initialize cumulative_score_player2 = 0
       initialize max_lead = 0
       initialize winner = 0

       for each round from 1 to N:
           read scores for player1 and player2
           update cumulative scores for both players
           calculate lead = absolute difference between cumulative scores
           if lead > max_lead:
               update max_lead
               update winner based on which player has the higher score

       output winner and max_lead
   ```

4. **Output the final Python 3 solution with your solution steps in comments**:
```python
def find_winner():
    # Read the number of rounds
    N = int(input())
    
    # Initialize cumulative scores for both players
    cumulative_score_player1 = 0
    cumulative_score_player2 = 0
    
    # Initialize variables to track the maximum lead and the winner
    max_lead = 0
    winner = 0

    # Process each round
    for _ in range(N):
        # Read the scores for player 1 and player 2
        scores = list(map(int, input().split()))
        score_player1 = scores[0]
        score_player2 = scores[1]
        
        # Update cumulative scores
        cumulative_score_player1 += score_player1
        cumulative_score_player2 += score_player2
        
        # Calculate the lead
        if cumulative_score_player1 > cumulative_score_player2:
            lead = cumulative_score_player1 - cumulative_score_player2
            current_winner = 1
        else:
            lead = cumulative_score_player2 - cumulative_score_player1
            current_winner = 2
        
        # Update max lead and winner if the current lead is greater
        if lead > max_lead:
            max_lead = lead
            winner = current_winner

    # Output the winner and the maximum lead
    print(winner, max_lead)

find_winner()
```

INFO - no_parent:
 False

INFO - full code to be executed: 
 
def find_winner():
    # Read the number of rounds
    N = int(input())
    
    # Initialize cumulative scores for both players
    cumulative_score_player1 = 0
    cumulative_score_player2 = 0
    
    # Initialize variables to track the maximum lead and the winner
    max_lead = 0
    winner = 0

    # Process each round
    for _ in range(N):
        # Read the scores for player 1 and player 2
        scores = list(map(int, input().split()))
        score_player1 = scores[0]
        score_player2 = scores[1]
        
        # Update cumulative scores
        cumulative_score_player1 += score_player1
        cumulative_score_player2 += score_player2
        
        # Calculate the lead
        if cumulative_score_player1 > cumulative_score_player2:
            lead = cumulative_score_player1 - cumulative_score_player2
            current_winner = 1
        else:
            lead = cumulative_score_player2 - cumulative_score_player1
            current_winner = 2
        
        # Update max lead and winner if the current lead is greater
        if lead > max_lead:
            max_lead = lead
            winner = current_winner

    # Output the winner and the maximum lead
    print(winner, max_lead)

find_winner()


INFO - obs: Note: Inputs/outputs here are automatically extracted/truncated so formatting may be a bit off.
Tests passed:

 Input: ['5', '140 82', '89 134', '90 110', '112 106', '88 90'] Output: 1 58

Tests failed:
None
reward: True
done: None
info: {'individual_results': [True]}
INFO - Updated entry: 
[Task]:
    The game of billiards involves two players knocking 3 balls around
    on a green baize table. Well, there is more to it, but for our
    purposes this is sufficient.
    The game consists of several rounds and in each round both players
    obtain a score, based on how well they pla...,

INFO - Metadata: {
    "raw_msg": "1. **Restate the problem in plain English**:\n   The problem involves determining the winner of a billiards game played over several rounds. Each round has two players who score points, and at the end of each round, we need to calculate the cumulative scores for both players. Th...

INFO - LM call n parse attempt 1 / 3

INFO - [Task id] 996 [prompt] 
You are an expert programmer tasked with solving the problem below.

Follow the user's instructions to solve the problem.
The user can ask for analysis, code, or both.

## Instructions
When asked to output code,
- Make sure to wrap your code in '```python' and '```' Markdown delimiters, 
- include exactly one block of code with the entire solution
- No outside libraries are allowed. 
- Builtins are allowed.
- If the task specifies a function name to be used, follow it strictly (be case sensitive!) and declare the that function last (helper functions are declared first).
- DO NOT write any assert statements / tests.

## Problem
[BEGIN PROBLEM]
The game of billiards involves two players knocking 3 balls around
on a green baize table. Well, there is more to it, but for our
purposes this is sufficient.
The game consists of several rounds and in each round both players
obtain a score, based on how well they played. Once all the rounds
have been played, the total score of each player is determined by
adding up the scores in all the rounds and the player with the higher
total score is declared the winner.
The Siruseri Sports Club organises an annual billiards game where
the top two players of Siruseri play against each other. The Manager
of Siruseri Sports Club decided to add his own twist to the game by
changing the rules for determining the winner. In his version, at the
end of each round, the cumulative score for each player is calculated, and the leader and her current lead are found. Once
all the rounds are over the player who had the maximum lead at the
end of any round in the game is declared the winner.

Consider the following score sheet for a game with 5 rounds:
RoundPlayer 1Player 2114082289134390110411210658890

The total scores of both players, the leader and the lead after
each round for this game is given below:RoundPlayer 1Player 2LeaderLead114082Player 1582229216Player 1133319326Player 274431432Player 215519522Player 23
Note that the above table contains the cumulative scores.
The winner of this game is Player 1 as he had the maximum lead (58
at the end of round 1) during the game.
Your task is to help the Manager find the winner and the winning
lead. You may assume that the scores will be such that there will
always be a single winner.  That is, there are no ties.
Input
The first line of the input will contain a single integer N (N
≤ 10000) indicating the number of rounds in the game.  Lines
2,3,...,N+1 describe the scores of the two players in the N rounds.
Line i+1 contains two integer Si and Ti, the scores of the Player 1
and 2 respectively, in round i.  You may assume that 1 ≤ Si ≤
1000 and 1 ≤ Ti ≤ 1000.  
Output
Your output must consist of a single line containing two integers
W and L, where W is 1 or 2 and indicates the winner and L is the
maximum lead attained by the winner.
Example
Input:
5
140 82
89 134
90 110
112 106
88 90

Output:
1 58

The output code needs to read from and write to standard IO


[END PROBLEM]

INFO - [Task id] 996 [prompt] 
## Instructions

Reason through the problem and:
1. Restate the problem in plain English
2. Conceptualize a solution first in plain English
3. Write a pseudocode solution
4. Output the final Python 3 solution with your solution steps in comments.

Make sure to wrap your code in '```python' and '```' Markdown delimiters, 
and include exactly one block of code with the entire solution.

No outside libraries are allowed.
Builtins are allowed.

INFO - [Task id] 996 [prompt] 1. **Restate the problem in plain English**:
   The problem involves determining the winner of a billiards game played over several rounds. Each round has two players who score points, and at the end of each round, we need to calculate the cumulative scores for both players. The winner is the player who had the highest lead (the difference between their score and the opponent's score) at any point during the game.

2. **Conceptualize a solution first in plain English**:
   To solve this problem, we will:
   - Read the number of rounds and the scores for each player in each round.
   - Maintain cumulative scores for both players as we process each round.
   - Calculate the lead for each player after each round and keep track of the maximum lead and the corresponding player.
   - Finally, output the player with the maximum lead and the value of that lead.

3. **Write a pseudocode solution**:
   ```
   function find_winner():
       read N (number of rounds)
       initialize cumulative_score_player1 = 0
       initialize cumulative_score_player2 = 0
       initialize max_lead = 0
       initialize winner = 0

       for each round from 1 to N:
           read scores for player1 and player2
           update cumulative scores for both players
           calculate lead = absolute difference between cumulative scores
           if lead > max_lead:
               update max_lead
               update winner based on which player has the higher score

       output winner and max_lead
   ```

4. **Output the final Python 3 solution with your solution steps in comments**:
```python
def find_winner():
    # Read the number of rounds
    N = int(input())
    
    # Initialize cumulative scores for both players
    cumulative_score_player1 = 0
    cumulative_score_player2 = 0
    
    # Initialize variables to track the maximum lead and the winner
    max_lead = 0
    winner = 0

    # Process each round
    for _ in range(N):
        # Read the scores for player 1 and player 2
        scores = list(map(int, input().split()))
        score_player1 = scores[0]
        score_player2 = scores[1]
        
        # Update cumulative scores
        cumulative_score_player1 += score_player1
        cumulative_score_player2 += score_player2
        
        # Calculate the lead
        if cumulative_score_player1 > cumulative_score_player2:
            lead = cumulative_score_player1 - cumulative_score_player2
            current_winner = 1
        else:
            lead = cumulative_score_player2 - cumulative_score_player1
            current_winner = 2
        
        # Update max lead and winner if the current lead is greater
        if lead > max_lead:
            max_lead = lead
            winner = current_winner

    # Output the winner and the maximum lead
    print(winner, max_lead)

find_winner()
```
INFO - [Task id] 996 [prompt] 
[Environment Feedback]:
    Note: Inputs/outputs here are automatically extracted/truncated so formatting may be a bit off.
    Tests passed:

     Input: ['5', '140 82', '89 134', '90 110', '112 106', '88 90'] Output: 1 58

    Tests failed:
    None
[/Environment Feedback]

INFO - [Task id] 996 [prompt] 
## Instructions
Now, summarize your attempts as a **standalone** document for your own future reference. (can skip formalities, be concise)

- Only include the most relevant information and code snippets that could be useful in the future.
- If you did not learn much from the current experience (e.g. the problem was too easy), feel free to write less or nothing at all.
- Here are some ideas if the experience was useful:
    - Identifying the core concepts and patterns that problem appears to test for
    - Describing the strategies that seemed to work but did not, and vice versa
    - Describing unexpected errors and how they were fixed

Your summary should be at most a few paragraphs.

INFO - [Task id] 996 [generation text] In this task, I was required to determine the winner of a billiards game based on scores from multiple rounds. The key concept was to track cumulative scores for two players and identify the maximum lead at any point during the game. The solution involved reading input scores, updating cumulative totals, calculating leads, and determining the player with the highest lead.

The approach I took was straightforward: I initialized cumulative scores and iterated through each round to update these scores. After calculating the lead for each round, I compared it with the maximum lead recorded so far and updated the winner accordingly. This method effectively captured the necessary logic to solve the problem.

The final implementation was successful, passing the provided test case. The code snippet used is as follows:

```python
def find_winner():
    N = int(input())
    cumulative_score_player1 = 0
    cumulative_score_player2 = 0
    max_lead = 0
    winner = 0

    for _ in range(N):
        scores = list(map(int, input().split()))
        score_player1 = scores[0]
        score_player2 = scores[1]
        
        cumulative_score_player1 += score_player1
        cumulative_score_player2 += score_player2
        
        if cumulative_score_player1 > cumulative_score_player2:
            lead = cumulative_score_player1 - cumulative_score_player2
            current_winner = 1
        else:
            lead = cumulative_score_player2 - cumulative_score_player1
            current_winner = 2
        
        if lead > max_lead:
            max_lead = lead
            winner = current_winner

    print(winner, max_lead)

find_winner()
```

This experience reinforced the importance of maintaining state (cumulative scores) and tracking changes (leads) throughout iterative processes, which is a common pattern in competitive programming problems.
INFO - LM call n parse attempt 1 / 3

INFO - [Task id] 996 [prompt] 
You are an expert programmer tasked with solving the problem below.

Follow the user's instructions to solve the problem.
The user can ask for analysis, code, or both.

## Instructions
When asked to output code,
- Make sure to wrap your code in '```python' and '```' Markdown delimiters, 
- include exactly one block of code with the entire solution
- No outside libraries are allowed. 
- Builtins are allowed.
- If the task specifies a function name to be used, follow it strictly (be case sensitive!) and declare the that function last (helper functions are declared first).
- DO NOT write any assert statements / tests.

## Problem
[BEGIN PROBLEM]
The game of billiards involves two players knocking 3 balls around
on a green baize table. Well, there is more to it, but for our
purposes this is sufficient.
The game consists of several rounds and in each round both players
obtain a score, based on how well they played. Once all the rounds
have been played, the total score of each player is determined by
adding up the scores in all the rounds and the player with the higher
total score is declared the winner.
The Siruseri Sports Club organises an annual billiards game where
the top two players of Siruseri play against each other. The Manager
of Siruseri Sports Club decided to add his own twist to the game by
changing the rules for determining the winner. In his version, at the
end of each round, the cumulative score for each player is calculated, and the leader and her current lead are found. Once
all the rounds are over the player who had the maximum lead at the
end of any round in the game is declared the winner.

Consider the following score sheet for a game with 5 rounds:
RoundPlayer 1Player 2114082289134390110411210658890

The total scores of both players, the leader and the lead after
each round for this game is given below:RoundPlayer 1Player 2LeaderLead114082Player 1582229216Player 1133319326Player 274431432Player 215519522Player 23
Note that the above table contains the cumulative scores.
The winner of this game is Player 1 as he had the maximum lead (58
at the end of round 1) during the game.
Your task is to help the Manager find the winner and the winning
lead. You may assume that the scores will be such that there will
always be a single winner.  That is, there are no ties.
Input
The first line of the input will contain a single integer N (N
≤ 10000) indicating the number of rounds in the game.  Lines
2,3,...,N+1 describe the scores of the two players in the N rounds.
Line i+1 contains two integer Si and Ti, the scores of the Player 1
and 2 respectively, in round i.  You may assume that 1 ≤ Si ≤
1000 and 1 ≤ Ti ≤ 1000.  
Output
Your output must consist of a single line containing two integers
W and L, where W is 1 or 2 and indicates the winner and L is the
maximum lead attained by the winner.
Example
Input:
5
140 82
89 134
90 110
112 106
88 90

Output:
1 58

The output code needs to read from and write to standard IO


[END PROBLEM]

INFO - [Task id] 996 [prompt] 
## Instructions

Reason through the problem and:
1. Restate the problem in plain English
2. Conceptualize a solution first in plain English
3. Write a pseudocode solution
4. Output the final Python 3 solution with your solution steps in comments.

Make sure to wrap your code in '```python' and '```' Markdown delimiters, 
and include exactly one block of code with the entire solution.

No outside libraries are allowed.
Builtins are allowed.

INFO - [Task id] 996 [prompt] 1. **Restate the problem in plain English**:
   The problem involves determining the winner of a billiards game played over several rounds. Each round has two players who score points, and at the end of each round, we need to calculate the cumulative scores for both players. The winner is the player who had the highest lead (the difference between their score and the opponent's score) at any point during the game.

2. **Conceptualize a solution first in plain English**:
   To solve this problem, we will:
   - Read the number of rounds and the scores for each player in each round.
   - Maintain cumulative scores for both players as we process each round.
   - Calculate the lead for each player after each round and keep track of the maximum lead and the corresponding player.
   - Finally, output the player with the maximum lead and the value of that lead.

3. **Write a pseudocode solution**:
   ```
   function find_winner():
       read N (number of rounds)
       initialize cumulative_score_player1 = 0
       initialize cumulative_score_player2 = 0
       initialize max_lead = 0
       initialize winner = 0

       for each round from 1 to N:
           read scores for player1 and player2
           update cumulative scores for both players
           calculate lead = absolute difference between cumulative scores
           if lead > max_lead:
               update max_lead
               update winner based on which player has the higher score

       output winner and max_lead
   ```

4. **Output the final Python 3 solution with your solution steps in comments**:
```python
def find_winner():
    # Read the number of rounds
    N = int(input())
    
    # Initialize cumulative scores for both players
    cumulative_score_player1 = 0
    cumulative_score_player2 = 0
    
    # Initialize variables to track the maximum lead and the winner
    max_lead = 0
    winner = 0

    # Process each round
    for _ in range(N):
        # Read the scores for player 1 and player 2
        scores = list(map(int, input().split()))
        score_player1 = scores[0]
        score_player2 = scores[1]
        
        # Update cumulative scores
        cumulative_score_player1 += score_player1
        cumulative_score_player2 += score_player2
        
        # Calculate the lead
        if cumulative_score_player1 > cumulative_score_player2:
            lead = cumulative_score_player1 - cumulative_score_player2
            current_winner = 1
        else:
            lead = cumulative_score_player2 - cumulative_score_player1
            current_winner = 2
        
        # Update max lead and winner if the current lead is greater
        if lead > max_lead:
            max_lead = lead
            winner = current_winner

    # Output the winner and the maximum lead
    print(winner, max_lead)

find_winner()
```
INFO - [Task id] 996 [prompt] 
[Environment Feedback]:
    Note: Inputs/outputs here are automatically extracted/truncated so formatting may be a bit off.
    Tests passed:

     Input: ['5', '140 82', '89 134', '90 110', '112 106', '88 90'] Output: 1 58

    Tests failed:
    None
[/Environment Feedback]

INFO - [Task id] 996 [prompt] 
Below is the official solution (do exercise discretion as official solutions can also have mistakes).

You will be reflecting on your attempts to solve the problem.
This will be a **standalone** document for your own future reference. (can skip formalities, be concise)

## Instructions
- Only include the most relevant insights and code snippets that could be useful in the future.
- If you did not learn much from the current experience (e.g. the problem was too easy / official solution was obvious), feel free to write less or nothing at all.
- Here are some ideas if the experience was useful:
    - If the official solution is insightful (e.g. better than yours in time and space complexity or more effective in breaking down the problem statement), distil the key approach of the official solution, step by step.
    - If your approach failed the test cases, reason why the official solution works but yours does not

Your reflection should be at most a few paragraphs.

## Official solution
s1=s2=lead=0
mlead1=mlead2=0
for _ in range(int(input())):
    x, y= list(map(int, input().split()))
    s1, s2= s1+x, s2+y
    if(s1>s2):
        lead=(s1-s2)
        mlead1= max(mlead1, lead)
    else:
        lead=(s2-s1)
        mlead2= max(mlead2, lead)
if(mlead1<(mlead2)):
    print('2', mlead2)
else:
    print('1', mlead1)



INFO - [Task id] 996 [generation text] The official solution effectively simplifies the problem by maintaining two cumulative scores and tracking the maximum lead for each player in a more compact manner. Here are the key insights from the official solution:

1. **Initialization**: The solution initializes cumulative scores (`s1` for Player 1 and `s2` for Player 2) and maximum leads (`mlead1` for Player 1 and `mlead2` for Player 2) to zero. This sets a clear starting point for score accumulation.

2. **Single Loop for Input Processing**: The solution processes the input in a single loop, reading scores for both players and updating their cumulative scores immediately. This reduces the need for additional data structures and keeps the code concise.

3. **Lead Calculation**: After updating the cumulative scores, the solution checks which player is leading and calculates the lead accordingly. It uses the `max` function to update the maximum lead for the leading player, ensuring that only the highest lead is retained.

4. **Final Decision**: At the end of the loop, the solution compares the maximum leads of both players and prints the winner along with their maximum lead. This final comparison is straightforward and avoids unnecessary complexity.

Overall, the official solution is efficient and clear, leveraging simple arithmetic and conditional checks to achieve the desired outcome. My initial approach was similar in logic but could have been more concise by directly tracking maximum leads without maintaining separate cumulative scores for comparison. The official solution's use of fewer variables and direct comparisons makes it easier to follow and potentially more efficient in terms of space complexity.
INFO - Updated entry: In this task, I was required to determine the winner of a billiards game based on scores from multiple rounds. The key concept was to track cumulative scores for two players and identify the maximum lead at any point during the game. The solution involved reading input scores, updating cumulative...,

INFO - Metadata: {
    "task_id": 996
}

INFO - Updated entry: The official solution effectively simplifies the problem by maintaining two cumulative scores and tracking the maximum lead for each player in a more compact manner. Here are the key insights from the official solution:

1. **Initialization**: The solution initializes cumulative scores (`s1` for ...,

INFO - Metadata: {
    "task_id": 996
}

INFO - LM call n parse attempt 1 / 3

INFO - [Task id] 996 [prompt] 
You are a helpful assistant that writes a description of the given function written in the Python programming language.

1) Do not mention the function name.
2) Do not mention anything about helper functions.
3) There might be some helper functions before the main function, but you only need to describe the main function.
4) Try to summarize the function in no more than 6 sentences.
5) Your response should be a single line of text.

INFO - [Task id] 996 [prompt] 
def find_winner():
    # Read the number of rounds
    N = int(input())
    
    # Initialize cumulative scores for both players
    cumulative_score_player1 = 0
    cumulative_score_player2 = 0
    
    # Initialize variables to track the maximum lead and the winner
    max_lead = 0
    winner = 0

    # Process each round
    for _ in range(N):
        # Read the scores for player 1 and player 2
        scores = list(map(int, input().split()))
        score_player1 = scores[0]
        score_player2 = scores[1]
        
        # Update cumulative scores
        cumulative_score_player1 += score_player1
        cumulative_score_player2 += score_player2
        
        # Calculate the lead
        if cumulative_score_player1 > cumulative_score_player2:
            lead = cumulative_score_player1 - cumulative_score_player2
            current_winner = 1
        else:
            lead = cumulative_score_player2 - cumulative_score_player1
            current_winner = 2
        
        # Update max lead and winner if the current lead is greater
        if lead > max_lead:
            max_lead = lead
            winner = current_winner

    # Output the winner and the maximum lead
    print(winner, max_lead)

find_winner()


The main function is `find_winner`.
INFO - [Task id] 996 [generation text] This function reads the number of rounds and processes the scores of two players, calculating their cumulative scores after each round. It determines the lead for each player and keeps track of the maximum lead observed throughout the rounds. The function identifies which player had the highest lead at any point and records the corresponding player as the winner. Finally, it outputs the winner along with the maximum lead achieved. The function effectively summarizes the performance of both players over multiple rounds. It provides a clear result indicating who won and by how much.
INFO - LM call n parse attempt 1 / 3

INFO - [Task id] 996 [prompt] 
You are a helpful assistant that extracts important information from problems and solutions to aid in searchability and education.

## Instructions
- Read through the problem and solution carefully.
- Reason out, step by step, in what scenarios this knowledge would be useful.
- Focus on general patterns and situations to help connect this knowledge to new situations.
- Then, include a list of keywords that are useful for searching this problem/solution pair.

## Response format
Respond in JSON, and follow the keys and expected format of the values strictly.

The output should be formatted as a JSON instance that conforms to the JSON schema below.

As an example, for the schema {"properties": {"foo": {"title": "Foo", "description": "a list of strings", "type": "array", "items": {"type": "string"}}}, "required": ["foo"]}
the object {"foo": ["bar", "baz"]} is a well-formatted instance of the schema. The object {"properties": {"foo": ["bar", "baz"]}} is not well-formatted.

Here is the output schema:
```
{"properties": {"scenarios": {"description": "In what scenarios will this knowledge be useful? Answer in a paragraph.", "title": "Scenarios", "type": "string"}, "keywords": {"description": "List of keywords that are useful for searching this problem/solution pair", "items": {"type": "string"}, "title": "Keywords", "type": "array"}}, "required": ["scenarios", "keywords"]}
```

INFO - [Task id] 996 [prompt] 
[Problem]
    The game of billiards involves two players knocking 3 balls around
    on a green baize table. Well, there is more to it, but for our
    purposes this is sufficient.
    The game consists of several rounds and in each round both players
    obtain a score, based on how well they played. Once all the rounds
    have been played, the total score of each player is determined by
    adding up the scores in all the rounds and the player with the higher
    total score is declared the winner.
    The Siruseri Sports Club organises an annual billiards game where
    the top two players of Siruseri play against each other. The Manager
    of Siruseri Sports Club decided to add his own twist to the game by
    changing the rules for determining the winner. In his version, at the
    end of each round, the cumulative score for each player is calculated, and the leader and her current lead are found. Once
    all the rounds are over the player who had the maximum lead at the
    end of any round in the game is declared the winner.

    Consider the following score sheet for a game with 5 rounds:
    RoundPlayer 1Player 2114082289134390110411210658890

    The total scores of both players, the leader and the lead after
    each round for this game is given below:RoundPlayer 1Player 2LeaderLead114082Player 1582229216Player 1133319326Player 274431432Player 215519522Player 23
    Note that the above table contains the cumulative scores.
    The winner of this game is Player 1 as he had the maximum lead (58
    at the end of round 1) during the game.
    Your task is to help the Manager find the winner and the winning
    lead. You may assume that the scores will be such that there will
    always be a single winner.  That is, there are no ties.
    Input
    The first line of the input will contain a single integer N (N
    ≤ 10000) indicating the number of rounds in the game.  Lines
    2,3,...,N+1 describe the scores of the two players in the N rounds.
    Line i+1 contains two integer Si and Ti, the scores of the Player 1
    and 2 respectively, in round i.  You may assume that 1 ≤ Si ≤
    1000 and 1 ≤ Ti ≤ 1000.  
    Output
    Your output must consist of a single line containing two integers
    W and L, where W is 1 or 2 and indicates the winner and L is the
    maximum lead attained by the winner.
    Example
    Input:
    5
    140 82
    89 134
    90 110
    112 106
    88 90

    Output:
    1 58
[/Problem]

[Solution]

    def find_winner():
        # Read the number of rounds
        N = int(input())
    
        # Initialize cumulative scores for both players
        cumulative_score_player1 = 0
        cumulative_score_player2 = 0
    
        # Initialize variables to track the maximum lead and the winner
        max_lead = 0
        winner = 0

        # Process each round
        for _ in range(N):
            # Read the scores for player 1 and player 2
            scores = list(map(int, input().split()))
            score_player1 = scores[0]
            score_player2 = scores[1]
        
            # Update cumulative scores
            cumulative_score_player1 += score_player1
            cumulative_score_player2 += score_player2
        
            # Calculate the lead
            if cumulative_score_player1 > cumulative_score_player2:
                lead = cumulative_score_player1 - cumulative_score_player2
                current_winner = 1
            else:
                lead = cumulative_score_player2 - cumulative_score_player1
                current_winner = 2
        
            # Update max lead and winner if the current lead is greater
            if lead > max_lead:
                max_lead = lead
                winner = current_winner

        # Output the winner and the maximum lead
        print(winner, max_lead)

    find_winner()

[/Solution]

INFO - [Task id] 996 [generation text] 
INFO - {
    "scenarios": "This knowledge is useful in competitive gaming scenarios where scoring is cumulative and the winner is determined by the maximum lead at any point in the game rather than the final score. It can be applied in sports tournaments, game design, or any competitive event where tracking leads over time is essential. Understanding this method can help in designing fair competition rules and in analyzing game strategies based on lead management.",
    "keywords": [
        "billiards",
        "game scoring",
        "cumulative score",
        "maximum lead",
        "winner determination",
        "competitive gaming",
        "sports tournament",
        "lead tracking"
    ]
}
INFO - {
    "scenarios": "This knowledge is useful in competitive gaming scenarios where scoring is cumulative and the winner is determined by the maximum lead at any point in the game rather than the final score. It can be applied in sports tournaments, game design, or any competitive event where tracking leads over time is essential. Understanding this method can help in designing fair competition rules and in analyzing game strategies based on lead management.",
    "keywords": [
        "billiards",
        "game scoring",
        "cumulative score",
        "maximum lead",
        "winner determination",
        "competitive gaming",
        "sports tournament",
        "lead tracking"
    ]
}
INFO - Updated entry: 
[description for function: find_winner]
This function reads the number of rounds and processes the scores of two players, calculating their cumulative scores after each round. It determines the lead for each player and keeps track of the maximum lead observed throughout the rounds. The function ...,

INFO - Metadata: {
    "task": 996,
    "code": "\ndef find_winner():\n    # Read the number of rounds\n    N = int(input())\n    \n    # Initialize cumulative scores for both players\n    cumulative_score_player1 = 0\n    cumulative_score_player2 = 0\n    \n    # Initialize variables to track the maximum lead an...

