INFO - DB skill doc count: 0

INFO - DB non_func doc count: 6

INFO - DB semantic doc count: 429

INFO - DB summaries doc count: 7

INFO - DB reflections doc count: 7

INFO - DB episodic doc count: 13

INFO - [train iter]: 7/100 

INFO - The task prompt is Nexus 4.O is going to be organized by ASME, GLA University. Shubhanshu, Head of Finance Team is working for it. He has $N$ number of bills of different values as $a$$1$,$ a$$2$, $a$$3$…$a$$n$.
He is interested in a game in which one has to do the addition of the bills. But due to privacy concerns...

INFO - Attempting task_id 615
INFO - LM call n parse attempt 1 / 3

INFO - [Task id] 615 [prompt] 
You are an expert programmer tasked with solving the problem below.

Follow the user's instructions to solve the problem.
The user can ask for analysis, code, or both.

## Instructions
When asked to output code,
- Make sure to wrap your code in '```python' and '```' Markdown delimiters, 
- include exactly one block of code with the entire solution
- No outside libraries are allowed. 
- Builtins are allowed.
- If the task specifies a function name to be used, follow it strictly (be case sensitive!) and declare the that function last (helper functions are declared first).
- DO NOT write any assert statements / tests.

## Problem
[BEGIN PROBLEM]
Nexus 4.O is going to be organized by ASME, GLA University. Shubhanshu, Head of Finance Team is working for it. He has $N$ number of bills of different values as $a$$1$,$ a$$2$, $a$$3$…$a$$n$.
He is interested in a game in which one has to do the addition of the bills. But due to privacy concerns, he cannot share the details with others. 
He can only trust his best friend Avani with such a confidential thing. So, he asked her to play this game.
Rules of the game :
- Avani needs to answer $Q$ queries.
- Every $Q$$i$ query has 2 values $X$$i$ and $Y$$i$.
- Avani needs to find the sum of the values between $X$$i$ and $Y$$i$ (inclusive).
So, you need to help Avani in answering the $Q$ queries

-----Input:-----
- First line will contain $T$, number of testcases. Then the testcases follow. 
- The first line of each test case contains the value $N$ and $Q$.
- The second line of each test case contains the $N$ space-separated values as $a$$1$,$ a$$2$, $a$$3$…$a$$n$.
- The next line of each test case containing $Q$ query with $X$$i$ and $Y$$i$.

-----Output:-----
For each test case, Print the total amount between $X$$i$ and $Y$$i$ for $Q$ number of queries.

-----Constraints-----
- $1 \leq T \leq 100$
- $1 \leq N \leq 10^5$
- $1 \leq Q \leq 10^5$
- $1 \leq a$$i$$ \leq 10^9$

-----Subtasks (25 points) :-----
- $1 \leq N \leq 10^2$.
- $1 \leq Q \leq 10^2$.
- $1 \leq a$$i$$ \leq 10^5$.

-----Subtasks (25 points) :-----
- $1 \leq N \leq 10^3$.
- $1 \leq Q \leq 10^3$.
- $1 \leq a$$i$$ \leq 10^5$.

-----Subtasks (50 points) :-----
- $Original  Constraints$.

-----Sample Input:-----
1
8 3
1 2 3 4 5 6 7 8
2 3
1 6
5 8

-----Sample Output:-----
5
21
26

-----EXPLANATION:-----
$Q$$1$ : (2,3) 2+3=5
$Q$$2$ : (1,6) 1+2+3+4+5+6=21
$Q$$3$ : (5,8) 5+6+7+8=26

The output code needs to read from and write to standard IO


[END PROBLEM]

INFO - [Task id] 615 [prompt] 
## Instructions

Reason through the problem and:
1. Restate the problem in plain English
2. Conceptualize a solution first in plain English
3. Write a pseudocode solution
4. Output the final Python 3 solution with your solution steps in comments.

Make sure to wrap your code in '```python' and '```' Markdown delimiters, 
and include exactly one block of code with the entire solution.

No outside libraries are allowed.
Builtins are allowed.

INFO - [Task id] 615 [generation text] 1. **Restate the problem in plain English:**
   We need to help Avani answer multiple queries about the sum of values in a list of bills. For each query, we are given two indices, and we need to calculate the sum of the bills from the first index to the second index, inclusive. This needs to be done for multiple test cases.

2. **Conceptualize a solution first in plain English:**
   - Read the number of test cases.
   - For each test case, read the number of bills and the number of queries.
   - Store the bills in a list.
   - For each query, calculate the sum of the bills between the two specified indices. Since the indices are 1-based, we need to adjust them to 0-based for Python list indexing.
   - Print the results for each query.

3. **Write a pseudocode solution:**
   ```
   function main():
       read T  // number of test cases
       for each test case from 1 to T:
           read N, Q  // number of bills and number of queries
           read bills as a list of integers
           for each query from 1 to Q:
               read Xi, Yi  // the indices for the query
               sum = 0
               for i from Xi-1 to Yi-1:  // adjust for 0-based index
                   sum += bills[i]
               print sum
   ```

4. **Output the final Python 3 solution with your solution steps in comments:**
```python
def main():
    import sys
    input = sys.stdin.read
    data = input().splitlines()
    
    index = 0
    T = int(data[index])  # Read number of test cases
    index += 1
    results = []
    
    for _ in range(T):
        N, Q = map(int, data[index].split())  # Read N and Q
        index += 1
        bills = list(map(int, data[index].split()))  # Read the bills
        index += 1
        
        for __ in range(Q):
            Xi, Yi = map(int, data[index].split())  # Read each query
            index += 1
            
            # Calculate the sum from Xi to Yi (1-based index)
            total_sum = sum(bills[Xi-1:Yi])  # Adjust for 0-based index
            results.append(total_sum)  # Store the result
    
    # Print all results for each query
    for result in results:
        print(result)

# Call the main function to execute the program
main()
```
INFO - [35m Rollout attempt 1/4[0m
INFO - [33m Retrieving 1 entries for db: episodic 
 [0m
INFO - Retrieved (score=0.4128):

[Task]:
    Dr. S. De teaches computer architecture in NIT Patna. Whenever he comes across any good question(with complexity $k$), he gives that question to students within roll number range $i$ and $j$
    At the start of semester he assigns score of $10$ to every student in his class if a stud...


INFO - [33m Retrieving 1 entries for db: semantic 
 [0m
INFO - Retrieved (score=0.4716):
Title: Continued fractions
Part: 12/12
```
    === "Python"
        ```py
        def solve(p, q, N):
            return p * N * (N + 1) // 2 - q * sum_floor(fraction(p, q), N)
        ``` 

!!! example "[Library Checker - Sum of Floor of Linear](https://judge.yosupo.jp/problem/sum_of_floor_of_li...


INFO - [33m Retrieving 1 entries for db: reflections 
 [0m
INFO - Retrieved (score=0.4675):
The official solution employs a dictionary to track the scores of students, which allows for more efficient updates and avoids the need to initialize a large list for all students. This approach is particularly beneficial when the number of students (N) is large but not all students are affected ...


INFO - [33m Retrieving 1 entries for db: summaries 
 [0m
INFO - Retrieved (score=0.3643):
In this task, the goal was to compute the mean of maximum scores for students after they solve a series of questions with varying complexities. Each student starts with a score of 10, and their score is multiplied by the complexity of the question if they fall within a specified roll number range...


INFO - [33m Retrieving 1 entries for db: non_func 
 [0m
INFO - Retrieved (score=0.5007):

[description for function: calculate_mean_scores]
The function processes multiple test cases to calculate the mean scores of students based on their initial scores and adjustments made by a series of questions. For each test case, it reads the number of students and questions, initializing each ...


INFO - Retrieved (score=0.3643): 
[Summary]:
    In this task, the goal was to compute the mean of maximum scores for students after they solve a series of questions with varying complexities. Each student starts with a score of 10, and their score is multiplied by the complexity of the question if they fall within a specified r...
INFO - LM call n parse attempt 1 / 3

INFO - [Task id] 615 [prompt] 
You are an expert programmer tasked with solving the problem below.

Follow the user's instructions to solve the problem.
The user can ask for analysis, code, or both.

## Instructions
When asked to output code,
- Make sure to wrap your code in '```python' and '```' Markdown delimiters, 
- include exactly one block of code with the entire solution
- No outside libraries are allowed. 
- Builtins are allowed.
- If the task specifies a function name to be used, follow it strictly (be case sensitive!) and declare the that function last (helper functions are declared first).
- DO NOT write any assert statements / tests.

## Problem
[BEGIN PROBLEM]
Nexus 4.O is going to be organized by ASME, GLA University. Shubhanshu, Head of Finance Team is working for it. He has $N$ number of bills of different values as $a$$1$,$ a$$2$, $a$$3$…$a$$n$.
He is interested in a game in which one has to do the addition of the bills. But due to privacy concerns, he cannot share the details with others. 
He can only trust his best friend Avani with such a confidential thing. So, he asked her to play this game.
Rules of the game :
- Avani needs to answer $Q$ queries.
- Every $Q$$i$ query has 2 values $X$$i$ and $Y$$i$.
- Avani needs to find the sum of the values between $X$$i$ and $Y$$i$ (inclusive).
So, you need to help Avani in answering the $Q$ queries

-----Input:-----
- First line will contain $T$, number of testcases. Then the testcases follow. 
- The first line of each test case contains the value $N$ and $Q$.
- The second line of each test case contains the $N$ space-separated values as $a$$1$,$ a$$2$, $a$$3$…$a$$n$.
- The next line of each test case containing $Q$ query with $X$$i$ and $Y$$i$.

-----Output:-----
For each test case, Print the total amount between $X$$i$ and $Y$$i$ for $Q$ number of queries.

-----Constraints-----
- $1 \leq T \leq 100$
- $1 \leq N \leq 10^5$
- $1 \leq Q \leq 10^5$
- $1 \leq a$$i$$ \leq 10^9$

-----Subtasks (25 points) :-----
- $1 \leq N \leq 10^2$.
- $1 \leq Q \leq 10^2$.
- $1 \leq a$$i$$ \leq 10^5$.

-----Subtasks (25 points) :-----
- $1 \leq N \leq 10^3$.
- $1 \leq Q \leq 10^3$.
- $1 \leq a$$i$$ \leq 10^5$.

-----Subtasks (50 points) :-----
- $Original  Constraints$.

-----Sample Input:-----
1
8 3
1 2 3 4 5 6 7 8
2 3
1 6
5 8

-----Sample Output:-----
5
21
26

-----EXPLANATION:-----
$Q$$1$ : (2,3) 2+3=5
$Q$$2$ : (1,6) 1+2+3+4+5+6=21
$Q$$3$ : (5,8) 5+6+7+8=26

The output code needs to read from and write to standard IO


[END PROBLEM]

INFO - [Task id] 615 [prompt] 
## Instructions

Reason through the problem and:
1. Restate the problem in plain English
2. Conceptualize a solution first in plain English
3. Write a pseudocode solution
4. Output the final Python 3 solution with your solution steps in comments.

Make sure to wrap your code in '```python' and '```' Markdown delimiters, 
and include exactly one block of code with the entire solution.

No outside libraries are allowed.
Builtins are allowed.

INFO - [Task id] 615 [prompt] 
Also, here are some of your memories.
Feel free to use the given information to aid your problem solving process if necessary.
Do not confuse the memories with the problem statement.

## Memories

[Summary]:
    In this task, the goal was to compute the mean of maximum scores for students after they solve a series of questions with varying complexities. Each student starts with a score of 10, and their score is multiplied by the complexity of the question if they fall within a specified roll number range. 

    The approach involved initializing a list of scores for all students, processing each question to update the scores based on the given range and complexity, and finally calculating the mean score. The solution was implemented efficiently to handle the constraints, particularly the potential large input sizes.

    The final code successfully handled the input and output requirements, and the logic for updating scores was straightforward. The key takeaway was the importance of managing index conversions (from 1-based to 0-based) when processing the roll number ranges. The solution passed the provided test case, confirming its correctness. 

    Here’s the final code snippet for future reference:

    ```python
    def calculate_mean_scores(T):
        for _ in range(T):
            N, M = map(int, input().split())
            scores = [10] * N
            for _ in range(M):
                i, j, k = map(int, input().split())
                for student in range(i - 1, j):  # Convert to 0-based index
                    scores[student] *= k
            mean_score = sum(scores) // N
            print(mean_score)

    T = int(input())
    calculate_mean_scores(T)
    ``` 

    This experience reinforced the importance of careful index management and efficient score updates in competitive programming scenarios.
[/Summary]


INFO - [Task id] 615 [generation text] 1. **Restate the problem in plain English:**
   The problem involves calculating the sum of values from a list of bills for multiple queries. Each query specifies a range of indices, and we need to return the sum of the values in that range for each query. We have multiple test cases to handle.

2. **Conceptualize a solution first in plain English:**
   To efficiently answer the sum queries, we can use a prefix sum array. The prefix sum array allows us to compute the sum of any subarray in constant time after an initial linear time preprocessing step. The steps are as follows:
   - Read the number of test cases.
   - For each test case, read the number of bills and the number of queries.
   - Construct a prefix sum array where each element at index `i` contains the sum of the bills from the start up to index `i`.
   - For each query, use the prefix sum array to quickly calculate the sum between the specified indices.

3. **Write a pseudocode solution:**
   ```
   function solve():
       read T  // number of test cases
       for each test case from 1 to T:
           read N, Q  // number of bills and number of queries
           read array a of size N
           initialize prefix_sum array of size N+1
           prefix_sum[0] = 0
           for i from 1 to N:
               prefix_sum[i] = prefix_sum[i-1] + a[i-1]
           for each query from 1 to Q:
               read X, Y  // indices for the query
               sum = prefix_sum[Y] - prefix_sum[X-1]
               print sum
   ```

4. **Output the final Python 3 solution with your solution steps in comments:**
```python
def solve():
    # Read the number of test cases
    T = int(input())
    for _ in range(T):
        # Read N (number of bills) and Q (number of queries)
        N, Q = map(int, input().split())
        # Read the list of bills
        a = list(map(int, input().split()))
        
        # Create a prefix sum array
        prefix_sum = [0] * (N + 1)
        
        # Fill the prefix sum array
        for i in range(1, N + 1):
            prefix_sum[i] = prefix_sum[i - 1] + a[i - 1]
        
        # Process each query
        for __ in range(Q):
            X, Y = map(int, input().split())
            # Calculate the sum from index X to Y
            total_sum = prefix_sum[Y] - prefix_sum[X - 1]
            # Print the result for the current query
            print(total_sum)

# Call the solve function to execute the program
solve()
```
INFO - program_code:
 
def solve():
    # Read the number of test cases
    T = int(input())
    for _ in range(T):
        # Read N (number of bills) and Q (number of queries)
        N, Q = map(int, input().split())
        # Read the list of bills
        a = list(map(int, input().split()))
        
        # Create a prefix sum array
        prefix_sum = [0] * (N + 1)
        
        # Fill the prefix sum array
        for i in range(1, N + 1):
            prefix_sum[i] = prefix_sum[i - 1] + a[i - 1]
        
        # Process each query
        for __ in range(Q):
            X, Y = map(int, input().split())
            # Calculate the sum from index X to Y
            total_sum = prefix_sum[Y] - prefix_sum[X - 1]
            # Print the result for the current query
            print(total_sum)

# Call the solve function to execute the program
solve()


INFO - program_name:
 solve

INFO - dependencies:
 []

INFO - raw_msg:
 1. **Restate the problem in plain English:**
   The problem involves calculating the sum of values from a list of bills for multiple queries. Each query specifies a range of indices, and we need to return the sum of the values in that range for each query. We have multiple test cases to handle.

2. **Conceptualize a solution first in plain English:**
   To efficiently answer the sum queries, we can use a prefix sum array. The prefix sum array allows us to compute the sum of any subarray in constant time after an initial linear time preprocessing step. The steps are as follows:
   - Read the number of test cases.
   - For each test case, read the number of bills and the number of queries.
   - Construct a prefix sum array where each element at index `i` contains the sum of the bills from the start up to index `i`.
   - For each query, use the prefix sum array to quickly calculate the sum between the specified indices.

3. **Write a pseudocode solution:**
   ```
   function solve():
       read T  // number of test cases
       for each test case from 1 to T:
           read N, Q  // number of bills and number of queries
           read array a of size N
           initialize prefix_sum array of size N+1
           prefix_sum[0] = 0
           for i from 1 to N:
               prefix_sum[i] = prefix_sum[i-1] + a[i-1]
           for each query from 1 to Q:
               read X, Y  // indices for the query
               sum = prefix_sum[Y] - prefix_sum[X-1]
               print sum
   ```

4. **Output the final Python 3 solution with your solution steps in comments:**
```python
def solve():
    # Read the number of test cases
    T = int(input())
    for _ in range(T):
        # Read N (number of bills) and Q (number of queries)
        N, Q = map(int, input().split())
        # Read the list of bills
        a = list(map(int, input().split()))
        
        # Create a prefix sum array
        prefix_sum = [0] * (N + 1)
        
        # Fill the prefix sum array
        for i in range(1, N + 1):
            prefix_sum[i] = prefix_sum[i - 1] + a[i - 1]
        
        # Process each query
        for __ in range(Q):
            X, Y = map(int, input().split())
            # Calculate the sum from index X to Y
            total_sum = prefix_sum[Y] - prefix_sum[X - 1]
            # Print the result for the current query
            print(total_sum)

# Call the solve function to execute the program
solve()
```

INFO - no_parent:
 False

INFO - full code to be executed: 
 
def solve():
    # Read the number of test cases
    T = int(input())
    for _ in range(T):
        # Read N (number of bills) and Q (number of queries)
        N, Q = map(int, input().split())
        # Read the list of bills
        a = list(map(int, input().split()))
        
        # Create a prefix sum array
        prefix_sum = [0] * (N + 1)
        
        # Fill the prefix sum array
        for i in range(1, N + 1):
            prefix_sum[i] = prefix_sum[i - 1] + a[i - 1]
        
        # Process each query
        for __ in range(Q):
            X, Y = map(int, input().split())
            # Calculate the sum from index X to Y
            total_sum = prefix_sum[Y] - prefix_sum[X - 1]
            # Print the result for the current query
            print(total_sum)

# Call the solve function to execute the program
solve()


INFO - obs: Note: Inputs/outputs here are automatically extracted/truncated so formatting may be a bit off.
Tests passed:

 Input: ['1', '8 3', '1 2 3 4 5 6 7 8', '2 3', '1 6', '5 8'] Output: 5
21
26

Tests failed:
None
reward: True
done: None
info: {'individual_results': [True]}
INFO - Updated entry: 
[Task]:
    Nexus 4.O is going to be organized by ASME, GLA University. Shubhanshu, Head of Finance Team is working for it. He has $N$ number of bills of different values as $a$$1$,$ a$$2$, $a$$3$…$a$$n$.
    He is interested in a game in which one has to do the addition of the bills. But due to...,

INFO - Metadata: {
    "raw_msg": "1. **Restate the problem in plain English:**\n   The problem involves calculating the sum of values from a list of bills for multiple queries. Each query specifies a range of indices, and we need to return the sum of the values in that range for each query. We have multiple test...

INFO - LM call n parse attempt 1 / 3

INFO - [Task id] 615 [prompt] 
You are an expert programmer tasked with solving the problem below.

Follow the user's instructions to solve the problem.
The user can ask for analysis, code, or both.

## Instructions
When asked to output code,
- Make sure to wrap your code in '```python' and '```' Markdown delimiters, 
- include exactly one block of code with the entire solution
- No outside libraries are allowed. 
- Builtins are allowed.
- If the task specifies a function name to be used, follow it strictly (be case sensitive!) and declare the that function last (helper functions are declared first).
- DO NOT write any assert statements / tests.

## Problem
[BEGIN PROBLEM]
Nexus 4.O is going to be organized by ASME, GLA University. Shubhanshu, Head of Finance Team is working for it. He has $N$ number of bills of different values as $a$$1$,$ a$$2$, $a$$3$…$a$$n$.
He is interested in a game in which one has to do the addition of the bills. But due to privacy concerns, he cannot share the details with others. 
He can only trust his best friend Avani with such a confidential thing. So, he asked her to play this game.
Rules of the game :
- Avani needs to answer $Q$ queries.
- Every $Q$$i$ query has 2 values $X$$i$ and $Y$$i$.
- Avani needs to find the sum of the values between $X$$i$ and $Y$$i$ (inclusive).
So, you need to help Avani in answering the $Q$ queries

-----Input:-----
- First line will contain $T$, number of testcases. Then the testcases follow. 
- The first line of each test case contains the value $N$ and $Q$.
- The second line of each test case contains the $N$ space-separated values as $a$$1$,$ a$$2$, $a$$3$…$a$$n$.
- The next line of each test case containing $Q$ query with $X$$i$ and $Y$$i$.

-----Output:-----
For each test case, Print the total amount between $X$$i$ and $Y$$i$ for $Q$ number of queries.

-----Constraints-----
- $1 \leq T \leq 100$
- $1 \leq N \leq 10^5$
- $1 \leq Q \leq 10^5$
- $1 \leq a$$i$$ \leq 10^9$

-----Subtasks (25 points) :-----
- $1 \leq N \leq 10^2$.
- $1 \leq Q \leq 10^2$.
- $1 \leq a$$i$$ \leq 10^5$.

-----Subtasks (25 points) :-----
- $1 \leq N \leq 10^3$.
- $1 \leq Q \leq 10^3$.
- $1 \leq a$$i$$ \leq 10^5$.

-----Subtasks (50 points) :-----
- $Original  Constraints$.

-----Sample Input:-----
1
8 3
1 2 3 4 5 6 7 8
2 3
1 6
5 8

-----Sample Output:-----
5
21
26

-----EXPLANATION:-----
$Q$$1$ : (2,3) 2+3=5
$Q$$2$ : (1,6) 1+2+3+4+5+6=21
$Q$$3$ : (5,8) 5+6+7+8=26

The output code needs to read from and write to standard IO


[END PROBLEM]

INFO - [Task id] 615 [prompt] 
## Instructions

Reason through the problem and:
1. Restate the problem in plain English
2. Conceptualize a solution first in plain English
3. Write a pseudocode solution
4. Output the final Python 3 solution with your solution steps in comments.

Make sure to wrap your code in '```python' and '```' Markdown delimiters, 
and include exactly one block of code with the entire solution.

No outside libraries are allowed.
Builtins are allowed.

INFO - [Task id] 615 [prompt] 1. **Restate the problem in plain English:**
   The problem involves calculating the sum of values from a list of bills for multiple queries. Each query specifies a range of indices, and we need to return the sum of the values in that range for each query. We have multiple test cases to handle.

2. **Conceptualize a solution first in plain English:**
   To efficiently answer the sum queries, we can use a prefix sum array. The prefix sum array allows us to compute the sum of any subarray in constant time after an initial linear time preprocessing step. The steps are as follows:
   - Read the number of test cases.
   - For each test case, read the number of bills and the number of queries.
   - Construct a prefix sum array where each element at index `i` contains the sum of the bills from the start up to index `i`.
   - For each query, use the prefix sum array to quickly calculate the sum between the specified indices.

3. **Write a pseudocode solution:**
   ```
   function solve():
       read T  // number of test cases
       for each test case from 1 to T:
           read N, Q  // number of bills and number of queries
           read array a of size N
           initialize prefix_sum array of size N+1
           prefix_sum[0] = 0
           for i from 1 to N:
               prefix_sum[i] = prefix_sum[i-1] + a[i-1]
           for each query from 1 to Q:
               read X, Y  // indices for the query
               sum = prefix_sum[Y] - prefix_sum[X-1]
               print sum
   ```

4. **Output the final Python 3 solution with your solution steps in comments:**
```python
def solve():
    # Read the number of test cases
    T = int(input())
    for _ in range(T):
        # Read N (number of bills) and Q (number of queries)
        N, Q = map(int, input().split())
        # Read the list of bills
        a = list(map(int, input().split()))
        
        # Create a prefix sum array
        prefix_sum = [0] * (N + 1)
        
        # Fill the prefix sum array
        for i in range(1, N + 1):
            prefix_sum[i] = prefix_sum[i - 1] + a[i - 1]
        
        # Process each query
        for __ in range(Q):
            X, Y = map(int, input().split())
            # Calculate the sum from index X to Y
            total_sum = prefix_sum[Y] - prefix_sum[X - 1]
            # Print the result for the current query
            print(total_sum)

# Call the solve function to execute the program
solve()
```
INFO - [Task id] 615 [prompt] 
[Environment Feedback]:
    Note: Inputs/outputs here are automatically extracted/truncated so formatting may be a bit off.
    Tests passed:

     Input: ['1', '8 3', '1 2 3 4 5 6 7 8', '2 3', '1 6', '5 8'] Output: 5
    21
    26

    Tests failed:
    None
[/Environment Feedback]

INFO - [Task id] 615 [prompt] 
## Instructions
Now, summarize your attempts as a **standalone** document for your own future reference. (can skip formalities, be concise)

- Only include the most relevant information and code snippets that could be useful in the future.
- If you did not learn much from the current experience (e.g. the problem was too easy), feel free to write less or nothing at all.
- Here are some ideas if the experience was useful:
    - Identifying the core concepts and patterns that problem appears to test for
    - Describing the strategies that seemed to work but did not, and vice versa
    - Describing unexpected errors and how they were fixed

Your summary should be at most a few paragraphs.

INFO - [Task id] 615 [generation text] In this task, I was required to implement a solution for calculating the sum of values in a list of bills based on multiple queries, using a prefix sum approach for efficiency. The core concept involved preprocessing the list of bills to create a prefix sum array, which allows for quick sum calculations over specified ranges.

The solution involved reading multiple test cases, constructing the prefix sum array in linear time, and then answering each query in constant time. This approach is efficient given the constraints, where both the number of bills and queries can be as high as 100,000.

The final implementation successfully handled the input and output requirements, and the logic was straightforward, leveraging the prefix sum technique to optimize the sum calculations. There were no unexpected errors, and the solution passed all provided test cases, demonstrating its correctness and efficiency. 

Key code snippet for creating the prefix sum:
```python
prefix_sum[i] = prefix_sum[i - 1] + a[i - 1]
```
This line effectively builds the prefix sum array, allowing for quick access to the sum of any subarray. Overall, the experience reinforced the importance of efficient algorithms in handling large datasets.
INFO - LM call n parse attempt 1 / 3

INFO - [Task id] 615 [prompt] 
You are an expert programmer tasked with solving the problem below.

Follow the user's instructions to solve the problem.
The user can ask for analysis, code, or both.

## Instructions
When asked to output code,
- Make sure to wrap your code in '```python' and '```' Markdown delimiters, 
- include exactly one block of code with the entire solution
- No outside libraries are allowed. 
- Builtins are allowed.
- If the task specifies a function name to be used, follow it strictly (be case sensitive!) and declare the that function last (helper functions are declared first).
- DO NOT write any assert statements / tests.

## Problem
[BEGIN PROBLEM]
Nexus 4.O is going to be organized by ASME, GLA University. Shubhanshu, Head of Finance Team is working for it. He has $N$ number of bills of different values as $a$$1$,$ a$$2$, $a$$3$…$a$$n$.
He is interested in a game in which one has to do the addition of the bills. But due to privacy concerns, he cannot share the details with others. 
He can only trust his best friend Avani with such a confidential thing. So, he asked her to play this game.
Rules of the game :
- Avani needs to answer $Q$ queries.
- Every $Q$$i$ query has 2 values $X$$i$ and $Y$$i$.
- Avani needs to find the sum of the values between $X$$i$ and $Y$$i$ (inclusive).
So, you need to help Avani in answering the $Q$ queries

-----Input:-----
- First line will contain $T$, number of testcases. Then the testcases follow. 
- The first line of each test case contains the value $N$ and $Q$.
- The second line of each test case contains the $N$ space-separated values as $a$$1$,$ a$$2$, $a$$3$…$a$$n$.
- The next line of each test case containing $Q$ query with $X$$i$ and $Y$$i$.

-----Output:-----
For each test case, Print the total amount between $X$$i$ and $Y$$i$ for $Q$ number of queries.

-----Constraints-----
- $1 \leq T \leq 100$
- $1 \leq N \leq 10^5$
- $1 \leq Q \leq 10^5$
- $1 \leq a$$i$$ \leq 10^9$

-----Subtasks (25 points) :-----
- $1 \leq N \leq 10^2$.
- $1 \leq Q \leq 10^2$.
- $1 \leq a$$i$$ \leq 10^5$.

-----Subtasks (25 points) :-----
- $1 \leq N \leq 10^3$.
- $1 \leq Q \leq 10^3$.
- $1 \leq a$$i$$ \leq 10^5$.

-----Subtasks (50 points) :-----
- $Original  Constraints$.

-----Sample Input:-----
1
8 3
1 2 3 4 5 6 7 8
2 3
1 6
5 8

-----Sample Output:-----
5
21
26

-----EXPLANATION:-----
$Q$$1$ : (2,3) 2+3=5
$Q$$2$ : (1,6) 1+2+3+4+5+6=21
$Q$$3$ : (5,8) 5+6+7+8=26

The output code needs to read from and write to standard IO


[END PROBLEM]

INFO - [Task id] 615 [prompt] 
## Instructions

Reason through the problem and:
1. Restate the problem in plain English
2. Conceptualize a solution first in plain English
3. Write a pseudocode solution
4. Output the final Python 3 solution with your solution steps in comments.

Make sure to wrap your code in '```python' and '```' Markdown delimiters, 
and include exactly one block of code with the entire solution.

No outside libraries are allowed.
Builtins are allowed.

INFO - [Task id] 615 [prompt] 1. **Restate the problem in plain English:**
   The problem involves calculating the sum of values from a list of bills for multiple queries. Each query specifies a range of indices, and we need to return the sum of the values in that range for each query. We have multiple test cases to handle.

2. **Conceptualize a solution first in plain English:**
   To efficiently answer the sum queries, we can use a prefix sum array. The prefix sum array allows us to compute the sum of any subarray in constant time after an initial linear time preprocessing step. The steps are as follows:
   - Read the number of test cases.
   - For each test case, read the number of bills and the number of queries.
   - Construct a prefix sum array where each element at index `i` contains the sum of the bills from the start up to index `i`.
   - For each query, use the prefix sum array to quickly calculate the sum between the specified indices.

3. **Write a pseudocode solution:**
   ```
   function solve():
       read T  // number of test cases
       for each test case from 1 to T:
           read N, Q  // number of bills and number of queries
           read array a of size N
           initialize prefix_sum array of size N+1
           prefix_sum[0] = 0
           for i from 1 to N:
               prefix_sum[i] = prefix_sum[i-1] + a[i-1]
           for each query from 1 to Q:
               read X, Y  // indices for the query
               sum = prefix_sum[Y] - prefix_sum[X-1]
               print sum
   ```

4. **Output the final Python 3 solution with your solution steps in comments:**
```python
def solve():
    # Read the number of test cases
    T = int(input())
    for _ in range(T):
        # Read N (number of bills) and Q (number of queries)
        N, Q = map(int, input().split())
        # Read the list of bills
        a = list(map(int, input().split()))
        
        # Create a prefix sum array
        prefix_sum = [0] * (N + 1)
        
        # Fill the prefix sum array
        for i in range(1, N + 1):
            prefix_sum[i] = prefix_sum[i - 1] + a[i - 1]
        
        # Process each query
        for __ in range(Q):
            X, Y = map(int, input().split())
            # Calculate the sum from index X to Y
            total_sum = prefix_sum[Y] - prefix_sum[X - 1]
            # Print the result for the current query
            print(total_sum)

# Call the solve function to execute the program
solve()
```
INFO - [Task id] 615 [prompt] 
[Environment Feedback]:
    Note: Inputs/outputs here are automatically extracted/truncated so formatting may be a bit off.
    Tests passed:

     Input: ['1', '8 3', '1 2 3 4 5 6 7 8', '2 3', '1 6', '5 8'] Output: 5
    21
    26

    Tests failed:
    None
[/Environment Feedback]

INFO - [Task id] 615 [prompt] 
Below is the official solution (do exercise discretion as official solutions can also have mistakes).

You will be reflecting on your attempts to solve the problem.
This will be a **standalone** document for your own future reference. (can skip formalities, be concise)

## Instructions
- Only include the most relevant insights and code snippets that could be useful in the future.
- If you did not learn much from the current experience (e.g. the problem was too easy / official solution was obvious), feel free to write less or nothing at all.
- Here are some ideas if the experience was useful:
    - If the official solution is insightful (e.g. better than yours in time and space complexity or more effective in breaking down the problem statement), distil the key approach of the official solution, step by step.
    - If your approach failed the test cases, reason why the official solution works but yours does not

Your reflection should be at most a few paragraphs.

## Official solution

t=int(input())
for i in range(t):
 l=list(map(int,input().split(' ')))
 a=l[0]
 b=l[1]
 
 l1=list(map(int,input().split(' ')))
 for i in range(b):
  l2=list(map(int,input().split(' ')))
  a1=l2[0]
  b1=l2[1]
  su=0
  for j in range(a1-1,b1):
   su=(su+l1[j])%1000000000
  print(su) 

INFO - [Task id] 615 [generation text] The official solution provided is a straightforward implementation of the problem, but it lacks the efficiency that can be achieved with a prefix sum approach. The key insights from the official solution are as follows:

1. **Input Handling**: The solution reads the number of test cases and then processes each test case by reading the number of bills and queries. It uses lists to store the bills and queries.

2. **Direct Summation**: For each query, it directly sums the values between the specified indices using a loop. This results in a time complexity of O(Q * N) in the worst case, which can be inefficient for large inputs.

3. **Modulo Operation**: The solution includes a modulo operation to ensure that the sum does not exceed a certain limit, which is a good practice when dealing with large numbers.

In contrast, my approach utilized a prefix sum array, which allows for O(1) query time after an O(N) preprocessing step. This significantly improves efficiency, especially when the number of queries (Q) is large. The prefix sum method calculates the cumulative sum of the bills, enabling quick retrieval of sums over any range.

Overall, while the official solution works correctly, it is not optimal for larger datasets. The prefix sum approach is a more effective strategy for handling multiple range sum queries efficiently. This experience reinforces the importance of considering time complexity when designing solutions for problems involving large datasets.
INFO - Updated entry: In this task, I was required to implement a solution for calculating the sum of values in a list of bills based on multiple queries, using a prefix sum approach for efficiency. The core concept involved preprocessing the list of bills to create a prefix sum array, which allows for quick sum calcu...,

INFO - Metadata: {
    "task_id": 615
}

INFO - Updated entry: The official solution provided is a straightforward implementation of the problem, but it lacks the efficiency that can be achieved with a prefix sum approach. The key insights from the official solution are as follows:

1. **Input Handling**: The solution reads the number of test cases and then ...,

INFO - Metadata: {
    "task_id": 615
}

INFO - LM call n parse attempt 1 / 3

INFO - [Task id] 615 [prompt] 
You are a helpful assistant that writes a description of the given function written in the Python programming language.

1) Do not mention the function name.
2) Do not mention anything about helper functions.
3) There might be some helper functions before the main function, but you only need to describe the main function.
4) Try to summarize the function in no more than 6 sentences.
5) Your response should be a single line of text.

INFO - [Task id] 615 [prompt] 
def solve():
    # Read the number of test cases
    T = int(input())
    for _ in range(T):
        # Read N (number of bills) and Q (number of queries)
        N, Q = map(int, input().split())
        # Read the list of bills
        a = list(map(int, input().split()))
        
        # Create a prefix sum array
        prefix_sum = [0] * (N + 1)
        
        # Fill the prefix sum array
        for i in range(1, N + 1):
            prefix_sum[i] = prefix_sum[i - 1] + a[i - 1]
        
        # Process each query
        for __ in range(Q):
            X, Y = map(int, input().split())
            # Calculate the sum from index X to Y
            total_sum = prefix_sum[Y] - prefix_sum[X - 1]
            # Print the result for the current query
            print(total_sum)

# Call the solve function to execute the program
solve()


The main function is `solve`.
INFO - [Task id] 615 [generation text] This function processes multiple test cases where it reads a list of bills and answers several queries about the sum of specific ranges within that list. It first constructs a prefix sum array to efficiently calculate the sum of elements between any two indices. For each query, it retrieves the sum by subtracting the appropriate values from the prefix sum array. The results for each query are printed immediately after computation. The function handles input directly from the user and outputs the results in real-time. Overall, it optimizes the summation process to handle potentially large datasets efficiently.
INFO - LM call n parse attempt 1 / 3

INFO - [Task id] 615 [prompt] 
You are a helpful assistant that extracts important information from problems and solutions to aid in searchability and education.

## Instructions
- Read through the problem and solution carefully.
- Reason out, step by step, in what scenarios this knowledge would be useful.
- Focus on general patterns and situations to help connect this knowledge to new situations.
- Then, include a list of keywords that are useful for searching this problem/solution pair.

## Response format
Respond in JSON, and follow the keys and expected format of the values strictly.

The output should be formatted as a JSON instance that conforms to the JSON schema below.

As an example, for the schema {"properties": {"foo": {"title": "Foo", "description": "a list of strings", "type": "array", "items": {"type": "string"}}}, "required": ["foo"]}
the object {"foo": ["bar", "baz"]} is a well-formatted instance of the schema. The object {"properties": {"foo": ["bar", "baz"]}} is not well-formatted.

Here is the output schema:
```
{"properties": {"scenarios": {"description": "In what scenarios will this knowledge be useful? Answer in a paragraph.", "title": "Scenarios", "type": "string"}, "keywords": {"description": "List of keywords that are useful for searching this problem/solution pair", "items": {"type": "string"}, "title": "Keywords", "type": "array"}}, "required": ["scenarios", "keywords"]}
```

INFO - [Task id] 615 [prompt] 
[Problem]
    Nexus 4.O is going to be organized by ASME, GLA University. Shubhanshu, Head of Finance Team is working for it. He has $N$ number of bills of different values as $a$$1$,$ a$$2$, $a$$3$…$a$$n$.
    He is interested in a game in which one has to do the addition of the bills. But due to privacy concerns, he cannot share the details with others. 
    He can only trust his best friend Avani with such a confidential thing. So, he asked her to play this game.
    Rules of the game :
    - Avani needs to answer $Q$ queries.
    - Every $Q$$i$ query has 2 values $X$$i$ and $Y$$i$.
    - Avani needs to find the sum of the values between $X$$i$ and $Y$$i$ (inclusive).
    So, you need to help Avani in answering the $Q$ queries

    -----Input:-----
    - First line will contain $T$, number of testcases. Then the testcases follow. 
    - The first line of each test case contains the value $N$ and $Q$.
    - The second line of each test case contains the $N$ space-separated values as $a$$1$,$ a$$2$, $a$$3$…$a$$n$.
    - The next line of each test case containing $Q$ query with $X$$i$ and $Y$$i$.

    -----Output:-----
    For each test case, Print the total amount between $X$$i$ and $Y$$i$ for $Q$ number of queries.

    -----Constraints-----
    - $1 \leq T \leq 100$
    - $1 \leq N \leq 10^5$
    - $1 \leq Q \leq 10^5$
    - $1 \leq a$$i$$ \leq 10^9$

    -----Subtasks (25 points) :-----
    - $1 \leq N \leq 10^2$.
    - $1 \leq Q \leq 10^2$.
    - $1 \leq a$$i$$ \leq 10^5$.

    -----Subtasks (25 points) :-----
    - $1 \leq N \leq 10^3$.
    - $1 \leq Q \leq 10^3$.
    - $1 \leq a$$i$$ \leq 10^5$.

    -----Subtasks (50 points) :-----
    - $Original  Constraints$.

    -----Sample Input:-----
    1
    8 3
    1 2 3 4 5 6 7 8
    2 3
    1 6
    5 8

    -----Sample Output:-----
    5
    21
    26

    -----EXPLANATION:-----
    $Q$$1$ : (2,3) 2+3=5
    $Q$$2$ : (1,6) 1+2+3+4+5+6=21
    $Q$$3$ : (5,8) 5+6+7+8=26
[/Problem]

[Solution]

    def solve():
        # Read the number of test cases
        T = int(input())
        for _ in range(T):
            # Read N (number of bills) and Q (number of queries)
            N, Q = map(int, input().split())
            # Read the list of bills
            a = list(map(int, input().split()))
        
            # Create a prefix sum array
            prefix_sum = [0] * (N + 1)
        
            # Fill the prefix sum array
            for i in range(1, N + 1):
                prefix_sum[i] = prefix_sum[i - 1] + a[i - 1]
        
            # Process each query
            for __ in range(Q):
                X, Y = map(int, input().split())
                # Calculate the sum from index X to Y
                total_sum = prefix_sum[Y] - prefix_sum[X - 1]
                # Print the result for the current query
                print(total_sum)

    # Call the solve function to execute the program
    solve()

[/Solution]

INFO - [Task id] 615 [generation text] 
INFO - {
    "scenarios": "This knowledge is useful in scenarios where one needs to efficiently calculate the sum of elements in a list over multiple queries. It is particularly applicable in competitive programming, data analysis, and situations where performance is critical due to large datasets. The use of a prefix sum array allows for quick retrieval of sums, making it ideal for applications involving financial data, statistical analysis, or any context where range queries on numerical data are common.",
    "keywords": [
        "prefix sum",
        "range sum query",
        "efficient summation",
        "competitive programming",
        "data analysis",
        "Nexus 4.O",
        "ASME",
        "GLA University",
        "query processing",
        "sum of bills"
    ]
}
INFO - {
    "scenarios": "This knowledge is useful in scenarios where one needs to efficiently calculate the sum of elements in a list over multiple queries. It is particularly applicable in competitive programming, data analysis, and situations where performance is critical due to large datasets. The use of a prefix sum array allows for quick retrieval of sums, making it ideal for applications involving financial data, statistical analysis, or any context where range queries on numerical data are common.",
    "keywords": [
        "prefix sum",
        "range sum query",
        "efficient summation",
        "competitive programming",
        "data analysis",
        "Nexus 4.O",
        "ASME",
        "GLA University",
        "query processing",
        "sum of bills"
    ]
}
INFO - Updated entry: 
[description for function: solve]
This function processes multiple test cases where it reads a list of bills and answers several queries about the sum of specific ranges within that list. It first constructs a prefix sum array to efficiently calculate the sum of elements between any two indices....,

INFO - Metadata: {
    "task": 615,
    "code": "\ndef solve():\n    # Read the number of test cases\n    T = int(input())\n    for _ in range(T):\n        # Read N (number of bills) and Q (number of queries)\n        N, Q = map(int, input().split())\n        # Read the list of bills\n        a = list(map(int, in...

