INFO - DB skill doc count: 0

INFO - DB non_func doc count: 18

INFO - DB semantic doc count: 429

INFO - DB summaries doc count: 23

INFO - DB reflections doc count: 23

INFO - DB episodic doc count: 41

INFO - [train iter]: 23/100 

INFO - The task prompt is The chef is trying to solve some series problems, Chef wants your help to code it. Chef has one number N. Help the chef to find N'th number in the series.
0, 1, 5, 14, 30, 55 …..

-----Input:-----
- First-line will contain $T$, the number of test cases. Then the test cases follow. 
- Each test ca...

INFO - Attempting task_id 1321
INFO - LM call n parse attempt 1 / 3

INFO - [Task id] 1321 [prompt] 
You are an expert programmer tasked with solving the problem below.

Follow the user's instructions to solve the problem.
The user can ask for analysis, code, or both.

## Instructions
When asked to output code,
- Make sure to wrap your code in '```python' and '```' Markdown delimiters, 
- include exactly one block of code with the entire solution
- No outside libraries are allowed. 
- Builtins are allowed.
- If the task specifies a function name to be used, follow it strictly (be case sensitive!) and declare the that function last (helper functions are declared first).
- DO NOT write any assert statements / tests.

## Problem
[BEGIN PROBLEM]
The chef is trying to solve some series problems, Chef wants your help to code it. Chef has one number N. Help the chef to find N'th number in the series.
0, 1, 5, 14, 30, 55 …..

-----Input:-----
- First-line will contain $T$, the number of test cases. Then the test cases follow. 
- Each test case contains a single line of input, one integer $N$. 

-----Output:-----
For each test case, output as the pattern.

-----Constraints-----
- $1 \leq T \leq 10^4$
- $1 \leq N \leq 10^4$

-----Sample Input:-----
3
1
7
8

-----Sample Output:-----
0
91
140

The output code needs to read from and write to standard IO


[END PROBLEM]

INFO - [Task id] 1321 [prompt] 
## Instructions

Reason through the problem and:
1. Restate the problem in plain English
2. Conceptualize a solution first in plain English
3. Write a pseudocode solution
4. Output the final Python 3 solution with your solution steps in comments.

Make sure to wrap your code in '```python' and '```' Markdown delimiters, 
and include exactly one block of code with the entire solution.

No outside libraries are allowed.
Builtins are allowed.

INFO - [Task id] 1321 [generation text] 1. **Restate the problem in plain English:**
   The problem requires us to find the N'th number in a specific series defined as: 0, 1, 5, 14, 30, 55, ... For multiple test cases, we need to compute and print the N'th number in this series.

2. **Conceptualize a solution first in plain English:**
   To solve this problem, we need to identify a pattern or formula that generates the series. By examining the series, we can see that each term can be derived from the previous terms. The series appears to be related to triangular numbers. We can derive the N'th term using a formula based on the sum of the first N natural numbers.

3. **Write a pseudocode solution:**
   ```
   function findNthNumber(N):
       if N == 1:
           return 0
       else:
           sum = 0
           for i from 1 to N:
               sum += i * (i + 1) / 2
           return sum

   function main():
       read T
       for each test case from 1 to T:
           read N
           result = findNthNumber(N)
           print result
   ```

4. **Output the final Python 3 solution with your solution steps in comments:**
```python
def findNthNumber(N):
    # Initialize the sum to 0
    sum = 0
    # Calculate the N'th number in the series
    for i in range(1, N + 1):
        sum += i * (i + 1) // 2  # Using integer division for triangular numbers
    return sum

def main():
    # Read the number of test cases
    T = int(input())
    results = []
    # Process each test case
    for _ in range(T):
        N = int(input())
        result = findNthNumber(N)
        results.append(result)
    # Print all results for each test case
    for res in results:
        print(res)

# Call the main function to execute the program
main()
```
INFO - [35m Rollout attempt 1/4[0m
INFO - [33m Retrieving 2 entries for db: episodic 
 [0m
INFO - Retrieved (score=0.3708):

[Task]:
    For a permutation P = (p1, p2, ..., pN) of numbers [1, 2, ..., N], we define the function f(P) = max(p1, p2) + max(p2, p3) + ... + max(pN-1, pN).
    You are given N and an integer K. Find and report a permutation P of [1, 2, ..., N] such that f(P) = K, if such a permutation exists.
...


INFO - Retrieved (score=0.3948):

[Task]:
    Indraneel has to sort the books in his library. His library has one long shelf. His books are numbered $1$ through $N$ and he wants to rearrange the books so that they appear in the sequence $1,2, ..., N$.
    He intends to do this by a sequence of moves. In each move he can pick up ...


INFO - [33m Retrieving 2 entries for db: semantic 
 [0m
INFO - Retrieved (score=0.4187):
Title: Continued fractions
Part: 12/12
```
    === "Python"
        ```py
        def solve(p, q, N):
            return p * N * (N + 1) // 2 - q * sum_floor(fraction(p, q), N)
        ``` 

!!! example "[Library Checker - Sum of Floor of Linear](https://judge.yosupo.jp/problem/sum_of_floor_of_li...


INFO - Retrieved (score=0.4238):
Title: Josephus Problem
Part: 1/1
# Josephus Problem

## Statement

We are given the natural numbers $n$ and $k$.
All natural numbers from $1$ to $n$ are written in a circle. 
First, count the $k$-th number starting from the first one and delete it.
Then $k$ numbers are counted starting from the ...


INFO - [33m Retrieving 2 entries for db: reflections 
 [0m
INFO - Retrieved (score=0.3968):
In my attempts to solve the problem, I focused on generating the required pattern based on the input integer K for multiple test cases. However, my approach failed to correctly format the output, particularly in handling the separation between test cases. I mistakenly added extra blank lines, whi...


INFO - Retrieved (score=0.4054):
The official solution employs a precomputation strategy to efficiently handle the factorial calculations modulo \(10^6 + 3\). Here are the key insights from the official solution:

1. **Precomputation of Factorials**: The solution initializes a list `a` to store the factorial values modulo \(10^6...


INFO - [33m Retrieving 2 entries for db: summaries 
 [0m
INFO - Retrieved (score=0.3357):
In this task, I was required to help Avani calculate the sum of values from a list of bills based on multiple queries. Each query specified a range of indices, and the goal was to return the sum of the values in that range for each query. The problem involved reading multiple test cases, processi...


INFO - Retrieved (score=0.3540):
In this task, the goal was to generate a specific pattern of numbers based on an integer input K for multiple test cases. The expected output required careful formatting, specifically ensuring that each test case's output was printed consecutively without extra blank lines, except for the require...


INFO - [33m Retrieving 2 entries for db: non_func 
 [0m
INFO - Retrieved (score=0.4199):

[description for function: main]
This function reads the number of test cases and processes each case by reading two integers, N and X. It then calculates a result based on these values using a specific calculation method. The result is printed for each test case. The function handles multiple i...


INFO - Retrieved (score=0.5180):

[description for function: process_test_cases]
The function processes multiple test cases where for each case, it reads the number of walls and their positions, followed by a number of queries regarding Chef's starting position. For each query, it checks if Chef is positioned on a wall, in which...


INFO - Retrieved (score=0.3357): 
[Summary]:
    In this task, I was required to help Avani calculate the sum of values from a list of bills based on multiple queries. Each query specified a range of indices, and the goal was to return the sum of the values in that range for each query. The problem involved reading multiple test...
INFO - Retrieved (score=0.3540): 
[Summary]:
    In this task, the goal was to generate a specific pattern of numbers based on an integer input K for multiple test cases. The expected output required careful formatting, specifically ensuring that each test case's output was printed consecutively without extra blank lines, except...
INFO - LM call n parse attempt 1 / 3

INFO - [Task id] 1321 [prompt] 
You are an expert programmer tasked with solving the problem below.

Follow the user's instructions to solve the problem.
The user can ask for analysis, code, or both.

## Instructions
When asked to output code,
- Make sure to wrap your code in '```python' and '```' Markdown delimiters, 
- include exactly one block of code with the entire solution
- No outside libraries are allowed. 
- Builtins are allowed.
- If the task specifies a function name to be used, follow it strictly (be case sensitive!) and declare the that function last (helper functions are declared first).
- DO NOT write any assert statements / tests.

## Problem
[BEGIN PROBLEM]
The chef is trying to solve some series problems, Chef wants your help to code it. Chef has one number N. Help the chef to find N'th number in the series.
0, 1, 5, 14, 30, 55 …..

-----Input:-----
- First-line will contain $T$, the number of test cases. Then the test cases follow. 
- Each test case contains a single line of input, one integer $N$. 

-----Output:-----
For each test case, output as the pattern.

-----Constraints-----
- $1 \leq T \leq 10^4$
- $1 \leq N \leq 10^4$

-----Sample Input:-----
3
1
7
8

-----Sample Output:-----
0
91
140

The output code needs to read from and write to standard IO


[END PROBLEM]

INFO - [Task id] 1321 [prompt] 
## Instructions

Reason through the problem and:
1. Restate the problem in plain English
2. Conceptualize a solution first in plain English
3. Write a pseudocode solution
4. Output the final Python 3 solution with your solution steps in comments.

Make sure to wrap your code in '```python' and '```' Markdown delimiters, 
and include exactly one block of code with the entire solution.

No outside libraries are allowed.
Builtins are allowed.

INFO - [Task id] 1321 [prompt] 
Also, here are some of your memories.
Feel free to use the given information to aid your problem solving process if necessary.
Do not confuse the memories with the problem statement.

## Memories

[Summary]:
    In this task, I was required to help Avani calculate the sum of values from a list of bills based on multiple queries. Each query specified a range of indices, and the goal was to return the sum of the values in that range for each query. The problem involved reading multiple test cases, processing a list of integers, and efficiently calculating sums based on given indices.

    The solution involved iterating through each test case, reading the number of bills and queries, and then processing each query by summing the specified range of values. The use of Python's built-in `sum()` function allowed for straightforward calculation of the sums. The implementation was efficient enough to handle the upper limits of the constraints provided.

    The final code snippet effectively handled the input and output requirements, ensuring that results were printed for each query. The approach was successful, and no unexpected errors were encountered during the implementation. The key takeaway was the importance of efficiently managing input and output, especially when dealing with potentially large datasets. 

    Here’s the final code for reference:

    ```python
    def process_queries(T):
        for _ in range(T):  # Iterate over each test case
            N, Q = map(int, input().split())  # Read number of bills and queries
            bills = list(map(int, input().split()))  # Read the list of bills
        
            for __ in range(Q):  # Iterate over each query
                X, Y = map(int, input().split())  # Read the query indices
                # Calculate the sum from index X-1 to Y-1 (inclusive)
                total_sum = sum(bills[X-1:Y])  
                print(total_sum)  # Output the result for the query

    # Read the number of test cases
    T = int(input())
    process_queries(T)  # Call the function with the number of test cases
    ```
[/Summary]


[Summary]:
    In this task, the goal was to generate a specific pattern of numbers based on an integer input K for multiple test cases. The expected output required careful formatting, specifically ensuring that each test case's output was printed consecutively without extra blank lines, except for the required separation after each test case.

    Initially, the code correctly generated the required patterns but failed to format the output correctly. The main issue was the handling of blank lines between test cases, which led to extra blank lines being printed. The expected output format required that there be no blank line after the last test case.

    The solution involved iterating through each test case, generating the pattern for each K, and printing the lines immediately. A conditional check was added to print a blank line only if the current test case was not the last one. This adjustment ensured that the output adhered to the expected format.

    Here’s the final working code snippet for reference:

    ```python
    def generate_pattern(T):
        for t in range(T):  # Iterate over each test case
            K = int(input())  # Read the integer K for the current test case
            for i in range(K):  # For each line from 0 to K-1
                line = ""  # Initialize an empty line
                for j in range(i, -1, -1):  # Create the line by counting down from i to 0
                    line += str(j)  # Append the current number to the line
                print(line)  # Print the generated line
            if t < T - 1:  # If this is not the last test case, print a blank line
                print()  # Print a blank line to separate test cases

    # Read the number of test cases
    T = int(input())
    generate_pattern(T)  # Call the function with the number of test cases
    ```

    This experience highlighted the importance of output formatting in programming challenges, as even minor discrepancies can lead to test failures.
[/Summary]


INFO - [Task id] 1321 [generation text] 1. **Restate the problem in plain English**: 
   The task is to find the N'th number in a specific series defined as 0, 1, 5, 14, 30, 55, etc. The input consists of multiple test cases, each specifying a value of N, and the output should be the corresponding number from the series for each test case.

2. **Conceptualize a solution first in plain English**: 
   To solve this problem, we need to identify a pattern or formula that generates the series. By observing the series, we can derive that the N'th term can be calculated using a specific formula. We will read the number of test cases, then for each test case, compute the N'th term using the derived formula and print the results.

3. **Write a pseudocode solution**:
   ```
   function calculate_series(N):
       return (N * (N + 1) * (N + 2)) // 6  # This is the formula for the N'th term

   read T  # number of test cases
   for each test case from 1 to T:
       read N
       result = calculate_series(N - 1)  # N - 1 because series is 0-indexed
       print result
   ```

4. **Output the final Python 3 solution with your solution steps in comments**:
```python
def calculate_series(N):
    # Calculate the N'th term in the series using the derived formula
    return (N * (N + 1) * (N + 2)) // 6  # This is the formula for the N'th term

# Read the number of test cases
T = int(input())
for _ in range(T):  # Iterate over each test case
    N = int(input())  # Read the integer N for the current test case
    result = calculate_series(N - 1)  # N - 1 because series is 0-indexed
    print(result)  # Output the result for the test case
```
INFO - program_code:
 
def calculate_series(N):
    # Calculate the N'th term in the series using the derived formula
    return (N * (N + 1) * (N + 2)) // 6  # This is the formula for the N'th term

# Read the number of test cases
T = int(input())
for _ in range(T):  # Iterate over each test case
    N = int(input())  # Read the integer N for the current test case
    result = calculate_series(N - 1)  # N - 1 because series is 0-indexed
    print(result)  # Output the result for the test case


INFO - program_name:
 calculate_series

INFO - dependencies:
 []

INFO - raw_msg:
 1. **Restate the problem in plain English**: 
   The task is to find the N'th number in a specific series defined as 0, 1, 5, 14, 30, 55, etc. The input consists of multiple test cases, each specifying a value of N, and the output should be the corresponding number from the series for each test case.

2. **Conceptualize a solution first in plain English**: 
   To solve this problem, we need to identify a pattern or formula that generates the series. By observing the series, we can derive that the N'th term can be calculated using a specific formula. We will read the number of test cases, then for each test case, compute the N'th term using the derived formula and print the results.

3. **Write a pseudocode solution**:
   ```
   function calculate_series(N):
       return (N * (N + 1) * (N + 2)) // 6  # This is the formula for the N'th term

   read T  # number of test cases
   for each test case from 1 to T:
       read N
       result = calculate_series(N - 1)  # N - 1 because series is 0-indexed
       print result
   ```

4. **Output the final Python 3 solution with your solution steps in comments**:
```python
def calculate_series(N):
    # Calculate the N'th term in the series using the derived formula
    return (N * (N + 1) * (N + 2)) // 6  # This is the formula for the N'th term

# Read the number of test cases
T = int(input())
for _ in range(T):  # Iterate over each test case
    N = int(input())  # Read the integer N for the current test case
    result = calculate_series(N - 1)  # N - 1 because series is 0-indexed
    print(result)  # Output the result for the test case
```

INFO - no_parent:
 False

INFO - full code to be executed: 
 
def calculate_series(N):
    # Calculate the N'th term in the series using the derived formula
    return (N * (N + 1) * (N + 2)) // 6  # This is the formula for the N'th term

# Read the number of test cases
T = int(input())
for _ in range(T):  # Iterate over each test case
    N = int(input())  # Read the integer N for the current test case
    result = calculate_series(N - 1)  # N - 1 because series is 0-indexed
    print(result)  # Output the result for the test case


INFO - obs: Note: Inputs/outputs here are automatically extracted/truncated so formatting may be a bit off.
Tests passed:

None

Tests failed:
 Input: ['3', '1', '7', '8'] Expected output: [{'0'}, {'91'}, {'140'}] # Execution output: ['0', '56', '84']
reward: False
done: None
info: {'individual_results': [False]}
INFO - [35m Rollout attempt 2/4[0m
INFO - LM call n parse attempt 1 / 3

INFO - [Task id] 1321 [prompt] 
You are an expert programmer tasked with solving the problem below.

Follow the user's instructions to solve the problem.
The user can ask for analysis, code, or both.

## Instructions
When asked to output code,
- Make sure to wrap your code in '```python' and '```' Markdown delimiters, 
- include exactly one block of code with the entire solution
- No outside libraries are allowed. 
- Builtins are allowed.
- If the task specifies a function name to be used, follow it strictly (be case sensitive!) and declare the that function last (helper functions are declared first).
- DO NOT write any assert statements / tests.

## Problem
[BEGIN PROBLEM]
The chef is trying to solve some series problems, Chef wants your help to code it. Chef has one number N. Help the chef to find N'th number in the series.
0, 1, 5, 14, 30, 55 …..

-----Input:-----
- First-line will contain $T$, the number of test cases. Then the test cases follow. 
- Each test case contains a single line of input, one integer $N$. 

-----Output:-----
For each test case, output as the pattern.

-----Constraints-----
- $1 \leq T \leq 10^4$
- $1 \leq N \leq 10^4$

-----Sample Input:-----
3
1
7
8

-----Sample Output:-----
0
91
140

The output code needs to read from and write to standard IO


[END PROBLEM]

INFO - [Task id] 1321 [prompt] 
## Instructions

Reason through the problem and:
1. Restate the problem in plain English
2. Conceptualize a solution first in plain English
3. Write a pseudocode solution
4. Output the final Python 3 solution with your solution steps in comments.

Make sure to wrap your code in '```python' and '```' Markdown delimiters, 
and include exactly one block of code with the entire solution.

No outside libraries are allowed.
Builtins are allowed.

INFO - [Task id] 1321 [prompt] 1. **Restate the problem in plain English**: 
   The task is to find the N'th number in a specific series defined as 0, 1, 5, 14, 30, 55, etc. The input consists of multiple test cases, each specifying a value of N, and the output should be the corresponding number from the series for each test case.

2. **Conceptualize a solution first in plain English**: 
   To solve this problem, we need to identify a pattern or formula that generates the series. By observing the series, we can derive that the N'th term can be calculated using a specific formula. We will read the number of test cases, then for each test case, compute the N'th term using the derived formula and print the results.

3. **Write a pseudocode solution**:
   ```
   function calculate_series(N):
       return (N * (N + 1) * (N + 2)) // 6  # This is the formula for the N'th term

   read T  # number of test cases
   for each test case from 1 to T:
       read N
       result = calculate_series(N - 1)  # N - 1 because series is 0-indexed
       print result
   ```

4. **Output the final Python 3 solution with your solution steps in comments**:
```python
def calculate_series(N):
    # Calculate the N'th term in the series using the derived formula
    return (N * (N + 1) * (N + 2)) // 6  # This is the formula for the N'th term

# Read the number of test cases
T = int(input())
for _ in range(T):  # Iterate over each test case
    N = int(input())  # Read the integer N for the current test case
    result = calculate_series(N - 1)  # N - 1 because series is 0-indexed
    print(result)  # Output the result for the test case
```
INFO - [Task id] 1321 [prompt] 
[Environment Feedback]:
    Note: Inputs/outputs here are automatically extracted/truncated so formatting may be a bit off.
    Tests passed:

    None

    Tests failed:
     Input: ['3', '1', '7', '8'] Expected output: [{'0'}, {'91'}, {'140'}] # Execution output: ['0', '56', '84']
[/Environment Feedback]

INFO - [Task id] 1321 [prompt] 
The code doesn't pass all the tests.

## Instructions
- First, think step-by-step about why your code is wrong.
- Then, think step-by-step about where you went wrong in your latest solution.

INFO - [Task id] 1321 [generation text] Let's analyze the problem step-by-step to identify where the code went wrong.

1. **Understanding the Series**: The series provided is:
   - 0, 1, 5, 14, 30, 55, ...
   We need to find the N'th term in this series. 

2. **Identifying the Pattern**: 
   - The series does not follow a simple arithmetic or geometric progression. 
   - By examining the differences between consecutive terms:
     - 1 - 0 = 1
     - 5 - 1 = 4
     - 14 - 5 = 9
     - 30 - 14 = 16
     - 55 - 30 = 25
   - The differences are: 1, 4, 9, 16, 25, which are perfect squares (1^2, 2^2, 3^2, 4^2, 5^2).
   - This suggests that the N'th term can be derived from the sum of squares.

3. **Correct Formula**: 
   - The N'th term can be calculated as:
     - T(N) = T(N-1) + (N-1)^2
   - This means we need to sum the squares of the first (N-1) natural numbers to get the N'th term.

4. **Where the Code Went Wrong**: 
   - The formula I initially used was incorrect. I mistakenly used a formula that does not correspond to the series provided. The correct approach is to sum the squares of the first (N-1) integers.

5. **Revising the Code**: 
   - I will implement a loop to calculate the sum of squares up to (N-1) for each test case.

Now, let's write the corrected code based on this understanding.

```python
def calculate_series(N):
    # Calculate the N'th term in the series by summing squares of the first (N-1) integers
    sum_of_squares = 0
    for i in range(N):
        sum_of_squares += i * i  # Add the square of each integer from 0 to N-1
    return sum_of_squares  # Return the computed sum

# Read the number of test cases
T = int(input())
for _ in range(T):  # Iterate over each test case
    N = int(input())  # Read the integer N for the current test case
    result = calculate_series(N)  # Calculate the N'th term
    print(result)  # Output the result for the test case
```
INFO - [33m Retrieving 2 entries for db: episodic 
 [0m
INFO - Retrieved (score=0.4077):

[Task]:
    Let's call a sequence good if the sum of all its elements is $0$.
    You have a sequence of integers $A_1, A_2, \ldots, A_N$. You may perform any number of operations on this sequence (including zero). In one operation, you should choose a valid index $i$ and decrease $A_i$ by $i$. ...


INFO - Retrieved (score=0.4129):

[Task]:
    Let's call a sequence good if the sum of all its elements is $0$.
    You have a sequence of integers $A_1, A_2, \ldots, A_N$. You may perform any number of operations on this sequence (including zero). In one operation, you should choose a valid index $i$ and decrease $A_i$ by $i$. ...


INFO - [33m Retrieving 2 entries for db: semantic 
 [0m
INFO - Retrieved (score=0.4478):
Title: Continued fractions
Part: 12/12
```
    === "Python"
        ```py
        def solve(p, q, N):
            return p * N * (N + 1) // 2 - q * sum_floor(fraction(p, q), N)
        ``` 

!!! example "[Library Checker - Sum of Floor of Linear](https://judge.yosupo.jp/problem/sum_of_floor_of_li...


INFO - Retrieved (score=0.4580):
Title: Continued fractions
Part: 7/12
=== "Python"
        ```py
        # compute the continued fraction of sqrt(n)
        def sqrt(n):
            n0 = math.floor(math.sqrt(n))
            x, y, z = 1, 0, 1
            a = []
            def step(x, y, z):
                a.append((x * n0 + y)...


INFO - [33m Retrieving 2 entries for db: reflections 
 [0m
INFO - Retrieved (score=0.4207):
The official solution employs a precomputation strategy to efficiently handle the factorial calculations modulo \(10^6 + 3\). Here are the key insights from the official solution:

1. **Precomputation of Factorials**: The solution initializes a list `a` to store the factorial values modulo \(10^6...


INFO - Retrieved (score=0.4276):
The official solution effectively addresses the problem by directly iterating through the list of bills for each query and calculating the sum within the specified range. Here are some key insights from the official solution:

1. **Input Handling**: The solution reads all inputs in a straightforw...


INFO - [33m Retrieving 2 entries for db: summaries 
 [0m
INFO - Retrieved (score=0.3309):
In this task, I was required to help Avani calculate the sum of values from a list of bills based on multiple queries. Each query specified a range of indices, and the goal was to return the sum of the values in that range for each query. The problem involved reading multiple test cases, processi...


INFO - Retrieved (score=0.3554):
In this task, I was required to calculate the number of particles in a box at a given time `N`, starting with `X` particles at time `t=0`. The relationship between the number of particles at time `t` and `t-1` is defined by the factorial function, leading to the formula `N! * X`. Given the constr...


INFO - [33m Retrieving 2 entries for db: non_func 
 [0m
INFO - Retrieved (score=0.4293):

[description for function: main]
This function reads the number of test cases and processes each case by reading two integers, N and X. It then calculates a result based on these values using a specific calculation method. The result is printed for each test case. The function handles multiple i...


INFO - Retrieved (score=0.5437):

[description for function: process_queries]
The function processes multiple test cases where, for each case, it reads a list of bills and a series of queries. Each query specifies a range of indices, and the function calculates the sum of the bills within that range. It takes input for the numbe...


INFO - Retrieved (score=0.3309): 
[Summary]:
    In this task, I was required to help Avani calculate the sum of values from a list of bills based on multiple queries. Each query specified a range of indices, and the goal was to return the sum of the values in that range for each query. The problem involved reading multiple test...
INFO - Retrieved (score=0.3554): 
[Summary]:
    In this task, I was required to calculate the number of particles in a box at a given time `N`, starting with `X` particles at time `t=0`. The relationship between the number of particles at time `t` and `t-1` is defined by the factorial function, leading to the formula `N! * X`. ...
INFO - LM call n parse attempt 1 / 3

INFO - [Task id] 1321 [prompt] 
You are an expert programmer tasked with solving the problem below.

Follow the user's instructions to solve the problem.
The user can ask for analysis, code, or both.

## Instructions
When asked to output code,
- Make sure to wrap your code in '```python' and '```' Markdown delimiters, 
- include exactly one block of code with the entire solution
- No outside libraries are allowed. 
- Builtins are allowed.
- If the task specifies a function name to be used, follow it strictly (be case sensitive!) and declare the that function last (helper functions are declared first).
- DO NOT write any assert statements / tests.

## Problem
[BEGIN PROBLEM]
The chef is trying to solve some series problems, Chef wants your help to code it. Chef has one number N. Help the chef to find N'th number in the series.
0, 1, 5, 14, 30, 55 …..

-----Input:-----
- First-line will contain $T$, the number of test cases. Then the test cases follow. 
- Each test case contains a single line of input, one integer $N$. 

-----Output:-----
For each test case, output as the pattern.

-----Constraints-----
- $1 \leq T \leq 10^4$
- $1 \leq N \leq 10^4$

-----Sample Input:-----
3
1
7
8

-----Sample Output:-----
0
91
140

The output code needs to read from and write to standard IO


[END PROBLEM]

INFO - [Task id] 1321 [prompt] 
## Instructions

Reason through the problem and:
1. Restate the problem in plain English
2. Conceptualize a solution first in plain English
3. Write a pseudocode solution
4. Output the final Python 3 solution with your solution steps in comments.

Make sure to wrap your code in '```python' and '```' Markdown delimiters, 
and include exactly one block of code with the entire solution.

No outside libraries are allowed.
Builtins are allowed.

INFO - [Task id] 1321 [prompt] 1. **Restate the problem in plain English**: 
   The task is to find the N'th number in a specific series defined as 0, 1, 5, 14, 30, 55, etc. The input consists of multiple test cases, each specifying a value of N, and the output should be the corresponding number from the series for each test case.

2. **Conceptualize a solution first in plain English**: 
   To solve this problem, we need to identify a pattern or formula that generates the series. By observing the series, we can derive that the N'th term can be calculated using a specific formula. We will read the number of test cases, then for each test case, compute the N'th term using the derived formula and print the results.

3. **Write a pseudocode solution**:
   ```
   function calculate_series(N):
       return (N * (N + 1) * (N + 2)) // 6  # This is the formula for the N'th term

   read T  # number of test cases
   for each test case from 1 to T:
       read N
       result = calculate_series(N - 1)  # N - 1 because series is 0-indexed
       print result
   ```

4. **Output the final Python 3 solution with your solution steps in comments**:
```python
def calculate_series(N):
    # Calculate the N'th term in the series using the derived formula
    return (N * (N + 1) * (N + 2)) // 6  # This is the formula for the N'th term

# Read the number of test cases
T = int(input())
for _ in range(T):  # Iterate over each test case
    N = int(input())  # Read the integer N for the current test case
    result = calculate_series(N - 1)  # N - 1 because series is 0-indexed
    print(result)  # Output the result for the test case
```
INFO - [Task id] 1321 [prompt] 
[Environment Feedback]:
    Note: Inputs/outputs here are automatically extracted/truncated so formatting may be a bit off.
    Tests passed:

    None

    Tests failed:
     Input: ['3', '1', '7', '8'] Expected output: [{'0'}, {'91'}, {'140'}] # Execution output: ['0', '56', '84']
[/Environment Feedback]

INFO - [Task id] 1321 [prompt] 
The code doesn't pass all the tests.

## Instructions
- First, think step-by-step about why your code is wrong.
- Then, think step-by-step about where you went wrong in your latest solution.

INFO - [Task id] 1321 [prompt] Let's analyze the problem step-by-step to identify where the code went wrong.

1. **Understanding the Series**: The series provided is:
   - 0, 1, 5, 14, 30, 55, ...
   We need to find the N'th term in this series. 

2. **Identifying the Pattern**: 
   - The series does not follow a simple arithmetic or geometric progression. 
   - By examining the differences between consecutive terms:
     - 1 - 0 = 1
     - 5 - 1 = 4
     - 14 - 5 = 9
     - 30 - 14 = 16
     - 55 - 30 = 25
   - The differences are: 1, 4, 9, 16, 25, which are perfect squares (1^2, 2^2, 3^2, 4^2, 5^2).
   - This suggests that the N'th term can be derived from the sum of squares.

3. **Correct Formula**: 
   - The N'th term can be calculated as:
     - T(N) = T(N-1) + (N-1)^2
   - This means we need to sum the squares of the first (N-1) natural numbers to get the N'th term.

4. **Where the Code Went Wrong**: 
   - The formula I initially used was incorrect. I mistakenly used a formula that does not correspond to the series provided. The correct approach is to sum the squares of the first (N-1) integers.

5. **Revising the Code**: 
   - I will implement a loop to calculate the sum of squares up to (N-1) for each test case.

Now, let's write the corrected code based on this understanding.

```python
def calculate_series(N):
    # Calculate the N'th term in the series by summing squares of the first (N-1) integers
    sum_of_squares = 0
    for i in range(N):
        sum_of_squares += i * i  # Add the square of each integer from 0 to N-1
    return sum_of_squares  # Return the computed sum

# Read the number of test cases
T = int(input())
for _ in range(T):  # Iterate over each test case
    N = int(input())  # Read the integer N for the current test case
    result = calculate_series(N)  # Calculate the N'th term
    print(result)  # Output the result for the test case
```
INFO - [Task id] 1321 [prompt] 
## Instructions
Now, given your insights, try to fix the solution. 
Output a block of correct python3 code to be executed and evaluated again. 

Make sure to wrap your code in '```python' and '```' Markdown delimiters.

INFO - [Task id] 1321 [prompt] 
Also, here are some of your memories.
Feel free to use the given information to aid your problem solving process if necessary.
Do not confuse the memories with the problem statement.

## Memories

[Summary]:
    In this task, I was required to help Avani calculate the sum of values from a list of bills based on multiple queries. Each query specified a range of indices, and the goal was to return the sum of the values in that range for each query. The problem involved reading multiple test cases, processing a list of integers, and efficiently calculating sums based on given indices.

    The solution involved iterating through each test case, reading the number of bills and queries, and then processing each query by summing the specified range of values. The use of Python's built-in `sum()` function allowed for straightforward calculation of the sums. The implementation was efficient enough to handle the upper limits of the constraints provided.

    The final code snippet effectively handled the input and output requirements, ensuring that results were printed for each query. The approach was successful, and no unexpected errors were encountered during the implementation. The key takeaway was the importance of efficiently managing input and output, especially when dealing with potentially large datasets. 

    Here’s the final code for reference:

    ```python
    def process_queries(T):
        for _ in range(T):  # Iterate over each test case
            N, Q = map(int, input().split())  # Read number of bills and queries
            bills = list(map(int, input().split()))  # Read the list of bills
        
            for __ in range(Q):  # Iterate over each query
                X, Y = map(int, input().split())  # Read the query indices
                # Calculate the sum from index X-1 to Y-1 (inclusive)
                total_sum = sum(bills[X-1:Y])  
                print(total_sum)  # Output the result for the query

    # Read the number of test cases
    T = int(input())
    process_queries(T)  # Call the function with the number of test cases
    ```
[/Summary]


[Summary]:
    In this task, I was required to calculate the number of particles in a box at a given time `N`, starting with `X` particles at time `t=0`. The relationship between the number of particles at time `t` and `t-1` is defined by the factorial function, leading to the formula `N! * X`. Given the constraints where `N` can be as large as \(10^{18}\), direct computation of `N!` is impractical. 

    The key insight was recognizing that if `N` is greater than or equal to \(10^6 + 3\), the result would be `0` due to the factorial containing that modulus as a factor. For smaller values of `N`, I implemented a function to compute `N!` modulo \(10^6 + 3\). 

    The final solution involved two main functions: one for calculating the factorial modulo a number and another for determining the number of particles based on the input values. The implementation was straightforward and passed the provided test cases successfully. 

    Here’s the core code snippet for reference:

    ```python
    def factorial_mod(n, mod):
        result = 1
        for i in range(1, n + 1):
            result = (result * i) % mod
            if result == 0:
                break
        return result

    def calculate_particles(N, X):
        mod = 10**6 + 3
        if N >= mod:
            return 0
        else:
            factorial_value = factorial_mod(N, mod)
            return (factorial_value * X) % mod
    ```

    This experience reinforced the importance of understanding modular arithmetic and the implications of large input sizes on computational feasibility.
[/Summary]


INFO - [Task id] 1321 [generation text] Based on the insights gained from the previous analysis, I will correct the solution to compute the N'th term in the series correctly. The series is defined by the sum of squares of the first (N-1) integers. 

Here’s the corrected Python code:

```python
def calculate_series(N):
    # Calculate the N'th term in the series by summing squares of the first (N-1) integers
    sum_of_squares = 0
    for i in range(N):  # Loop from 0 to N-1
        sum_of_squares += i * i  # Add the square of each integer
    return sum_of_squares  # Return the computed sum

# Read the number of test cases
T = int(input())
for _ in range(T):  # Iterate over each test case
    N = int(input())  # Read the integer N for the current test case
    result = calculate_series(N)  # Calculate the N'th term
    print(result)  # Output the result for the test case
``` 

This code correctly implements the logic to compute the N'th term in the series by summing the squares of integers from 0 to (N-1). Each test case is processed in a loop, and the results are printed as required.
INFO - program_code:
 
def calculate_series(N):
    # Calculate the N'th term in the series by summing squares of the first (N-1) integers
    sum_of_squares = 0
    for i in range(N):  # Loop from 0 to N-1
        sum_of_squares += i * i  # Add the square of each integer
    return sum_of_squares  # Return the computed sum

# Read the number of test cases
T = int(input())
for _ in range(T):  # Iterate over each test case
    N = int(input())  # Read the integer N for the current test case
    result = calculate_series(N)  # Calculate the N'th term
    print(result)  # Output the result for the test case


INFO - program_name:
 calculate_series

INFO - dependencies:
 []

INFO - raw_msg:
 Based on the insights gained from the previous analysis, I will correct the solution to compute the N'th term in the series correctly. The series is defined by the sum of squares of the first (N-1) integers. 

Here’s the corrected Python code:

```python
def calculate_series(N):
    # Calculate the N'th term in the series by summing squares of the first (N-1) integers
    sum_of_squares = 0
    for i in range(N):  # Loop from 0 to N-1
        sum_of_squares += i * i  # Add the square of each integer
    return sum_of_squares  # Return the computed sum

# Read the number of test cases
T = int(input())
for _ in range(T):  # Iterate over each test case
    N = int(input())  # Read the integer N for the current test case
    result = calculate_series(N)  # Calculate the N'th term
    print(result)  # Output the result for the test case
``` 

This code correctly implements the logic to compute the N'th term in the series by summing the squares of integers from 0 to (N-1). Each test case is processed in a loop, and the results are printed as required.

INFO - no_parent:
 False

INFO - full code to be executed: 
 
def calculate_series(N):
    # Calculate the N'th term in the series by summing squares of the first (N-1) integers
    sum_of_squares = 0
    for i in range(N):  # Loop from 0 to N-1
        sum_of_squares += i * i  # Add the square of each integer
    return sum_of_squares  # Return the computed sum

# Read the number of test cases
T = int(input())
for _ in range(T):  # Iterate over each test case
    N = int(input())  # Read the integer N for the current test case
    result = calculate_series(N)  # Calculate the N'th term
    print(result)  # Output the result for the test case


INFO - obs: Note: Inputs/outputs here are automatically extracted/truncated so formatting may be a bit off.
Tests passed:

 Input: ['3', '1', '7', '8'] Output: 0
91
140

Tests failed:
None
reward: True
done: None
info: {'individual_results': [True]}
INFO - Updated entry: 
[Task]:
    The chef is trying to solve some series problems, Chef wants your help to code it. Chef has one number N. Help the chef to find N'th number in the series.
    0, 1, 5, 14, 30, 55 …..

    -----Input:-----
    - First-line will contain $T$, the number of test cases. Then the test case...,

INFO - Metadata: {
    "raw_msg": "1. **Restate the problem in plain English**: \n   The task is to find the N'th number in a specific series defined as 0, 1, 5, 14, 30, 55, etc. The input consists of multiple test cases, each specifying a value of N, and the output should be the corresponding number from the ser...

INFO - Updated entry: 
[Task]:
    The chef is trying to solve some series problems, Chef wants your help to code it. Chef has one number N. Help the chef to find N'th number in the series.
    0, 1, 5, 14, 30, 55 …..

    -----Input:-----
    - First-line will contain $T$, the number of test cases. Then the test case...,

INFO - Metadata: {
    "critique": "Let's analyze the problem step-by-step to identify where the code went wrong.\n\n1. **Understanding the Series**: The series provided is:\n   - 0, 1, 5, 14, 30, 55, ...\n   We need to find the N'th term in this series. \n\n2. **Identifying the Pattern**: \n   - The series does ...

INFO - LM call n parse attempt 1 / 3

INFO - [Task id] 1321 [prompt] 
You are an expert programmer tasked with solving the problem below.

Follow the user's instructions to solve the problem.
The user can ask for analysis, code, or both.

## Instructions
When asked to output code,
- Make sure to wrap your code in '```python' and '```' Markdown delimiters, 
- include exactly one block of code with the entire solution
- No outside libraries are allowed. 
- Builtins are allowed.
- If the task specifies a function name to be used, follow it strictly (be case sensitive!) and declare the that function last (helper functions are declared first).
- DO NOT write any assert statements / tests.

## Problem
[BEGIN PROBLEM]
The chef is trying to solve some series problems, Chef wants your help to code it. Chef has one number N. Help the chef to find N'th number in the series.
0, 1, 5, 14, 30, 55 …..

-----Input:-----
- First-line will contain $T$, the number of test cases. Then the test cases follow. 
- Each test case contains a single line of input, one integer $N$. 

-----Output:-----
For each test case, output as the pattern.

-----Constraints-----
- $1 \leq T \leq 10^4$
- $1 \leq N \leq 10^4$

-----Sample Input:-----
3
1
7
8

-----Sample Output:-----
0
91
140

The output code needs to read from and write to standard IO


[END PROBLEM]

INFO - [Task id] 1321 [prompt] 
## Instructions

Reason through the problem and:
1. Restate the problem in plain English
2. Conceptualize a solution first in plain English
3. Write a pseudocode solution
4. Output the final Python 3 solution with your solution steps in comments.

Make sure to wrap your code in '```python' and '```' Markdown delimiters, 
and include exactly one block of code with the entire solution.

No outside libraries are allowed.
Builtins are allowed.

INFO - [Task id] 1321 [prompt] 1. **Restate the problem in plain English**: 
   The task is to find the N'th number in a specific series defined as 0, 1, 5, 14, 30, 55, etc. The input consists of multiple test cases, each specifying a value of N, and the output should be the corresponding number from the series for each test case.

2. **Conceptualize a solution first in plain English**: 
   To solve this problem, we need to identify a pattern or formula that generates the series. By observing the series, we can derive that the N'th term can be calculated using a specific formula. We will read the number of test cases, then for each test case, compute the N'th term using the derived formula and print the results.

3. **Write a pseudocode solution**:
   ```
   function calculate_series(N):
       return (N * (N + 1) * (N + 2)) // 6  # This is the formula for the N'th term

   read T  # number of test cases
   for each test case from 1 to T:
       read N
       result = calculate_series(N - 1)  # N - 1 because series is 0-indexed
       print result
   ```

4. **Output the final Python 3 solution with your solution steps in comments**:
```python
def calculate_series(N):
    # Calculate the N'th term in the series using the derived formula
    return (N * (N + 1) * (N + 2)) // 6  # This is the formula for the N'th term

# Read the number of test cases
T = int(input())
for _ in range(T):  # Iterate over each test case
    N = int(input())  # Read the integer N for the current test case
    result = calculate_series(N - 1)  # N - 1 because series is 0-indexed
    print(result)  # Output the result for the test case
```
INFO - [Task id] 1321 [prompt] 
[Environment Feedback]:
    Note: Inputs/outputs here are automatically extracted/truncated so formatting may be a bit off.
    Tests passed:

    None

    Tests failed:
     Input: ['3', '1', '7', '8'] Expected output: [{'0'}, {'91'}, {'140'}] # Execution output: ['0', '56', '84']
[/Environment Feedback]

INFO - [Task id] 1321 [prompt] 
The code doesn't pass all the tests.

## Instructions
- First, think step-by-step about why your code is wrong.
- Then, think step-by-step about where you went wrong in your latest solution.

INFO - [Task id] 1321 [prompt] Let's analyze the problem step-by-step to identify where the code went wrong.

1. **Understanding the Series**: The series provided is:
   - 0, 1, 5, 14, 30, 55, ...
   We need to find the N'th term in this series. 

2. **Identifying the Pattern**: 
   - The series does not follow a simple arithmetic or geometric progression. 
   - By examining the differences between consecutive terms:
     - 1 - 0 = 1
     - 5 - 1 = 4
     - 14 - 5 = 9
     - 30 - 14 = 16
     - 55 - 30 = 25
   - The differences are: 1, 4, 9, 16, 25, which are perfect squares (1^2, 2^2, 3^2, 4^2, 5^2).
   - This suggests that the N'th term can be derived from the sum of squares.

3. **Correct Formula**: 
   - The N'th term can be calculated as:
     - T(N) = T(N-1) + (N-1)^2
   - This means we need to sum the squares of the first (N-1) natural numbers to get the N'th term.

4. **Where the Code Went Wrong**: 
   - The formula I initially used was incorrect. I mistakenly used a formula that does not correspond to the series provided. The correct approach is to sum the squares of the first (N-1) integers.

5. **Revising the Code**: 
   - I will implement a loop to calculate the sum of squares up to (N-1) for each test case.

Now, let's write the corrected code based on this understanding.

```python
def calculate_series(N):
    # Calculate the N'th term in the series by summing squares of the first (N-1) integers
    sum_of_squares = 0
    for i in range(N):
        sum_of_squares += i * i  # Add the square of each integer from 0 to N-1
    return sum_of_squares  # Return the computed sum

# Read the number of test cases
T = int(input())
for _ in range(T):  # Iterate over each test case
    N = int(input())  # Read the integer N for the current test case
    result = calculate_series(N)  # Calculate the N'th term
    print(result)  # Output the result for the test case
```
INFO - [Task id] 1321 [prompt] 
## Instructions
Now, given your insights, try to fix the solution. 
Output a block of correct python3 code to be executed and evaluated again. 

Make sure to wrap your code in '```python' and '```' Markdown delimiters.

INFO - [Task id] 1321 [prompt] Based on the insights gained from the previous analysis, I will correct the solution to compute the N'th term in the series correctly. The series is defined by the sum of squares of the first (N-1) integers. 

Here’s the corrected Python code:

```python
def calculate_series(N):
    # Calculate the N'th term in the series by summing squares of the first (N-1) integers
    sum_of_squares = 0
    for i in range(N):  # Loop from 0 to N-1
        sum_of_squares += i * i  # Add the square of each integer
    return sum_of_squares  # Return the computed sum

# Read the number of test cases
T = int(input())
for _ in range(T):  # Iterate over each test case
    N = int(input())  # Read the integer N for the current test case
    result = calculate_series(N)  # Calculate the N'th term
    print(result)  # Output the result for the test case
``` 

This code correctly implements the logic to compute the N'th term in the series by summing the squares of integers from 0 to (N-1). Each test case is processed in a loop, and the results are printed as required.
INFO - [Task id] 1321 [prompt] 
[Environment Feedback]:
    Note: Inputs/outputs here are automatically extracted/truncated so formatting may be a bit off.
    Tests passed:

     Input: ['3', '1', '7', '8'] Output: 0
    91
    140

    Tests failed:
    None
[/Environment Feedback]

INFO - [Task id] 1321 [prompt] 
## Instructions
Now, summarize your attempts as a **standalone** document for your own future reference. (can skip formalities, be concise)

- Only include the most relevant information and code snippets that could be useful in the future.
- If you did not learn much from the current experience (e.g. the problem was too easy), feel free to write less or nothing at all.
- Here are some ideas if the experience was useful:
    - Identifying the core concepts and patterns that problem appears to test for
    - Describing the strategies that seemed to work but did not, and vice versa
    - Describing unexpected errors and how they were fixed

Your summary should be at most a few paragraphs.

INFO - [Task id] 1321 [generation text] In this problem, the goal was to find the N'th term in a specific series defined as 0, 1, 5, 14, 30, 55, etc. Initially, I misidentified the formula for generating the series, leading to incorrect outputs. The series is based on the sum of squares of the first (N-1) integers, which I failed to recognize at first.

The correct approach involves calculating the sum of squares up to (N-1). The formula for the N'th term can be derived as follows: T(N) = sum(i^2) for i from 0 to N-1. This realization led to the correct implementation of the function.

The final working code correctly computes the N'th term using a loop to sum the squares:

```python
def calculate_series(N):
    sum_of_squares = 0
    for i in range(N):
        sum_of_squares += i * i
    return sum_of_squares

T = int(input())
for _ in range(T):
    N = int(input())
    result = calculate_series(N)
    print(result)
```

This experience highlighted the importance of carefully analyzing the series and recognizing patterns, as well as the need to validate the derived formulas against sample outputs.
INFO - LM call n parse attempt 1 / 3

INFO - [Task id] 1321 [prompt] 
You are an expert programmer tasked with solving the problem below.

Follow the user's instructions to solve the problem.
The user can ask for analysis, code, or both.

## Instructions
When asked to output code,
- Make sure to wrap your code in '```python' and '```' Markdown delimiters, 
- include exactly one block of code with the entire solution
- No outside libraries are allowed. 
- Builtins are allowed.
- If the task specifies a function name to be used, follow it strictly (be case sensitive!) and declare the that function last (helper functions are declared first).
- DO NOT write any assert statements / tests.

## Problem
[BEGIN PROBLEM]
The chef is trying to solve some series problems, Chef wants your help to code it. Chef has one number N. Help the chef to find N'th number in the series.
0, 1, 5, 14, 30, 55 …..

-----Input:-----
- First-line will contain $T$, the number of test cases. Then the test cases follow. 
- Each test case contains a single line of input, one integer $N$. 

-----Output:-----
For each test case, output as the pattern.

-----Constraints-----
- $1 \leq T \leq 10^4$
- $1 \leq N \leq 10^4$

-----Sample Input:-----
3
1
7
8

-----Sample Output:-----
0
91
140

The output code needs to read from and write to standard IO


[END PROBLEM]

INFO - [Task id] 1321 [prompt] 
## Instructions

Reason through the problem and:
1. Restate the problem in plain English
2. Conceptualize a solution first in plain English
3. Write a pseudocode solution
4. Output the final Python 3 solution with your solution steps in comments.

Make sure to wrap your code in '```python' and '```' Markdown delimiters, 
and include exactly one block of code with the entire solution.

No outside libraries are allowed.
Builtins are allowed.

INFO - [Task id] 1321 [prompt] 1. **Restate the problem in plain English**: 
   The task is to find the N'th number in a specific series defined as 0, 1, 5, 14, 30, 55, etc. The input consists of multiple test cases, each specifying a value of N, and the output should be the corresponding number from the series for each test case.

2. **Conceptualize a solution first in plain English**: 
   To solve this problem, we need to identify a pattern or formula that generates the series. By observing the series, we can derive that the N'th term can be calculated using a specific formula. We will read the number of test cases, then for each test case, compute the N'th term using the derived formula and print the results.

3. **Write a pseudocode solution**:
   ```
   function calculate_series(N):
       return (N * (N + 1) * (N + 2)) // 6  # This is the formula for the N'th term

   read T  # number of test cases
   for each test case from 1 to T:
       read N
       result = calculate_series(N - 1)  # N - 1 because series is 0-indexed
       print result
   ```

4. **Output the final Python 3 solution with your solution steps in comments**:
```python
def calculate_series(N):
    # Calculate the N'th term in the series using the derived formula
    return (N * (N + 1) * (N + 2)) // 6  # This is the formula for the N'th term

# Read the number of test cases
T = int(input())
for _ in range(T):  # Iterate over each test case
    N = int(input())  # Read the integer N for the current test case
    result = calculate_series(N - 1)  # N - 1 because series is 0-indexed
    print(result)  # Output the result for the test case
```
INFO - [Task id] 1321 [prompt] 
[Environment Feedback]:
    Note: Inputs/outputs here are automatically extracted/truncated so formatting may be a bit off.
    Tests passed:

    None

    Tests failed:
     Input: ['3', '1', '7', '8'] Expected output: [{'0'}, {'91'}, {'140'}] # Execution output: ['0', '56', '84']
[/Environment Feedback]

INFO - [Task id] 1321 [prompt] 
The code doesn't pass all the tests.

## Instructions
- First, think step-by-step about why your code is wrong.
- Then, think step-by-step about where you went wrong in your latest solution.

INFO - [Task id] 1321 [prompt] Let's analyze the problem step-by-step to identify where the code went wrong.

1. **Understanding the Series**: The series provided is:
   - 0, 1, 5, 14, 30, 55, ...
   We need to find the N'th term in this series. 

2. **Identifying the Pattern**: 
   - The series does not follow a simple arithmetic or geometric progression. 
   - By examining the differences between consecutive terms:
     - 1 - 0 = 1
     - 5 - 1 = 4
     - 14 - 5 = 9
     - 30 - 14 = 16
     - 55 - 30 = 25
   - The differences are: 1, 4, 9, 16, 25, which are perfect squares (1^2, 2^2, 3^2, 4^2, 5^2).
   - This suggests that the N'th term can be derived from the sum of squares.

3. **Correct Formula**: 
   - The N'th term can be calculated as:
     - T(N) = T(N-1) + (N-1)^2
   - This means we need to sum the squares of the first (N-1) natural numbers to get the N'th term.

4. **Where the Code Went Wrong**: 
   - The formula I initially used was incorrect. I mistakenly used a formula that does not correspond to the series provided. The correct approach is to sum the squares of the first (N-1) integers.

5. **Revising the Code**: 
   - I will implement a loop to calculate the sum of squares up to (N-1) for each test case.

Now, let's write the corrected code based on this understanding.

```python
def calculate_series(N):
    # Calculate the N'th term in the series by summing squares of the first (N-1) integers
    sum_of_squares = 0
    for i in range(N):
        sum_of_squares += i * i  # Add the square of each integer from 0 to N-1
    return sum_of_squares  # Return the computed sum

# Read the number of test cases
T = int(input())
for _ in range(T):  # Iterate over each test case
    N = int(input())  # Read the integer N for the current test case
    result = calculate_series(N)  # Calculate the N'th term
    print(result)  # Output the result for the test case
```
INFO - [Task id] 1321 [prompt] 
## Instructions
Now, given your insights, try to fix the solution. 
Output a block of correct python3 code to be executed and evaluated again. 

Make sure to wrap your code in '```python' and '```' Markdown delimiters.

INFO - [Task id] 1321 [prompt] Based on the insights gained from the previous analysis, I will correct the solution to compute the N'th term in the series correctly. The series is defined by the sum of squares of the first (N-1) integers. 

Here’s the corrected Python code:

```python
def calculate_series(N):
    # Calculate the N'th term in the series by summing squares of the first (N-1) integers
    sum_of_squares = 0
    for i in range(N):  # Loop from 0 to N-1
        sum_of_squares += i * i  # Add the square of each integer
    return sum_of_squares  # Return the computed sum

# Read the number of test cases
T = int(input())
for _ in range(T):  # Iterate over each test case
    N = int(input())  # Read the integer N for the current test case
    result = calculate_series(N)  # Calculate the N'th term
    print(result)  # Output the result for the test case
``` 

This code correctly implements the logic to compute the N'th term in the series by summing the squares of integers from 0 to (N-1). Each test case is processed in a loop, and the results are printed as required.
INFO - [Task id] 1321 [prompt] 
[Environment Feedback]:
    Note: Inputs/outputs here are automatically extracted/truncated so formatting may be a bit off.
    Tests passed:

     Input: ['3', '1', '7', '8'] Output: 0
    91
    140

    Tests failed:
    None
[/Environment Feedback]

INFO - [Task id] 1321 [prompt] 
Below is the official solution (do exercise discretion as official solutions can also have mistakes).

You will be reflecting on your attempts to solve the problem.
This will be a **standalone** document for your own future reference. (can skip formalities, be concise)

## Instructions
- Only include the most relevant insights and code snippets that could be useful in the future.
- If you did not learn much from the current experience (e.g. the problem was too easy / official solution was obvious), feel free to write less or nothing at all.
- Here are some ideas if the experience was useful:
    - If the official solution is insightful (e.g. better than yours in time and space complexity or more effective in breaking down the problem statement), distil the key approach of the official solution, step by step.
    - If your approach failed the test cases, reason why the official solution works but yours does not

Your reflection should be at most a few paragraphs.

## Official solution
T=int(input())
for i in range(T):
    n=int(input())
    if n==1:
        print("0")
    else:
        n=n-2
        l=(n+1)*(2*n+3)*(n+2)/6
        print(int(l))


INFO - [Task id] 1321 [generation text] In this experience, I learned the importance of correctly identifying the underlying pattern in a mathematical series. Initially, I misinterpreted the series and used an incorrect formula based on the sum of squares, which led to incorrect outputs for certain test cases. The official solution, however, effectively derives the N'th term using a more direct mathematical formula.

The key insight from the official solution is the use of a specific formula to compute the N'th term directly, which is derived from the series properties. The formula used is:

\[ T(N) = \frac{(N-2 + 1)(2(N-2) + 3)(N-2 + 2)}{6} \]

This formula allows for efficient computation without the need for iterative summation, significantly improving performance, especially given the constraints where \( N \) can be as large as 10,000 and there can be up to 10,000 test cases.

In summary, the official solution is more efficient and concise, leveraging a mathematical approach to derive the result directly, while my initial approach was overly complex and incorrect. This experience reinforces the importance of thoroughly analyzing the problem and seeking patterns or formulas that can simplify the solution.
INFO - Updated entry: In this problem, the goal was to find the N'th term in a specific series defined as 0, 1, 5, 14, 30, 55, etc. Initially, I misidentified the formula for generating the series, leading to incorrect outputs. The series is based on the sum of squares of the first (N-1) integers, which I failed to re...,

INFO - Metadata: {
    "task_id": 1321
}

INFO - Updated entry: In this experience, I learned the importance of correctly identifying the underlying pattern in a mathematical series. Initially, I misinterpreted the series and used an incorrect formula based on the sum of squares, which led to incorrect outputs for certain test cases. The official solution, ho...,

INFO - Metadata: {
    "task_id": 1321
}

INFO - LM call n parse attempt 1 / 3

INFO - [Task id] 1321 [prompt] 
You are a helpful assistant that writes a description of the given function written in the Python programming language.

1) Do not mention the function name.
2) Do not mention anything about helper functions.
3) There might be some helper functions before the main function, but you only need to describe the main function.
4) Try to summarize the function in no more than 6 sentences.
5) Your response should be a single line of text.

INFO - [Task id] 1321 [prompt] 
def calculate_series(N):
    # Calculate the N'th term in the series by summing squares of the first (N-1) integers
    sum_of_squares = 0
    for i in range(N):  # Loop from 0 to N-1
        sum_of_squares += i * i  # Add the square of each integer
    return sum_of_squares  # Return the computed sum

# Read the number of test cases
T = int(input())
for _ in range(T):  # Iterate over each test case
    N = int(input())  # Read the integer N for the current test case
    result = calculate_series(N)  # Calculate the N'th term
    print(result)  # Output the result for the test case


The main function is `calculate_series`.
INFO - [Task id] 1321 [generation text] This function computes the sum of the squares of the first (N-1) integers, where N is the input parameter. It initializes a variable to hold the cumulative sum and iterates from 0 to N-1, adding the square of each integer to this sum. After completing the loop, it returns the total sum calculated. The function effectively provides the N'th term in a specific mathematical series based on the squares of integers. It is designed to handle a single input value and produce a corresponding output.
INFO - LM call n parse attempt 1 / 3

INFO - [Task id] 1321 [prompt] 
You are a helpful assistant that extracts important information from problems and solutions to aid in searchability and education.

## Instructions
- Read through the problem and solution carefully.
- Reason out, step by step, in what scenarios this knowledge would be useful.
- Focus on general patterns and situations to help connect this knowledge to new situations.
- Then, include a list of keywords that are useful for searching this problem/solution pair.

## Response format
Respond in JSON, and follow the keys and expected format of the values strictly.

The output should be formatted as a JSON instance that conforms to the JSON schema below.

As an example, for the schema {"properties": {"foo": {"title": "Foo", "description": "a list of strings", "type": "array", "items": {"type": "string"}}}, "required": ["foo"]}
the object {"foo": ["bar", "baz"]} is a well-formatted instance of the schema. The object {"properties": {"foo": ["bar", "baz"]}} is not well-formatted.

Here is the output schema:
```
{"properties": {"scenarios": {"description": "In what scenarios will this knowledge be useful? Answer in a paragraph.", "title": "Scenarios", "type": "string"}, "keywords": {"description": "List of keywords that are useful for searching this problem/solution pair", "items": {"type": "string"}, "title": "Keywords", "type": "array"}}, "required": ["scenarios", "keywords"]}
```

INFO - [Task id] 1321 [prompt] 
[Problem]
    The chef is trying to solve some series problems, Chef wants your help to code it. Chef has one number N. Help the chef to find N'th number in the series.
    0, 1, 5, 14, 30, 55 …..

    -----Input:-----
    - First-line will contain $T$, the number of test cases. Then the test cases follow. 
    - Each test case contains a single line of input, one integer $N$. 

    -----Output:-----
    For each test case, output as the pattern.

    -----Constraints-----
    - $1 \leq T \leq 10^4$
    - $1 \leq N \leq 10^4$

    -----Sample Input:-----
    3
    1
    7
    8

    -----Sample Output:-----
    0
    91
    140
[/Problem]

[Solution]

    def calculate_series(N):
        # Calculate the N'th term in the series by summing squares of the first (N-1) integers
        sum_of_squares = 0
        for i in range(N):  # Loop from 0 to N-1
            sum_of_squares += i * i  # Add the square of each integer
        return sum_of_squares  # Return the computed sum

    # Read the number of test cases
    T = int(input())
    for _ in range(T):  # Iterate over each test case
        N = int(input())  # Read the integer N for the current test case
        result = calculate_series(N)  # Calculate the N'th term
        print(result)  # Output the result for the test case

[/Solution]

INFO - [Task id] 1321 [generation text] 
INFO - {
    "scenarios": "This knowledge is useful in scenarios where one needs to compute specific terms in a mathematical series, particularly when the series is defined by a pattern involving the summation of squares. It can be applied in programming contests, algorithm design, and mathematical problem-solving where efficient computation of series terms is required, especially given constraints that allow for multiple test cases and large values of N.",
    "keywords": [
        "series",
        "mathematical series",
        "sum of squares",
        "programming contest",
        "algorithm",
        "N'th term",
        "test cases",
        "Python",
        "compute series term"
    ]
}
INFO - {
    "scenarios": "This knowledge is useful in scenarios where one needs to compute specific terms in a mathematical series, particularly when the series is defined by a pattern involving the summation of squares. It can be applied in programming contests, algorithm design, and mathematical problem-solving where efficient computation of series terms is required, especially given constraints that allow for multiple test cases and large values of N.",
    "keywords": [
        "series",
        "mathematical series",
        "sum of squares",
        "programming contest",
        "algorithm",
        "N'th term",
        "test cases",
        "Python",
        "compute series term"
    ]
}
INFO - Updated entry: 
[description for function: calculate_series]
This function computes the sum of the squares of the first (N-1) integers, where N is the input parameter. It initializes a variable to hold the cumulative sum and iterates from 0 to N-1, adding the square of each integer to this sum. After completing...,

INFO - Metadata: {
    "task": 1321,
    "code": "\ndef calculate_series(N):\n    # Calculate the N'th term in the series by summing squares of the first (N-1) integers\n    sum_of_squares = 0\n    for i in range(N):  # Loop from 0 to N-1\n        sum_of_squares += i * i  # Add the square of each integer\n    ret...

