INFO - DB skill doc count: 0

INFO - DB non_func doc count: 46

INFO - DB semantic doc count: 429

INFO - DB summaries doc count: 60

INFO - DB reflections doc count: 60

INFO - DB episodic doc count: 112

INFO - [train iter]: 60/100 

INFO - The task prompt is Return the length of the shortest, non-empty, contiguous subarray of A with sum at least K.
If there is no non-empty subarray with sum at least K, return -1.
 



Example 1:
Input: A = [1], K = 1
Output: 1


Example 2:
Input: A = [1,2], K = 4
Output: -1


Example 3:
Input: A = [2,-1,2], K = 3
Out...

INFO - Attempting task_id 312
INFO - LM call n parse attempt 1 / 3

INFO - [Task id] 312 [prompt] 
You are an expert programmer tasked with solving the problem below.

Follow the user's instructions to solve the problem.
The user can ask for analysis, code, or both.

## Instructions
When asked to output code,
- Make sure to wrap your code in '```python' and '```' Markdown delimiters, 
- include exactly one block of code with the entire solution
- No outside libraries are allowed. 
- Builtins are allowed.
- If the task specifies a function name to be used, follow it strictly (be case sensitive!) and declare the that function last (helper functions are declared first).
- DO NOT write any assert statements / tests.

## Problem
[BEGIN PROBLEM]
Return the length of the shortest, non-empty, contiguous subarray of A with sum at least K.
If there is no non-empty subarray with sum at least K, return -1.
 



Example 1:
Input: A = [1], K = 1
Output: 1


Example 2:
Input: A = [1,2], K = 4
Output: -1


Example 3:
Input: A = [2,-1,2], K = 3
Output: 3

 
Note:

1 <= A.length <= 50000
-10 ^ 5 <= A[i] <= 10 ^ 5
1 <= K <= 10 ^ 9

The output code needs to use the provided function signature

The final python function should begin with: 
```python

class Solution:
    def shortestSubarray(self, A: List[int], K: int) -> int:
        
```

[END PROBLEM]

INFO - [Task id] 312 [prompt] 
## Instructions

Reason through the problem and:
1. Restate the problem in plain English
2. Conceptualize a solution first in plain English
3. Write a pseudocode solution
4. Output the final Python 3 solution with your solution steps in comments.

Make sure to wrap your code in '```python' and '```' Markdown delimiters, 
and include exactly one block of code with the entire solution.

No outside libraries are allowed.
Builtins are allowed.

INFO - [Task id] 312 [generation text] 1. **Restate the problem in plain English:**
   We need to find the length of the shortest contiguous subarray from a given list of integers such that the sum of the elements in that subarray is at least a specified value K. If no such subarray exists, we should return -1.

2. **Conceptualize a solution first in plain English:**
   To solve this problem, we can use a sliding window approach combined with prefix sums. We will maintain a cumulative sum of the elements as we iterate through the list. For each element, we will check if the sum of any subarray ending at that element meets or exceeds K. We can use a deque to efficiently track the indices of the prefix sums that can potentially form valid subarrays. If we find a valid subarray, we will update the minimum length found so far.

3. **Write a pseudocode solution:**
   ```
   Initialize a variable to store the prefix sum and a deque to store indices of prefix sums
   Initialize a variable to store the minimum length of the subarray found (set to infinity)
   Iterate through the array:
       Update the prefix sum with the current element
       While the deque is not empty and the prefix sum minus the prefix sum at the front of the deque is at least K:
           Calculate the length of the subarray and update the minimum length if it's shorter
           Remove the front of the deque
       Append the current index to the deque
   If the minimum length is still infinity, return -1
   Otherwise, return the minimum length
   ```

4. **Output the final Python 3 solution with your solution steps in comments:**
```python
class Solution:
    def shortestSubarray(self, A: List[int], K: int) -> int:
        from collections import deque
        
        # Step 1: Initialize prefix sums and a deque
        prefix_sum = [0] * (len(A) + 1)
        for i in range(len(A)):
            prefix_sum[i + 1] = prefix_sum[i] + A[i]
        
        # Step 2: Initialize the deque and the minimum length variable
        min_length = float('inf')
        dq = deque()
        
        # Step 3: Iterate through the prefix sums
        for i in range(len(prefix_sum)):
            # Step 4: Check if we can form a valid subarray
            while dq and prefix_sum[i] - prefix_sum[dq[0]] >= K:
                min_length = min(min_length, i - dq.popleft())
            # Step 5: Maintain the deque in increasing order of prefix sums
            while dq and prefix_sum[i] <= prefix_sum[dq[-1]]:
                dq.pop()
            dq.append(i)
        
        # Step 6: Return the result
        return min_length if min_length != float('inf') else -1
```
INFO - [35m Rollout attempt 1/4[0m
INFO - [33m Retrieving 1 entries for db: episodic 
 [0m
INFO - Retrieved (score=0.3701):

[Task]:
    Given an unsorted array of integers, find the length of longest increasing subsequence.

    Example:


    Input: [10,9,2,5,3,7,101,18]
    Output: 4 
    Explanation: The longest increasing subsequence is [2,3,7,101], therefore the length is 4. 

    Note: 


           There may b...


INFO - [33m Retrieving 1 entries for db: semantic 
 [0m
INFO - Retrieved (score=0.4006):
Title: Search the subarray with the maximum/minimum sum
Part: 1/2
# Search the subarray with the maximum/minimum sum

Here, we consider the problem of finding a subarray with maximum sum, as well as some of its variations (including the algorithm for solving this problem online).

## Problem stat...


INFO - [33m Retrieving 1 entries for db: reflections 
 [0m
INFO - Retrieved (score=0.3790):
In reflecting on the attempts to solve the problem of finding the contiguous segment of railway stations with the sum closest to zero, several key insights emerged:

1. **Prefix Sum Approach**: The initial solution utilized a prefix sum array to calculate the sum of any segment efficiently. This ...


INFO - [33m Retrieving 1 entries for db: summaries 
 [0m
INFO - Retrieved (score=0.3537):
The task was to find the length of the longest increasing subsequence (LIS) in an unsorted array of integers. The solution involved using dynamic programming to build an array that tracks the length of the LIS ending at each index. The core concept was to compare each element with all previous el...


INFO - [33m Retrieving 1 entries for db: non_func 
 [0m
INFO - Retrieved (score=0.4441):

[description]
This function calculates the number of contiguous subarrays within a given list that contain exactly a specified number of odd integers. It utilizes a sliding window approach to efficiently count subarrays with at most a certain number of odd integers. By determining the counts for...


INFO - Retrieved (score=0.3537): 
[Summary]:
    The task was to find the length of the longest increasing subsequence (LIS) in an unsorted array of integers. The solution involved using dynamic programming to build an array that tracks the length of the LIS ending at each index. The core concept was to compare each element with...
INFO - LM call n parse attempt 1 / 3

INFO - [Task id] 312 [prompt] 
You are an expert programmer tasked with solving the problem below.

Follow the user's instructions to solve the problem.
The user can ask for analysis, code, or both.

## Instructions
When asked to output code,
- Make sure to wrap your code in '```python' and '```' Markdown delimiters, 
- include exactly one block of code with the entire solution
- No outside libraries are allowed. 
- Builtins are allowed.
- If the task specifies a function name to be used, follow it strictly (be case sensitive!) and declare the that function last (helper functions are declared first).
- DO NOT write any assert statements / tests.

## Problem
[BEGIN PROBLEM]
Return the length of the shortest, non-empty, contiguous subarray of A with sum at least K.
If there is no non-empty subarray with sum at least K, return -1.
 



Example 1:
Input: A = [1], K = 1
Output: 1


Example 2:
Input: A = [1,2], K = 4
Output: -1


Example 3:
Input: A = [2,-1,2], K = 3
Output: 3

 
Note:

1 <= A.length <= 50000
-10 ^ 5 <= A[i] <= 10 ^ 5
1 <= K <= 10 ^ 9

The output code needs to use the provided function signature

The final python function should begin with: 
```python

class Solution:
    def shortestSubarray(self, A: List[int], K: int) -> int:
        
```

[END PROBLEM]

INFO - [Task id] 312 [prompt] 
## Instructions

Reason through the problem and:
1. Restate the problem in plain English
2. Conceptualize a solution first in plain English
3. Write a pseudocode solution
4. Output the final Python 3 solution with your solution steps in comments.

Make sure to wrap your code in '```python' and '```' Markdown delimiters, 
and include exactly one block of code with the entire solution.

No outside libraries are allowed.
Builtins are allowed.

INFO - [Task id] 312 [prompt] 
Also, here are some of your memories.
Feel free to use the given information to aid your problem solving process if necessary.
Do not confuse the memories with the problem statement.

## Memories

[Summary]:
    The task was to find the length of the longest increasing subsequence (LIS) in an unsorted array of integers. The solution involved using dynamic programming to build an array that tracks the length of the LIS ending at each index. The core concept was to compare each element with all previous elements to determine if they could form an increasing sequence.

    The implemented algorithm runs in O(n^2) time complexity, which is acceptable for this problem. The approach involved initializing a list `d` where each element starts with a value of 1 (indicating that the minimum LIS length for any single element is 1). The nested loops then updated this list based on comparisons between elements.

    The final code snippet is as follows:

    ```python
    class Solution:
        def lengthOfLIS(self, nums: List[int]) -> int:
            n = len(nums)
            if n == 0:
                return 0
            d = [1] * n
        
            for i in range(1, n):
                for j in range(i):
                    if nums[j] < nums[i]:
                        d[i] = max(d[i], d[j] + 1)
        
            return max(d)
    ```

    This solution was effective and passed the provided test case, demonstrating a solid understanding of dynamic programming principles. No unexpected errors were encountered during the implementation.
[/Summary]


INFO - [Task id] 312 [generation text] 1. **Restate the problem in plain English**: 
   We need to find the shortest contiguous subarray within a given list of integers such that the sum of the elements in that subarray is at least a specified value, K. If no such subarray exists, we should return -1.

2. **Conceptualize a solution first in plain English**: 
   To solve this problem, we can use a sliding window approach combined with prefix sums. We will maintain a running sum of the elements as we iterate through the array. If the running sum exceeds or meets K, we will check the length of the current subarray and update our minimum length if it's shorter than any previously found subarray. If the running sum is less than K, we will continue to expand the window by adding more elements. We will also keep track of the starting index of the subarray to ensure we are always considering contiguous elements.

3. **Write a pseudocode solution**:
   ```
   Initialize a variable min_length to infinity
   Initialize a variable current_sum to 0
   Initialize a list to store prefix sums with an initial value of 0
   For each element in the array:
       Add the element to current_sum
       Append current_sum to the prefix sums list
       For each previous prefix sum:
           If current_sum - previous_prefix_sum >= K:
               Calculate the length of the subarray
               Update min_length if this length is shorter
   If min_length is still infinity, return -1
   Otherwise, return min_length
   ```

4. **Output the final Python 3 solution with your solution steps in comments**:
```python
class Solution:
    def shortestSubarray(self, A: List[int], K: int) -> int:
        # Initialize the minimum length to a large number
        min_length = float('inf')
        # Initialize the current sum
        current_sum = 0
        # Create a list to store prefix sums
        prefix_sums = [0]
        
        # Iterate through the array
        for num in A:
            # Update the current sum
            current_sum += num
            # Append the current sum to the prefix sums list
            prefix_sums.append(current_sum)
            
            # Check all previous prefix sums
            for i in range(len(prefix_sums) - 1):
                # If the difference is at least K
                if current_sum - prefix_sums[i] >= K:
                    # Calculate the length of the subarray
                    length = len(prefix_sums) - 1 - i
                    # Update the minimum length if this is shorter
                    min_length = min(min_length, length)
        
        # If min_length was updated, return it; otherwise, return -1
        return min_length if min_length != float('inf') else -1
```
INFO - program_code:
 
class Solution:
    def shortestSubarray(self, A: List[int], K: int) -> int:
        # Initialize the minimum length to a large number
        min_length = float('inf')
        # Initialize the current sum
        current_sum = 0
        # Create a list to store prefix sums
        prefix_sums = [0]
        
        # Iterate through the array
        for num in A:
            # Update the current sum
            current_sum += num
            # Append the current sum to the prefix sums list
            prefix_sums.append(current_sum)
            
            # Check all previous prefix sums
            for i in range(len(prefix_sums) - 1):
                # If the difference is at least K
                if current_sum - prefix_sums[i] >= K:
                    # Calculate the length of the subarray
                    length = len(prefix_sums) - 1 - i
                    # Update the minimum length if this is shorter
                    min_length = min(min_length, length)
        
        # If min_length was updated, return it; otherwise, return -1
        return min_length if min_length != float('inf') else -1


INFO - program_name:
 

INFO - dependencies:
 []

INFO - raw_msg:
 1. **Restate the problem in plain English**: 
   We need to find the shortest contiguous subarray within a given list of integers such that the sum of the elements in that subarray is at least a specified value, K. If no such subarray exists, we should return -1.

2. **Conceptualize a solution first in plain English**: 
   To solve this problem, we can use a sliding window approach combined with prefix sums. We will maintain a running sum of the elements as we iterate through the array. If the running sum exceeds or meets K, we will check the length of the current subarray and update our minimum length if it's shorter than any previously found subarray. If the running sum is less than K, we will continue to expand the window by adding more elements. We will also keep track of the starting index of the subarray to ensure we are always considering contiguous elements.

3. **Write a pseudocode solution**:
   ```
   Initialize a variable min_length to infinity
   Initialize a variable current_sum to 0
   Initialize a list to store prefix sums with an initial value of 0
   For each element in the array:
       Add the element to current_sum
       Append current_sum to the prefix sums list
       For each previous prefix sum:
           If current_sum - previous_prefix_sum >= K:
               Calculate the length of the subarray
               Update min_length if this length is shorter
   If min_length is still infinity, return -1
   Otherwise, return min_length
   ```

4. **Output the final Python 3 solution with your solution steps in comments**:
```python
class Solution:
    def shortestSubarray(self, A: List[int], K: int) -> int:
        # Initialize the minimum length to a large number
        min_length = float('inf')
        # Initialize the current sum
        current_sum = 0
        # Create a list to store prefix sums
        prefix_sums = [0]
        
        # Iterate through the array
        for num in A:
            # Update the current sum
            current_sum += num
            # Append the current sum to the prefix sums list
            prefix_sums.append(current_sum)
            
            # Check all previous prefix sums
            for i in range(len(prefix_sums) - 1):
                # If the difference is at least K
                if current_sum - prefix_sums[i] >= K:
                    # Calculate the length of the subarray
                    length = len(prefix_sums) - 1 - i
                    # Update the minimum length if this is shorter
                    min_length = min(min_length, length)
        
        # If min_length was updated, return it; otherwise, return -1
        return min_length if min_length != float('inf') else -1
```

INFO - no_parent:
 False

INFO - full code to be executed: 
 
class Solution:
    def shortestSubarray(self, A: List[int], K: int) -> int:
        # Initialize the minimum length to a large number
        min_length = float('inf')
        # Initialize the current sum
        current_sum = 0
        # Create a list to store prefix sums
        prefix_sums = [0]
        
        # Iterate through the array
        for num in A:
            # Update the current sum
            current_sum += num
            # Append the current sum to the prefix sums list
            prefix_sums.append(current_sum)
            
            # Check all previous prefix sums
            for i in range(len(prefix_sums) - 1):
                # If the difference is at least K
                if current_sum - prefix_sums[i] >= K:
                    # Calculate the length of the subarray
                    length = len(prefix_sums) - 1 - i
                    # Update the minimum length if this is shorter
                    min_length = min(min_length, length)
        
        # If min_length was updated, return it; otherwise, return -1
        return min_length if min_length != float('inf') else -1


INFO - obs: Note: Inputs/outputs here are automatically extracted/truncated so formatting may be a bit off.
Tests passed:

 Input: [[1], 1] Output: 1

Tests failed:
None
reward: True
done: None
info: {'individual_results': [True]}
INFO - Updated entry: 
[Task]:
    Return the length of the shortest, non-empty, contiguous subarray of A with sum at least K.
    If there is no non-empty subarray with sum at least K, return -1.
 



    Example 1:
    Input: A = [1], K = 1
    Output: 1


    Example 2:
    Input: A = [1,2], K = 4
    Output: -1


...,

INFO - Metadata: {
    "raw_msg": "1. **Restate the problem in plain English**: \n   We need to find the shortest contiguous subarray within a given list of integers such that the sum of the elements in that subarray is at least a specified value, K. If no such subarray exists, we should return -1.\n\n2. **Concep...

INFO - LM call n parse attempt 1 / 3

INFO - [Task id] 312 [prompt] 
You are an expert programmer tasked with solving the problem below.

Follow the user's instructions to solve the problem.
The user can ask for analysis, code, or both.

## Instructions
When asked to output code,
- Make sure to wrap your code in '```python' and '```' Markdown delimiters, 
- include exactly one block of code with the entire solution
- No outside libraries are allowed. 
- Builtins are allowed.
- If the task specifies a function name to be used, follow it strictly (be case sensitive!) and declare the that function last (helper functions are declared first).
- DO NOT write any assert statements / tests.

## Problem
[BEGIN PROBLEM]
Return the length of the shortest, non-empty, contiguous subarray of A with sum at least K.
If there is no non-empty subarray with sum at least K, return -1.
 



Example 1:
Input: A = [1], K = 1
Output: 1


Example 2:
Input: A = [1,2], K = 4
Output: -1


Example 3:
Input: A = [2,-1,2], K = 3
Output: 3

 
Note:

1 <= A.length <= 50000
-10 ^ 5 <= A[i] <= 10 ^ 5
1 <= K <= 10 ^ 9

The output code needs to use the provided function signature

The final python function should begin with: 
```python

class Solution:
    def shortestSubarray(self, A: List[int], K: int) -> int:
        
```

[END PROBLEM]

INFO - [Task id] 312 [prompt] 
## Instructions

Reason through the problem and:
1. Restate the problem in plain English
2. Conceptualize a solution first in plain English
3. Write a pseudocode solution
4. Output the final Python 3 solution with your solution steps in comments.

Make sure to wrap your code in '```python' and '```' Markdown delimiters, 
and include exactly one block of code with the entire solution.

No outside libraries are allowed.
Builtins are allowed.

INFO - [Task id] 312 [prompt] 1. **Restate the problem in plain English**: 
   We need to find the shortest contiguous subarray within a given list of integers such that the sum of the elements in that subarray is at least a specified value, K. If no such subarray exists, we should return -1.

2. **Conceptualize a solution first in plain English**: 
   To solve this problem, we can use a sliding window approach combined with prefix sums. We will maintain a running sum of the elements as we iterate through the array. If the running sum exceeds or meets K, we will check the length of the current subarray and update our minimum length if it's shorter than any previously found subarray. If the running sum is less than K, we will continue to expand the window by adding more elements. We will also keep track of the starting index of the subarray to ensure we are always considering contiguous elements.

3. **Write a pseudocode solution**:
   ```
   Initialize a variable min_length to infinity
   Initialize a variable current_sum to 0
   Initialize a list to store prefix sums with an initial value of 0
   For each element in the array:
       Add the element to current_sum
       Append current_sum to the prefix sums list
       For each previous prefix sum:
           If current_sum - previous_prefix_sum >= K:
               Calculate the length of the subarray
               Update min_length if this length is shorter
   If min_length is still infinity, return -1
   Otherwise, return min_length
   ```

4. **Output the final Python 3 solution with your solution steps in comments**:
```python
class Solution:
    def shortestSubarray(self, A: List[int], K: int) -> int:
        # Initialize the minimum length to a large number
        min_length = float('inf')
        # Initialize the current sum
        current_sum = 0
        # Create a list to store prefix sums
        prefix_sums = [0]
        
        # Iterate through the array
        for num in A:
            # Update the current sum
            current_sum += num
            # Append the current sum to the prefix sums list
            prefix_sums.append(current_sum)
            
            # Check all previous prefix sums
            for i in range(len(prefix_sums) - 1):
                # If the difference is at least K
                if current_sum - prefix_sums[i] >= K:
                    # Calculate the length of the subarray
                    length = len(prefix_sums) - 1 - i
                    # Update the minimum length if this is shorter
                    min_length = min(min_length, length)
        
        # If min_length was updated, return it; otherwise, return -1
        return min_length if min_length != float('inf') else -1
```
INFO - [Task id] 312 [prompt] 
[Environment Feedback]:
    Note: Inputs/outputs here are automatically extracted/truncated so formatting may be a bit off.
    Tests passed:

     Input: [[1], 1] Output: 1

    Tests failed:
    None
[/Environment Feedback]

INFO - [Task id] 312 [prompt] 
## Instructions
Now, summarize your attempts as a **standalone** document for your own future reference. (can skip formalities, be concise)

- Only include the most relevant information and code snippets that could be useful in the future.
- If you did not learn much from the current experience (e.g. the problem was too easy), feel free to write less or nothing at all.
- Here are some ideas if the experience was useful:
    - Identifying the core concepts and patterns that problem appears to test for
    - Describing the strategies that seemed to work but did not, and vice versa
    - Describing unexpected errors and how they were fixed

Your summary should be at most a few paragraphs.

INFO - [Task id] 312 [generation text] The problem involved finding the length of the shortest contiguous subarray with a sum of at least K. The solution utilized a combination of prefix sums and a sliding window approach to efficiently track the sums of subarrays as we iterated through the list.

Key concepts included:
- **Prefix Sums**: This allowed for quick calculations of subarray sums by storing cumulative sums.
- **Sliding Window**: By maintaining a running sum and checking against previous prefix sums, we could dynamically adjust our search for valid subarrays.

The implemented solution successfully passed the provided test cases, demonstrating that the approach was effective. The code iterated through the array, updated the current sum, and checked against previously stored prefix sums to determine valid subarrays. The minimum length was updated accordingly.

No unexpected errors were encountered, and the solution performed as expected within the constraints provided. This experience reinforced the importance of using efficient data structures and algorithms to handle potentially large input sizes.
INFO - LM call n parse attempt 1 / 3

INFO - [Task id] 312 [prompt] 
You are an expert programmer tasked with solving the problem below.

Follow the user's instructions to solve the problem.
The user can ask for analysis, code, or both.

## Instructions
When asked to output code,
- Make sure to wrap your code in '```python' and '```' Markdown delimiters, 
- include exactly one block of code with the entire solution
- No outside libraries are allowed. 
- Builtins are allowed.
- If the task specifies a function name to be used, follow it strictly (be case sensitive!) and declare the that function last (helper functions are declared first).
- DO NOT write any assert statements / tests.

## Problem
[BEGIN PROBLEM]
Return the length of the shortest, non-empty, contiguous subarray of A with sum at least K.
If there is no non-empty subarray with sum at least K, return -1.
 



Example 1:
Input: A = [1], K = 1
Output: 1


Example 2:
Input: A = [1,2], K = 4
Output: -1


Example 3:
Input: A = [2,-1,2], K = 3
Output: 3

 
Note:

1 <= A.length <= 50000
-10 ^ 5 <= A[i] <= 10 ^ 5
1 <= K <= 10 ^ 9

The output code needs to use the provided function signature

The final python function should begin with: 
```python

class Solution:
    def shortestSubarray(self, A: List[int], K: int) -> int:
        
```

[END PROBLEM]

INFO - [Task id] 312 [prompt] 
## Instructions

Reason through the problem and:
1. Restate the problem in plain English
2. Conceptualize a solution first in plain English
3. Write a pseudocode solution
4. Output the final Python 3 solution with your solution steps in comments.

Make sure to wrap your code in '```python' and '```' Markdown delimiters, 
and include exactly one block of code with the entire solution.

No outside libraries are allowed.
Builtins are allowed.

INFO - [Task id] 312 [prompt] 1. **Restate the problem in plain English**: 
   We need to find the shortest contiguous subarray within a given list of integers such that the sum of the elements in that subarray is at least a specified value, K. If no such subarray exists, we should return -1.

2. **Conceptualize a solution first in plain English**: 
   To solve this problem, we can use a sliding window approach combined with prefix sums. We will maintain a running sum of the elements as we iterate through the array. If the running sum exceeds or meets K, we will check the length of the current subarray and update our minimum length if it's shorter than any previously found subarray. If the running sum is less than K, we will continue to expand the window by adding more elements. We will also keep track of the starting index of the subarray to ensure we are always considering contiguous elements.

3. **Write a pseudocode solution**:
   ```
   Initialize a variable min_length to infinity
   Initialize a variable current_sum to 0
   Initialize a list to store prefix sums with an initial value of 0
   For each element in the array:
       Add the element to current_sum
       Append current_sum to the prefix sums list
       For each previous prefix sum:
           If current_sum - previous_prefix_sum >= K:
               Calculate the length of the subarray
               Update min_length if this length is shorter
   If min_length is still infinity, return -1
   Otherwise, return min_length
   ```

4. **Output the final Python 3 solution with your solution steps in comments**:
```python
class Solution:
    def shortestSubarray(self, A: List[int], K: int) -> int:
        # Initialize the minimum length to a large number
        min_length = float('inf')
        # Initialize the current sum
        current_sum = 0
        # Create a list to store prefix sums
        prefix_sums = [0]
        
        # Iterate through the array
        for num in A:
            # Update the current sum
            current_sum += num
            # Append the current sum to the prefix sums list
            prefix_sums.append(current_sum)
            
            # Check all previous prefix sums
            for i in range(len(prefix_sums) - 1):
                # If the difference is at least K
                if current_sum - prefix_sums[i] >= K:
                    # Calculate the length of the subarray
                    length = len(prefix_sums) - 1 - i
                    # Update the minimum length if this is shorter
                    min_length = min(min_length, length)
        
        # If min_length was updated, return it; otherwise, return -1
        return min_length if min_length != float('inf') else -1
```
INFO - [Task id] 312 [prompt] 
[Environment Feedback]:
    Note: Inputs/outputs here are automatically extracted/truncated so formatting may be a bit off.
    Tests passed:

     Input: [[1], 1] Output: 1

    Tests failed:
    None
[/Environment Feedback]

INFO - [Task id] 312 [prompt] 
Below is the official solution (do exercise discretion as official solutions can also have mistakes).

You will be reflecting on your attempts to solve the problem.
This will be a **standalone** document for your own future reference. (can skip formalities, be concise)

## Instructions
- Only include the most relevant insights and code snippets that could be useful in the future.
- If you did not learn much from the current experience (e.g. the problem was too easy / official solution was obvious), feel free to write less or nothing at all.
- Here are some ideas if the experience was useful:
    - If the official solution is insightful (e.g. better than yours in time and space complexity or more effective in breaking down the problem statement), distil the key approach of the official solution, step by step.
    - If your approach failed the test cases, reason why the official solution works but yours does not

Your reflection should be at most a few paragraphs.

## Official solution
import collections

class Solution:
    def shortestSubarray(self, A: List[int], K: int) -> int:
        cum_sum = 0
        queue = collections.deque([(-1, 0)])
        result = len(A) + 1
        for i, v in enumerate(A):
            cum_sum += v    
            if v > 0:
                # find any matches and remove them, since will never have a better match
                while queue and cum_sum - queue[0][1] >= K:
                    e = queue.popleft()
                    #print('remove candidate from start:', e)
                    result = min(result, i - e[0])
            else:
                # for negative numbers pop off any greater cum sums, which will never be a better target
                while queue and cum_sum <= queue[-1][1]:
                    e = queue.pop()
                    #print('remove lesser from end:', e)
        
            queue.append((i, cum_sum))
            #print(queue)            
        return result if result <= len(A) else -1    

INFO - [Task id] 312 [generation text] The official solution employs a more efficient approach using a deque (double-ended queue) to maintain a list of cumulative sums and their corresponding indices. This method effectively reduces the time complexity compared to my initial approach, which involved nested loops to check all previous prefix sums.

### Key Insights from the Official Solution:

1. **Cumulative Sum**: The solution maintains a running cumulative sum (`cum_sum`) as it iterates through the array. This allows for quick calculations of subarray sums.

2. **Deque for Efficient Access**: The use of a deque allows for efficient removal of elements from both ends. This is crucial for maintaining a list of potential starting points for subarrays that could meet the sum requirement.

3. **Handling Positive and Negative Values**:
   - When encountering a positive value, the solution checks if the current cumulative sum minus the front of the deque (which holds the smallest cumulative sum seen so far) meets or exceeds K. If it does, it calculates the length of the subarray and updates the result.
   - For negative values, the solution removes any cumulative sums from the back of the deque that are greater than or equal to the current cumulative sum, as they cannot contribute to a shorter valid subarray.

4. **Final Result**: The result is updated only if a valid subarray is found, ensuring that the function returns -1 if no such subarray exists.

### Reflection on My Approach:
My initial approach was less efficient due to the nested loop structure, which resulted in a higher time complexity. The official solution's use of a deque allows it to efficiently manage potential starting points for subarrays, leading to a more optimal solution. This experience highlights the importance of considering data structures that can provide efficient access and modification capabilities when solving problems involving subarrays or sequences.
INFO - Updated entry: The problem involved finding the length of the shortest contiguous subarray with a sum of at least K. The solution utilized a combination of prefix sums and a sliding window approach to efficiently track the sums of subarrays as we iterated through the list.

Key concepts included:
- **Prefix Sum...,

INFO - Metadata: {
    "task_id": 312
}

INFO - Updated entry: The official solution employs a more efficient approach using a deque (double-ended queue) to maintain a list of cumulative sums and their corresponding indices. This method effectively reduces the time complexity compared to my initial approach, which involved nested loops to check all previous ...,

INFO - Metadata: {
    "task_id": 312
}

INFO - LM call n parse attempt 1 / 3

INFO - [Task id] 312 [prompt] 
You are a helpful assistant that writes a description of the given function written in the Python programming language.

1) Do not mention the function name.
2) Do not mention anything about helper functions.
3) There might be some helper functions before the main function, but you only need to describe the main function.
4) Try to summarize the function in no more than 6 sentences.
5) Your response should be a single line of text.

INFO - [Task id] 312 [prompt] 
class Solution:
    def shortestSubarray(self, A: List[int], K: int) -> int:
        # Initialize the minimum length to a large number
        min_length = float('inf')
        # Initialize the current sum
        current_sum = 0
        # Create a list to store prefix sums
        prefix_sums = [0]
        
        # Iterate through the array
        for num in A:
            # Update the current sum
            current_sum += num
            # Append the current sum to the prefix sums list
            prefix_sums.append(current_sum)
            
            # Check all previous prefix sums
            for i in range(len(prefix_sums) - 1):
                # If the difference is at least K
                if current_sum - prefix_sums[i] >= K:
                    # Calculate the length of the subarray
                    length = len(prefix_sums) - 1 - i
                    # Update the minimum length if this is shorter
                    min_length = min(min_length, length)
        
        # If min_length was updated, return it; otherwise, return -1
        return min_length if min_length != float('inf') else -1

INFO - [Task id] 312 [generation text] This function finds the length of the shortest contiguous subarray within a given list of integers that has a sum of at least K. It initializes a variable to track the minimum length and uses a prefix sum approach to efficiently calculate the sums of subarrays. As it iterates through the list, it updates the current sum and stores it in a prefix sums list. For each new sum, it checks previous prefix sums to determine if the difference meets or exceeds K, calculating the length of the corresponding subarray. The function updates the minimum length whenever a shorter valid subarray is found. Finally, it returns the minimum length if a valid subarray exists, or -1 if none is found.
INFO - LM call n parse attempt 1 / 3

INFO - [Task id] 312 [prompt] 
You are a helpful assistant that extracts important information from problems and solutions to aid in searchability and education.

## Instructions
- Read through the problem and solution carefully.
- Reason out, step by step, in what scenarios this knowledge would be useful.
- Focus on general patterns and situations to help connect this knowledge to new situations.
- Then, include a list of keywords that are useful for searching this problem/solution pair.

## Response format
Respond in JSON, and follow the keys and expected format of the values strictly.

The output should be formatted as a JSON instance that conforms to the JSON schema below.

As an example, for the schema {"properties": {"foo": {"title": "Foo", "description": "a list of strings", "type": "array", "items": {"type": "string"}}}, "required": ["foo"]}
the object {"foo": ["bar", "baz"]} is a well-formatted instance of the schema. The object {"properties": {"foo": ["bar", "baz"]}} is not well-formatted.

Here is the output schema:
```
{"properties": {"scenarios": {"description": "In what scenarios will this knowledge be useful? Answer in a paragraph.", "title": "Scenarios", "type": "string"}, "keywords": {"description": "List of keywords that are useful for searching this problem/solution pair", "items": {"type": "string"}, "title": "Keywords", "type": "array"}}, "required": ["scenarios", "keywords"]}
```

INFO - [Task id] 312 [prompt] 
[Problem]
    Return the length of the shortest, non-empty, contiguous subarray of A with sum at least K.
    If there is no non-empty subarray with sum at least K, return -1.
 



    Example 1:
    Input: A = [1], K = 1
    Output: 1


    Example 2:
    Input: A = [1,2], K = 4
    Output: -1


    Example 3:
    Input: A = [2,-1,2], K = 3
    Output: 3

 
    Note:

    1 <= A.length <= 50000
    -10 ^ 5 <= A[i] <= 10 ^ 5
    1 <= K <= 10 ^ 9
[/Problem]

[Solution]

    class Solution:
        def shortestSubarray(self, A: List[int], K: int) -> int:
            # Initialize the minimum length to a large number
            min_length = float('inf')
            # Initialize the current sum
            current_sum = 0
            # Create a list to store prefix sums
            prefix_sums = [0]
        
            # Iterate through the array
            for num in A:
                # Update the current sum
                current_sum += num
                # Append the current sum to the prefix sums list
                prefix_sums.append(current_sum)
            
                # Check all previous prefix sums
                for i in range(len(prefix_sums) - 1):
                    # If the difference is at least K
                    if current_sum - prefix_sums[i] >= K:
                        # Calculate the length of the subarray
                        length = len(prefix_sums) - 1 - i
                        # Update the minimum length if this is shorter
                        min_length = min(min_length, length)
        
            # If min_length was updated, return it; otherwise, return -1
            return min_length if min_length != float('inf') else -1

[/Solution]

INFO - [Task id] 312 [generation text] 
INFO - {
    "scenarios": "This knowledge is useful in scenarios where you need to analyze subarrays of numerical data to find the shortest segment that meets a specific sum requirement. This can be applicable in various fields such as finance for analyzing profit/loss over time, in data analysis for finding trends, or in algorithm design where optimizing for performance is crucial. It can also be beneficial in competitive programming and coding interviews where such problems are common.",
    "keywords": [
        "shortest subarray",
        "subarray sum",
        "contiguous subarray",
        "prefix sums",
        "algorithm",
        "data structures",
        "competitive programming",
        "coding interview"
    ]
}
INFO - {
    "scenarios": "This knowledge is useful in scenarios where you need to analyze subarrays of numerical data to find the shortest segment that meets a specific sum requirement. This can be applicable in various fields such as finance for analyzing profit/loss over time, in data analysis for finding trends, or in algorithm design where optimizing for performance is crucial. It can also be beneficial in competitive programming and coding interviews where such problems are common.",
    "keywords": [
        "shortest subarray",
        "subarray sum",
        "contiguous subarray",
        "prefix sums",
        "algorithm",
        "data structures",
        "competitive programming",
        "coding interview"
    ]
}
INFO - Updated entry: 
[description]
This function finds the length of the shortest contiguous subarray within a given list of integers that has a sum of at least K. It initializes a variable to track the minimum length and uses a prefix sum approach to efficiently calculate the sums of subarrays. As it iterates throu...,

INFO - Metadata: {
    "task": 312,
    "code": "\nclass Solution:\n    def shortestSubarray(self, A: List[int], K: int) -> int:\n        # Initialize the minimum length to a large number\n        min_length = float('inf')\n        # Initialize the current sum\n        current_sum = 0\n        # Create a list to ...

