INFO - DB skill doc count: 0

INFO - DB non_func doc count: 23

INFO - DB semantic doc count: 429

INFO - DB summaries doc count: 30

INFO - DB reflections doc count: 30

INFO - DB episodic doc count: 60

INFO - [train iter]: 30/100 

INFO - The task prompt is Remember the story of Little Match Girl? By now, you know exactly what matchsticks the little match girl has, please find out a way you can make one square by using up all those matchsticks. You should not break any stick, but you can link them up, and each matchstick must be used exactly one tim...

INFO - Attempting task_id 153
INFO - LM call n parse attempt 1 / 3

INFO - [Task id] 153 [prompt] 
You are an expert programmer tasked with solving the problem below.

Follow the user's instructions to solve the problem.
The user can ask for analysis, code, or both.

## Instructions
When asked to output code,
- Make sure to wrap your code in '```python' and '```' Markdown delimiters, 
- include exactly one block of code with the entire solution
- No outside libraries are allowed. 
- Builtins are allowed.
- If the task specifies a function name to be used, follow it strictly (be case sensitive!) and declare the that function last (helper functions are declared first).
- DO NOT write any assert statements / tests.

## Problem
[BEGIN PROBLEM]
Remember the story of Little Match Girl? By now, you know exactly what matchsticks the little match girl has, please find out a way you can make one square by using up all those matchsticks. You should not break any stick, but you can link them up, and each matchstick must be used exactly one time.

 Your input will be several matchsticks the girl has, represented with their stick length. Your output will either be true or false, to represent whether you could make one square using all the matchsticks the little match girl has.

Example 1:

Input: [1,1,2,2,2]
Output: true

Explanation: You can form a square with length 2, one side of the square came two sticks with length 1.



Example 2:

Input: [3,3,3,3,4]
Output: false

Explanation: You cannot find a way to form a square with all the matchsticks.



Note:

The length sum of the given matchsticks is in the range of 0 to 10^9.
The length of the given matchstick array will not exceed 15.

The output code needs to use the provided function signature

The final python function should begin with: 
```python

class Solution:
    def makesquare(self, nums: List[int]) -> bool:
        
```

[END PROBLEM]

INFO - [Task id] 153 [prompt] 
## Instructions

Reason through the problem and:
1. Restate the problem in plain English
2. Conceptualize a solution first in plain English
3. Write a pseudocode solution
4. Output the final Python 3 solution with your solution steps in comments.

Make sure to wrap your code in '```python' and '```' Markdown delimiters, 
and include exactly one block of code with the entire solution.

No outside libraries are allowed.
Builtins are allowed.

INFO - [Task id] 153 [generation text] 1. **Restate the problem in plain English:**
   The problem is to determine if we can use a given set of matchsticks, each with a specific length, to form a perfect square. Each matchstick must be used exactly once, and we cannot break any matchstick.

2. **Conceptualize a solution first in plain English:**
   To solve this problem, we need to check if the total length of all matchsticks can be evenly divided into four equal parts (sides of a square). If the total length is not divisible by 4, we can immediately return false. If it is divisible, we can use a backtracking approach to try to build each side of the square recursively, ensuring that we do not exceed the target length for each side.

3. **Write a pseudocode solution:**
   ```
   function makesquare(nums):
       total_length = sum(nums)
       if total_length % 4 != 0:
           return false
       side_length = total_length / 4
       sort nums in descending order
       return backtrack(nums, 0, [0, 0, 0, 0], side_length)

   function backtrack(nums, index, sides, target):
       if index == length of nums:
           return all sides are equal to target
       for i from 0 to 3:
           if sides[i] + nums[index] <= target:
               sides[i] += nums[index]
               if backtrack(nums, index + 1, sides, target):
                   return true
               sides[i] -= nums[index]
       return false
   ```

4. **Output the final Python 3 solution with your solution steps in comments:**
```python
class Solution:
    def makesquare(self, nums: list[int]) -> bool:
        # Calculate the total length of all matchsticks
        total_length = sum(nums)
        
        # If total length is not divisible by 4, we cannot form a square
        if total_length % 4 != 0:
            return False
        
        # Each side of the square should be of this length
        side_length = total_length // 4
        
        # Sort matchsticks in descending order for better performance
        nums.sort(reverse=True)
        
        # Initialize an array to keep track of the length of each side
        sides = [0] * 4
        
        # Start the backtracking process
        return self.backtrack(nums, 0, sides, side_length)

    def backtrack(self, nums, index, sides, target):
        # If we have used all matchsticks, check if all sides are equal to target
        if index == len(nums):
            return all(side == target for side in sides)
        
        # Try to place the current matchstick in each side
        for i in range(4):
            # If adding the matchstick does not exceed the target length
            if sides[i] + nums[index] <= target:
                sides[i] += nums[index]  # Place the matchstick
                # Recur to place the next matchstick
                if self.backtrack(nums, index + 1, sides, target):
                    return True
                sides[i] -= nums[index]  # Backtrack
        
        return False  # If no valid configuration found
```
INFO - [35m Rollout attempt 1/4[0m
INFO - [33m Retrieving 3 entries for db: episodic 
 [0m
INFO - Retrieved (score=0.4413):

[Task]:
    Let's call a sequence good if the sum of all its elements is $0$.
    You have a sequence of integers $A_1, A_2, \ldots, A_N$. You may perform any number of operations on this sequence (including zero). In one operation, you should choose a valid index $i$ and decrease $A_i$ by $i$. ...


INFO - Retrieved (score=0.4430):

[Task]:
    Given an unsorted array of integers, find the length of longest increasing subsequence.

    Example:


    Input: [10,9,2,5,3,7,101,18]
    Output: 4 
    Explanation: The longest increasing subsequence is [2,3,7,101], therefore the length is 4. 

    Note: 


           There may b...


INFO - Retrieved (score=0.4613):

[Task]:
    There is a pizza with 3n slices of varying size, you and your friends will take slices of pizza as follows:

    You will pick any pizza slice.
    Your friend Alice will pick next slice in anti clockwise direction of your pick. 
    Your friend Bob will pick next slice in clockwise ...


INFO - [33m Retrieving 3 entries for db: semantic 
 [0m
INFO - Retrieved (score=0.4560):
Title: 15 Puzzle Game: Existence Of The Solution
Part: 1/1
# 15 Puzzle Game: Existence Of The Solution

This game is played on a $4 \times 4$ board. On this board there are $15$ playing tiles numbered from 1 to 15. One cell is left empty (denoted by 0). You need to get the board to the position p...


INFO - Retrieved (score=0.4887):
Title: The Inclusion-Exclusion Principle
Part: 3/5
```

Asymptotics of the solution is $O (\sqrt{n})$.

### The number of integers in a given interval which are multiple of at least one of the given numbers

Given $n$ numbers $a_i$ and number $r$. You want to count the number of integers in the i...


INFO - Retrieved (score=0.4949):
Title: Placing Bishops on a Chessboard
Part: 1/1
# Placing Bishops on a Chessboard

Find the number of ways to place $K$ bishops on an $N \times N$ chessboard so that no two bishops attack each other.

## Algorithm

This problem can be solved using dynamic programming.

Let's enumerate the diagon...


INFO - [33m Retrieving 3 entries for db: reflections 
 [0m
INFO - Retrieved (score=0.4560):
The official solution employs a set-based dynamic programming approach to solve the problem of minimizing the weight of the last remaining stone. The key insights from this solution are as follows:

1. **Set for Dynamic Programming**: Instead of using a boolean array to track achievable weights, ...


INFO - Retrieved (score=0.4767):
### Reflection on the Problem-Solving Experience

In my attempts to solve the problem of finding a permutation \( P \) such that \( f(P) = K \), I learned several key insights about the problem's structure and the requirements for generating valid permutations.

1. **Understanding the Function \(...


INFO - Retrieved (score=0.4837):
In reflecting on my attempts to solve the problem, I recognize that my approach was fundamentally sound but lacked efficiency in terms of time complexity. My solution utilized a binary search method to find the longest increasing subsequence (LIS), which is generally efficient. However, the offic...


INFO - [33m Retrieving 3 entries for db: summaries 
 [0m
INFO - Retrieved (score=0.3765):
In this problem, the goal was to determine if a sequence of integers could be modified to have a sum of zero by decreasing each element by its index any number of times. The key insight was that the total sum of the sequence must be less than or equal to the maximum possible reduction, and it mus...


INFO - Retrieved (score=0.4291):
In this task, I was required to find the length of the longest increasing subsequence (LIS) in an unsorted array of integers. The problem was approached using a dynamic programming technique, which is a common strategy for problems involving subsequences. The key concept was to maintain an array ...


INFO - Retrieved (score=0.4389):
The problem involves maximizing the sum of pizza slice sizes taken from a circular array, where the picking order is constrained by the actions of two friends. The key concepts tested here include dynamic programming and handling circular arrays, which require careful consideration of the start a...


INFO - [33m Retrieving 3 entries for db: non_func 
 [0m
INFO - Retrieved (score=0.4697):

[description for function: can_make_good_sequence]
The function processes multiple test cases to determine if a given sequence of integers can be transformed into a "good" sequence, defined by specific criteria. For each test case, it reads the number of elements and the sequence itself, then ca...


INFO - Retrieved (score=0.5333):

[description for function: main]
This function reads input values for multiple test cases, including the number of walls and a series of queries. For each test case, it collects the wall positions and the queries, which consist of pairs of coordinates. It then processes these queries by invoking...


INFO - Retrieved (score=0.5406):

[description]
This function calculates the maximum sum of pizza slices that can be taken, adhering to the constraint of selecting one-third of the total slices. It determines the number of slices that can be chosen and employs a dynamic programming approach to evaluate two scenarios: one includi...


INFO - Retrieved (score=0.3765): 
[Summary]:
    In this problem, the goal was to determine if a sequence of integers could be modified to have a sum of zero by decreasing each element by its index any number of times. The key insight was that the total sum of the sequence must be less than or equal to the maximum possible reduc...
INFO - Retrieved (score=0.4291): 
[Summary]:
    In this task, I was required to find the length of the longest increasing subsequence (LIS) in an unsorted array of integers. The problem was approached using a dynamic programming technique, which is a common strategy for problems involving subsequences. The key concept was to ma...
INFO - Retrieved (score=0.4389): 
[Summary]:
    The problem involves maximizing the sum of pizza slice sizes taken from a circular array, where the picking order is constrained by the actions of two friends. The key concepts tested here include dynamic programming and handling circular arrays, which require careful consideratio...
INFO - LM call n parse attempt 1 / 3

INFO - [Task id] 153 [prompt] 
You are an expert programmer tasked with solving the problem below.

Follow the user's instructions to solve the problem.
The user can ask for analysis, code, or both.

## Instructions
When asked to output code,
- Make sure to wrap your code in '```python' and '```' Markdown delimiters, 
- include exactly one block of code with the entire solution
- No outside libraries are allowed. 
- Builtins are allowed.
- If the task specifies a function name to be used, follow it strictly (be case sensitive!) and declare the that function last (helper functions are declared first).
- DO NOT write any assert statements / tests.

## Problem
[BEGIN PROBLEM]
Remember the story of Little Match Girl? By now, you know exactly what matchsticks the little match girl has, please find out a way you can make one square by using up all those matchsticks. You should not break any stick, but you can link them up, and each matchstick must be used exactly one time.

 Your input will be several matchsticks the girl has, represented with their stick length. Your output will either be true or false, to represent whether you could make one square using all the matchsticks the little match girl has.

Example 1:

Input: [1,1,2,2,2]
Output: true

Explanation: You can form a square with length 2, one side of the square came two sticks with length 1.



Example 2:

Input: [3,3,3,3,4]
Output: false

Explanation: You cannot find a way to form a square with all the matchsticks.



Note:

The length sum of the given matchsticks is in the range of 0 to 10^9.
The length of the given matchstick array will not exceed 15.

The output code needs to use the provided function signature

The final python function should begin with: 
```python

class Solution:
    def makesquare(self, nums: List[int]) -> bool:
        
```

[END PROBLEM]

INFO - [Task id] 153 [prompt] 
## Instructions

Reason through the problem and:
1. Restate the problem in plain English
2. Conceptualize a solution first in plain English
3. Write a pseudocode solution
4. Output the final Python 3 solution with your solution steps in comments.

Make sure to wrap your code in '```python' and '```' Markdown delimiters, 
and include exactly one block of code with the entire solution.

No outside libraries are allowed.
Builtins are allowed.

INFO - [Task id] 153 [prompt] 
Also, here are some of your memories.
Feel free to use the given information to aid your problem solving process if necessary.
Do not confuse the memories with the problem statement.

## Memories

[Summary]:
    In this problem, the goal was to determine if a sequence of integers could be modified to have a sum of zero by decreasing each element by its index any number of times. The key insight was that the total sum of the sequence must be less than or equal to the maximum possible reduction, and it must also be non-negative to reach zero.

    Initially, the solution incorrectly assumed that if the total sum was less than or equal to the maximum reduction, it could always be made zero. This was a flawed assumption because it did not account for the possibility of the total sum being negative, which would make it impossible to reach zero.

    The corrected approach involved:
    1. Calculating the total sum of the sequence.
    2. Calculating the maximum reduction possible using the formula for the sum of the first `N` natural numbers.
    3. Checking both conditions: the total sum must be less than or equal to the maximum reduction and must be non-negative.

    The final working code is as follows:

    ```python
    def can_make_good_sequence(T):
        for _ in range(T):
            N = int(input())
            A = list(map(int, input().split()))
            total_sum = sum(A)
            max_reduction = sum(range(1, N + 1))
        
            if total_sum <= max_reduction and total_sum >= 0:
                print("YES")
            else:
                print("NO")

    T = int(input())
    can_make_good_sequence(T)
    ```

    This experience reinforced the importance of carefully considering all conditions that affect the outcome, especially when dealing with sums and reductions.
[/Summary]


[Summary]:
    In this task, I was required to find the length of the longest increasing subsequence (LIS) in an unsorted array of integers. The problem was approached using a dynamic programming technique, which is a common strategy for problems involving subsequences. The key concept was to maintain an array `d` where each element represents the length of the longest increasing subsequence that ends at that index.

    The solution involved iterating through the input list and comparing each element with all previous elements to determine if they could form an increasing subsequence. If they could, the length of the subsequence was updated accordingly. The final result was obtained by finding the maximum value in the `d` array.

    The implemented code was as follows:

    ```python
    class Solution:
        def lengthOfLIS(self, nums: List[int]) -> int:
            if not nums:
                return 0
        
            n = len(nums)
            d = [1] * n
        
            for i in range(1, n):
                for j in range(i):
                    if nums[j] < nums[i]:
                        d[i] = max(d[i], d[j] + 1)
        
            return max(d)
    ```

    This approach successfully passed the provided test case, demonstrating its correctness. The dynamic programming method is efficient for this problem, operating in O(n^2) time complexity, which is suitable given the constraints. Overall, the experience reinforced the importance of dynamic programming in solving subsequence-related problems.
[/Summary]


[Summary]:
    The problem involves maximizing the sum of pizza slice sizes taken from a circular array, where the picking order is constrained by the actions of two friends. The key concepts tested here include dynamic programming and handling circular arrays, which require careful consideration of the start and end indices when making selections.

    The solution was structured around a helper function that calculates the maximum sum of slices based on whether the first slice is included or excluded. This approach effectively breaks the problem into two scenarios, allowing for a comprehensive evaluation of possible selections. The dynamic programming table was constructed to keep track of the maximum sums achievable with varying numbers of slices taken.

    The final implementation successfully passed the provided test cases, demonstrating that the approach was sound. The main takeaway is the importance of considering edge cases in circular arrays and the utility of dynamic programming in optimizing selection problems. The solution is efficient and adheres to the constraints given, making it a robust approach for similar problems in the future. 

    Here’s the final code snippet for reference:

    ```python
    class Solution:
        def maxSizeSlices(self, slices: list[int]) -> int:
            n = len(slices)
            k = n // 3  # number of slices you can take
        
            # Helper function to calculate max sum of slices
            def calculateMaxSum(slices, start, end, k):
                dp = [[0] * (end - start + 1) for _ in range(k + 1)]
                for i in range(start, end + 1):
                    for j in range(min(i - start + 1, k), 0, -1):
                        dp[j][i - start] = max(dp[j][i - start - 1], 
                                               dp[j - 1][i - start - 2] + slices[i])
                return dp[k][end - start]

            # Calculate max sum including first slice (excluding last slice)
            max1 = calculateMaxSum(slices, 0, n - 2, k)
            # Calculate max sum excluding first slice (including last slice)
            max2 = calculateMaxSum(slices, 1, n - 1, k)

            return max(max1, max2)
    ```
[/Summary]


INFO - [Task id] 153 [generation text] 1. **Restate the problem in plain English**: The task is to determine if a given set of matchsticks can be arranged to form a perfect square. Each matchstick has a specific length, and we must use all of them without breaking any. The output should be true if it's possible to form a square and false otherwise.

2. **Conceptualize a solution first in plain English**: To solve this problem, we need to check if the total length of the matchsticks can be evenly divided into four equal parts (the sides of the square). If the total length is not divisible by 4, we can immediately return false. If it is divisible, we can use a backtracking approach to try to form four equal sides using the matchsticks. We will recursively attempt to add matchsticks to each side until either all matchsticks are used or we determine that it's impossible to form the square.

3. **Write a pseudocode solution**:
   ```
   function makesquare(matchsticks):
       total_length = sum(matchsticks)
       if total_length % 4 != 0:
           return false
       side_length = total_length / 4
       sort matchsticks in descending order
       return backtrack(matchsticks, [0, 0, 0, 0], side_length, 0)

   function backtrack(matchsticks, sides, side_length, index):
       if index == length of matchsticks:
           return all sides are equal to side_length
       for each matchstick in matchsticks:
           if adding matchstick to any side does not exceed side_length:
               add matchstick to side
               if backtrack(matchsticks, sides, side_length, index + 1):
                   return true
               remove matchstick from side
       return false
   ```

4. **Output the final Python 3 solution with your solution steps in comments**:
```python
class Solution:
    def makesquare(self, nums: list[int]) -> bool:
        # Calculate the total length of matchsticks
        total_length = sum(nums)
        
        # If total length is not divisible by 4, return false
        if total_length % 4 != 0:
            return False
        
        # Each side of the square should be of this length
        side_length = total_length // 4
        
        # Sort matchsticks in descending order for better performance
        nums.sort(reverse=True)
        
        # Initialize an array to keep track of the length of each side
        sides = [0] * 4
        
        # Start the backtracking process
        return self.backtrack(nums, sides, side_length, 0)

    def backtrack(self, nums, sides, side_length, index):
        # If we have used all matchsticks, check if all sides are equal to side_length
        if index == len(nums):
            return all(side == side_length for side in sides)
        
        # Try to place the current matchstick in each side
        for i in range(4):
            # If adding the matchstick does not exceed the side length
            if sides[i] + nums[index] <= side_length:
                # Add the matchstick to the current side
                sides[i] += nums[index]
                
                # Recur to place the next matchstick
                if self.backtrack(nums, sides, side_length, index + 1):
                    return True
                
                # Backtrack: remove the matchstick from the current side
                sides[i] -= nums[index]
        
        return False
```
INFO - program_code:
 
class Solution:
    def makesquare(self, nums: list[int]) -> bool:
        # Calculate the total length of matchsticks
        total_length = sum(nums)
        
        # If total length is not divisible by 4, return false
        if total_length % 4 != 0:
            return False
        
        # Each side of the square should be of this length
        side_length = total_length // 4
        
        # Sort matchsticks in descending order for better performance
        nums.sort(reverse=True)
        
        # Initialize an array to keep track of the length of each side
        sides = [0] * 4
        
        # Start the backtracking process
        return self.backtrack(nums, sides, side_length, 0)

    def backtrack(self, nums, sides, side_length, index):
        # If we have used all matchsticks, check if all sides are equal to side_length
        if index == len(nums):
            return all(side == side_length for side in sides)
        
        # Try to place the current matchstick in each side
        for i in range(4):
            # If adding the matchstick does not exceed the side length
            if sides[i] + nums[index] <= side_length:
                # Add the matchstick to the current side
                sides[i] += nums[index]
                
                # Recur to place the next matchstick
                if self.backtrack(nums, sides, side_length, index + 1):
                    return True
                
                # Backtrack: remove the matchstick from the current side
                sides[i] -= nums[index]
        
        return False


INFO - program_name:
 

INFO - dependencies:
 []

INFO - raw_msg:
 1. **Restate the problem in plain English**: The task is to determine if a given set of matchsticks can be arranged to form a perfect square. Each matchstick has a specific length, and we must use all of them without breaking any. The output should be true if it's possible to form a square and false otherwise.

2. **Conceptualize a solution first in plain English**: To solve this problem, we need to check if the total length of the matchsticks can be evenly divided into four equal parts (the sides of the square). If the total length is not divisible by 4, we can immediately return false. If it is divisible, we can use a backtracking approach to try to form four equal sides using the matchsticks. We will recursively attempt to add matchsticks to each side until either all matchsticks are used or we determine that it's impossible to form the square.

3. **Write a pseudocode solution**:
   ```
   function makesquare(matchsticks):
       total_length = sum(matchsticks)
       if total_length % 4 != 0:
           return false
       side_length = total_length / 4
       sort matchsticks in descending order
       return backtrack(matchsticks, [0, 0, 0, 0], side_length, 0)

   function backtrack(matchsticks, sides, side_length, index):
       if index == length of matchsticks:
           return all sides are equal to side_length
       for each matchstick in matchsticks:
           if adding matchstick to any side does not exceed side_length:
               add matchstick to side
               if backtrack(matchsticks, sides, side_length, index + 1):
                   return true
               remove matchstick from side
       return false
   ```

4. **Output the final Python 3 solution with your solution steps in comments**:
```python
class Solution:
    def makesquare(self, nums: list[int]) -> bool:
        # Calculate the total length of matchsticks
        total_length = sum(nums)
        
        # If total length is not divisible by 4, return false
        if total_length % 4 != 0:
            return False
        
        # Each side of the square should be of this length
        side_length = total_length // 4
        
        # Sort matchsticks in descending order for better performance
        nums.sort(reverse=True)
        
        # Initialize an array to keep track of the length of each side
        sides = [0] * 4
        
        # Start the backtracking process
        return self.backtrack(nums, sides, side_length, 0)

    def backtrack(self, nums, sides, side_length, index):
        # If we have used all matchsticks, check if all sides are equal to side_length
        if index == len(nums):
            return all(side == side_length for side in sides)
        
        # Try to place the current matchstick in each side
        for i in range(4):
            # If adding the matchstick does not exceed the side length
            if sides[i] + nums[index] <= side_length:
                # Add the matchstick to the current side
                sides[i] += nums[index]
                
                # Recur to place the next matchstick
                if self.backtrack(nums, sides, side_length, index + 1):
                    return True
                
                # Backtrack: remove the matchstick from the current side
                sides[i] -= nums[index]
        
        return False
```

INFO - no_parent:
 False

INFO - full code to be executed: 
 
class Solution:
    def makesquare(self, nums: list[int]) -> bool:
        # Calculate the total length of matchsticks
        total_length = sum(nums)
        
        # If total length is not divisible by 4, return false
        if total_length % 4 != 0:
            return False
        
        # Each side of the square should be of this length
        side_length = total_length // 4
        
        # Sort matchsticks in descending order for better performance
        nums.sort(reverse=True)
        
        # Initialize an array to keep track of the length of each side
        sides = [0] * 4
        
        # Start the backtracking process
        return self.backtrack(nums, sides, side_length, 0)

    def backtrack(self, nums, sides, side_length, index):
        # If we have used all matchsticks, check if all sides are equal to side_length
        if index == len(nums):
            return all(side == side_length for side in sides)
        
        # Try to place the current matchstick in each side
        for i in range(4):
            # If adding the matchstick does not exceed the side length
            if sides[i] + nums[index] <= side_length:
                # Add the matchstick to the current side
                sides[i] += nums[index]
                
                # Recur to place the next matchstick
                if self.backtrack(nums, sides, side_length, index + 1):
                    return True
                
                # Backtrack: remove the matchstick from the current side
                sides[i] -= nums[index]
        
        return False


INFO - obs: Note: Inputs/outputs here are automatically extracted/truncated so formatting may be a bit off.
Tests passed:

 Input: [[2, 2, 2, 1, 1]] Output: True

Tests failed:
None
reward: True
done: None
info: {'individual_results': [True]}
INFO - Updated entry: 
[Task]:
    Remember the story of Little Match Girl? By now, you know exactly what matchsticks the little match girl has, please find out a way you can make one square by using up all those matchsticks. You should not break any stick, but you can link them up, and each matchstick must be used ex...,

INFO - Metadata: {
    "raw_msg": "1. **Restate the problem in plain English**: The task is to determine if a given set of matchsticks can be arranged to form a perfect square. Each matchstick has a specific length, and we must use all of them without breaking any. The output should be true if it's possible to fo...

INFO - LM call n parse attempt 1 / 3

INFO - [Task id] 153 [prompt] 
You are an expert programmer tasked with solving the problem below.

Follow the user's instructions to solve the problem.
The user can ask for analysis, code, or both.

## Instructions
When asked to output code,
- Make sure to wrap your code in '```python' and '```' Markdown delimiters, 
- include exactly one block of code with the entire solution
- No outside libraries are allowed. 
- Builtins are allowed.
- If the task specifies a function name to be used, follow it strictly (be case sensitive!) and declare the that function last (helper functions are declared first).
- DO NOT write any assert statements / tests.

## Problem
[BEGIN PROBLEM]
Remember the story of Little Match Girl? By now, you know exactly what matchsticks the little match girl has, please find out a way you can make one square by using up all those matchsticks. You should not break any stick, but you can link them up, and each matchstick must be used exactly one time.

 Your input will be several matchsticks the girl has, represented with their stick length. Your output will either be true or false, to represent whether you could make one square using all the matchsticks the little match girl has.

Example 1:

Input: [1,1,2,2,2]
Output: true

Explanation: You can form a square with length 2, one side of the square came two sticks with length 1.



Example 2:

Input: [3,3,3,3,4]
Output: false

Explanation: You cannot find a way to form a square with all the matchsticks.



Note:

The length sum of the given matchsticks is in the range of 0 to 10^9.
The length of the given matchstick array will not exceed 15.

The output code needs to use the provided function signature

The final python function should begin with: 
```python

class Solution:
    def makesquare(self, nums: List[int]) -> bool:
        
```

[END PROBLEM]

INFO - [Task id] 153 [prompt] 
## Instructions

Reason through the problem and:
1. Restate the problem in plain English
2. Conceptualize a solution first in plain English
3. Write a pseudocode solution
4. Output the final Python 3 solution with your solution steps in comments.

Make sure to wrap your code in '```python' and '```' Markdown delimiters, 
and include exactly one block of code with the entire solution.

No outside libraries are allowed.
Builtins are allowed.

INFO - [Task id] 153 [prompt] 1. **Restate the problem in plain English**: The task is to determine if a given set of matchsticks can be arranged to form a perfect square. Each matchstick has a specific length, and we must use all of them without breaking any. The output should be true if it's possible to form a square and false otherwise.

2. **Conceptualize a solution first in plain English**: To solve this problem, we need to check if the total length of the matchsticks can be evenly divided into four equal parts (the sides of the square). If the total length is not divisible by 4, we can immediately return false. If it is divisible, we can use a backtracking approach to try to form four equal sides using the matchsticks. We will recursively attempt to add matchsticks to each side until either all matchsticks are used or we determine that it's impossible to form the square.

3. **Write a pseudocode solution**:
   ```
   function makesquare(matchsticks):
       total_length = sum(matchsticks)
       if total_length % 4 != 0:
           return false
       side_length = total_length / 4
       sort matchsticks in descending order
       return backtrack(matchsticks, [0, 0, 0, 0], side_length, 0)

   function backtrack(matchsticks, sides, side_length, index):
       if index == length of matchsticks:
           return all sides are equal to side_length
       for each matchstick in matchsticks:
           if adding matchstick to any side does not exceed side_length:
               add matchstick to side
               if backtrack(matchsticks, sides, side_length, index + 1):
                   return true
               remove matchstick from side
       return false
   ```

4. **Output the final Python 3 solution with your solution steps in comments**:
```python
class Solution:
    def makesquare(self, nums: list[int]) -> bool:
        # Calculate the total length of matchsticks
        total_length = sum(nums)
        
        # If total length is not divisible by 4, return false
        if total_length % 4 != 0:
            return False
        
        # Each side of the square should be of this length
        side_length = total_length // 4
        
        # Sort matchsticks in descending order for better performance
        nums.sort(reverse=True)
        
        # Initialize an array to keep track of the length of each side
        sides = [0] * 4
        
        # Start the backtracking process
        return self.backtrack(nums, sides, side_length, 0)

    def backtrack(self, nums, sides, side_length, index):
        # If we have used all matchsticks, check if all sides are equal to side_length
        if index == len(nums):
            return all(side == side_length for side in sides)
        
        # Try to place the current matchstick in each side
        for i in range(4):
            # If adding the matchstick does not exceed the side length
            if sides[i] + nums[index] <= side_length:
                # Add the matchstick to the current side
                sides[i] += nums[index]
                
                # Recur to place the next matchstick
                if self.backtrack(nums, sides, side_length, index + 1):
                    return True
                
                # Backtrack: remove the matchstick from the current side
                sides[i] -= nums[index]
        
        return False
```
INFO - [Task id] 153 [prompt] 
[Environment Feedback]:
    Note: Inputs/outputs here are automatically extracted/truncated so formatting may be a bit off.
    Tests passed:

     Input: [[2, 2, 2, 1, 1]] Output: True

    Tests failed:
    None
[/Environment Feedback]

INFO - [Task id] 153 [prompt] 
## Instructions
Now, summarize your attempts as a **standalone** document for your own future reference. (can skip formalities, be concise)

- Only include the most relevant information and code snippets that could be useful in the future.
- If you did not learn much from the current experience (e.g. the problem was too easy), feel free to write less or nothing at all.
- Here are some ideas if the experience was useful:
    - Identifying the core concepts and patterns that problem appears to test for
    - Describing the strategies that seemed to work but did not, and vice versa
    - Describing unexpected errors and how they were fixed

Your summary should be at most a few paragraphs.

INFO - [Task id] 153 [generation text] The problem involved determining if a set of matchsticks could be arranged to form a perfect square. The key concepts tested were the ability to check divisibility for equal partitioning and the use of backtracking to explore combinations of matchstick placements.

The solution required calculating the total length of the matchsticks and checking if it was divisible by 4. If it was, the next step was to sort the matchsticks in descending order to optimize the backtracking process. The backtracking function attempted to place each matchstick on one of the four sides, ensuring that no side exceeded the target length.

The implemented code successfully passed the provided test cases, demonstrating that the approach was effective. The backtracking strategy allowed for exploring all possible combinations while efficiently pruning impossible paths. This experience reinforced the importance of both mathematical checks (like divisibility) and algorithmic strategies (like backtracking) in solving combinatorial problems. 

Here’s the final code snippet for reference:

```python
class Solution:
    def makesquare(self, nums: list[int]) -> bool:
        total_length = sum(nums)
        if total_length % 4 != 0:
            return False
        side_length = total_length // 4
        nums.sort(reverse=True)
        sides = [0] * 4
        return self.backtrack(nums, sides, side_length, 0)

    def backtrack(self, nums, sides, side_length, index):
        if index == len(nums):
            return all(side == side_length for side in sides)
        for i in range(4):
            if sides[i] + nums[index] <= side_length:
                sides[i] += nums[index]
                if self.backtrack(nums, sides, side_length, index + 1):
                    return True
                sides[i] -= nums[index]
        return False
```
INFO - LM call n parse attempt 1 / 3

INFO - [Task id] 153 [prompt] 
You are an expert programmer tasked with solving the problem below.

Follow the user's instructions to solve the problem.
The user can ask for analysis, code, or both.

## Instructions
When asked to output code,
- Make sure to wrap your code in '```python' and '```' Markdown delimiters, 
- include exactly one block of code with the entire solution
- No outside libraries are allowed. 
- Builtins are allowed.
- If the task specifies a function name to be used, follow it strictly (be case sensitive!) and declare the that function last (helper functions are declared first).
- DO NOT write any assert statements / tests.

## Problem
[BEGIN PROBLEM]
Remember the story of Little Match Girl? By now, you know exactly what matchsticks the little match girl has, please find out a way you can make one square by using up all those matchsticks. You should not break any stick, but you can link them up, and each matchstick must be used exactly one time.

 Your input will be several matchsticks the girl has, represented with their stick length. Your output will either be true or false, to represent whether you could make one square using all the matchsticks the little match girl has.

Example 1:

Input: [1,1,2,2,2]
Output: true

Explanation: You can form a square with length 2, one side of the square came two sticks with length 1.



Example 2:

Input: [3,3,3,3,4]
Output: false

Explanation: You cannot find a way to form a square with all the matchsticks.



Note:

The length sum of the given matchsticks is in the range of 0 to 10^9.
The length of the given matchstick array will not exceed 15.

The output code needs to use the provided function signature

The final python function should begin with: 
```python

class Solution:
    def makesquare(self, nums: List[int]) -> bool:
        
```

[END PROBLEM]

INFO - [Task id] 153 [prompt] 
## Instructions

Reason through the problem and:
1. Restate the problem in plain English
2. Conceptualize a solution first in plain English
3. Write a pseudocode solution
4. Output the final Python 3 solution with your solution steps in comments.

Make sure to wrap your code in '```python' and '```' Markdown delimiters, 
and include exactly one block of code with the entire solution.

No outside libraries are allowed.
Builtins are allowed.

INFO - [Task id] 153 [prompt] 1. **Restate the problem in plain English**: The task is to determine if a given set of matchsticks can be arranged to form a perfect square. Each matchstick has a specific length, and we must use all of them without breaking any. The output should be true if it's possible to form a square and false otherwise.

2. **Conceptualize a solution first in plain English**: To solve this problem, we need to check if the total length of the matchsticks can be evenly divided into four equal parts (the sides of the square). If the total length is not divisible by 4, we can immediately return false. If it is divisible, we can use a backtracking approach to try to form four equal sides using the matchsticks. We will recursively attempt to add matchsticks to each side until either all matchsticks are used or we determine that it's impossible to form the square.

3. **Write a pseudocode solution**:
   ```
   function makesquare(matchsticks):
       total_length = sum(matchsticks)
       if total_length % 4 != 0:
           return false
       side_length = total_length / 4
       sort matchsticks in descending order
       return backtrack(matchsticks, [0, 0, 0, 0], side_length, 0)

   function backtrack(matchsticks, sides, side_length, index):
       if index == length of matchsticks:
           return all sides are equal to side_length
       for each matchstick in matchsticks:
           if adding matchstick to any side does not exceed side_length:
               add matchstick to side
               if backtrack(matchsticks, sides, side_length, index + 1):
                   return true
               remove matchstick from side
       return false
   ```

4. **Output the final Python 3 solution with your solution steps in comments**:
```python
class Solution:
    def makesquare(self, nums: list[int]) -> bool:
        # Calculate the total length of matchsticks
        total_length = sum(nums)
        
        # If total length is not divisible by 4, return false
        if total_length % 4 != 0:
            return False
        
        # Each side of the square should be of this length
        side_length = total_length // 4
        
        # Sort matchsticks in descending order for better performance
        nums.sort(reverse=True)
        
        # Initialize an array to keep track of the length of each side
        sides = [0] * 4
        
        # Start the backtracking process
        return self.backtrack(nums, sides, side_length, 0)

    def backtrack(self, nums, sides, side_length, index):
        # If we have used all matchsticks, check if all sides are equal to side_length
        if index == len(nums):
            return all(side == side_length for side in sides)
        
        # Try to place the current matchstick in each side
        for i in range(4):
            # If adding the matchstick does not exceed the side length
            if sides[i] + nums[index] <= side_length:
                # Add the matchstick to the current side
                sides[i] += nums[index]
                
                # Recur to place the next matchstick
                if self.backtrack(nums, sides, side_length, index + 1):
                    return True
                
                # Backtrack: remove the matchstick from the current side
                sides[i] -= nums[index]
        
        return False
```
INFO - [Task id] 153 [prompt] 
[Environment Feedback]:
    Note: Inputs/outputs here are automatically extracted/truncated so formatting may be a bit off.
    Tests passed:

     Input: [[2, 2, 2, 1, 1]] Output: True

    Tests failed:
    None
[/Environment Feedback]

INFO - [Task id] 153 [prompt] 
Below is the official solution (do exercise discretion as official solutions can also have mistakes).

You will be reflecting on your attempts to solve the problem.
This will be a **standalone** document for your own future reference. (can skip formalities, be concise)

## Instructions
- Only include the most relevant insights and code snippets that could be useful in the future.
- If you did not learn much from the current experience (e.g. the problem was too easy / official solution was obvious), feel free to write less or nothing at all.
- Here are some ideas if the experience was useful:
    - If the official solution is insightful (e.g. better than yours in time and space complexity or more effective in breaking down the problem statement), distil the key approach of the official solution, step by step.
    - If your approach failed the test cases, reason why the official solution works but yours does not

Your reflection should be at most a few paragraphs.

## Official solution
class Solution:
     def makesquare(self, nums):
         """
         :type nums: List[int]
         :rtype: bool
         """
         if len(nums) < 4:
             return False
         
         length = sum(nums)
         if length % 4:
             return False
         length = (int) (length / 4)
         
         nums.sort(reverse=True)
         #print(nums)
         
         if length < nums[0]:
             return False
         elif length == nums[0]:
             stack = list([(set([0]), 1, length, 1)])
         else:
             stack = list([(set([0]), 1, length - nums[0], 2)])  # (usedIndexSet, searchStartFromIndex, target, remainRounds)
         while stack:
             usedSet, startIndex, target, remainRounds = stack.pop()
             #print(usedSet, set(range(0, len(nums))) - usedSet, target, remainRounds)
             for i in range(len(nums) - 1, startIndex - 1, -1):
                 if i in usedSet:
                     continue
                 num = nums[i]
                 if num < target and i + 1 < len(nums):
                     stack.append((usedSet | {i}, i+1, target - num, remainRounds))
                 elif num == target:
                     if remainRounds == 0:
                         return True
                     else:
                         stack.append((usedSet | {i}, 1, length, remainRounds - 1))
                 # Else not valid path, continue
         return False
             
             


INFO - [Task id] 153 [generation text] The official solution to the problem of determining if matchsticks can form a square is insightful and employs an iterative backtracking approach using a stack. Here are the key takeaways and insights from the official solution:

1. **Early Exits**: The solution checks for quick exits early in the function. If there are fewer than four matchsticks, it immediately returns false, as a square cannot be formed. It also checks if the total length of the matchsticks is divisible by four, which is essential for forming a square.

2. **Sorting**: The matchsticks are sorted in descending order. This is a common technique in backtracking problems to improve efficiency, as it allows the algorithm to attempt to fill the largest sides first, potentially leading to quicker failures when a solution is not possible.

3. **Stack-Based Backtracking**: Instead of using recursion, the official solution uses an iterative approach with a stack. This allows for more control over the state and can help avoid issues with recursion depth limits in Python.

4. **State Representation**: The state is represented by a tuple containing:
   - A set of indices of used matchsticks.
   - The starting index for the next matchstick to consider.
   - The current target length for the side being formed.
   - The number of remaining sides to complete.

5. **Target Management**: The algorithm manages the target length dynamically, adjusting it as matchsticks are added to a side. If a matchstick exactly matches the target, it checks if all sides have been completed.

6. **Efficiency**: The use of a stack and careful management of the state allows the algorithm to explore potential combinations without excessive overhead, making it efficient for the problem constraints.

In contrast, my initial approach was recursive and could potentially lead to deeper recursion levels, which might not be as efficient. The official solution's use of a stack for backtracking is a more robust method for this type of problem, especially given the constraints. Additionally, the early exit checks and sorting strategy enhance performance significantly. 

Overall, the official solution provides a clear and efficient method for solving the problem, emphasizing the importance of state management and early exits in backtracking algorithms.
INFO - Updated entry: The problem involved determining if a set of matchsticks could be arranged to form a perfect square. The key concepts tested were the ability to check divisibility for equal partitioning and the use of backtracking to explore combinations of matchstick placements.

The solution required calculati...,

INFO - Metadata: {
    "task_id": 153
}

INFO - Updated entry: The official solution to the problem of determining if matchsticks can form a square is insightful and employs an iterative backtracking approach using a stack. Here are the key takeaways and insights from the official solution:

1. **Early Exits**: The solution checks for quick exits early in th...,

INFO - Metadata: {
    "task_id": 153
}

INFO - LM call n parse attempt 1 / 3

INFO - [Task id] 153 [prompt] 
You are a helpful assistant that writes a description of the given function written in the Python programming language.

1) Do not mention the function name.
2) Do not mention anything about helper functions.
3) There might be some helper functions before the main function, but you only need to describe the main function.
4) Try to summarize the function in no more than 6 sentences.
5) Your response should be a single line of text.

INFO - [Task id] 153 [prompt] 
class Solution:
    def makesquare(self, nums: list[int]) -> bool:
        # Calculate the total length of matchsticks
        total_length = sum(nums)
        
        # If total length is not divisible by 4, return false
        if total_length % 4 != 0:
            return False
        
        # Each side of the square should be of this length
        side_length = total_length // 4
        
        # Sort matchsticks in descending order for better performance
        nums.sort(reverse=True)
        
        # Initialize an array to keep track of the length of each side
        sides = [0] * 4
        
        # Start the backtracking process
        return self.backtrack(nums, sides, side_length, 0)

    def backtrack(self, nums, sides, side_length, index):
        # If we have used all matchsticks, check if all sides are equal to side_length
        if index == len(nums):
            return all(side == side_length for side in sides)
        
        # Try to place the current matchstick in each side
        for i in range(4):
            # If adding the matchstick does not exceed the side length
            if sides[i] + nums[index] <= side_length:
                # Add the matchstick to the current side
                sides[i] += nums[index]
                
                # Recur to place the next matchstick
                if self.backtrack(nums, sides, side_length, index + 1):
                    return True
                
                # Backtrack: remove the matchstick from the current side
                sides[i] -= nums[index]
        
        return False

INFO - [Task id] 153 [generation text] The function determines whether a given list of matchsticks can be arranged to form a square. It first calculates the total length of the matchsticks and checks if this length is divisible by four, as each side of the square must be equal. If the total length is not divisible by four, it immediately returns false. The function then sorts the matchsticks in descending order to optimize the arrangement process and initializes an array to track the lengths of the four sides. It employs a backtracking approach to attempt to place each matchstick on one of the sides, checking for a valid configuration. The function ultimately returns true if all matchsticks can be arranged to form a square, and false otherwise.
INFO - LM call n parse attempt 1 / 3

INFO - [Task id] 153 [prompt] 
You are a helpful assistant that extracts important information from problems and solutions to aid in searchability and education.

## Instructions
- Read through the problem and solution carefully.
- Reason out, step by step, in what scenarios this knowledge would be useful.
- Focus on general patterns and situations to help connect this knowledge to new situations.
- Then, include a list of keywords that are useful for searching this problem/solution pair.

## Response format
Respond in JSON, and follow the keys and expected format of the values strictly.

The output should be formatted as a JSON instance that conforms to the JSON schema below.

As an example, for the schema {"properties": {"foo": {"title": "Foo", "description": "a list of strings", "type": "array", "items": {"type": "string"}}}, "required": ["foo"]}
the object {"foo": ["bar", "baz"]} is a well-formatted instance of the schema. The object {"properties": {"foo": ["bar", "baz"]}} is not well-formatted.

Here is the output schema:
```
{"properties": {"scenarios": {"description": "In what scenarios will this knowledge be useful? Answer in a paragraph.", "title": "Scenarios", "type": "string"}, "keywords": {"description": "List of keywords that are useful for searching this problem/solution pair", "items": {"type": "string"}, "title": "Keywords", "type": "array"}}, "required": ["scenarios", "keywords"]}
```

INFO - [Task id] 153 [prompt] 
[Problem]
    Remember the story of Little Match Girl? By now, you know exactly what matchsticks the little match girl has, please find out a way you can make one square by using up all those matchsticks. You should not break any stick, but you can link them up, and each matchstick must be used exactly one time.

     Your input will be several matchsticks the girl has, represented with their stick length. Your output will either be true or false, to represent whether you could make one square using all the matchsticks the little match girl has.

    Example 1:

    Input: [1,1,2,2,2]
    Output: true

    Explanation: You can form a square with length 2, one side of the square came two sticks with length 1.



    Example 2:

    Input: [3,3,3,3,4]
    Output: false

    Explanation: You cannot find a way to form a square with all the matchsticks.



    Note:

    The length sum of the given matchsticks is in the range of 0 to 10^9.
    The length of the given matchstick array will not exceed 15.
[/Problem]

[Solution]

    class Solution:
        def makesquare(self, nums: list[int]) -> bool:
            # Calculate the total length of matchsticks
            total_length = sum(nums)
        
            # If total length is not divisible by 4, return false
            if total_length % 4 != 0:
                return False
        
            # Each side of the square should be of this length
            side_length = total_length // 4
        
            # Sort matchsticks in descending order for better performance
            nums.sort(reverse=True)
        
            # Initialize an array to keep track of the length of each side
            sides = [0] * 4
        
            # Start the backtracking process
            return self.backtrack(nums, sides, side_length, 0)

        def backtrack(self, nums, sides, side_length, index):
            # If we have used all matchsticks, check if all sides are equal to side_length
            if index == len(nums):
                return all(side == side_length for side in sides)
        
            # Try to place the current matchstick in each side
            for i in range(4):
                # If adding the matchstick does not exceed the side length
                if sides[i] + nums[index] <= side_length:
                    # Add the matchstick to the current side
                    sides[i] += nums[index]
                
                    # Recur to place the next matchstick
                    if self.backtrack(nums, sides, side_length, index + 1):
                        return True
                
                    # Backtrack: remove the matchstick from the current side
                    sides[i] -= nums[index]
        
            return False

[/Solution]

INFO - [Task id] 153 [generation text] 
INFO - {
    "scenarios": "This knowledge is useful in scenarios where you need to determine if a set of items can be arranged into a specific geometric shape without breaking any items. This can apply to various fields such as logistics, game design, and resource allocation where items must be used in their entirety to form a desired configuration. Additionally, it can be beneficial in solving combinatorial problems and understanding backtracking algorithms in programming.",
    "keywords": [
        "matchsticks",
        "square formation",
        "backtracking",
        "combinatorial problems",
        "geometry",
        "algorithm",
        "resource allocation",
        "Little Match Girl"
    ]
}
INFO - {
    "scenarios": "This knowledge is useful in scenarios where you need to determine if a set of items can be arranged into a specific geometric shape without breaking any items. This can apply to various fields such as logistics, game design, and resource allocation where items must be used in their entirety to form a desired configuration. Additionally, it can be beneficial in solving combinatorial problems and understanding backtracking algorithms in programming.",
    "keywords": [
        "matchsticks",
        "square formation",
        "backtracking",
        "combinatorial problems",
        "geometry",
        "algorithm",
        "resource allocation",
        "Little Match Girl"
    ]
}
INFO - Updated entry: 
[description]
The function determines whether a given list of matchsticks can be arranged to form a square. It first calculates the total length of the matchsticks and checks if this length is divisible by four, as each side of the square must be equal. If the total length is not divisible by fo...,

INFO - Metadata: {
    "task": 153,
    "code": "\nclass Solution:\n    def makesquare(self, nums: list[int]) -> bool:\n        # Calculate the total length of matchsticks\n        total_length = sum(nums)\n        \n        # If total length is not divisible by 4, return false\n        if total_length % 4 != 0:\...

