INFO - DB skill doc count: 0

INFO - DB non_func doc count: 16

INFO - DB semantic doc count: 429

INFO - DB summaries doc count: 21

INFO - DB reflections doc count: 21

INFO - DB episodic doc count: 42

INFO - [train iter]: 21/100 

INFO - The task prompt is You may have helped Chef and prevented Doof from destroying the even numbers. But, it has only angered Dr Doof even further. However, for his next plan, he needs some time. Therefore, Doof has built $N$ walls to prevent Chef from interrupting him. You have to help Chef by telling him the number o...

INFO - Attempting task_id 970
INFO - LM call n parse attempt 1 / 3

INFO - [Task id] 970 [prompt] 
You are an expert programmer tasked with solving the problem below.

Follow the user's instructions to solve the problem.
The user can ask for analysis, code, or both.

## Instructions
When asked to output code,
- Make sure to wrap your code in '```python' and '```' Markdown delimiters, 
- include exactly one block of code with the entire solution
- No outside libraries are allowed. 
- Builtins are allowed.
- If the task specifies a function name to be used, follow it strictly (be case sensitive!) and declare the that function last (helper functions are declared first).
- DO NOT write any assert statements / tests.

## Problem
[BEGIN PROBLEM]
You may have helped Chef and prevented Doof from destroying the even numbers. But, it has only angered Dr Doof even further. However, for his next plan, he needs some time. Therefore, Doof has built $N$ walls to prevent Chef from interrupting him. You have to help Chef by telling him the number of walls he needs to destroy in order to reach Dr Doof.
Formally, the whole area can be represented as the first quadrant with the origin at the bottom-left corner. Dr. Doof is located at the origin $(0, 0)$. There are $N$ walls, the i-th wall is a straight line segment joining the points $(a_i, 0)$ and $(0, a_i)$. For every initial position of Chef $(x_j, y_j)$, find the number of walls he needs to break before reaching Doof. Obviously, chef can't start from a point on the wall. Therefore, if $(x_j, y_j)$ lies on any of the given walls, print $-1$ in a new line.

-----Input-----
- First line contains $T$, denoting the number of testcases.
- The first line of every test case contains a single integer $N$ denoting the number of walls Dr Doof has built.
- The next line contains $N$ space separated distinct integers each denoting $a_i$.
- The next line contains a single integer $Q$ denoting the number of times Chef asks for your help.
- The next $Q$ lines contains two space separated integers $x_j$ and $y_j$, each denoting the co-ordinates of the starting point of Chef.

-----Output-----
For each query, print the number of walls Chef needs to break in order to reach Dr Doof in a separate line. If Chef tries to start from a point on any of the walls, print $-1$.

-----Constraints-----
- $1 \leq T \leq 2 * 10^2$
- $1 \leq N, Q \leq 2 * 10^5$
- $1 \leq a_i \leq 10^9$
- $0 \leq x_j, y_j \leq 10^9$
- $a_1 < a_2 < a_3 < .... < a_N$
- Sum of $N$ and $Q$ over all testcases for a particular test file does not exceed $2 * 10^5$

-----Sample Input-----
1
2
1 3
5
0 0
2 0
0 4
1 1
1 2

-----Sample Output-----
0
1
2
1
-1

-----Explanation-----
The sample input can be represented by the graph given below:

If Chef starts from $(0, 0)$, he can reach Dr Doof without destroying any wall.

If Chef starts from $(2, 0)$, he has to destroy the $1st$ wall.

If Chef starts from $(0, 4)$, he has to destroy both the walls.

If Chef starts from $(1, 1)$, he has to destroy the $1st$ wall.

As $(1, 2)$ lies on the second wall, the answer is $-1$ for the last query.

The output code needs to read from and write to standard IO


[END PROBLEM]

INFO - [Task id] 970 [prompt] 
## Instructions

Reason through the problem and:
1. Restate the problem in plain English
2. Conceptualize a solution first in plain English
3. Write a pseudocode solution
4. Output the final Python 3 solution with your solution steps in comments.

Make sure to wrap your code in '```python' and '```' Markdown delimiters, 
and include exactly one block of code with the entire solution.

No outside libraries are allowed.
Builtins are allowed.

INFO - [Task id] 970 [generation text] 1. **Restate the problem in plain English:**
   Chef needs to reach Dr. Doof, who is located at the origin (0, 0). There are several walls represented by line segments that connect points on the x-axis and y-axis. Each wall is defined by a unique integer `a_i`, which indicates the endpoints of the wall at (a_i, 0) and (0, a_i). For each of Chef's starting positions, we need to determine how many walls he must break through to reach Dr. Doof. If Chef starts on a wall, we should return -1.

2. **Conceptualize a solution:**
   - For each test case, read the number of walls and their respective positions.
   - For each query (Chef's starting position), check if the position lies on any wall. If it does, return -1.
   - If not, determine how many walls Chef needs to break through. A wall is considered broken if Chef's starting position is above and to the right of the wall's endpoints.
   - Since the walls are sorted, we can efficiently count how many walls Chef needs to break using a simple comparison.

3. **Pseudocode solution:**
   ```
   function process_test_case(N, walls, Q, queries):
       for each query (x_j, y_j):
           if (x_j + y_j) in walls:
               print -1
           else:
               count = 0
               for each wall in walls:
                   if (x_j + y_j) > wall:
                       count += 1
               print count

   main function:
       read T
       for each test case:
           read N
           read walls
           read Q
           read queries
           process_test_case(N, walls, Q, queries)
   ```

4. **Final Python 3 solution:**
```python
def process_test_case(N, walls, Q, queries):
    for x_j, y_j in queries:
        # Check if the point lies on any wall
        if x_j + y_j in walls:
            print(-1)
        else:
            count = 0
            # Count how many walls Chef needs to break
            for wall in walls:
                if x_j + y_j > wall:
                    count += 1
            print(count)

T = int(input())
for _ in range(T):
    N = int(input())
    walls = list(map(int, input().split()))
    Q = int(input())
    queries = [tuple(map(int, input().split())) for _ in range(Q)]
    process_test_case(N, walls, Q, queries)
```
INFO - [35m Rollout attempt 1/4[0m
INFO - [33m Retrieving 3 entries for db: episodic 
 [0m
INFO - Retrieved (score=0.3743):

[Task]:
    Nexus 4.O is going to be organized by ASME, GLA University. Shubhanshu, Head of Finance Team is working for it. He has $N$ number of bills of different values as $a$$1$,$ a$$2$, $a$$3$…$a$$n$.
    He is interested in a game in which one has to do the addition of the bills. But due to...


INFO - Retrieved (score=0.4026):

[Task]:
    The MarkiT online virtual market startup wants to organize its grand opening in NIT Patna.
    but they want maximum crowd for their inauguration. So the manager told  this  to Praveen a student in NITP who suggested them:
    The first-year students come to campus  every x hour,
   ...


INFO - Retrieved (score=0.4084):

[Task]:
    Let's call a sequence good if the sum of all its elements is $0$.
    You have a sequence of integers $A_1, A_2, \ldots, A_N$. You may perform any number of operations on this sequence (including zero). In one operation, you should choose a valid index $i$ and decrease $A_i$ by $i$. ...


INFO - [33m Retrieving 3 entries for db: semantic 
 [0m
INFO - Retrieved (score=0.4217):
Title: Continued fractions
Part: 12/12
```
    === "Python"
        ```py
        def solve(p, q, N):
            return p * N * (N + 1) // 2 - q * sum_floor(fraction(p, q), N)
        ``` 

!!! example "[Library Checker - Sum of Floor of Linear](https://judge.yosupo.jp/problem/sum_of_floor_of_li...


INFO - Retrieved (score=0.4256):
Title: Continued fractions
Part: 11/12
```
    === "Python"
        ```py
        # returns [ah, ph, qh] such that points r[i]=(ph[i], qh[i]) constitute upper convex hull
        # of lattice points on 0 <= x <= N and 0 <= y <= r * x, where r = [a0; a1, a2, ...]
        # and there are ah[i]-1 in...


INFO - Retrieved (score=0.4312):
Title: Continued fractions
Part: 4/12
```

!!! example "[GCJ 2019, Round 2 - New Elements: Part 2](https://codingcompetitions.withgoogle.com/codejam/round/0000000000051679/0000000000146184)"
    You're given $N$ positive integer pairs $(C_i, J_i)$. You need to find a positive integer pair $(x, y)...


INFO - [33m Retrieving 3 entries for db: reflections 
 [0m
INFO - Retrieved (score=0.4557):
The official solution effectively addresses the problem by directly iterating through the list of bills for each query and calculating the sum within the specified range. Here are some key insights from the official solution:

1. **Input Handling**: The solution reads the number of test cases and...


INFO - Retrieved (score=0.4772):
In reflecting on my attempts to solve the problem, I recognize that my approach was fundamentally sound but lacked efficiency in terms of time complexity. My solution utilized a binary search method to find the longest increasing subsequence (LIS), which is generally efficient. However, the offic...


INFO - Retrieved (score=0.4773):
The official solution employs a dynamic programming approach that efficiently calculates the maximum sum of pizza slices while considering the constraints of the problem. Here are the key insights and steps from the official solution:

1. **Initialization**: Two lists, `a` and `b`, are initialize...


INFO - [33m Retrieving 3 entries for db: summaries 
 [0m
INFO - Retrieved (score=0.3947):
In this problem, the goal was to determine if a sequence of integers could be modified to have a sum of zero by decreasing each element by its index any number of times. The key insight was that the total sum of the sequence must be less than or equal to the maximum possible reduction, and it mus...


INFO - Retrieved (score=0.4072):
In this problem, the goal was to determine how many times first, second, and third-year students would all be present on campus together over a specified number of days (N). Each group arrives at specific intervals (x, y, z hours). The key concept was to calculate the least common multiple (LCM) ...


INFO - Retrieved (score=0.4187):
In solving the problem of finding a permutation \( P \) such that \( f(P) = K \), I learned several key concepts and strategies. The function \( f(P) \) is defined as the sum of the maximums of adjacent pairs in the permutation. The maximum possible value of \( f(P) \) for a descending permutatio...


INFO - [33m Retrieving 3 entries for db: non_func 
 [0m
INFO - Retrieved (score=0.4830):

[description for function: process_queries]
The function processes multiple test cases where each test case consists of a list of bills and a series of queries. For each query, it calculates the sum of a specified range of bills based on given indices. It reads the number of bills and queries, t...


INFO - Retrieved (score=0.4973):

[description]
This function calculates the maximum number of jumps that can be made in an array based on specific jumping rules. It uses a depth-first search approach to explore all possible jumps from each index, considering both left and right directions within a given distance. The function k...


INFO - Retrieved (score=0.5027):

[description for function: main]
This function processes multiple test cases by reading the number of cases and iterating through each one. For each test case, it reads two integers, N and X, which represent the time and initial number of particles, respectively. It then calculates the number of...


INFO - Retrieved (score=0.3743): 
[Past Memory]:

    [Task]:
        Nexus 4.O is going to be organized by ASME, GLA University. Shubhanshu, Head of Finance Team is working for it. He has $N$ number of bills of different values as $a$$1$,$ a$$2$, $a$$3$…$a$$n$.
        He is interested in a game in which one has to do the addit...
INFO - Retrieved (score=0.3947): 
[Summary]:
    In this problem, the goal was to determine if a sequence of integers could be modified to have a sum of zero by decreasing each element by its index any number of times. The key insight was that the total sum of the sequence must be less than or equal to the maximum possible reduc...
INFO - Retrieved (score=0.4026): 
[Past Memory]:

    [Task]:
        The MarkiT online virtual market startup wants to organize its grand opening in NIT Patna.
        but they want maximum crowd for their inauguration. So the manager told  this  to Praveen a student in NITP who suggested them:
        The first-year students c...
INFO - LM call n parse attempt 1 / 3

INFO - [Task id] 970 [prompt] 
You are an expert programmer tasked with solving the problem below.

Follow the user's instructions to solve the problem.
The user can ask for analysis, code, or both.

## Instructions
When asked to output code,
- Make sure to wrap your code in '```python' and '```' Markdown delimiters, 
- include exactly one block of code with the entire solution
- No outside libraries are allowed. 
- Builtins are allowed.
- If the task specifies a function name to be used, follow it strictly (be case sensitive!) and declare the that function last (helper functions are declared first).
- DO NOT write any assert statements / tests.

## Problem
[BEGIN PROBLEM]
You may have helped Chef and prevented Doof from destroying the even numbers. But, it has only angered Dr Doof even further. However, for his next plan, he needs some time. Therefore, Doof has built $N$ walls to prevent Chef from interrupting him. You have to help Chef by telling him the number of walls he needs to destroy in order to reach Dr Doof.
Formally, the whole area can be represented as the first quadrant with the origin at the bottom-left corner. Dr. Doof is located at the origin $(0, 0)$. There are $N$ walls, the i-th wall is a straight line segment joining the points $(a_i, 0)$ and $(0, a_i)$. For every initial position of Chef $(x_j, y_j)$, find the number of walls he needs to break before reaching Doof. Obviously, chef can't start from a point on the wall. Therefore, if $(x_j, y_j)$ lies on any of the given walls, print $-1$ in a new line.

-----Input-----
- First line contains $T$, denoting the number of testcases.
- The first line of every test case contains a single integer $N$ denoting the number of walls Dr Doof has built.
- The next line contains $N$ space separated distinct integers each denoting $a_i$.
- The next line contains a single integer $Q$ denoting the number of times Chef asks for your help.
- The next $Q$ lines contains two space separated integers $x_j$ and $y_j$, each denoting the co-ordinates of the starting point of Chef.

-----Output-----
For each query, print the number of walls Chef needs to break in order to reach Dr Doof in a separate line. If Chef tries to start from a point on any of the walls, print $-1$.

-----Constraints-----
- $1 \leq T \leq 2 * 10^2$
- $1 \leq N, Q \leq 2 * 10^5$
- $1 \leq a_i \leq 10^9$
- $0 \leq x_j, y_j \leq 10^9$
- $a_1 < a_2 < a_3 < .... < a_N$
- Sum of $N$ and $Q$ over all testcases for a particular test file does not exceed $2 * 10^5$

-----Sample Input-----
1
2
1 3
5
0 0
2 0
0 4
1 1
1 2

-----Sample Output-----
0
1
2
1
-1

-----Explanation-----
The sample input can be represented by the graph given below:

If Chef starts from $(0, 0)$, he can reach Dr Doof without destroying any wall.

If Chef starts from $(2, 0)$, he has to destroy the $1st$ wall.

If Chef starts from $(0, 4)$, he has to destroy both the walls.

If Chef starts from $(1, 1)$, he has to destroy the $1st$ wall.

As $(1, 2)$ lies on the second wall, the answer is $-1$ for the last query.

The output code needs to read from and write to standard IO


[END PROBLEM]

INFO - [Task id] 970 [prompt] 
## Instructions

Reason through the problem and:
1. Restate the problem in plain English
2. Conceptualize a solution first in plain English
3. Write a pseudocode solution
4. Output the final Python 3 solution with your solution steps in comments.

Make sure to wrap your code in '```python' and '```' Markdown delimiters, 
and include exactly one block of code with the entire solution.

No outside libraries are allowed.
Builtins are allowed.

INFO - [Task id] 970 [prompt] 
Also, here are some of your memories.
Feel free to use the given information to aid your problem solving process if necessary.
Do not confuse the memories with the problem statement.

## Memories

[Past Memory]:

    [Task]:
        Nexus 4.O is going to be organized by ASME, GLA University. Shubhanshu, Head of Finance Team is working for it. He has $N$ number of bills of different values as $a$$1$,$ a$$2$, $a$$3$…$a$$n$.
        He is interested in a game in which one has to do the addition of the bills. But due to privacy concerns, he cannot share the details with others. 
        He can only trust his best friend Avani with such a confidential thing. So, he asked her to play this game.
        Rules of the game :
        - Avani needs to answer $Q$ queries.
        - Every $Q$$i$ query has 2 values $X$$i$ and $Y$$i$.
        - Avani needs to find the sum of the values between $X$$i$ and $Y$$i$ (inclusive).
        So, you need to help Avani in answering the $Q$ queries

        -----Input:-----
        - First line will contain $T$, number of testcases. Then the testcases follow. 
        - The first line of each test case contains the value $N$ and $Q$.
        - The second line of each test case contains the $N$ space-separated values as $a$$1$,$ a$$2$, $a$$3$…$a$$n$.
        - The next line of each test case containing $Q$ query with $X$$i$ and $Y$$i$.

        -----Output:-----
        For each test case, Print the total amount between $X$$i$ and $Y$$i$ for $Q$ number of queries.

        -----Constraints-----
        - $1 \leq T \leq 100$
        - $1 \leq N \leq 10^5$
        - $1 \leq Q \leq 10^5$
        - $1 \leq a$$i$$ \leq 10^9$

        -----Subtasks (25 points) :-----
        - $1 \leq N \leq 10^2$.
        - $1 \leq Q \leq 10^2$.
        - $1 \leq a$$i$$ \leq 10^5$.

        -----Subtasks (25 points) :-----
        - $1 \leq N \leq 10^3$.
        - $1 \leq Q \leq 10^3$.
        - $1 \leq a$$i$$ \leq 10^5$.

        -----Subtasks (50 points) :-----
        - $Original  Constraints$.

        -----Sample Input:-----
        1
        8 3
        1 2 3 4 5 6 7 8
        2 3
        1 6
        5 8

        -----Sample Output:-----
        5
        21
        26

        -----EXPLANATION:-----
        $Q$$1$ : (2,3) 2+3=5
        $Q$$2$ : (1,6) 1+2+3+4+5+6=21
        $Q$$3$ : (5,8) 5+6+7+8=26
    [/Task]

    [Previous Critique]:
        None
    [/Previous Critique]

    [Thought Process and Code]:
        1. **Restate the problem in plain English**:
           The problem requires us to calculate the sum of values from a list of bills for multiple queries. Each query specifies a range of indices, and we need to return the sum of the values in that range for each query. The input consists of multiple test cases, each with its own list of bills and queries.

        2. **Conceptualize a solution first in plain English**:
           - For each test case, read the number of bills and the number of queries.
           - Store the values of the bills in a list.
           - For each query, extract the specified range and compute the sum of the values in that range.
           - Print the results for each query.

        3. **Write a pseudocode solution**:
           ```
           function process_queries(T):
               for each test case:
                   read N, Q
                   read the list of bills
                   for each query:
                       read Xi, Yi
                       calculate the sum from bills[Xi-1] to bills[Yi-1]
                       store the result
               print all results
           ```

        4. **Output the final Python 3 solution with your solution steps in comments**:
        ```python
        def process_queries(T):
            for _ in range(T):
                # Read number of bills (N) and number of queries (Q)
                N, Q = map(int, input().split())
        
                # Read the list of bills
                bills = list(map(int, input().split()))
        
                # Process each query
                results = []
                for __ in range(Q):
                    # Read the range for the query
                    Xi, Yi = map(int, input().split())
                    # Calculate the sum from Xi to Yi (inclusive)
                    total_sum = sum(bills[Xi-1:Yi])  # Convert to 0-based index
                    results.append(total_sum)
        
                # Print all results for the current test case
                for result in results:
                    print(result)

        # Read number of test cases
        T = int(input())
        process_queries(T)
        ```
    [/Thought Process and Code]

    [Environment Feedback]:
        Note: Inputs/outputs here are automatically extracted/truncated so formatting may be a bit off.
        Tests passed:

         Input: ['1', '8 3', '1 2 3 4 5 6 7 8', '2 3', '1 6', '5 8'] Output: 5
        21
        26

        Tests failed:
        None
    [/Environment Feedback]

    [Result]:
        Success
    [/Result]

[/Past Memory]


[Summary]:
    In this problem, the goal was to determine if a sequence of integers could be modified to have a sum of zero by decreasing each element by its index any number of times. The key insight was that the total sum of the sequence must be less than or equal to the maximum possible reduction, and it must also be non-negative to reach zero.

    Initially, the solution incorrectly assumed that if the total sum was less than or equal to the maximum reduction, it could always be made zero. This was a flawed assumption because it did not account for the possibility of the total sum being negative, which would make it impossible to reach zero.

    The corrected approach involved:
    1. Calculating the total sum of the sequence.
    2. Calculating the maximum reduction possible using the formula for the sum of the first `N` natural numbers.
    3. Checking both conditions: the total sum must be less than or equal to the maximum reduction and must be non-negative.

    The final working code is as follows:

    ```python
    def can_make_good_sequence(T):
        for _ in range(T):
            N = int(input())
            A = list(map(int, input().split()))
            total_sum = sum(A)
            max_reduction = sum(range(1, N + 1))
        
            if total_sum <= max_reduction and total_sum >= 0:
                print("YES")
            else:
                print("NO")

    T = int(input())
    can_make_good_sequence(T)
    ```

    This experience reinforced the importance of carefully considering all conditions that affect the outcome, especially when dealing with sums and reductions.
[/Summary]


[Past Memory]:

    [Task]:
        The MarkiT online virtual market startup wants to organize its grand opening in NIT Patna.
        but they want maximum crowd for their inauguration. So the manager told  this  to Praveen a student in NITP who suggested them:
        The first-year students come to campus  every x hour,
        Second-year students come to campus every y hour,
        Third-year students come to campus every z hour and 
        Fourth-year is very busy so they don't come regularly.
        So Praveen being very clever told him the no of times in n days he can have an audience of all year student (1st,2nd & 3rd) at max. So can you code what Praveen has done?

        -----Input:-----
        - First line will contain $T$, number of testcases. Then the testcases follow. 
        - Each testcase contains of a 2 line of input, first line contain one  integers $N$ (No of Days). 
        -Next line contain 3 space separated integer the  value of x y z

        -----Output:-----
        For each testcase, output in a single line answer the no of times audience consists of all year.

        -----Constraints-----
        - $1 \leq T \leq 1000$
        - $1 \leq N \leq 10^8$
        - $1 \leq x,y,z \leq 10^5$

        -----Sample Input:-----
        1
        10
        8 10 6

        -----Sample Output:-----
        2

        -----EXPLANATION:-----
        First favourable condition will come on 5th day and Second on 10th day.
    [/Task]

    [Previous Critique]:
        None
    [/Previous Critique]

    [Thought Process and Code]:
        1. **Restate the problem in plain English**:
           The problem requires us to determine how many times first, second, and third-year students will all be present on campus together over a given number of days. Each group of students arrives at specific intervals (every x, y, and z hours respectively). We need to find the number of days within a specified range where all three groups are present simultaneously.

        2. **Conceptualize a solution first in plain English**:
           - For each test case, read the number of days (N) and the intervals (x, y, z) for the three groups of students.
           - To find the days when all three groups are present, we need to calculate the least common multiple (LCM) of the three intervals (x, y, z). This will give us the frequency at which all three groups will be present together.
           - Count how many multiples of this LCM fit within the range of days (1 to N).

        3. **Write a pseudocode solution**:
           ```
           function gcd(a, b):
               while b != 0:
                   a, b = b, a % b
               return a

           function lcm(a, b):
               return (a * b) // gcd(a, b)

           function calculate_lcm(x, y, z):
               return lcm(lcm(x, y), z)

           function count_days(N, x, y, z):
               lcm_value = calculate_lcm(x, y, z)
               return N // lcm_value

           function main(T):
               for each test case:
                   read N
                   read x, y, z
                   result = count_days(N, x, y, z)
                   print(result
           ```

        4. **Output the final Python 3 solution with your solution steps in comments**:
        ```python
        def gcd(a, b):
            # Function to compute the greatest common divisor
            while b != 0:
                a, b = b, a % b
            return a

        def lcm(a, b):
            # Function to compute the least common multiple
            return (a * b) // gcd(a, b)

        def calculate_lcm(x, y, z):
            # Function to compute the LCM of three numbers
            return lcm(lcm(x, y), z)

        def count_days(N, x, y, z):
            # Count how many days all three groups are present
            lcm_value = calculate_lcm(x, y, z)
            return N // lcm_value

        def main(T):
            for _ in range(T):
                # Read number of days
                N = int(input())
                # Read the intervals for the three groups
                x, y, z = map(int, input().split())
                # Calculate the result
                result = count_days(N, x, y, z)
                # Print the result
                print(result)

        # Read number of test cases
        T = int(input())
        main(T)
        ```
    [/Thought Process and Code]

    [Environment Feedback]:
        Note: Inputs/outputs here are automatically extracted/truncated so formatting may be a bit off.
        Tests passed:

        None

        Tests failed:
         Input: ['1', '10', '8 10 6'] Expected output: [{'2'}] # Execution output: ['0']
    [/Environment Feedback]

    [Result]:
        Failure
    [/Result]

[/Past Memory]


INFO - [Task id] 970 [generation text] 1. **Restate the problem in plain English**:
   The problem involves determining how many walls Chef needs to break through to reach Dr. Doof, who is located at the origin (0, 0). Each wall is represented by a line segment connecting points (a_i, 0) and (0, a_i). For each query, we need to check Chef's starting position (x_j, y_j) and determine how many walls he must break to reach the origin. If Chef starts on a wall, we return -1.

2. **Conceptualize a solution first in plain English**:
   - For each test case, read the number of walls and their respective positions.
   - For each query, check if the starting position lies on any wall. If it does, return -1.
   - If not, determine how many walls Chef needs to break through. A wall is considered broken if Chef's starting position is above and to the right of the wall's line segment.
   - The walls can be represented as a list of integers, and for each query, we can count how many of these integers are greater than the maximum of the x and y coordinates of Chef's starting position.

3. **Write a pseudocode solution**:
   ```
   function count_walls(N, walls, queries):
       for each query (x_j, y_j):
           if (x_j, y_j) lies on any wall:
               print -1
           else:
               count = 0
               for each wall a_i in walls:
                   if a_i > max(x_j, y_j):
                       count += 1
               print count

   function main(T):
       for each test case:
           read N
           read walls
           read Q
           read queries
           count_walls(N, walls, queries)
   ```

4. **Output the final Python 3 solution with your solution steps in comments**:
```python
def count_walls(N, walls, queries):
    for x_j, y_j in queries:
        # Check if the starting position lies on any wall
        if x_j == y_j and x_j in walls:
            print(-1)
            continue
        
        count = 0
        # Count how many walls Chef needs to break
        for a_i in walls:
            if a_i > max(x_j, y_j):
                count += 1
        print(count)

def main():
    T = int(input())
    for _ in range(T):
        N = int(input())
        walls = list(map(int, input().split()))
        Q = int(input())
        queries = [tuple(map(int, input().split())) for _ in range(Q)]
        count_walls(N, walls, queries)

# Call the main function to execute the program
main()
```
INFO - program_code:
 
def count_walls(N, walls, queries):
    for x_j, y_j in queries:
        # Check if the starting position lies on any wall
        if x_j == y_j and x_j in walls:
            print(-1)
            continue
        
        count = 0
        # Count how many walls Chef needs to break
        for a_i in walls:
            if a_i > max(x_j, y_j):
                count += 1
        print(count)

def main():
    T = int(input())
    for _ in range(T):
        N = int(input())
        walls = list(map(int, input().split()))
        Q = int(input())
        queries = [tuple(map(int, input().split())) for _ in range(Q)]
        count_walls(N, walls, queries)

# Call the main function to execute the program
main()


INFO - program_name:
 main

INFO - dependencies:
 []

INFO - raw_msg:
 1. **Restate the problem in plain English**:
   The problem involves determining how many walls Chef needs to break through to reach Dr. Doof, who is located at the origin (0, 0). Each wall is represented by a line segment connecting points (a_i, 0) and (0, a_i). For each query, we need to check Chef's starting position (x_j, y_j) and determine how many walls he must break to reach the origin. If Chef starts on a wall, we return -1.

2. **Conceptualize a solution first in plain English**:
   - For each test case, read the number of walls and their respective positions.
   - For each query, check if the starting position lies on any wall. If it does, return -1.
   - If not, determine how many walls Chef needs to break through. A wall is considered broken if Chef's starting position is above and to the right of the wall's line segment.
   - The walls can be represented as a list of integers, and for each query, we can count how many of these integers are greater than the maximum of the x and y coordinates of Chef's starting position.

3. **Write a pseudocode solution**:
   ```
   function count_walls(N, walls, queries):
       for each query (x_j, y_j):
           if (x_j, y_j) lies on any wall:
               print -1
           else:
               count = 0
               for each wall a_i in walls:
                   if a_i > max(x_j, y_j):
                       count += 1
               print count

   function main(T):
       for each test case:
           read N
           read walls
           read Q
           read queries
           count_walls(N, walls, queries)
   ```

4. **Output the final Python 3 solution with your solution steps in comments**:
```python
def count_walls(N, walls, queries):
    for x_j, y_j in queries:
        # Check if the starting position lies on any wall
        if x_j == y_j and x_j in walls:
            print(-1)
            continue
        
        count = 0
        # Count how many walls Chef needs to break
        for a_i in walls:
            if a_i > max(x_j, y_j):
                count += 1
        print(count)

def main():
    T = int(input())
    for _ in range(T):
        N = int(input())
        walls = list(map(int, input().split()))
        Q = int(input())
        queries = [tuple(map(int, input().split())) for _ in range(Q)]
        count_walls(N, walls, queries)

# Call the main function to execute the program
main()
```

INFO - no_parent:
 False

INFO - full code to be executed: 
 
def count_walls(N, walls, queries):
    for x_j, y_j in queries:
        # Check if the starting position lies on any wall
        if x_j == y_j and x_j in walls:
            print(-1)
            continue
        
        count = 0
        # Count how many walls Chef needs to break
        for a_i in walls:
            if a_i > max(x_j, y_j):
                count += 1
        print(count)

def main():
    T = int(input())
    for _ in range(T):
        N = int(input())
        walls = list(map(int, input().split()))
        Q = int(input())
        queries = [tuple(map(int, input().split())) for _ in range(Q)]
        count_walls(N, walls, queries)

# Call the main function to execute the program
main()


INFO - obs: Note: Inputs/outputs here are automatically extracted/truncated so formatting may be a bit off.
Tests passed:

 Input: ['1', '2', '1 3', '5', '0 0', '2 0', '0 4', '1 1', '1 2'] Output: [{'0'}, {'1'}, {'2'}, {'1'}, {'-1'}]

Tests failed:
None
reward: True
done: None
info: {'individual_results': [True]}
INFO - Updated entry: 
[Task]:
    You may have helped Chef and prevented Doof from destroying the even numbers. But, it has only angered Dr Doof even further. However, for his next plan, he needs some time. Therefore, Doof has built $N$ walls to prevent Chef from interrupting him. You have to help Chef by telling him...,

INFO - Metadata: {
    "raw_msg": "1. **Restate the problem in plain English**:\n   The problem involves determining how many walls Chef needs to break through to reach Dr. Doof, who is located at the origin (0, 0). Each wall is represented by a line segment connecting points (a_i, 0) and (0, a_i). For each query...

INFO - LM call n parse attempt 1 / 3

INFO - [Task id] 970 [prompt] 
You are an expert programmer tasked with solving the problem below.

Follow the user's instructions to solve the problem.
The user can ask for analysis, code, or both.

## Instructions
When asked to output code,
- Make sure to wrap your code in '```python' and '```' Markdown delimiters, 
- include exactly one block of code with the entire solution
- No outside libraries are allowed. 
- Builtins are allowed.
- If the task specifies a function name to be used, follow it strictly (be case sensitive!) and declare the that function last (helper functions are declared first).
- DO NOT write any assert statements / tests.

## Problem
[BEGIN PROBLEM]
You may have helped Chef and prevented Doof from destroying the even numbers. But, it has only angered Dr Doof even further. However, for his next plan, he needs some time. Therefore, Doof has built $N$ walls to prevent Chef from interrupting him. You have to help Chef by telling him the number of walls he needs to destroy in order to reach Dr Doof.
Formally, the whole area can be represented as the first quadrant with the origin at the bottom-left corner. Dr. Doof is located at the origin $(0, 0)$. There are $N$ walls, the i-th wall is a straight line segment joining the points $(a_i, 0)$ and $(0, a_i)$. For every initial position of Chef $(x_j, y_j)$, find the number of walls he needs to break before reaching Doof. Obviously, chef can't start from a point on the wall. Therefore, if $(x_j, y_j)$ lies on any of the given walls, print $-1$ in a new line.

-----Input-----
- First line contains $T$, denoting the number of testcases.
- The first line of every test case contains a single integer $N$ denoting the number of walls Dr Doof has built.
- The next line contains $N$ space separated distinct integers each denoting $a_i$.
- The next line contains a single integer $Q$ denoting the number of times Chef asks for your help.
- The next $Q$ lines contains two space separated integers $x_j$ and $y_j$, each denoting the co-ordinates of the starting point of Chef.

-----Output-----
For each query, print the number of walls Chef needs to break in order to reach Dr Doof in a separate line. If Chef tries to start from a point on any of the walls, print $-1$.

-----Constraints-----
- $1 \leq T \leq 2 * 10^2$
- $1 \leq N, Q \leq 2 * 10^5$
- $1 \leq a_i \leq 10^9$
- $0 \leq x_j, y_j \leq 10^9$
- $a_1 < a_2 < a_3 < .... < a_N$
- Sum of $N$ and $Q$ over all testcases for a particular test file does not exceed $2 * 10^5$

-----Sample Input-----
1
2
1 3
5
0 0
2 0
0 4
1 1
1 2

-----Sample Output-----
0
1
2
1
-1

-----Explanation-----
The sample input can be represented by the graph given below:

If Chef starts from $(0, 0)$, he can reach Dr Doof without destroying any wall.

If Chef starts from $(2, 0)$, he has to destroy the $1st$ wall.

If Chef starts from $(0, 4)$, he has to destroy both the walls.

If Chef starts from $(1, 1)$, he has to destroy the $1st$ wall.

As $(1, 2)$ lies on the second wall, the answer is $-1$ for the last query.

The output code needs to read from and write to standard IO


[END PROBLEM]

INFO - [Task id] 970 [prompt] 
## Instructions

Reason through the problem and:
1. Restate the problem in plain English
2. Conceptualize a solution first in plain English
3. Write a pseudocode solution
4. Output the final Python 3 solution with your solution steps in comments.

Make sure to wrap your code in '```python' and '```' Markdown delimiters, 
and include exactly one block of code with the entire solution.

No outside libraries are allowed.
Builtins are allowed.

INFO - [Task id] 970 [prompt] 1. **Restate the problem in plain English**:
   The problem involves determining how many walls Chef needs to break through to reach Dr. Doof, who is located at the origin (0, 0). Each wall is represented by a line segment connecting points (a_i, 0) and (0, a_i). For each query, we need to check Chef's starting position (x_j, y_j) and determine how many walls he must break to reach the origin. If Chef starts on a wall, we return -1.

2. **Conceptualize a solution first in plain English**:
   - For each test case, read the number of walls and their respective positions.
   - For each query, check if the starting position lies on any wall. If it does, return -1.
   - If not, determine how many walls Chef needs to break through. A wall is considered broken if Chef's starting position is above and to the right of the wall's line segment.
   - The walls can be represented as a list of integers, and for each query, we can count how many of these integers are greater than the maximum of the x and y coordinates of Chef's starting position.

3. **Write a pseudocode solution**:
   ```
   function count_walls(N, walls, queries):
       for each query (x_j, y_j):
           if (x_j, y_j) lies on any wall:
               print -1
           else:
               count = 0
               for each wall a_i in walls:
                   if a_i > max(x_j, y_j):
                       count += 1
               print count

   function main(T):
       for each test case:
           read N
           read walls
           read Q
           read queries
           count_walls(N, walls, queries)
   ```

4. **Output the final Python 3 solution with your solution steps in comments**:
```python
def count_walls(N, walls, queries):
    for x_j, y_j in queries:
        # Check if the starting position lies on any wall
        if x_j == y_j and x_j in walls:
            print(-1)
            continue
        
        count = 0
        # Count how many walls Chef needs to break
        for a_i in walls:
            if a_i > max(x_j, y_j):
                count += 1
        print(count)

def main():
    T = int(input())
    for _ in range(T):
        N = int(input())
        walls = list(map(int, input().split()))
        Q = int(input())
        queries = [tuple(map(int, input().split())) for _ in range(Q)]
        count_walls(N, walls, queries)

# Call the main function to execute the program
main()
```
INFO - [Task id] 970 [prompt] 
[Environment Feedback]:
    Note: Inputs/outputs here are automatically extracted/truncated so formatting may be a bit off.
    Tests passed:

     Input: ['1', '2', '1 3', '5', '0 0', '2 0', '0 4', '1 1', '1 2'] Output: [{'0'}, {'1'}, {'2'}, {'1'}, {'-1'}]

    Tests failed:
    None
[/Environment Feedback]

INFO - [Task id] 970 [prompt] 
## Instructions
Now, summarize your attempts as a **standalone** document for your own future reference. (can skip formalities, be concise)

- Only include the most relevant information and code snippets that could be useful in the future.
- If you did not learn much from the current experience (e.g. the problem was too easy), feel free to write less or nothing at all.
- Here are some ideas if the experience was useful:
    - Identifying the core concepts and patterns that problem appears to test for
    - Describing the strategies that seemed to work but did not, and vice versa
    - Describing unexpected errors and how they were fixed

Your summary should be at most a few paragraphs.

INFO - [Task id] 970 [generation text] In this problem, the goal was to determine how many walls Chef needs to break to reach Dr. Doof at the origin (0, 0) based on given wall positions and Chef's starting coordinates. The walls are represented by line segments connecting points (a_i, 0) and (0, a_i). 

The solution involved checking if Chef's starting position lies on any wall and counting how many walls are above and to the right of his position. The approach was straightforward: for each query, if the coordinates matched any wall's position, return -1; otherwise, count the walls that are greater than the maximum of the x and y coordinates.

The implemented code efficiently handled multiple test cases and queries, leveraging simple comparisons and loops. The key insight was recognizing that the walls could be treated as thresholds that Chef's coordinates needed to exceed. 

The final solution was effective, passing all tests without errors. The main takeaway is the importance of efficiently checking conditions and counting based on sorted wall positions, which can be a common pattern in similar geometric problems.
INFO - LM call n parse attempt 1 / 3

INFO - [Task id] 970 [prompt] 
You are an expert programmer tasked with solving the problem below.

Follow the user's instructions to solve the problem.
The user can ask for analysis, code, or both.

## Instructions
When asked to output code,
- Make sure to wrap your code in '```python' and '```' Markdown delimiters, 
- include exactly one block of code with the entire solution
- No outside libraries are allowed. 
- Builtins are allowed.
- If the task specifies a function name to be used, follow it strictly (be case sensitive!) and declare the that function last (helper functions are declared first).
- DO NOT write any assert statements / tests.

## Problem
[BEGIN PROBLEM]
You may have helped Chef and prevented Doof from destroying the even numbers. But, it has only angered Dr Doof even further. However, for his next plan, he needs some time. Therefore, Doof has built $N$ walls to prevent Chef from interrupting him. You have to help Chef by telling him the number of walls he needs to destroy in order to reach Dr Doof.
Formally, the whole area can be represented as the first quadrant with the origin at the bottom-left corner. Dr. Doof is located at the origin $(0, 0)$. There are $N$ walls, the i-th wall is a straight line segment joining the points $(a_i, 0)$ and $(0, a_i)$. For every initial position of Chef $(x_j, y_j)$, find the number of walls he needs to break before reaching Doof. Obviously, chef can't start from a point on the wall. Therefore, if $(x_j, y_j)$ lies on any of the given walls, print $-1$ in a new line.

-----Input-----
- First line contains $T$, denoting the number of testcases.
- The first line of every test case contains a single integer $N$ denoting the number of walls Dr Doof has built.
- The next line contains $N$ space separated distinct integers each denoting $a_i$.
- The next line contains a single integer $Q$ denoting the number of times Chef asks for your help.
- The next $Q$ lines contains two space separated integers $x_j$ and $y_j$, each denoting the co-ordinates of the starting point of Chef.

-----Output-----
For each query, print the number of walls Chef needs to break in order to reach Dr Doof in a separate line. If Chef tries to start from a point on any of the walls, print $-1$.

-----Constraints-----
- $1 \leq T \leq 2 * 10^2$
- $1 \leq N, Q \leq 2 * 10^5$
- $1 \leq a_i \leq 10^9$
- $0 \leq x_j, y_j \leq 10^9$
- $a_1 < a_2 < a_3 < .... < a_N$
- Sum of $N$ and $Q$ over all testcases for a particular test file does not exceed $2 * 10^5$

-----Sample Input-----
1
2
1 3
5
0 0
2 0
0 4
1 1
1 2

-----Sample Output-----
0
1
2
1
-1

-----Explanation-----
The sample input can be represented by the graph given below:

If Chef starts from $(0, 0)$, he can reach Dr Doof without destroying any wall.

If Chef starts from $(2, 0)$, he has to destroy the $1st$ wall.

If Chef starts from $(0, 4)$, he has to destroy both the walls.

If Chef starts from $(1, 1)$, he has to destroy the $1st$ wall.

As $(1, 2)$ lies on the second wall, the answer is $-1$ for the last query.

The output code needs to read from and write to standard IO


[END PROBLEM]

INFO - [Task id] 970 [prompt] 
## Instructions

Reason through the problem and:
1. Restate the problem in plain English
2. Conceptualize a solution first in plain English
3. Write a pseudocode solution
4. Output the final Python 3 solution with your solution steps in comments.

Make sure to wrap your code in '```python' and '```' Markdown delimiters, 
and include exactly one block of code with the entire solution.

No outside libraries are allowed.
Builtins are allowed.

INFO - [Task id] 970 [prompt] 1. **Restate the problem in plain English**:
   The problem involves determining how many walls Chef needs to break through to reach Dr. Doof, who is located at the origin (0, 0). Each wall is represented by a line segment connecting points (a_i, 0) and (0, a_i). For each query, we need to check Chef's starting position (x_j, y_j) and determine how many walls he must break to reach the origin. If Chef starts on a wall, we return -1.

2. **Conceptualize a solution first in plain English**:
   - For each test case, read the number of walls and their respective positions.
   - For each query, check if the starting position lies on any wall. If it does, return -1.
   - If not, determine how many walls Chef needs to break through. A wall is considered broken if Chef's starting position is above and to the right of the wall's line segment.
   - The walls can be represented as a list of integers, and for each query, we can count how many of these integers are greater than the maximum of the x and y coordinates of Chef's starting position.

3. **Write a pseudocode solution**:
   ```
   function count_walls(N, walls, queries):
       for each query (x_j, y_j):
           if (x_j, y_j) lies on any wall:
               print -1
           else:
               count = 0
               for each wall a_i in walls:
                   if a_i > max(x_j, y_j):
                       count += 1
               print count

   function main(T):
       for each test case:
           read N
           read walls
           read Q
           read queries
           count_walls(N, walls, queries)
   ```

4. **Output the final Python 3 solution with your solution steps in comments**:
```python
def count_walls(N, walls, queries):
    for x_j, y_j in queries:
        # Check if the starting position lies on any wall
        if x_j == y_j and x_j in walls:
            print(-1)
            continue
        
        count = 0
        # Count how many walls Chef needs to break
        for a_i in walls:
            if a_i > max(x_j, y_j):
                count += 1
        print(count)

def main():
    T = int(input())
    for _ in range(T):
        N = int(input())
        walls = list(map(int, input().split()))
        Q = int(input())
        queries = [tuple(map(int, input().split())) for _ in range(Q)]
        count_walls(N, walls, queries)

# Call the main function to execute the program
main()
```
INFO - [Task id] 970 [prompt] 
[Environment Feedback]:
    Note: Inputs/outputs here are automatically extracted/truncated so formatting may be a bit off.
    Tests passed:

     Input: ['1', '2', '1 3', '5', '0 0', '2 0', '0 4', '1 1', '1 2'] Output: [{'0'}, {'1'}, {'2'}, {'1'}, {'-1'}]

    Tests failed:
    None
[/Environment Feedback]

INFO - [Task id] 970 [prompt] 
Below is the official solution (do exercise discretion as official solutions can also have mistakes).

You will be reflecting on your attempts to solve the problem.
This will be a **standalone** document for your own future reference. (can skip formalities, be concise)

## Instructions
- Only include the most relevant insights and code snippets that could be useful in the future.
- If you did not learn much from the current experience (e.g. the problem was too easy / official solution was obvious), feel free to write less or nothing at all.
- Here are some ideas if the experience was useful:
    - If the official solution is insightful (e.g. better than yours in time and space complexity or more effective in breaking down the problem statement), distil the key approach of the official solution, step by step.
    - If your approach failed the test cases, reason why the official solution works but yours does not

Your reflection should be at most a few paragraphs.

## Official solution
def posSearch(arr, num):
 l = 0
 r = len(arr)
 if num < arr[l]:
  return 0
 elif num > arr[r-1]:
  return r
 while l < r:
  m = (l+r)//2
  if arr[m] == num:
   return -1
  if arr[m] < num < arr[m+1]:
   return m+1
  if arr[m] > num:
   r = m
  elif arr[m] < num:
   l = m+1 
 
for _ in range(int(input())):
 n = int(input())
 narr = list(map(int, input().split()))
 q = int(input())
 for i in range(q):
  x, y = list(map(int, input().split()))
  a = x+y
  j = posSearch(narr, a)
  print(j)
   


INFO - [Task id] 970 [generation text] The official solution employs a binary search approach to efficiently determine how many walls Chef needs to break through based on his starting position. This is a significant improvement over my initial approach, which involved a linear search through the walls for each query. 

Key insights from the official solution:

1. **Binary Search for Efficiency**: The `posSearch` function uses binary search to find the position where the sum of Chef's coordinates (x + y) fits in the sorted list of wall positions. This reduces the time complexity from O(N) for each query to O(log N), making it much more efficient, especially given the constraints.

2. **Handling Edge Cases**: The function checks if the sum of the coordinates is less than the smallest wall or greater than the largest wall, allowing it to quickly return the number of walls Chef would need to break without iterating through the entire list.

3. **Directly Checking for Wall Position**: The official solution also checks if the sum of the coordinates matches any wall position directly within the binary search, returning -1 if Chef starts on a wall.

4. **Overall Structure**: The solution is structured to read input and process multiple test cases efficiently, maintaining clarity and conciseness.

In summary, the official solution's use of binary search significantly optimizes the process of determining how many walls Chef needs to break, while my approach was less efficient due to its linear search method. This experience highlights the importance of considering algorithmic efficiency, especially in problems with large input sizes.
INFO - Updated entry: In this problem, the goal was to determine how many walls Chef needs to break to reach Dr. Doof at the origin (0, 0) based on given wall positions and Chef's starting coordinates. The walls are represented by line segments connecting points (a_i, 0) and (0, a_i). 

The solution involved checking ...,

INFO - Metadata: {
    "task_id": 970
}

INFO - Updated entry: The official solution employs a binary search approach to efficiently determine how many walls Chef needs to break through based on his starting position. This is a significant improvement over my initial approach, which involved a linear search through the walls for each query. 

Key insights fr...,

INFO - Metadata: {
    "task_id": 970
}

INFO - LM call n parse attempt 1 / 3

INFO - [Task id] 970 [prompt] 
You are a helpful assistant that writes a description of the given function written in the Python programming language.

1) Do not mention the function name.
2) Do not mention anything about helper functions.
3) There might be some helper functions before the main function, but you only need to describe the main function.
4) Try to summarize the function in no more than 6 sentences.
5) Your response should be a single line of text.

INFO - [Task id] 970 [prompt] 
def count_walls(N, walls, queries):
    for x_j, y_j in queries:
        # Check if the starting position lies on any wall
        if x_j == y_j and x_j in walls:
            print(-1)
            continue
        
        count = 0
        # Count how many walls Chef needs to break
        for a_i in walls:
            if a_i > max(x_j, y_j):
                count += 1
        print(count)

def main():
    T = int(input())
    for _ in range(T):
        N = int(input())
        walls = list(map(int, input().split()))
        Q = int(input())
        queries = [tuple(map(int, input().split())) for _ in range(Q)]
        count_walls(N, walls, queries)

# Call the main function to execute the program
main()


The main function is `main`.
INFO - [Task id] 970 [generation text] This function reads input values for multiple test cases, including the number of walls and a series of queries. For each test case, it collects the wall positions and the queries, which consist of pairs of coordinates. It then processes these queries by invoking another function that checks if the starting position lies on a wall and counts how many walls need to be broken based on the given conditions. The results of the queries are printed directly to the output. The function handles multiple test cases in a loop, ensuring that all queries are addressed sequentially. Overall, it facilitates the interaction between user input and the wall counting logic.
INFO - LM call n parse attempt 1 / 3

INFO - [Task id] 970 [prompt] 
You are a helpful assistant that extracts important information from problems and solutions to aid in searchability and education.

## Instructions
- Read through the problem and solution carefully.
- Reason out, step by step, in what scenarios this knowledge would be useful.
- Focus on general patterns and situations to help connect this knowledge to new situations.
- Then, include a list of keywords that are useful for searching this problem/solution pair.

## Response format
Respond in JSON, and follow the keys and expected format of the values strictly.

The output should be formatted as a JSON instance that conforms to the JSON schema below.

As an example, for the schema {"properties": {"foo": {"title": "Foo", "description": "a list of strings", "type": "array", "items": {"type": "string"}}}, "required": ["foo"]}
the object {"foo": ["bar", "baz"]} is a well-formatted instance of the schema. The object {"properties": {"foo": ["bar", "baz"]}} is not well-formatted.

Here is the output schema:
```
{"properties": {"scenarios": {"description": "In what scenarios will this knowledge be useful? Answer in a paragraph.", "title": "Scenarios", "type": "string"}, "keywords": {"description": "List of keywords that are useful for searching this problem/solution pair", "items": {"type": "string"}, "title": "Keywords", "type": "array"}}, "required": ["scenarios", "keywords"]}
```

INFO - [Task id] 970 [prompt] 
[Problem]
    You may have helped Chef and prevented Doof from destroying the even numbers. But, it has only angered Dr Doof even further. However, for his next plan, he needs some time. Therefore, Doof has built $N$ walls to prevent Chef from interrupting him. You have to help Chef by telling him the number of walls he needs to destroy in order to reach Dr Doof.
    Formally, the whole area can be represented as the first quadrant with the origin at the bottom-left corner. Dr. Doof is located at the origin $(0, 0)$. There are $N$ walls, the i-th wall is a straight line segment joining the points $(a_i, 0)$ and $(0, a_i)$. For every initial position of Chef $(x_j, y_j)$, find the number of walls he needs to break before reaching Doof. Obviously, chef can't start from a point on the wall. Therefore, if $(x_j, y_j)$ lies on any of the given walls, print $-1$ in a new line.

    -----Input-----
    - First line contains $T$, denoting the number of testcases.
    - The first line of every test case contains a single integer $N$ denoting the number of walls Dr Doof has built.
    - The next line contains $N$ space separated distinct integers each denoting $a_i$.
    - The next line contains a single integer $Q$ denoting the number of times Chef asks for your help.
    - The next $Q$ lines contains two space separated integers $x_j$ and $y_j$, each denoting the co-ordinates of the starting point of Chef.

    -----Output-----
    For each query, print the number of walls Chef needs to break in order to reach Dr Doof in a separate line. If Chef tries to start from a point on any of the walls, print $-1$.

    -----Constraints-----
    - $1 \leq T \leq 2 * 10^2$
    - $1 \leq N, Q \leq 2 * 10^5$
    - $1 \leq a_i \leq 10^9$
    - $0 \leq x_j, y_j \leq 10^9$
    - $a_1 < a_2 < a_3 < .... < a_N$
    - Sum of $N$ and $Q$ over all testcases for a particular test file does not exceed $2 * 10^5$

    -----Sample Input-----
    1
    2
    1 3
    5
    0 0
    2 0
    0 4
    1 1
    1 2

    -----Sample Output-----
    0
    1
    2
    1
    -1

    -----Explanation-----
    The sample input can be represented by the graph given below:

    If Chef starts from $(0, 0)$, he can reach Dr Doof without destroying any wall.

    If Chef starts from $(2, 0)$, he has to destroy the $1st$ wall.

    If Chef starts from $(0, 4)$, he has to destroy both the walls.

    If Chef starts from $(1, 1)$, he has to destroy the $1st$ wall.

    As $(1, 2)$ lies on the second wall, the answer is $-1$ for the last query.
[/Problem]

[Solution]

    def count_walls(N, walls, queries):
        for x_j, y_j in queries:
            # Check if the starting position lies on any wall
            if x_j == y_j and x_j in walls:
                print(-1)
                continue
        
            count = 0
            # Count how many walls Chef needs to break
            for a_i in walls:
                if a_i > max(x_j, y_j):
                    count += 1
            print(count)

    def main():
        T = int(input())
        for _ in range(T):
            N = int(input())
            walls = list(map(int, input().split()))
            Q = int(input())
            queries = [tuple(map(int, input().split())) for _ in range(Q)]
            count_walls(N, walls, queries)

    # Call the main function to execute the program
    main()

[/Solution]

INFO - [Task id] 970 [generation text] 
INFO - {
    "scenarios": "This knowledge is useful in scenarios where one needs to determine the number of obstacles (walls) that need to be overcome to reach a target point (Dr. Doof) from various starting positions (Chef's coordinates). It can be applied in computational geometry, game development, pathfinding algorithms, and optimization problems where barriers or limits are present. Understanding how to efficiently count and check for these barriers can help in designing algorithms that require spatial awareness and decision-making based on positional data.",
    "keywords": [
        "walls",
        "obstacles",
        "pathfinding",
        "computational geometry",
        "queries",
        "coordinates",
        "Chef",
        "Dr. Doof",
        "algorithm",
        "counting barriers"
    ]
}
INFO - {
    "scenarios": "This knowledge is useful in scenarios where one needs to determine the number of obstacles (walls) that need to be overcome to reach a target point (Dr. Doof) from various starting positions (Chef's coordinates). It can be applied in computational geometry, game development, pathfinding algorithms, and optimization problems where barriers or limits are present. Understanding how to efficiently count and check for these barriers can help in designing algorithms that require spatial awareness and decision-making based on positional data.",
    "keywords": [
        "walls",
        "obstacles",
        "pathfinding",
        "computational geometry",
        "queries",
        "coordinates",
        "Chef",
        "Dr. Doof",
        "algorithm",
        "counting barriers"
    ]
}
INFO - Updated entry: 
[description for function: main]
This function reads input values for multiple test cases, including the number of walls and a series of queries. For each test case, it collects the wall positions and the queries, which consist of pairs of coordinates. It then processes these queries by invoking...,

INFO - Metadata: {
    "task": 970,
    "code": "\ndef count_walls(N, walls, queries):\n    for x_j, y_j in queries:\n        # Check if the starting position lies on any wall\n        if x_j == y_j and x_j in walls:\n            print(-1)\n            continue\n        \n        count = 0\n        # Count how ma...

