INFO - DB skill doc count: 0

INFO - DB non_func doc count: 54

INFO - DB semantic doc count: 429

INFO - DB summaries doc count: 70

INFO - DB reflections doc count: 70

INFO - DB episodic doc count: 134

INFO - [train iter]: 70/100 

INFO - The task prompt is Given the array nums consisting of n positive integers. You computed the sum of all non-empty continous subarrays from the array and then sort them in non-decreasing order, creating a new array of n * (n + 1) / 2 numbers.
Return the sum of the numbers from index left to index right (indexed from ...

INFO - Attempting task_id 475
INFO - LM call n parse attempt 1 / 3

INFO - [Task id] 475 [prompt] 
You are an expert programmer tasked with solving the problem below.

Follow the user's instructions to solve the problem.
The user can ask for analysis, code, or both.

## Instructions
When asked to output code,
- Make sure to wrap your code in '```python' and '```' Markdown delimiters, 
- include exactly one block of code with the entire solution
- No outside libraries are allowed. 
- Builtins are allowed.
- If the task specifies a function name to be used, follow it strictly (be case sensitive!) and declare the that function last (helper functions are declared first).
- DO NOT write any assert statements / tests.

## Problem
[BEGIN PROBLEM]
Given the array nums consisting of n positive integers. You computed the sum of all non-empty continous subarrays from the array and then sort them in non-decreasing order, creating a new array of n * (n + 1) / 2 numbers.
Return the sum of the numbers from index left to index right (indexed from 1), inclusive, in the new array. Since the answer can be a huge number return it modulo 10^9 + 7.
 
Example 1:
Input: nums = [1,2,3,4], n = 4, left = 1, right = 5
Output: 13 
Explanation: All subarray sums are 1, 3, 6, 10, 2, 5, 9, 3, 7, 4. After sorting them in non-decreasing order we have the new array [1, 2, 3, 3, 4, 5, 6, 7, 9, 10]. The sum of the numbers from index le = 1 to ri = 5 is 1 + 2 + 3 + 3 + 4 = 13. 

Example 2:
Input: nums = [1,2,3,4], n = 4, left = 3, right = 4
Output: 6
Explanation: The given array is the same as example 1. We have the new array [1, 2, 3, 3, 4, 5, 6, 7, 9, 10]. The sum of the numbers from index le = 3 to ri = 4 is 3 + 3 = 6.

Example 3:
Input: nums = [1,2,3,4], n = 4, left = 1, right = 10
Output: 50

 
Constraints:

1 <= nums.length <= 10^3
nums.length == n
1 <= nums[i] <= 100
1 <= left <= right <= n * (n + 1) / 2

The output code needs to use the provided function signature

The final python function should begin with: 
```python

class Solution:
    def rangeSum(self, nums: List[int], n: int, left: int, right: int) -> int:
        
```

[END PROBLEM]

INFO - [Task id] 475 [prompt] 
## Instructions

Reason through the problem and:
1. Restate the problem in plain English
2. Conceptualize a solution first in plain English
3. Write a pseudocode solution
4. Output the final Python 3 solution with your solution steps in comments.

Make sure to wrap your code in '```python' and '```' Markdown delimiters, 
and include exactly one block of code with the entire solution.

No outside libraries are allowed.
Builtins are allowed.

INFO - [Task id] 475 [generation text] 1. **Restate the problem in plain English:**
   We have an array of positive integers, and we need to calculate the sums of all possible continuous subarrays. After calculating these sums, we will sort them in non-decreasing order. Finally, we need to return the sum of the elements in this sorted list from a specified starting index to an ending index, with the result given modulo \(10^9 + 7\).

2. **Conceptualize a solution first in plain English:**
   - First, we will generate all possible continuous subarrays from the input array and calculate their sums.
   - We will store these sums in a new list.
   - Next, we will sort this list of sums.
   - Finally, we will compute the sum of the elements in the sorted list from the specified left index to the right index and return this sum modulo \(10^9 + 7\).

3. **Write a pseudocode solution:**
   ```
   function rangeSum(nums, n, left, right):
       initialize an empty list called subarray_sums
       
       for i from 0 to n-1:
           current_sum = 0
           for j from i to n-1:
               current_sum += nums[j]
               append current_sum to subarray_sums
       
       sort subarray_sums
       
       result_sum = 0
       for k from left-1 to right-1:
           result_sum += subarray_sums[k]
       
       return result_sum modulo (10^9 + 7)
   ```

4. **Output the final Python 3 solution with your solution steps in comments:**
```python
class Solution:
    def rangeSum(self, nums: list[int], n: int, left: int, right: int) -> int:
        # Step 1: Initialize an empty list to store the sums of subarrays
        subarray_sums = []
        
        # Step 2: Calculate the sums of all continuous subarrays
        for i in range(n):
            current_sum = 0
            for j in range(i, n):
                current_sum += nums[j]
                subarray_sums.append(current_sum)
        
        # Step 3: Sort the list of subarray sums
        subarray_sums.sort()
        
        # Step 4: Calculate the sum from index left to right (1-based index)
        result_sum = 0
        for k in range(left - 1, right):
            result_sum += subarray_sums[k]
        
        # Step 5: Return the result modulo 10^9 + 7
        return result_sum % (10**9 + 7)
```
INFO - [35m Rollout attempt 1/4[0m
INFO - [33m Retrieving 3 entries for db: episodic 
 [0m
INFO - Retrieved (score=0.3865):

[Task]:
    Given an array of integers nums and an integer k. A continuous subarray is called nice if there are k odd numbers on it.
    Return the number of nice sub-arrays.
 
    Example 1:
    Input: nums = [1,1,2,1,1], k = 3
    Output: 2
    Explanation: The only sub-arrays with 3 odd numbe...


INFO - Retrieved (score=0.3875):

[Task]:
    Given a set of  N  natural numbers 1,2,3........N and Q query.For each query you have to calculate the total number of subset in which  Ith.
    number of set come at Kth postion.Elements of every subset should be in sorted order.
    The answer could  be very large so you have to pr...


INFO - Retrieved (score=0.4030):

[Task]:
    The Golomb sequence $G_1, G_2, \ldots$ is a non-decreasing integer sequence such that for each positive integer $n$, $G_n$ is the number of occurrences of $n$ in this sequence. The first few elements of $G$ are $[1, 2, 2, 3, 3, 4, 4, 4, 5, \ldots]$. Do you know the recurrence relatio...


INFO - [33m Retrieving 3 entries for db: semantic 
 [0m
INFO - Retrieved (score=0.4037):
Title: Search the subarray with the maximum/minimum sum
Part: 1/2
# Search the subarray with the maximum/minimum sum

Here, we consider the problem of finding a subarray with maximum sum, as well as some of its variations (including the algorithm for solving this problem online).

## Problem stat...


INFO - Retrieved (score=0.4315):
Title: Josephus Problem
Part: 1/1
# Josephus Problem

## Statement

We are given the natural numbers $n$ and $k$.
All natural numbers from $1$ to $n$ are written in a circle. 
First, count the $k$-th number starting from the first one and delete it.
Then $k$ numbers are counted starting from the ...


INFO - Retrieved (score=0.4361):
Title: Continued fractions
Part: 12/12
```
    === "Python"
        ```py
        def solve(p, q, N):
            return p * N * (N + 1) // 2 - q * sum_floor(fraction(p, q), N)
        ``` 

!!! example "[Library Checker - Sum of Floor of Linear](https://judge.yosupo.jp/problem/sum_of_floor_of_li...


INFO - [33m Retrieving 3 entries for db: reflections 
 [0m
INFO - Retrieved (score=0.3591):
### Reflection on the Problem-Solving Experience

In attempting to solve the problem of calculating the sum of Fibonacci numbers from \( F(N) \) to \( F(K) \), I initially approached it using matrix exponentiation, which is a common technique for efficiently computing Fibonacci numbers. However, ...


INFO - Retrieved (score=0.3831):
The official solution effectively simplifies the problem by leveraging arithmetic properties of multiples of 10. The key steps in the official solution are as follows:

1. **Input Handling**: It reads the number of test cases and the value of N for each case.
2. **Finding the Largest Multiple of ...


INFO - Retrieved (score=0.3877):
The official solution effectively addresses the problem by directly iterating through the list of bills for each query and calculating the sum within the specified range. Here are some key insights from the official solution:

1. **Input Handling**: The solution reads the number of test cases and...


INFO - [33m Retrieving 3 entries for db: summaries 
 [0m
INFO - Retrieved (score=0.3499):
The problem involved counting the number of continuous subarrays with exactly `k` odd numbers in a given array of integers. The solution utilized a two-pointer technique (or sliding window approach) to efficiently calculate the number of subarrays with at most `k` odd numbers and then derived the...


INFO - Retrieved (score=0.3655):
The problem involved calculating the sum of squares of terms in the Golomb sequence for given ranges across multiple test cases. The Golomb sequence is defined recursively, which posed a challenge due to the potential size of the indices (up to \(10^{10}\)). 

The key strategy was to use memoizat...


INFO - Retrieved (score=0.3661):
The problem involved finding the length of the shortest contiguous subarray with a sum of at least \( K \). The solution utilized a combination of prefix sums and a deque to efficiently track the indices of potential starting points for valid subarrays. The key concepts included maintaining a run...


INFO - [33m Retrieving 3 entries for db: non_func 
 [0m
INFO - Retrieved (score=0.4526):

[description for function: main]
This function reads an integer input representing the number of test cases and then iterates through each test case to read an integer value. For each value, it calculates the sum of all multiples of 10 that are less than or equal to that integer. The results are...


INFO - Retrieved (score=0.4546):

[description for function: process_queries]
The function processes multiple test cases where each test case consists of a list of bills and a series of queries. For each query, it calculates the sum of a specified range of bills based on given indices. It reads the number of bills and queries, t...


INFO - Retrieved (score=0.4709):

[description]
The function calculates the number of contiguous subarrays within a given list of integers that contain exactly k odd numbers. It utilizes a sliding window approach to efficiently count the number of subarrays with at most k odd numbers and then subtracts the count of subarrays wit...


INFO - Retrieved (score=0.3499): 
[Summary]:
    The problem involved counting the number of continuous subarrays with exactly `k` odd numbers in a given array of integers. The solution utilized a two-pointer technique (or sliding window approach) to efficiently calculate the number of subarrays with at most `k` odd numbers and ...
INFO - Retrieved (score=0.3591): 
[Reflection]:
    ### Reflection on the Problem-Solving Experience

    In attempting to solve the problem of calculating the sum of Fibonacci numbers from \( F(N) \) to \( F(K) \), I initially approached it using matrix exponentiation, which is a common technique for efficiently computing Fibon...
INFO - Retrieved (score=0.3655): 
[Summary]:
    The problem involved calculating the sum of squares of terms in the Golomb sequence for given ranges across multiple test cases. The Golomb sequence is defined recursively, which posed a challenge due to the potential size of the indices (up to \(10^{10}\)). 

    The key strategy...
INFO - LM call n parse attempt 1 / 3

INFO - [Task id] 475 [prompt] 
You are an expert programmer tasked with solving the problem below.

Follow the user's instructions to solve the problem.
The user can ask for analysis, code, or both.

## Instructions
When asked to output code,
- Make sure to wrap your code in '```python' and '```' Markdown delimiters, 
- include exactly one block of code with the entire solution
- No outside libraries are allowed. 
- Builtins are allowed.
- If the task specifies a function name to be used, follow it strictly (be case sensitive!) and declare the that function last (helper functions are declared first).
- DO NOT write any assert statements / tests.

## Problem
[BEGIN PROBLEM]
Given the array nums consisting of n positive integers. You computed the sum of all non-empty continous subarrays from the array and then sort them in non-decreasing order, creating a new array of n * (n + 1) / 2 numbers.
Return the sum of the numbers from index left to index right (indexed from 1), inclusive, in the new array. Since the answer can be a huge number return it modulo 10^9 + 7.
 
Example 1:
Input: nums = [1,2,3,4], n = 4, left = 1, right = 5
Output: 13 
Explanation: All subarray sums are 1, 3, 6, 10, 2, 5, 9, 3, 7, 4. After sorting them in non-decreasing order we have the new array [1, 2, 3, 3, 4, 5, 6, 7, 9, 10]. The sum of the numbers from index le = 1 to ri = 5 is 1 + 2 + 3 + 3 + 4 = 13. 

Example 2:
Input: nums = [1,2,3,4], n = 4, left = 3, right = 4
Output: 6
Explanation: The given array is the same as example 1. We have the new array [1, 2, 3, 3, 4, 5, 6, 7, 9, 10]. The sum of the numbers from index le = 3 to ri = 4 is 3 + 3 = 6.

Example 3:
Input: nums = [1,2,3,4], n = 4, left = 1, right = 10
Output: 50

 
Constraints:

1 <= nums.length <= 10^3
nums.length == n
1 <= nums[i] <= 100
1 <= left <= right <= n * (n + 1) / 2

The output code needs to use the provided function signature

The final python function should begin with: 
```python

class Solution:
    def rangeSum(self, nums: List[int], n: int, left: int, right: int) -> int:
        
```

[END PROBLEM]

INFO - [Task id] 475 [prompt] 
## Instructions

Reason through the problem and:
1. Restate the problem in plain English
2. Conceptualize a solution first in plain English
3. Write a pseudocode solution
4. Output the final Python 3 solution with your solution steps in comments.

Make sure to wrap your code in '```python' and '```' Markdown delimiters, 
and include exactly one block of code with the entire solution.

No outside libraries are allowed.
Builtins are allowed.

INFO - [Task id] 475 [prompt] 
Also, here are some of your memories.
Feel free to use the given information to aid your problem solving process if necessary.
Do not confuse the memories with the problem statement.

## Memories

[Summary]:
    The problem involved counting the number of continuous subarrays with exactly `k` odd numbers in a given array of integers. The solution utilized a two-pointer technique (or sliding window approach) to efficiently calculate the number of subarrays with at most `k` odd numbers and then derived the count of subarrays with exactly `k` odd numbers by subtracting the counts for `k` and `k-1`.

    Key concepts tested included:
    - Understanding of subarrays and their properties.
    - Efficient counting techniques using sliding windows to avoid nested loops, which would be inefficient for larger arrays.

    The implemented solution was effective, and the helper function `count_at_most_k_odds` successfully counted the valid subarrays. The final code snippet is as follows:

    ```python
    class Solution:
        def numberOfSubarrays(self, nums: list[int], k: int) -> int:
        
            def count_at_most_k_odds(nums, k):
                left = 0
                count = 0
                odd_count = 0
                for right in range(len(nums)):
                    if nums[right] % 2 == 1:  # Check if the number is odd
                        odd_count += 1
                    while odd_count > k:  # If we have more than k odd numbers
                        if nums[left] % 2 == 1:  # Check if the number at left is odd
                            odd_count -= 1
                        left += 1
                    count += (right - left + 1)  # Count the number of valid subarrays
                return count
        
            return count_at_most_k_odds(nums, k) - count_at_most_k_odds(nums, k - 1)
    ```

    This approach proved to be efficient and effective, passing all test cases without errors. The experience reinforced the importance of using optimal algorithms for counting problems in arrays.
[/Summary]


[Reflection]:
    ### Reflection on the Problem-Solving Experience

    In attempting to solve the problem of calculating the sum of Fibonacci numbers from \( F(N) \) to \( F(K) \), I initially approached it using matrix exponentiation, which is a common technique for efficiently computing Fibonacci numbers. However, my solution faced issues with the formula used for summing the Fibonacci numbers, leading to incorrect outputs for certain test cases.

    The official solution provided a more nuanced approach that leverages both the properties of Fibonacci numbers and modular arithmetic. Here are the key insights from the official solution:

    1. **Fibonacci Calculation**: The official solution uses a recursive method to compute Fibonacci numbers efficiently. The function `_fib(n)` computes Fibonacci numbers using a divide-and-conquer approach, which is more efficient than the matrix exponentiation method I used. This method reduces the time complexity significantly by breaking down the problem recursively.

    2. **Modular Arithmetic**: The official solution consistently applies modular arithmetic to ensure that the results remain within bounds, which is crucial given the constraints of the problem. This is done using a modulus value of \( 10^9 + 7 \).

    3. **Sum Calculation**: The official solution includes a `brute` function that calculates the sum of Fibonacci numbers multiplied by powers of \( k \). This is a different approach than my initial attempt, which focused solely on the range of Fibonacci numbers without considering the multiplicative factor of \( k \).

    4. **Final Answer Calculation**: The `ans` function in the official solution combines the results of the Fibonacci calculations and applies the modular inverse to ensure the final result is computed correctly. This step is crucial for handling cases where division is involved in modular arithmetic.

    ### Key Code Snippets from the Official Solution
    - **Fibonacci Calculation**:
        ```python
        def _fib(n):
            if n == 0:
                return (0, 1)
            else:
                a, b = _fib(n // 2)
                c = (a * (b * 2 - a)) % mod
                d = (a * a + b * b) % mod
                if n % 2 == 0:
                    return (c, d)
                else:
                    return (d, c + d)
        ```

    - **Sum Calculation**:
        ```python
        def ans(n, k):
            k %= mod
            a = pow(k, n + 1, mod)
            b = (a * k) % mod
            x = a * (fibonacci(n + 1)) + b * fibonacci(n) - k
            y = inv((k * k + k - 1) % mod)
            return ((x * y) % mod + mod) % mod
        ```

    ### Conclusion
    This experience highlighted the importance of understanding the mathematical properties of the problem and how they can be leveraged to create efficient algorithms. The official solution's use of recursive Fibonacci calculation and modular arithmetic provided a more effective approach than my initial attempt. In future problems, I will pay closer attention to the mathematical foundations and consider multiple approaches to ensure robustness in my solutions.
[/Reflection]


[Summary]:
    The problem involved calculating the sum of squares of terms in the Golomb sequence for given ranges across multiple test cases. The Golomb sequence is defined recursively, which posed a challenge due to the potential size of the indices (up to \(10^{10}\)). 

    The key strategy was to use memoization to store previously computed values of the Golomb sequence to avoid redundant calculations. This approach allowed for efficient retrieval of values during the summation process. The recurrence relation \(G_{n+1} = 1 + G_{n + 1 - G_{G_n}}\) was utilized to compute the sequence values on-the-fly.

    The final implementation involved a main function to handle input and output, a `sum_of_squares` function to compute the required sums, and a `golomb` function to calculate individual Golomb numbers with memoization. The solution successfully handled the constraints and passed the provided test cases.

    Here’s the core code snippet for reference:

    ```python
    def golomb(n, memo):
        if n in memo:
            return memo[n]
        if n == 1:
            return 1
        memo[n] = 1 + golomb(n - golomb(golomb(n - 1, memo), memo), memo)
        return memo[n]

    def sum_of_squares(L, R):
        memo = {}
        total_sum = 0
        mod = 10**9 + 7
        for i in range(L, R + 1):
            g_i = golomb(i, memo)
            total_sum = (total_sum + g_i * g_i) % mod
        return total_sum
    ```

    This experience reinforced the importance of memoization in recursive problems, especially when dealing with large input sizes.
[/Summary]


INFO - [Task id] 475 [generation text] 1. **Restate the problem in plain English**:
   The task is to calculate the sum of all non-empty continuous subarrays of a given array of positive integers. After calculating these sums, we need to sort them and return the sum of a specific range of these sorted sums, defined by two indices (left and right). The result should be returned modulo \(10^9 + 7\).

2. **Conceptualize a solution first in plain English**:
   - First, we need to generate all possible continuous subarrays from the input array and calculate their sums.
   - Next, we will store these sums in a list and sort this list in non-decreasing order.
   - Finally, we will sum the elements in the sorted list from the specified left index to the right index and return this sum modulo \(10^9 + 7\).

3. **Write a pseudocode solution**:
   ```
   function rangeSum(nums, n, left, right):
       Initialize an empty list to store subarray sums
       for i from 0 to n-1:
           Initialize current_sum to 0
           for j from i to n-1:
               current_sum += nums[j]
               Append current_sum to the list of subarray sums
       Sort the list of subarray sums
       Initialize total_sum to 0
       for index from left-1 to right-1:
           total_sum += sorted_sums[index]
       return total_sum % (10**9 + 7)
   ```

4. **Output the final Python 3 solution with your solution steps in comments**:
```python
class Solution:
    def rangeSum(self, nums: list[int], n: int, left: int, right: int) -> int:
        # Step 1: Initialize a list to store the sums of all subarrays
        subarray_sums = []
        
        # Step 2: Calculate the sums of all continuous subarrays
        for i in range(n):
            current_sum = 0
            for j in range(i, n):
                current_sum += nums[j]
                subarray_sums.append(current_sum)
        
        # Step 3: Sort the list of subarray sums
        subarray_sums.sort()
        
        # Step 4: Calculate the sum from index left to right (1-based index)
        total_sum = 0
        for index in range(left - 1, right):
            total_sum += subarray_sums[index]
        
        # Step 5: Return the result modulo 10^9 + 7
        return total_sum % (10**9 + 7)
```
INFO - program_code:
 
class Solution:
    def rangeSum(self, nums: list[int], n: int, left: int, right: int) -> int:
        # Step 1: Initialize a list to store the sums of all subarrays
        subarray_sums = []
        
        # Step 2: Calculate the sums of all continuous subarrays
        for i in range(n):
            current_sum = 0
            for j in range(i, n):
                current_sum += nums[j]
                subarray_sums.append(current_sum)
        
        # Step 3: Sort the list of subarray sums
        subarray_sums.sort()
        
        # Step 4: Calculate the sum from index left to right (1-based index)
        total_sum = 0
        for index in range(left - 1, right):
            total_sum += subarray_sums[index]
        
        # Step 5: Return the result modulo 10^9 + 7
        return total_sum % (10**9 + 7)


INFO - program_name:
 

INFO - dependencies:
 []

INFO - raw_msg:
 1. **Restate the problem in plain English**:
   The task is to calculate the sum of all non-empty continuous subarrays of a given array of positive integers. After calculating these sums, we need to sort them and return the sum of a specific range of these sorted sums, defined by two indices (left and right). The result should be returned modulo \(10^9 + 7\).

2. **Conceptualize a solution first in plain English**:
   - First, we need to generate all possible continuous subarrays from the input array and calculate their sums.
   - Next, we will store these sums in a list and sort this list in non-decreasing order.
   - Finally, we will sum the elements in the sorted list from the specified left index to the right index and return this sum modulo \(10^9 + 7\).

3. **Write a pseudocode solution**:
   ```
   function rangeSum(nums, n, left, right):
       Initialize an empty list to store subarray sums
       for i from 0 to n-1:
           Initialize current_sum to 0
           for j from i to n-1:
               current_sum += nums[j]
               Append current_sum to the list of subarray sums
       Sort the list of subarray sums
       Initialize total_sum to 0
       for index from left-1 to right-1:
           total_sum += sorted_sums[index]
       return total_sum % (10**9 + 7)
   ```

4. **Output the final Python 3 solution with your solution steps in comments**:
```python
class Solution:
    def rangeSum(self, nums: list[int], n: int, left: int, right: int) -> int:
        # Step 1: Initialize a list to store the sums of all subarrays
        subarray_sums = []
        
        # Step 2: Calculate the sums of all continuous subarrays
        for i in range(n):
            current_sum = 0
            for j in range(i, n):
                current_sum += nums[j]
                subarray_sums.append(current_sum)
        
        # Step 3: Sort the list of subarray sums
        subarray_sums.sort()
        
        # Step 4: Calculate the sum from index left to right (1-based index)
        total_sum = 0
        for index in range(left - 1, right):
            total_sum += subarray_sums[index]
        
        # Step 5: Return the result modulo 10^9 + 7
        return total_sum % (10**9 + 7)
```

INFO - no_parent:
 False

INFO - full code to be executed: 
 
class Solution:
    def rangeSum(self, nums: list[int], n: int, left: int, right: int) -> int:
        # Step 1: Initialize a list to store the sums of all subarrays
        subarray_sums = []
        
        # Step 2: Calculate the sums of all continuous subarrays
        for i in range(n):
            current_sum = 0
            for j in range(i, n):
                current_sum += nums[j]
                subarray_sums.append(current_sum)
        
        # Step 3: Sort the list of subarray sums
        subarray_sums.sort()
        
        # Step 4: Calculate the sum from index left to right (1-based index)
        total_sum = 0
        for index in range(left - 1, right):
            total_sum += subarray_sums[index]
        
        # Step 5: Return the result modulo 10^9 + 7
        return total_sum % (10**9 + 7)


INFO - obs: Note: Inputs/outputs here are automatically extracted/truncated so formatting may be a bit off.
Tests passed:

 Input: [[1, 2, 3, 4], 4, 1, 5] Output: 13

Tests failed:
None
reward: True
done: None
info: {'individual_results': [True]}
INFO - Updated entry: 
[Task]:
    Given the array nums consisting of n positive integers. You computed the sum of all non-empty continous subarrays from the array and then sort them in non-decreasing order, creating a new array of n * (n + 1) / 2 numbers.
    Return the sum of the numbers from index left to index rig...,

INFO - Metadata: {
    "raw_msg": "1. **Restate the problem in plain English**:\n   The task is to calculate the sum of all non-empty continuous subarrays of a given array of positive integers. After calculating these sums, we need to sort them and return the sum of a specific range of these sorted sums, defined ...

INFO - LM call n parse attempt 1 / 3

INFO - [Task id] 475 [prompt] 
You are an expert programmer tasked with solving the problem below.

Follow the user's instructions to solve the problem.
The user can ask for analysis, code, or both.

## Instructions
When asked to output code,
- Make sure to wrap your code in '```python' and '```' Markdown delimiters, 
- include exactly one block of code with the entire solution
- No outside libraries are allowed. 
- Builtins are allowed.
- If the task specifies a function name to be used, follow it strictly (be case sensitive!) and declare the that function last (helper functions are declared first).
- DO NOT write any assert statements / tests.

## Problem
[BEGIN PROBLEM]
Given the array nums consisting of n positive integers. You computed the sum of all non-empty continous subarrays from the array and then sort them in non-decreasing order, creating a new array of n * (n + 1) / 2 numbers.
Return the sum of the numbers from index left to index right (indexed from 1), inclusive, in the new array. Since the answer can be a huge number return it modulo 10^9 + 7.
 
Example 1:
Input: nums = [1,2,3,4], n = 4, left = 1, right = 5
Output: 13 
Explanation: All subarray sums are 1, 3, 6, 10, 2, 5, 9, 3, 7, 4. After sorting them in non-decreasing order we have the new array [1, 2, 3, 3, 4, 5, 6, 7, 9, 10]. The sum of the numbers from index le = 1 to ri = 5 is 1 + 2 + 3 + 3 + 4 = 13. 

Example 2:
Input: nums = [1,2,3,4], n = 4, left = 3, right = 4
Output: 6
Explanation: The given array is the same as example 1. We have the new array [1, 2, 3, 3, 4, 5, 6, 7, 9, 10]. The sum of the numbers from index le = 3 to ri = 4 is 3 + 3 = 6.

Example 3:
Input: nums = [1,2,3,4], n = 4, left = 1, right = 10
Output: 50

 
Constraints:

1 <= nums.length <= 10^3
nums.length == n
1 <= nums[i] <= 100
1 <= left <= right <= n * (n + 1) / 2

The output code needs to use the provided function signature

The final python function should begin with: 
```python

class Solution:
    def rangeSum(self, nums: List[int], n: int, left: int, right: int) -> int:
        
```

[END PROBLEM]

INFO - [Task id] 475 [prompt] 
## Instructions

Reason through the problem and:
1. Restate the problem in plain English
2. Conceptualize a solution first in plain English
3. Write a pseudocode solution
4. Output the final Python 3 solution with your solution steps in comments.

Make sure to wrap your code in '```python' and '```' Markdown delimiters, 
and include exactly one block of code with the entire solution.

No outside libraries are allowed.
Builtins are allowed.

INFO - [Task id] 475 [prompt] 1. **Restate the problem in plain English**:
   The task is to calculate the sum of all non-empty continuous subarrays of a given array of positive integers. After calculating these sums, we need to sort them and return the sum of a specific range of these sorted sums, defined by two indices (left and right). The result should be returned modulo \(10^9 + 7\).

2. **Conceptualize a solution first in plain English**:
   - First, we need to generate all possible continuous subarrays from the input array and calculate their sums.
   - Next, we will store these sums in a list and sort this list in non-decreasing order.
   - Finally, we will sum the elements in the sorted list from the specified left index to the right index and return this sum modulo \(10^9 + 7\).

3. **Write a pseudocode solution**:
   ```
   function rangeSum(nums, n, left, right):
       Initialize an empty list to store subarray sums
       for i from 0 to n-1:
           Initialize current_sum to 0
           for j from i to n-1:
               current_sum += nums[j]
               Append current_sum to the list of subarray sums
       Sort the list of subarray sums
       Initialize total_sum to 0
       for index from left-1 to right-1:
           total_sum += sorted_sums[index]
       return total_sum % (10**9 + 7)
   ```

4. **Output the final Python 3 solution with your solution steps in comments**:
```python
class Solution:
    def rangeSum(self, nums: list[int], n: int, left: int, right: int) -> int:
        # Step 1: Initialize a list to store the sums of all subarrays
        subarray_sums = []
        
        # Step 2: Calculate the sums of all continuous subarrays
        for i in range(n):
            current_sum = 0
            for j in range(i, n):
                current_sum += nums[j]
                subarray_sums.append(current_sum)
        
        # Step 3: Sort the list of subarray sums
        subarray_sums.sort()
        
        # Step 4: Calculate the sum from index left to right (1-based index)
        total_sum = 0
        for index in range(left - 1, right):
            total_sum += subarray_sums[index]
        
        # Step 5: Return the result modulo 10^9 + 7
        return total_sum % (10**9 + 7)
```
INFO - [Task id] 475 [prompt] 
[Environment Feedback]:
    Note: Inputs/outputs here are automatically extracted/truncated so formatting may be a bit off.
    Tests passed:

     Input: [[1, 2, 3, 4], 4, 1, 5] Output: 13

    Tests failed:
    None
[/Environment Feedback]

INFO - [Task id] 475 [prompt] 
## Instructions
Now, summarize your attempts as a **standalone** document for your own future reference. (can skip formalities, be concise)

- Only include the most relevant information and code snippets that could be useful in the future.
- If you did not learn much from the current experience (e.g. the problem was too easy), feel free to write less or nothing at all.
- Here are some ideas if the experience was useful:
    - Identifying the core concepts and patterns that problem appears to test for
    - Describing the strategies that seemed to work but did not, and vice versa
    - Describing unexpected errors and how they were fixed

Your summary should be at most a few paragraphs.

INFO - [Task id] 475 [generation text] The problem involved calculating the sum of all non-empty continuous subarrays from a given array of positive integers, sorting these sums, and then returning the sum of a specified range of these sorted sums. The solution required generating all possible subarray sums, sorting them, and then summing the elements within the specified indices.

Key concepts tested included:
- Generating subarrays and calculating their sums efficiently.
- Sorting a list of integers.
- Handling 1-based indexing when summing the specified range.

The implemented solution successfully calculated the required sums and passed the provided test cases. The approach involved nested loops to generate subarray sums, which is straightforward but could be optimized for larger inputs. The final code snippet is as follows:

```python
class Solution:
    def rangeSum(self, nums: list[int], n: int, left: int, right: int) -> int:
        subarray_sums = []
        for i in range(n):
            current_sum = 0
            for j in range(i, n):
                current_sum += nums[j]
                subarray_sums.append(current_sum)
        subarray_sums.sort()
        total_sum = 0
        for index in range(left - 1, right):
            total_sum += subarray_sums[index]
        return total_sum % (10**9 + 7)
```

Overall, the experience reinforced the importance of understanding array manipulations and the efficiency of sorting algorithms in solving problems involving combinations of elements.
INFO - LM call n parse attempt 1 / 3

INFO - [Task id] 475 [prompt] 
You are an expert programmer tasked with solving the problem below.

Follow the user's instructions to solve the problem.
The user can ask for analysis, code, or both.

## Instructions
When asked to output code,
- Make sure to wrap your code in '```python' and '```' Markdown delimiters, 
- include exactly one block of code with the entire solution
- No outside libraries are allowed. 
- Builtins are allowed.
- If the task specifies a function name to be used, follow it strictly (be case sensitive!) and declare the that function last (helper functions are declared first).
- DO NOT write any assert statements / tests.

## Problem
[BEGIN PROBLEM]
Given the array nums consisting of n positive integers. You computed the sum of all non-empty continous subarrays from the array and then sort them in non-decreasing order, creating a new array of n * (n + 1) / 2 numbers.
Return the sum of the numbers from index left to index right (indexed from 1), inclusive, in the new array. Since the answer can be a huge number return it modulo 10^9 + 7.
 
Example 1:
Input: nums = [1,2,3,4], n = 4, left = 1, right = 5
Output: 13 
Explanation: All subarray sums are 1, 3, 6, 10, 2, 5, 9, 3, 7, 4. After sorting them in non-decreasing order we have the new array [1, 2, 3, 3, 4, 5, 6, 7, 9, 10]. The sum of the numbers from index le = 1 to ri = 5 is 1 + 2 + 3 + 3 + 4 = 13. 

Example 2:
Input: nums = [1,2,3,4], n = 4, left = 3, right = 4
Output: 6
Explanation: The given array is the same as example 1. We have the new array [1, 2, 3, 3, 4, 5, 6, 7, 9, 10]. The sum of the numbers from index le = 3 to ri = 4 is 3 + 3 = 6.

Example 3:
Input: nums = [1,2,3,4], n = 4, left = 1, right = 10
Output: 50

 
Constraints:

1 <= nums.length <= 10^3
nums.length == n
1 <= nums[i] <= 100
1 <= left <= right <= n * (n + 1) / 2

The output code needs to use the provided function signature

The final python function should begin with: 
```python

class Solution:
    def rangeSum(self, nums: List[int], n: int, left: int, right: int) -> int:
        
```

[END PROBLEM]

INFO - [Task id] 475 [prompt] 
## Instructions

Reason through the problem and:
1. Restate the problem in plain English
2. Conceptualize a solution first in plain English
3. Write a pseudocode solution
4. Output the final Python 3 solution with your solution steps in comments.

Make sure to wrap your code in '```python' and '```' Markdown delimiters, 
and include exactly one block of code with the entire solution.

No outside libraries are allowed.
Builtins are allowed.

INFO - [Task id] 475 [prompt] 1. **Restate the problem in plain English**:
   The task is to calculate the sum of all non-empty continuous subarrays of a given array of positive integers. After calculating these sums, we need to sort them and return the sum of a specific range of these sorted sums, defined by two indices (left and right). The result should be returned modulo \(10^9 + 7\).

2. **Conceptualize a solution first in plain English**:
   - First, we need to generate all possible continuous subarrays from the input array and calculate their sums.
   - Next, we will store these sums in a list and sort this list in non-decreasing order.
   - Finally, we will sum the elements in the sorted list from the specified left index to the right index and return this sum modulo \(10^9 + 7\).

3. **Write a pseudocode solution**:
   ```
   function rangeSum(nums, n, left, right):
       Initialize an empty list to store subarray sums
       for i from 0 to n-1:
           Initialize current_sum to 0
           for j from i to n-1:
               current_sum += nums[j]
               Append current_sum to the list of subarray sums
       Sort the list of subarray sums
       Initialize total_sum to 0
       for index from left-1 to right-1:
           total_sum += sorted_sums[index]
       return total_sum % (10**9 + 7)
   ```

4. **Output the final Python 3 solution with your solution steps in comments**:
```python
class Solution:
    def rangeSum(self, nums: list[int], n: int, left: int, right: int) -> int:
        # Step 1: Initialize a list to store the sums of all subarrays
        subarray_sums = []
        
        # Step 2: Calculate the sums of all continuous subarrays
        for i in range(n):
            current_sum = 0
            for j in range(i, n):
                current_sum += nums[j]
                subarray_sums.append(current_sum)
        
        # Step 3: Sort the list of subarray sums
        subarray_sums.sort()
        
        # Step 4: Calculate the sum from index left to right (1-based index)
        total_sum = 0
        for index in range(left - 1, right):
            total_sum += subarray_sums[index]
        
        # Step 5: Return the result modulo 10^9 + 7
        return total_sum % (10**9 + 7)
```
INFO - [Task id] 475 [prompt] 
[Environment Feedback]:
    Note: Inputs/outputs here are automatically extracted/truncated so formatting may be a bit off.
    Tests passed:

     Input: [[1, 2, 3, 4], 4, 1, 5] Output: 13

    Tests failed:
    None
[/Environment Feedback]

INFO - [Task id] 475 [prompt] 
Below is the official solution (do exercise discretion as official solutions can also have mistakes).

You will be reflecting on your attempts to solve the problem.
This will be a **standalone** document for your own future reference. (can skip formalities, be concise)

## Instructions
- Only include the most relevant insights and code snippets that could be useful in the future.
- If you did not learn much from the current experience (e.g. the problem was too easy / official solution was obvious), feel free to write less or nothing at all.
- Here are some ideas if the experience was useful:
    - If the official solution is insightful (e.g. better than yours in time and space complexity or more effective in breaking down the problem statement), distil the key approach of the official solution, step by step.
    - If your approach failed the test cases, reason why the official solution works but yours does not

Your reflection should be at most a few paragraphs.

## Official solution
class Solution:
    def rangeSum(self, nums: List[int], n: int, left: int, right: int) -> int:
        # B: partial sum of A
        # C: partial sum of B
        # Use prefix sum to precompute B and C
        A = nums
        B, C = [0] * (n + 1), [0] * (n + 1)
        for i in range(n):
            B[i + 1] = B[i] + A[i]
            C[i + 1] = C[i] + B[i + 1]

        # Use two pointer to
        # calculate the total number of cases if B[j] - B[i] <= score
        def count_sum_under(score):
            res = i = 0
            for j in range(n + 1):
                while B[j] - B[i] > score:
                    i += 1
                res += j - i
            return res

        # calculate the sum for all numbers whose indices are <= index k
        def sum_k_sums(k):
            score = kth_score(k)
            res = i = 0
            for j in range(n + 1):
                # Proceed until B[i] and B[j] are within score
                while B[j] - B[i] > score:
                    i += 1
                res += B[j] * (j - i + 1) - (C[j] - (C[i - 1] if i else 0))
            return res - (count_sum_under(score) - k) * score

        # use bisearch to find how many numbers ae below k
        def kth_score(k):
            l, r = 0, B[n]
            while l < r:
                m = (l + r) // 2
                if count_sum_under(m) < k:
                    l = m + 1
                else:
                    r = m
            return l

        # result between left and right can be converted to [0, right] - [0, left-1] (result below right - result below left-1)
        return (sum_k_sums(right) - sum_k_sums(left - 1))%(10**9 + 7)

INFO - [Task id] 475 [generation text] The official solution employs a more efficient approach using prefix sums and binary search, which significantly optimizes the process of calculating subarray sums compared to the brute-force method I initially implemented. Here are the key insights from the official solution:

1. **Prefix Sums**: The solution constructs two prefix sum arrays, `B` and `C`. The array `B` holds the cumulative sums of the original array `A`, while `C` holds the cumulative sums of `B`. This allows for quick calculations of subarray sums without needing to iterate through the array multiple times.

2. **Counting Subarray Sums**: The function `count_sum_under(score)` uses a two-pointer technique to count how many subarray sums are less than or equal to a given score. This is more efficient than sorting all subarray sums, as it avoids the need to store and sort all possible sums explicitly.

3. **Binary Search for K-th Score**: The function `kth_score(k)` uses binary search to find the k-th smallest subarray sum. This is a crucial optimization that allows the solution to efficiently determine the sums needed for the final result.

4. **Final Calculation**: The result is computed by finding the difference between the sums of subarray sums up to the right index and the left index, leveraging the previously computed sums.

Overall, the official solution is more efficient in both time and space complexity, particularly for larger input sizes, as it avoids the need to generate and sort all subarray sums explicitly. This experience highlights the importance of considering alternative approaches, such as prefix sums and binary search, to optimize performance in problems involving cumulative calculations.
INFO - Updated entry: The problem involved calculating the sum of all non-empty continuous subarrays from a given array of positive integers, sorting these sums, and then returning the sum of a specified range of these sorted sums. The solution required generating all possible subarray sums, sorting them, and then sum...,

INFO - Metadata: {
    "task_id": 475
}

INFO - Updated entry: The official solution employs a more efficient approach using prefix sums and binary search, which significantly optimizes the process of calculating subarray sums compared to the brute-force method I initially implemented. Here are the key insights from the official solution:

1. **Prefix Sums**...,

INFO - Metadata: {
    "task_id": 475
}

INFO - LM call n parse attempt 1 / 3

INFO - [Task id] 475 [prompt] 
You are a helpful assistant that writes a description of the given function written in the Python programming language.

1) Do not mention the function name.
2) Do not mention anything about helper functions.
3) There might be some helper functions before the main function, but you only need to describe the main function.
4) Try to summarize the function in no more than 6 sentences.
5) Your response should be a single line of text.

INFO - [Task id] 475 [prompt] 
class Solution:
    def rangeSum(self, nums: list[int], n: int, left: int, right: int) -> int:
        # Step 1: Initialize a list to store the sums of all subarrays
        subarray_sums = []
        
        # Step 2: Calculate the sums of all continuous subarrays
        for i in range(n):
            current_sum = 0
            for j in range(i, n):
                current_sum += nums[j]
                subarray_sums.append(current_sum)
        
        # Step 3: Sort the list of subarray sums
        subarray_sums.sort()
        
        # Step 4: Calculate the sum from index left to right (1-based index)
        total_sum = 0
        for index in range(left - 1, right):
            total_sum += subarray_sums[index]
        
        # Step 5: Return the result modulo 10^9 + 7
        return total_sum % (10**9 + 7)

INFO - [Task id] 475 [generation text] This function calculates the sum of all continuous subarray sums within a specified range defined by two indices, left and right. It first computes the sums of all possible subarrays from the given list of integers. After generating these sums, it sorts them in ascending order. The function then sums the values from the sorted list between the specified left and right indices, adjusting for 1-based indexing. Finally, it returns the total sum modulo \(10^9 + 7\) to ensure the result fits within standard numerical limits.
INFO - LM call n parse attempt 1 / 3

INFO - [Task id] 475 [prompt] 
You are a helpful assistant that extracts important information from problems and solutions to aid in searchability and education.

## Instructions
- Read through the problem and solution carefully.
- Reason out, step by step, in what scenarios this knowledge would be useful.
- Focus on general patterns and situations to help connect this knowledge to new situations.
- Then, include a list of keywords that are useful for searching this problem/solution pair.

## Response format
Respond in JSON, and follow the keys and expected format of the values strictly.

The output should be formatted as a JSON instance that conforms to the JSON schema below.

As an example, for the schema {"properties": {"foo": {"title": "Foo", "description": "a list of strings", "type": "array", "items": {"type": "string"}}}, "required": ["foo"]}
the object {"foo": ["bar", "baz"]} is a well-formatted instance of the schema. The object {"properties": {"foo": ["bar", "baz"]}} is not well-formatted.

Here is the output schema:
```
{"properties": {"scenarios": {"description": "In what scenarios will this knowledge be useful? Answer in a paragraph.", "title": "Scenarios", "type": "string"}, "keywords": {"description": "List of keywords that are useful for searching this problem/solution pair", "items": {"type": "string"}, "title": "Keywords", "type": "array"}}, "required": ["scenarios", "keywords"]}
```

INFO - [Task id] 475 [prompt] 
[Problem]
    Given the array nums consisting of n positive integers. You computed the sum of all non-empty continous subarrays from the array and then sort them in non-decreasing order, creating a new array of n * (n + 1) / 2 numbers.
    Return the sum of the numbers from index left to index right (indexed from 1), inclusive, in the new array. Since the answer can be a huge number return it modulo 10^9 + 7.
 
    Example 1:
    Input: nums = [1,2,3,4], n = 4, left = 1, right = 5
    Output: 13 
    Explanation: All subarray sums are 1, 3, 6, 10, 2, 5, 9, 3, 7, 4. After sorting them in non-decreasing order we have the new array [1, 2, 3, 3, 4, 5, 6, 7, 9, 10]. The sum of the numbers from index le = 1 to ri = 5 is 1 + 2 + 3 + 3 + 4 = 13. 

    Example 2:
    Input: nums = [1,2,3,4], n = 4, left = 3, right = 4
    Output: 6
    Explanation: The given array is the same as example 1. We have the new array [1, 2, 3, 3, 4, 5, 6, 7, 9, 10]. The sum of the numbers from index le = 3 to ri = 4 is 3 + 3 = 6.

    Example 3:
    Input: nums = [1,2,3,4], n = 4, left = 1, right = 10
    Output: 50

 
    Constraints:

    1 <= nums.length <= 10^3
    nums.length == n
    1 <= nums[i] <= 100
    1 <= left <= right <= n * (n + 1) / 2
[/Problem]

[Solution]

    class Solution:
        def rangeSum(self, nums: list[int], n: int, left: int, right: int) -> int:
            # Step 1: Initialize a list to store the sums of all subarrays
            subarray_sums = []
        
            # Step 2: Calculate the sums of all continuous subarrays
            for i in range(n):
                current_sum = 0
                for j in range(i, n):
                    current_sum += nums[j]
                    subarray_sums.append(current_sum)
        
            # Step 3: Sort the list of subarray sums
            subarray_sums.sort()
        
            # Step 4: Calculate the sum from index left to right (1-based index)
            total_sum = 0
            for index in range(left - 1, right):
                total_sum += subarray_sums[index]
        
            # Step 5: Return the result modulo 10^9 + 7
            return total_sum % (10**9 + 7)

[/Solution]

INFO - [Task id] 475 [generation text] 
INFO - {
    "scenarios": "This knowledge is useful in scenarios where one needs to analyze subarray sums from a given array, particularly in competitive programming or algorithm design. It can be applied in problems involving range queries on subarrays, where efficient computation of sums and sorting is required. This approach can also be beneficial in data analysis tasks where understanding the distribution of sums is necessary, such as in statistical analysis or financial modeling.",
    "keywords": [
        "subarray sums",
        "range sum",
        "sorting",
        "continuous subarrays",
        "algorithm",
        "competitive programming",
        "modulo operation",
        "data analysis"
    ]
}
INFO - {
    "scenarios": "This knowledge is useful in scenarios where one needs to analyze subarray sums from a given array, particularly in competitive programming or algorithm design. It can be applied in problems involving range queries on subarrays, where efficient computation of sums and sorting is required. This approach can also be beneficial in data analysis tasks where understanding the distribution of sums is necessary, such as in statistical analysis or financial modeling.",
    "keywords": [
        "subarray sums",
        "range sum",
        "sorting",
        "continuous subarrays",
        "algorithm",
        "competitive programming",
        "modulo operation",
        "data analysis"
    ]
}
INFO - Updated entry: 
[description]
This function calculates the sum of all continuous subarray sums within a specified range defined by two indices, left and right. It first computes the sums of all possible subarrays from the given list of integers. After generating these sums, it sorts them in ascending order. The...,

INFO - Metadata: {
    "task": 475,
    "code": "\nclass Solution:\n    def rangeSum(self, nums: list[int], n: int, left: int, right: int) -> int:\n        # Step 1: Initialize a list to store the sums of all subarrays\n        subarray_sums = []\n        \n        # Step 2: Calculate the sums of all continuous s...

