INFO - DB skill doc count: 0

INFO - DB non_func doc count: 50

INFO - DB semantic doc count: 429

INFO - DB summaries doc count: 65

INFO - DB reflections doc count: 65

INFO - DB episodic doc count: 124

INFO - [train iter]: 65/100 

INFO - The task prompt is Mandarin chinese
, Russian and Vietnamese as well.
Chef is organising a contest with $P$ problems (numbered $1$ through $P$). Each problem has $S$ subtasks (numbered $1$ through $S$).
The difficulty of a problem can be calculated as follows:
- Let's denote the score of the $k$-th subtask of this ...

INFO - Attempting task_id 1164
INFO - LM call n parse attempt 1 / 3

INFO - [Task id] 1164 [prompt] 
You are an expert programmer tasked with solving the problem below.

Follow the user's instructions to solve the problem.
The user can ask for analysis, code, or both.

## Instructions
When asked to output code,
- Make sure to wrap your code in '```python' and '```' Markdown delimiters, 
- include exactly one block of code with the entire solution
- No outside libraries are allowed. 
- Builtins are allowed.
- If the task specifies a function name to be used, follow it strictly (be case sensitive!) and declare the that function last (helper functions are declared first).
- DO NOT write any assert statements / tests.

## Problem
[BEGIN PROBLEM]
Mandarin chinese
, Russian and Vietnamese as well.
Chef is organising a contest with $P$ problems (numbered $1$ through $P$). Each problem has $S$ subtasks (numbered $1$ through $S$).
The difficulty of a problem can be calculated as follows:
- Let's denote the score of the $k$-th subtask of this problem by $SC_k$ and the number of contestants who solved it by $NS_k$.
- Consider the subtasks sorted in the order of increasing score.
- Calculate the number $n$ of valid indices $k$ such that $NS_k > NS_{k + 1}$.
- For problem $i$, the difficulty is a pair of integers $(n, i)$.
You should sort the problems in the increasing order of difficulty levels. Since difficulty level is a pair, problem $a$ is more difficult than problem $b$ if the number $n$ is greater for problem $a$ than for problem $b$, or if $a > b$ and $n$ is the same for problems $a$ and $b$.

-----Input-----
- The first line of the input contains two space-separated integers $P$ and $S$ denoting the number of problems and the number of subtasks in each problem.
- $2P$ lines follow. For each valid $i$, the $2i-1$-th of these lines contains $S$ space-separated integers $SC_1, SC_2, \dots, SC_S$ denoting the scores of the $i$-th problem's subtasks, and the $2i$-th of these lines contains $S$ space-separated integers $NS_1, NS_2, \dots, NS_S$ denoting the number of contestants who solved the $i$-th problem's subtasks.

-----Output-----
Print $P$ lines containing one integer each — the indices of the problems in the increasing order of difficulty.

-----Constraints-----
- $1 \le P \le 100,000$
- $2 \le S \le 30$
- $1 \le SC_i \le 100$ for each valid $i$
- $1 \le NS_i \le 1,000$ for each valid $i$
- in each problem, the scores of all subtasks are unique

-----Subtasks-----
Subtask #1 (25 points): $S = 2$
Subtask #2 (75 points): original constraints

-----Example Input-----
3 3
16 24 60
498 861 589
14 24 62
72 557 819
16 15 69
435 779 232

-----Example Output-----
2
1
3

The output code needs to read from and write to standard IO


[END PROBLEM]

INFO - [Task id] 1164 [prompt] 
## Instructions

Reason through the problem and:
1. Restate the problem in plain English
2. Conceptualize a solution first in plain English
3. Write a pseudocode solution
4. Output the final Python 3 solution with your solution steps in comments.

Make sure to wrap your code in '```python' and '```' Markdown delimiters, 
and include exactly one block of code with the entire solution.

No outside libraries are allowed.
Builtins are allowed.

INFO - [Task id] 1164 [generation text] 1. **Restate the problem in plain English:**
   We have a contest with multiple problems, each having several subtasks. Each subtask has a score and a number of contestants who solved it. We need to determine the difficulty of each problem based on how many times the number of contestants who solved a subtask is greater than the next subtask when the subtasks are sorted by score. The difficulty of a problem is represented as a pair of values: the count of such instances and the problem's index. Finally, we need to sort the problems based on their difficulty and output the indices of the problems in increasing order of difficulty.

2. **Conceptualize a solution first in plain English:**
   - Read the number of problems (P) and subtasks (S).
   - For each problem, read the scores and the number of contestants who solved each subtask.
   - Pair the scores with the number of contestants and sort them based on scores.
   - Count how many times the number of contestants who solved a subtask is greater than the next subtask in the sorted list.
   - Store the count and the problem index as a tuple.
   - Sort all problems based on the count first and then by index.
   - Output the sorted indices.

3. **Write a pseudocode solution:**
   ```
   Read P and S
   Initialize an empty list for difficulties
   For each problem from 1 to P:
       Read scores and number of contestants
       Pair scores with contestants and sort by scores
       Initialize count n to 0
       For k from 1 to S-1:
           If contestants[k-1] > contestants[k]:
               Increment n
       Append (n, problem_index) to difficulties
   Sort difficulties by first element (n) and then by second element (problem_index)
   For each difficulty in sorted difficulties:
       Print the problem_index
   ```

4. **Output the final Python 3 solution with your solution steps in comments:**
```python
def solve():
    import sys
    input = sys.stdin.read
    data = input().splitlines()
    
    # Read number of problems (P) and subtasks (S)
    P, S = map(int, data[0].split())
    
    difficulties = []
    
    # Process each problem
    for i in range(P):
        # Read scores and number of contestants
        scores = list(map(int, data[2 * i + 1].split()))
        contestants = list(map(int, data[2 * i + 2].split()))
        
        # Pair scores with contestants and sort by scores
        paired = sorted(zip(scores, contestants))
        
        # Count the number of valid indices k
        n = 0
        for k in range(1, S):
            if paired[k - 1][1] > paired[k][1]:
                n += 1
        
        # Store the difficulty as a tuple (n, problem_index)
        difficulties.append((n, i + 1))
    
    # Sort difficulties by first element (n) and then by second element (problem_index)
    difficulties.sort()
    
    # Output the sorted problem indices
    for _, index in difficulties:
        print(index)

```
INFO - [35m Rollout attempt 1/4[0m
INFO - [33m Retrieving 3 entries for db: episodic 
 [0m
INFO - Retrieved (score=0.3720):

[Task]:
    Given a set of  N  natural numbers 1,2,3........N and Q query.For each query you have to calculate the total number of subset in which  Ith.
    number of set come at Kth postion.Elements of every subset should be in sorted order.
    The answer could  be very large so you have to pr...


INFO - Retrieved (score=0.4018):

[Task]:
    The MarkiT online virtual market startup wants to organize its grand opening in NIT Patna.
    but they want maximum crowd for their inauguration. So the manager told  this  to Praveen a student in NITP who suggested them:
    The first-year students come to campus  every x hour,
   ...


INFO - Retrieved (score=0.4037):

[Task]:
    Dr. S. De teaches computer architecture in NIT Patna. Whenever he comes across any good question(with complexity $k$), he gives that question to students within roll number range $i$ and $j$
    At the start of semester he assigns score of $10$ to every student in his class if a stud...


INFO - [33m Retrieving 3 entries for db: semantic 
 [0m
INFO - Retrieved (score=0.4664):
Chapter: Greedy algorithms
Section: Tasks and deadlines
Part: 1/1
\section{Tasks and deadlines}

Let us now consider a problem where
we are given $n$ tasks with durations and deadlines
and our task is to choose an order to perform the tasks.
For each task, we earn $d-x$ points
where $d$ is the ta...


INFO - Retrieved (score=0.4736):
Chapter: Introduction
Section: Contests and resources
Part: 1/1
\section{Contests and resources}

\subsubsection{IOI}

The International Olympiad in Informatics (IOI)
is an annual programming contest for
secondary school students.
Each country is allowed to send a team of
four students to the con...


INFO - Retrieved (score=0.4847):
Chapter: Introduction
Section: Programming languages
Part: 1/1
\chapter{Introduction}

Competitive programming combines two topics:
(1) the design of algorithms and (2) the implementation of algorithms.

The \key{design of algorithms} consists of problem solving
and mathematical thinking.
Skills ...


INFO - [33m Retrieving 3 entries for db: reflections 
 [0m
INFO - Retrieved (score=0.3005):
The official solution effectively simplifies the problem by directly calculating the total number of problems and determining how many contests can be formed in a straightforward manner. The key steps are:

1. **Input Handling**: It reads the number of test cases and for each test case, it captur...


INFO - Retrieved (score=0.4054):
The official solution employs a dictionary to track the scores of students, which allows for a more efficient handling of score updates compared to using a list. This approach is particularly beneficial when the number of students (N) is large, but the number of questions (M) is relatively small,...


INFO - Retrieved (score=0.4184):
The official solution takes a different approach by focusing on the relationship between N and K through integer division. It calculates how many apples each box would receive if distributed evenly (N/K) and checks if this result can lead to different distributions based on the value of K.

Key i...


INFO - [33m Retrieving 3 entries for db: summaries 
 [0m
INFO - Retrieved (score=0.2896):
In this task, I was required to help Chef determine the maximum number of Division-3 contests he could host based on the problems created by his setters, the number of problems needed for each contest, and the number of days available. The core concepts involved were basic arithmetic operations, ...


INFO - Retrieved (score=0.3582):
In solving the problem of finding a permutation \( P \) such that \( f(P) = K \), I learned several key concepts and strategies. The function \( f(P) \) is defined as the sum of the maximums of adjacent pairs in the permutation. The maximum possible value of \( f(P) \) for a descending permutatio...


INFO - Retrieved (score=0.3623):
In this task, I was required to calculate the mean of maximum scores for students after they solve a series of questions with varying complexities. Each student starts with a score of 10, and their score is multiplied by the complexity of the questions they solve, which are assigned to specific r...


INFO - [33m Retrieving 3 entries for db: non_func 
 [0m
INFO - Retrieved (score=0.4007):

[description for function: max_contests]
The function processes multiple test cases to determine the maximum number of contests that can be hosted based on the number of problems created by setters, the number of problems required for each contest, and the available days. For each test case, it ...


INFO - Retrieved (score=0.4375):

[description for function: main]
The function reads an integer input representing the number of test cases and then iterates through each test case to read values for N and Q. For each query within the test case, it retrieves values for I and K, and calculates the number of valid subsets based o...


INFO - Retrieved (score=0.4637):

[description for function: main]
This function reads an integer input representing the number of test cases and then processes each test case by reading two integers. It checks if the two integers are equal, in which case it outputs -1, indicating infinite valid values. If they are not equal, it...


INFO - Retrieved (score=0.2896): 
[Summary]:
    In this task, I was required to help Chef determine the maximum number of Division-3 contests he could host based on the problems created by his setters, the number of problems needed for each contest, and the number of days available. The core concepts involved were basic arithme...
INFO - Retrieved (score=0.3005): 
[Reflection]:
    The official solution effectively simplifies the problem by directly calculating the total number of problems and determining how many contests can be formed in a straightforward manner. The key steps are:

    1. **Input Handling**: It reads the number of test cases and for ea...
INFO - Retrieved (score=0.3582): 
[Summary]:
    In solving the problem of finding a permutation \( P \) such that \( f(P) = K \), I learned several key concepts and strategies. The function \( f(P) \) is defined as the sum of the maximums of adjacent pairs in the permutation. The maximum possible value of \( f(P) \) for a desce...
INFO - LM call n parse attempt 1 / 3

INFO - [Task id] 1164 [prompt] 
You are an expert programmer tasked with solving the problem below.

Follow the user's instructions to solve the problem.
The user can ask for analysis, code, or both.

## Instructions
When asked to output code,
- Make sure to wrap your code in '```python' and '```' Markdown delimiters, 
- include exactly one block of code with the entire solution
- No outside libraries are allowed. 
- Builtins are allowed.
- If the task specifies a function name to be used, follow it strictly (be case sensitive!) and declare the that function last (helper functions are declared first).
- DO NOT write any assert statements / tests.

## Problem
[BEGIN PROBLEM]
Mandarin chinese
, Russian and Vietnamese as well.
Chef is organising a contest with $P$ problems (numbered $1$ through $P$). Each problem has $S$ subtasks (numbered $1$ through $S$).
The difficulty of a problem can be calculated as follows:
- Let's denote the score of the $k$-th subtask of this problem by $SC_k$ and the number of contestants who solved it by $NS_k$.
- Consider the subtasks sorted in the order of increasing score.
- Calculate the number $n$ of valid indices $k$ such that $NS_k > NS_{k + 1}$.
- For problem $i$, the difficulty is a pair of integers $(n, i)$.
You should sort the problems in the increasing order of difficulty levels. Since difficulty level is a pair, problem $a$ is more difficult than problem $b$ if the number $n$ is greater for problem $a$ than for problem $b$, or if $a > b$ and $n$ is the same for problems $a$ and $b$.

-----Input-----
- The first line of the input contains two space-separated integers $P$ and $S$ denoting the number of problems and the number of subtasks in each problem.
- $2P$ lines follow. For each valid $i$, the $2i-1$-th of these lines contains $S$ space-separated integers $SC_1, SC_2, \dots, SC_S$ denoting the scores of the $i$-th problem's subtasks, and the $2i$-th of these lines contains $S$ space-separated integers $NS_1, NS_2, \dots, NS_S$ denoting the number of contestants who solved the $i$-th problem's subtasks.

-----Output-----
Print $P$ lines containing one integer each — the indices of the problems in the increasing order of difficulty.

-----Constraints-----
- $1 \le P \le 100,000$
- $2 \le S \le 30$
- $1 \le SC_i \le 100$ for each valid $i$
- $1 \le NS_i \le 1,000$ for each valid $i$
- in each problem, the scores of all subtasks are unique

-----Subtasks-----
Subtask #1 (25 points): $S = 2$
Subtask #2 (75 points): original constraints

-----Example Input-----
3 3
16 24 60
498 861 589
14 24 62
72 557 819
16 15 69
435 779 232

-----Example Output-----
2
1
3

The output code needs to read from and write to standard IO


[END PROBLEM]

INFO - [Task id] 1164 [prompt] 
## Instructions

Reason through the problem and:
1. Restate the problem in plain English
2. Conceptualize a solution first in plain English
3. Write a pseudocode solution
4. Output the final Python 3 solution with your solution steps in comments.

Make sure to wrap your code in '```python' and '```' Markdown delimiters, 
and include exactly one block of code with the entire solution.

No outside libraries are allowed.
Builtins are allowed.

INFO - [Task id] 1164 [prompt] 
Also, here are some of your memories.
Feel free to use the given information to aid your problem solving process if necessary.
Do not confuse the memories with the problem statement.

## Memories

[Summary]:
    In this task, I was required to help Chef determine the maximum number of Division-3 contests he could host based on the problems created by his setters, the number of problems needed for each contest, and the number of days available. The core concepts involved were basic arithmetic operations, specifically summing a list of integers and performing integer division.

    The solution involved reading multiple test cases, calculating the total number of problems, determining how many contests could be formed, and then comparing that with the available days to find the maximum contests Chef could host. The approach was straightforward and effective, leveraging simple loops and arithmetic.

    The final implementation was clean and efficient, successfully passing all provided test cases. The key takeaway from this experience is the importance of breaking down the problem into manageable parts and ensuring that all edge cases (like having fewer problems than needed for a single contest) are considered. The solution was implemented without any external libraries, adhering to the constraints given. 

    Here’s the final code snippet for future reference:

    ```python
    def max_contests(T):
        for _ in range(T):
            N, K, D = map(int, input().split())
            A = list(map(int, input().split()))
            total_problems = sum(A)
            contests_possible = total_problems // K
            max_contests = min(contests_possible, D)
            print(max_contests)

    T = int(input())
    max_contests(T)
    ``` 

    This experience reinforced the importance of clear problem understanding and systematic solution development.
[/Summary]


[Reflection]:
    The official solution effectively simplifies the problem by directly calculating the total number of problems and determining how many contests can be formed in a straightforward manner. The key steps are:

    1. **Input Handling**: It reads the number of test cases and for each test case, it captures the number of setters (N), the number of problems required for a contest (K), and the number of days available (D).
    2. **Problem Summation**: It computes the total number of problems created by summing the list of problems from each setter.
    3. **Contest Calculation**: It calculates the maximum number of contests that can be formed by dividing the total problems by the number of problems required for each contest.
    4. **Final Output**: It prints the minimum of the contests possible and the days available, ensuring that the output respects the constraints of the problem.

    The official solution is concise and efficient, leveraging Python's built-in functions for input and summation, which keeps the code clean and readable. 

    One insight from this experience is the importance of directly addressing the problem constraints in a clear manner. The official solution does this effectively by using a single line to compute the number of contests and another to print the result, which is both efficient and easy to understand. 

    Overall, the approach I took was similar, but the official solution's brevity and clarity highlight the effectiveness of straightforward calculations in competitive programming.
[/Reflection]


[Summary]:
    In solving the problem of finding a permutation \( P \) such that \( f(P) = K \), I learned several key concepts and strategies. The function \( f(P) \) is defined as the sum of the maximums of adjacent pairs in the permutation. The maximum possible value of \( f(P) \) for a descending permutation is \( N \times (N - 1) \). This insight was crucial for determining the feasibility of achieving a given \( K \).

    Initially, my approach to calculating the maximum value and adjusting the permutation was flawed. I incorrectly calculated the maximum possible value and did not implement a clear strategy for adjusting the permutation to reach \( K \). The adjustment logic involved swapping adjacent elements, but it lacked a systematic approach to ensure that the desired \( K \) could be achieved.

    After revising the code, I implemented a more structured approach: I calculated the maximum value correctly, checked if \( K \) was feasible, and then constructed a descending permutation. I iteratively adjusted the permutation by swapping elements while recalculating \( f(P) \) until it matched \( K \) or determined it was impossible.

    The final working code is as follows:

    ```python
    def find_permutation(T):
        for _ in range(T):
            N, K = map(int, input().split())
            max_value = N * (N - 1)
        
            if K > max_value:
                print(-1)
                continue
        
            permutation = list(range(N, 0, -1))
            current_f = sum(max(permutation[i], permutation[i + 1]) for i in range(N - 1))
        
            for i in range(N - 1):
                if current_f > K:
                    if permutation[i] > permutation[i + 1]:
                        permutation[i], permutation[i + 1] = permutation[i + 1], permutation[i]
                        current_f = sum(max(permutation[j], permutation[j + 1]) for j in range(N - 1))
            
                if current_f == K:
                    break
        
            if current_f == K:
                print(" ".join(map(str, permutation)))
            else:
                print(-1)

    T = int(input())
    find_permutation(T)
    ```

    This experience reinforced the importance of clearly understanding the problem constraints and systematically approaching adjustments in permutations.
[/Summary]


INFO - [Task id] 1164 [generation text] 1. **Restatement of the Problem**:
   The problem involves determining the difficulty of several programming problems based on their subtasks. Each problem has a set of subtasks, each with a score and the number of contestants who solved it. The difficulty of a problem is defined by counting how many times the number of contestants who solved a subtask decreases as we look at subtasks sorted by their scores. We need to sort the problems based on their difficulty and output the indices of the problems in increasing order of difficulty.

2. **Conceptualization of a Solution**:
   - Read the number of problems (P) and the number of subtasks (S).
   - For each problem, read the scores and the number of contestants who solved each subtask.
   - Pair the scores with the number of contestants and sort them based on scores.
   - Count the number of valid indices where the number of contestants decreases from one subtask to the next.
   - Store the difficulty as a tuple (count, problem index) for each problem.
   - Sort these tuples first by count and then by problem index.
   - Output the sorted indices of the problems.

3. **Pseudocode Solution**:
   ```
   function calculate_difficulty(P, S):
       difficulties = []
       for i from 1 to P:
           read scores
           read number of contestants
           pair scores with contestants
           sort pairs by scores
           count = 0
           for k from 1 to S-1:
               if contestants[k-1] > contestants[k]:
                   count += 1
           difficulties.append((count, i))
       sort difficulties by count and then by index
       for each difficulty in difficulties:
           print index

   read P and S
   calculate_difficulty(P, S)
   ```

4. **Final Python 3 Solution**:
```python
def calculate_difficulty(P, S):
    difficulties = []
    
    for i in range(1, P + 1):
        scores = list(map(int, input().split()))
        contestants = list(map(int, input().split()))
        
        # Pair scores with contestants and sort by scores
        paired = sorted(zip(scores, contestants))
        
        count = 0
        # Count valid indices where NS_k > NS_{k + 1}
        for k in range(1, S):
            if paired[k - 1][1] > paired[k][1]:
                count += 1
        
        difficulties.append((count, i))
    
    # Sort difficulties by count and then by index
    difficulties.sort()
    
    for difficulty in difficulties:
        print(difficulty[1])

# Read P and S
P, S = map(int, input().split())
calculate_difficulty(P, S)
```
INFO - program_code:
 
def calculate_difficulty(P, S):
    difficulties = []
    
    for i in range(1, P + 1):
        scores = list(map(int, input().split()))
        contestants = list(map(int, input().split()))
        
        # Pair scores with contestants and sort by scores
        paired = sorted(zip(scores, contestants))
        
        count = 0
        # Count valid indices where NS_k > NS_{k + 1}
        for k in range(1, S):
            if paired[k - 1][1] > paired[k][1]:
                count += 1
        
        difficulties.append((count, i))
    
    # Sort difficulties by count and then by index
    difficulties.sort()
    
    for difficulty in difficulties:
        print(difficulty[1])

# Read P and S
P, S = map(int, input().split())
calculate_difficulty(P, S)


INFO - program_name:
 calculate_difficulty

INFO - dependencies:
 []

INFO - raw_msg:
 1. **Restatement of the Problem**:
   The problem involves determining the difficulty of several programming problems based on their subtasks. Each problem has a set of subtasks, each with a score and the number of contestants who solved it. The difficulty of a problem is defined by counting how many times the number of contestants who solved a subtask decreases as we look at subtasks sorted by their scores. We need to sort the problems based on their difficulty and output the indices of the problems in increasing order of difficulty.

2. **Conceptualization of a Solution**:
   - Read the number of problems (P) and the number of subtasks (S).
   - For each problem, read the scores and the number of contestants who solved each subtask.
   - Pair the scores with the number of contestants and sort them based on scores.
   - Count the number of valid indices where the number of contestants decreases from one subtask to the next.
   - Store the difficulty as a tuple (count, problem index) for each problem.
   - Sort these tuples first by count and then by problem index.
   - Output the sorted indices of the problems.

3. **Pseudocode Solution**:
   ```
   function calculate_difficulty(P, S):
       difficulties = []
       for i from 1 to P:
           read scores
           read number of contestants
           pair scores with contestants
           sort pairs by scores
           count = 0
           for k from 1 to S-1:
               if contestants[k-1] > contestants[k]:
                   count += 1
           difficulties.append((count, i))
       sort difficulties by count and then by index
       for each difficulty in difficulties:
           print index

   read P and S
   calculate_difficulty(P, S)
   ```

4. **Final Python 3 Solution**:
```python
def calculate_difficulty(P, S):
    difficulties = []
    
    for i in range(1, P + 1):
        scores = list(map(int, input().split()))
        contestants = list(map(int, input().split()))
        
        # Pair scores with contestants and sort by scores
        paired = sorted(zip(scores, contestants))
        
        count = 0
        # Count valid indices where NS_k > NS_{k + 1}
        for k in range(1, S):
            if paired[k - 1][1] > paired[k][1]:
                count += 1
        
        difficulties.append((count, i))
    
    # Sort difficulties by count and then by index
    difficulties.sort()
    
    for difficulty in difficulties:
        print(difficulty[1])

# Read P and S
P, S = map(int, input().split())
calculate_difficulty(P, S)
```

INFO - no_parent:
 False

INFO - full code to be executed: 
 
def calculate_difficulty(P, S):
    difficulties = []
    
    for i in range(1, P + 1):
        scores = list(map(int, input().split()))
        contestants = list(map(int, input().split()))
        
        # Pair scores with contestants and sort by scores
        paired = sorted(zip(scores, contestants))
        
        count = 0
        # Count valid indices where NS_k > NS_{k + 1}
        for k in range(1, S):
            if paired[k - 1][1] > paired[k][1]:
                count += 1
        
        difficulties.append((count, i))
    
    # Sort difficulties by count and then by index
    difficulties.sort()
    
    for difficulty in difficulties:
        print(difficulty[1])

# Read P and S
P, S = map(int, input().split())
calculate_difficulty(P, S)


INFO - obs: Note: Inputs/outputs here are automatically extracted/truncated so formatting may be a bit off.
Tests passed:

 Input: ['3 3', '16 24 60', '498 861 589', '14 24 62', '72 557 819', '16 15 69', '435 779 232'] Output: 2
1
3

Tests failed:
None
reward: True
done: None
info: {'individual_results': [True]}
INFO - Updated entry: 
[Task]:
    Mandarin chinese
    , Russian and Vietnamese as well.
    Chef is organising a contest with $P$ problems (numbered $1$ through $P$). Each problem has $S$ subtasks (numbered $1$ through $S$).
    The difficulty of a problem can be calculated as follows:
    - Let's denote the score o...,

INFO - Metadata: {
    "raw_msg": "1. **Restatement of the Problem**:\n   The problem involves determining the difficulty of several programming problems based on their subtasks. Each problem has a set of subtasks, each with a score and the number of contestants who solved it. The difficulty of a problem is defin...

INFO - LM call n parse attempt 1 / 3

INFO - [Task id] 1164 [prompt] 
You are an expert programmer tasked with solving the problem below.

Follow the user's instructions to solve the problem.
The user can ask for analysis, code, or both.

## Instructions
When asked to output code,
- Make sure to wrap your code in '```python' and '```' Markdown delimiters, 
- include exactly one block of code with the entire solution
- No outside libraries are allowed. 
- Builtins are allowed.
- If the task specifies a function name to be used, follow it strictly (be case sensitive!) and declare the that function last (helper functions are declared first).
- DO NOT write any assert statements / tests.

## Problem
[BEGIN PROBLEM]
Mandarin chinese
, Russian and Vietnamese as well.
Chef is organising a contest with $P$ problems (numbered $1$ through $P$). Each problem has $S$ subtasks (numbered $1$ through $S$).
The difficulty of a problem can be calculated as follows:
- Let's denote the score of the $k$-th subtask of this problem by $SC_k$ and the number of contestants who solved it by $NS_k$.
- Consider the subtasks sorted in the order of increasing score.
- Calculate the number $n$ of valid indices $k$ such that $NS_k > NS_{k + 1}$.
- For problem $i$, the difficulty is a pair of integers $(n, i)$.
You should sort the problems in the increasing order of difficulty levels. Since difficulty level is a pair, problem $a$ is more difficult than problem $b$ if the number $n$ is greater for problem $a$ than for problem $b$, or if $a > b$ and $n$ is the same for problems $a$ and $b$.

-----Input-----
- The first line of the input contains two space-separated integers $P$ and $S$ denoting the number of problems and the number of subtasks in each problem.
- $2P$ lines follow. For each valid $i$, the $2i-1$-th of these lines contains $S$ space-separated integers $SC_1, SC_2, \dots, SC_S$ denoting the scores of the $i$-th problem's subtasks, and the $2i$-th of these lines contains $S$ space-separated integers $NS_1, NS_2, \dots, NS_S$ denoting the number of contestants who solved the $i$-th problem's subtasks.

-----Output-----
Print $P$ lines containing one integer each — the indices of the problems in the increasing order of difficulty.

-----Constraints-----
- $1 \le P \le 100,000$
- $2 \le S \le 30$
- $1 \le SC_i \le 100$ for each valid $i$
- $1 \le NS_i \le 1,000$ for each valid $i$
- in each problem, the scores of all subtasks are unique

-----Subtasks-----
Subtask #1 (25 points): $S = 2$
Subtask #2 (75 points): original constraints

-----Example Input-----
3 3
16 24 60
498 861 589
14 24 62
72 557 819
16 15 69
435 779 232

-----Example Output-----
2
1
3

The output code needs to read from and write to standard IO


[END PROBLEM]

INFO - [Task id] 1164 [prompt] 
## Instructions

Reason through the problem and:
1. Restate the problem in plain English
2. Conceptualize a solution first in plain English
3. Write a pseudocode solution
4. Output the final Python 3 solution with your solution steps in comments.

Make sure to wrap your code in '```python' and '```' Markdown delimiters, 
and include exactly one block of code with the entire solution.

No outside libraries are allowed.
Builtins are allowed.

INFO - [Task id] 1164 [prompt] 1. **Restatement of the Problem**:
   The problem involves determining the difficulty of several programming problems based on their subtasks. Each problem has a set of subtasks, each with a score and the number of contestants who solved it. The difficulty of a problem is defined by counting how many times the number of contestants who solved a subtask decreases as we look at subtasks sorted by their scores. We need to sort the problems based on their difficulty and output the indices of the problems in increasing order of difficulty.

2. **Conceptualization of a Solution**:
   - Read the number of problems (P) and the number of subtasks (S).
   - For each problem, read the scores and the number of contestants who solved each subtask.
   - Pair the scores with the number of contestants and sort them based on scores.
   - Count the number of valid indices where the number of contestants decreases from one subtask to the next.
   - Store the difficulty as a tuple (count, problem index) for each problem.
   - Sort these tuples first by count and then by problem index.
   - Output the sorted indices of the problems.

3. **Pseudocode Solution**:
   ```
   function calculate_difficulty(P, S):
       difficulties = []
       for i from 1 to P:
           read scores
           read number of contestants
           pair scores with contestants
           sort pairs by scores
           count = 0
           for k from 1 to S-1:
               if contestants[k-1] > contestants[k]:
                   count += 1
           difficulties.append((count, i))
       sort difficulties by count and then by index
       for each difficulty in difficulties:
           print index

   read P and S
   calculate_difficulty(P, S)
   ```

4. **Final Python 3 Solution**:
```python
def calculate_difficulty(P, S):
    difficulties = []
    
    for i in range(1, P + 1):
        scores = list(map(int, input().split()))
        contestants = list(map(int, input().split()))
        
        # Pair scores with contestants and sort by scores
        paired = sorted(zip(scores, contestants))
        
        count = 0
        # Count valid indices where NS_k > NS_{k + 1}
        for k in range(1, S):
            if paired[k - 1][1] > paired[k][1]:
                count += 1
        
        difficulties.append((count, i))
    
    # Sort difficulties by count and then by index
    difficulties.sort()
    
    for difficulty in difficulties:
        print(difficulty[1])

# Read P and S
P, S = map(int, input().split())
calculate_difficulty(P, S)
```
INFO - [Task id] 1164 [prompt] 
[Environment Feedback]:
    Note: Inputs/outputs here are automatically extracted/truncated so formatting may be a bit off.
    Tests passed:

     Input: ['3 3', '16 24 60', '498 861 589', '14 24 62', '72 557 819', '16 15 69', '435 779 232'] Output: 2
    1
    3

    Tests failed:
    None
[/Environment Feedback]

INFO - [Task id] 1164 [prompt] 
## Instructions
Now, summarize your attempts as a **standalone** document for your own future reference. (can skip formalities, be concise)

- Only include the most relevant information and code snippets that could be useful in the future.
- If you did not learn much from the current experience (e.g. the problem was too easy), feel free to write less or nothing at all.
- Here are some ideas if the experience was useful:
    - Identifying the core concepts and patterns that problem appears to test for
    - Describing the strategies that seemed to work but did not, and vice versa
    - Describing unexpected errors and how they were fixed

Your summary should be at most a few paragraphs.

INFO - [Task id] 1164 [generation text] In this task, I was required to determine the difficulty of programming problems based on their subtasks, which involved calculating how many times the number of contestants solving a subtask decreases as we sort the subtasks by their scores. The solution involved reading input data, processing it to count the valid indices, and then sorting the problems based on their calculated difficulty.

The core concepts tested in this problem included sorting, tuple manipulation, and counting conditions based on comparisons. The approach I took was to pair scores with the number of contestants, sort these pairs, and then count the valid indices where the number of contestants decreased. This method was efficient given the constraints, particularly since the number of subtasks (S) is relatively small (up to 30), allowing for straightforward comparisons.

The final implementation successfully handled the input and output requirements, and the logic was sound, as evidenced by passing the provided test cases. There were no unexpected errors, and the solution was straightforward without any significant complications. The key takeaway is the importance of careful data structuring and sorting when dealing with problems that require comparative analysis. 

Here’s the final code snippet for reference:

```python
def calculate_difficulty(P, S):
    difficulties = []
    
    for i in range(1, P + 1):
        scores = list(map(int, input().split()))
        contestants = list(map(int, input().split()))
        
        paired = sorted(zip(scores, contestants))
        
        count = 0
        for k in range(1, S):
            if paired[k - 1][1] > paired[k][1]:
                count += 1
        
        difficulties.append((count, i))
    
    difficulties.sort()
    
    for difficulty in difficulties:
        print(difficulty[1])

P, S = map(int, input().split())
calculate_difficulty(P, S)
```
INFO - LM call n parse attempt 1 / 3

INFO - [Task id] 1164 [prompt] 
You are an expert programmer tasked with solving the problem below.

Follow the user's instructions to solve the problem.
The user can ask for analysis, code, or both.

## Instructions
When asked to output code,
- Make sure to wrap your code in '```python' and '```' Markdown delimiters, 
- include exactly one block of code with the entire solution
- No outside libraries are allowed. 
- Builtins are allowed.
- If the task specifies a function name to be used, follow it strictly (be case sensitive!) and declare the that function last (helper functions are declared first).
- DO NOT write any assert statements / tests.

## Problem
[BEGIN PROBLEM]
Mandarin chinese
, Russian and Vietnamese as well.
Chef is organising a contest with $P$ problems (numbered $1$ through $P$). Each problem has $S$ subtasks (numbered $1$ through $S$).
The difficulty of a problem can be calculated as follows:
- Let's denote the score of the $k$-th subtask of this problem by $SC_k$ and the number of contestants who solved it by $NS_k$.
- Consider the subtasks sorted in the order of increasing score.
- Calculate the number $n$ of valid indices $k$ such that $NS_k > NS_{k + 1}$.
- For problem $i$, the difficulty is a pair of integers $(n, i)$.
You should sort the problems in the increasing order of difficulty levels. Since difficulty level is a pair, problem $a$ is more difficult than problem $b$ if the number $n$ is greater for problem $a$ than for problem $b$, or if $a > b$ and $n$ is the same for problems $a$ and $b$.

-----Input-----
- The first line of the input contains two space-separated integers $P$ and $S$ denoting the number of problems and the number of subtasks in each problem.
- $2P$ lines follow. For each valid $i$, the $2i-1$-th of these lines contains $S$ space-separated integers $SC_1, SC_2, \dots, SC_S$ denoting the scores of the $i$-th problem's subtasks, and the $2i$-th of these lines contains $S$ space-separated integers $NS_1, NS_2, \dots, NS_S$ denoting the number of contestants who solved the $i$-th problem's subtasks.

-----Output-----
Print $P$ lines containing one integer each — the indices of the problems in the increasing order of difficulty.

-----Constraints-----
- $1 \le P \le 100,000$
- $2 \le S \le 30$
- $1 \le SC_i \le 100$ for each valid $i$
- $1 \le NS_i \le 1,000$ for each valid $i$
- in each problem, the scores of all subtasks are unique

-----Subtasks-----
Subtask #1 (25 points): $S = 2$
Subtask #2 (75 points): original constraints

-----Example Input-----
3 3
16 24 60
498 861 589
14 24 62
72 557 819
16 15 69
435 779 232

-----Example Output-----
2
1
3

The output code needs to read from and write to standard IO


[END PROBLEM]

INFO - [Task id] 1164 [prompt] 
## Instructions

Reason through the problem and:
1. Restate the problem in plain English
2. Conceptualize a solution first in plain English
3. Write a pseudocode solution
4. Output the final Python 3 solution with your solution steps in comments.

Make sure to wrap your code in '```python' and '```' Markdown delimiters, 
and include exactly one block of code with the entire solution.

No outside libraries are allowed.
Builtins are allowed.

INFO - [Task id] 1164 [prompt] 1. **Restatement of the Problem**:
   The problem involves determining the difficulty of several programming problems based on their subtasks. Each problem has a set of subtasks, each with a score and the number of contestants who solved it. The difficulty of a problem is defined by counting how many times the number of contestants who solved a subtask decreases as we look at subtasks sorted by their scores. We need to sort the problems based on their difficulty and output the indices of the problems in increasing order of difficulty.

2. **Conceptualization of a Solution**:
   - Read the number of problems (P) and the number of subtasks (S).
   - For each problem, read the scores and the number of contestants who solved each subtask.
   - Pair the scores with the number of contestants and sort them based on scores.
   - Count the number of valid indices where the number of contestants decreases from one subtask to the next.
   - Store the difficulty as a tuple (count, problem index) for each problem.
   - Sort these tuples first by count and then by problem index.
   - Output the sorted indices of the problems.

3. **Pseudocode Solution**:
   ```
   function calculate_difficulty(P, S):
       difficulties = []
       for i from 1 to P:
           read scores
           read number of contestants
           pair scores with contestants
           sort pairs by scores
           count = 0
           for k from 1 to S-1:
               if contestants[k-1] > contestants[k]:
                   count += 1
           difficulties.append((count, i))
       sort difficulties by count and then by index
       for each difficulty in difficulties:
           print index

   read P and S
   calculate_difficulty(P, S)
   ```

4. **Final Python 3 Solution**:
```python
def calculate_difficulty(P, S):
    difficulties = []
    
    for i in range(1, P + 1):
        scores = list(map(int, input().split()))
        contestants = list(map(int, input().split()))
        
        # Pair scores with contestants and sort by scores
        paired = sorted(zip(scores, contestants))
        
        count = 0
        # Count valid indices where NS_k > NS_{k + 1}
        for k in range(1, S):
            if paired[k - 1][1] > paired[k][1]:
                count += 1
        
        difficulties.append((count, i))
    
    # Sort difficulties by count and then by index
    difficulties.sort()
    
    for difficulty in difficulties:
        print(difficulty[1])

# Read P and S
P, S = map(int, input().split())
calculate_difficulty(P, S)
```
INFO - [Task id] 1164 [prompt] 
[Environment Feedback]:
    Note: Inputs/outputs here are automatically extracted/truncated so formatting may be a bit off.
    Tests passed:

     Input: ['3 3', '16 24 60', '498 861 589', '14 24 62', '72 557 819', '16 15 69', '435 779 232'] Output: 2
    1
    3

    Tests failed:
    None
[/Environment Feedback]

INFO - [Task id] 1164 [prompt] 
Below is the official solution (do exercise discretion as official solutions can also have mistakes).

You will be reflecting on your attempts to solve the problem.
This will be a **standalone** document for your own future reference. (can skip formalities, be concise)

## Instructions
- Only include the most relevant insights and code snippets that could be useful in the future.
- If you did not learn much from the current experience (e.g. the problem was too easy / official solution was obvious), feel free to write less or nothing at all.
- Here are some ideas if the experience was useful:
    - If the official solution is insightful (e.g. better than yours in time and space complexity or more effective in breaking down the problem statement), distil the key approach of the official solution, step by step.
    - If your approach failed the test cases, reason why the official solution works but yours does not

Your reflection should be at most a few paragraphs.

## Official solution
p,s = [int(i) for i in input().split()]
scores = {}

for j in range(1, p + 1):
 sc = [int(i) for i in input().split()]
 ns = [int(i) for i in input().split()]
 nsc = dict(list(zip(sc,ns)))
 ssc = sorted(sc)
 score = 0
 for a,b in zip(ssc[:-1], ssc[1:]):
  if nsc[a] > nsc[b]:
   score += 1
 if score in list(scores.keys()) :
  scores[score].append(j)
 else :
  scores[score] = [j]

total_scores = sorted(list(scores.keys()))
final_list = []
for val in total_scores :
 final_list += sorted(scores[val])

for val in final_list :
 print(val)


INFO - [Task id] 1164 [generation text] The official solution effectively addresses the problem by utilizing a dictionary to group problems based on their calculated difficulty scores. Here are the key insights and steps from the official solution that could be useful for future reference:

1. **Input Handling**: The solution begins by reading the number of problems (`p`) and subtasks (`s`) in a single line, which is efficient and straightforward.

2. **Using a Dictionary for Grouping**: Instead of maintaining a list of tuples for difficulties, the official solution uses a dictionary (`scores`) where the keys are the difficulty scores and the values are lists of problem indices. This allows for efficient grouping and retrieval of problems with the same difficulty.

3. **Score Calculation**: The solution pairs scores with the number of contestants who solved them using a dictionary (`nsc`). It then sorts the scores and counts the number of valid indices where the number of contestants decreases. This is done using a simple loop that compares adjacent scores.

4. **Sorting and Output**: After calculating the scores, the solution sorts the keys of the dictionary and then constructs a final list of problem indices in the correct order. This two-step sorting (first by score, then by problem index) ensures that the output meets the problem's requirements.

5. **Efficiency**: The use of dictionaries and sorting operations is efficient given the constraints, and the overall complexity remains manageable even for the upper limits of the input sizes.

Overall, the official solution is insightful in its use of data structures to simplify the problem and ensure clarity in the logic. The approach of grouping by difficulty and then sorting is particularly effective for this type of problem.
INFO - Updated entry: In this task, I was required to determine the difficulty of programming problems based on their subtasks, which involved calculating how many times the number of contestants solving a subtask decreases as we sort the subtasks by their scores. The solution involved reading input data, processing i...,

INFO - Metadata: {
    "task_id": 1164
}

INFO - Updated entry: The official solution effectively addresses the problem by utilizing a dictionary to group problems based on their calculated difficulty scores. Here are the key insights and steps from the official solution that could be useful for future reference:

1. **Input Handling**: The solution begins by...,

INFO - Metadata: {
    "task_id": 1164
}

INFO - LM call n parse attempt 1 / 3

INFO - [Task id] 1164 [prompt] 
You are a helpful assistant that writes a description of the given function written in the Python programming language.

1) Do not mention the function name.
2) Do not mention anything about helper functions.
3) There might be some helper functions before the main function, but you only need to describe the main function.
4) Try to summarize the function in no more than 6 sentences.
5) Your response should be a single line of text.

INFO - [Task id] 1164 [prompt] 
def calculate_difficulty(P, S):
    difficulties = []
    
    for i in range(1, P + 1):
        scores = list(map(int, input().split()))
        contestants = list(map(int, input().split()))
        
        # Pair scores with contestants and sort by scores
        paired = sorted(zip(scores, contestants))
        
        count = 0
        # Count valid indices where NS_k > NS_{k + 1}
        for k in range(1, S):
            if paired[k - 1][1] > paired[k][1]:
                count += 1
        
        difficulties.append((count, i))
    
    # Sort difficulties by count and then by index
    difficulties.sort()
    
    for difficulty in difficulties:
        print(difficulty[1])

# Read P and S
P, S = map(int, input().split())
calculate_difficulty(P, S)


The main function is `calculate_difficulty`.
INFO - [Task id] 1164 [generation text] This function calculates the difficulty of a series of problems based on contestant scores and their rankings. It reads the number of problems and scores, then for each problem, it pairs the scores with contestant identifiers and sorts them. It counts the number of instances where a contestant's score is greater than the next contestant's score, indicating a drop in ranking. The results are stored as tuples of the count and problem index. After processing all problems, the difficulties are sorted and the indices of the problems are printed in order of their calculated difficulty. The function ultimately provides a ranking of problems based on their difficulty levels.
INFO - LM call n parse attempt 1 / 3

INFO - [Task id] 1164 [prompt] 
You are a helpful assistant that extracts important information from problems and solutions to aid in searchability and education.

## Instructions
- Read through the problem and solution carefully.
- Reason out, step by step, in what scenarios this knowledge would be useful.
- Focus on general patterns and situations to help connect this knowledge to new situations.
- Then, include a list of keywords that are useful for searching this problem/solution pair.

## Response format
Respond in JSON, and follow the keys and expected format of the values strictly.

The output should be formatted as a JSON instance that conforms to the JSON schema below.

As an example, for the schema {"properties": {"foo": {"title": "Foo", "description": "a list of strings", "type": "array", "items": {"type": "string"}}}, "required": ["foo"]}
the object {"foo": ["bar", "baz"]} is a well-formatted instance of the schema. The object {"properties": {"foo": ["bar", "baz"]}} is not well-formatted.

Here is the output schema:
```
{"properties": {"scenarios": {"description": "In what scenarios will this knowledge be useful? Answer in a paragraph.", "title": "Scenarios", "type": "string"}, "keywords": {"description": "List of keywords that are useful for searching this problem/solution pair", "items": {"type": "string"}, "title": "Keywords", "type": "array"}}, "required": ["scenarios", "keywords"]}
```

INFO - [Task id] 1164 [prompt] 
[Problem]
    Mandarin chinese
    , Russian and Vietnamese as well.
    Chef is organising a contest with $P$ problems (numbered $1$ through $P$). Each problem has $S$ subtasks (numbered $1$ through $S$).
    The difficulty of a problem can be calculated as follows:
    - Let's denote the score of the $k$-th subtask of this problem by $SC_k$ and the number of contestants who solved it by $NS_k$.
    - Consider the subtasks sorted in the order of increasing score.
    - Calculate the number $n$ of valid indices $k$ such that $NS_k > NS_{k + 1}$.
    - For problem $i$, the difficulty is a pair of integers $(n, i)$.
    You should sort the problems in the increasing order of difficulty levels. Since difficulty level is a pair, problem $a$ is more difficult than problem $b$ if the number $n$ is greater for problem $a$ than for problem $b$, or if $a > b$ and $n$ is the same for problems $a$ and $b$.

    -----Input-----
    - The first line of the input contains two space-separated integers $P$ and $S$ denoting the number of problems and the number of subtasks in each problem.
    - $2P$ lines follow. For each valid $i$, the $2i-1$-th of these lines contains $S$ space-separated integers $SC_1, SC_2, \dots, SC_S$ denoting the scores of the $i$-th problem's subtasks, and the $2i$-th of these lines contains $S$ space-separated integers $NS_1, NS_2, \dots, NS_S$ denoting the number of contestants who solved the $i$-th problem's subtasks.

    -----Output-----
    Print $P$ lines containing one integer each — the indices of the problems in the increasing order of difficulty.

    -----Constraints-----
    - $1 \le P \le 100,000$
    - $2 \le S \le 30$
    - $1 \le SC_i \le 100$ for each valid $i$
    - $1 \le NS_i \le 1,000$ for each valid $i$
    - in each problem, the scores of all subtasks are unique

    -----Subtasks-----
    Subtask #1 (25 points): $S = 2$
    Subtask #2 (75 points): original constraints

    -----Example Input-----
    3 3
    16 24 60
    498 861 589
    14 24 62
    72 557 819
    16 15 69
    435 779 232

    -----Example Output-----
    2
    1
    3
[/Problem]

[Solution]

    def calculate_difficulty(P, S):
        difficulties = []
    
        for i in range(1, P + 1):
            scores = list(map(int, input().split()))
            contestants = list(map(int, input().split()))
        
            # Pair scores with contestants and sort by scores
            paired = sorted(zip(scores, contestants))
        
            count = 0
            # Count valid indices where NS_k > NS_{k + 1}
            for k in range(1, S):
                if paired[k - 1][1] > paired[k][1]:
                    count += 1
        
            difficulties.append((count, i))
    
        # Sort difficulties by count and then by index
        difficulties.sort()
    
        for difficulty in difficulties:
            print(difficulty[1])

    # Read P and S
    P, S = map(int, input().split())
    calculate_difficulty(P, S)

[/Solution]

INFO - [Task id] 1164 [generation text] 
INFO - {
    "scenarios": "This knowledge is useful in competitive programming and algorithm design, particularly in problems involving sorting and ranking based on multiple criteria. It can be applied in scenarios where tasks or problems need to be evaluated based on their difficulty or performance metrics, such as in educational assessments, game design for balancing levels, or any system that requires sorting based on complex criteria. Understanding how to calculate and compare difficulties can help in optimizing problem sets for contests or assessments.",
    "keywords": [
        "difficulty calculation",
        "contest problems",
        "sorting problems",
        "competitive programming",
        "subtask evaluation",
        "algorithm design",
        "ranking problems",
        "performance metrics"
    ]
}
INFO - {
    "scenarios": "This knowledge is useful in competitive programming and algorithm design, particularly in problems involving sorting and ranking based on multiple criteria. It can be applied in scenarios where tasks or problems need to be evaluated based on their difficulty or performance metrics, such as in educational assessments, game design for balancing levels, or any system that requires sorting based on complex criteria. Understanding how to calculate and compare difficulties can help in optimizing problem sets for contests or assessments.",
    "keywords": [
        "difficulty calculation",
        "contest problems",
        "sorting problems",
        "competitive programming",
        "subtask evaluation",
        "algorithm design",
        "ranking problems",
        "performance metrics"
    ]
}
INFO - Updated entry: 
[description for function: calculate_difficulty]
This function calculates the difficulty of a series of problems based on contestant scores and their rankings. It reads the number of problems and scores, then for each problem, it pairs the scores with contestant identifiers and sorts them. It co...,

INFO - Metadata: {
    "task": 1164,
    "code": "\ndef calculate_difficulty(P, S):\n    difficulties = []\n    \n    for i in range(1, P + 1):\n        scores = list(map(int, input().split()))\n        contestants = list(map(int, input().split()))\n        \n        # Pair scores with contestants and sort by sco...

