INFO - DB skill doc count: 0

INFO - DB non_func doc count: 41

INFO - DB semantic doc count: 429

INFO - DB summaries doc count: 53

INFO - DB reflections doc count: 53

INFO - DB episodic doc count: 99

INFO - [train iter]: 53/100 

INFO - The task prompt is A conveyor belt has packages that must be shipped from one port to another within D days.
The i-th package on the conveyor belt has a weight of weights[i].  Each day, we load the ship with packages on the conveyor belt (in the order given by weights). We may not load more weight than the maximum ...

INFO - Attempting task_id 360
INFO - LM call n parse attempt 1 / 3

INFO - [Task id] 360 [prompt] 
You are an expert programmer tasked with solving the problem below.

Follow the user's instructions to solve the problem.
The user can ask for analysis, code, or both.

## Instructions
When asked to output code,
- Make sure to wrap your code in '```python' and '```' Markdown delimiters, 
- include exactly one block of code with the entire solution
- No outside libraries are allowed. 
- Builtins are allowed.
- If the task specifies a function name to be used, follow it strictly (be case sensitive!) and declare the that function last (helper functions are declared first).
- DO NOT write any assert statements / tests.

## Problem
[BEGIN PROBLEM]
A conveyor belt has packages that must be shipped from one port to another within D days.
The i-th package on the conveyor belt has a weight of weights[i].  Each day, we load the ship with packages on the conveyor belt (in the order given by weights). We may not load more weight than the maximum weight capacity of the ship.
Return the least weight capacity of the ship that will result in all the packages on the conveyor belt being shipped within D days.
 
Example 1:
Input: weights = [1,2,3,4,5,6,7,8,9,10], D = 5
Output: 15
Explanation: 
A ship capacity of 15 is the minimum to ship all the packages in 5 days like this:
1st day: 1, 2, 3, 4, 5
2nd day: 6, 7
3rd day: 8
4th day: 9
5th day: 10

Note that the cargo must be shipped in the order given, so using a ship of capacity 14 and splitting the packages into parts like (2, 3, 4, 5), (1, 6, 7), (8), (9), (10) is not allowed. 

Example 2:
Input: weights = [3,2,2,4,1,4], D = 3
Output: 6
Explanation: 
A ship capacity of 6 is the minimum to ship all the packages in 3 days like this:
1st day: 3, 2
2nd day: 2, 4
3rd day: 1, 4

Example 3:
Input: weights = [1,2,3,1,1], D = 4
Output: 3
Explanation: 
1st day: 1
2nd day: 2
3rd day: 3
4th day: 1, 1

 
Constraints:

1 <= D <= weights.length <= 50000
1 <= weights[i] <= 500

The output code needs to use the provided function signature

The final python function should begin with: 
```python

class Solution:
    def shipWithinDays(self, weights: List[int], D: int) -> int:
        
```

[END PROBLEM]

INFO - [Task id] 360 [prompt] 
## Instructions

Reason through the problem and:
1. Restate the problem in plain English
2. Conceptualize a solution first in plain English
3. Write a pseudocode solution
4. Output the final Python 3 solution with your solution steps in comments.

Make sure to wrap your code in '```python' and '```' Markdown delimiters, 
and include exactly one block of code with the entire solution.

No outside libraries are allowed.
Builtins are allowed.

INFO - [Task id] 360 [generation text] 1. **Restate the problem in plain English:**
   We need to determine the minimum weight capacity of a ship that can transport a series of packages within a specified number of days. The packages must be loaded in the order they are given, and the total weight loaded each day cannot exceed the ship's capacity.

2. **Conceptualize a solution first in plain English:**
   To solve this problem, we can use a binary search approach. The idea is to find the minimum capacity that allows us to ship all packages within the given number of days. We will set the lower bound of our search to the maximum weight of a single package (since the ship must be able to carry at least the heaviest package) and the upper bound to the total weight of all packages (which would be the capacity if we shipped everything in one day). We will then check if a given capacity can ship all packages within the allowed days by simulating the loading process.

3. **Write a pseudocode solution:**
   ```
   function shipWithinDays(weights, D):
       set left to max(weights)  // minimum possible capacity
       set right to sum(weights)  // maximum possible capacity
       
       while left < right:
           set mid to (left + right) // 2
           if canShip(weights, mid, D):
               set right to mid  // try for a smaller capacity
           else:
               set left to mid + 1  // increase capacity
       
       return left  // this is the minimum capacity that works

   function canShip(weights, capacity, D):
       set days to 1
       set currentWeight to 0
       
       for weight in weights:
           if currentWeight + weight > capacity:
               increment days
               set currentWeight to weight  // start new day with this package
           else:
               add weight to currentWeight
       
       return days <= D  // check if we can ship within D days
   ```

4. **Output the final Python 3 solution with your solution steps in comments:**
```python
class Solution:
    def shipWithinDays(self, weights: list[int], D: int) -> int:
        # Set the lower bound to the maximum weight of a single package
        left = max(weights)
        # Set the upper bound to the total weight of all packages
        right = sum(weights)
        
        # Perform binary search to find the minimum capacity
        while left < right:
            mid = (left + right) // 2  # Check the middle capacity
            if self.canShip(weights, mid, D):
                right = mid  # If we can ship with mid capacity, try smaller
            else:
                left = mid + 1  # If not, increase the capacity
        
        return left  # The minimum capacity that works

    def canShip(self, weights: list[int], capacity: int, D: int) -> bool:
        days = 1  # Start with one day
        currentWeight = 0  # Current weight loaded on the ship
        
        for weight in weights:
            if currentWeight + weight > capacity:
                days += 1  # Need a new day
                currentWeight = weight  # Start new day with this package
            else:
                currentWeight += weight  # Add weight to current day
        
        return days <= D  # Check if we can ship within D days
```
INFO - [35m Rollout attempt 1/4[0m
INFO - [33m Retrieving 2 entries for db: episodic 
 [0m
INFO - Retrieved (score=0.4376):

[Task]:
    We have a collection of rocks, each rock has a positive integer weight.
    Each turn, we choose any two rocks and smash them together.  Suppose the stones have weights x and y with x <= y.  The result of this smash is:

    If x == y, both stones are totally destroyed;
    If x != y...


INFO - Retrieved (score=0.4543):

[Task]:
    Chef wants to host some Division-3 contests. Chef has $N$ setters who are busy creating new problems for him. The $i^{th}$ setter has made $A_i$ problems where $1 \leq i \leq N$.    
    A Division-3 contest should have exactly $K$ problems. Chef wants to plan for the next $D$ days u...


INFO - [33m Retrieving 2 entries for db: semantic 
 [0m
INFO - Retrieved (score=0.4717):
Chapter: Dynamic programming
Section: Knapsack problems
Part: 1/1
\section{Knapsack problems}

\index{knapsack}

The term \key{knapsack} refers to problems where
a set of objects is given, and 
subsets with some properties
have to be found.
Knapsack problems can often be solved
using dynamic prog...


INFO - Retrieved (score=0.5166):
Title: Minimum-cost flow - Successive shortest path algorithm
Part: 1/1
# Minimum-cost flow - Successive shortest path algorithm

Given a network $G$ consisting of $n$ vertices and $m$ edges.
For each edge (generally speaking, oriented edges, but see below), the capacity (a non-negative integer) ...


INFO - [33m Retrieving 2 entries for db: reflections 
 [0m
INFO - Retrieved (score=0.4123):
The official solution is concise and effectively addresses the problem with minimal complexity. It follows a straightforward approach that can be distilled into a few key steps:

1. **Input Handling**: It reads the number of test cases and for each test case, it retrieves the values of N (number ...


INFO - Retrieved (score=0.4347):
The official solution employs a set-based dynamic programming approach to solve the problem of minimizing the weight of the last remaining rock. The key insights from this solution are as follows:

1. **Set for Achievable Sums**: Instead of using a boolean array to track achievable sums, the offi...


INFO - [33m Retrieving 2 entries for db: summaries 
 [0m
INFO - Retrieved (score=0.3933):
The problem involves determining the smallest possible weight of a remaining rock after a series of smash operations on a collection of rocks with positive integer weights. The key insight is that this can be framed as a dynamic programming problem similar to the subset sum problem, where the goa...


INFO - Retrieved (score=0.4115):
In this problem, the goal was to determine the number of valid paths Ryan can take through a network of cities over a specified number of seconds while satisfying certain conditions about which cities he must be in at specific times. The approach involved using dynamic programming to track the nu...


INFO - [33m Retrieving 2 entries for db: non_func 
 [0m
INFO - Retrieved (score=0.4702):

[description]
This function calculates the minimum possible weight of the last stone after performing a series of operations on a list of stone weights. It first computes the total weight of all stones and determines a target weight that represents half of this total. A dynamic programming appro...


INFO - Retrieved (score=0.4997):

[description for function: max_division_3_contests]
This function processes multiple test cases to determine the maximum number of contests that can be hosted based on the number of problems created by setters, the number of problems required for each contest, and the available days. For each te...


INFO - Retrieved (score=0.3933): 
[Summary]:
    The problem involves determining the smallest possible weight of a remaining rock after a series of smash operations on a collection of rocks with positive integer weights. The key insight is that this can be framed as a dynamic programming problem similar to the subset sum proble...
INFO - Retrieved (score=0.4115): 
[Summary]:
    In this problem, the goal was to determine the number of valid paths Ryan can take through a network of cities over a specified number of seconds while satisfying certain conditions about which cities he must be in at specific times. The approach involved using dynamic programming...
INFO - LM call n parse attempt 1 / 3

INFO - [Task id] 360 [prompt] 
You are an expert programmer tasked with solving the problem below.

Follow the user's instructions to solve the problem.
The user can ask for analysis, code, or both.

## Instructions
When asked to output code,
- Make sure to wrap your code in '```python' and '```' Markdown delimiters, 
- include exactly one block of code with the entire solution
- No outside libraries are allowed. 
- Builtins are allowed.
- If the task specifies a function name to be used, follow it strictly (be case sensitive!) and declare the that function last (helper functions are declared first).
- DO NOT write any assert statements / tests.

## Problem
[BEGIN PROBLEM]
A conveyor belt has packages that must be shipped from one port to another within D days.
The i-th package on the conveyor belt has a weight of weights[i].  Each day, we load the ship with packages on the conveyor belt (in the order given by weights). We may not load more weight than the maximum weight capacity of the ship.
Return the least weight capacity of the ship that will result in all the packages on the conveyor belt being shipped within D days.
 
Example 1:
Input: weights = [1,2,3,4,5,6,7,8,9,10], D = 5
Output: 15
Explanation: 
A ship capacity of 15 is the minimum to ship all the packages in 5 days like this:
1st day: 1, 2, 3, 4, 5
2nd day: 6, 7
3rd day: 8
4th day: 9
5th day: 10

Note that the cargo must be shipped in the order given, so using a ship of capacity 14 and splitting the packages into parts like (2, 3, 4, 5), (1, 6, 7), (8), (9), (10) is not allowed. 

Example 2:
Input: weights = [3,2,2,4,1,4], D = 3
Output: 6
Explanation: 
A ship capacity of 6 is the minimum to ship all the packages in 3 days like this:
1st day: 3, 2
2nd day: 2, 4
3rd day: 1, 4

Example 3:
Input: weights = [1,2,3,1,1], D = 4
Output: 3
Explanation: 
1st day: 1
2nd day: 2
3rd day: 3
4th day: 1, 1

 
Constraints:

1 <= D <= weights.length <= 50000
1 <= weights[i] <= 500

The output code needs to use the provided function signature

The final python function should begin with: 
```python

class Solution:
    def shipWithinDays(self, weights: List[int], D: int) -> int:
        
```

[END PROBLEM]

INFO - [Task id] 360 [prompt] 
## Instructions

Reason through the problem and:
1. Restate the problem in plain English
2. Conceptualize a solution first in plain English
3. Write a pseudocode solution
4. Output the final Python 3 solution with your solution steps in comments.

Make sure to wrap your code in '```python' and '```' Markdown delimiters, 
and include exactly one block of code with the entire solution.

No outside libraries are allowed.
Builtins are allowed.

INFO - [Task id] 360 [prompt] 
Also, here are some of your memories.
Feel free to use the given information to aid your problem solving process if necessary.
Do not confuse the memories with the problem statement.

## Memories

[Summary]:
    The problem involves determining the smallest possible weight of a remaining rock after a series of smash operations on a collection of rocks with positive integer weights. The key insight is that this can be framed as a dynamic programming problem similar to the subset sum problem, where the goal is to partition the rocks into two groups with minimal weight difference.

    The solution involves calculating the total weight of the rocks and using a boolean array to track achievable sums up to half of that total weight. By iterating through each rock and updating the achievable sums, we can find the largest sum that can be formed, which helps in determining the minimum weight of the last remaining rock.

    The final implementation successfully passed the provided test case, demonstrating that the approach is effective. The code efficiently computes the result without any external libraries, adhering to the constraints of the problem. 

    Here’s the final code snippet for reference:

    ```python
    class Solution:
        def lastStoneWeightII(self, stones: List[int]) -> int:
            total_weight = sum(stones)
            target = total_weight // 2
        
            dp = [False] * (target + 1)
            dp[0] = True
        
            for weight in stones:
                for j in range(target, weight - 1, -1):
                    dp[j] = dp[j] or dp[j - weight]
        
            for j in range(target, -1, -1):
                if dp[j]:
                    return total_weight - 2 * j
    ``` 

    This summary encapsulates the core concepts, the strategy used, and the successful implementation of the solution.
[/Summary]


[Summary]:
    In this problem, the goal was to determine the number of valid paths Ryan can take through a network of cities over a specified number of seconds while satisfying certain conditions about which cities he must be in at specific times. The approach involved using dynamic programming to track the number of ways to reach each city at each second.

    ### Key Concepts:
    - **Dynamic Programming (DP):** A 2D DP table was used where `dp[t][city]` represents the number of ways to be in `city` at time `t`. The table was filled by considering adjacent cities and the option to stay in the same city.
    - **Condition Handling:** The conditions specified which city Ryan must be in at certain times, and the solution needed to account for these conditions simultaneously.

    ### Strategies and Issues:
    - The initial implementation correctly filled the DP table but failed to properly handle the conditions. The logic for counting valid trips simply multiplied the counts for each condition, which did not account for the need to satisfy all conditions together.
    - The output format was also a concern, as the results needed to be formatted correctly for the environment.

    ### Lessons Learned:
    - It is crucial to ensure that the logic for handling multiple conditions is robust and considers the interactions between them.
    - The final count of valid paths must reflect the simultaneous satisfaction of all conditions rather than treating them independently.

    ### Code Snippet:
    Here is the core logic for filling the DP table and counting valid trips:

    ```python
    def count_trips(N, M, K, roads, Q, conditions):
        MOD = 10**9 + 7
        graph = [[] for _ in range(N + 1)]
        for u, v in roads:
            graph[u].append(v)
            graph[v].append(u)

        dp = [[0] * (N + 1) for _ in range(K + 1)]
        dp[0][1] = 1  # Start at city 1 at time 0

        for t in range(K):
            for city in range(1, N + 1):
                if dp[t][city] > 0:
                    for neighbor in graph[city]:
                        dp[t + 1][neighbor] = (dp[t + 1][neighbor] + dp[t][city]) % MOD
                    dp[t + 1][city] = (dp[t + 1][city] + dp[t][city]) % MOD

        valid_trips = 1
        for a, b in conditions:
            if b <= K:
                valid_trips = (valid_trips * dp[b][a]) % MOD
            else:
                valid_trips = 0

        return valid_trips
    ```

    This experience highlighted the importance of carefully considering how conditions interact in dynamic programming problems and ensuring that the final results reflect all constraints accurately.
[/Summary]


INFO - [Task id] 360 [generation text] 1. **Restate the problem in plain English:**
   The problem is about finding the minimum weight capacity of a ship that can transport a series of packages within a specified number of days. Each package has a specific weight, and the ship can only carry a certain maximum weight each day. The goal is to determine the least weight capacity that allows all packages to be shipped in the given number of days.

2. **Conceptualize a solution first in plain English:**
   To solve this problem, we can use a binary search approach. The idea is to determine the minimum possible weight capacity of the ship that can still allow all packages to be shipped within the specified number of days. We will set the lower bound of our search to the maximum weight of a single package (since the ship must be able to carry at least the heaviest package) and the upper bound to the total weight of all packages (which would mean shipping everything in one day). We will then check for each mid-point in our search range if it is possible to ship all packages within the given days using that capacity. If it is possible, we will try a smaller capacity; if not, we will increase the capacity.

3. **Write a pseudocode solution:**
   ```
   function shipWithinDays(weights, D):
       set left to max(weights)  // minimum possible capacity
       set right to sum(weights)  // maximum possible capacity

       while left < right:
           set mid to (left + right) // 2
           if canShip(weights, mid, D):
               right = mid  // try for a smaller capacity
           else:
               left = mid + 1  // increase capacity

       return left  // the minimum capacity found

   function canShip(weights, capacity, D):
       set days to 1
       set currentWeight to 0

       for weight in weights:
           if currentWeight + weight > capacity:
               days += 1
               currentWeight = weight  // start a new day
               if days > D:
                   return False
           else:
               currentWeight += weight

       return True
   ```

4. **Output the final Python 3 solution with your solution steps in comments:**
```python
class Solution:
    def shipWithinDays(self, weights: list[int], D: int) -> int:
        # Set the lower bound to the maximum weight of a single package
        left = max(weights)
        # Set the upper bound to the total weight of all packages
        right = sum(weights)

        # Perform binary search to find the minimum capacity
        while left < right:
            mid = (left + right) // 2  # Check the middle capacity
            if self.canShip(weights, mid, D):
                right = mid  # If we can ship with mid capacity, try smaller
            else:
                left = mid + 1  # If not, increase the capacity

        return left  # The minimum capacity found

    def canShip(self, weights: list[int], capacity: int, D: int) -> bool:
        days = 1  # Start with one day
        currentWeight = 0  # Current weight loaded on the ship

        for weight in weights:
            if currentWeight + weight > capacity:
                days += 1  # Need a new day
                currentWeight = weight  # Start loading the new day with this weight
                if days > D:  # If days exceed D, return False
                    return False
            else:
                currentWeight += weight  # Load the weight for the current day

        return True  # If we can ship within D days
```
INFO - program_code:
 
class Solution:
    def shipWithinDays(self, weights: list[int], D: int) -> int:
        # Set the lower bound to the maximum weight of a single package
        left = max(weights)
        # Set the upper bound to the total weight of all packages
        right = sum(weights)

        # Perform binary search to find the minimum capacity
        while left < right:
            mid = (left + right) // 2  # Check the middle capacity
            if self.canShip(weights, mid, D):
                right = mid  # If we can ship with mid capacity, try smaller
            else:
                left = mid + 1  # If not, increase the capacity

        return left  # The minimum capacity found

    def canShip(self, weights: list[int], capacity: int, D: int) -> bool:
        days = 1  # Start with one day
        currentWeight = 0  # Current weight loaded on the ship

        for weight in weights:
            if currentWeight + weight > capacity:
                days += 1  # Need a new day
                currentWeight = weight  # Start loading the new day with this weight
                if days > D:  # If days exceed D, return False
                    return False
            else:
                currentWeight += weight  # Load the weight for the current day

        return True  # If we can ship within D days


INFO - program_name:
 

INFO - dependencies:
 []

INFO - raw_msg:
 1. **Restate the problem in plain English:**
   The problem is about finding the minimum weight capacity of a ship that can transport a series of packages within a specified number of days. Each package has a specific weight, and the ship can only carry a certain maximum weight each day. The goal is to determine the least weight capacity that allows all packages to be shipped in the given number of days.

2. **Conceptualize a solution first in plain English:**
   To solve this problem, we can use a binary search approach. The idea is to determine the minimum possible weight capacity of the ship that can still allow all packages to be shipped within the specified number of days. We will set the lower bound of our search to the maximum weight of a single package (since the ship must be able to carry at least the heaviest package) and the upper bound to the total weight of all packages (which would mean shipping everything in one day). We will then check for each mid-point in our search range if it is possible to ship all packages within the given days using that capacity. If it is possible, we will try a smaller capacity; if not, we will increase the capacity.

3. **Write a pseudocode solution:**
   ```
   function shipWithinDays(weights, D):
       set left to max(weights)  // minimum possible capacity
       set right to sum(weights)  // maximum possible capacity

       while left < right:
           set mid to (left + right) // 2
           if canShip(weights, mid, D):
               right = mid  // try for a smaller capacity
           else:
               left = mid + 1  // increase capacity

       return left  // the minimum capacity found

   function canShip(weights, capacity, D):
       set days to 1
       set currentWeight to 0

       for weight in weights:
           if currentWeight + weight > capacity:
               days += 1
               currentWeight = weight  // start a new day
               if days > D:
                   return False
           else:
               currentWeight += weight

       return True
   ```

4. **Output the final Python 3 solution with your solution steps in comments:**
```python
class Solution:
    def shipWithinDays(self, weights: list[int], D: int) -> int:
        # Set the lower bound to the maximum weight of a single package
        left = max(weights)
        # Set the upper bound to the total weight of all packages
        right = sum(weights)

        # Perform binary search to find the minimum capacity
        while left < right:
            mid = (left + right) // 2  # Check the middle capacity
            if self.canShip(weights, mid, D):
                right = mid  # If we can ship with mid capacity, try smaller
            else:
                left = mid + 1  # If not, increase the capacity

        return left  # The minimum capacity found

    def canShip(self, weights: list[int], capacity: int, D: int) -> bool:
        days = 1  # Start with one day
        currentWeight = 0  # Current weight loaded on the ship

        for weight in weights:
            if currentWeight + weight > capacity:
                days += 1  # Need a new day
                currentWeight = weight  # Start loading the new day with this weight
                if days > D:  # If days exceed D, return False
                    return False
            else:
                currentWeight += weight  # Load the weight for the current day

        return True  # If we can ship within D days
```

INFO - no_parent:
 False

INFO - full code to be executed: 
 
class Solution:
    def shipWithinDays(self, weights: list[int], D: int) -> int:
        # Set the lower bound to the maximum weight of a single package
        left = max(weights)
        # Set the upper bound to the total weight of all packages
        right = sum(weights)

        # Perform binary search to find the minimum capacity
        while left < right:
            mid = (left + right) // 2  # Check the middle capacity
            if self.canShip(weights, mid, D):
                right = mid  # If we can ship with mid capacity, try smaller
            else:
                left = mid + 1  # If not, increase the capacity

        return left  # The minimum capacity found

    def canShip(self, weights: list[int], capacity: int, D: int) -> bool:
        days = 1  # Start with one day
        currentWeight = 0  # Current weight loaded on the ship

        for weight in weights:
            if currentWeight + weight > capacity:
                days += 1  # Need a new day
                currentWeight = weight  # Start loading the new day with this weight
                if days > D:  # If days exceed D, return False
                    return False
            else:
                currentWeight += weight  # Load the weight for the current day

        return True  # If we can ship within D days


INFO - obs: Note: Inputs/outputs here are automatically extracted/truncated so formatting may be a bit off.
Tests passed:

 Input: [[1, 2, 3, 4, 5, 6, 7, 8, 9, 10], 5] Output: 15

Tests failed:
None
reward: True
done: None
info: {'individual_results': [True]}
INFO - Updated entry: 
[Task]:
    A conveyor belt has packages that must be shipped from one port to another within D days.
    The i-th package on the conveyor belt has a weight of weights[i].  Each day, we load the ship with packages on the conveyor belt (in the order given by weights). We may not load more weight ...,

INFO - Metadata: {
    "raw_msg": "1. **Restate the problem in plain English:**\n   The problem is about finding the minimum weight capacity of a ship that can transport a series of packages within a specified number of days. Each package has a specific weight, and the ship can only carry a certain maximum weight...

INFO - LM call n parse attempt 1 / 3

INFO - [Task id] 360 [prompt] 
You are an expert programmer tasked with solving the problem below.

Follow the user's instructions to solve the problem.
The user can ask for analysis, code, or both.

## Instructions
When asked to output code,
- Make sure to wrap your code in '```python' and '```' Markdown delimiters, 
- include exactly one block of code with the entire solution
- No outside libraries are allowed. 
- Builtins are allowed.
- If the task specifies a function name to be used, follow it strictly (be case sensitive!) and declare the that function last (helper functions are declared first).
- DO NOT write any assert statements / tests.

## Problem
[BEGIN PROBLEM]
A conveyor belt has packages that must be shipped from one port to another within D days.
The i-th package on the conveyor belt has a weight of weights[i].  Each day, we load the ship with packages on the conveyor belt (in the order given by weights). We may not load more weight than the maximum weight capacity of the ship.
Return the least weight capacity of the ship that will result in all the packages on the conveyor belt being shipped within D days.
 
Example 1:
Input: weights = [1,2,3,4,5,6,7,8,9,10], D = 5
Output: 15
Explanation: 
A ship capacity of 15 is the minimum to ship all the packages in 5 days like this:
1st day: 1, 2, 3, 4, 5
2nd day: 6, 7
3rd day: 8
4th day: 9
5th day: 10

Note that the cargo must be shipped in the order given, so using a ship of capacity 14 and splitting the packages into parts like (2, 3, 4, 5), (1, 6, 7), (8), (9), (10) is not allowed. 

Example 2:
Input: weights = [3,2,2,4,1,4], D = 3
Output: 6
Explanation: 
A ship capacity of 6 is the minimum to ship all the packages in 3 days like this:
1st day: 3, 2
2nd day: 2, 4
3rd day: 1, 4

Example 3:
Input: weights = [1,2,3,1,1], D = 4
Output: 3
Explanation: 
1st day: 1
2nd day: 2
3rd day: 3
4th day: 1, 1

 
Constraints:

1 <= D <= weights.length <= 50000
1 <= weights[i] <= 500

The output code needs to use the provided function signature

The final python function should begin with: 
```python

class Solution:
    def shipWithinDays(self, weights: List[int], D: int) -> int:
        
```

[END PROBLEM]

INFO - [Task id] 360 [prompt] 
## Instructions

Reason through the problem and:
1. Restate the problem in plain English
2. Conceptualize a solution first in plain English
3. Write a pseudocode solution
4. Output the final Python 3 solution with your solution steps in comments.

Make sure to wrap your code in '```python' and '```' Markdown delimiters, 
and include exactly one block of code with the entire solution.

No outside libraries are allowed.
Builtins are allowed.

INFO - [Task id] 360 [prompt] 1. **Restate the problem in plain English:**
   The problem is about finding the minimum weight capacity of a ship that can transport a series of packages within a specified number of days. Each package has a specific weight, and the ship can only carry a certain maximum weight each day. The goal is to determine the least weight capacity that allows all packages to be shipped in the given number of days.

2. **Conceptualize a solution first in plain English:**
   To solve this problem, we can use a binary search approach. The idea is to determine the minimum possible weight capacity of the ship that can still allow all packages to be shipped within the specified number of days. We will set the lower bound of our search to the maximum weight of a single package (since the ship must be able to carry at least the heaviest package) and the upper bound to the total weight of all packages (which would mean shipping everything in one day). We will then check for each mid-point in our search range if it is possible to ship all packages within the given days using that capacity. If it is possible, we will try a smaller capacity; if not, we will increase the capacity.

3. **Write a pseudocode solution:**
   ```
   function shipWithinDays(weights, D):
       set left to max(weights)  // minimum possible capacity
       set right to sum(weights)  // maximum possible capacity

       while left < right:
           set mid to (left + right) // 2
           if canShip(weights, mid, D):
               right = mid  // try for a smaller capacity
           else:
               left = mid + 1  // increase capacity

       return left  // the minimum capacity found

   function canShip(weights, capacity, D):
       set days to 1
       set currentWeight to 0

       for weight in weights:
           if currentWeight + weight > capacity:
               days += 1
               currentWeight = weight  // start a new day
               if days > D:
                   return False
           else:
               currentWeight += weight

       return True
   ```

4. **Output the final Python 3 solution with your solution steps in comments:**
```python
class Solution:
    def shipWithinDays(self, weights: list[int], D: int) -> int:
        # Set the lower bound to the maximum weight of a single package
        left = max(weights)
        # Set the upper bound to the total weight of all packages
        right = sum(weights)

        # Perform binary search to find the minimum capacity
        while left < right:
            mid = (left + right) // 2  # Check the middle capacity
            if self.canShip(weights, mid, D):
                right = mid  # If we can ship with mid capacity, try smaller
            else:
                left = mid + 1  # If not, increase the capacity

        return left  # The minimum capacity found

    def canShip(self, weights: list[int], capacity: int, D: int) -> bool:
        days = 1  # Start with one day
        currentWeight = 0  # Current weight loaded on the ship

        for weight in weights:
            if currentWeight + weight > capacity:
                days += 1  # Need a new day
                currentWeight = weight  # Start loading the new day with this weight
                if days > D:  # If days exceed D, return False
                    return False
            else:
                currentWeight += weight  # Load the weight for the current day

        return True  # If we can ship within D days
```
INFO - [Task id] 360 [prompt] 
[Environment Feedback]:
    Note: Inputs/outputs here are automatically extracted/truncated so formatting may be a bit off.
    Tests passed:

     Input: [[1, 2, 3, 4, 5, 6, 7, 8, 9, 10], 5] Output: 15

    Tests failed:
    None
[/Environment Feedback]

INFO - [Task id] 360 [prompt] 
## Instructions
Now, summarize your attempts as a **standalone** document for your own future reference. (can skip formalities, be concise)

- Only include the most relevant information and code snippets that could be useful in the future.
- If you did not learn much from the current experience (e.g. the problem was too easy), feel free to write less or nothing at all.
- Here are some ideas if the experience was useful:
    - Identifying the core concepts and patterns that problem appears to test for
    - Describing the strategies that seemed to work but did not, and vice versa
    - Describing unexpected errors and how they were fixed

Your summary should be at most a few paragraphs.

INFO - [Task id] 360 [generation text] In this task, I was required to determine the minimum weight capacity of a ship that can transport packages within a specified number of days. The approach I used was a binary search strategy, which is effective for problems involving finding a minimum or maximum value within a range.

The core concepts involved were:
1. **Binary Search**: This was used to efficiently narrow down the possible weight capacities from the maximum weight of a single package to the total weight of all packages.
2. **Greedy Checking**: A helper function was implemented to check if a given capacity allows shipping all packages within the specified days. This function iteratively summed the weights and counted the days needed.

The final solution was structured with two functions: `shipWithinDays` for the main logic and `canShip` for the capacity checking. The code passed the provided test cases successfully, indicating that the logic was sound.

Key code snippets:
```python
while left < right:
    mid = (left + right) // 2
    if self.canShip(weights, mid, D):
        right = mid
    else:
        left = mid + 1
```

This experience reinforced the effectiveness of binary search in optimization problems and the importance of breaking down the problem into manageable parts with helper functions. No unexpected errors occurred, and the solution was straightforward, demonstrating a clear understanding of the problem requirements.
INFO - LM call n parse attempt 1 / 3

INFO - [Task id] 360 [prompt] 
You are an expert programmer tasked with solving the problem below.

Follow the user's instructions to solve the problem.
The user can ask for analysis, code, or both.

## Instructions
When asked to output code,
- Make sure to wrap your code in '```python' and '```' Markdown delimiters, 
- include exactly one block of code with the entire solution
- No outside libraries are allowed. 
- Builtins are allowed.
- If the task specifies a function name to be used, follow it strictly (be case sensitive!) and declare the that function last (helper functions are declared first).
- DO NOT write any assert statements / tests.

## Problem
[BEGIN PROBLEM]
A conveyor belt has packages that must be shipped from one port to another within D days.
The i-th package on the conveyor belt has a weight of weights[i].  Each day, we load the ship with packages on the conveyor belt (in the order given by weights). We may not load more weight than the maximum weight capacity of the ship.
Return the least weight capacity of the ship that will result in all the packages on the conveyor belt being shipped within D days.
 
Example 1:
Input: weights = [1,2,3,4,5,6,7,8,9,10], D = 5
Output: 15
Explanation: 
A ship capacity of 15 is the minimum to ship all the packages in 5 days like this:
1st day: 1, 2, 3, 4, 5
2nd day: 6, 7
3rd day: 8
4th day: 9
5th day: 10

Note that the cargo must be shipped in the order given, so using a ship of capacity 14 and splitting the packages into parts like (2, 3, 4, 5), (1, 6, 7), (8), (9), (10) is not allowed. 

Example 2:
Input: weights = [3,2,2,4,1,4], D = 3
Output: 6
Explanation: 
A ship capacity of 6 is the minimum to ship all the packages in 3 days like this:
1st day: 3, 2
2nd day: 2, 4
3rd day: 1, 4

Example 3:
Input: weights = [1,2,3,1,1], D = 4
Output: 3
Explanation: 
1st day: 1
2nd day: 2
3rd day: 3
4th day: 1, 1

 
Constraints:

1 <= D <= weights.length <= 50000
1 <= weights[i] <= 500

The output code needs to use the provided function signature

The final python function should begin with: 
```python

class Solution:
    def shipWithinDays(self, weights: List[int], D: int) -> int:
        
```

[END PROBLEM]

INFO - [Task id] 360 [prompt] 
## Instructions

Reason through the problem and:
1. Restate the problem in plain English
2. Conceptualize a solution first in plain English
3. Write a pseudocode solution
4. Output the final Python 3 solution with your solution steps in comments.

Make sure to wrap your code in '```python' and '```' Markdown delimiters, 
and include exactly one block of code with the entire solution.

No outside libraries are allowed.
Builtins are allowed.

INFO - [Task id] 360 [prompt] 1. **Restate the problem in plain English:**
   The problem is about finding the minimum weight capacity of a ship that can transport a series of packages within a specified number of days. Each package has a specific weight, and the ship can only carry a certain maximum weight each day. The goal is to determine the least weight capacity that allows all packages to be shipped in the given number of days.

2. **Conceptualize a solution first in plain English:**
   To solve this problem, we can use a binary search approach. The idea is to determine the minimum possible weight capacity of the ship that can still allow all packages to be shipped within the specified number of days. We will set the lower bound of our search to the maximum weight of a single package (since the ship must be able to carry at least the heaviest package) and the upper bound to the total weight of all packages (which would mean shipping everything in one day). We will then check for each mid-point in our search range if it is possible to ship all packages within the given days using that capacity. If it is possible, we will try a smaller capacity; if not, we will increase the capacity.

3. **Write a pseudocode solution:**
   ```
   function shipWithinDays(weights, D):
       set left to max(weights)  // minimum possible capacity
       set right to sum(weights)  // maximum possible capacity

       while left < right:
           set mid to (left + right) // 2
           if canShip(weights, mid, D):
               right = mid  // try for a smaller capacity
           else:
               left = mid + 1  // increase capacity

       return left  // the minimum capacity found

   function canShip(weights, capacity, D):
       set days to 1
       set currentWeight to 0

       for weight in weights:
           if currentWeight + weight > capacity:
               days += 1
               currentWeight = weight  // start a new day
               if days > D:
                   return False
           else:
               currentWeight += weight

       return True
   ```

4. **Output the final Python 3 solution with your solution steps in comments:**
```python
class Solution:
    def shipWithinDays(self, weights: list[int], D: int) -> int:
        # Set the lower bound to the maximum weight of a single package
        left = max(weights)
        # Set the upper bound to the total weight of all packages
        right = sum(weights)

        # Perform binary search to find the minimum capacity
        while left < right:
            mid = (left + right) // 2  # Check the middle capacity
            if self.canShip(weights, mid, D):
                right = mid  # If we can ship with mid capacity, try smaller
            else:
                left = mid + 1  # If not, increase the capacity

        return left  # The minimum capacity found

    def canShip(self, weights: list[int], capacity: int, D: int) -> bool:
        days = 1  # Start with one day
        currentWeight = 0  # Current weight loaded on the ship

        for weight in weights:
            if currentWeight + weight > capacity:
                days += 1  # Need a new day
                currentWeight = weight  # Start loading the new day with this weight
                if days > D:  # If days exceed D, return False
                    return False
            else:
                currentWeight += weight  # Load the weight for the current day

        return True  # If we can ship within D days
```
INFO - [Task id] 360 [prompt] 
[Environment Feedback]:
    Note: Inputs/outputs here are automatically extracted/truncated so formatting may be a bit off.
    Tests passed:

     Input: [[1, 2, 3, 4, 5, 6, 7, 8, 9, 10], 5] Output: 15

    Tests failed:
    None
[/Environment Feedback]

INFO - [Task id] 360 [prompt] 
Below is the official solution (do exercise discretion as official solutions can also have mistakes).

You will be reflecting on your attempts to solve the problem.
This will be a **standalone** document for your own future reference. (can skip formalities, be concise)

## Instructions
- Only include the most relevant insights and code snippets that could be useful in the future.
- If you did not learn much from the current experience (e.g. the problem was too easy / official solution was obvious), feel free to write less or nothing at all.
- Here are some ideas if the experience was useful:
    - If the official solution is insightful (e.g. better than yours in time and space complexity or more effective in breaking down the problem statement), distil the key approach of the official solution, step by step.
    - If your approach failed the test cases, reason why the official solution works but yours does not

Your reflection should be at most a few paragraphs.

## Official solution
class Solution:
    def shipWithinDays(self, weights: List[int], D: int) -> int:
        left = max(weights)
        right = left * len(weights) // D
        while left < right: 
            mid = left + (right - left) // 2
            c = 0 
            d = 1 
            for w in weights:
                if c + w <= mid:
                    c += w
                else:
                    d += 1
                    c = w
            if d > D:
                left = mid + 1
            else:
                right = mid
        return left

INFO - [Task id] 360 [generation text] The official solution employs a binary search approach to efficiently determine the minimum ship capacity required to transport packages within a specified number of days. The key insights from the official solution include:

1. **Initialization of Bounds**: The left bound is set to the maximum weight of a single package, ensuring that the ship can at least carry the heaviest package. The right bound is calculated as the total weight divided by the number of days, which provides an upper limit on the capacity needed.

2. **Binary Search Logic**: The solution iteratively narrows down the possible capacities by checking the mid-point. If the current capacity (mid) allows shipping within the given days, it attempts to find a smaller capacity by adjusting the right bound. If it exceeds the days, it increases the left bound.

3. **Counting Days**: The inner loop counts how many days are needed to ship the packages with the current capacity. If the cumulative weight exceeds the mid capacity, it increments the day count and resets the current weight to the current package's weight.

4. **Efficiency**: The approach is efficient, as it reduces the search space logarithmically while checking the feasibility of each capacity in linear time relative to the number of packages.

In contrast, my initial solution was similar in approach but had a slight difference in how the upper bound was defined. I used the total weight as the upper limit, which could lead to unnecessary iterations. The official solution's method of calculating the right bound as `left * len(weights) // D` is more optimal, as it directly relates to the average weight that needs to be shipped per day.

Overall, the official solution is effective in balancing the search space and the feasibility check, leading to a more efficient algorithm. This experience reinforces the importance of carefully defining bounds in binary search problems and ensuring that the feasibility checks are efficient.
INFO - Updated entry: In this task, I was required to determine the minimum weight capacity of a ship that can transport packages within a specified number of days. The approach I used was a binary search strategy, which is effective for problems involving finding a minimum or maximum value within a range.

The core c...,

INFO - Metadata: {
    "task_id": 360
}

INFO - Updated entry: The official solution employs a binary search approach to efficiently determine the minimum ship capacity required to transport packages within a specified number of days. The key insights from the official solution include:

1. **Initialization of Bounds**: The left bound is set to the maximum w...,

INFO - Metadata: {
    "task_id": 360
}

INFO - LM call n parse attempt 1 / 3

INFO - [Task id] 360 [prompt] 
You are a helpful assistant that writes a description of the given function written in the Python programming language.

1) Do not mention the function name.
2) Do not mention anything about helper functions.
3) There might be some helper functions before the main function, but you only need to describe the main function.
4) Try to summarize the function in no more than 6 sentences.
5) Your response should be a single line of text.

INFO - [Task id] 360 [prompt] 
class Solution:
    def shipWithinDays(self, weights: list[int], D: int) -> int:
        # Set the lower bound to the maximum weight of a single package
        left = max(weights)
        # Set the upper bound to the total weight of all packages
        right = sum(weights)

        # Perform binary search to find the minimum capacity
        while left < right:
            mid = (left + right) // 2  # Check the middle capacity
            if self.canShip(weights, mid, D):
                right = mid  # If we can ship with mid capacity, try smaller
            else:
                left = mid + 1  # If not, increase the capacity

        return left  # The minimum capacity found

    def canShip(self, weights: list[int], capacity: int, D: int) -> bool:
        days = 1  # Start with one day
        currentWeight = 0  # Current weight loaded on the ship

        for weight in weights:
            if currentWeight + weight > capacity:
                days += 1  # Need a new day
                currentWeight = weight  # Start loading the new day with this weight
                if days > D:  # If days exceed D, return False
                    return False
            else:
                currentWeight += weight  # Load the weight for the current day

        return True  # If we can ship within D days

INFO - [Task id] 360 [generation text] The function determines the minimum shipping capacity required to transport a list of package weights within a specified number of days. It uses binary search to efficiently find this capacity by setting initial bounds based on the maximum single package weight and the total weight of all packages. During the search, it checks if a given capacity allows for shipping all packages within the allowed days. If the current capacity can accommodate the shipping within the specified days, it attempts a smaller capacity; otherwise, it increases the capacity. The process continues until the minimum capacity is identified. Finally, it returns the minimum capacity found.
INFO - LM call n parse attempt 1 / 3

INFO - [Task id] 360 [prompt] 
You are a helpful assistant that extracts important information from problems and solutions to aid in searchability and education.

## Instructions
- Read through the problem and solution carefully.
- Reason out, step by step, in what scenarios this knowledge would be useful.
- Focus on general patterns and situations to help connect this knowledge to new situations.
- Then, include a list of keywords that are useful for searching this problem/solution pair.

## Response format
Respond in JSON, and follow the keys and expected format of the values strictly.

The output should be formatted as a JSON instance that conforms to the JSON schema below.

As an example, for the schema {"properties": {"foo": {"title": "Foo", "description": "a list of strings", "type": "array", "items": {"type": "string"}}}, "required": ["foo"]}
the object {"foo": ["bar", "baz"]} is a well-formatted instance of the schema. The object {"properties": {"foo": ["bar", "baz"]}} is not well-formatted.

Here is the output schema:
```
{"properties": {"scenarios": {"description": "In what scenarios will this knowledge be useful? Answer in a paragraph.", "title": "Scenarios", "type": "string"}, "keywords": {"description": "List of keywords that are useful for searching this problem/solution pair", "items": {"type": "string"}, "title": "Keywords", "type": "array"}}, "required": ["scenarios", "keywords"]}
```

INFO - [Task id] 360 [prompt] 
[Problem]
    A conveyor belt has packages that must be shipped from one port to another within D days.
    The i-th package on the conveyor belt has a weight of weights[i].  Each day, we load the ship with packages on the conveyor belt (in the order given by weights). We may not load more weight than the maximum weight capacity of the ship.
    Return the least weight capacity of the ship that will result in all the packages on the conveyor belt being shipped within D days.
 
    Example 1:
    Input: weights = [1,2,3,4,5,6,7,8,9,10], D = 5
    Output: 15
    Explanation: 
    A ship capacity of 15 is the minimum to ship all the packages in 5 days like this:
    1st day: 1, 2, 3, 4, 5
    2nd day: 6, 7
    3rd day: 8
    4th day: 9
    5th day: 10

    Note that the cargo must be shipped in the order given, so using a ship of capacity 14 and splitting the packages into parts like (2, 3, 4, 5), (1, 6, 7), (8), (9), (10) is not allowed. 

    Example 2:
    Input: weights = [3,2,2,4,1,4], D = 3
    Output: 6
    Explanation: 
    A ship capacity of 6 is the minimum to ship all the packages in 3 days like this:
    1st day: 3, 2
    2nd day: 2, 4
    3rd day: 1, 4

    Example 3:
    Input: weights = [1,2,3,1,1], D = 4
    Output: 3
    Explanation: 
    1st day: 1
    2nd day: 2
    3rd day: 3
    4th day: 1, 1

 
    Constraints:

    1 <= D <= weights.length <= 50000
    1 <= weights[i] <= 500
[/Problem]

[Solution]

    class Solution:
        def shipWithinDays(self, weights: list[int], D: int) -> int:
            # Set the lower bound to the maximum weight of a single package
            left = max(weights)
            # Set the upper bound to the total weight of all packages
            right = sum(weights)

            # Perform binary search to find the minimum capacity
            while left < right:
                mid = (left + right) // 2  # Check the middle capacity
                if self.canShip(weights, mid, D):
                    right = mid  # If we can ship with mid capacity, try smaller
                else:
                    left = mid + 1  # If not, increase the capacity

            return left  # The minimum capacity found

        def canShip(self, weights: list[int], capacity: int, D: int) -> bool:
            days = 1  # Start with one day
            currentWeight = 0  # Current weight loaded on the ship

            for weight in weights:
                if currentWeight + weight > capacity:
                    days += 1  # Need a new day
                    currentWeight = weight  # Start loading the new day with this weight
                    if days > D:  # If days exceed D, return False
                        return False
                else:
                    currentWeight += weight  # Load the weight for the current day

            return True  # If we can ship within D days

[/Solution]

INFO - [Task id] 360 [generation text] 
INFO - {
    "scenarios": "This knowledge is useful in logistics and supply chain management, particularly when determining shipping capacities for packages that must be delivered within a specific timeframe. It can be applied in scenarios where there are constraints on the weight that can be shipped at once, such as in freight shipping, delivery services, or any situation where items must be transported in a sequential order. Additionally, this approach can be beneficial in optimizing resource allocation and scheduling in various operational contexts.",
    "keywords": [
        "conveyor belt",
        "shipping capacity",
        "logistics",
        "binary search",
        "weight distribution",
        "supply chain",
        "package delivery",
        "optimization",
        "resource allocation",
        "shipping constraints"
    ]
}
INFO - {
    "scenarios": "This knowledge is useful in logistics and supply chain management, particularly when determining shipping capacities for packages that must be delivered within a specific timeframe. It can be applied in scenarios where there are constraints on the weight that can be shipped at once, such as in freight shipping, delivery services, or any situation where items must be transported in a sequential order. Additionally, this approach can be beneficial in optimizing resource allocation and scheduling in various operational contexts.",
    "keywords": [
        "conveyor belt",
        "shipping capacity",
        "logistics",
        "binary search",
        "weight distribution",
        "supply chain",
        "package delivery",
        "optimization",
        "resource allocation",
        "shipping constraints"
    ]
}
INFO - Updated entry: 
[description]
The function determines the minimum shipping capacity required to transport a list of package weights within a specified number of days. It uses binary search to efficiently find this capacity by setting initial bounds based on the maximum single package weight and the total weight...,

INFO - Metadata: {
    "task": 360,
    "code": "\nclass Solution:\n    def shipWithinDays(self, weights: list[int], D: int) -> int:\n        # Set the lower bound to the maximum weight of a single package\n        left = max(weights)\n        # Set the upper bound to the total weight of all packages\n        rig...

