INFO - DB skill doc count: 0

INFO - DB non_func doc count: 52

INFO - DB semantic doc count: 429

INFO - DB summaries doc count: 65

INFO - DB reflections doc count: 65

INFO - DB episodic doc count: 115

INFO - [train iter]: 65/100 

INFO - The task prompt is Mandarin chinese
, Russian and Vietnamese as well.
Chef is organising a contest with $P$ problems (numbered $1$ through $P$). Each problem has $S$ subtasks (numbered $1$ through $S$).
The difficulty of a problem can be calculated as follows:
- Let's denote the score of the $k$-th subtask of this ...

INFO - Attempting task_id 1164
INFO - LM call n parse attempt 1 / 3

INFO - [Task id] 1164 [prompt] 
You are an expert programmer tasked with solving the problem below.

Follow the user's instructions to solve the problem.
The user can ask for analysis, code, or both.

## Instructions
When asked to output code,
- Make sure to wrap your code in '```python' and '```' Markdown delimiters, 
- include exactly one block of code with the entire solution
- No outside libraries are allowed. 
- Builtins are allowed.
- If the task specifies a function name to be used, follow it strictly (be case sensitive!) and declare the that function last (helper functions are declared first).
- DO NOT write any assert statements / tests.

## Problem
[BEGIN PROBLEM]
Mandarin chinese
, Russian and Vietnamese as well.
Chef is organising a contest with $P$ problems (numbered $1$ through $P$). Each problem has $S$ subtasks (numbered $1$ through $S$).
The difficulty of a problem can be calculated as follows:
- Let's denote the score of the $k$-th subtask of this problem by $SC_k$ and the number of contestants who solved it by $NS_k$.
- Consider the subtasks sorted in the order of increasing score.
- Calculate the number $n$ of valid indices $k$ such that $NS_k > NS_{k + 1}$.
- For problem $i$, the difficulty is a pair of integers $(n, i)$.
You should sort the problems in the increasing order of difficulty levels. Since difficulty level is a pair, problem $a$ is more difficult than problem $b$ if the number $n$ is greater for problem $a$ than for problem $b$, or if $a > b$ and $n$ is the same for problems $a$ and $b$.

-----Input-----
- The first line of the input contains two space-separated integers $P$ and $S$ denoting the number of problems and the number of subtasks in each problem.
- $2P$ lines follow. For each valid $i$, the $2i-1$-th of these lines contains $S$ space-separated integers $SC_1, SC_2, \dots, SC_S$ denoting the scores of the $i$-th problem's subtasks, and the $2i$-th of these lines contains $S$ space-separated integers $NS_1, NS_2, \dots, NS_S$ denoting the number of contestants who solved the $i$-th problem's subtasks.

-----Output-----
Print $P$ lines containing one integer each — the indices of the problems in the increasing order of difficulty.

-----Constraints-----
- $1 \le P \le 100,000$
- $2 \le S \le 30$
- $1 \le SC_i \le 100$ for each valid $i$
- $1 \le NS_i \le 1,000$ for each valid $i$
- in each problem, the scores of all subtasks are unique

-----Subtasks-----
Subtask #1 (25 points): $S = 2$
Subtask #2 (75 points): original constraints

-----Example Input-----
3 3
16 24 60
498 861 589
14 24 62
72 557 819
16 15 69
435 779 232

-----Example Output-----
2
1
3

The output code needs to read from and write to standard IO


[END PROBLEM]

INFO - [Task id] 1164 [prompt] 
## Instructions

Reason through the problem and:
1. Restate the problem in plain English
2. Conceptualize a solution first in plain English
3. Write a pseudocode solution
4. Output the final Python 3 solution with your solution steps in comments.

Make sure to wrap your code in '```python' and '```' Markdown delimiters, 
and include exactly one block of code with the entire solution.

No outside libraries are allowed.
Builtins are allowed.

INFO - [Task id] 1164 [generation text] 1. **Restate the problem in plain English:**
   We have a contest with multiple problems, each having several subtasks. Each subtask has a score and a number of contestants who solved it. We need to determine the difficulty of each problem based on how many times the number of contestants who solved a subtask is greater than the next subtask when the subtasks are sorted by score. The difficulty of a problem is represented as a pair of values: the count of such instances and the problem's index. Finally, we need to sort the problems based on their difficulty and output the indices of the problems in increasing order of difficulty.

2. **Conceptualize a solution first in plain English:**
   - Read the number of problems (P) and subtasks (S).
   - For each problem, read the scores and the number of contestants who solved each subtask.
   - Pair the scores with the number of contestants and sort them based on scores.
   - Count how many times the number of contestants who solved a subtask is greater than the next subtask in the sorted list.
   - Store the count and the problem index as a tuple.
   - Sort all problems based on the count first and then by index.
   - Output the sorted indices.

3. **Write a pseudocode solution:**
   ```
   Read P and S
   Initialize an empty list for difficulties
   For each problem from 1 to P:
       Read scores and number of contestants
       Pair scores with contestants and sort by scores
       Initialize count n to 0
       For k from 1 to S-1:
           If contestants[k-1] > contestants[k]:
               Increment n
       Append (n, problem_index) to difficulties
   Sort difficulties by first element (n) and then by second element (problem_index)
   For each difficulty in sorted difficulties:
       Print the problem_index
   ```

4. **Output the final Python 3 solution with your solution steps in comments:**
```python
def solve():
    import sys
    input = sys.stdin.read
    data = input().splitlines()
    
    # Read number of problems (P) and subtasks (S)
    P, S = map(int, data[0].split())
    
    difficulties = []
    
    # Process each problem
    for i in range(P):
        # Read scores and number of contestants
        scores = list(map(int, data[2 * i + 1].split()))
        contestants = list(map(int, data[2 * i + 2].split()))
        
        # Pair scores with contestants and sort by scores
        paired = sorted(zip(scores, contestants))
        
        # Count the number of valid indices k
        n = 0
        for k in range(1, S):
            if paired[k - 1][1] > paired[k][1]:
                n += 1
        
        # Store the difficulty as a tuple (n, problem_index)
        difficulties.append((n, i + 1))
    
    # Sort difficulties by first element (n) and then by second element (problem_index)
    difficulties.sort()
    
    # Output the sorted problem indices
    for _, index in difficulties:
        print(index)

```
INFO - [35m Rollout attempt 1/4[0m
INFO - [33m Retrieving 2 entries for db: episodic 
 [0m
INFO - Retrieved (score=0.3562):

[Task]:
    Given a set of  N  natural numbers 1,2,3........N and Q query.For each query you have to calculate the total number of subset in which  Ith.
    number of set come at Kth postion.Elements of every subset should be in sorted order.
    The answer could  be very large so you have to pr...


INFO - Retrieved (score=0.3919):

[Task]:
    Dr. S. De teaches computer architecture in NIT Patna. Whenever he comes across any good question(with complexity $k$), he gives that question to students within roll number range $i$ and $j$
    At the start of semester he assigns score of $10$ to every student in his class if a stud...


INFO - [33m Retrieving 2 entries for db: semantic 
 [0m
INFO - Retrieved (score=0.4511):
Title: Continued fractions
Part: 4/12
```

!!! example "[GCJ 2019, Round 2 - New Elements: Part 2](https://codingcompetitions.withgoogle.com/codejam/round/0000000000051679/0000000000146184)"
    You're given $N$ positive integer pairs $(C_i, J_i)$. You need to find a positive integer pair $(x, y)...


INFO - Retrieved (score=0.4849):
Title: The Inclusion-Exclusion Principle
Part: 2/5
<div id="the-number-of-integer-solutions-to-the-equation"></div>
### Number of upper-bound integer sums {: #number-of-upper-bound-integer-sums }

Consider the following equation:

$$x_1 + x_2 + x_3 + x_4 + x_5 + x_6 = 20$$

where $0 \le x_i \le 8...


INFO - [33m Retrieving 2 entries for db: reflections 
 [0m
INFO - Retrieved (score=0.3300):
The official solution is concise and effectively addresses the problem with minimal complexity. It follows a straightforward approach that can be distilled into a few key steps:

1. **Input Handling**: It reads the number of test cases and for each test case, it retrieves the values of N (number ...


INFO - Retrieved (score=0.4083):
The official solution employs a dictionary to track the scores of students, which allows for dynamic updates without needing to initialize a fixed-size array. This approach is particularly useful when the number of students (N) is large, but not all students are affected by the questions, as it a...


INFO - [33m Retrieving 2 entries for db: summaries 
 [0m
INFO - Retrieved (score=0.3045):
In this task, I was required to help Chef determine the maximum number of Division-3 contests he could host given the number of problems created by his setters, the number of problems required for each contest, and the number of days available. The core concepts involved were basic arithmetic ope...


INFO - Retrieved (score=0.3373):
In this task, I was required to calculate the mean of maximum scores for students based on the complexity of questions assigned to them. Each student starts with a score of 10, and their score is multiplied by the complexity of the questions they solve. The challenge involved efficiently updating...


INFO - [33m Retrieving 2 entries for db: non_func 
 [0m
INFO - Retrieved (score=0.4030):

[description for function: max_division_3_contests]
This function processes multiple test cases to determine the maximum number of contests that can be hosted based on the number of problems created by setters, the number of problems required for each contest, and the available days. For each te...


INFO - Retrieved (score=0.4592):

[description for function: main]
This function reads input data for multiple test cases, where each test case consists of a number of elements and a series of queries. It processes each query to determine the number of valid subsets based on specified conditions. The results for each query are c...


INFO - Retrieved (score=0.3045): 
[Summary]:
    In this task, I was required to help Chef determine the maximum number of Division-3 contests he could host given the number of problems created by his setters, the number of problems required for each contest, and the number of days available. The core concepts involved were basi...
INFO - Retrieved (score=0.3300): 
[Reflection]:
    The official solution is concise and effectively addresses the problem with minimal complexity. It follows a straightforward approach that can be distilled into a few key steps:

    1. **Input Handling**: It reads the number of test cases and for each test case, it retrieves t...
INFO - LM call n parse attempt 1 / 3

INFO - [Task id] 1164 [prompt] 
You are an expert programmer tasked with solving the problem below.

Follow the user's instructions to solve the problem.
The user can ask for analysis, code, or both.

## Instructions
When asked to output code,
- Make sure to wrap your code in '```python' and '```' Markdown delimiters, 
- include exactly one block of code with the entire solution
- No outside libraries are allowed. 
- Builtins are allowed.
- If the task specifies a function name to be used, follow it strictly (be case sensitive!) and declare the that function last (helper functions are declared first).
- DO NOT write any assert statements / tests.

## Problem
[BEGIN PROBLEM]
Mandarin chinese
, Russian and Vietnamese as well.
Chef is organising a contest with $P$ problems (numbered $1$ through $P$). Each problem has $S$ subtasks (numbered $1$ through $S$).
The difficulty of a problem can be calculated as follows:
- Let's denote the score of the $k$-th subtask of this problem by $SC_k$ and the number of contestants who solved it by $NS_k$.
- Consider the subtasks sorted in the order of increasing score.
- Calculate the number $n$ of valid indices $k$ such that $NS_k > NS_{k + 1}$.
- For problem $i$, the difficulty is a pair of integers $(n, i)$.
You should sort the problems in the increasing order of difficulty levels. Since difficulty level is a pair, problem $a$ is more difficult than problem $b$ if the number $n$ is greater for problem $a$ than for problem $b$, or if $a > b$ and $n$ is the same for problems $a$ and $b$.

-----Input-----
- The first line of the input contains two space-separated integers $P$ and $S$ denoting the number of problems and the number of subtasks in each problem.
- $2P$ lines follow. For each valid $i$, the $2i-1$-th of these lines contains $S$ space-separated integers $SC_1, SC_2, \dots, SC_S$ denoting the scores of the $i$-th problem's subtasks, and the $2i$-th of these lines contains $S$ space-separated integers $NS_1, NS_2, \dots, NS_S$ denoting the number of contestants who solved the $i$-th problem's subtasks.

-----Output-----
Print $P$ lines containing one integer each — the indices of the problems in the increasing order of difficulty.

-----Constraints-----
- $1 \le P \le 100,000$
- $2 \le S \le 30$
- $1 \le SC_i \le 100$ for each valid $i$
- $1 \le NS_i \le 1,000$ for each valid $i$
- in each problem, the scores of all subtasks are unique

-----Subtasks-----
Subtask #1 (25 points): $S = 2$
Subtask #2 (75 points): original constraints

-----Example Input-----
3 3
16 24 60
498 861 589
14 24 62
72 557 819
16 15 69
435 779 232

-----Example Output-----
2
1
3

The output code needs to read from and write to standard IO


[END PROBLEM]

INFO - [Task id] 1164 [prompt] 
## Instructions

Reason through the problem and:
1. Restate the problem in plain English
2. Conceptualize a solution first in plain English
3. Write a pseudocode solution
4. Output the final Python 3 solution with your solution steps in comments.

Make sure to wrap your code in '```python' and '```' Markdown delimiters, 
and include exactly one block of code with the entire solution.

No outside libraries are allowed.
Builtins are allowed.

INFO - [Task id] 1164 [prompt] 
Also, here are some of your memories.
Feel free to use the given information to aid your problem solving process if necessary.
Do not confuse the memories with the problem statement.

## Memories

[Summary]:
    In this task, I was required to help Chef determine the maximum number of Division-3 contests he could host given the number of problems created by his setters, the number of problems required for each contest, and the number of days available. The core concepts involved were basic arithmetic operations, specifically summing a list of integers and performing integer division.

    The solution involved reading multiple test cases, calculating the total number of problems, determining how many contests could be formed, and then comparing that with the number of days available to find the maximum contests Chef could host. The approach was straightforward and efficient, leveraging Python's built-in functions for summation and list handling.

    The final implementation successfully passed all test cases, demonstrating that the logic was sound. The code was structured to first read input values, process each test case, and then output the results. Key strategies included using integer division to determine the number of contests and the `min` function to ensure the result did not exceed the available days. Overall, the experience reinforced the importance of clear problem breakdown and efficient use of built-in functions in Python. 

    Here’s the final code snippet for reference:

    ```python
    def max_division_3_contests(T, test_cases):
        for case in test_cases:
            N, K, D = case[0], case[1], case[2]
            A = case[3]
            total_problems = sum(A)
            contests_possible = total_problems // K
            max_contests = min(contests_possible, D)
            print(max_contests)

    T = int(input())
    test_cases = []
    for _ in range(T):
        N, K, D = map(int, input().split())
        A = list(map(int, input().split()))
        test_cases.append((N, K, D, A))

    max_division_3_contests(T, test_cases)
    ```
[/Summary]


[Reflection]:
    The official solution is concise and effectively addresses the problem with minimal complexity. It follows a straightforward approach that can be distilled into a few key steps:

    1. **Input Handling**: It reads the number of test cases and for each test case, it retrieves the values of N (number of setters), K (problems needed for a contest), and D (available days). It also reads the list of problems created by each setter.

    2. **Total Problems Calculation**: The solution calculates the total number of problems by summing the list A directly.

    3. **Contests Calculation**: It computes the number of possible contests by performing integer division of the total problems by K.

    4. **Final Output**: The result for each test case is the minimum of the number of possible contests and the number of days available, which is printed directly.

    The official solution is efficient, operating in O(N) time complexity for each test case due to the summation of the list, which is optimal given the constraints. My initial solution was similar in logic but included unnecessary unpacking and variable assignments that could be streamlined. 

    Overall, the official solution's brevity and clarity serve as a reminder of the importance of simplicity in coding, especially when the problem can be solved with straightforward arithmetic operations.
[/Reflection]


INFO - [Task id] 1164 [generation text] 1. **Restatement of the Problem**:
   The problem involves determining the difficulty of several programming contest problems based on their subtasks. Each problem has a set of subtasks, each with a score and the number of contestants who solved it. The difficulty of a problem is defined by counting how many times the number of contestants who solved a subtask decreases as the score increases. We need to sort the problems based on their difficulty and output their indices in increasing order.

2. **Conceptualization of a Solution**:
   - Read the number of problems (P) and the number of subtasks (S).
   - For each problem, read the scores and the number of contestants who solved each subtask.
   - Pair the scores with the number of contestants and sort them based on scores.
   - Count the number of valid indices where the number of contestants decreases as the score increases.
   - Store the difficulty as a tuple (count, problem index) for each problem.
   - Sort the problems based on their difficulty and output the indices in the required order.

3. **Pseudocode Solution**:
   ```
   function calculate_difficulty(P, S, problems):
       difficulties = []
       for i from 1 to P:
           scores = problems[i][0]
           contestants = problems[i][1]
           paired = zip(scores, contestants)
           sort paired by scores
           count = 0
           for k from 1 to S-1:
               if contestants[k-1] > contestants[k]:
                   count += 1
           difficulties.append((count, i))
       sort difficulties by (count, index)
       for each difficulty in difficulties:
           print difficulty[1]
   
   read P, S
   problems = []
   for i from 1 to P:
       scores = read scores for problem i
       contestants = read contestants for problem i
       problems.append((scores, contestants))
   calculate_difficulty(P, S, problems)
   ```

4. **Final Python 3 Solution**:
```python
def calculate_difficulty(P, S, problems):
    difficulties = []
    for i in range(P):
        scores = problems[i][0]
        contestants = problems[i][1]
        paired = list(zip(scores, contestants))
        paired.sort()  # Sort by scores
        count = 0
        for k in range(1, S):
            if paired[k-1][1] > paired[k][1]:  # Compare number of contestants
                count += 1
        difficulties.append((count, i + 1))  # Store (count, problem index)
    
    difficulties.sort()  # Sort by (count, index)
    for difficulty in difficulties:
        print(difficulty[1])  # Output the problem index

# Read input
P, S = map(int, input().split())
problems = []
for _ in range(P):
    scores = list(map(int, input().split()))
    contestants = list(map(int, input().split()))
    problems.append((scores, contestants))

calculate_difficulty(P, S, problems)
```
INFO - program_code:
 
def calculate_difficulty(P, S, problems):
    difficulties = []
    for i in range(P):
        scores = problems[i][0]
        contestants = problems[i][1]
        paired = list(zip(scores, contestants))
        paired.sort()  # Sort by scores
        count = 0
        for k in range(1, S):
            if paired[k-1][1] > paired[k][1]:  # Compare number of contestants
                count += 1
        difficulties.append((count, i + 1))  # Store (count, problem index)
    
    difficulties.sort()  # Sort by (count, index)
    for difficulty in difficulties:
        print(difficulty[1])  # Output the problem index

# Read input
P, S = map(int, input().split())
problems = []
for _ in range(P):
    scores = list(map(int, input().split()))
    contestants = list(map(int, input().split()))
    problems.append((scores, contestants))

calculate_difficulty(P, S, problems)


INFO - program_name:
 calculate_difficulty

INFO - dependencies:
 []

INFO - raw_msg:
 1. **Restatement of the Problem**:
   The problem involves determining the difficulty of several programming contest problems based on their subtasks. Each problem has a set of subtasks, each with a score and the number of contestants who solved it. The difficulty of a problem is defined by counting how many times the number of contestants who solved a subtask decreases as the score increases. We need to sort the problems based on their difficulty and output their indices in increasing order.

2. **Conceptualization of a Solution**:
   - Read the number of problems (P) and the number of subtasks (S).
   - For each problem, read the scores and the number of contestants who solved each subtask.
   - Pair the scores with the number of contestants and sort them based on scores.
   - Count the number of valid indices where the number of contestants decreases as the score increases.
   - Store the difficulty as a tuple (count, problem index) for each problem.
   - Sort the problems based on their difficulty and output the indices in the required order.

3. **Pseudocode Solution**:
   ```
   function calculate_difficulty(P, S, problems):
       difficulties = []
       for i from 1 to P:
           scores = problems[i][0]
           contestants = problems[i][1]
           paired = zip(scores, contestants)
           sort paired by scores
           count = 0
           for k from 1 to S-1:
               if contestants[k-1] > contestants[k]:
                   count += 1
           difficulties.append((count, i))
       sort difficulties by (count, index)
       for each difficulty in difficulties:
           print difficulty[1]
   
   read P, S
   problems = []
   for i from 1 to P:
       scores = read scores for problem i
       contestants = read contestants for problem i
       problems.append((scores, contestants))
   calculate_difficulty(P, S, problems)
   ```

4. **Final Python 3 Solution**:
```python
def calculate_difficulty(P, S, problems):
    difficulties = []
    for i in range(P):
        scores = problems[i][0]
        contestants = problems[i][1]
        paired = list(zip(scores, contestants))
        paired.sort()  # Sort by scores
        count = 0
        for k in range(1, S):
            if paired[k-1][1] > paired[k][1]:  # Compare number of contestants
                count += 1
        difficulties.append((count, i + 1))  # Store (count, problem index)
    
    difficulties.sort()  # Sort by (count, index)
    for difficulty in difficulties:
        print(difficulty[1])  # Output the problem index

# Read input
P, S = map(int, input().split())
problems = []
for _ in range(P):
    scores = list(map(int, input().split()))
    contestants = list(map(int, input().split()))
    problems.append((scores, contestants))

calculate_difficulty(P, S, problems)
```

INFO - no_parent:
 False

INFO - full code to be executed: 
 
def calculate_difficulty(P, S, problems):
    difficulties = []
    for i in range(P):
        scores = problems[i][0]
        contestants = problems[i][1]
        paired = list(zip(scores, contestants))
        paired.sort()  # Sort by scores
        count = 0
        for k in range(1, S):
            if paired[k-1][1] > paired[k][1]:  # Compare number of contestants
                count += 1
        difficulties.append((count, i + 1))  # Store (count, problem index)
    
    difficulties.sort()  # Sort by (count, index)
    for difficulty in difficulties:
        print(difficulty[1])  # Output the problem index

# Read input
P, S = map(int, input().split())
problems = []
for _ in range(P):
    scores = list(map(int, input().split()))
    contestants = list(map(int, input().split()))
    problems.append((scores, contestants))

calculate_difficulty(P, S, problems)


INFO - obs: Note: Inputs/outputs here are automatically extracted/truncated so formatting may be a bit off.
Tests passed:

 Input: ['3 3', '16 24 60', '498 861 589', '14 24 62', '72 557 819', '16 15 69', '435 779 232'] Output: 2
1
3

Tests failed:
None
reward: True
done: None
info: {'individual_results': [True]}
INFO - Updated entry: 
[Task]:
    Mandarin chinese
    , Russian and Vietnamese as well.
    Chef is organising a contest with $P$ problems (numbered $1$ through $P$). Each problem has $S$ subtasks (numbered $1$ through $S$).
    The difficulty of a problem can be calculated as follows:
    - Let's denote the score o...,

INFO - Metadata: {
    "raw_msg": "1. **Restatement of the Problem**:\n   The problem involves determining the difficulty of several programming contest problems based on their subtasks. Each problem has a set of subtasks, each with a score and the number of contestants who solved it. The difficulty of a problem ...

INFO - LM call n parse attempt 1 / 3

INFO - [Task id] 1164 [prompt] 
You are an expert programmer tasked with solving the problem below.

Follow the user's instructions to solve the problem.
The user can ask for analysis, code, or both.

## Instructions
When asked to output code,
- Make sure to wrap your code in '```python' and '```' Markdown delimiters, 
- include exactly one block of code with the entire solution
- No outside libraries are allowed. 
- Builtins are allowed.
- If the task specifies a function name to be used, follow it strictly (be case sensitive!) and declare the that function last (helper functions are declared first).
- DO NOT write any assert statements / tests.

## Problem
[BEGIN PROBLEM]
Mandarin chinese
, Russian and Vietnamese as well.
Chef is organising a contest with $P$ problems (numbered $1$ through $P$). Each problem has $S$ subtasks (numbered $1$ through $S$).
The difficulty of a problem can be calculated as follows:
- Let's denote the score of the $k$-th subtask of this problem by $SC_k$ and the number of contestants who solved it by $NS_k$.
- Consider the subtasks sorted in the order of increasing score.
- Calculate the number $n$ of valid indices $k$ such that $NS_k > NS_{k + 1}$.
- For problem $i$, the difficulty is a pair of integers $(n, i)$.
You should sort the problems in the increasing order of difficulty levels. Since difficulty level is a pair, problem $a$ is more difficult than problem $b$ if the number $n$ is greater for problem $a$ than for problem $b$, or if $a > b$ and $n$ is the same for problems $a$ and $b$.

-----Input-----
- The first line of the input contains two space-separated integers $P$ and $S$ denoting the number of problems and the number of subtasks in each problem.
- $2P$ lines follow. For each valid $i$, the $2i-1$-th of these lines contains $S$ space-separated integers $SC_1, SC_2, \dots, SC_S$ denoting the scores of the $i$-th problem's subtasks, and the $2i$-th of these lines contains $S$ space-separated integers $NS_1, NS_2, \dots, NS_S$ denoting the number of contestants who solved the $i$-th problem's subtasks.

-----Output-----
Print $P$ lines containing one integer each — the indices of the problems in the increasing order of difficulty.

-----Constraints-----
- $1 \le P \le 100,000$
- $2 \le S \le 30$
- $1 \le SC_i \le 100$ for each valid $i$
- $1 \le NS_i \le 1,000$ for each valid $i$
- in each problem, the scores of all subtasks are unique

-----Subtasks-----
Subtask #1 (25 points): $S = 2$
Subtask #2 (75 points): original constraints

-----Example Input-----
3 3
16 24 60
498 861 589
14 24 62
72 557 819
16 15 69
435 779 232

-----Example Output-----
2
1
3

The output code needs to read from and write to standard IO


[END PROBLEM]

INFO - [Task id] 1164 [prompt] 
## Instructions

Reason through the problem and:
1. Restate the problem in plain English
2. Conceptualize a solution first in plain English
3. Write a pseudocode solution
4. Output the final Python 3 solution with your solution steps in comments.

Make sure to wrap your code in '```python' and '```' Markdown delimiters, 
and include exactly one block of code with the entire solution.

No outside libraries are allowed.
Builtins are allowed.

INFO - [Task id] 1164 [prompt] 1. **Restatement of the Problem**:
   The problem involves determining the difficulty of several programming contest problems based on their subtasks. Each problem has a set of subtasks, each with a score and the number of contestants who solved it. The difficulty of a problem is defined by counting how many times the number of contestants who solved a subtask decreases as the score increases. We need to sort the problems based on their difficulty and output their indices in increasing order.

2. **Conceptualization of a Solution**:
   - Read the number of problems (P) and the number of subtasks (S).
   - For each problem, read the scores and the number of contestants who solved each subtask.
   - Pair the scores with the number of contestants and sort them based on scores.
   - Count the number of valid indices where the number of contestants decreases as the score increases.
   - Store the difficulty as a tuple (count, problem index) for each problem.
   - Sort the problems based on their difficulty and output the indices in the required order.

3. **Pseudocode Solution**:
   ```
   function calculate_difficulty(P, S, problems):
       difficulties = []
       for i from 1 to P:
           scores = problems[i][0]
           contestants = problems[i][1]
           paired = zip(scores, contestants)
           sort paired by scores
           count = 0
           for k from 1 to S-1:
               if contestants[k-1] > contestants[k]:
                   count += 1
           difficulties.append((count, i))
       sort difficulties by (count, index)
       for each difficulty in difficulties:
           print difficulty[1]
   
   read P, S
   problems = []
   for i from 1 to P:
       scores = read scores for problem i
       contestants = read contestants for problem i
       problems.append((scores, contestants))
   calculate_difficulty(P, S, problems)
   ```

4. **Final Python 3 Solution**:
```python
def calculate_difficulty(P, S, problems):
    difficulties = []
    for i in range(P):
        scores = problems[i][0]
        contestants = problems[i][1]
        paired = list(zip(scores, contestants))
        paired.sort()  # Sort by scores
        count = 0
        for k in range(1, S):
            if paired[k-1][1] > paired[k][1]:  # Compare number of contestants
                count += 1
        difficulties.append((count, i + 1))  # Store (count, problem index)
    
    difficulties.sort()  # Sort by (count, index)
    for difficulty in difficulties:
        print(difficulty[1])  # Output the problem index

# Read input
P, S = map(int, input().split())
problems = []
for _ in range(P):
    scores = list(map(int, input().split()))
    contestants = list(map(int, input().split()))
    problems.append((scores, contestants))

calculate_difficulty(P, S, problems)
```
INFO - [Task id] 1164 [prompt] 
[Environment Feedback]:
    Note: Inputs/outputs here are automatically extracted/truncated so formatting may be a bit off.
    Tests passed:

     Input: ['3 3', '16 24 60', '498 861 589', '14 24 62', '72 557 819', '16 15 69', '435 779 232'] Output: 2
    1
    3

    Tests failed:
    None
[/Environment Feedback]

INFO - [Task id] 1164 [prompt] 
## Instructions
Now, summarize your attempts as a **standalone** document for your own future reference. (can skip formalities, be concise)

- Only include the most relevant information and code snippets that could be useful in the future.
- If you did not learn much from the current experience (e.g. the problem was too easy), feel free to write less or nothing at all.
- Here are some ideas if the experience was useful:
    - Identifying the core concepts and patterns that problem appears to test for
    - Describing the strategies that seemed to work but did not, and vice versa
    - Describing unexpected errors and how they were fixed

Your summary should be at most a few paragraphs.

INFO - [Task id] 1164 [generation text] In this task, I was required to determine the difficulty of programming contest problems based on their subtasks. The key concept was to count how many times the number of contestants who solved a subtask decreases as the score increases. This required sorting the subtasks by score and then comparing the number of contestants.

The solution involved reading the number of problems and subtasks, processing each problem to pair scores with the number of contestants, and counting the valid indices where the number of contestants decreased. The results were stored as tuples and sorted based on difficulty before outputting the indices.

The final implementation was straightforward and successfully handled the input and output requirements. The core strategy involved sorting and counting, which worked effectively given the constraints. There were no unexpected errors, and the solution passed all tests, indicating that the approach was sound. 

Key code snippet:
```python
def calculate_difficulty(P, S, problems):
    difficulties = []
    for i in range(P):
        scores = problems[i][0]
        contestants = problems[i][1]
        paired = list(zip(scores, contestants))
        paired.sort()  # Sort by scores
        count = 0
        for k in range(1, S):
            if paired[k-1][1] > paired[k][1]:  # Compare number of contestants
                count += 1
        difficulties.append((count, i + 1))  # Store (count, problem index)
    
    difficulties.sort()  # Sort by (count, index)
    for difficulty in difficulties:
        print(difficulty[1])  # Output the problem index
``` 

This experience reinforced the importance of sorting and counting in algorithmic problem-solving, especially in competitive programming contexts.
INFO - LM call n parse attempt 1 / 3

INFO - [Task id] 1164 [prompt] 
You are an expert programmer tasked with solving the problem below.

Follow the user's instructions to solve the problem.
The user can ask for analysis, code, or both.

## Instructions
When asked to output code,
- Make sure to wrap your code in '```python' and '```' Markdown delimiters, 
- include exactly one block of code with the entire solution
- No outside libraries are allowed. 
- Builtins are allowed.
- If the task specifies a function name to be used, follow it strictly (be case sensitive!) and declare the that function last (helper functions are declared first).
- DO NOT write any assert statements / tests.

## Problem
[BEGIN PROBLEM]
Mandarin chinese
, Russian and Vietnamese as well.
Chef is organising a contest with $P$ problems (numbered $1$ through $P$). Each problem has $S$ subtasks (numbered $1$ through $S$).
The difficulty of a problem can be calculated as follows:
- Let's denote the score of the $k$-th subtask of this problem by $SC_k$ and the number of contestants who solved it by $NS_k$.
- Consider the subtasks sorted in the order of increasing score.
- Calculate the number $n$ of valid indices $k$ such that $NS_k > NS_{k + 1}$.
- For problem $i$, the difficulty is a pair of integers $(n, i)$.
You should sort the problems in the increasing order of difficulty levels. Since difficulty level is a pair, problem $a$ is more difficult than problem $b$ if the number $n$ is greater for problem $a$ than for problem $b$, or if $a > b$ and $n$ is the same for problems $a$ and $b$.

-----Input-----
- The first line of the input contains two space-separated integers $P$ and $S$ denoting the number of problems and the number of subtasks in each problem.
- $2P$ lines follow. For each valid $i$, the $2i-1$-th of these lines contains $S$ space-separated integers $SC_1, SC_2, \dots, SC_S$ denoting the scores of the $i$-th problem's subtasks, and the $2i$-th of these lines contains $S$ space-separated integers $NS_1, NS_2, \dots, NS_S$ denoting the number of contestants who solved the $i$-th problem's subtasks.

-----Output-----
Print $P$ lines containing one integer each — the indices of the problems in the increasing order of difficulty.

-----Constraints-----
- $1 \le P \le 100,000$
- $2 \le S \le 30$
- $1 \le SC_i \le 100$ for each valid $i$
- $1 \le NS_i \le 1,000$ for each valid $i$
- in each problem, the scores of all subtasks are unique

-----Subtasks-----
Subtask #1 (25 points): $S = 2$
Subtask #2 (75 points): original constraints

-----Example Input-----
3 3
16 24 60
498 861 589
14 24 62
72 557 819
16 15 69
435 779 232

-----Example Output-----
2
1
3

The output code needs to read from and write to standard IO


[END PROBLEM]

INFO - [Task id] 1164 [prompt] 
## Instructions

Reason through the problem and:
1. Restate the problem in plain English
2. Conceptualize a solution first in plain English
3. Write a pseudocode solution
4. Output the final Python 3 solution with your solution steps in comments.

Make sure to wrap your code in '```python' and '```' Markdown delimiters, 
and include exactly one block of code with the entire solution.

No outside libraries are allowed.
Builtins are allowed.

INFO - [Task id] 1164 [prompt] 1. **Restatement of the Problem**:
   The problem involves determining the difficulty of several programming contest problems based on their subtasks. Each problem has a set of subtasks, each with a score and the number of contestants who solved it. The difficulty of a problem is defined by counting how many times the number of contestants who solved a subtask decreases as the score increases. We need to sort the problems based on their difficulty and output their indices in increasing order.

2. **Conceptualization of a Solution**:
   - Read the number of problems (P) and the number of subtasks (S).
   - For each problem, read the scores and the number of contestants who solved each subtask.
   - Pair the scores with the number of contestants and sort them based on scores.
   - Count the number of valid indices where the number of contestants decreases as the score increases.
   - Store the difficulty as a tuple (count, problem index) for each problem.
   - Sort the problems based on their difficulty and output the indices in the required order.

3. **Pseudocode Solution**:
   ```
   function calculate_difficulty(P, S, problems):
       difficulties = []
       for i from 1 to P:
           scores = problems[i][0]
           contestants = problems[i][1]
           paired = zip(scores, contestants)
           sort paired by scores
           count = 0
           for k from 1 to S-1:
               if contestants[k-1] > contestants[k]:
                   count += 1
           difficulties.append((count, i))
       sort difficulties by (count, index)
       for each difficulty in difficulties:
           print difficulty[1]
   
   read P, S
   problems = []
   for i from 1 to P:
       scores = read scores for problem i
       contestants = read contestants for problem i
       problems.append((scores, contestants))
   calculate_difficulty(P, S, problems)
   ```

4. **Final Python 3 Solution**:
```python
def calculate_difficulty(P, S, problems):
    difficulties = []
    for i in range(P):
        scores = problems[i][0]
        contestants = problems[i][1]
        paired = list(zip(scores, contestants))
        paired.sort()  # Sort by scores
        count = 0
        for k in range(1, S):
            if paired[k-1][1] > paired[k][1]:  # Compare number of contestants
                count += 1
        difficulties.append((count, i + 1))  # Store (count, problem index)
    
    difficulties.sort()  # Sort by (count, index)
    for difficulty in difficulties:
        print(difficulty[1])  # Output the problem index

# Read input
P, S = map(int, input().split())
problems = []
for _ in range(P):
    scores = list(map(int, input().split()))
    contestants = list(map(int, input().split()))
    problems.append((scores, contestants))

calculate_difficulty(P, S, problems)
```
INFO - [Task id] 1164 [prompt] 
[Environment Feedback]:
    Note: Inputs/outputs here are automatically extracted/truncated so formatting may be a bit off.
    Tests passed:

     Input: ['3 3', '16 24 60', '498 861 589', '14 24 62', '72 557 819', '16 15 69', '435 779 232'] Output: 2
    1
    3

    Tests failed:
    None
[/Environment Feedback]

INFO - [Task id] 1164 [prompt] 
Below is the official solution (do exercise discretion as official solutions can also have mistakes).

You will be reflecting on your attempts to solve the problem.
This will be a **standalone** document for your own future reference. (can skip formalities, be concise)

## Instructions
- Only include the most relevant insights and code snippets that could be useful in the future.
- If you did not learn much from the current experience (e.g. the problem was too easy / official solution was obvious), feel free to write less or nothing at all.
- Here are some ideas if the experience was useful:
    - If the official solution is insightful (e.g. better than yours in time and space complexity or more effective in breaking down the problem statement), distil the key approach of the official solution, step by step.
    - If your approach failed the test cases, reason why the official solution works but yours does not

Your reflection should be at most a few paragraphs.

## Official solution
p,s = [int(i) for i in input().split()]
scores = {}

for j in range(1, p + 1):
 sc = [int(i) for i in input().split()]
 ns = [int(i) for i in input().split()]
 nsc = dict(list(zip(sc,ns)))
 ssc = sorted(sc)
 score = 0
 for a,b in zip(ssc[:-1], ssc[1:]):
  if nsc[a] > nsc[b]:
   score += 1
 if score in list(scores.keys()) :
  scores[score].append(j)
 else :
  scores[score] = [j]

total_scores = sorted(list(scores.keys()))
final_list = []
for val in total_scores :
 final_list += sorted(scores[val])

for val in final_list :
 print(val)


INFO - [Task id] 1164 [generation text] The official solution effectively addresses the problem by utilizing a dictionary to group problems based on their calculated difficulty scores. Here are the key insights and steps from the official solution that could be useful for future reference:

1. **Input Handling**: The solution reads the number of problems and subtasks in a single line and initializes a dictionary to store the scores associated with each problem.

2. **Data Structuring**: For each problem, it reads the scores and the number of contestants who solved each subtask. It then creates a dictionary (`nsc`) that maps each score to its corresponding number of contestants. This allows for efficient lookups when comparing contestant numbers.

3. **Sorting and Counting**: The scores are sorted, and the solution iterates through the sorted scores to count how many times the number of contestants decreases as the score increases. This is done using a simple loop that compares adjacent scores.

4. **Grouping by Difficulty**: The solution uses a dictionary to group problem indices by their difficulty score. If a score already exists as a key, it appends the problem index to the list; otherwise, it creates a new entry.

5. **Final Sorting and Output**: After calculating the scores for all problems, it sorts the keys of the dictionary (the difficulty scores) and constructs a final list of problem indices in the correct order. Finally, it prints the indices.

### Key Takeaways:
- Using a dictionary to group problems by difficulty is an efficient way to manage and sort the results.
- Sorting the scores and using a loop to count decreases is straightforward and effective.
- The approach of separating the logic into clear steps (input handling, data structuring, counting, grouping, and output) enhances readability and maintainability.

This solution is efficient in terms of both time and space complexity, especially given the constraints of the problem. It avoids unnecessary complexity by leveraging Python's built-in data structures effectively.
INFO - Updated entry: In this task, I was required to determine the difficulty of programming contest problems based on their subtasks. The key concept was to count how many times the number of contestants who solved a subtask decreases as the score increases. This required sorting the subtasks by score and then compa...,

INFO - Metadata: {
    "task_id": 1164
}

INFO - Updated entry: The official solution effectively addresses the problem by utilizing a dictionary to group problems based on their calculated difficulty scores. Here are the key insights and steps from the official solution that could be useful for future reference:

1. **Input Handling**: The solution reads the...,

INFO - Metadata: {
    "task_id": 1164
}

INFO - LM call n parse attempt 1 / 3

INFO - [Task id] 1164 [prompt] 
You are a helpful assistant that writes a description of the given function written in the Python programming language.

1) Do not mention the function name.
2) Do not mention anything about helper functions.
3) There might be some helper functions before the main function, but you only need to describe the main function.
4) Try to summarize the function in no more than 6 sentences.
5) Your response should be a single line of text.

INFO - [Task id] 1164 [prompt] 
def calculate_difficulty(P, S, problems):
    difficulties = []
    for i in range(P):
        scores = problems[i][0]
        contestants = problems[i][1]
        paired = list(zip(scores, contestants))
        paired.sort()  # Sort by scores
        count = 0
        for k in range(1, S):
            if paired[k-1][1] > paired[k][1]:  # Compare number of contestants
                count += 1
        difficulties.append((count, i + 1))  # Store (count, problem index)
    
    difficulties.sort()  # Sort by (count, index)
    for difficulty in difficulties:
        print(difficulty[1])  # Output the problem index

# Read input
P, S = map(int, input().split())
problems = []
for _ in range(P):
    scores = list(map(int, input().split()))
    contestants = list(map(int, input().split()))
    problems.append((scores, contestants))

calculate_difficulty(P, S, problems)


The main function is `calculate_difficulty`.
INFO - [Task id] 1164 [generation text] This function calculates the difficulty of a set of problems based on the scores and the number of contestants for each problem. It iterates through each problem, pairing scores with the corresponding number of contestants, and counts how many times a contestant number decreases as scores are sorted. The results are stored as tuples of the count and the problem index. After processing all problems, the difficulties are sorted and the indices of the problems are printed in order of their calculated difficulty. The output provides a ranking of the problems based on their difficulty level.
INFO - LM call n parse attempt 1 / 3

INFO - [Task id] 1164 [prompt] 
You are a helpful assistant that extracts important information from problems and solutions to aid in searchability and education.

## Instructions
- Read through the problem and solution carefully.
- Reason out, step by step, in what scenarios this knowledge would be useful.
- Focus on general patterns and situations to help connect this knowledge to new situations.
- Then, include a list of keywords that are useful for searching this problem/solution pair.

## Response format
Respond in JSON, and follow the keys and expected format of the values strictly.

The output should be formatted as a JSON instance that conforms to the JSON schema below.

As an example, for the schema {"properties": {"foo": {"title": "Foo", "description": "a list of strings", "type": "array", "items": {"type": "string"}}}, "required": ["foo"]}
the object {"foo": ["bar", "baz"]} is a well-formatted instance of the schema. The object {"properties": {"foo": ["bar", "baz"]}} is not well-formatted.

Here is the output schema:
```
{"properties": {"scenarios": {"description": "In what scenarios will this knowledge be useful? Answer in a paragraph.", "title": "Scenarios", "type": "string"}, "keywords": {"description": "List of keywords that are useful for searching this problem/solution pair", "items": {"type": "string"}, "title": "Keywords", "type": "array"}}, "required": ["scenarios", "keywords"]}
```

INFO - [Task id] 1164 [prompt] 
[Problem]
    Mandarin chinese
    , Russian and Vietnamese as well.
    Chef is organising a contest with $P$ problems (numbered $1$ through $P$). Each problem has $S$ subtasks (numbered $1$ through $S$).
    The difficulty of a problem can be calculated as follows:
    - Let's denote the score of the $k$-th subtask of this problem by $SC_k$ and the number of contestants who solved it by $NS_k$.
    - Consider the subtasks sorted in the order of increasing score.
    - Calculate the number $n$ of valid indices $k$ such that $NS_k > NS_{k + 1}$.
    - For problem $i$, the difficulty is a pair of integers $(n, i)$.
    You should sort the problems in the increasing order of difficulty levels. Since difficulty level is a pair, problem $a$ is more difficult than problem $b$ if the number $n$ is greater for problem $a$ than for problem $b$, or if $a > b$ and $n$ is the same for problems $a$ and $b$.

    -----Input-----
    - The first line of the input contains two space-separated integers $P$ and $S$ denoting the number of problems and the number of subtasks in each problem.
    - $2P$ lines follow. For each valid $i$, the $2i-1$-th of these lines contains $S$ space-separated integers $SC_1, SC_2, \dots, SC_S$ denoting the scores of the $i$-th problem's subtasks, and the $2i$-th of these lines contains $S$ space-separated integers $NS_1, NS_2, \dots, NS_S$ denoting the number of contestants who solved the $i$-th problem's subtasks.

    -----Output-----
    Print $P$ lines containing one integer each — the indices of the problems in the increasing order of difficulty.

    -----Constraints-----
    - $1 \le P \le 100,000$
    - $2 \le S \le 30$
    - $1 \le SC_i \le 100$ for each valid $i$
    - $1 \le NS_i \le 1,000$ for each valid $i$
    - in each problem, the scores of all subtasks are unique

    -----Subtasks-----
    Subtask #1 (25 points): $S = 2$
    Subtask #2 (75 points): original constraints

    -----Example Input-----
    3 3
    16 24 60
    498 861 589
    14 24 62
    72 557 819
    16 15 69
    435 779 232

    -----Example Output-----
    2
    1
    3
[/Problem]

[Solution]

    def calculate_difficulty(P, S, problems):
        difficulties = []
        for i in range(P):
            scores = problems[i][0]
            contestants = problems[i][1]
            paired = list(zip(scores, contestants))
            paired.sort()  # Sort by scores
            count = 0
            for k in range(1, S):
                if paired[k-1][1] > paired[k][1]:  # Compare number of contestants
                    count += 1
            difficulties.append((count, i + 1))  # Store (count, problem index)
    
        difficulties.sort()  # Sort by (count, index)
        for difficulty in difficulties:
            print(difficulty[1])  # Output the problem index

    # Read input
    P, S = map(int, input().split())
    problems = []
    for _ in range(P):
        scores = list(map(int, input().split()))
        contestants = list(map(int, input().split()))
        problems.append((scores, contestants))

    calculate_difficulty(P, S, problems)

[/Solution]

INFO - [Task id] 1164 [generation text] 
INFO - {
    "scenarios": "This knowledge is useful in competitive programming and algorithm design, particularly in problems involving sorting and ranking based on multiple criteria. It can be applied in scenarios where tasks or problems need to be evaluated based on performance metrics, such as difficulty levels, scores, or completion rates. Understanding how to calculate and compare these metrics can help in designing contests, educational assessments, or any system that requires ranking based on performance data.",
    "keywords": [
        "contest",
        "difficulty calculation",
        "sorting problems",
        "subtasks",
        "competitive programming",
        "performance metrics",
        "ranking",
        "algorithm design"
    ]
}
INFO - {
    "scenarios": "This knowledge is useful in competitive programming and algorithm design, particularly in problems involving sorting and ranking based on multiple criteria. It can be applied in scenarios where tasks or problems need to be evaluated based on performance metrics, such as difficulty levels, scores, or completion rates. Understanding how to calculate and compare these metrics can help in designing contests, educational assessments, or any system that requires ranking based on performance data.",
    "keywords": [
        "contest",
        "difficulty calculation",
        "sorting problems",
        "subtasks",
        "competitive programming",
        "performance metrics",
        "ranking",
        "algorithm design"
    ]
}
INFO - Updated entry: 
[description for function: calculate_difficulty]
This function calculates the difficulty of a set of problems based on the scores and the number of contestants for each problem. It iterates through each problem, pairing scores with the corresponding number of contestants, and counts how many tim...,

INFO - Metadata: {
    "task": 1164,
    "code": "\ndef calculate_difficulty(P, S, problems):\n    difficulties = []\n    for i in range(P):\n        scores = problems[i][0]\n        contestants = problems[i][1]\n        paired = list(zip(scores, contestants))\n        paired.sort()  # Sort by scores\n        cou...

