INFO - DB skill doc count: 0

INFO - DB non_func doc count: 30

INFO - DB semantic doc count: 429

INFO - DB summaries doc count: 41

INFO - DB reflections doc count: 41

INFO - DB episodic doc count: 83

INFO - [train iter]: 41/100 

INFO - The task prompt is Tara was completing an Algorithms assignment and got stuck on a question. She thought of who can help her, and got reminded of Kabir who has good problem solving skills. The question is:
Given N$N$ the number of elements in the sequence A1$A_1$,A2$A_2$ … An$A_n$. Find out the prime factor which o...

INFO - Attempting task_id 759
INFO - LM call n parse attempt 1 / 3

INFO - [Task id] 759 [prompt] 
You are an expert programmer tasked with solving the problem below.

Follow the user's instructions to solve the problem.
The user can ask for analysis, code, or both.

## Instructions
When asked to output code,
- Make sure to wrap your code in '```python' and '```' Markdown delimiters, 
- include exactly one block of code with the entire solution
- No outside libraries are allowed. 
- Builtins are allowed.
- If the task specifies a function name to be used, follow it strictly (be case sensitive!) and declare the that function last (helper functions are declared first).
- DO NOT write any assert statements / tests.

## Problem
[BEGIN PROBLEM]
Tara was completing an Algorithms assignment and got stuck on a question. She thought of who can help her, and got reminded of Kabir who has good problem solving skills. The question is:
Given N$N$ the number of elements in the sequence A1$A_1$,A2$A_2$ … An$A_n$. Find out the prime factor which occurred maximum number of times among the largest prime factor corresponding to each element. if there are more than one such prime factors print the largest one.
You are friends with Kabir, help him to solve the problem for Tara.

-----Input:-----
- The first line of the input contains a single integer T$T$ denoting the number of test cases. The description of T test cases follows. 
- First line of each test case contains N$N$, the number of elements in the sequence.
- Second line contains N space separated elements A1$A_1$,A2$A_2$ … An$A_n$.

-----Output:-----
- For each test case, print a single line, the number which occurs maximum number of times from the largest prime factor corresponding to each element.

-----Constraints-----
- 1≤T≤10$1 \leq T \leq 10$
- 1≤N≤105$1 \leq N \leq 10^5$
- 2≤A[i]≤105$2 \leq A[i] \leq 10^5$

-----Sample Input:-----
1
7

3 2 15 6 8 5 10

-----Sample Output:-----
5

-----EXPLANATION:-----
The largest prime factors of numbers are:
3 2  5  3  2  5  5 , of which 5 is most frequent.

The output code needs to read from and write to standard IO


[END PROBLEM]

INFO - [Task id] 759 [prompt] 
## Instructions

Reason through the problem and:
1. Restate the problem in plain English
2. Conceptualize a solution first in plain English
3. Write a pseudocode solution
4. Output the final Python 3 solution with your solution steps in comments.

Make sure to wrap your code in '```python' and '```' Markdown delimiters, 
and include exactly one block of code with the entire solution.

No outside libraries are allowed.
Builtins are allowed.

INFO - [Task id] 759 [generation text] 1. **Restate the problem in plain English:**
   We need to find the prime factor that appears most frequently among the largest prime factors of a list of numbers for multiple test cases. If there are ties in frequency, we should return the largest prime factor.

2. **Conceptualize a solution first in plain English:**
   - For each test case, read the number of elements and the elements themselves.
   - For each element, determine its largest prime factor.
   - Count how many times each largest prime factor appears.
   - Identify the prime factor that appears the most frequently. If there are multiple, select the largest one.
   - Print the result for each test case.

3. **Write a pseudocode solution:**
   ```
   function largest_prime_factor(n):
       Initialize largest_prime as 1
       for i from 2 to sqrt(n):
           while n is divisible by i:
               largest_prime = i
               n = n / i
       if n > 1:
           largest_prime = n
       return largest_prime

   function find_most_frequent_prime_factors(test_cases):
       for each test case:
           read N
           read the list of numbers
           Initialize a dictionary to count occurrences of largest prime factors
           for each number in the list:
               largest_prime = largest_prime_factor(number)
               increment the count of largest_prime in the dictionary
           Determine the prime factor with the maximum count
           if there are ties, select the largest prime factor
           print the result
   ```

4. **Output the final Python 3 solution with your solution steps in comments:**
```python
def largest_prime_factor(n):
    # Initialize the largest prime factor
    largest_prime = 1
    # Check for factors from 2 to the square root of n
    for i in range(2, int(n**0.5) + 1):
        # While i divides n, update largest_prime and reduce n
        while n % i == 0:
            largest_prime = i
            n //= i
    # If n is still greater than 1, then it is prime
    if n > 1:
        largest_prime = n
    return largest_prime

def find_most_frequent_prime_factors():
    import sys
    input = sys.stdin.read
    data = input().splitlines()
    
    index = 0
    T = int(data[index])  # Read number of test cases
    index += 1
    results = []
    
    for _ in range(T):
        N = int(data[index])  # Read number of elements
        index += 1
        elements = list(map(int, data[index].split()))  # Read the elements
        index += 1
        
        # Dictionary to count occurrences of largest prime factors
        prime_count = {}
        
        for number in elements:
            largest_prime = largest_prime_factor(number)  # Get largest prime factor
            if largest_prime in prime_count:
                prime_count[largest_prime] += 1
            else:
                prime_count[largest_prime] = 1
        
        # Find the prime factor with the maximum count
        max_count = -1
        result_prime = -1
        
        for prime, count in prime_count.items():
            if count > max_count or (count == max_count and prime > result_prime):
                max_count = count
                result_prime = prime
        
        results.append(result_prime)  # Store the result for this test case
    
    # Print all results for each test case
    for result in results:
        print(result)

```
INFO - [35m Rollout attempt 1/4[0m
INFO - [33m Retrieving 3 entries for db: episodic 
 [0m
INFO - Retrieved (score=0.4143):

[Task]:
    The MarkiT online virtual market startup wants to organize its grand opening in NIT Patna.
    but they want maximum crowd for their inauguration. So the manager told  this  to Praveen a student in NITP who suggested them:
    The first-year students come to campus  every x hour,
   ...


INFO - Retrieved (score=0.4206):

[Task]:
    The MarkiT online virtual market startup wants to organize its grand opening in NIT Patna.
    but they want maximum crowd for their inauguration. So the manager told  this  to Praveen a student in NITP who suggested them:
    The first-year students come to campus  every x hour,
   ...


INFO - Retrieved (score=0.4245):

[Task]:
    The chef is trying to solve some series problems, Chef wants your help to code it. Chef has one number N. Help the chef to find N'th number in the series.
    0, 1, 5, 14, 30, 55 …..

    -----Input:-----
    - First-line will contain $T$, the number of test cases. Then the test case...


INFO - [33m Retrieving 3 entries for db: semantic 
 [0m
INFO - Retrieved (score=0.4400):
Chapter: Number theory
Section: Primes and factors
Part: 2/2
$};
\node at (13.5,1.5) {$15$};
\node at (14.5,1.5) {$16$};
\node at (15.5,1.5) {$17$};
\node at (16.5,1.5) {$18$};
\node at (17.5,1.5) {$19$};
\node at (18.5,1.5) {$20$};

\end{tikzpicture}
\end{center}

The following code implements t...


INFO - Retrieved (score=0.4448):
Title: Finding Power of Factorial Divisor
Part: 1/1
# Finding Power of Factorial Divisor

You are given two numbers $n$ and $k$. Find the largest power of $k$ $x$ such that $n!$ is divisible by $k^x$.

## Prime $k$ {data-toc-label="Prime k"}

Let's first consider the case of prime $k$. The explic...


INFO - Retrieved (score=0.4491):
Title: Integer factorization
Part: 1/3
# Integer factorization

In this article we list several algorithms for factorizing integers, each of them can be both fast and also slow (some slower than others) depending on their input.

Notice, if the number that you want to factorize is actually a prim...


INFO - [33m Retrieving 3 entries for db: reflections 
 [0m
INFO - Retrieved (score=0.4170):
The official solution effectively simplifies the problem by leveraging arithmetic properties of multiples of 10. The key steps in the official solution are as follows:

1. **Input Handling**: It reads the number of test cases and the value of N for each case.
2. **Finding the Largest Multiple of ...


INFO - Retrieved (score=0.4280):
The official solution provides a more efficient approach to solving the problem of reducing a positive integer `n` to `1` through a series of operations. While my initial recursive solution was conceptually sound, it could lead to excessive function calls and potential stack overflow for larger v...


INFO - Retrieved (score=0.4445):
The official solution employs a precomputation strategy to efficiently handle the factorial calculations modulo \(10^6 + 3\). Here are the key insights from the official solution:

1. **Precomputation of Factorials**: The solution initializes a list `a` to store the factorial values modulo \(10^6...


INFO - [33m Retrieving 3 entries for db: summaries 
 [0m
INFO - Retrieved (score=0.3783):
In this task, the goal was to find the N'th number in a specific series: 0, 1, 5, 14, 30, 55, ... for multiple test cases. Initially, I attempted to derive a formula for the series but mistakenly used an incorrect formula that did not correspond to the series, leading to incorrect outputs.

Upon ...


INFO - Retrieved (score=0.3824):
The task was to calculate the sum of all multiples of 10 that are less than or equal to a given number "N" for multiple test cases. The solution involved identifying the largest multiple of 10 less than or equal to N, calculating the number of terms in the series of multiples of 10, and then usin...


INFO - Retrieved (score=0.3984):
In this task, I was required to calculate the number of particles in a box at a given time `N`, starting with `X` particles at time `t=0`. The challenge was to compute the result efficiently, especially since `N` could be as large as \(10^{18}\). The key insight was recognizing that the factorial...


INFO - [33m Retrieving 3 entries for db: non_func 
 [0m
INFO - Retrieved (score=0.4557):

[description for function: main]
The function reads an integer input representing the number of test cases and then iterates through each test case to read an integer value. For each value, it calculates the N'th number in a specific series using a predefined formula. The result of the calculati...


INFO - Retrieved (score=0.4984):

[description for function: main]
This function processes multiple test cases by reading the number of cases and iterating through each one. For each test case, it reads two integers, N and X, which represent the time and initial number of particles, respectively. It then calculates the number of...


INFO - Retrieved (score=0.5140):

[description for function: main]
This function reads an integer input representing the number of test cases and then iterates through each test case to read an integer value. For each value, it calculates the sum of all multiples of 10 that are less than or equal to that integer. The results are...


INFO - Retrieved (score=0.3783): 
[Summary]:
    In this task, the goal was to find the N'th number in a specific series: 0, 1, 5, 14, 30, 55, ... for multiple test cases. Initially, I attempted to derive a formula for the series but mistakenly used an incorrect formula that did not correspond to the series, leading to incorrect...
INFO - Retrieved (score=0.3824): 
[Summary]:
    The task was to calculate the sum of all multiples of 10 that are less than or equal to a given number "N" for multiple test cases. The solution involved identifying the largest multiple of 10 less than or equal to N, calculating the number of terms in the series of multiples of 1...
INFO - Retrieved (score=0.3984): 
[Summary]:
    In this task, I was required to calculate the number of particles in a box at a given time `N`, starting with `X` particles at time `t=0`. The challenge was to compute the result efficiently, especially since `N` could be as large as \(10^{18}\). The key insight was recognizing th...
INFO - LM call n parse attempt 1 / 3

INFO - [Task id] 759 [prompt] 
You are an expert programmer tasked with solving the problem below.

Follow the user's instructions to solve the problem.
The user can ask for analysis, code, or both.

## Instructions
When asked to output code,
- Make sure to wrap your code in '```python' and '```' Markdown delimiters, 
- include exactly one block of code with the entire solution
- No outside libraries are allowed. 
- Builtins are allowed.
- If the task specifies a function name to be used, follow it strictly (be case sensitive!) and declare the that function last (helper functions are declared first).
- DO NOT write any assert statements / tests.

## Problem
[BEGIN PROBLEM]
Tara was completing an Algorithms assignment and got stuck on a question. She thought of who can help her, and got reminded of Kabir who has good problem solving skills. The question is:
Given N$N$ the number of elements in the sequence A1$A_1$,A2$A_2$ … An$A_n$. Find out the prime factor which occurred maximum number of times among the largest prime factor corresponding to each element. if there are more than one such prime factors print the largest one.
You are friends with Kabir, help him to solve the problem for Tara.

-----Input:-----
- The first line of the input contains a single integer T$T$ denoting the number of test cases. The description of T test cases follows. 
- First line of each test case contains N$N$, the number of elements in the sequence.
- Second line contains N space separated elements A1$A_1$,A2$A_2$ … An$A_n$.

-----Output:-----
- For each test case, print a single line, the number which occurs maximum number of times from the largest prime factor corresponding to each element.

-----Constraints-----
- 1≤T≤10$1 \leq T \leq 10$
- 1≤N≤105$1 \leq N \leq 10^5$
- 2≤A[i]≤105$2 \leq A[i] \leq 10^5$

-----Sample Input:-----
1
7

3 2 15 6 8 5 10

-----Sample Output:-----
5

-----EXPLANATION:-----
The largest prime factors of numbers are:
3 2  5  3  2  5  5 , of which 5 is most frequent.

The output code needs to read from and write to standard IO


[END PROBLEM]

INFO - [Task id] 759 [prompt] 
## Instructions

Reason through the problem and:
1. Restate the problem in plain English
2. Conceptualize a solution first in plain English
3. Write a pseudocode solution
4. Output the final Python 3 solution with your solution steps in comments.

Make sure to wrap your code in '```python' and '```' Markdown delimiters, 
and include exactly one block of code with the entire solution.

No outside libraries are allowed.
Builtins are allowed.

INFO - [Task id] 759 [prompt] 
Also, here are some of your memories.
Feel free to use the given information to aid your problem solving process if necessary.
Do not confuse the memories with the problem statement.

## Memories

[Summary]:
    In this task, the goal was to find the N'th number in a specific series: 0, 1, 5, 14, 30, 55, ... for multiple test cases. Initially, I attempted to derive a formula for the series but mistakenly used an incorrect formula that did not correspond to the series, leading to incorrect outputs.

    Upon analyzing the series, I identified that the differences between consecutive terms were perfect squares, which led to the realization that the N'th term could be computed as the sum of the first (N-1) perfect squares. The correct formula for the N'th term is:
    - T(N) = (N-1) * N * (2(N-1) + 1) / 6

    This formula was derived from the known formula for the sum of squares. After implementing this corrected formula, the code produced the expected results for all test cases.

    The final working code is as follows:

    ```python
    def calculate_nth_number(N):
        if N == 1:
            return 0
        else:
            return (N - 1) * N * (2 * (N - 1) + 1) // 6

    def main():
        T = int(input())  # Read the number of test cases
        for _ in range(T):
            N = int(input())  # Read each test case value N
            result = calculate_nth_number(N)  # Calculate the N'th number
            print(result)  # Output the result

    main()
    ```

    This experience reinforced the importance of carefully analyzing patterns in sequences and ensuring that the derived formulas are correct before implementation.
[/Summary]


[Summary]:
    The task was to calculate the sum of all multiples of 10 that are less than or equal to a given number "N" for multiple test cases. The solution involved identifying the largest multiple of 10 less than or equal to N, calculating the number of terms in the series of multiples of 10, and then using the formula for the sum of an arithmetic series to compute the result efficiently.

    The core concept tested here was the ability to work with arithmetic series and integer division to find multiples. The approach was straightforward: determine the largest multiple of 10, count how many multiples exist up to that point, and apply the sum formula. This method is efficient and avoids any potential issues with large numbers, as Python handles large integers natively.

    The final implementation was successful, and the code was structured to read input, process each test case, and output results correctly. The key takeaway is the importance of understanding arithmetic series and how to leverage mathematical formulas for efficient computation, especially when dealing with potentially large inputs. 

    Here’s the final code snippet for reference:

    ```python
    def sum_of_multiples_of_10(N):
        largest_multiple = (N // 10) * 10
        number_of_terms = largest_multiple // 10
        sum = (number_of_terms * (10 + largest_multiple)) // 2
        return sum

    def main():
        T = int(input())
        for _ in range(T):
            N = int(input())
            result = sum_of_multiples_of_10(N)
            print(result)

    main()
    ``` 

    This experience reinforced the value of mathematical insights in programming challenges, particularly in optimizing solutions for large input sizes.
[/Summary]


[Summary]:
    In this task, I was required to calculate the number of particles in a box at a given time `N`, starting with `X` particles at time `t=0`. The challenge was to compute the result efficiently, especially since `N` could be as large as \(10^{18}\). The key insight was recognizing that the factorial of `N` would grow rapidly, and thus, calculating it directly was impractical. Instead, I utilized modular arithmetic to keep the calculations manageable.

    The solution involved defining two main functions: one for calculating the factorial modulo \(10^6 + 3\) and another for computing the number of particles based on the factorial and the initial count `X`. A critical optimization was to return `0` if `N` was greater than or equal to \(10^6 + 3\), as the factorial would be `0` in that case.

    The final implementation successfully handled the input and output requirements, and the logic was sound, as evidenced by passing the provided test cases. The code structure was clear, with helper functions defined before the main logic, adhering to best practices in programming. 

    Key code snippets:
    ```python
    def factorial_mod(n, mod):
        result = 1
        for i in range(1, n + 1):
            result = (result * i) % mod
        return result

    def calculate_particles(N, X):
        mod = 1000003
        if N >= mod:
            return 0
        factorial_value = factorial_mod(N, mod)
        return (factorial_value * X) % mod
    ``` 

    This experience reinforced the importance of modular arithmetic in handling large numbers and the need for efficient algorithms in competitive programming contexts.
[/Summary]


INFO - [Task id] 759 [generation text] 1. **Restate the problem in plain English:**
   The task is to find the prime factor that appears most frequently among the largest prime factors of a list of numbers. If there are multiple prime factors with the same maximum frequency, we should return the largest one.

2. **Conceptualize a solution first in plain English:**
   - For each test case, read the number of elements and the elements themselves.
   - For each element, determine its largest prime factor.
   - Count how many times each largest prime factor appears.
   - Identify the prime factor that appears the most frequently. If there is a tie, select the largest prime factor.

3. **Write a pseudocode solution:**
   ```
   function largest_prime_factor(n):
       Initialize largest_prime to 1
       for i from 2 to sqrt(n):
           while n is divisible by i:
               largest_prime = i
               n = n / i
       if n > 1:
           largest_prime = n
       return largest_prime

   function main():
       Read T (number of test cases)
       for each test case:
           Read N (number of elements)
           Read the list of N elements
           Initialize a frequency dictionary
           for each element in the list:
               largest_factor = largest_prime_factor(element)
               Increment the count of largest_factor in the frequency dictionary
           Determine the prime factor with the maximum frequency
           If there is a tie, select the largest prime factor
           Print the result
   ```

4. **Output the final Python 3 solution with your solution steps in comments:**
```python
def largest_prime_factor(n):
    # Initialize the largest prime factor
    largest_prime = 1
    # Check for number of 2s that divide n
    while n % 2 == 0:
        largest_prime = 2
        n //= 2
    # n must be odd at this point, so we can skip even numbers
    for i in range(3, int(n**0.5) + 1, 2):
        while n % i == 0:
            largest_prime = i
            n //= i
    # This condition is to check if n is a prime number greater than 2
    if n > 2:
        largest_prime = n
    return largest_prime

def main():
    T = int(input())  # Read the number of test cases
    for _ in range(T):
        N = int(input())  # Read the number of elements in the sequence
        elements = list(map(int, input().split()))  # Read the elements
        frequency = {}  # Dictionary to count occurrences of largest prime factors
        
        # Find the largest prime factor for each element
        for element in elements:
            largest_factor = largest_prime_factor(element)
            if largest_factor in frequency:
                frequency[largest_factor] += 1
            else:
                frequency[largest_factor] = 1
        
        # Determine the prime factor with the maximum frequency
        max_count = 0
        result = 0
        for prime, count in frequency.items():
            if count > max_count or (count == max_count and prime > result):
                max_count = count
                result = prime
        
        print(result)  # Output the result for the test case

main()
```
INFO - program_code:
 
def largest_prime_factor(n):
    # Initialize the largest prime factor
    largest_prime = 1
    # Check for number of 2s that divide n
    while n % 2 == 0:
        largest_prime = 2
        n //= 2
    # n must be odd at this point, so we can skip even numbers
    for i in range(3, int(n**0.5) + 1, 2):
        while n % i == 0:
            largest_prime = i
            n //= i
    # This condition is to check if n is a prime number greater than 2
    if n > 2:
        largest_prime = n
    return largest_prime

def main():
    T = int(input())  # Read the number of test cases
    for _ in range(T):
        N = int(input())  # Read the number of elements in the sequence
        elements = list(map(int, input().split()))  # Read the elements
        frequency = {}  # Dictionary to count occurrences of largest prime factors
        
        # Find the largest prime factor for each element
        for element in elements:
            largest_factor = largest_prime_factor(element)
            if largest_factor in frequency:
                frequency[largest_factor] += 1
            else:
                frequency[largest_factor] = 1
        
        # Determine the prime factor with the maximum frequency
        max_count = 0
        result = 0
        for prime, count in frequency.items():
            if count > max_count or (count == max_count and prime > result):
                max_count = count
                result = prime
        
        print(result)  # Output the result for the test case

main()


INFO - program_name:
 main

INFO - dependencies:
 []

INFO - raw_msg:
 1. **Restate the problem in plain English:**
   The task is to find the prime factor that appears most frequently among the largest prime factors of a list of numbers. If there are multiple prime factors with the same maximum frequency, we should return the largest one.

2. **Conceptualize a solution first in plain English:**
   - For each test case, read the number of elements and the elements themselves.
   - For each element, determine its largest prime factor.
   - Count how many times each largest prime factor appears.
   - Identify the prime factor that appears the most frequently. If there is a tie, select the largest prime factor.

3. **Write a pseudocode solution:**
   ```
   function largest_prime_factor(n):
       Initialize largest_prime to 1
       for i from 2 to sqrt(n):
           while n is divisible by i:
               largest_prime = i
               n = n / i
       if n > 1:
           largest_prime = n
       return largest_prime

   function main():
       Read T (number of test cases)
       for each test case:
           Read N (number of elements)
           Read the list of N elements
           Initialize a frequency dictionary
           for each element in the list:
               largest_factor = largest_prime_factor(element)
               Increment the count of largest_factor in the frequency dictionary
           Determine the prime factor with the maximum frequency
           If there is a tie, select the largest prime factor
           Print the result
   ```

4. **Output the final Python 3 solution with your solution steps in comments:**
```python
def largest_prime_factor(n):
    # Initialize the largest prime factor
    largest_prime = 1
    # Check for number of 2s that divide n
    while n % 2 == 0:
        largest_prime = 2
        n //= 2
    # n must be odd at this point, so we can skip even numbers
    for i in range(3, int(n**0.5) + 1, 2):
        while n % i == 0:
            largest_prime = i
            n //= i
    # This condition is to check if n is a prime number greater than 2
    if n > 2:
        largest_prime = n
    return largest_prime

def main():
    T = int(input())  # Read the number of test cases
    for _ in range(T):
        N = int(input())  # Read the number of elements in the sequence
        elements = list(map(int, input().split()))  # Read the elements
        frequency = {}  # Dictionary to count occurrences of largest prime factors
        
        # Find the largest prime factor for each element
        for element in elements:
            largest_factor = largest_prime_factor(element)
            if largest_factor in frequency:
                frequency[largest_factor] += 1
            else:
                frequency[largest_factor] = 1
        
        # Determine the prime factor with the maximum frequency
        max_count = 0
        result = 0
        for prime, count in frequency.items():
            if count > max_count or (count == max_count and prime > result):
                max_count = count
                result = prime
        
        print(result)  # Output the result for the test case

main()
```

INFO - no_parent:
 False

INFO - full code to be executed: 
 
def largest_prime_factor(n):
    # Initialize the largest prime factor
    largest_prime = 1
    # Check for number of 2s that divide n
    while n % 2 == 0:
        largest_prime = 2
        n //= 2
    # n must be odd at this point, so we can skip even numbers
    for i in range(3, int(n**0.5) + 1, 2):
        while n % i == 0:
            largest_prime = i
            n //= i
    # This condition is to check if n is a prime number greater than 2
    if n > 2:
        largest_prime = n
    return largest_prime

def main():
    T = int(input())  # Read the number of test cases
    for _ in range(T):
        N = int(input())  # Read the number of elements in the sequence
        elements = list(map(int, input().split()))  # Read the elements
        frequency = {}  # Dictionary to count occurrences of largest prime factors
        
        # Find the largest prime factor for each element
        for element in elements:
            largest_factor = largest_prime_factor(element)
            if largest_factor in frequency:
                frequency[largest_factor] += 1
            else:
                frequency[largest_factor] = 1
        
        # Determine the prime factor with the maximum frequency
        max_count = 0
        result = 0
        for prime, count in frequency.items():
            if count > max_count or (count == max_count and prime > result):
                max_count = count
                result = prime
        
        print(result)  # Output the result for the test case

main()


INFO - obs: Note: Inputs/outputs here are automatically extracted/truncated so formatting may be a bit off.
Tests passed:

 Input: ['1', '7', '3 2 15 6 8 5 10'] Output: 5

Tests failed:
None
reward: True
done: None
info: {'individual_results': [True]}
INFO - Updated entry: 
[Task]:
    Tara was completing an Algorithms assignment and got stuck on a question. She thought of who can help her, and got reminded of Kabir who has good problem solving skills. The question is:
    Given N$N$ the number of elements in the sequence A1$A_1$,A2$A_2$ … An$A_n$. Find out the pri...,

INFO - Metadata: {
    "raw_msg": "1. **Restate the problem in plain English:**\n   The task is to find the prime factor that appears most frequently among the largest prime factors of a list of numbers. If there are multiple prime factors with the same maximum frequency, we should return the largest one.\n\n2. *...

INFO - LM call n parse attempt 1 / 3

INFO - [Task id] 759 [prompt] 
You are an expert programmer tasked with solving the problem below.

Follow the user's instructions to solve the problem.
The user can ask for analysis, code, or both.

## Instructions
When asked to output code,
- Make sure to wrap your code in '```python' and '```' Markdown delimiters, 
- include exactly one block of code with the entire solution
- No outside libraries are allowed. 
- Builtins are allowed.
- If the task specifies a function name to be used, follow it strictly (be case sensitive!) and declare the that function last (helper functions are declared first).
- DO NOT write any assert statements / tests.

## Problem
[BEGIN PROBLEM]
Tara was completing an Algorithms assignment and got stuck on a question. She thought of who can help her, and got reminded of Kabir who has good problem solving skills. The question is:
Given N$N$ the number of elements in the sequence A1$A_1$,A2$A_2$ … An$A_n$. Find out the prime factor which occurred maximum number of times among the largest prime factor corresponding to each element. if there are more than one such prime factors print the largest one.
You are friends with Kabir, help him to solve the problem for Tara.

-----Input:-----
- The first line of the input contains a single integer T$T$ denoting the number of test cases. The description of T test cases follows. 
- First line of each test case contains N$N$, the number of elements in the sequence.
- Second line contains N space separated elements A1$A_1$,A2$A_2$ … An$A_n$.

-----Output:-----
- For each test case, print a single line, the number which occurs maximum number of times from the largest prime factor corresponding to each element.

-----Constraints-----
- 1≤T≤10$1 \leq T \leq 10$
- 1≤N≤105$1 \leq N \leq 10^5$
- 2≤A[i]≤105$2 \leq A[i] \leq 10^5$

-----Sample Input:-----
1
7

3 2 15 6 8 5 10

-----Sample Output:-----
5

-----EXPLANATION:-----
The largest prime factors of numbers are:
3 2  5  3  2  5  5 , of which 5 is most frequent.

The output code needs to read from and write to standard IO


[END PROBLEM]

INFO - [Task id] 759 [prompt] 
## Instructions

Reason through the problem and:
1. Restate the problem in plain English
2. Conceptualize a solution first in plain English
3. Write a pseudocode solution
4. Output the final Python 3 solution with your solution steps in comments.

Make sure to wrap your code in '```python' and '```' Markdown delimiters, 
and include exactly one block of code with the entire solution.

No outside libraries are allowed.
Builtins are allowed.

INFO - [Task id] 759 [prompt] 1. **Restate the problem in plain English:**
   The task is to find the prime factor that appears most frequently among the largest prime factors of a list of numbers. If there are multiple prime factors with the same maximum frequency, we should return the largest one.

2. **Conceptualize a solution first in plain English:**
   - For each test case, read the number of elements and the elements themselves.
   - For each element, determine its largest prime factor.
   - Count how many times each largest prime factor appears.
   - Identify the prime factor that appears the most frequently. If there is a tie, select the largest prime factor.

3. **Write a pseudocode solution:**
   ```
   function largest_prime_factor(n):
       Initialize largest_prime to 1
       for i from 2 to sqrt(n):
           while n is divisible by i:
               largest_prime = i
               n = n / i
       if n > 1:
           largest_prime = n
       return largest_prime

   function main():
       Read T (number of test cases)
       for each test case:
           Read N (number of elements)
           Read the list of N elements
           Initialize a frequency dictionary
           for each element in the list:
               largest_factor = largest_prime_factor(element)
               Increment the count of largest_factor in the frequency dictionary
           Determine the prime factor with the maximum frequency
           If there is a tie, select the largest prime factor
           Print the result
   ```

4. **Output the final Python 3 solution with your solution steps in comments:**
```python
def largest_prime_factor(n):
    # Initialize the largest prime factor
    largest_prime = 1
    # Check for number of 2s that divide n
    while n % 2 == 0:
        largest_prime = 2
        n //= 2
    # n must be odd at this point, so we can skip even numbers
    for i in range(3, int(n**0.5) + 1, 2):
        while n % i == 0:
            largest_prime = i
            n //= i
    # This condition is to check if n is a prime number greater than 2
    if n > 2:
        largest_prime = n
    return largest_prime

def main():
    T = int(input())  # Read the number of test cases
    for _ in range(T):
        N = int(input())  # Read the number of elements in the sequence
        elements = list(map(int, input().split()))  # Read the elements
        frequency = {}  # Dictionary to count occurrences of largest prime factors
        
        # Find the largest prime factor for each element
        for element in elements:
            largest_factor = largest_prime_factor(element)
            if largest_factor in frequency:
                frequency[largest_factor] += 1
            else:
                frequency[largest_factor] = 1
        
        # Determine the prime factor with the maximum frequency
        max_count = 0
        result = 0
        for prime, count in frequency.items():
            if count > max_count or (count == max_count and prime > result):
                max_count = count
                result = prime
        
        print(result)  # Output the result for the test case

main()
```
INFO - [Task id] 759 [prompt] 
[Environment Feedback]:
    Note: Inputs/outputs here are automatically extracted/truncated so formatting may be a bit off.
    Tests passed:

     Input: ['1', '7', '3 2 15 6 8 5 10'] Output: 5

    Tests failed:
    None
[/Environment Feedback]

INFO - [Task id] 759 [prompt] 
## Instructions
Now, summarize your attempts as a **standalone** document for your own future reference. (can skip formalities, be concise)

- Only include the most relevant information and code snippets that could be useful in the future.
- If you did not learn much from the current experience (e.g. the problem was too easy), feel free to write less or nothing at all.
- Here are some ideas if the experience was useful:
    - Identifying the core concepts and patterns that problem appears to test for
    - Describing the strategies that seemed to work but did not, and vice versa
    - Describing unexpected errors and how they were fixed

Your summary should be at most a few paragraphs.

INFO - [Task id] 759 [generation text] In this task, the goal was to find the most frequently occurring largest prime factor from a list of integers across multiple test cases. The solution involved determining the largest prime factor for each integer and counting their occurrences.

Key concepts included:
- Efficiently finding the largest prime factor using trial division, which involved checking divisibility starting from the smallest prime (2) and then moving to odd numbers.
- Using a dictionary to keep track of the frequency of each largest prime factor encountered.

The implemented solution successfully handled the input and output requirements, and it passed the provided test case. The code structure was clear, with a dedicated function for finding the largest prime factor and a main function to manage input and output.

The final code snippet is as follows:

```python
def largest_prime_factor(n):
    largest_prime = 1
    while n % 2 == 0:
        largest_prime = 2
        n //= 2
    for i in range(3, int(n**0.5) + 1, 2):
        while n % i == 0:
            largest_prime = i
            n //= i
    if n > 2:
        largest_prime = n
    return largest_prime

def main():
    T = int(input())
    for _ in range(T):
        N = int(input())
        elements = list(map(int, input().split()))
        frequency = {}
        
        for element in elements:
            largest_factor = largest_prime_factor(element)
            if largest_factor in frequency:
                frequency[largest_factor] += 1
            else:
                frequency[largest_factor] = 1
        
        max_count = 0
        result = 0
        for prime, count in frequency.items():
            if count > max_count or (count == max_count and prime > result):
                max_count = count
                result = prime
        
        print(result)

main()
```

This experience reinforced the importance of efficient algorithms for prime factorization and the utility of dictionaries for counting occurrences in competitive programming tasks.
INFO - LM call n parse attempt 1 / 3

INFO - [Task id] 759 [prompt] 
You are an expert programmer tasked with solving the problem below.

Follow the user's instructions to solve the problem.
The user can ask for analysis, code, or both.

## Instructions
When asked to output code,
- Make sure to wrap your code in '```python' and '```' Markdown delimiters, 
- include exactly one block of code with the entire solution
- No outside libraries are allowed. 
- Builtins are allowed.
- If the task specifies a function name to be used, follow it strictly (be case sensitive!) and declare the that function last (helper functions are declared first).
- DO NOT write any assert statements / tests.

## Problem
[BEGIN PROBLEM]
Tara was completing an Algorithms assignment and got stuck on a question. She thought of who can help her, and got reminded of Kabir who has good problem solving skills. The question is:
Given N$N$ the number of elements in the sequence A1$A_1$,A2$A_2$ … An$A_n$. Find out the prime factor which occurred maximum number of times among the largest prime factor corresponding to each element. if there are more than one such prime factors print the largest one.
You are friends with Kabir, help him to solve the problem for Tara.

-----Input:-----
- The first line of the input contains a single integer T$T$ denoting the number of test cases. The description of T test cases follows. 
- First line of each test case contains N$N$, the number of elements in the sequence.
- Second line contains N space separated elements A1$A_1$,A2$A_2$ … An$A_n$.

-----Output:-----
- For each test case, print a single line, the number which occurs maximum number of times from the largest prime factor corresponding to each element.

-----Constraints-----
- 1≤T≤10$1 \leq T \leq 10$
- 1≤N≤105$1 \leq N \leq 10^5$
- 2≤A[i]≤105$2 \leq A[i] \leq 10^5$

-----Sample Input:-----
1
7

3 2 15 6 8 5 10

-----Sample Output:-----
5

-----EXPLANATION:-----
The largest prime factors of numbers are:
3 2  5  3  2  5  5 , of which 5 is most frequent.

The output code needs to read from and write to standard IO


[END PROBLEM]

INFO - [Task id] 759 [prompt] 
## Instructions

Reason through the problem and:
1. Restate the problem in plain English
2. Conceptualize a solution first in plain English
3. Write a pseudocode solution
4. Output the final Python 3 solution with your solution steps in comments.

Make sure to wrap your code in '```python' and '```' Markdown delimiters, 
and include exactly one block of code with the entire solution.

No outside libraries are allowed.
Builtins are allowed.

INFO - [Task id] 759 [prompt] 1. **Restate the problem in plain English:**
   The task is to find the prime factor that appears most frequently among the largest prime factors of a list of numbers. If there are multiple prime factors with the same maximum frequency, we should return the largest one.

2. **Conceptualize a solution first in plain English:**
   - For each test case, read the number of elements and the elements themselves.
   - For each element, determine its largest prime factor.
   - Count how many times each largest prime factor appears.
   - Identify the prime factor that appears the most frequently. If there is a tie, select the largest prime factor.

3. **Write a pseudocode solution:**
   ```
   function largest_prime_factor(n):
       Initialize largest_prime to 1
       for i from 2 to sqrt(n):
           while n is divisible by i:
               largest_prime = i
               n = n / i
       if n > 1:
           largest_prime = n
       return largest_prime

   function main():
       Read T (number of test cases)
       for each test case:
           Read N (number of elements)
           Read the list of N elements
           Initialize a frequency dictionary
           for each element in the list:
               largest_factor = largest_prime_factor(element)
               Increment the count of largest_factor in the frequency dictionary
           Determine the prime factor with the maximum frequency
           If there is a tie, select the largest prime factor
           Print the result
   ```

4. **Output the final Python 3 solution with your solution steps in comments:**
```python
def largest_prime_factor(n):
    # Initialize the largest prime factor
    largest_prime = 1
    # Check for number of 2s that divide n
    while n % 2 == 0:
        largest_prime = 2
        n //= 2
    # n must be odd at this point, so we can skip even numbers
    for i in range(3, int(n**0.5) + 1, 2):
        while n % i == 0:
            largest_prime = i
            n //= i
    # This condition is to check if n is a prime number greater than 2
    if n > 2:
        largest_prime = n
    return largest_prime

def main():
    T = int(input())  # Read the number of test cases
    for _ in range(T):
        N = int(input())  # Read the number of elements in the sequence
        elements = list(map(int, input().split()))  # Read the elements
        frequency = {}  # Dictionary to count occurrences of largest prime factors
        
        # Find the largest prime factor for each element
        for element in elements:
            largest_factor = largest_prime_factor(element)
            if largest_factor in frequency:
                frequency[largest_factor] += 1
            else:
                frequency[largest_factor] = 1
        
        # Determine the prime factor with the maximum frequency
        max_count = 0
        result = 0
        for prime, count in frequency.items():
            if count > max_count or (count == max_count and prime > result):
                max_count = count
                result = prime
        
        print(result)  # Output the result for the test case

main()
```
INFO - [Task id] 759 [prompt] 
[Environment Feedback]:
    Note: Inputs/outputs here are automatically extracted/truncated so formatting may be a bit off.
    Tests passed:

     Input: ['1', '7', '3 2 15 6 8 5 10'] Output: 5

    Tests failed:
    None
[/Environment Feedback]

INFO - [Task id] 759 [prompt] 
Below is the official solution (do exercise discretion as official solutions can also have mistakes).

You will be reflecting on your attempts to solve the problem.
This will be a **standalone** document for your own future reference. (can skip formalities, be concise)

## Instructions
- Only include the most relevant insights and code snippets that could be useful in the future.
- If you did not learn much from the current experience (e.g. the problem was too easy / official solution was obvious), feel free to write less or nothing at all.
- Here are some ideas if the experience was useful:
    - If the official solution is insightful (e.g. better than yours in time and space complexity or more effective in breaking down the problem statement), distil the key approach of the official solution, step by step.
    - If your approach failed the test cases, reason why the official solution works but yours does not

Your reflection should be at most a few paragraphs.

## Official solution
# cook your dish here
store=[0]*(10**5+1)
def sieve():
	for i in range(2,10**5+1):
		if(store[i]==0):
			store[i]=1
			for j in range(i,10**5+1,i):
				store[j]=i
sieve()
# print(store)
for _ in range(int(input())):
	
	n=int(input())
	li=[int(x) for x in input().split()]

	dp=[0]*(10**5+1)
	for i in li:
		dp[store[i]]+=1
	max_re=0
	res=0
	for i in li:
		if(dp[store[i]]==max_re):
			if(store[i]>res):
				res=store[i]
		elif(dp[store[i]]>max_re):
			max_re=dp[store[i]]
			res=store[i]
	
	print(res)





INFO - [Task id] 759 [generation text] The official solution employs a more efficient approach using a sieve method to precompute the largest prime factors for all numbers up to \(10^5\). This is a significant improvement over my initial approach, which calculated the largest prime factor for each number on-the-fly during each test case. 

### Key Insights from the Official Solution:

1. **Sieve of Eratosthenes**: The solution uses a modified sieve to fill an array (`store`) where each index represents a number and the value at that index is the largest prime factor of that number. This allows for \(O(1)\) retrieval of the largest prime factor during the main processing of each test case.

2. **Frequency Counting**: After determining the largest prime factors for the input numbers, the solution counts the occurrences of each prime factor using a frequency array (`dp`). This is efficient because it avoids the need for a dictionary and leverages the fixed size of the input constraints.

3. **Finding the Result**: The solution iterates through the input list again to determine which prime factor has the highest frequency. In case of ties, it selects the largest prime factor, ensuring that the final result meets the problem's requirements.

### Comparison to My Approach:

- **Efficiency**: The official solution is more efficient in terms of time complexity due to the precomputation step. My approach recalculated the largest prime factor for each number multiple times, leading to higher computational overhead.

- **Space Complexity**: The official solution uses a fixed-size array for both the largest prime factors and frequency counts, which is manageable within the problem's constraints. My approach used a dictionary, which could have additional overhead.

- **Clarity and Structure**: The official solution is structured in a way that separates the sieve logic from the main processing logic, making it easier to follow and understand.

In summary, the official solution's use of a sieve for precomputation and efficient frequency counting provides a clear advantage in both performance and clarity over my initial approach. This experience highlights the importance of considering precomputation techniques in problems involving repeated calculations over a fixed range.
INFO - Updated entry: In this task, the goal was to find the most frequently occurring largest prime factor from a list of integers across multiple test cases. The solution involved determining the largest prime factor for each integer and counting their occurrences.

Key concepts included:
- Efficiently finding the l...,

INFO - Metadata: {
    "task_id": 759
}

INFO - Updated entry: The official solution employs a more efficient approach using a sieve method to precompute the largest prime factors for all numbers up to \(10^5\). This is a significant improvement over my initial approach, which calculated the largest prime factor for each number on-the-fly during each test ca...,

INFO - Metadata: {
    "task_id": 759
}

INFO - LM call n parse attempt 1 / 3

INFO - [Task id] 759 [prompt] 
You are a helpful assistant that writes a description of the given function written in the Python programming language.

1) Do not mention the function name.
2) Do not mention anything about helper functions.
3) There might be some helper functions before the main function, but you only need to describe the main function.
4) Try to summarize the function in no more than 6 sentences.
5) Your response should be a single line of text.

INFO - [Task id] 759 [prompt] 
def largest_prime_factor(n):
    # Initialize the largest prime factor
    largest_prime = 1
    # Check for number of 2s that divide n
    while n % 2 == 0:
        largest_prime = 2
        n //= 2
    # n must be odd at this point, so we can skip even numbers
    for i in range(3, int(n**0.5) + 1, 2):
        while n % i == 0:
            largest_prime = i
            n //= i
    # This condition is to check if n is a prime number greater than 2
    if n > 2:
        largest_prime = n
    return largest_prime

def main():
    T = int(input())  # Read the number of test cases
    for _ in range(T):
        N = int(input())  # Read the number of elements in the sequence
        elements = list(map(int, input().split()))  # Read the elements
        frequency = {}  # Dictionary to count occurrences of largest prime factors
        
        # Find the largest prime factor for each element
        for element in elements:
            largest_factor = largest_prime_factor(element)
            if largest_factor in frequency:
                frequency[largest_factor] += 1
            else:
                frequency[largest_factor] = 1
        
        # Determine the prime factor with the maximum frequency
        max_count = 0
        result = 0
        for prime, count in frequency.items():
            if count > max_count or (count == max_count and prime > result):
                max_count = count
                result = prime
        
        print(result)  # Output the result for the test case

main()


The main function is `main`.
INFO - [Task id] 759 [generation text] This function reads a number of test cases and for each test case, it processes a sequence of integers to determine the largest prime factor of each element. It counts the occurrences of these largest prime factors using a dictionary. After processing all elements, it identifies the prime factor that appears most frequently, prioritizing larger prime factors in case of ties. Finally, it prints the most frequent largest prime factor for each test case. The function effectively combines input handling, prime factorization, and frequency analysis to produce the desired output.
INFO - LM call n parse attempt 1 / 3

INFO - [Task id] 759 [prompt] 
You are a helpful assistant that extracts important information from problems and solutions to aid in searchability and education.

## Instructions
- Read through the problem and solution carefully.
- Reason out, step by step, in what scenarios this knowledge would be useful.
- Focus on general patterns and situations to help connect this knowledge to new situations.
- Then, include a list of keywords that are useful for searching this problem/solution pair.

## Response format
Respond in JSON, and follow the keys and expected format of the values strictly.

The output should be formatted as a JSON instance that conforms to the JSON schema below.

As an example, for the schema {"properties": {"foo": {"title": "Foo", "description": "a list of strings", "type": "array", "items": {"type": "string"}}}, "required": ["foo"]}
the object {"foo": ["bar", "baz"]} is a well-formatted instance of the schema. The object {"properties": {"foo": ["bar", "baz"]}} is not well-formatted.

Here is the output schema:
```
{"properties": {"scenarios": {"description": "In what scenarios will this knowledge be useful? Answer in a paragraph.", "title": "Scenarios", "type": "string"}, "keywords": {"description": "List of keywords that are useful for searching this problem/solution pair", "items": {"type": "string"}, "title": "Keywords", "type": "array"}}, "required": ["scenarios", "keywords"]}
```

INFO - [Task id] 759 [prompt] 
[Problem]
    Tara was completing an Algorithms assignment and got stuck on a question. She thought of who can help her, and got reminded of Kabir who has good problem solving skills. The question is:
    Given N$N$ the number of elements in the sequence A1$A_1$,A2$A_2$ … An$A_n$. Find out the prime factor which occurred maximum number of times among the largest prime factor corresponding to each element. if there are more than one such prime factors print the largest one.
    You are friends with Kabir, help him to solve the problem for Tara.

    -----Input:-----
    - The first line of the input contains a single integer T$T$ denoting the number of test cases. The description of T test cases follows. 
    - First line of each test case contains N$N$, the number of elements in the sequence.
    - Second line contains N space separated elements A1$A_1$,A2$A_2$ … An$A_n$.

    -----Output:-----
    - For each test case, print a single line, the number which occurs maximum number of times from the largest prime factor corresponding to each element.

    -----Constraints-----
    - 1≤T≤10$1 \leq T \leq 10$
    - 1≤N≤105$1 \leq N \leq 10^5$
    - 2≤A[i]≤105$2 \leq A[i] \leq 10^5$

    -----Sample Input:-----
    1
    7

    3 2 15 6 8 5 10

    -----Sample Output:-----
    5

    -----EXPLANATION:-----
    The largest prime factors of numbers are:
    3 2  5  3  2  5  5 , of which 5 is most frequent.
[/Problem]

[Solution]

    def largest_prime_factor(n):
        # Initialize the largest prime factor
        largest_prime = 1
        # Check for number of 2s that divide n
        while n % 2 == 0:
            largest_prime = 2
            n //= 2
        # n must be odd at this point, so we can skip even numbers
        for i in range(3, int(n**0.5) + 1, 2):
            while n % i == 0:
                largest_prime = i
                n //= i
        # This condition is to check if n is a prime number greater than 2
        if n > 2:
            largest_prime = n
        return largest_prime

    def main():
        T = int(input())  # Read the number of test cases
        for _ in range(T):
            N = int(input())  # Read the number of elements in the sequence
            elements = list(map(int, input().split()))  # Read the elements
            frequency = {}  # Dictionary to count occurrences of largest prime factors
        
            # Find the largest prime factor for each element
            for element in elements:
                largest_factor = largest_prime_factor(element)
                if largest_factor in frequency:
                    frequency[largest_factor] += 1
                else:
                    frequency[largest_factor] = 1
        
            # Determine the prime factor with the maximum frequency
            max_count = 0
            result = 0
            for prime, count in frequency.items():
                if count > max_count or (count == max_count and prime > result):
                    max_count = count
                    result = prime
        
            print(result)  # Output the result for the test case

    main()

[/Solution]

INFO - [Task id] 759 [generation text] 
INFO - {
    "scenarios": "This knowledge is useful in scenarios where one needs to analyze sequences of numbers to determine their prime factors, particularly in competitive programming, algorithm design, or mathematical problem-solving contexts. It can be applied in fields such as cryptography, number theory, and data analysis where understanding the properties of numbers and their factors is essential. Additionally, this approach can help in optimizing algorithms that require factorization, especially when dealing with large datasets or constraints.",
    "keywords": [
        "largest prime factor",
        "prime factorization",
        "frequency of prime factors",
        "competitive programming",
        "algorithm design",
        "number theory",
        "data analysis",
        "mathematics",
        "factorization",
        "test cases"
    ]
}
INFO - {
    "scenarios": "This knowledge is useful in scenarios where one needs to analyze sequences of numbers to determine their prime factors, particularly in competitive programming, algorithm design, or mathematical problem-solving contexts. It can be applied in fields such as cryptography, number theory, and data analysis where understanding the properties of numbers and their factors is essential. Additionally, this approach can help in optimizing algorithms that require factorization, especially when dealing with large datasets or constraints.",
    "keywords": [
        "largest prime factor",
        "prime factorization",
        "frequency of prime factors",
        "competitive programming",
        "algorithm design",
        "number theory",
        "data analysis",
        "mathematics",
        "factorization",
        "test cases"
    ]
}
INFO - Updated entry: 
[description for function: main]
This function reads a number of test cases and for each test case, it processes a sequence of integers to determine the largest prime factor of each element. It counts the occurrences of these largest prime factors using a dictionary. After processing all element...,

INFO - Metadata: {
    "task": 759,
    "code": "\ndef largest_prime_factor(n):\n    # Initialize the largest prime factor\n    largest_prime = 1\n    # Check for number of 2s that divide n\n    while n % 2 == 0:\n        largest_prime = 2\n        n //= 2\n    # n must be odd at this point, so we can skip even n...

