INFO - DB skill doc count: 0

INFO - DB non_func doc count: 47

INFO - DB semantic doc count: 429

INFO - DB summaries doc count: 59

INFO - DB reflections doc count: 59

INFO - DB episodic doc count: 106

INFO - [train iter]: 59/100 

INFO - The task prompt is Yesterday, Chef found $K$ empty boxes in the cooler and decided to fill them with apples. He ordered $N$ apples, where $N$ is a multiple of $K$. Now, he just needs to hire someone who will distribute the apples into the boxes with professional passion. 
Only two candidates passed all the intervie...

INFO - Attempting task_id 743
INFO - LM call n parse attempt 1 / 3

INFO - [Task id] 743 [prompt] 
You are an expert programmer tasked with solving the problem below.

Follow the user's instructions to solve the problem.
The user can ask for analysis, code, or both.

## Instructions
When asked to output code,
- Make sure to wrap your code in '```python' and '```' Markdown delimiters, 
- include exactly one block of code with the entire solution
- No outside libraries are allowed. 
- Builtins are allowed.
- If the task specifies a function name to be used, follow it strictly (be case sensitive!) and declare the that function last (helper functions are declared first).
- DO NOT write any assert statements / tests.

## Problem
[BEGIN PROBLEM]
Yesterday, Chef found $K$ empty boxes in the cooler and decided to fill them with apples. He ordered $N$ apples, where $N$ is a multiple of $K$. Now, he just needs to hire someone who will distribute the apples into the boxes with professional passion. 
Only two candidates passed all the interviews for the box filling job. In one minute, each candidate can put $K$ apples into boxes, but they do it in different ways: the first candidate puts exactly one apple in each box, while the second one chooses a random box with the smallest number of apples and puts $K$ apples in it.
Chef is wondering if the final distribution of apples can even depend on which candidate he hires. Can you answer that question?
Note: The boxes are distinguishable (labeled), while the apples are not. Therefore, two distributions of apples are different if there is a box such that the number of apples in it when the first candidate finishes working can be different from the number of apples in it when the second candidate finishes working.

-----Input-----
- The first line of the input contains a single integer $T$ denoting the number of test cases. The description of $T$ test cases follows.
- The first and only line of each test case contains two space-separated integers $N$ and $K$. 

-----Output-----
For each test case, print a single line containing the string "YES" if the final distributions of apples can be different or "NO" if they will be the same (without quotes).

-----Constraints-----
- $1 \le T \le 250$
- $1 \le N, K \le 10^{18}$
- $N$ is divisible by $K$

-----Subtasks-----
Subtask #1 (30 points): $1 \le N, K \le 10^5$
Subtask #2 (70 points): original constraints

-----Example Input-----
3
5 1
4 2
10 10

-----Example Output-----
NO
NO
YES

-----Explanation-----
Example case 1: No matter who is hired, all apples will be in the only box at the end.
Example case 2: At the end, there will be two apples in each box.
Example case 3: If we hire the first candidate, there will be one apple in each box, but if we hire the second one, there will be $10$ apples in one box and none in all other boxes.

The output code needs to read from and write to standard IO


[END PROBLEM]

INFO - [Task id] 743 [prompt] 
## Instructions

Reason through the problem and:
1. Restate the problem in plain English
2. Conceptualize a solution first in plain English
3. Write a pseudocode solution
4. Output the final Python 3 solution with your solution steps in comments.

Make sure to wrap your code in '```python' and '```' Markdown delimiters, 
and include exactly one block of code with the entire solution.

No outside libraries are allowed.
Builtins are allowed.

INFO - [Task id] 743 [generation text] 1. **Restate the problem in plain English:**
   Chef has a certain number of apples (N) that he wants to distribute into a number of boxes (K). There are two candidates who can help with this task. The first candidate distributes the apples evenly, putting one apple in each box until all apples are distributed. The second candidate puts all K apples into the box that currently has the least number of apples. The question is whether the final distribution of apples in the boxes can be different depending on which candidate is hired.

2. **Conceptualize a solution first in plain English:**
   To determine if the final distributions can differ, we need to analyze how each candidate distributes the apples:
   - The first candidate will always distribute the apples evenly across all boxes, resulting in each box having the same number of apples.
   - The second candidate, however, may end up putting all apples into one box if K equals N, or may distribute them unevenly if K is less than N. 
   Therefore, if K equals N, the second candidate will fill one box completely, while the first candidate will distribute them evenly. In all other cases, if K is less than N, the distributions will be the same because both candidates will end up filling the boxes in a way that results in the same number of apples in each box.

3. **Write a pseudocode solution:**
   ```
   Read the number of test cases T
   For each test case:
       Read N and K
       If K == N:
           Print "YES" (distributions can be different)
       Else:
           Print "NO" (distributions will be the same)
   ```

4. **Output the final Python 3 solution with your solution steps in comments:**
```python
# Read the number of test cases
T = int(input())

# Iterate through each test case
for _ in range(T):
    # Read N and K
    N, K = map(int, input().split())
    
    # Check if K is equal to N
    if K == N:
        # If K equals N, the distributions can be different
        print("YES")
    else:
        # Otherwise, the distributions will be the same
        print("NO")
```
INFO - [35m Rollout attempt 1/4[0m
INFO - [33m Retrieving 2 entries for db: episodic 
 [0m
INFO - Retrieved (score=0.3068):

[Task]:
    This time minions are celebrating Diwali Festival. There are N minions in total. Each of them owns a house. On this Festival, Each of them wants to decorate their house. But none of them have enough money to do that. One of the minion, Kevin, requested Gru for money. Gru agreed for m...


INFO - Retrieved (score=0.3104):

[Task]:
    This time minions are celebrating Diwali Festival. There are N minions in total. Each of them owns a house. On this Festival, Each of them wants to decorate their house. But none of them have enough money to do that. One of the minion, Kevin, requested Gru for money. Gru agreed for m...


INFO - [33m Retrieving 2 entries for db: semantic 
 [0m
INFO - Retrieved (score=0.4323):
Title: Placing Bishops on a Chessboard
Part: 1/1
# Placing Bishops on a Chessboard

Find the number of ways to place $K$ bishops on an $N \times N$ chessboard so that no two bishops attack each other.

## Algorithm

This problem can be solved using dynamic programming.

Let's enumerate the diagon...


INFO - Retrieved (score=0.4333):
Title: 15 Puzzle Game: Existence Of The Solution
Part: 1/1
# 15 Puzzle Game: Existence Of The Solution

This game is played on a $4 \times 4$ board. On this board there are $15$ playing tiles numbered from 1 to 15. One cell is left empty (denoted by 0). You need to get the board to the position p...


INFO - [33m Retrieving 2 entries for db: reflections 
 [0m
INFO - Retrieved (score=0.3246):
The official solution is concise and effectively addresses the problem with minimal complexity. It follows a straightforward approach that can be distilled into a few key steps:

1. **Input Handling**: It reads the number of test cases and for each test case, it retrieves the values of N (number ...


INFO - Retrieved (score=0.3462):
In reflecting on my attempts to solve the problem of distributing rubber ducks into boxes, I learned several key insights that can be useful for future problem-solving:

1. **Understanding Constraints and Requirements:**
   The problem required careful attention to constraints, specifically that ...


INFO - [33m Retrieving 2 entries for db: summaries 
 [0m
INFO - Retrieved (score=0.2297):
In this problem, the goal was to determine if Gru could distribute exactly \( K \) amount of money to \( N \) minions based on their individual demands. The key points to consider were whether the total demand from the minions matched \( K \), was less than \( K \), or exceeded \( K \).

Initiall...


INFO - Retrieved (score=0.2869):
In this task, I was required to help Chef determine the maximum number of Division-3 contests he could host given the number of problems created by his setters, the number of problems required for each contest, and the number of days available. The core concepts involved were basic arithmetic ope...


INFO - [33m Retrieving 2 entries for db: non_func 
 [0m
INFO - Retrieved (score=0.4214):

[description for function: distribute_ducks]
The function processes multiple test cases to distribute ducks into boxes according to specified constraints. For each test case, it initializes a list to store the results and iterates through the number of boxes. It attempts to fill each box with du...


INFO - Retrieved (score=0.4223):

[description for function: process_test_cases]
The function processes multiple test cases where for each case, it reads the number of walls and their positions, followed by a number of queries regarding Chef's starting position. For each query, it checks if Chef is positioned on a wall, in which...


INFO - Retrieved (score=0.2297): 
[Summary]:
    In this problem, the goal was to determine if Gru could distribute exactly \( K \) amount of money to \( N \) minions based on their individual demands. The key points to consider were whether the total demand from the minions matched \( K \), was less than \( K \), or exceeded \(...
INFO - Retrieved (score=0.2869): 
[Summary]:
    In this task, I was required to help Chef determine the maximum number of Division-3 contests he could host given the number of problems created by his setters, the number of problems required for each contest, and the number of days available. The core concepts involved were basi...
INFO - LM call n parse attempt 1 / 3

INFO - [Task id] 743 [prompt] 
You are an expert programmer tasked with solving the problem below.

Follow the user's instructions to solve the problem.
The user can ask for analysis, code, or both.

## Instructions
When asked to output code,
- Make sure to wrap your code in '```python' and '```' Markdown delimiters, 
- include exactly one block of code with the entire solution
- No outside libraries are allowed. 
- Builtins are allowed.
- If the task specifies a function name to be used, follow it strictly (be case sensitive!) and declare the that function last (helper functions are declared first).
- DO NOT write any assert statements / tests.

## Problem
[BEGIN PROBLEM]
Yesterday, Chef found $K$ empty boxes in the cooler and decided to fill them with apples. He ordered $N$ apples, where $N$ is a multiple of $K$. Now, he just needs to hire someone who will distribute the apples into the boxes with professional passion. 
Only two candidates passed all the interviews for the box filling job. In one minute, each candidate can put $K$ apples into boxes, but they do it in different ways: the first candidate puts exactly one apple in each box, while the second one chooses a random box with the smallest number of apples and puts $K$ apples in it.
Chef is wondering if the final distribution of apples can even depend on which candidate he hires. Can you answer that question?
Note: The boxes are distinguishable (labeled), while the apples are not. Therefore, two distributions of apples are different if there is a box such that the number of apples in it when the first candidate finishes working can be different from the number of apples in it when the second candidate finishes working.

-----Input-----
- The first line of the input contains a single integer $T$ denoting the number of test cases. The description of $T$ test cases follows.
- The first and only line of each test case contains two space-separated integers $N$ and $K$. 

-----Output-----
For each test case, print a single line containing the string "YES" if the final distributions of apples can be different or "NO" if they will be the same (without quotes).

-----Constraints-----
- $1 \le T \le 250$
- $1 \le N, K \le 10^{18}$
- $N$ is divisible by $K$

-----Subtasks-----
Subtask #1 (30 points): $1 \le N, K \le 10^5$
Subtask #2 (70 points): original constraints

-----Example Input-----
3
5 1
4 2
10 10

-----Example Output-----
NO
NO
YES

-----Explanation-----
Example case 1: No matter who is hired, all apples will be in the only box at the end.
Example case 2: At the end, there will be two apples in each box.
Example case 3: If we hire the first candidate, there will be one apple in each box, but if we hire the second one, there will be $10$ apples in one box and none in all other boxes.

The output code needs to read from and write to standard IO


[END PROBLEM]

INFO - [Task id] 743 [prompt] 
## Instructions

Reason through the problem and:
1. Restate the problem in plain English
2. Conceptualize a solution first in plain English
3. Write a pseudocode solution
4. Output the final Python 3 solution with your solution steps in comments.

Make sure to wrap your code in '```python' and '```' Markdown delimiters, 
and include exactly one block of code with the entire solution.

No outside libraries are allowed.
Builtins are allowed.

INFO - [Task id] 743 [prompt] 
Also, here are some of your memories.
Feel free to use the given information to aid your problem solving process if necessary.
Do not confuse the memories with the problem statement.

## Memories

[Summary]:
    In this problem, the goal was to determine if Gru could distribute exactly \( K \) amount of money to \( N \) minions based on their individual demands. The key points to consider were whether the total demand from the minions matched \( K \), was less than \( K \), or exceeded \( K \).

    Initially, the approach focused on checking if the total demand equaled \( K \) and incorrectly assumed that if the total demand was less than \( K \), Gru could always distribute the remaining money. This led to incorrect outputs, particularly in cases where the remaining money could not be distributed without exceeding individual demands.

    The correct logic should have been:
    1. If the total demand equals \( K \), print "YES".
    2. If the total demand is less than \( K \), print "YES" since Gru can distribute the remaining money.
    3. If the total demand exceeds \( K \), print "NO".

    Despite multiple attempts to refine the logic, the solution consistently failed to account for the distribution constraints properly. The final code snippet aimed to address these issues but still produced incorrect results, indicating a misunderstanding of the problem requirements.

    ### Key Takeaways:
    - Ensure to fully understand the constraints of distribution when dealing with remaining amounts.
    - Always validate the logic against edge cases to ensure correctness.
    - The problem highlighted the importance of careful condition checking in scenarios involving sums and distributions. 

    ### Final Code Snippet:
    ```python
    def can_distribute_money(T, test_cases):
        for case in test_cases:
            N = case[0]
            K = case[1]
            demands = case[2]
            total_demand = sum(demands)
        
            if total_demand == K:
                print("YES")
            elif total_demand < K:
                print("YES")
            else:
                print("NO")

    T = int(input())
    test_cases = []
    for _ in range(T):
        N, K = map(int, input().split())
        demands = list(map(int, input().split()))
        test_cases.append((N, K, demands))

    can_distribute_money(T, test_cases)
    ``` 

    This summary encapsulates the core concepts, strategies attempted, and the errors encountered during the problem-solving process.
[/Summary]


[Summary]:
    In this task, I was required to help Chef determine the maximum number of Division-3 contests he could host given the number of problems created by his setters, the number of problems required for each contest, and the number of days available. The core concepts involved were basic arithmetic operations, specifically summing a list of integers and performing integer division.

    The solution involved reading multiple test cases, calculating the total number of problems, determining how many contests could be formed, and then comparing that with the number of days available to find the maximum contests Chef could host. The approach was straightforward and efficient, leveraging Python's built-in functions for summation and list handling.

    The final implementation successfully passed all test cases, demonstrating that the logic was sound. The code was structured to first read input values, process each test case, and then output the results. Key strategies included using integer division to determine the number of contests and the `min` function to ensure the result did not exceed the available days. Overall, the experience reinforced the importance of clear problem breakdown and efficient use of built-in functions in Python. 

    Here’s the final code snippet for reference:

    ```python
    def max_division_3_contests(T, test_cases):
        for case in test_cases:
            N, K, D = case[0], case[1], case[2]
            A = case[3]
            total_problems = sum(A)
            contests_possible = total_problems // K
            max_contests = min(contests_possible, D)
            print(max_contests)

    T = int(input())
    test_cases = []
    for _ in range(T):
        N, K, D = map(int, input().split())
        A = list(map(int, input().split()))
        test_cases.append((N, K, D, A))

    max_division_3_contests(T, test_cases)
    ```
[/Summary]


INFO - [Task id] 743 [generation text] 1. **Restate the problem in plain English**:
   Chef has a certain number of apples (N) that he wants to distribute into a number of boxes (K). There are two candidates who can help with this distribution. The first candidate distributes the apples evenly, putting one apple in each box until all apples are distributed. The second candidate puts all K apples into the box that currently has the least number of apples. The task is to determine if the final distribution of apples can be different depending on which candidate is hired.

2. **Conceptualize a solution first in plain English**:
   To determine if the final distributions can differ, we need to analyze how each candidate distributes the apples:
   - The first candidate will always distribute the apples evenly across all boxes, resulting in each box having the same number of apples.
   - The second candidate, however, may end up putting all apples into one box if K equals N, or may create an uneven distribution if K is less than N. 
   Therefore, if K is equal to N, the second candidate will also end up with an even distribution (all apples in one box), but if K is less than N, the distributions can differ. 

3. **Write a pseudocode solution**:
   ```
   function can_distribute_apples(T, test_cases):
       for each test_case in test_cases:
           N, K = test_case
           if K == N:
               print "YES"
           else if K < N:
               print "NO"
           else:
               print "NO"
   ```

4. **Output the final Python 3 solution with your solution steps in comments**:
```python
def can_distribute_apples(T, test_cases):
    # Iterate through each test case
    for case in test_cases:
        N, K = case  # Unpack the number of apples and boxes
        # Check if the number of boxes is equal to the number of apples
        if K == N:
            print("YES")  # Both candidates will have the same distribution
        else:
            print("NO")  # The distributions can differ

# Read the number of test cases
T = int(input())
test_cases = []
# Read each test case
for _ in range(T):
    N, K = map(int, input().split())
    test_cases.append((N, K))  # Store the test case as a tuple

# Call the function with the number of test cases and the list of test cases
can_distribute_apples(T, test_cases)
```
INFO - program_code:
 
def can_distribute_apples(T, test_cases):
    # Iterate through each test case
    for case in test_cases:
        N, K = case  # Unpack the number of apples and boxes
        # Check if the number of boxes is equal to the number of apples
        if K == N:
            print("YES")  # Both candidates will have the same distribution
        else:
            print("NO")  # The distributions can differ

# Read the number of test cases
T = int(input())
test_cases = []
# Read each test case
for _ in range(T):
    N, K = map(int, input().split())
    test_cases.append((N, K))  # Store the test case as a tuple

# Call the function with the number of test cases and the list of test cases
can_distribute_apples(T, test_cases)


INFO - program_name:
 can_distribute_apples

INFO - dependencies:
 []

INFO - raw_msg:
 1. **Restate the problem in plain English**:
   Chef has a certain number of apples (N) that he wants to distribute into a number of boxes (K). There are two candidates who can help with this distribution. The first candidate distributes the apples evenly, putting one apple in each box until all apples are distributed. The second candidate puts all K apples into the box that currently has the least number of apples. The task is to determine if the final distribution of apples can be different depending on which candidate is hired.

2. **Conceptualize a solution first in plain English**:
   To determine if the final distributions can differ, we need to analyze how each candidate distributes the apples:
   - The first candidate will always distribute the apples evenly across all boxes, resulting in each box having the same number of apples.
   - The second candidate, however, may end up putting all apples into one box if K equals N, or may create an uneven distribution if K is less than N. 
   Therefore, if K is equal to N, the second candidate will also end up with an even distribution (all apples in one box), but if K is less than N, the distributions can differ. 

3. **Write a pseudocode solution**:
   ```
   function can_distribute_apples(T, test_cases):
       for each test_case in test_cases:
           N, K = test_case
           if K == N:
               print "YES"
           else if K < N:
               print "NO"
           else:
               print "NO"
   ```

4. **Output the final Python 3 solution with your solution steps in comments**:
```python
def can_distribute_apples(T, test_cases):
    # Iterate through each test case
    for case in test_cases:
        N, K = case  # Unpack the number of apples and boxes
        # Check if the number of boxes is equal to the number of apples
        if K == N:
            print("YES")  # Both candidates will have the same distribution
        else:
            print("NO")  # The distributions can differ

# Read the number of test cases
T = int(input())
test_cases = []
# Read each test case
for _ in range(T):
    N, K = map(int, input().split())
    test_cases.append((N, K))  # Store the test case as a tuple

# Call the function with the number of test cases and the list of test cases
can_distribute_apples(T, test_cases)
```

INFO - no_parent:
 False

INFO - full code to be executed: 
 
def can_distribute_apples(T, test_cases):
    # Iterate through each test case
    for case in test_cases:
        N, K = case  # Unpack the number of apples and boxes
        # Check if the number of boxes is equal to the number of apples
        if K == N:
            print("YES")  # Both candidates will have the same distribution
        else:
            print("NO")  # The distributions can differ

# Read the number of test cases
T = int(input())
test_cases = []
# Read each test case
for _ in range(T):
    N, K = map(int, input().split())
    test_cases.append((N, K))  # Store the test case as a tuple

# Call the function with the number of test cases and the list of test cases
can_distribute_apples(T, test_cases)


INFO - obs: Note: Inputs/outputs here are automatically extracted/truncated so formatting may be a bit off.
Tests passed:

 Input: ['3', '5 1', '4 2', '10 10'] Output: NO
NO
YES

Tests failed:
None
reward: True
done: None
info: {'individual_results': [True]}
INFO - Updated entry: 
[Task]:
    Yesterday, Chef found $K$ empty boxes in the cooler and decided to fill them with apples. He ordered $N$ apples, where $N$ is a multiple of $K$. Now, he just needs to hire someone who will distribute the apples into the boxes with professional passion. 
    Only two candidates passed...,

INFO - Metadata: {
    "raw_msg": "1. **Restate the problem in plain English**:\n   Chef has a certain number of apples (N) that he wants to distribute into a number of boxes (K). There are two candidates who can help with this distribution. The first candidate distributes the apples evenly, putting one apple in ...

INFO - LM call n parse attempt 1 / 3

INFO - [Task id] 743 [prompt] 
You are an expert programmer tasked with solving the problem below.

Follow the user's instructions to solve the problem.
The user can ask for analysis, code, or both.

## Instructions
When asked to output code,
- Make sure to wrap your code in '```python' and '```' Markdown delimiters, 
- include exactly one block of code with the entire solution
- No outside libraries are allowed. 
- Builtins are allowed.
- If the task specifies a function name to be used, follow it strictly (be case sensitive!) and declare the that function last (helper functions are declared first).
- DO NOT write any assert statements / tests.

## Problem
[BEGIN PROBLEM]
Yesterday, Chef found $K$ empty boxes in the cooler and decided to fill them with apples. He ordered $N$ apples, where $N$ is a multiple of $K$. Now, he just needs to hire someone who will distribute the apples into the boxes with professional passion. 
Only two candidates passed all the interviews for the box filling job. In one minute, each candidate can put $K$ apples into boxes, but they do it in different ways: the first candidate puts exactly one apple in each box, while the second one chooses a random box with the smallest number of apples and puts $K$ apples in it.
Chef is wondering if the final distribution of apples can even depend on which candidate he hires. Can you answer that question?
Note: The boxes are distinguishable (labeled), while the apples are not. Therefore, two distributions of apples are different if there is a box such that the number of apples in it when the first candidate finishes working can be different from the number of apples in it when the second candidate finishes working.

-----Input-----
- The first line of the input contains a single integer $T$ denoting the number of test cases. The description of $T$ test cases follows.
- The first and only line of each test case contains two space-separated integers $N$ and $K$. 

-----Output-----
For each test case, print a single line containing the string "YES" if the final distributions of apples can be different or "NO" if they will be the same (without quotes).

-----Constraints-----
- $1 \le T \le 250$
- $1 \le N, K \le 10^{18}$
- $N$ is divisible by $K$

-----Subtasks-----
Subtask #1 (30 points): $1 \le N, K \le 10^5$
Subtask #2 (70 points): original constraints

-----Example Input-----
3
5 1
4 2
10 10

-----Example Output-----
NO
NO
YES

-----Explanation-----
Example case 1: No matter who is hired, all apples will be in the only box at the end.
Example case 2: At the end, there will be two apples in each box.
Example case 3: If we hire the first candidate, there will be one apple in each box, but if we hire the second one, there will be $10$ apples in one box and none in all other boxes.

The output code needs to read from and write to standard IO


[END PROBLEM]

INFO - [Task id] 743 [prompt] 
## Instructions

Reason through the problem and:
1. Restate the problem in plain English
2. Conceptualize a solution first in plain English
3. Write a pseudocode solution
4. Output the final Python 3 solution with your solution steps in comments.

Make sure to wrap your code in '```python' and '```' Markdown delimiters, 
and include exactly one block of code with the entire solution.

No outside libraries are allowed.
Builtins are allowed.

INFO - [Task id] 743 [prompt] 1. **Restate the problem in plain English**:
   Chef has a certain number of apples (N) that he wants to distribute into a number of boxes (K). There are two candidates who can help with this distribution. The first candidate distributes the apples evenly, putting one apple in each box until all apples are distributed. The second candidate puts all K apples into the box that currently has the least number of apples. The task is to determine if the final distribution of apples can be different depending on which candidate is hired.

2. **Conceptualize a solution first in plain English**:
   To determine if the final distributions can differ, we need to analyze how each candidate distributes the apples:
   - The first candidate will always distribute the apples evenly across all boxes, resulting in each box having the same number of apples.
   - The second candidate, however, may end up putting all apples into one box if K equals N, or may create an uneven distribution if K is less than N. 
   Therefore, if K is equal to N, the second candidate will also end up with an even distribution (all apples in one box), but if K is less than N, the distributions can differ. 

3. **Write a pseudocode solution**:
   ```
   function can_distribute_apples(T, test_cases):
       for each test_case in test_cases:
           N, K = test_case
           if K == N:
               print "YES"
           else if K < N:
               print "NO"
           else:
               print "NO"
   ```

4. **Output the final Python 3 solution with your solution steps in comments**:
```python
def can_distribute_apples(T, test_cases):
    # Iterate through each test case
    for case in test_cases:
        N, K = case  # Unpack the number of apples and boxes
        # Check if the number of boxes is equal to the number of apples
        if K == N:
            print("YES")  # Both candidates will have the same distribution
        else:
            print("NO")  # The distributions can differ

# Read the number of test cases
T = int(input())
test_cases = []
# Read each test case
for _ in range(T):
    N, K = map(int, input().split())
    test_cases.append((N, K))  # Store the test case as a tuple

# Call the function with the number of test cases and the list of test cases
can_distribute_apples(T, test_cases)
```
INFO - [Task id] 743 [prompt] 
[Environment Feedback]:
    Note: Inputs/outputs here are automatically extracted/truncated so formatting may be a bit off.
    Tests passed:

     Input: ['3', '5 1', '4 2', '10 10'] Output: NO
    NO
    YES

    Tests failed:
    None
[/Environment Feedback]

INFO - [Task id] 743 [prompt] 
## Instructions
Now, summarize your attempts as a **standalone** document for your own future reference. (can skip formalities, be concise)

- Only include the most relevant information and code snippets that could be useful in the future.
- If you did not learn much from the current experience (e.g. the problem was too easy), feel free to write less or nothing at all.
- Here are some ideas if the experience was useful:
    - Identifying the core concepts and patterns that problem appears to test for
    - Describing the strategies that seemed to work but did not, and vice versa
    - Describing unexpected errors and how they were fixed

Your summary should be at most a few paragraphs.

INFO - [Task id] 743 [generation text] In this problem, the goal was to determine if the final distribution of apples in boxes could differ based on which candidate Chef hires for the distribution task. The first candidate distributes apples evenly, while the second candidate places all apples in the box with the least apples. 

The key insight was that if the number of boxes (K) is equal to the number of apples (N), both candidates will end up with the same distribution (all apples in one box). However, if K is less than N, the distributions can differ, leading to a "NO" answer. The solution involved checking these conditions for each test case.

The implemented solution was straightforward, iterating through the test cases and applying the logic to determine the output. The final code effectively handled the input and output requirements without any errors. 

Here’s the final code snippet for reference:

```python
def can_distribute_apples(T, test_cases):
    for case in test_cases:
        N, K = case
        if K == N:
            print("YES")
        else:
            print("NO")

T = int(input())
test_cases = []
for _ in range(T):
    N, K = map(int, input().split())
    test_cases.append((N, K))

can_distribute_apples(T, test_cases)
```

This experience reinforced the importance of understanding the problem's constraints and how they influence the solution's logic.
INFO - LM call n parse attempt 1 / 3

INFO - [Task id] 743 [prompt] 
You are an expert programmer tasked with solving the problem below.

Follow the user's instructions to solve the problem.
The user can ask for analysis, code, or both.

## Instructions
When asked to output code,
- Make sure to wrap your code in '```python' and '```' Markdown delimiters, 
- include exactly one block of code with the entire solution
- No outside libraries are allowed. 
- Builtins are allowed.
- If the task specifies a function name to be used, follow it strictly (be case sensitive!) and declare the that function last (helper functions are declared first).
- DO NOT write any assert statements / tests.

## Problem
[BEGIN PROBLEM]
Yesterday, Chef found $K$ empty boxes in the cooler and decided to fill them with apples. He ordered $N$ apples, where $N$ is a multiple of $K$. Now, he just needs to hire someone who will distribute the apples into the boxes with professional passion. 
Only two candidates passed all the interviews for the box filling job. In one minute, each candidate can put $K$ apples into boxes, but they do it in different ways: the first candidate puts exactly one apple in each box, while the second one chooses a random box with the smallest number of apples and puts $K$ apples in it.
Chef is wondering if the final distribution of apples can even depend on which candidate he hires. Can you answer that question?
Note: The boxes are distinguishable (labeled), while the apples are not. Therefore, two distributions of apples are different if there is a box such that the number of apples in it when the first candidate finishes working can be different from the number of apples in it when the second candidate finishes working.

-----Input-----
- The first line of the input contains a single integer $T$ denoting the number of test cases. The description of $T$ test cases follows.
- The first and only line of each test case contains two space-separated integers $N$ and $K$. 

-----Output-----
For each test case, print a single line containing the string "YES" if the final distributions of apples can be different or "NO" if they will be the same (without quotes).

-----Constraints-----
- $1 \le T \le 250$
- $1 \le N, K \le 10^{18}$
- $N$ is divisible by $K$

-----Subtasks-----
Subtask #1 (30 points): $1 \le N, K \le 10^5$
Subtask #2 (70 points): original constraints

-----Example Input-----
3
5 1
4 2
10 10

-----Example Output-----
NO
NO
YES

-----Explanation-----
Example case 1: No matter who is hired, all apples will be in the only box at the end.
Example case 2: At the end, there will be two apples in each box.
Example case 3: If we hire the first candidate, there will be one apple in each box, but if we hire the second one, there will be $10$ apples in one box and none in all other boxes.

The output code needs to read from and write to standard IO


[END PROBLEM]

INFO - [Task id] 743 [prompt] 
## Instructions

Reason through the problem and:
1. Restate the problem in plain English
2. Conceptualize a solution first in plain English
3. Write a pseudocode solution
4. Output the final Python 3 solution with your solution steps in comments.

Make sure to wrap your code in '```python' and '```' Markdown delimiters, 
and include exactly one block of code with the entire solution.

No outside libraries are allowed.
Builtins are allowed.

INFO - [Task id] 743 [prompt] 1. **Restate the problem in plain English**:
   Chef has a certain number of apples (N) that he wants to distribute into a number of boxes (K). There are two candidates who can help with this distribution. The first candidate distributes the apples evenly, putting one apple in each box until all apples are distributed. The second candidate puts all K apples into the box that currently has the least number of apples. The task is to determine if the final distribution of apples can be different depending on which candidate is hired.

2. **Conceptualize a solution first in plain English**:
   To determine if the final distributions can differ, we need to analyze how each candidate distributes the apples:
   - The first candidate will always distribute the apples evenly across all boxes, resulting in each box having the same number of apples.
   - The second candidate, however, may end up putting all apples into one box if K equals N, or may create an uneven distribution if K is less than N. 
   Therefore, if K is equal to N, the second candidate will also end up with an even distribution (all apples in one box), but if K is less than N, the distributions can differ. 

3. **Write a pseudocode solution**:
   ```
   function can_distribute_apples(T, test_cases):
       for each test_case in test_cases:
           N, K = test_case
           if K == N:
               print "YES"
           else if K < N:
               print "NO"
           else:
               print "NO"
   ```

4. **Output the final Python 3 solution with your solution steps in comments**:
```python
def can_distribute_apples(T, test_cases):
    # Iterate through each test case
    for case in test_cases:
        N, K = case  # Unpack the number of apples and boxes
        # Check if the number of boxes is equal to the number of apples
        if K == N:
            print("YES")  # Both candidates will have the same distribution
        else:
            print("NO")  # The distributions can differ

# Read the number of test cases
T = int(input())
test_cases = []
# Read each test case
for _ in range(T):
    N, K = map(int, input().split())
    test_cases.append((N, K))  # Store the test case as a tuple

# Call the function with the number of test cases and the list of test cases
can_distribute_apples(T, test_cases)
```
INFO - [Task id] 743 [prompt] 
[Environment Feedback]:
    Note: Inputs/outputs here are automatically extracted/truncated so formatting may be a bit off.
    Tests passed:

     Input: ['3', '5 1', '4 2', '10 10'] Output: NO
    NO
    YES

    Tests failed:
    None
[/Environment Feedback]

INFO - [Task id] 743 [prompt] 
Below is the official solution (do exercise discretion as official solutions can also have mistakes).

You will be reflecting on your attempts to solve the problem.
This will be a **standalone** document for your own future reference. (can skip formalities, be concise)

## Instructions
- Only include the most relevant insights and code snippets that could be useful in the future.
- If you did not learn much from the current experience (e.g. the problem was too easy / official solution was obvious), feel free to write less or nothing at all.
- Here are some ideas if the experience was useful:
    - If the official solution is insightful (e.g. better than yours in time and space complexity or more effective in breaking down the problem statement), distil the key approach of the official solution, step by step.
    - If your approach failed the test cases, reason why the official solution works but yours does not

Your reflection should be at most a few paragraphs.

## Official solution
# cook your dish here
t=int(input())
for i in range(t,0,-1):
 x,y=map(int,input().split())
 k=x//y
 
 if k%y==0:
  print("NO")
 else:
  print("YES")

INFO - [Task id] 743 [generation text] The official solution takes a different approach to determine if the distributions of apples can differ based on the candidate hired. It uses the relationship between N and K more directly by calculating how many apples each box would receive and checking if that distribution can lead to different outcomes.

Key insights from the official solution:
1. It calculates `k = N // K`, which represents how many apples each box would receive if distributed evenly.
2. The condition `if k % K == 0` checks if the number of apples per box is evenly divisible by K. If it is, then both candidates will end up with the same distribution, leading to the output "NO".
3. If `k % K != 0`, it indicates that the second candidate can create a different distribution, resulting in the output "YES".

This approach is efficient and leverages the properties of integer division and modular arithmetic to quickly determine the outcome without needing to simulate the distribution process.

In contrast, my initial solution focused on a more straightforward comparison of N and K, which did not account for the nuances of how the distributions could differ based on the number of apples per box. The official solution is more effective in breaking down the problem and provides a clearer path to the answer. 

Overall, the official solution is insightful in its use of mathematical properties to simplify the problem, and it highlights the importance of considering the implications of the distribution mechanics rather than just the values of N and K.
INFO - Updated entry: In this problem, the goal was to determine if the final distribution of apples in boxes could differ based on which candidate Chef hires for the distribution task. The first candidate distributes apples evenly, while the second candidate places all apples in the box with the least apples. 

The k...,

INFO - Metadata: {
    "task_id": 743
}

INFO - Updated entry: The official solution takes a different approach to determine if the distributions of apples can differ based on the candidate hired. It uses the relationship between N and K more directly by calculating how many apples each box would receive and checking if that distribution can lead to differen...,

INFO - Metadata: {
    "task_id": 743
}

INFO - LM call n parse attempt 1 / 3

INFO - [Task id] 743 [prompt] 
You are a helpful assistant that writes a description of the given function written in the Python programming language.

1) Do not mention the function name.
2) Do not mention anything about helper functions.
3) There might be some helper functions before the main function, but you only need to describe the main function.
4) Try to summarize the function in no more than 6 sentences.
5) Your response should be a single line of text.

INFO - [Task id] 743 [prompt] 
def can_distribute_apples(T, test_cases):
    # Iterate through each test case
    for case in test_cases:
        N, K = case  # Unpack the number of apples and boxes
        # Check if the number of boxes is equal to the number of apples
        if K == N:
            print("YES")  # Both candidates will have the same distribution
        else:
            print("NO")  # The distributions can differ

# Read the number of test cases
T = int(input())
test_cases = []
# Read each test case
for _ in range(T):
    N, K = map(int, input().split())
    test_cases.append((N, K))  # Store the test case as a tuple

# Call the function with the number of test cases and the list of test cases
can_distribute_apples(T, test_cases)


The main function is `can_distribute_apples`.
INFO - [Task id] 743 [generation text] The function evaluates whether a given number of apples can be evenly distributed into a specified number of boxes for multiple test cases. For each test case, it checks if the number of boxes is equal to the number of apples. If they are equal, it outputs "YES", indicating that the distribution can be the same for both candidates. If they are not equal, it outputs "NO", suggesting that the distributions may differ. The function processes all test cases sequentially and provides the corresponding results for each. It effectively determines the feasibility of equal distribution based on the input values.
INFO - LM call n parse attempt 1 / 3

INFO - [Task id] 743 [prompt] 
You are a helpful assistant that extracts important information from problems and solutions to aid in searchability and education.

## Instructions
- Read through the problem and solution carefully.
- Reason out, step by step, in what scenarios this knowledge would be useful.
- Focus on general patterns and situations to help connect this knowledge to new situations.
- Then, include a list of keywords that are useful for searching this problem/solution pair.

## Response format
Respond in JSON, and follow the keys and expected format of the values strictly.

The output should be formatted as a JSON instance that conforms to the JSON schema below.

As an example, for the schema {"properties": {"foo": {"title": "Foo", "description": "a list of strings", "type": "array", "items": {"type": "string"}}}, "required": ["foo"]}
the object {"foo": ["bar", "baz"]} is a well-formatted instance of the schema. The object {"properties": {"foo": ["bar", "baz"]}} is not well-formatted.

Here is the output schema:
```
{"properties": {"scenarios": {"description": "In what scenarios will this knowledge be useful? Answer in a paragraph.", "title": "Scenarios", "type": "string"}, "keywords": {"description": "List of keywords that are useful for searching this problem/solution pair", "items": {"type": "string"}, "title": "Keywords", "type": "array"}}, "required": ["scenarios", "keywords"]}
```

INFO - [Task id] 743 [prompt] 
[Problem]
    Yesterday, Chef found $K$ empty boxes in the cooler and decided to fill them with apples. He ordered $N$ apples, where $N$ is a multiple of $K$. Now, he just needs to hire someone who will distribute the apples into the boxes with professional passion. 
    Only two candidates passed all the interviews for the box filling job. In one minute, each candidate can put $K$ apples into boxes, but they do it in different ways: the first candidate puts exactly one apple in each box, while the second one chooses a random box with the smallest number of apples and puts $K$ apples in it.
    Chef is wondering if the final distribution of apples can even depend on which candidate he hires. Can you answer that question?
    Note: The boxes are distinguishable (labeled), while the apples are not. Therefore, two distributions of apples are different if there is a box such that the number of apples in it when the first candidate finishes working can be different from the number of apples in it when the second candidate finishes working.

    -----Input-----
    - The first line of the input contains a single integer $T$ denoting the number of test cases. The description of $T$ test cases follows.
    - The first and only line of each test case contains two space-separated integers $N$ and $K$. 

    -----Output-----
    For each test case, print a single line containing the string "YES" if the final distributions of apples can be different or "NO" if they will be the same (without quotes).

    -----Constraints-----
    - $1 \le T \le 250$
    - $1 \le N, K \le 10^{18}$
    - $N$ is divisible by $K$

    -----Subtasks-----
    Subtask #1 (30 points): $1 \le N, K \le 10^5$
    Subtask #2 (70 points): original constraints

    -----Example Input-----
    3
    5 1
    4 2
    10 10

    -----Example Output-----
    NO
    NO
    YES

    -----Explanation-----
    Example case 1: No matter who is hired, all apples will be in the only box at the end.
    Example case 2: At the end, there will be two apples in each box.
    Example case 3: If we hire the first candidate, there will be one apple in each box, but if we hire the second one, there will be $10$ apples in one box and none in all other boxes.
[/Problem]

[Solution]

    def can_distribute_apples(T, test_cases):
        # Iterate through each test case
        for case in test_cases:
            N, K = case  # Unpack the number of apples and boxes
            # Check if the number of boxes is equal to the number of apples
            if K == N:
                print("YES")  # Both candidates will have the same distribution
            else:
                print("NO")  # The distributions can differ

    # Read the number of test cases
    T = int(input())
    test_cases = []
    # Read each test case
    for _ in range(T):
        N, K = map(int, input().split())
        test_cases.append((N, K))  # Store the test case as a tuple

    # Call the function with the number of test cases and the list of test cases
    can_distribute_apples(T, test_cases)

[/Solution]

INFO - [Task id] 743 [generation text] 
INFO - {
    "scenarios": "This knowledge is useful in scenarios where one needs to determine the impact of different distribution methods on the final outcome of a resource allocation problem. For example, in logistics, understanding how different strategies for distributing items (like apples in this case) can lead to different results is crucial for optimizing processes. This can also apply to scenarios in operations research, game theory, or any situation where resources are allocated among distinguishable entities and the method of allocation can affect the final distribution.",
    "keywords": [
        "apples distribution",
        "resource allocation",
        "candidate selection",
        "logistics",
        "operations research",
        "game theory",
        "distribution methods",
        "test cases",
        "N and K values"
    ]
}
INFO - {
    "scenarios": "This knowledge is useful in scenarios where one needs to determine the impact of different distribution methods on the final outcome of a resource allocation problem. For example, in logistics, understanding how different strategies for distributing items (like apples in this case) can lead to different results is crucial for optimizing processes. This can also apply to scenarios in operations research, game theory, or any situation where resources are allocated among distinguishable entities and the method of allocation can affect the final distribution.",
    "keywords": [
        "apples distribution",
        "resource allocation",
        "candidate selection",
        "logistics",
        "operations research",
        "game theory",
        "distribution methods",
        "test cases",
        "N and K values"
    ]
}
INFO - Updated entry: 
[description for function: can_distribute_apples]
The function evaluates whether a given number of apples can be evenly distributed into a specified number of boxes for multiple test cases. For each test case, it checks if the number of boxes is equal to the number of apples. If they are equal, ...,

INFO - Metadata: {
    "task": 743,
    "code": "\ndef can_distribute_apples(T, test_cases):\n    # Iterate through each test case\n    for case in test_cases:\n        N, K = case  # Unpack the number of apples and boxes\n        # Check if the number of boxes is equal to the number of apples\n        if K == N:...

