INFO - DB skill doc count: 0

INFO - DB non_func doc count: 67

INFO - DB semantic doc count: 429

INFO - DB summaries doc count: 89

INFO - DB reflections doc count: 89

INFO - DB episodic doc count: 168

INFO - [train iter]: 89/100 

INFO - The task prompt is Alice has a hand of cards, given as an array of integers.
Now she wants to rearrange the cards into groups so that each group is size W, and consists of W consecutive cards.
Return true if and only if she can.
 


Example 1:
Input: hand = [1,2,3,6,2,3,4,7,8], W = 3
Output: true
Explanation: Alice...

INFO - Attempting task_id 1669
INFO - LM call n parse attempt 1 / 3

INFO - [Task id] 1669 [prompt] 
You are an expert programmer tasked with solving the problem below.

Follow the user's instructions to solve the problem.
The user can ask for analysis, code, or both.

## Instructions
When asked to output code,
- Make sure to wrap your code in '```python' and '```' Markdown delimiters, 
- include exactly one block of code with the entire solution
- No outside libraries are allowed. 
- Builtins are allowed.
- If the task specifies a function name to be used, follow it strictly (be case sensitive!) and declare the that function last (helper functions are declared first).
- DO NOT write any assert statements / tests.

## Problem
[BEGIN PROBLEM]
Alice has a hand of cards, given as an array of integers.
Now she wants to rearrange the cards into groups so that each group is size W, and consists of W consecutive cards.
Return true if and only if she can.
 


Example 1:
Input: hand = [1,2,3,6,2,3,4,7,8], W = 3
Output: true
Explanation: Alice's hand can be rearranged as [1,2,3],[2,3,4],[6,7,8].
Example 2:
Input: hand = [1,2,3,4,5], W = 4
Output: false
Explanation: Alice's hand can't be rearranged into groups of 4.

 
Constraints:

1 <= hand.length <= 10000
0 <= hand[i] <= 10^9
1 <= W <= hand.length

Note: This question is the same as 1296: https://leetcode.com/problems/divide-array-in-sets-of-k-consecutive-numbers/

The output code needs to use the provided function signature

The final python function should begin with: 
```python

class Solution:
    def isNStraightHand(self, hand: List[int], W: int) -> bool:
        
```

[END PROBLEM]

INFO - [Task id] 1669 [prompt] 
## Instructions

Reason through the problem and:
1. Restate the problem in plain English
2. Conceptualize a solution first in plain English
3. Write a pseudocode solution
4. Output the final Python 3 solution with your solution steps in comments.

Make sure to wrap your code in '```python' and '```' Markdown delimiters, 
and include exactly one block of code with the entire solution.

No outside libraries are allowed.
Builtins are allowed.

INFO - [Task id] 1669 [generation text] 1. **Restate the problem in plain English:**
   Alice has a collection of cards represented as an array of integers. She wants to know if she can rearrange these cards into groups of a specified size, W, where each group contains W consecutive integers. The task is to determine if this rearrangement is possible.

2. **Conceptualize a solution first in plain English:**
   To solve this problem, we need to check if we can form groups of W consecutive numbers from the given hand of cards. We can start by counting the occurrences of each number in the hand. Then, we can attempt to form groups by always trying to create a group starting from the smallest available number. If we can successfully form all groups without running out of cards, we return true; otherwise, we return false.

3. **Write a pseudocode solution:**
   - Count the frequency of each card in the hand.
   - Sort the unique cards.
   - For each unique card, check if we can form a group starting from that card:
     - If the current card's count is greater than zero, try to form a group of W consecutive cards.
     - Decrease the count of each card in the group by one.
     - If at any point we cannot form a complete group, return false.
   - If we successfully form all groups, return true.

4. **Output the final Python 3 solution with your solution steps in comments:**

```python
class Solution:
    def isNStraightHand(self, hand: list[int], W: int) -> bool:
        # Step 1: Count the frequency of each card
        count = {}
        for card in hand:
            if card in count:
                count[card] += 1
            else:
                count[card] = 1
        
        # Step 2: Sort the unique cards
        unique_cards = sorted(count.keys())
        
        # Step 3: Try to form groups of W consecutive cards
        for card in unique_cards:
            if count[card] > 0:  # If there are still cards of this value
                # Step 3a: Try to form a group starting from this card
                for i in range(W):
                    if count.get(card + i, 0) < count[card]:  # Check if we can use this card
                        return False
                    count[card + i] -= count[card]  # Decrease the count for this group
                
        # Step 4: If we successfully formed all groups, return true
        return True
```
INFO - [35m Rollout attempt 1/4[0m
INFO - [33m Retrieving 1 entries for db: episodic 
 [0m
INFO - Retrieved (score=0.3727):

[Task]:
    Let's call a sequence good if the sum of all its elements is $0$.
    You have a sequence of integers $A_1, A_2, \ldots, A_N$. You may perform any number of operations on this sequence (including zero). In one operation, you should choose a valid index $i$ and decrease $A_i$ by $i$. ...


INFO - [33m Retrieving 1 entries for db: semantic 
 [0m
INFO - Retrieved (score=0.4594):
Title: 15 Puzzle Game: Existence Of The Solution
Part: 1/1
# 15 Puzzle Game: Existence Of The Solution

This game is played on a $4 \times 4$ board. On this board there are $15$ playing tiles numbered from 1 to 15. One cell is left empty (denoted by 0). You need to get the board to the position p...


INFO - [33m Retrieving 1 entries for db: reflections 
 [0m
INFO - Retrieved (score=0.4512):
The official solution provides a more straightforward approach to solving the problem of counting subsets with specific conditions. Here are the key insights and steps distilled from the official solution:

1. **Understanding the Problem**: The solution correctly identifies that if \( K > I \), t...


INFO - [33m Retrieving 1 entries for db: summaries 
 [0m
INFO - Retrieved (score=0.3592):
In this problem, the goal was to determine if a sequence of integers could be modified to have a sum of zero by decreasing elements based on their indices. The key insight was recognizing that the maximum reduction possible is the sum of the first N natural numbers, which can be calculated using ...


INFO - [33m Retrieving 1 entries for db: non_func 
 [0m
INFO - Retrieved (score=0.4558):

[description for function: can_make_good_sequence]
The function processes multiple test cases to determine if a given sequence can be modified to have a total sum of zero. For each test case, it calculates the total sum of the sequence and the maximum possible reduction based on the sequence's l...


INFO - Retrieved (score=0.3592): 
[Summary]:
    In this problem, the goal was to determine if a sequence of integers could be modified to have a sum of zero by decreasing elements based on their indices. The key insight was recognizing that the maximum reduction possible is the sum of the first N natural numbers, which can be c...
INFO - LM call n parse attempt 1 / 3

INFO - [Task id] 1669 [prompt] 
You are an expert programmer tasked with solving the problem below.

Follow the user's instructions to solve the problem.
The user can ask for analysis, code, or both.

## Instructions
When asked to output code,
- Make sure to wrap your code in '```python' and '```' Markdown delimiters, 
- include exactly one block of code with the entire solution
- No outside libraries are allowed. 
- Builtins are allowed.
- If the task specifies a function name to be used, follow it strictly (be case sensitive!) and declare the that function last (helper functions are declared first).
- DO NOT write any assert statements / tests.

## Problem
[BEGIN PROBLEM]
Alice has a hand of cards, given as an array of integers.
Now she wants to rearrange the cards into groups so that each group is size W, and consists of W consecutive cards.
Return true if and only if she can.
 


Example 1:
Input: hand = [1,2,3,6,2,3,4,7,8], W = 3
Output: true
Explanation: Alice's hand can be rearranged as [1,2,3],[2,3,4],[6,7,8].
Example 2:
Input: hand = [1,2,3,4,5], W = 4
Output: false
Explanation: Alice's hand can't be rearranged into groups of 4.

 
Constraints:

1 <= hand.length <= 10000
0 <= hand[i] <= 10^9
1 <= W <= hand.length

Note: This question is the same as 1296: https://leetcode.com/problems/divide-array-in-sets-of-k-consecutive-numbers/

The output code needs to use the provided function signature

The final python function should begin with: 
```python

class Solution:
    def isNStraightHand(self, hand: List[int], W: int) -> bool:
        
```

[END PROBLEM]

INFO - [Task id] 1669 [prompt] 
## Instructions

Reason through the problem and:
1. Restate the problem in plain English
2. Conceptualize a solution first in plain English
3. Write a pseudocode solution
4. Output the final Python 3 solution with your solution steps in comments.

Make sure to wrap your code in '```python' and '```' Markdown delimiters, 
and include exactly one block of code with the entire solution.

No outside libraries are allowed.
Builtins are allowed.

INFO - [Task id] 1669 [prompt] 
Also, here are some of your memories.
Feel free to use the given information to aid your problem solving process if necessary.
Do not confuse the memories with the problem statement.

## Memories

[Summary]:
    In this problem, the goal was to determine if a sequence of integers could be modified to have a sum of zero by decreasing elements based on their indices. The key insight was recognizing that the maximum reduction possible is the sum of the first N natural numbers, which can be calculated using the formula \(N \times (N + 1) / 2\).

    Initially, the solution incorrectly handled the conditions for determining if the sequence could be made "good." The logic needed to explicitly check if the total sum was zero, if it was positive and could be reduced to zero, or if it was negative, which would immediately result in "NO." 

    The final working solution iterates through each test case, calculates the total sum and maximum reduction, and checks the conditions correctly. The code snippet that encapsulates the solution is as follows:

    ```python
    def can_make_good_sequence(T, test_cases):
        for case in test_cases:
            N = case[0]
            A = case[1]
            total_sum = sum(A)
            max_reduction = N * (N + 1) // 2
        
            if total_sum == 0:
                print("YES")
            elif total_sum > 0 and total_sum <= max_reduction:
                print("YES")
            else:
                print("NO")
    ```

    This experience reinforced the importance of carefully considering all possible conditions and edge cases when solving problems involving sums and modifications of sequences.
[/Summary]


INFO - [Task id] 1669 [generation text] 1. **Restate the problem in plain English**: 
   Alice has a collection of cards represented as an array of integers. She wants to rearrange these cards into groups of size W, where each group consists of W consecutive integers. The task is to determine if it is possible to rearrange the cards in such a way.

2. **Conceptualize a solution first in plain English**: 
   To solve this problem, we can follow these steps:
   - First, check if the total number of cards is divisible by W. If not, it's impossible to form groups of size W.
   - Next, sort the array of cards. This will help us easily find consecutive sequences.
   - Use a frequency counter to keep track of how many of each card we have.
   - Iterate through the sorted unique cards and try to form groups of W consecutive cards. For each card, check if we can form a complete group using the available cards in the frequency counter.
   - If we can form all groups successfully, return true; otherwise, return false.

3. **Write a pseudocode solution**:
   ```
   function isNStraightHand(hand, W):
       if length of hand is not divisible by W:
           return false
       
       sort hand
       create a frequency counter for hand
       
       for each card in sorted unique hand:
           while frequency of card is greater than 0:
               for i from 0 to W-1:
                   if frequency of (card + i) is 0:
                       return false
                   decrease frequency of (card + i) by 1
       
       return true
   ```

4. **Output the final Python 3 solution with your solution steps in comments**:
```python
class Solution:
    def isNStraightHand(self, hand: List[int], W: int) -> bool:
        # Step 1: Check if the total number of cards is divisible by W
        if len(hand) % W != 0:
            return False
        
        # Step 2: Sort the hand to facilitate grouping
        hand.sort()
        
        # Step 3: Create a frequency counter for the cards
        frequency = {}
        for card in hand:
            if card in frequency:
                frequency[card] += 1
            else:
                frequency[card] = 1
        
        # Step 4: Try to form groups of W consecutive cards
        for card in sorted(frequency.keys()):
            while frequency[card] > 0:
                # Attempt to form a group starting with 'card'
                for i in range(W):
                    if frequency.get(card + i, 0) <= 0:
                        return False
                    frequency[card + i] -= 1
        
        # If all groups are formed successfully, return true
        return True
```
INFO - program_code:
 
class Solution:
    def isNStraightHand(self, hand: List[int], W: int) -> bool:
        # Step 1: Check if the total number of cards is divisible by W
        if len(hand) % W != 0:
            return False
        
        # Step 2: Sort the hand to facilitate grouping
        hand.sort()
        
        # Step 3: Create a frequency counter for the cards
        frequency = {}
        for card in hand:
            if card in frequency:
                frequency[card] += 1
            else:
                frequency[card] = 1
        
        # Step 4: Try to form groups of W consecutive cards
        for card in sorted(frequency.keys()):
            while frequency[card] > 0:
                # Attempt to form a group starting with 'card'
                for i in range(W):
                    if frequency.get(card + i, 0) <= 0:
                        return False
                    frequency[card + i] -= 1
        
        # If all groups are formed successfully, return true
        return True


INFO - program_name:
 

INFO - dependencies:
 []

INFO - raw_msg:
 1. **Restate the problem in plain English**: 
   Alice has a collection of cards represented as an array of integers. She wants to rearrange these cards into groups of size W, where each group consists of W consecutive integers. The task is to determine if it is possible to rearrange the cards in such a way.

2. **Conceptualize a solution first in plain English**: 
   To solve this problem, we can follow these steps:
   - First, check if the total number of cards is divisible by W. If not, it's impossible to form groups of size W.
   - Next, sort the array of cards. This will help us easily find consecutive sequences.
   - Use a frequency counter to keep track of how many of each card we have.
   - Iterate through the sorted unique cards and try to form groups of W consecutive cards. For each card, check if we can form a complete group using the available cards in the frequency counter.
   - If we can form all groups successfully, return true; otherwise, return false.

3. **Write a pseudocode solution**:
   ```
   function isNStraightHand(hand, W):
       if length of hand is not divisible by W:
           return false
       
       sort hand
       create a frequency counter for hand
       
       for each card in sorted unique hand:
           while frequency of card is greater than 0:
               for i from 0 to W-1:
                   if frequency of (card + i) is 0:
                       return false
                   decrease frequency of (card + i) by 1
       
       return true
   ```

4. **Output the final Python 3 solution with your solution steps in comments**:
```python
class Solution:
    def isNStraightHand(self, hand: List[int], W: int) -> bool:
        # Step 1: Check if the total number of cards is divisible by W
        if len(hand) % W != 0:
            return False
        
        # Step 2: Sort the hand to facilitate grouping
        hand.sort()
        
        # Step 3: Create a frequency counter for the cards
        frequency = {}
        for card in hand:
            if card in frequency:
                frequency[card] += 1
            else:
                frequency[card] = 1
        
        # Step 4: Try to form groups of W consecutive cards
        for card in sorted(frequency.keys()):
            while frequency[card] > 0:
                # Attempt to form a group starting with 'card'
                for i in range(W):
                    if frequency.get(card + i, 0) <= 0:
                        return False
                    frequency[card + i] -= 1
        
        # If all groups are formed successfully, return true
        return True
```

INFO - no_parent:
 False

INFO - full code to be executed: 
 
class Solution:
    def isNStraightHand(self, hand: List[int], W: int) -> bool:
        # Step 1: Check if the total number of cards is divisible by W
        if len(hand) % W != 0:
            return False
        
        # Step 2: Sort the hand to facilitate grouping
        hand.sort()
        
        # Step 3: Create a frequency counter for the cards
        frequency = {}
        for card in hand:
            if card in frequency:
                frequency[card] += 1
            else:
                frequency[card] = 1
        
        # Step 4: Try to form groups of W consecutive cards
        for card in sorted(frequency.keys()):
            while frequency[card] > 0:
                # Attempt to form a group starting with 'card'
                for i in range(W):
                    if frequency.get(card + i, 0) <= 0:
                        return False
                    frequency[card + i] -= 1
        
        # If all groups are formed successfully, return true
        return True


INFO - obs: Note: Inputs/outputs here are automatically extracted/truncated so formatting may be a bit off.
Tests passed:

 Input: [[1, 2, 2, 3, 3, 4, 6, 7, 8], 3] Output: True

Tests failed:
None
reward: True
done: None
info: {'individual_results': [True]}
INFO - Updated entry: 
[Task]:
    Alice has a hand of cards, given as an array of integers.
    Now she wants to rearrange the cards into groups so that each group is size W, and consists of W consecutive cards.
    Return true if and only if she can.
 


    Example 1:
    Input: hand = [1,2,3,6,2,3,4,7,8], W = 3
  ...,

INFO - Metadata: {
    "raw_msg": "1. **Restate the problem in plain English**: \n   Alice has a collection of cards represented as an array of integers. She wants to rearrange these cards into groups of size W, where each group consists of W consecutive integers. The task is to determine if it is possible to rea...

INFO - LM call n parse attempt 1 / 3

INFO - [Task id] 1669 [prompt] 
You are an expert programmer tasked with solving the problem below.

Follow the user's instructions to solve the problem.
The user can ask for analysis, code, or both.

## Instructions
When asked to output code,
- Make sure to wrap your code in '```python' and '```' Markdown delimiters, 
- include exactly one block of code with the entire solution
- No outside libraries are allowed. 
- Builtins are allowed.
- If the task specifies a function name to be used, follow it strictly (be case sensitive!) and declare the that function last (helper functions are declared first).
- DO NOT write any assert statements / tests.

## Problem
[BEGIN PROBLEM]
Alice has a hand of cards, given as an array of integers.
Now she wants to rearrange the cards into groups so that each group is size W, and consists of W consecutive cards.
Return true if and only if she can.
 


Example 1:
Input: hand = [1,2,3,6,2,3,4,7,8], W = 3
Output: true
Explanation: Alice's hand can be rearranged as [1,2,3],[2,3,4],[6,7,8].
Example 2:
Input: hand = [1,2,3,4,5], W = 4
Output: false
Explanation: Alice's hand can't be rearranged into groups of 4.

 
Constraints:

1 <= hand.length <= 10000
0 <= hand[i] <= 10^9
1 <= W <= hand.length

Note: This question is the same as 1296: https://leetcode.com/problems/divide-array-in-sets-of-k-consecutive-numbers/

The output code needs to use the provided function signature

The final python function should begin with: 
```python

class Solution:
    def isNStraightHand(self, hand: List[int], W: int) -> bool:
        
```

[END PROBLEM]

INFO - [Task id] 1669 [prompt] 
## Instructions

Reason through the problem and:
1. Restate the problem in plain English
2. Conceptualize a solution first in plain English
3. Write a pseudocode solution
4. Output the final Python 3 solution with your solution steps in comments.

Make sure to wrap your code in '```python' and '```' Markdown delimiters, 
and include exactly one block of code with the entire solution.

No outside libraries are allowed.
Builtins are allowed.

INFO - [Task id] 1669 [prompt] 1. **Restate the problem in plain English**: 
   Alice has a collection of cards represented as an array of integers. She wants to rearrange these cards into groups of size W, where each group consists of W consecutive integers. The task is to determine if it is possible to rearrange the cards in such a way.

2. **Conceptualize a solution first in plain English**: 
   To solve this problem, we can follow these steps:
   - First, check if the total number of cards is divisible by W. If not, it's impossible to form groups of size W.
   - Next, sort the array of cards. This will help us easily find consecutive sequences.
   - Use a frequency counter to keep track of how many of each card we have.
   - Iterate through the sorted unique cards and try to form groups of W consecutive cards. For each card, check if we can form a complete group using the available cards in the frequency counter.
   - If we can form all groups successfully, return true; otherwise, return false.

3. **Write a pseudocode solution**:
   ```
   function isNStraightHand(hand, W):
       if length of hand is not divisible by W:
           return false
       
       sort hand
       create a frequency counter for hand
       
       for each card in sorted unique hand:
           while frequency of card is greater than 0:
               for i from 0 to W-1:
                   if frequency of (card + i) is 0:
                       return false
                   decrease frequency of (card + i) by 1
       
       return true
   ```

4. **Output the final Python 3 solution with your solution steps in comments**:
```python
class Solution:
    def isNStraightHand(self, hand: List[int], W: int) -> bool:
        # Step 1: Check if the total number of cards is divisible by W
        if len(hand) % W != 0:
            return False
        
        # Step 2: Sort the hand to facilitate grouping
        hand.sort()
        
        # Step 3: Create a frequency counter for the cards
        frequency = {}
        for card in hand:
            if card in frequency:
                frequency[card] += 1
            else:
                frequency[card] = 1
        
        # Step 4: Try to form groups of W consecutive cards
        for card in sorted(frequency.keys()):
            while frequency[card] > 0:
                # Attempt to form a group starting with 'card'
                for i in range(W):
                    if frequency.get(card + i, 0) <= 0:
                        return False
                    frequency[card + i] -= 1
        
        # If all groups are formed successfully, return true
        return True
```
INFO - [Task id] 1669 [prompt] 
[Environment Feedback]:
    Note: Inputs/outputs here are automatically extracted/truncated so formatting may be a bit off.
    Tests passed:

     Input: [[1, 2, 2, 3, 3, 4, 6, 7, 8], 3] Output: True

    Tests failed:
    None
[/Environment Feedback]

INFO - [Task id] 1669 [prompt] 
## Instructions
Now, summarize your attempts as a **standalone** document for your own future reference. (can skip formalities, be concise)

- Only include the most relevant information and code snippets that could be useful in the future.
- If you did not learn much from the current experience (e.g. the problem was too easy), feel free to write less or nothing at all.
- Here are some ideas if the experience was useful:
    - Identifying the core concepts and patterns that problem appears to test for
    - Describing the strategies that seemed to work but did not, and vice versa
    - Describing unexpected errors and how they were fixed

Your summary should be at most a few paragraphs.

INFO - [Task id] 1669 [generation text] In this task, I was required to determine if a hand of cards could be rearranged into groups of consecutive integers of a specified size, W. The core concepts involved sorting the cards, using a frequency counter to track the number of each card, and iterating through the sorted list to form groups of consecutive cards.

The successful strategy involved checking if the total number of cards was divisible by W, sorting the hand, and then using a frequency dictionary to manage the counts of each card. By iterating through the sorted unique cards and attempting to form groups of W consecutive cards, I was able to determine if the arrangement was possible. 

The final implementation passed the provided test cases, confirming that the approach was effective. The key takeaway was the importance of sorting and frequency counting in solving problems related to grouping and consecutive sequences. The solution was straightforward and did not encounter unexpected errors, demonstrating a clear understanding of the problem requirements.
INFO - LM call n parse attempt 1 / 3

INFO - [Task id] 1669 [prompt] 
You are an expert programmer tasked with solving the problem below.

Follow the user's instructions to solve the problem.
The user can ask for analysis, code, or both.

## Instructions
When asked to output code,
- Make sure to wrap your code in '```python' and '```' Markdown delimiters, 
- include exactly one block of code with the entire solution
- No outside libraries are allowed. 
- Builtins are allowed.
- If the task specifies a function name to be used, follow it strictly (be case sensitive!) and declare the that function last (helper functions are declared first).
- DO NOT write any assert statements / tests.

## Problem
[BEGIN PROBLEM]
Alice has a hand of cards, given as an array of integers.
Now she wants to rearrange the cards into groups so that each group is size W, and consists of W consecutive cards.
Return true if and only if she can.
 


Example 1:
Input: hand = [1,2,3,6,2,3,4,7,8], W = 3
Output: true
Explanation: Alice's hand can be rearranged as [1,2,3],[2,3,4],[6,7,8].
Example 2:
Input: hand = [1,2,3,4,5], W = 4
Output: false
Explanation: Alice's hand can't be rearranged into groups of 4.

 
Constraints:

1 <= hand.length <= 10000
0 <= hand[i] <= 10^9
1 <= W <= hand.length

Note: This question is the same as 1296: https://leetcode.com/problems/divide-array-in-sets-of-k-consecutive-numbers/

The output code needs to use the provided function signature

The final python function should begin with: 
```python

class Solution:
    def isNStraightHand(self, hand: List[int], W: int) -> bool:
        
```

[END PROBLEM]

INFO - [Task id] 1669 [prompt] 
## Instructions

Reason through the problem and:
1. Restate the problem in plain English
2. Conceptualize a solution first in plain English
3. Write a pseudocode solution
4. Output the final Python 3 solution with your solution steps in comments.

Make sure to wrap your code in '```python' and '```' Markdown delimiters, 
and include exactly one block of code with the entire solution.

No outside libraries are allowed.
Builtins are allowed.

INFO - [Task id] 1669 [prompt] 1. **Restate the problem in plain English**: 
   Alice has a collection of cards represented as an array of integers. She wants to rearrange these cards into groups of size W, where each group consists of W consecutive integers. The task is to determine if it is possible to rearrange the cards in such a way.

2. **Conceptualize a solution first in plain English**: 
   To solve this problem, we can follow these steps:
   - First, check if the total number of cards is divisible by W. If not, it's impossible to form groups of size W.
   - Next, sort the array of cards. This will help us easily find consecutive sequences.
   - Use a frequency counter to keep track of how many of each card we have.
   - Iterate through the sorted unique cards and try to form groups of W consecutive cards. For each card, check if we can form a complete group using the available cards in the frequency counter.
   - If we can form all groups successfully, return true; otherwise, return false.

3. **Write a pseudocode solution**:
   ```
   function isNStraightHand(hand, W):
       if length of hand is not divisible by W:
           return false
       
       sort hand
       create a frequency counter for hand
       
       for each card in sorted unique hand:
           while frequency of card is greater than 0:
               for i from 0 to W-1:
                   if frequency of (card + i) is 0:
                       return false
                   decrease frequency of (card + i) by 1
       
       return true
   ```

4. **Output the final Python 3 solution with your solution steps in comments**:
```python
class Solution:
    def isNStraightHand(self, hand: List[int], W: int) -> bool:
        # Step 1: Check if the total number of cards is divisible by W
        if len(hand) % W != 0:
            return False
        
        # Step 2: Sort the hand to facilitate grouping
        hand.sort()
        
        # Step 3: Create a frequency counter for the cards
        frequency = {}
        for card in hand:
            if card in frequency:
                frequency[card] += 1
            else:
                frequency[card] = 1
        
        # Step 4: Try to form groups of W consecutive cards
        for card in sorted(frequency.keys()):
            while frequency[card] > 0:
                # Attempt to form a group starting with 'card'
                for i in range(W):
                    if frequency.get(card + i, 0) <= 0:
                        return False
                    frequency[card + i] -= 1
        
        # If all groups are formed successfully, return true
        return True
```
INFO - [Task id] 1669 [prompt] 
[Environment Feedback]:
    Note: Inputs/outputs here are automatically extracted/truncated so formatting may be a bit off.
    Tests passed:

     Input: [[1, 2, 2, 3, 3, 4, 6, 7, 8], 3] Output: True

    Tests failed:
    None
[/Environment Feedback]

INFO - [Task id] 1669 [prompt] 
Below is the official solution (do exercise discretion as official solutions can also have mistakes).

You will be reflecting on your attempts to solve the problem.
This will be a **standalone** document for your own future reference. (can skip formalities, be concise)

## Instructions
- Only include the most relevant insights and code snippets that could be useful in the future.
- If you did not learn much from the current experience (e.g. the problem was too easy / official solution was obvious), feel free to write less or nothing at all.
- Here are some ideas if the experience was useful:
    - If the official solution is insightful (e.g. better than yours in time and space complexity or more effective in breaking down the problem statement), distil the key approach of the official solution, step by step.
    - If your approach failed the test cases, reason why the official solution works but yours does not

Your reflection should be at most a few paragraphs.

## Official solution
class Solution:
    def isNStraightHand(self, hand: List[int], W: int) -> bool:
        # 1, 2, 2, 3, 3, 4, 6, 7, 8
        # 1 2 3
        #   2 3 4
        #         6 7 8
        
        # W length Q
        # how many opened
        # # of the element is current opened one
        
        q = deque()
        opened = 0
        last = 0
        counter = Counter(hand)
        for n in sorted(counter):
            count = counter[n]
            if n > last + 1 and opened > 0:
                return False
            
            if n == last + 1 and count < opened:
                return False
            
            
            q.append(count - opened)
            opened = count
            
            if len(q) == W:
                opened -= q.popleft()
            
            last = n
        return not opened

INFO - [Task id] 1669 [generation text] The official solution provides a more efficient approach to solving the problem of rearranging cards into groups of consecutive integers. Here are the key insights and steps from the official solution:

1. **Use of a Queue**: The official solution employs a queue (`deque`) to keep track of the counts of cards that are currently "opened" for forming groups. This allows for efficient management of the counts as we process each unique card.

2. **Counter for Frequencies**: It uses a `Counter` to maintain the frequency of each card in the hand, which simplifies the process of checking how many of each card are available.

3. **Handling Gaps**: The solution checks for gaps between consecutive cards. If there is a gap (i.e., if the current card is more than one greater than the last processed card), it ensures that there are no opened groups that can be completed, returning `False` if this condition is met.

4. **Managing Opened Groups**: The solution keeps track of how many groups are currently opened and adjusts this count as it processes each card. If the current card is the next in sequence, it checks if there are enough cards to continue forming groups.

5. **Final Check**: At the end of the iteration, it checks if there are any opened groups left. If there are no opened groups, it returns `True`, indicating that all groups have been successfully formed.

The official solution is more efficient in terms of time complexity due to its linear pass through the sorted unique cards and the use of a queue to manage the counts dynamically. My initial approach, while correct in logic, could be improved by incorporating these insights, particularly the management of opened groups and the use of a frequency counter. This would enhance both clarity and performance.
INFO - Updated entry: In this task, I was required to determine if a hand of cards could be rearranged into groups of consecutive integers of a specified size, W. The core concepts involved sorting the cards, using a frequency counter to track the number of each card, and iterating through the sorted list to form grou...,

INFO - Metadata: {
    "task_id": 1669
}

INFO - Updated entry: The official solution provides a more efficient approach to solving the problem of rearranging cards into groups of consecutive integers. Here are the key insights and steps from the official solution:

1. **Use of a Queue**: The official solution employs a queue (`deque`) to keep track of the co...,

INFO - Metadata: {
    "task_id": 1669
}

INFO - LM call n parse attempt 1 / 3

INFO - [Task id] 1669 [prompt] 
You are a helpful assistant that writes a description of the given function written in the Python programming language.

1) Do not mention the function name.
2) Do not mention anything about helper functions.
3) There might be some helper functions before the main function, but you only need to describe the main function.
4) Try to summarize the function in no more than 6 sentences.
5) Your response should be a single line of text.

INFO - [Task id] 1669 [prompt] 
class Solution:
    def isNStraightHand(self, hand: List[int], W: int) -> bool:
        # Step 1: Check if the total number of cards is divisible by W
        if len(hand) % W != 0:
            return False
        
        # Step 2: Sort the hand to facilitate grouping
        hand.sort()
        
        # Step 3: Create a frequency counter for the cards
        frequency = {}
        for card in hand:
            if card in frequency:
                frequency[card] += 1
            else:
                frequency[card] = 1
        
        # Step 4: Try to form groups of W consecutive cards
        for card in sorted(frequency.keys()):
            while frequency[card] > 0:
                # Attempt to form a group starting with 'card'
                for i in range(W):
                    if frequency.get(card + i, 0) <= 0:
                        return False
                    frequency[card + i] -= 1
        
        # If all groups are formed successfully, return true
        return True

INFO - [Task id] 1669 [generation text] The function checks if a given hand of cards can be rearranged into groups of consecutive cards, each of size W. It first verifies that the total number of cards is divisible by W, returning false if not. The hand is then sorted, and a frequency counter is created to track the number of each card. The function attempts to form groups of W consecutive cards starting from the lowest card in the hand. If it successfully forms all required groups, it returns true; otherwise, it returns false.
INFO - LM call n parse attempt 1 / 3

INFO - [Task id] 1669 [prompt] 
You are a helpful assistant that extracts important information from problems and solutions to aid in searchability and education.

## Instructions
- Read through the problem and solution carefully.
- Reason out, step by step, in what scenarios this knowledge would be useful.
- Focus on general patterns and situations to help connect this knowledge to new situations.
- Then, include a list of keywords that are useful for searching this problem/solution pair.

## Response format
Respond in JSON, and follow the keys and expected format of the values strictly.

The output should be formatted as a JSON instance that conforms to the JSON schema below.

As an example, for the schema {"properties": {"foo": {"title": "Foo", "description": "a list of strings", "type": "array", "items": {"type": "string"}}}, "required": ["foo"]}
the object {"foo": ["bar", "baz"]} is a well-formatted instance of the schema. The object {"properties": {"foo": ["bar", "baz"]}} is not well-formatted.

Here is the output schema:
```
{"properties": {"scenarios": {"description": "In what scenarios will this knowledge be useful? Answer in a paragraph.", "title": "Scenarios", "type": "string"}, "keywords": {"description": "List of keywords that are useful for searching this problem/solution pair", "items": {"type": "string"}, "title": "Keywords", "type": "array"}}, "required": ["scenarios", "keywords"]}
```

INFO - [Task id] 1669 [prompt] 
[Problem]
    Alice has a hand of cards, given as an array of integers.
    Now she wants to rearrange the cards into groups so that each group is size W, and consists of W consecutive cards.
    Return true if and only if she can.
 


    Example 1:
    Input: hand = [1,2,3,6,2,3,4,7,8], W = 3
    Output: true
    Explanation: Alice's hand can be rearranged as [1,2,3],[2,3,4],[6,7,8].
    Example 2:
    Input: hand = [1,2,3,4,5], W = 4
    Output: false
    Explanation: Alice's hand can't be rearranged into groups of 4.

 
    Constraints:

    1 <= hand.length <= 10000
    0 <= hand[i] <= 10^9
    1 <= W <= hand.length

    Note: This question is the same as 1296: https://leetcode.com/problems/divide-array-in-sets-of-k-consecutive-numbers/
[/Problem]

[Solution]

    class Solution:
        def isNStraightHand(self, hand: List[int], W: int) -> bool:
            # Step 1: Check if the total number of cards is divisible by W
            if len(hand) % W != 0:
                return False
        
            # Step 2: Sort the hand to facilitate grouping
            hand.sort()
        
            # Step 3: Create a frequency counter for the cards
            frequency = {}
            for card in hand:
                if card in frequency:
                    frequency[card] += 1
                else:
                    frequency[card] = 1
        
            # Step 4: Try to form groups of W consecutive cards
            for card in sorted(frequency.keys()):
                while frequency[card] > 0:
                    # Attempt to form a group starting with 'card'
                    for i in range(W):
                        if frequency.get(card + i, 0) <= 0:
                            return False
                        frequency[card + i] -= 1
        
            # If all groups are formed successfully, return true
            return True

[/Solution]

INFO - [Task id] 1669 [generation text] 
INFO - {
    "scenarios": "This knowledge is useful in scenarios where you need to organize or group items based on specific criteria, such as forming teams, creating batches, or arranging data in a structured way. It can be applied in game development for card games, inventory management systems, or any situation where items need to be grouped into consecutive sequences. Understanding how to check for the possibility of such arrangements can help in optimizing algorithms for sorting and grouping tasks.",
    "keywords": [
        "card grouping",
        "consecutive numbers",
        "array rearrangement",
        "algorithm",
        "sorting",
        "frequency counter",
        "combinatorial problems",
        "LeetCode 1296"
    ]
}
INFO - {
    "scenarios": "This knowledge is useful in scenarios where you need to organize or group items based on specific criteria, such as forming teams, creating batches, or arranging data in a structured way. It can be applied in game development for card games, inventory management systems, or any situation where items need to be grouped into consecutive sequences. Understanding how to check for the possibility of such arrangements can help in optimizing algorithms for sorting and grouping tasks.",
    "keywords": [
        "card grouping",
        "consecutive numbers",
        "array rearrangement",
        "algorithm",
        "sorting",
        "frequency counter",
        "combinatorial problems",
        "LeetCode 1296"
    ]
}
INFO - Updated entry: 
[description]
The function checks if a given hand of cards can be rearranged into groups of consecutive cards, each of size W. It first verifies that the total number of cards is divisible by W, returning false if not. The hand is then sorted, and a frequency counter is created to track the numb...,

INFO - Metadata: {
    "task": 1669,
    "code": "\nclass Solution:\n    def isNStraightHand(self, hand: List[int], W: int) -> bool:\n        # Step 1: Check if the total number of cards is divisible by W\n        if len(hand) % W != 0:\n            return False\n        \n        # Step 2: Sort the hand to facil...

