INFO - DB skill doc count: 0

INFO - DB non_func doc count: 61

INFO - DB semantic doc count: 429

INFO - DB summaries doc count: 79

INFO - DB reflections doc count: 79

INFO - DB episodic doc count: 149

INFO - [train iter]: 79/100 

INFO - The task prompt is In a country popular for train travel, you have planned some train travelling one year in advance.  The days of the year that you will travel is given as an array days.  Each day is an integer from 1 to 365.
Train tickets are sold in 3 different ways:

a 1-day pass is sold for costs[0] dollars;
a...

INFO - Attempting task_id 132
INFO - LM call n parse attempt 1 / 3

INFO - [Task id] 132 [prompt] 
You are an expert programmer tasked with solving the problem below.

Follow the user's instructions to solve the problem.
The user can ask for analysis, code, or both.

## Instructions
When asked to output code,
- Make sure to wrap your code in '```python' and '```' Markdown delimiters, 
- include exactly one block of code with the entire solution
- No outside libraries are allowed. 
- Builtins are allowed.
- If the task specifies a function name to be used, follow it strictly (be case sensitive!) and declare the that function last (helper functions are declared first).
- DO NOT write any assert statements / tests.

## Problem
[BEGIN PROBLEM]
In a country popular for train travel, you have planned some train travelling one year in advance.  The days of the year that you will travel is given as an array days.  Each day is an integer from 1 to 365.
Train tickets are sold in 3 different ways:

a 1-day pass is sold for costs[0] dollars;
a 7-day pass is sold for costs[1] dollars;
a 30-day pass is sold for costs[2] dollars.

The passes allow that many days of consecutive travel.  For example, if we get a 7-day pass on day 2, then we can travel for 7 days: day 2, 3, 4, 5, 6, 7, and 8.
Return the minimum number of dollars you need to travel every day in the given list of days.
 
Example 1:
Input: days = [1,4,6,7,8,20], costs = [2,7,15]
Output: 11
Explanation: 
For example, here is one way to buy passes that lets you travel your travel plan:
On day 1, you bought a 1-day pass for costs[0] = $2, which covered day 1.
On day 3, you bought a 7-day pass for costs[1] = $7, which covered days 3, 4, ..., 9.
On day 20, you bought a 1-day pass for costs[0] = $2, which covered day 20.
In total you spent $11 and covered all the days of your travel.


Example 2:
Input: days = [1,2,3,4,5,6,7,8,9,10,30,31], costs = [2,7,15]
Output: 17
Explanation: 
For example, here is one way to buy passes that lets you travel your travel plan:
On day 1, you bought a 30-day pass for costs[2] = $15 which covered days 1, 2, ..., 30.
On day 31, you bought a 1-day pass for costs[0] = $2 which covered day 31.
In total you spent $17 and covered all the days of your travel.

 

Note:

1 <= days.length <= 365
1 <= days[i] <= 365
days is in strictly increasing order.
costs.length == 3
1 <= costs[i] <= 1000

The output code needs to use the provided function signature

The final python function should begin with: 
```python

class Solution:
    def mincostTickets(self, days: List[int], costs: List[int]) -> int:
        
```

[END PROBLEM]

INFO - [Task id] 132 [prompt] 
## Instructions

Reason through the problem and:
1. Restate the problem in plain English
2. Conceptualize a solution first in plain English
3. Write a pseudocode solution
4. Output the final Python 3 solution with your solution steps in comments.

Make sure to wrap your code in '```python' and '```' Markdown delimiters, 
and include exactly one block of code with the entire solution.

No outside libraries are allowed.
Builtins are allowed.

INFO - [Task id] 132 [generation text] 1. **Restate the problem in plain English:**
   We need to determine the minimum cost to travel on specific days of the year using train tickets that can be purchased in three different durations: a 1-day pass, a 7-day pass, and a 30-day pass. Each type of pass has a different cost, and we want to cover all the travel days with the least amount of money spent.

2. **Conceptualize a solution first in plain English:**
   We can use a dynamic programming approach to solve this problem. We'll create an array `dp` where `dp[i]` represents the minimum cost to cover travel days up to the `i-th` day. For each travel day, we will consider the cost of buying each type of pass and update our `dp` array accordingly. The key is to check how far back each pass can cover and calculate the minimum cost at each step.

3. **Write a pseudocode solution:**
   ```
   Initialize a dp array of size 366 (to cover days 1 to 365) with all values set to infinity
   Set dp[0] = 0 (no cost for day 0)
   
   For each day in the days array:
       For each type of pass (1-day, 7-day, 30-day):
           Calculate the cost if we buy that pass on the current day
           Update the dp array with the minimum cost for that day
           
   Return the value in dp[365] which will be the minimum cost to cover all travel days
   ```

4. **Output the final Python 3 solution with your solution steps in comments:**
```python
class Solution:
    def mincostTickets(self, days: list[int], costs: list[int]) -> int:
        # Initialize a dp array of size 366 (to cover days 1 to 365)
        dp = [float('inf')] * 366
        dp[0] = 0  # No cost for day 0
        
        # Iterate through each travel day
        for day in days:
            # Calculate the minimum cost for each type of pass
            dp[day] = min(dp[day], dp[day - 1] + costs[0])  # 1-day pass
            dp[day] = min(dp[day], dp[max(0, day - 7)] + costs[1])  # 7-day pass
            dp[day] = min(dp[day], dp[max(0, day - 30)] + costs[2])  # 30-day pass
        
        # The answer is the minimum cost to cover all travel days
        return dp[365]
```
INFO - [35m Rollout attempt 1/4[0m
INFO - [33m Retrieving 3 entries for db: episodic 
 [0m
INFO - Retrieved (score=0.4257):

[Task]:
    A conveyor belt has packages that must be shipped from one port to another within D days.
    The i-th package on the conveyor belt has a weight of weights[i].  Each day, we load the ship with packages on the conveyor belt (in the order given by weights). We may not load more weight ...


INFO - Retrieved (score=0.4325):

[Task]:
    The MarkiT online virtual market startup wants to organize its grand opening in NIT Patna.
    but they want maximum crowd for their inauguration. So the manager told  this  to Praveen a student in NITP who suggested them:
    The first-year students come to campus  every x hour,
   ...


INFO - Retrieved (score=0.4462):

[Task]:
    Chef spent N days working really hard! He planned loads of tasks: as many as Ai tasks to do on the ith day! Chef's work was brutal, so he only managed to finish Bi tasks on the ith day.
    The good news is that Chef has a Time Machine! 
    The Time Machine has K white buttons and M...


INFO - [33m Retrieving 3 entries for db: semantic 
 [0m
INFO - Retrieved (score=0.4486):
Chapter: Directed graphs
Section: Dynamic programming
Part: 2/2
$};

\path[draw,thick,->] (0) -- (1);
\path[draw,thick,->] (1) -- (2);
\path[draw,thick,->] (2) -- (3);
\path[draw,thick,->] (3) -- (4);
\path[draw,thick,->] (4) -- (5);
\path[draw,thick,->] (5) -- (6);

\path[draw,thick,->] (0) edge...


INFO - Retrieved (score=0.4610):
Chapter: Bit manipulation
Section: Dynamic programming
Part: 1/2
\section{Dynamic programming}

Bit operations provide an efficient and convenient
way to implement dynamic programming algorithms
whose states contain subsets of elements,
because such states can be stored as integers.
Next we discu...


INFO - Retrieved (score=0.4695):
Chapter: Dynamic programming
Section: Coin problem
Part: 1/2
\chapter{Dynamic programming}

\index{dynamic programming}

\key{Dynamic programming}
is a technique that combines the correctness
of complete search and the efficiency
of greedy algorithms.
Dynamic programming can be applied if the
pro...


INFO - [33m Retrieving 3 entries for db: reflections 
 [0m
INFO - Retrieved (score=0.4320):
The official solution effectively simplifies the problem by directly calculating the total number of problems and determining how many contests can be formed in a straightforward manner. The key steps are:

1. **Input Handling**: It reads the number of test cases and for each test case, it captur...


INFO - Retrieved (score=0.4365):
The official solution effectively addresses the problem by following a straightforward approach: sorting the prices and then iterating through them while keeping track of the total spent and the count of chocolates bought. This method ensures that Anushka maximizes the number of chocolates she ca...


INFO - Retrieved (score=0.4412):
In reflecting on my attempts to solve the problem, I realized that my approach to filling the dynamic programming (DP) table was flawed, particularly in how I handled the transitions between states. The official solution provided a more effective method for managing the adjacency of cities and th...


INFO - [33m Retrieving 3 entries for db: summaries 
 [0m
INFO - Retrieved (score=0.3561):
In this problem, the goal was to determine the number of valid paths Ryan can take through a network of cities connected by roads, given specific conditions about where he must be at certain times. The approach involved using dynamic programming to track the number of ways to reach each city at e...


INFO - Retrieved (score=0.4061):
The problem involved determining the minimum weight capacity of a ship required to transport packages within a specified number of days, adhering to the order of the packages. The solution utilized a binary search approach, which is efficient for this type of optimization problem.

Key concepts i...


INFO - Retrieved (score=0.4078):
In this problem, the goal was to calculate the number of valid schedules for Chef's restaurant, where dishes must be served over \(N\) days with specific constraints: consecutive days must have different dishes, and the first and last dishes must also be different.

### Key Insights:
1. **Underst...


INFO - [33m Retrieving 3 entries for db: non_func 
 [0m
INFO - Retrieved (score=0.4917):

[description for function: main]
The function processes multiple test cases by first reading the number of days and the intervals for three groups from user input. It then calculates how many days all three groups are present together by utilizing a helper function to compute the least common mu...


INFO - Retrieved (score=0.4931):

[description]
The function determines the minimum shipping capacity required to transport a list of package weights within a specified number of days. It uses a binary search approach, setting the initial bounds based on the maximum single package weight and the total weight of all packages. Dur...


INFO - Retrieved (score=0.5030):

[description for function: max_chocolates]
This function calculates the maximum number of chocolates that can be bought within a given budget by first sorting the prices of the chocolates in ascending order. It then iterates through the sorted prices, adding the price of each chocolate to a tota...


INFO - Retrieved (score=0.3561): 
[Summary]:
    In this problem, the goal was to determine the number of valid paths Ryan can take through a network of cities connected by roads, given specific conditions about where he must be at certain times. The approach involved using dynamic programming to track the number of ways to reac...
INFO - Retrieved (score=0.4061): 
[Summary]:
    The problem involved determining the minimum weight capacity of a ship required to transport packages within a specified number of days, adhering to the order of the packages. The solution utilized a binary search approach, which is efficient for this type of optimization problem....
INFO - Retrieved (score=0.4078): 
[Summary]:
    In this problem, the goal was to calculate the number of valid schedules for Chef's restaurant, where dishes must be served over \(N\) days with specific constraints: consecutive days must have different dishes, and the first and last dishes must also be different.

    ### Key In...
INFO - LM call n parse attempt 1 / 3

INFO - [Task id] 132 [prompt] 
You are an expert programmer tasked with solving the problem below.

Follow the user's instructions to solve the problem.
The user can ask for analysis, code, or both.

## Instructions
When asked to output code,
- Make sure to wrap your code in '```python' and '```' Markdown delimiters, 
- include exactly one block of code with the entire solution
- No outside libraries are allowed. 
- Builtins are allowed.
- If the task specifies a function name to be used, follow it strictly (be case sensitive!) and declare the that function last (helper functions are declared first).
- DO NOT write any assert statements / tests.

## Problem
[BEGIN PROBLEM]
In a country popular for train travel, you have planned some train travelling one year in advance.  The days of the year that you will travel is given as an array days.  Each day is an integer from 1 to 365.
Train tickets are sold in 3 different ways:

a 1-day pass is sold for costs[0] dollars;
a 7-day pass is sold for costs[1] dollars;
a 30-day pass is sold for costs[2] dollars.

The passes allow that many days of consecutive travel.  For example, if we get a 7-day pass on day 2, then we can travel for 7 days: day 2, 3, 4, 5, 6, 7, and 8.
Return the minimum number of dollars you need to travel every day in the given list of days.
 
Example 1:
Input: days = [1,4,6,7,8,20], costs = [2,7,15]
Output: 11
Explanation: 
For example, here is one way to buy passes that lets you travel your travel plan:
On day 1, you bought a 1-day pass for costs[0] = $2, which covered day 1.
On day 3, you bought a 7-day pass for costs[1] = $7, which covered days 3, 4, ..., 9.
On day 20, you bought a 1-day pass for costs[0] = $2, which covered day 20.
In total you spent $11 and covered all the days of your travel.


Example 2:
Input: days = [1,2,3,4,5,6,7,8,9,10,30,31], costs = [2,7,15]
Output: 17
Explanation: 
For example, here is one way to buy passes that lets you travel your travel plan:
On day 1, you bought a 30-day pass for costs[2] = $15 which covered days 1, 2, ..., 30.
On day 31, you bought a 1-day pass for costs[0] = $2 which covered day 31.
In total you spent $17 and covered all the days of your travel.

 

Note:

1 <= days.length <= 365
1 <= days[i] <= 365
days is in strictly increasing order.
costs.length == 3
1 <= costs[i] <= 1000

The output code needs to use the provided function signature

The final python function should begin with: 
```python

class Solution:
    def mincostTickets(self, days: List[int], costs: List[int]) -> int:
        
```

[END PROBLEM]

INFO - [Task id] 132 [prompt] 
## Instructions

Reason through the problem and:
1. Restate the problem in plain English
2. Conceptualize a solution first in plain English
3. Write a pseudocode solution
4. Output the final Python 3 solution with your solution steps in comments.

Make sure to wrap your code in '```python' and '```' Markdown delimiters, 
and include exactly one block of code with the entire solution.

No outside libraries are allowed.
Builtins are allowed.

INFO - [Task id] 132 [prompt] 
Also, here are some of your memories.
Feel free to use the given information to aid your problem solving process if necessary.
Do not confuse the memories with the problem statement.

## Memories

[Summary]:
    In this problem, the goal was to determine the number of valid paths Ryan can take through a network of cities connected by roads, given specific conditions about where he must be at certain times. The approach involved using dynamic programming to track the number of ways to reach each city at each second.

    ### Key Concepts:
    1. **Dynamic Programming**: The solution required maintaining a 2D DP table where `dp[time][city]` represents the number of ways to be in `city` at `time`. The base case was initialized with `dp[0][1] = 1`, indicating Ryan starts in city 1 at time 0.

    2. **Adjacency List**: An adjacency list was created to represent the roads between cities, allowing for efficient traversal of connected cities.

    3. **Path Counting**: The DP table was updated to account for both staying in the same city and moving to adjacent cities. This was a crucial step that needed careful implementation to ensure all paths were counted correctly.

    ### Issues Encountered:
    - The initial implementations failed to correctly propagate the number of ways to reach each city, particularly in how the DP table was updated. The logic for moving to neighbors was not correctly implemented, leading to incorrect results.
    - The conditions checking at the end of the computation were also not yielding the expected results due to the incorrect state of the DP table.

    ### Lessons Learned:
    - It is essential to ensure that all possible transitions (staying and moving) are accurately reflected in the DP updates.
    - Testing edge cases and ensuring that the DP table is filled correctly is crucial for the final output to be accurate.
    - The importance of modular arithmetic in preventing overflow issues when dealing with large numbers in combinatorial problems.

    ### Final Code Snippet:
    ```python
    def count_paths(N, M, K, roads, Q, conditions):
        MOD = 10**9 + 7
        dp = [[0] * (N + 1) for _ in range(K + 1)]
        dp[0][1] = 1  # Start at city 1 at time 0

        adj = [[] for _ in range(N + 1)]
        for u, v in roads:
            adj[u].append(v)
            adj[v].append(u)

        for time in range(1, K + 1):
            for city in range(1, N + 1):
                dp[time][city] = dp[time - 1][city]  # Stay in the same city
                for neighbor in adj[city]:
                    dp[time][city] = (dp[time][city] + dp[time - 1][neighbor]) % MOD  # Move to neighbor

        valid_paths = 1
        for a_i, b_i in conditions:
            valid_paths = (valid_paths * dp[b_i][a_i]) % MOD

        return valid_paths
    ```

    This summary encapsulates the core concepts, strategies, and lessons learned from the problem-solving process, which can be useful for future reference in similar dynamic programming challenges.
[/Summary]


[Summary]:
    The problem involved determining the minimum weight capacity of a ship required to transport packages within a specified number of days, adhering to the order of the packages. The solution utilized a binary search approach, which is efficient for this type of optimization problem.

    Key concepts included:
    - **Binary Search**: This was used to find the minimum capacity by setting bounds based on the maximum single package weight and the total weight of all packages.
    - **Greedy Strategy**: A helper function was implemented to check if a given capacity could ship all packages within the allowed days by iterating through the weights and counting the days needed.

    The final implementation successfully passed the provided test cases, confirming the effectiveness of the binary search combined with a greedy check for capacity. The code structure was clear, with a main function for the binary search and a helper function to validate the shipping capacity.

    The solution is as follows:
    ```python
    class Solution:
        def shipWithinDays(self, weights: list[int], D: int) -> int:
            left = max(weights)
            right = sum(weights)

            while left < right:
                mid = (left + right) // 2
                if self.canShip(weights, mid, D):
                    right = mid
                else:
                    left = mid + 1

            return left

        def canShip(self, weights: list[int], capacity: int, D: int) -> bool:
            days = 1
            currentWeight = 0

            for weight in weights:
                if currentWeight + weight > capacity:
                    days += 1
                    currentWeight = weight
                else:
                    currentWeight += weight

            return days <= D
    ```
    This experience reinforced the importance of combining different algorithmic strategies to solve complex problems efficiently.
[/Summary]


[Summary]:
    In this problem, the goal was to calculate the number of valid schedules for Chef's restaurant, where dishes must be served over \(N\) days with specific constraints: consecutive days must have different dishes, and the first and last dishes must also be different.

    ### Key Insights:
    1. **Understanding the Combinatorial Nature**: The problem required a combinatorial approach to count valid arrangements based on the number of days. The choices for each day depended on the previous day's choice, leading to a recursive pattern.

    2. **Formulating the Correct Logic**:
       - For \(N = 2\): The valid combinations are \(4 \times 3\).
       - For \(N = 3\): The valid combinations are \(4 \times 3 \times 2\).
       - For \(N \geq 4\): The correct formula should be \(4 \times 3^{(N-1)}\) because:
         - The first day has 4 choices.
         - The second day has 3 choices.
         - Each of the next \(N-2\) days has 3 choices.
         - The last day must be different from the first dish, which is already accounted for in the choices.

    ### Errors and Fixes:
    - Initially, I miscalculated the formula for \(N \geq 4\) by incorrectly considering the last dish's constraints. The correct approach was to ensure that the last dish is different from the first while maintaining the choices for the middle days.
    - The final formula for \(N \geq 4\) was adjusted to correctly reflect the choices available.

    ### Final Code Snippet:
    ```python
    def calculate_schedules(N):
        if N == 2:
            return (4 * 3) % (10**9 + 7)
        elif N == 3:
            return (4 * 3 * 2) % (10**9 + 7)
        else:
            return (4 * 3 * (3 ** (N - 2))) % (10**9 + 7)

    def main():
        T = int(input())
        for _ in range(T):
            N = int(input())
            result = calculate_schedules(N)
            print(result)

    main()
    ```

    This experience reinforced the importance of carefully considering constraints in combinatorial problems and ensuring that all conditions are accurately reflected in the formulas used.
[/Summary]


INFO - [Task id] 132 [generation text] 1. **Restate the problem in plain English**:
   The problem involves planning train travel on specific days of the year, where you can buy different types of train tickets (1-day, 7-day, and 30-day passes) at varying costs. The goal is to determine the minimum amount of money needed to cover all the travel days using the available ticket options.

2. **Conceptualize a solution first in plain English**:
   To solve this problem, we can use dynamic programming. We will create an array `dp` where `dp[i]` represents the minimum cost to cover travel up to day `i`. For each travel day, we will consider the cost of each type of ticket and update our `dp` array accordingly. We will iterate through each travel day and calculate the minimum cost by considering the cost of buying a ticket for that day and the previous days covered by that ticket.

3. **Write a pseudocode solution**:
   ```
   Initialize a dp array of size 366 (to cover days 1 to 365) with infinity
   Set dp[0] = 0 (no cost for day 0)
   For each day in the travel days:
       For each ticket type (1-day, 7-day, 30-day):
           Calculate the cost if the ticket is bought on that day
           Update the dp array for the days covered by that ticket
   Return the minimum cost from the dp array for the last travel day
   ```

4. **Output the final Python 3 solution with your solution steps in comments**:
```python
class Solution:
    def mincostTickets(self, days: list[int], costs: list[int]) -> int:
        # Initialize a dp array with size 366 (to cover days 1 to 365)
        dp = [float('inf')] * 366
        dp[0] = 0  # No cost for day 0

        # Set of travel days for quick lookup
        travel_days = set(days)

        # Iterate through each day of the year
        for day in range(1, 366):
            if day in travel_days:
                # Calculate the minimum cost for each ticket type
                dp[day] = min(dp[day], dp[day - 1] + costs[0])  # 1-day pass
                dp[day] = min(dp[day], dp[max(0, day - 7)] + costs[1])  # 7-day pass
                dp[day] = min(dp[day], dp[max(0, day - 30)] + costs[2])  # 30-day pass
            else:
                # If it's not a travel day, carry forward the previous cost
                dp[day] = dp[day - 1]

        # The answer is the minimum cost to cover all travel days
        return dp[365]
```
INFO - program_code:
 
class Solution:
    def mincostTickets(self, days: list[int], costs: list[int]) -> int:
        # Initialize a dp array with size 366 (to cover days 1 to 365)
        dp = [float('inf')] * 366
        dp[0] = 0  # No cost for day 0

        # Set of travel days for quick lookup
        travel_days = set(days)

        # Iterate through each day of the year
        for day in range(1, 366):
            if day in travel_days:
                # Calculate the minimum cost for each ticket type
                dp[day] = min(dp[day], dp[day - 1] + costs[0])  # 1-day pass
                dp[day] = min(dp[day], dp[max(0, day - 7)] + costs[1])  # 7-day pass
                dp[day] = min(dp[day], dp[max(0, day - 30)] + costs[2])  # 30-day pass
            else:
                # If it's not a travel day, carry forward the previous cost
                dp[day] = dp[day - 1]

        # The answer is the minimum cost to cover all travel days
        return dp[365]


INFO - program_name:
 

INFO - dependencies:
 []

INFO - raw_msg:
 1. **Restate the problem in plain English**:
   The problem involves planning train travel on specific days of the year, where you can buy different types of train tickets (1-day, 7-day, and 30-day passes) at varying costs. The goal is to determine the minimum amount of money needed to cover all the travel days using the available ticket options.

2. **Conceptualize a solution first in plain English**:
   To solve this problem, we can use dynamic programming. We will create an array `dp` where `dp[i]` represents the minimum cost to cover travel up to day `i`. For each travel day, we will consider the cost of each type of ticket and update our `dp` array accordingly. We will iterate through each travel day and calculate the minimum cost by considering the cost of buying a ticket for that day and the previous days covered by that ticket.

3. **Write a pseudocode solution**:
   ```
   Initialize a dp array of size 366 (to cover days 1 to 365) with infinity
   Set dp[0] = 0 (no cost for day 0)
   For each day in the travel days:
       For each ticket type (1-day, 7-day, 30-day):
           Calculate the cost if the ticket is bought on that day
           Update the dp array for the days covered by that ticket
   Return the minimum cost from the dp array for the last travel day
   ```

4. **Output the final Python 3 solution with your solution steps in comments**:
```python
class Solution:
    def mincostTickets(self, days: list[int], costs: list[int]) -> int:
        # Initialize a dp array with size 366 (to cover days 1 to 365)
        dp = [float('inf')] * 366
        dp[0] = 0  # No cost for day 0

        # Set of travel days for quick lookup
        travel_days = set(days)

        # Iterate through each day of the year
        for day in range(1, 366):
            if day in travel_days:
                # Calculate the minimum cost for each ticket type
                dp[day] = min(dp[day], dp[day - 1] + costs[0])  # 1-day pass
                dp[day] = min(dp[day], dp[max(0, day - 7)] + costs[1])  # 7-day pass
                dp[day] = min(dp[day], dp[max(0, day - 30)] + costs[2])  # 30-day pass
            else:
                # If it's not a travel day, carry forward the previous cost
                dp[day] = dp[day - 1]

        # The answer is the minimum cost to cover all travel days
        return dp[365]
```

INFO - no_parent:
 False

INFO - full code to be executed: 
 
class Solution:
    def mincostTickets(self, days: list[int], costs: list[int]) -> int:
        # Initialize a dp array with size 366 (to cover days 1 to 365)
        dp = [float('inf')] * 366
        dp[0] = 0  # No cost for day 0

        # Set of travel days for quick lookup
        travel_days = set(days)

        # Iterate through each day of the year
        for day in range(1, 366):
            if day in travel_days:
                # Calculate the minimum cost for each ticket type
                dp[day] = min(dp[day], dp[day - 1] + costs[0])  # 1-day pass
                dp[day] = min(dp[day], dp[max(0, day - 7)] + costs[1])  # 7-day pass
                dp[day] = min(dp[day], dp[max(0, day - 30)] + costs[2])  # 30-day pass
            else:
                # If it's not a travel day, carry forward the previous cost
                dp[day] = dp[day - 1]

        # The answer is the minimum cost to cover all travel days
        return dp[365]


INFO - obs: Note: Inputs/outputs here are automatically extracted/truncated so formatting may be a bit off.
Tests passed:

 Input: [[1, 4, 6, 7, 8, 20], [2, 7, 15]] Output: 11

Tests failed:
None
reward: True
done: None
info: {'individual_results': [True]}
INFO - Updated entry: 
[Task]:
    In a country popular for train travel, you have planned some train travelling one year in advance.  The days of the year that you will travel is given as an array days.  Each day is an integer from 1 to 365.
    Train tickets are sold in 3 different ways:

    a 1-day pass is sold fo...,

INFO - Metadata: {
    "raw_msg": "1. **Restate the problem in plain English**:\n   The problem involves planning train travel on specific days of the year, where you can buy different types of train tickets (1-day, 7-day, and 30-day passes) at varying costs. The goal is to determine the minimum amount of money n...

INFO - LM call n parse attempt 1 / 3

INFO - [Task id] 132 [prompt] 
You are an expert programmer tasked with solving the problem below.

Follow the user's instructions to solve the problem.
The user can ask for analysis, code, or both.

## Instructions
When asked to output code,
- Make sure to wrap your code in '```python' and '```' Markdown delimiters, 
- include exactly one block of code with the entire solution
- No outside libraries are allowed. 
- Builtins are allowed.
- If the task specifies a function name to be used, follow it strictly (be case sensitive!) and declare the that function last (helper functions are declared first).
- DO NOT write any assert statements / tests.

## Problem
[BEGIN PROBLEM]
In a country popular for train travel, you have planned some train travelling one year in advance.  The days of the year that you will travel is given as an array days.  Each day is an integer from 1 to 365.
Train tickets are sold in 3 different ways:

a 1-day pass is sold for costs[0] dollars;
a 7-day pass is sold for costs[1] dollars;
a 30-day pass is sold for costs[2] dollars.

The passes allow that many days of consecutive travel.  For example, if we get a 7-day pass on day 2, then we can travel for 7 days: day 2, 3, 4, 5, 6, 7, and 8.
Return the minimum number of dollars you need to travel every day in the given list of days.
 
Example 1:
Input: days = [1,4,6,7,8,20], costs = [2,7,15]
Output: 11
Explanation: 
For example, here is one way to buy passes that lets you travel your travel plan:
On day 1, you bought a 1-day pass for costs[0] = $2, which covered day 1.
On day 3, you bought a 7-day pass for costs[1] = $7, which covered days 3, 4, ..., 9.
On day 20, you bought a 1-day pass for costs[0] = $2, which covered day 20.
In total you spent $11 and covered all the days of your travel.


Example 2:
Input: days = [1,2,3,4,5,6,7,8,9,10,30,31], costs = [2,7,15]
Output: 17
Explanation: 
For example, here is one way to buy passes that lets you travel your travel plan:
On day 1, you bought a 30-day pass for costs[2] = $15 which covered days 1, 2, ..., 30.
On day 31, you bought a 1-day pass for costs[0] = $2 which covered day 31.
In total you spent $17 and covered all the days of your travel.

 

Note:

1 <= days.length <= 365
1 <= days[i] <= 365
days is in strictly increasing order.
costs.length == 3
1 <= costs[i] <= 1000

The output code needs to use the provided function signature

The final python function should begin with: 
```python

class Solution:
    def mincostTickets(self, days: List[int], costs: List[int]) -> int:
        
```

[END PROBLEM]

INFO - [Task id] 132 [prompt] 
## Instructions

Reason through the problem and:
1. Restate the problem in plain English
2. Conceptualize a solution first in plain English
3. Write a pseudocode solution
4. Output the final Python 3 solution with your solution steps in comments.

Make sure to wrap your code in '```python' and '```' Markdown delimiters, 
and include exactly one block of code with the entire solution.

No outside libraries are allowed.
Builtins are allowed.

INFO - [Task id] 132 [prompt] 1. **Restate the problem in plain English**:
   The problem involves planning train travel on specific days of the year, where you can buy different types of train tickets (1-day, 7-day, and 30-day passes) at varying costs. The goal is to determine the minimum amount of money needed to cover all the travel days using the available ticket options.

2. **Conceptualize a solution first in plain English**:
   To solve this problem, we can use dynamic programming. We will create an array `dp` where `dp[i]` represents the minimum cost to cover travel up to day `i`. For each travel day, we will consider the cost of each type of ticket and update our `dp` array accordingly. We will iterate through each travel day and calculate the minimum cost by considering the cost of buying a ticket for that day and the previous days covered by that ticket.

3. **Write a pseudocode solution**:
   ```
   Initialize a dp array of size 366 (to cover days 1 to 365) with infinity
   Set dp[0] = 0 (no cost for day 0)
   For each day in the travel days:
       For each ticket type (1-day, 7-day, 30-day):
           Calculate the cost if the ticket is bought on that day
           Update the dp array for the days covered by that ticket
   Return the minimum cost from the dp array for the last travel day
   ```

4. **Output the final Python 3 solution with your solution steps in comments**:
```python
class Solution:
    def mincostTickets(self, days: list[int], costs: list[int]) -> int:
        # Initialize a dp array with size 366 (to cover days 1 to 365)
        dp = [float('inf')] * 366
        dp[0] = 0  # No cost for day 0

        # Set of travel days for quick lookup
        travel_days = set(days)

        # Iterate through each day of the year
        for day in range(1, 366):
            if day in travel_days:
                # Calculate the minimum cost for each ticket type
                dp[day] = min(dp[day], dp[day - 1] + costs[0])  # 1-day pass
                dp[day] = min(dp[day], dp[max(0, day - 7)] + costs[1])  # 7-day pass
                dp[day] = min(dp[day], dp[max(0, day - 30)] + costs[2])  # 30-day pass
            else:
                # If it's not a travel day, carry forward the previous cost
                dp[day] = dp[day - 1]

        # The answer is the minimum cost to cover all travel days
        return dp[365]
```
INFO - [Task id] 132 [prompt] 
[Environment Feedback]:
    Note: Inputs/outputs here are automatically extracted/truncated so formatting may be a bit off.
    Tests passed:

     Input: [[1, 4, 6, 7, 8, 20], [2, 7, 15]] Output: 11

    Tests failed:
    None
[/Environment Feedback]

INFO - [Task id] 132 [prompt] 
## Instructions
Now, summarize your attempts as a **standalone** document for your own future reference. (can skip formalities, be concise)

- Only include the most relevant information and code snippets that could be useful in the future.
- If you did not learn much from the current experience (e.g. the problem was too easy), feel free to write less or nothing at all.
- Here are some ideas if the experience was useful:
    - Identifying the core concepts and patterns that problem appears to test for
    - Describing the strategies that seemed to work but did not, and vice versa
    - Describing unexpected errors and how they were fixed

Your summary should be at most a few paragraphs.

INFO - [Task id] 132 [generation text] In this task, I was required to determine the minimum cost of train travel given specific travel days and ticket costs. The problem was effectively solved using dynamic programming, where I maintained a `dp` array to track the minimum cost for each day of the year.

The core concept involved iterating through each day and checking if it was a travel day. For each travel day, I calculated the cost of purchasing each type of ticket (1-day, 7-day, and 30-day) and updated the `dp` array accordingly. If the day was not a travel day, I simply carried forward the previous day's cost.

The final solution was implemented as follows:

```python
class Solution:
    def mincostTickets(self, days: list[int], costs: list[int]) -> int:
        dp = [float('inf')] * 366
        dp[0] = 0
        travel_days = set(days)

        for day in range(1, 366):
            if day in travel_days:
                dp[day] = min(dp[day], dp[day - 1] + costs[0])
                dp[day] = min(dp[day], dp[max(0, day - 7)] + costs[1])
                dp[day] = min(dp[day], dp[max(0, day - 30)] + costs[2])
            else:
                dp[day] = dp[day - 1]

        return dp[365]
```

This approach was efficient and passed all test cases, demonstrating the effectiveness of dynamic programming in solving optimization problems related to costs and constraints. No unexpected errors were encountered during the implementation.
INFO - LM call n parse attempt 1 / 3

INFO - [Task id] 132 [prompt] 
You are an expert programmer tasked with solving the problem below.

Follow the user's instructions to solve the problem.
The user can ask for analysis, code, or both.

## Instructions
When asked to output code,
- Make sure to wrap your code in '```python' and '```' Markdown delimiters, 
- include exactly one block of code with the entire solution
- No outside libraries are allowed. 
- Builtins are allowed.
- If the task specifies a function name to be used, follow it strictly (be case sensitive!) and declare the that function last (helper functions are declared first).
- DO NOT write any assert statements / tests.

## Problem
[BEGIN PROBLEM]
In a country popular for train travel, you have planned some train travelling one year in advance.  The days of the year that you will travel is given as an array days.  Each day is an integer from 1 to 365.
Train tickets are sold in 3 different ways:

a 1-day pass is sold for costs[0] dollars;
a 7-day pass is sold for costs[1] dollars;
a 30-day pass is sold for costs[2] dollars.

The passes allow that many days of consecutive travel.  For example, if we get a 7-day pass on day 2, then we can travel for 7 days: day 2, 3, 4, 5, 6, 7, and 8.
Return the minimum number of dollars you need to travel every day in the given list of days.
 
Example 1:
Input: days = [1,4,6,7,8,20], costs = [2,7,15]
Output: 11
Explanation: 
For example, here is one way to buy passes that lets you travel your travel plan:
On day 1, you bought a 1-day pass for costs[0] = $2, which covered day 1.
On day 3, you bought a 7-day pass for costs[1] = $7, which covered days 3, 4, ..., 9.
On day 20, you bought a 1-day pass for costs[0] = $2, which covered day 20.
In total you spent $11 and covered all the days of your travel.


Example 2:
Input: days = [1,2,3,4,5,6,7,8,9,10,30,31], costs = [2,7,15]
Output: 17
Explanation: 
For example, here is one way to buy passes that lets you travel your travel plan:
On day 1, you bought a 30-day pass for costs[2] = $15 which covered days 1, 2, ..., 30.
On day 31, you bought a 1-day pass for costs[0] = $2 which covered day 31.
In total you spent $17 and covered all the days of your travel.

 

Note:

1 <= days.length <= 365
1 <= days[i] <= 365
days is in strictly increasing order.
costs.length == 3
1 <= costs[i] <= 1000

The output code needs to use the provided function signature

The final python function should begin with: 
```python

class Solution:
    def mincostTickets(self, days: List[int], costs: List[int]) -> int:
        
```

[END PROBLEM]

INFO - [Task id] 132 [prompt] 
## Instructions

Reason through the problem and:
1. Restate the problem in plain English
2. Conceptualize a solution first in plain English
3. Write a pseudocode solution
4. Output the final Python 3 solution with your solution steps in comments.

Make sure to wrap your code in '```python' and '```' Markdown delimiters, 
and include exactly one block of code with the entire solution.

No outside libraries are allowed.
Builtins are allowed.

INFO - [Task id] 132 [prompt] 1. **Restate the problem in plain English**:
   The problem involves planning train travel on specific days of the year, where you can buy different types of train tickets (1-day, 7-day, and 30-day passes) at varying costs. The goal is to determine the minimum amount of money needed to cover all the travel days using the available ticket options.

2. **Conceptualize a solution first in plain English**:
   To solve this problem, we can use dynamic programming. We will create an array `dp` where `dp[i]` represents the minimum cost to cover travel up to day `i`. For each travel day, we will consider the cost of each type of ticket and update our `dp` array accordingly. We will iterate through each travel day and calculate the minimum cost by considering the cost of buying a ticket for that day and the previous days covered by that ticket.

3. **Write a pseudocode solution**:
   ```
   Initialize a dp array of size 366 (to cover days 1 to 365) with infinity
   Set dp[0] = 0 (no cost for day 0)
   For each day in the travel days:
       For each ticket type (1-day, 7-day, 30-day):
           Calculate the cost if the ticket is bought on that day
           Update the dp array for the days covered by that ticket
   Return the minimum cost from the dp array for the last travel day
   ```

4. **Output the final Python 3 solution with your solution steps in comments**:
```python
class Solution:
    def mincostTickets(self, days: list[int], costs: list[int]) -> int:
        # Initialize a dp array with size 366 (to cover days 1 to 365)
        dp = [float('inf')] * 366
        dp[0] = 0  # No cost for day 0

        # Set of travel days for quick lookup
        travel_days = set(days)

        # Iterate through each day of the year
        for day in range(1, 366):
            if day in travel_days:
                # Calculate the minimum cost for each ticket type
                dp[day] = min(dp[day], dp[day - 1] + costs[0])  # 1-day pass
                dp[day] = min(dp[day], dp[max(0, day - 7)] + costs[1])  # 7-day pass
                dp[day] = min(dp[day], dp[max(0, day - 30)] + costs[2])  # 30-day pass
            else:
                # If it's not a travel day, carry forward the previous cost
                dp[day] = dp[day - 1]

        # The answer is the minimum cost to cover all travel days
        return dp[365]
```
INFO - [Task id] 132 [prompt] 
[Environment Feedback]:
    Note: Inputs/outputs here are automatically extracted/truncated so formatting may be a bit off.
    Tests passed:

     Input: [[1, 4, 6, 7, 8, 20], [2, 7, 15]] Output: 11

    Tests failed:
    None
[/Environment Feedback]

INFO - [Task id] 132 [prompt] 
Below is the official solution (do exercise discretion as official solutions can also have mistakes).

You will be reflecting on your attempts to solve the problem.
This will be a **standalone** document for your own future reference. (can skip formalities, be concise)

## Instructions
- Only include the most relevant insights and code snippets that could be useful in the future.
- If you did not learn much from the current experience (e.g. the problem was too easy / official solution was obvious), feel free to write less or nothing at all.
- Here are some ideas if the experience was useful:
    - If the official solution is insightful (e.g. better than yours in time and space complexity or more effective in breaking down the problem statement), distil the key approach of the official solution, step by step.
    - If your approach failed the test cases, reason why the official solution works but yours does not

Your reflection should be at most a few paragraphs.

## Official solution
class Solution:
    def mincostTickets(self, days: List[int], costs: List[int]) -> int:
        dp = [0] + [-1 for i in range(days[-1])]
        
        for day in days:
            dp[day] = 0
        
        for i in range(1, len(dp)):
            if dp[i] == -1:
                dp[i] = dp[i-1]
            
            else:
                dp[i] = min(
                    dp[i-1] + costs[0],
                    dp[max(i-7, 0)] + costs[1],
                    dp[max(i-30, 0)] + costs[2],
                )
            
        return dp[-1]

INFO - [Task id] 132 [generation text] The official solution effectively utilizes dynamic programming to solve the problem of minimizing travel costs based on the available ticket options. Here are the key insights and steps from the official solution:

1. **Initialization**: The solution initializes a `dp` array where `dp[i]` represents the minimum cost to cover travel up to day `i`. It starts with `0` for day `0` (no cost) and `-1` for all other days up to the last travel day, indicating that those days have not been covered yet.

2. **Marking Travel Days**: The solution iterates through the `days` array and sets `dp[day]` to `0` for each travel day, indicating that these days need to be accounted for in the cost calculations.

3. **Cost Calculation**: The solution then iterates through each day in the `dp` array. If a day is not a travel day (indicated by `dp[i] == -1`), it carries forward the cost from the previous day. If it is a travel day, it calculates the minimum cost by considering the cost of each ticket type:
   - The cost of a 1-day pass added to the cost of the previous day.
   - The cost of a 7-day pass added to the cost from 7 days prior.
   - The cost of a 30-day pass added to the cost from 30 days prior.

4. **Final Result**: The final result is found at `dp[-1]`, which gives the minimum cost to cover all travel days.

The official solution is efficient and straightforward, ensuring that all possible ticket combinations are considered while maintaining clarity in the logic. My initial approach was similar but could have been improved by ensuring that the `dp` array was initialized more clearly and by directly marking travel days. The official solution's handling of non-travel days by carrying forward costs is also a crucial detail that enhances its effectiveness.
INFO - Updated entry: In this task, I was required to determine the minimum cost of train travel given specific travel days and ticket costs. The problem was effectively solved using dynamic programming, where I maintained a `dp` array to track the minimum cost for each day of the year.

The core concept involved iter...,

INFO - Metadata: {
    "task_id": 132
}

INFO - Updated entry: The official solution effectively utilizes dynamic programming to solve the problem of minimizing travel costs based on the available ticket options. Here are the key insights and steps from the official solution:

1. **Initialization**: The solution initializes a `dp` array where `dp[i]` represe...,

INFO - Metadata: {
    "task_id": 132
}

INFO - LM call n parse attempt 1 / 3

INFO - [Task id] 132 [prompt] 
You are a helpful assistant that writes a description of the given function written in the Python programming language.

1) Do not mention the function name.
2) Do not mention anything about helper functions.
3) There might be some helper functions before the main function, but you only need to describe the main function.
4) Try to summarize the function in no more than 6 sentences.
5) Your response should be a single line of text.

INFO - [Task id] 132 [prompt] 
class Solution:
    def mincostTickets(self, days: list[int], costs: list[int]) -> int:
        # Initialize a dp array with size 366 (to cover days 1 to 365)
        dp = [float('inf')] * 366
        dp[0] = 0  # No cost for day 0

        # Set of travel days for quick lookup
        travel_days = set(days)

        # Iterate through each day of the year
        for day in range(1, 366):
            if day in travel_days:
                # Calculate the minimum cost for each ticket type
                dp[day] = min(dp[day], dp[day - 1] + costs[0])  # 1-day pass
                dp[day] = min(dp[day], dp[max(0, day - 7)] + costs[1])  # 7-day pass
                dp[day] = min(dp[day], dp[max(0, day - 30)] + costs[2])  # 30-day pass
            else:
                # If it's not a travel day, carry forward the previous cost
                dp[day] = dp[day - 1]

        # The answer is the minimum cost to cover all travel days
        return dp[365]

INFO - [Task id] 132 [generation text] This function calculates the minimum cost of travel tickets over a specified set of days using dynamic programming. It initializes a cost array to track the minimum expenses for each day of the year, starting with zero cost for day zero. For each day, if it is a travel day, it evaluates the cost of three different ticket options: a 1-day pass, a 7-day pass, and a 30-day pass, updating the cost array accordingly. If the day is not a travel day, it simply carries forward the cost from the previous day. The final result is the minimum cost to cover all travel days by the end of the year. The function ultimately returns the minimum cost found for day 365.
INFO - LM call n parse attempt 1 / 3

INFO - [Task id] 132 [prompt] 
You are a helpful assistant that extracts important information from problems and solutions to aid in searchability and education.

## Instructions
- Read through the problem and solution carefully.
- Reason out, step by step, in what scenarios this knowledge would be useful.
- Focus on general patterns and situations to help connect this knowledge to new situations.
- Then, include a list of keywords that are useful for searching this problem/solution pair.

## Response format
Respond in JSON, and follow the keys and expected format of the values strictly.

The output should be formatted as a JSON instance that conforms to the JSON schema below.

As an example, for the schema {"properties": {"foo": {"title": "Foo", "description": "a list of strings", "type": "array", "items": {"type": "string"}}}, "required": ["foo"]}
the object {"foo": ["bar", "baz"]} is a well-formatted instance of the schema. The object {"properties": {"foo": ["bar", "baz"]}} is not well-formatted.

Here is the output schema:
```
{"properties": {"scenarios": {"description": "In what scenarios will this knowledge be useful? Answer in a paragraph.", "title": "Scenarios", "type": "string"}, "keywords": {"description": "List of keywords that are useful for searching this problem/solution pair", "items": {"type": "string"}, "title": "Keywords", "type": "array"}}, "required": ["scenarios", "keywords"]}
```

INFO - [Task id] 132 [prompt] 
[Problem]
    In a country popular for train travel, you have planned some train travelling one year in advance.  The days of the year that you will travel is given as an array days.  Each day is an integer from 1 to 365.
    Train tickets are sold in 3 different ways:

    a 1-day pass is sold for costs[0] dollars;
    a 7-day pass is sold for costs[1] dollars;
    a 30-day pass is sold for costs[2] dollars.

    The passes allow that many days of consecutive travel.  For example, if we get a 7-day pass on day 2, then we can travel for 7 days: day 2, 3, 4, 5, 6, 7, and 8.
    Return the minimum number of dollars you need to travel every day in the given list of days.
 
    Example 1:
    Input: days = [1,4,6,7,8,20], costs = [2,7,15]
    Output: 11
    Explanation: 
    For example, here is one way to buy passes that lets you travel your travel plan:
    On day 1, you bought a 1-day pass for costs[0] = $2, which covered day 1.
    On day 3, you bought a 7-day pass for costs[1] = $7, which covered days 3, 4, ..., 9.
    On day 20, you bought a 1-day pass for costs[0] = $2, which covered day 20.
    In total you spent $11 and covered all the days of your travel.


    Example 2:
    Input: days = [1,2,3,4,5,6,7,8,9,10,30,31], costs = [2,7,15]
    Output: 17
    Explanation: 
    For example, here is one way to buy passes that lets you travel your travel plan:
    On day 1, you bought a 30-day pass for costs[2] = $15 which covered days 1, 2, ..., 30.
    On day 31, you bought a 1-day pass for costs[0] = $2 which covered day 31.
    In total you spent $17 and covered all the days of your travel.

 

    Note:

    1 <= days.length <= 365
    1 <= days[i] <= 365
    days is in strictly increasing order.
    costs.length == 3
    1 <= costs[i] <= 1000
[/Problem]

[Solution]

    class Solution:
        def mincostTickets(self, days: list[int], costs: list[int]) -> int:
            # Initialize a dp array with size 366 (to cover days 1 to 365)
            dp = [float('inf')] * 366
            dp[0] = 0  # No cost for day 0

            # Set of travel days for quick lookup
            travel_days = set(days)

            # Iterate through each day of the year
            for day in range(1, 366):
                if day in travel_days:
                    # Calculate the minimum cost for each ticket type
                    dp[day] = min(dp[day], dp[day - 1] + costs[0])  # 1-day pass
                    dp[day] = min(dp[day], dp[max(0, day - 7)] + costs[1])  # 7-day pass
                    dp[day] = min(dp[day], dp[max(0, day - 30)] + costs[2])  # 30-day pass
                else:
                    # If it's not a travel day, carry forward the previous cost
                    dp[day] = dp[day - 1]

            # The answer is the minimum cost to cover all travel days
            return dp[365]

[/Solution]

INFO - [Task id] 132 [generation text] 
INFO - {
    "scenarios": "This knowledge is useful in scenarios where individuals or groups are planning travel that involves multiple days of transportation, particularly when there are different pricing options for travel passes. It can be applied to optimize costs in various travel situations, such as vacation planning, business trips, or any situation where travel occurs on non-consecutive days. Understanding how to minimize costs with different ticket options can help travelers make informed decisions and save money.",
    "keywords": [
        "train travel",
        "ticket pricing",
        "cost optimization",
        "dynamic programming",
        "travel passes",
        "minimum cost",
        "1-day pass",
        "7-day pass",
        "30-day pass",
        "travel planning"
    ]
}
INFO - {
    "scenarios": "This knowledge is useful in scenarios where individuals or groups are planning travel that involves multiple days of transportation, particularly when there are different pricing options for travel passes. It can be applied to optimize costs in various travel situations, such as vacation planning, business trips, or any situation where travel occurs on non-consecutive days. Understanding how to minimize costs with different ticket options can help travelers make informed decisions and save money.",
    "keywords": [
        "train travel",
        "ticket pricing",
        "cost optimization",
        "dynamic programming",
        "travel passes",
        "minimum cost",
        "1-day pass",
        "7-day pass",
        "30-day pass",
        "travel planning"
    ]
}
INFO - Updated entry: 
[description]
This function calculates the minimum cost of travel tickets over a specified set of days using dynamic programming. It initializes a cost array to track the minimum expenses for each day of the year, starting with zero cost for day zero. For each day, if it is a travel day, it eval...,

INFO - Metadata: {
    "task": 132,
    "code": "\nclass Solution:\n    def mincostTickets(self, days: list[int], costs: list[int]) -> int:\n        # Initialize a dp array with size 366 (to cover days 1 to 365)\n        dp = [float('inf')] * 366\n        dp[0] = 0  # No cost for day 0\n\n        # Set of travel ...

