INFO - DB skill doc count: 0

INFO - DB non_func doc count: 23

INFO - DB semantic doc count: 429

INFO - DB summaries doc count: 27

INFO - DB reflections doc count: 27

INFO - DB episodic doc count: 46

INFO - [train iter]: 27/100 

INFO - The task prompt is Given an unsorted array of integers, find the length of longest increasing subsequence.

Example:


Input: [10,9,2,5,3,7,101,18]
Output: 4 
Explanation: The longest increasing subsequence is [2,3,7,101], therefore the length is 4. 

Note: 


       There may be more than one LIS combination, it i...

INFO - Attempting task_id 178
INFO - LM call n parse attempt 1 / 3

INFO - [Task id] 178 [prompt] 
You are an expert programmer tasked with solving the problem below.

Follow the user's instructions to solve the problem.
The user can ask for analysis, code, or both.

## Instructions
When asked to output code,
- Make sure to wrap your code in '```python' and '```' Markdown delimiters, 
- include exactly one block of code with the entire solution
- No outside libraries are allowed. 
- Builtins are allowed.
- If the task specifies a function name to be used, follow it strictly (be case sensitive!) and declare the that function last (helper functions are declared first).
- DO NOT write any assert statements / tests.

## Problem
[BEGIN PROBLEM]
Given an unsorted array of integers, find the length of longest increasing subsequence.

Example:


Input: [10,9,2,5,3,7,101,18]
Output: 4 
Explanation: The longest increasing subsequence is [2,3,7,101], therefore the length is 4. 

Note: 


       There may be more than one LIS combination, it is only necessary for you to return the length.
       Your algorithm should run in O(n2) complexity.


Follow up: Could you improve it to O(n log n) time complexity?

The output code needs to use the provided function signature

The final python function should begin with: 
```python

class Solution:
    def lengthOfLIS(self, nums: List[int]) -> int:
        
```

[END PROBLEM]

INFO - [Task id] 178 [prompt] 
## Instructions

Reason through the problem and:
1. Restate the problem in plain English
2. Conceptualize a solution first in plain English
3. Write a pseudocode solution
4. Output the final Python 3 solution with your solution steps in comments.

Make sure to wrap your code in '```python' and '```' Markdown delimiters, 
and include exactly one block of code with the entire solution.

No outside libraries are allowed.
Builtins are allowed.

INFO - [Task id] 178 [generation text] 1. **Restate the problem in plain English:**
   We need to find the length of the longest subsequence in a given list of integers where the subsequence is strictly increasing. A subsequence is a sequence that can be derived from another sequence by deleting some elements without changing the order of the remaining elements.

2. **Conceptualize a solution first in plain English:**
   To solve this problem, we can use a dynamic programming approach. We will maintain an array where each element at index `i` represents the length of the longest increasing subsequence that ends with the element at index `i`. We will iterate through the list and for each element, check all previous elements to see if they can form an increasing subsequence. If they can, we will update our current element's length based on the maximum length found from the previous elements.

3. **Write a pseudocode solution:**
   ```
   function lengthOfLIS(nums):
       if nums is empty:
           return 0
       
       create an array dp of the same length as nums, initialized to 1
       max_length = 1
       
       for i from 1 to length of nums - 1:
           for j from 0 to i - 1:
               if nums[i] > nums[j]:
                   dp[i] = max(dp[i], dp[j] + 1)
           max_length = max(max_length, dp[i])
       
       return max_length
   ```

4. **Output the final Python 3 solution with your solution steps in comments:**
```python
class Solution:
    def lengthOfLIS(self, nums: list[int]) -> int:
        # Check if the input list is empty
        if not nums:
            return 0
        
        # Create a dp array where each element is initialized to 1
        dp = [1] * len(nums)
        max_length = 1  # Variable to keep track of the maximum length found
        
        # Iterate through the list starting from the second element
        for i in range(1, len(nums)):
            # Check all previous elements
            for j in range(i):
                # If the current element is greater than the previous one
                if nums[i] > nums[j]:
                    # Update the dp array to reflect the longest subsequence length
                    dp[i] = max(dp[i], dp[j] + 1)
            # Update the maximum length found so far
            max_length = max(max_length, dp[i])
        
        # Return the maximum length of the increasing subsequence
        return max_length
```
INFO - [35m Rollout attempt 1/4[0m
INFO - [33m Retrieving 1 entries for db: episodic 
 [0m
INFO - Retrieved (score=0.4283):

[Task]:
    There is a pizza with 3n slices of varying size, you and your friends will take slices of pizza as follows:

    You will pick any pizza slice.
    Your friend Alice will pick next slice in anti clockwise direction of your pick. 
    Your friend Bob will pick next slice in clockwise ...


INFO - [33m Retrieving 1 entries for db: semantic 
 [0m
INFO - Retrieved (score=0.2892):
Title: Longest increasing subsequence
Part: 1/3
# Longest increasing subsequence

We are given an array with $n$ numbers: $a[0 \dots n-1]$.
The task is to find the longest, strictly increasing, subsequence in $a$.

Formally we look for the longest sequence of indices $i_1, \dots i_k$ such that

$...


INFO - [33m Retrieving 1 entries for db: reflections 
 [0m
INFO - Retrieved (score=0.3532):
In this problem, the goal was to determine the minimum number of moves required to sort a list of books. My initial approach involved calculating the length of the longest increasing subsequence (LIS) and then using that to derive the minimum moves needed. This method is valid and efficient, but ...


INFO - [33m Retrieving 1 entries for db: summaries 
 [0m
INFO - Retrieved (score=0.3512):
In this problem, the goal was to determine the minimum number of moves required to sort a list of books numbered from 1 to N. The key insight was recognizing that the solution involves finding the length of the longest increasing subsequence (LIS) in the current arrangement of books. The minimum ...


INFO - [33m Retrieving 1 entries for db: non_func 
 [0m
INFO - Retrieved (score=0.4490):

[description for function: min_moves_to_sort]
This function calculates the minimum number of moves required to sort a list of books by determining the length of the longest increasing subsequence (LIS) within the list. It first computes the LIS length and then subtracts this value from the total...


INFO - Retrieved (score=0.2892): 
[Textbook Reference Material]:
    Title: Longest increasing subsequence
    Part: 1/3
    # Longest increasing subsequence

    We are given an array with $n$ numbers: $a[0 \dots n-1]$.
    The task is to find the longest, strictly increasing, subsequence in $a$.

    Formally we look for the l...
INFO - LM call n parse attempt 1 / 3

INFO - [Task id] 178 [prompt] 
You are an expert programmer tasked with solving the problem below.

Follow the user's instructions to solve the problem.
The user can ask for analysis, code, or both.

## Instructions
When asked to output code,
- Make sure to wrap your code in '```python' and '```' Markdown delimiters, 
- include exactly one block of code with the entire solution
- No outside libraries are allowed. 
- Builtins are allowed.
- If the task specifies a function name to be used, follow it strictly (be case sensitive!) and declare the that function last (helper functions are declared first).
- DO NOT write any assert statements / tests.

## Problem
[BEGIN PROBLEM]
Given an unsorted array of integers, find the length of longest increasing subsequence.

Example:


Input: [10,9,2,5,3,7,101,18]
Output: 4 
Explanation: The longest increasing subsequence is [2,3,7,101], therefore the length is 4. 

Note: 


       There may be more than one LIS combination, it is only necessary for you to return the length.
       Your algorithm should run in O(n2) complexity.


Follow up: Could you improve it to O(n log n) time complexity?

The output code needs to use the provided function signature

The final python function should begin with: 
```python

class Solution:
    def lengthOfLIS(self, nums: List[int]) -> int:
        
```

[END PROBLEM]

INFO - [Task id] 178 [prompt] 
## Instructions

Reason through the problem and:
1. Restate the problem in plain English
2. Conceptualize a solution first in plain English
3. Write a pseudocode solution
4. Output the final Python 3 solution with your solution steps in comments.

Make sure to wrap your code in '```python' and '```' Markdown delimiters, 
and include exactly one block of code with the entire solution.

No outside libraries are allowed.
Builtins are allowed.

INFO - [Task id] 178 [prompt] 
Also, here are some of your memories.
Feel free to use the given information to aid your problem solving process if necessary.
Do not confuse the memories with the problem statement.

## Memories

[Textbook Reference Material]:
    Title: Longest increasing subsequence
    Part: 1/3
    # Longest increasing subsequence

    We are given an array with $n$ numbers: $a[0 \dots n-1]$.
    The task is to find the longest, strictly increasing, subsequence in $a$.

    Formally we look for the longest sequence of indices $i_1, \dots i_k$ such that

    $$i_1 < i_2 < \dots < i_k,\quad
    a[i_1] < a[i_2] < \dots < a[i_k]$$

    In this article we discuss multiple algorithms for solving this task.
    Also we will discuss some other problems, that can be reduced to this problem.

    ## Solution in $O(n^2)$ with dynamic programming {data-toc-label="Solution in O(n^2) with dynamic programming"}

    Dynamic programming is a very general technique that allows to solve a huge class of problems.
    Here we apply the technique for our specific task.

    First we will search only for the **length** of the longest increasing subsequence, and only later learn how to restore the subsequence itself.

    ### Finding the length

    To accomplish this task, we define an array $d[0 \dots n-1]$, where $d[i]$ is the length of the longest increasing subsequence that ends in the element at index $i$.

    !!! example

        $$\begin{array}{ll}
        a &= \{8, 3, 4, 6, 5, 2, 0, 7, 9, 1\} \\
        d &= \{1, 1, 2, 3, 3, 1, 1, 4, 5, 2\}
        \end{array}$$

        The longest increasing subsequence that ends at index 4 is $\{3, 4, 5\}$ with a length of 3, the longest ending at index 8 is either $\{3, 4, 5, 7, 9\}$ or $\{3, 4, 6, 7, 9\}$, both having length 5, and the longest ending at index 9 is $\{0, 1\}$ having length 2.

    We will compute this array gradually: first $d[0]$, then $d[1]$, and so on.
    After this array is computed, the answer to the problem will be the maximum value in the array $d[]$.

    So let the current index be $i$.
    I.e. we want to compute the value $d[i]$ and all previous values $d[0], \dots, d[i-1]$ are already known.
    Then there are two options:

    -   $d[i] = 1$: the required subsequence consists only of the element $a[i]$.

    -   $d[i] > 1$: The subsequence will end it $a[i]$, and right before it will be some number $a[j]$ with $j < i$ and $a[j] < a[i]$.

        It's easy to see, that the subsequence ending in $a[j]$ will itself be one of the longest increasing subsequences that ends in $a[j]$.
        The number $a[i]$ just extends that longest increasing subsequence by one number.

        Therefore, we can just iterate over all $j < i$ with $a[j] < a[i]$, and take the longest sequence that we get by appending $a[i]$ to the longest increasing subsequence ending in $a[j]$.
        The longest increasing subsequence ending in $a[j]$ has length $d[j]$, extending it by one gives the length $d[j] + 1$.
  
        $$d[i] = \max_{\substack{j < i \\\\ a[j] < a[i]}} \left(d[j] + 1\right)$$

    If we combine these two cases we get the final answer for $d[i]$:

    $$d[i] = \max\left(1, \max_{\substack{j < i \\\\ a[j] < a[i]}} \left(d[j] + 1\right)\right)$$

    ### Implementation

    Here is an implementation of the algorithm described above, which computes the length of the longest increasing subsequence.

    ```{.cpp file=lis_n2}
    int lis(vector<int> const& a) {
        int n = a.size();
        vector<int> d(n, 1);
        for (int i = 0; i < n; i++) {
            for (int j = 0; j < i; j++) {
                if (a[j] < a[i])
                    d[i] = max(d[i], d[j] + 1);
            }
        }

        int ans = d[0];
        for (int i = 1; i < n; i++) {
            ans = max(ans, d[i]);
        }
        return ans;
    }
    ```

    ### Restoring the subsequence

    So far we only learned how to find the length of the subsequence, but not how to find the subsequence itself.

    To be able to restore the subsequence we generate an additional auxiliary array $p[0 \dots n-1]$ that we will compute alongside the array $d[]$.
    $p[i]$ will be the index $j$ of the second last element in the longest increasing subsequence ending in $i$.
    In other words the index $p[i]$ is the same index $j$ at which the highest value $d[i]$ was obtained.
    This auxiliary array $p[]$ points in some sense to the ancestors.

    Then to derive the subsequence, we just start at the index $i$ with the maximal $d[i]$, and follow the ancestors until we deduced the entire subsequence, i.e. until we reach the element with $d[i] = 1$.

    ### Implementation of restoring

    We will change the code from the previous sections a little bit.
    We will compute the array $p[]$ alongside $d[]$, and afterwards compute the subsequence.

    For convenience we originally assign the ancestors with $p[i] = -1$.
    For elements with $d[i] = 1$, the ancestors value will remain $-1$, which will be slightly more convenient for restoring the subsequence.

    ```{.cpp file=lis_n2_restore}
    vector<int> lis(vector<int> const& a) {
        int n = a.size();
        vector<int> d(n, 1), p(n, -1);
        for (int i = 0; i < n; i++) {
            for (int j = 0; j < i; j++) {
                if (a[j] < a[i] && d[i] < d[j] + 1) {
                    d[i] = d[j] + 1;
                    p[i] = j;
                }
            }
        }

        int ans = d[0], pos = 0;
        for (int i = 1; i < n; i++) {
            if (d[i] > ans) {
                ans = d[i];
                pos = i;
            }
        }

        vector<int> subseq;
        while (pos != -1) {
            subseq.push_back(a[pos]);
            pos = p[pos];
        }
        reverse(subseq.begin(), subseq.end());
        return subseq;
    }
[/Textbook Reference Material]


INFO - [Task id] 178 [generation text] 1. **Restate the problem in plain English**: We need to find the length of the longest subsequence in a given list of integers where the subsequence is strictly increasing. A subsequence is formed by deleting some elements from the array without changing the order of the remaining elements.

2. **Conceptualize a solution first in plain English**: We can use dynamic programming to solve this problem. We will create an array `d` where each element `d[i]` represents the length of the longest increasing subsequence that ends with the element at index `i`. We will iterate through the array and for each element, check all previous elements to see if they can form an increasing sequence with the current element. The maximum value in the `d` array will give us the length of the longest increasing subsequence.

3. **Write a pseudocode solution**:
   ```
   function lengthOfLIS(nums):
       n = length of nums
       if n is 0:
           return 0
       create an array d of size n and initialize all elements to 1
       for i from 1 to n-1:
           for j from 0 to i-1:
               if nums[j] < nums[i]:
                   d[i] = max(d[i], d[j] + 1)
       return max value in d
   ```

4. **Output the final Python 3 solution with your solution steps in comments**:
```python
class Solution:
    def lengthOfLIS(self, nums: List[int]) -> int:
        # Get the length of the input list
        n = len(nums)
        # If the list is empty, return 0
        if n == 0:
            return 0
        # Create an array d to store the length of the longest increasing subsequence
        d = [1] * n
        
        # Iterate through the list to fill the d array
        for i in range(1, n):
            for j in range(i):
                # If the current number is greater than the previous number
                if nums[j] < nums[i]:
                    # Update the d array with the maximum length found
                    d[i] = max(d[i], d[j] + 1)
        
        # The result is the maximum value in the d array
        return max(d)
```
INFO - program_code:
 
class Solution:
    def lengthOfLIS(self, nums: List[int]) -> int:
        # Get the length of the input list
        n = len(nums)
        # If the list is empty, return 0
        if n == 0:
            return 0
        # Create an array d to store the length of the longest increasing subsequence
        d = [1] * n
        
        # Iterate through the list to fill the d array
        for i in range(1, n):
            for j in range(i):
                # If the current number is greater than the previous number
                if nums[j] < nums[i]:
                    # Update the d array with the maximum length found
                    d[i] = max(d[i], d[j] + 1)
        
        # The result is the maximum value in the d array
        return max(d)


INFO - program_name:
 

INFO - dependencies:
 []

INFO - raw_msg:
 1. **Restate the problem in plain English**: We need to find the length of the longest subsequence in a given list of integers where the subsequence is strictly increasing. A subsequence is formed by deleting some elements from the array without changing the order of the remaining elements.

2. **Conceptualize a solution first in plain English**: We can use dynamic programming to solve this problem. We will create an array `d` where each element `d[i]` represents the length of the longest increasing subsequence that ends with the element at index `i`. We will iterate through the array and for each element, check all previous elements to see if they can form an increasing sequence with the current element. The maximum value in the `d` array will give us the length of the longest increasing subsequence.

3. **Write a pseudocode solution**:
   ```
   function lengthOfLIS(nums):
       n = length of nums
       if n is 0:
           return 0
       create an array d of size n and initialize all elements to 1
       for i from 1 to n-1:
           for j from 0 to i-1:
               if nums[j] < nums[i]:
                   d[i] = max(d[i], d[j] + 1)
       return max value in d
   ```

4. **Output the final Python 3 solution with your solution steps in comments**:
```python
class Solution:
    def lengthOfLIS(self, nums: List[int]) -> int:
        # Get the length of the input list
        n = len(nums)
        # If the list is empty, return 0
        if n == 0:
            return 0
        # Create an array d to store the length of the longest increasing subsequence
        d = [1] * n
        
        # Iterate through the list to fill the d array
        for i in range(1, n):
            for j in range(i):
                # If the current number is greater than the previous number
                if nums[j] < nums[i]:
                    # Update the d array with the maximum length found
                    d[i] = max(d[i], d[j] + 1)
        
        # The result is the maximum value in the d array
        return max(d)
```

INFO - no_parent:
 False

INFO - full code to be executed: 
 
class Solution:
    def lengthOfLIS(self, nums: List[int]) -> int:
        # Get the length of the input list
        n = len(nums)
        # If the list is empty, return 0
        if n == 0:
            return 0
        # Create an array d to store the length of the longest increasing subsequence
        d = [1] * n
        
        # Iterate through the list to fill the d array
        for i in range(1, n):
            for j in range(i):
                # If the current number is greater than the previous number
                if nums[j] < nums[i]:
                    # Update the d array with the maximum length found
                    d[i] = max(d[i], d[j] + 1)
        
        # The result is the maximum value in the d array
        return max(d)


INFO - obs: Note: Inputs/outputs here are automatically extracted/truncated so formatting may be a bit off.
Tests passed:

 Input: [[10, 9, 2, 5, 3, 7, 101, 18]] Output: 4

Tests failed:
None
reward: True
done: None
info: {'individual_results': [True]}
INFO - Updated entry: 
[Task]:
    Given an unsorted array of integers, find the length of longest increasing subsequence.

    Example:


    Input: [10,9,2,5,3,7,101,18]
    Output: 4 
    Explanation: The longest increasing subsequence is [2,3,7,101], therefore the length is 4. 

    Note: 


           There may b...,

INFO - Metadata: {
    "raw_msg": "1. **Restate the problem in plain English**: We need to find the length of the longest subsequence in a given list of integers where the subsequence is strictly increasing. A subsequence is formed by deleting some elements from the array without changing the order of the remaini...

INFO - LM call n parse attempt 1 / 3

INFO - [Task id] 178 [prompt] 
You are an expert programmer tasked with solving the problem below.

Follow the user's instructions to solve the problem.
The user can ask for analysis, code, or both.

## Instructions
When asked to output code,
- Make sure to wrap your code in '```python' and '```' Markdown delimiters, 
- include exactly one block of code with the entire solution
- No outside libraries are allowed. 
- Builtins are allowed.
- If the task specifies a function name to be used, follow it strictly (be case sensitive!) and declare the that function last (helper functions are declared first).
- DO NOT write any assert statements / tests.

## Problem
[BEGIN PROBLEM]
Given an unsorted array of integers, find the length of longest increasing subsequence.

Example:


Input: [10,9,2,5,3,7,101,18]
Output: 4 
Explanation: The longest increasing subsequence is [2,3,7,101], therefore the length is 4. 

Note: 


       There may be more than one LIS combination, it is only necessary for you to return the length.
       Your algorithm should run in O(n2) complexity.


Follow up: Could you improve it to O(n log n) time complexity?

The output code needs to use the provided function signature

The final python function should begin with: 
```python

class Solution:
    def lengthOfLIS(self, nums: List[int]) -> int:
        
```

[END PROBLEM]

INFO - [Task id] 178 [prompt] 
## Instructions

Reason through the problem and:
1. Restate the problem in plain English
2. Conceptualize a solution first in plain English
3. Write a pseudocode solution
4. Output the final Python 3 solution with your solution steps in comments.

Make sure to wrap your code in '```python' and '```' Markdown delimiters, 
and include exactly one block of code with the entire solution.

No outside libraries are allowed.
Builtins are allowed.

INFO - [Task id] 178 [prompt] 1. **Restate the problem in plain English**: We need to find the length of the longest subsequence in a given list of integers where the subsequence is strictly increasing. A subsequence is formed by deleting some elements from the array without changing the order of the remaining elements.

2. **Conceptualize a solution first in plain English**: We can use dynamic programming to solve this problem. We will create an array `d` where each element `d[i]` represents the length of the longest increasing subsequence that ends with the element at index `i`. We will iterate through the array and for each element, check all previous elements to see if they can form an increasing sequence with the current element. The maximum value in the `d` array will give us the length of the longest increasing subsequence.

3. **Write a pseudocode solution**:
   ```
   function lengthOfLIS(nums):
       n = length of nums
       if n is 0:
           return 0
       create an array d of size n and initialize all elements to 1
       for i from 1 to n-1:
           for j from 0 to i-1:
               if nums[j] < nums[i]:
                   d[i] = max(d[i], d[j] + 1)
       return max value in d
   ```

4. **Output the final Python 3 solution with your solution steps in comments**:
```python
class Solution:
    def lengthOfLIS(self, nums: List[int]) -> int:
        # Get the length of the input list
        n = len(nums)
        # If the list is empty, return 0
        if n == 0:
            return 0
        # Create an array d to store the length of the longest increasing subsequence
        d = [1] * n
        
        # Iterate through the list to fill the d array
        for i in range(1, n):
            for j in range(i):
                # If the current number is greater than the previous number
                if nums[j] < nums[i]:
                    # Update the d array with the maximum length found
                    d[i] = max(d[i], d[j] + 1)
        
        # The result is the maximum value in the d array
        return max(d)
```
INFO - [Task id] 178 [prompt] 
[Environment Feedback]:
    Note: Inputs/outputs here are automatically extracted/truncated so formatting may be a bit off.
    Tests passed:

     Input: [[10, 9, 2, 5, 3, 7, 101, 18]] Output: 4

    Tests failed:
    None
[/Environment Feedback]

INFO - [Task id] 178 [prompt] 
## Instructions
Now, summarize your attempts as a **standalone** document for your own future reference. (can skip formalities, be concise)

- Only include the most relevant information and code snippets that could be useful in the future.
- If you did not learn much from the current experience (e.g. the problem was too easy), feel free to write less or nothing at all.
- Here are some ideas if the experience was useful:
    - Identifying the core concepts and patterns that problem appears to test for
    - Describing the strategies that seemed to work but did not, and vice versa
    - Describing unexpected errors and how they were fixed

Your summary should be at most a few paragraphs.

INFO - [Task id] 178 [generation text] The task was to find the length of the longest increasing subsequence (LIS) in an unsorted array of integers. The solution involved using dynamic programming to build an array that tracks the length of the LIS ending at each index. The core concept was to compare each element with all previous elements to determine if they could form an increasing sequence.

The implemented algorithm runs in O(n^2) time complexity, which is acceptable for this problem. The approach involved initializing a list `d` where each element starts with a value of 1 (indicating that the minimum LIS length for any single element is 1). The nested loops then updated this list based on comparisons between elements.

The final code snippet is as follows:

```python
class Solution:
    def lengthOfLIS(self, nums: List[int]) -> int:
        n = len(nums)
        if n == 0:
            return 0
        d = [1] * n
        
        for i in range(1, n):
            for j in range(i):
                if nums[j] < nums[i]:
                    d[i] = max(d[i], d[j] + 1)
        
        return max(d)
```

This solution was effective and passed the provided test case, demonstrating a solid understanding of dynamic programming principles. No unexpected errors were encountered during the implementation.
INFO - LM call n parse attempt 1 / 3

INFO - [Task id] 178 [prompt] 
You are an expert programmer tasked with solving the problem below.

Follow the user's instructions to solve the problem.
The user can ask for analysis, code, or both.

## Instructions
When asked to output code,
- Make sure to wrap your code in '```python' and '```' Markdown delimiters, 
- include exactly one block of code with the entire solution
- No outside libraries are allowed. 
- Builtins are allowed.
- If the task specifies a function name to be used, follow it strictly (be case sensitive!) and declare the that function last (helper functions are declared first).
- DO NOT write any assert statements / tests.

## Problem
[BEGIN PROBLEM]
Given an unsorted array of integers, find the length of longest increasing subsequence.

Example:


Input: [10,9,2,5,3,7,101,18]
Output: 4 
Explanation: The longest increasing subsequence is [2,3,7,101], therefore the length is 4. 

Note: 


       There may be more than one LIS combination, it is only necessary for you to return the length.
       Your algorithm should run in O(n2) complexity.


Follow up: Could you improve it to O(n log n) time complexity?

The output code needs to use the provided function signature

The final python function should begin with: 
```python

class Solution:
    def lengthOfLIS(self, nums: List[int]) -> int:
        
```

[END PROBLEM]

INFO - [Task id] 178 [prompt] 
## Instructions

Reason through the problem and:
1. Restate the problem in plain English
2. Conceptualize a solution first in plain English
3. Write a pseudocode solution
4. Output the final Python 3 solution with your solution steps in comments.

Make sure to wrap your code in '```python' and '```' Markdown delimiters, 
and include exactly one block of code with the entire solution.

No outside libraries are allowed.
Builtins are allowed.

INFO - [Task id] 178 [prompt] 1. **Restate the problem in plain English**: We need to find the length of the longest subsequence in a given list of integers where the subsequence is strictly increasing. A subsequence is formed by deleting some elements from the array without changing the order of the remaining elements.

2. **Conceptualize a solution first in plain English**: We can use dynamic programming to solve this problem. We will create an array `d` where each element `d[i]` represents the length of the longest increasing subsequence that ends with the element at index `i`. We will iterate through the array and for each element, check all previous elements to see if they can form an increasing sequence with the current element. The maximum value in the `d` array will give us the length of the longest increasing subsequence.

3. **Write a pseudocode solution**:
   ```
   function lengthOfLIS(nums):
       n = length of nums
       if n is 0:
           return 0
       create an array d of size n and initialize all elements to 1
       for i from 1 to n-1:
           for j from 0 to i-1:
               if nums[j] < nums[i]:
                   d[i] = max(d[i], d[j] + 1)
       return max value in d
   ```

4. **Output the final Python 3 solution with your solution steps in comments**:
```python
class Solution:
    def lengthOfLIS(self, nums: List[int]) -> int:
        # Get the length of the input list
        n = len(nums)
        # If the list is empty, return 0
        if n == 0:
            return 0
        # Create an array d to store the length of the longest increasing subsequence
        d = [1] * n
        
        # Iterate through the list to fill the d array
        for i in range(1, n):
            for j in range(i):
                # If the current number is greater than the previous number
                if nums[j] < nums[i]:
                    # Update the d array with the maximum length found
                    d[i] = max(d[i], d[j] + 1)
        
        # The result is the maximum value in the d array
        return max(d)
```
INFO - [Task id] 178 [prompt] 
[Environment Feedback]:
    Note: Inputs/outputs here are automatically extracted/truncated so formatting may be a bit off.
    Tests passed:

     Input: [[10, 9, 2, 5, 3, 7, 101, 18]] Output: 4

    Tests failed:
    None
[/Environment Feedback]

INFO - [Task id] 178 [prompt] 
Below is the official solution (do exercise discretion as official solutions can also have mistakes).

You will be reflecting on your attempts to solve the problem.
This will be a **standalone** document for your own future reference. (can skip formalities, be concise)

## Instructions
- Only include the most relevant insights and code snippets that could be useful in the future.
- If you did not learn much from the current experience (e.g. the problem was too easy / official solution was obvious), feel free to write less or nothing at all.
- Here are some ideas if the experience was useful:
    - If the official solution is insightful (e.g. better than yours in time and space complexity or more effective in breaking down the problem statement), distil the key approach of the official solution, step by step.
    - If your approach failed the test cases, reason why the official solution works but yours does not

Your reflection should be at most a few paragraphs.

## Official solution
class Solution:
     def lengthOfLIS(self, nums):
         """
         :type nums: List[int]
         :rtype: int
         """
         if len(nums) == 0:
             return 0
         res = [nums[0]]
         def binarySearch(l,target):
             left , right = 0 , len(l)-1
             while left < right:
                 mid = (left + right)//2
                 if l[mid] >= target:
                     right = mid
                 else:
                     left = mid + 1
             return left
         for i in range(1,len(nums)):
             if nums[i] > res[-1]:
                 res.append(nums[i])
             else:
                 res[binarySearch(res,nums[i])] = nums[i]
         return len(res)


INFO - [Task id] 178 [generation text] The official solution employs a more efficient approach to find the length of the longest increasing subsequence (LIS) using a combination of dynamic programming and binary search, achieving a time complexity of O(n log n). This is a significant improvement over the O(n^2) complexity of my initial solution.

Key insights from the official solution:

1. **Initialization**: The solution starts by checking if the input list is empty. If it is, it returns 0. It initializes a list `res` to keep track of the smallest tail values of increasing subsequences found so far.

2. **Binary Search**: A helper function `binarySearch` is defined to find the position in the `res` list where the current number should be placed. This function uses a binary search algorithm to efficiently find the correct index, ensuring that the `res` list remains sorted.

3. **Iterating through the input**: The solution iterates through the input list starting from the second element. If the current number is greater than the last element in `res`, it appends the number to `res`. Otherwise, it uses the `binarySearch` function to find the appropriate index to replace an existing value in `res`, maintaining the potential for future increasing subsequences.

4. **Final Result**: The length of the `res` list at the end of the iteration represents the length of the longest increasing subsequence.

This approach is more efficient because it reduces the number of comparisons needed to maintain the increasing subsequence, leveraging the properties of sorted lists and binary search. In contrast, my initial solution involved nested loops, leading to a higher time complexity. 

Overall, the official solution's use of binary search to maintain a dynamic list of potential subsequence tails is a valuable technique that can be applied to similar problems in the future.
INFO - Updated entry: The task was to find the length of the longest increasing subsequence (LIS) in an unsorted array of integers. The solution involved using dynamic programming to build an array that tracks the length of the LIS ending at each index. The core concept was to compare each element with all previous el...,

INFO - Metadata: {
    "task_id": 178
}

INFO - Updated entry: The official solution employs a more efficient approach to find the length of the longest increasing subsequence (LIS) using a combination of dynamic programming and binary search, achieving a time complexity of O(n log n). This is a significant improvement over the O(n^2) complexity of my initia...,

INFO - Metadata: {
    "task_id": 178
}

INFO - LM call n parse attempt 1 / 3

INFO - [Task id] 178 [prompt] 
You are a helpful assistant that writes a description of the given function written in the Python programming language.

1) Do not mention the function name.
2) Do not mention anything about helper functions.
3) There might be some helper functions before the main function, but you only need to describe the main function.
4) Try to summarize the function in no more than 6 sentences.
5) Your response should be a single line of text.

INFO - [Task id] 178 [prompt] 
class Solution:
    def lengthOfLIS(self, nums: List[int]) -> int:
        # Get the length of the input list
        n = len(nums)
        # If the list is empty, return 0
        if n == 0:
            return 0
        # Create an array d to store the length of the longest increasing subsequence
        d = [1] * n
        
        # Iterate through the list to fill the d array
        for i in range(1, n):
            for j in range(i):
                # If the current number is greater than the previous number
                if nums[j] < nums[i]:
                    # Update the d array with the maximum length found
                    d[i] = max(d[i], d[j] + 1)
        
        # The result is the maximum value in the d array
        return max(d)

INFO - [Task id] 178 [generation text] This function calculates the length of the longest increasing subsequence in a given list of integers. It first checks if the list is empty and returns 0 if so. An array is initialized to keep track of the lengths of increasing subsequences ending at each index. The function then iterates through the list, comparing each element with the previous ones to update the lengths accordingly. Finally, it returns the maximum length found in the array, representing the length of the longest increasing subsequence.
INFO - LM call n parse attempt 1 / 3

INFO - [Task id] 178 [prompt] 
You are a helpful assistant that extracts important information from problems and solutions to aid in searchability and education.

## Instructions
- Read through the problem and solution carefully.
- Reason out, step by step, in what scenarios this knowledge would be useful.
- Focus on general patterns and situations to help connect this knowledge to new situations.
- Then, include a list of keywords that are useful for searching this problem/solution pair.

## Response format
Respond in JSON, and follow the keys and expected format of the values strictly.

The output should be formatted as a JSON instance that conforms to the JSON schema below.

As an example, for the schema {"properties": {"foo": {"title": "Foo", "description": "a list of strings", "type": "array", "items": {"type": "string"}}}, "required": ["foo"]}
the object {"foo": ["bar", "baz"]} is a well-formatted instance of the schema. The object {"properties": {"foo": ["bar", "baz"]}} is not well-formatted.

Here is the output schema:
```
{"properties": {"scenarios": {"description": "In what scenarios will this knowledge be useful? Answer in a paragraph.", "title": "Scenarios", "type": "string"}, "keywords": {"description": "List of keywords that are useful for searching this problem/solution pair", "items": {"type": "string"}, "title": "Keywords", "type": "array"}}, "required": ["scenarios", "keywords"]}
```

INFO - [Task id] 178 [prompt] 
[Problem]
    Given an unsorted array of integers, find the length of longest increasing subsequence.

    Example:


    Input: [10,9,2,5,3,7,101,18]
    Output: 4 
    Explanation: The longest increasing subsequence is [2,3,7,101], therefore the length is 4. 

    Note: 


           There may be more than one LIS combination, it is only necessary for you to return the length.
           Your algorithm should run in O(n2) complexity.


    Follow up: Could you improve it to O(n log n) time complexity?
[/Problem]

[Solution]

    class Solution:
        def lengthOfLIS(self, nums: List[int]) -> int:
            # Get the length of the input list
            n = len(nums)
            # If the list is empty, return 0
            if n == 0:
                return 0
            # Create an array d to store the length of the longest increasing subsequence
            d = [1] * n
        
            # Iterate through the list to fill the d array
            for i in range(1, n):
                for j in range(i):
                    # If the current number is greater than the previous number
                    if nums[j] < nums[i]:
                        # Update the d array with the maximum length found
                        d[i] = max(d[i], d[j] + 1)
        
            # The result is the maximum value in the d array
            return max(d)

[/Solution]

INFO - [Task id] 178 [generation text] 
INFO - {
    "scenarios": "This knowledge is useful in scenarios where one needs to analyze sequences of numbers to find patterns, such as in data analysis, computer science, and algorithm design. It can be applied in fields like finance for stock price analysis, in machine learning for feature selection, or in any situation where understanding the longest increasing trend in a dataset is important. Additionally, the follow-up question about improving the algorithm to O(n log n) complexity is relevant in performance-critical applications where large datasets are involved.",
    "keywords": [
        "longest increasing subsequence",
        "LIS",
        "dynamic programming",
        "algorithm",
        "O(n^2)",
        "O(n log n)",
        "subsequence",
        "array",
        "length of LIS"
    ]
}
INFO - {
    "scenarios": "This knowledge is useful in scenarios where one needs to analyze sequences of numbers to find patterns, such as in data analysis, computer science, and algorithm design. It can be applied in fields like finance for stock price analysis, in machine learning for feature selection, or in any situation where understanding the longest increasing trend in a dataset is important. Additionally, the follow-up question about improving the algorithm to O(n log n) complexity is relevant in performance-critical applications where large datasets are involved.",
    "keywords": [
        "longest increasing subsequence",
        "LIS",
        "dynamic programming",
        "algorithm",
        "O(n^2)",
        "O(n log n)",
        "subsequence",
        "array",
        "length of LIS"
    ]
}
INFO - Updated entry: 
[description]
This function calculates the length of the longest increasing subsequence in a given list of integers. It first checks if the list is empty and returns 0 if so. An array is initialized to keep track of the lengths of increasing subsequences ending at each index. The function then i...,

INFO - Metadata: {
    "task": 178,
    "code": "\nclass Solution:\n    def lengthOfLIS(self, nums: List[int]) -> int:\n        # Get the length of the input list\n        n = len(nums)\n        # If the list is empty, return 0\n        if n == 0:\n            return 0\n        # Create an array d to store the le...

