INFO - DB skill doc count: 1

INFO - DB non_func doc count: 61

INFO - DB semantic doc count: 429

INFO - DB summaries doc count: 76

INFO - DB reflections doc count: 76

INFO - DB episodic doc count: 132

INFO - [train iter]: 76/100 

INFO - The task prompt is Given an array of integers and an integer k, you need to find the total number of continuous subarrays whose sum equals to k.

Example 1:

Input:nums = [1,1,1], k = 2
Output: 2



Note:

The length of the array is in range [1, 20,000].
The range of numbers in the array is [-1000, 1000] and the ra...

INFO - Attempting task_id 398
INFO - LM call n parse attempt 1 / 3

INFO - [Task id] 398 [prompt] 
You are an expert programmer tasked with solving the problem below.

Follow the user's instructions to solve the problem.
The user can ask for analysis, code, or both.

## Instructions
When asked to output code,
- Make sure to wrap your code in '```python' and '```' Markdown delimiters, 
- include exactly one block of code with the entire solution
- No outside libraries are allowed. 
- Builtins are allowed.
- If the task specifies a function name to be used, follow it strictly (be case sensitive!) and declare the that function last (helper functions are declared first).
- DO NOT write any assert statements / tests.

## Problem
[BEGIN PROBLEM]
Given an array of integers and an integer k, you need to find the total number of continuous subarrays whose sum equals to k.

Example 1:

Input:nums = [1,1,1], k = 2
Output: 2



Note:

The length of the array is in range [1, 20,000].
The range of numbers in the array is [-1000, 1000] and the range of the integer k is [-1e7, 1e7].

The output code needs to use the provided function signature

The final python function should begin with: 
```python

class Solution:
    def subarraySum(self, nums: List[int], k: int) -> int:
        
```

[END PROBLEM]

INFO - [Task id] 398 [prompt] 
## Instructions

Reason through the problem and:
1. Restate the problem in plain English
2. Conceptualize a solution first in plain English
3. Write a pseudocode solution
4. Output the final Python 3 solution with your solution steps in comments.

Make sure to wrap your code in '```python' and '```' Markdown delimiters, 
and include exactly one block of code with the entire solution.

No outside libraries are allowed.
Builtins are allowed.

INFO - [Task id] 398 [generation text] 1. **Restate the problem in plain English:**
   We need to find how many continuous subarrays (a contiguous part of the array) in a given list of integers have a sum that equals a specified integer `k`.

2. **Conceptualize a solution first in plain English:**
   To solve this problem, we can use a hashmap (dictionary) to keep track of the cumulative sums we encounter as we iterate through the array. For each element in the array, we calculate the cumulative sum up to that point. If the difference between the cumulative sum and `k` exists in our hashmap, it means there is a subarray that sums to `k`. We will also keep a count of how many times each cumulative sum has occurred to help us find the number of valid subarrays.

3. **Write a pseudocode solution:**
   ```
   Initialize a hashmap to store cumulative sums and their counts
   Initialize a variable to keep track of the cumulative sum
   Initialize a variable to count the number of valid subarrays

   For each number in the array:
       Update the cumulative sum by adding the current number
       If the cumulative sum equals k, increment the count
       If (cumulative sum - k) exists in the hashmap, add its count to the total count
       Update the hashmap with the current cumulative sum
   Return the total count
   ```

4. **Output the final Python 3 solution with your solution steps in comments:**
```python
class Solution:
    def subarraySum(self, nums: List[int], k: int) -> int:
        # Initialize a hashmap to store cumulative sums and their counts
        cumulative_sum_count = {0: 1}
        cumulative_sum = 0
        count = 0
        
        # Iterate through each number in the array
        for num in nums:
            # Update the cumulative sum
            cumulative_sum += num
            
            # If the cumulative sum equals k, increment the count
            if cumulative_sum == k:
                count += 1
            
            # If (cumulative sum - k) exists in the hashmap, add its count to the total count
            if (cumulative_sum - k) in cumulative_sum_count:
                count += cumulative_sum_count[cumulative_sum - k]
            
            # Update the hashmap with the current cumulative sum
            if cumulative_sum in cumulative_sum_count:
                cumulative_sum_count[cumulative_sum] += 1
            else:
                cumulative_sum_count[cumulative_sum] = 1
        
        # Return the total count of subarrays that sum to k
        return count
```
INFO - [35m Rollout attempt 1/4[0m
INFO - [33m Retrieving 2 entries for db: episodic 
 [0m
INFO - Retrieved (score=0.2115):

[Task]:
    Given an array of integers nums and an integer k. A continuous subarray is called nice if there are k odd numbers on it.
    Return the number of nice sub-arrays.
 
    Example 1:
    Input: nums = [1,1,2,1,1], k = 3
    Output: 2
    Explanation: The only sub-arrays with 3 odd numbe...


INFO - Retrieved (score=0.3188):

[Task]:
    Return the length of the shortest, non-empty, contiguous subarray of A with sum at least K.
    If there is no non-empty subarray with sum at least K, return -1.
 



    Example 1:
    Input: A = [1], K = 1
    Output: 1


    Example 2:
    Input: A = [1,2], K = 4
    Output: -1


...


INFO - [33m Retrieving 2 entries for db: semantic 
 [0m
INFO - Retrieved (score=0.4320):
Title: Josephus Problem
Part: 1/1
# Josephus Problem

## Statement

We are given the natural numbers $n$ and $k$.
All natural numbers from $1$ to $n$ are written in a circle. 
First, count the $k$-th number starting from the first one and delete it.
Then $k$ numbers are counted starting from the ...


INFO - Retrieved (score=0.4403):
Title: Search the subarray with the maximum/minimum sum
Part: 1/2
# Search the subarray with the maximum/minimum sum

Here, we consider the problem of finding a subarray with maximum sum, as well as some of its variations (including the algorithm for solving this problem online).

## Problem stat...


INFO - [33m Retrieving 2 entries for db: reflections 
 [0m
INFO - Retrieved (score=0.3348):
The official solution employs a more efficient approach using prefix sums and binary search, which significantly optimizes the process of calculating subarray sums compared to the brute-force method I initially implemented. 

### Key Insights from the Official Solution:

1. **Prefix Sums**: The s...


INFO - Retrieved (score=0.3359):
The official solution effectively utilizes a combination of cumulative sums and a deque to maintain potential starting points for valid subarrays. Here are the key insights and steps from the official solution that could be useful for future reference:

1. **Cumulative Sum**: The solution maintai...


INFO - [33m Retrieving 2 entries for db: summaries 
 [0m
INFO - Retrieved (score=0.1711):
In this task, the goal was to count the number of continuous subarrays that contain exactly `k` odd numbers from a given list of integers. The solution utilized a sliding window approach, which is effective for problems involving contiguous subarrays. 

The core concept involved maintaining two p...


INFO - Retrieved (score=0.2692):
The problem involved finding the length of the shortest contiguous subarray with a sum of at least K. The solution utilized a combination of prefix sums and a deque to efficiently track potential subarrays. The key concepts included maintaining a running sum and using a sliding window approach to...


INFO - [33m Retrieving 1 entries for db: skill 
 [0m
INFO - Retrieved (score=0.6277):

[description for function: count_col_triang]
This function organizes a list of points by their colors and calculates the number of non-collinear triangles that can be formed from points of the same color. It first groups the points based on their color and initializes counters for the total numb...


INFO - [33m Retrieving 2 entries for db: non_func 
 [0m
INFO - Retrieved (score=0.3631):

[description]
This function finds the length of the shortest contiguous subarray within a given list that has a sum of at least K. It first computes the prefix sums of the array to facilitate quick sum calculations of any subarray. Using a deque, it efficiently tracks the indices of the prefix s...


INFO - Retrieved (score=0.4046):

[description]
This function calculates the number of contiguous subarrays within a given list of integers that contain exactly a specified number of odd integers. It uses a sliding window approach, maintaining a count of odd numbers as it iterates through the list. When the count of odd numbers ...


INFO - Retrieved (score=0.1711): 
[Summary]:
    In this task, the goal was to count the number of continuous subarrays that contain exactly `k` odd numbers from a given list of integers. The solution utilized a sliding window approach, which is effective for problems involving contiguous subarrays. 

    The core concept involv...
INFO - Retrieved (score=0.2115): 
[Past Memory]:

    [Task]:
        Given an array of integers nums and an integer k. A continuous subarray is called nice if there are k odd numbers on it.
        Return the number of nice sub-arrays.
 
        Example 1:
        Input: nums = [1,1,2,1,1], k = 3
        Output: 2
        Expla...
INFO - LM call n parse attempt 1 / 3

INFO - [Task id] 398 [prompt] 
You are an expert programmer tasked with solving the problem below.

Follow the user's instructions to solve the problem.
The user can ask for analysis, code, or both.

## Instructions
When asked to output code,
- Make sure to wrap your code in '```python' and '```' Markdown delimiters, 
- include exactly one block of code with the entire solution
- No outside libraries are allowed. 
- Builtins are allowed.
- If the task specifies a function name to be used, follow it strictly (be case sensitive!) and declare the that function last (helper functions are declared first).
- DO NOT write any assert statements / tests.

## Problem
[BEGIN PROBLEM]
Given an array of integers and an integer k, you need to find the total number of continuous subarrays whose sum equals to k.

Example 1:

Input:nums = [1,1,1], k = 2
Output: 2



Note:

The length of the array is in range [1, 20,000].
The range of numbers in the array is [-1000, 1000] and the range of the integer k is [-1e7, 1e7].

The output code needs to use the provided function signature

The final python function should begin with: 
```python

class Solution:
    def subarraySum(self, nums: List[int], k: int) -> int:
        
```

[END PROBLEM]

INFO - [Task id] 398 [prompt] 
## Instructions

Reason through the problem and:
1. Restate the problem in plain English
2. Conceptualize a solution first in plain English
3. Write a pseudocode solution
4. Output the final Python 3 solution with your solution steps in comments.

Make sure to wrap your code in '```python' and '```' Markdown delimiters, 
and include exactly one block of code with the entire solution.

No outside libraries are allowed.
Builtins are allowed.

INFO - [Task id] 398 [prompt] 
Also, here are some of your memories.
Feel free to use the given information to aid your problem solving process if necessary.
Do not confuse the memories with the problem statement.

## Memories

[Summary]:
    In this task, the goal was to count the number of continuous subarrays that contain exactly `k` odd numbers from a given list of integers. The solution utilized a sliding window approach, which is effective for problems involving contiguous subarrays. 

    The core concept involved maintaining two pointers (`left` and `right`) to represent the current subarray. As the `right` pointer expanded to include more elements, we counted the odd numbers. If the count exceeded `k`, we moved the `left` pointer to reduce the count. When the count matched `k`, we calculated how many valid subarrays could be formed by counting the even numbers to the left of the `left` pointer.

    The final implementation was successful, passing the provided test cases. The key strategies that worked included efficiently managing the count of odd numbers and leveraging the properties of even numbers to determine the number of valid subarrays. There were no unexpected errors, and the solution performed well within the constraints. 

    The final code snippet is as follows:

    ```python
    class Solution:
        def numberOfSubarrays(self, nums: list[int], k: int) -> int:
            count = 0
            left = 0
            odd_count = 0
            total_nice_subarrays = 0
        
            for right in range(len(nums)):
                if nums[right] % 2 == 1:
                    odd_count += 1
            
                while odd_count > k:
                    if nums[left] % 2 == 1:
                        odd_count -= 1
                    left += 1
            
                if odd_count == k:
                    temp_left = left
                    while temp_left < right and nums[temp_left] % 2 == 0:
                        temp_left += 1
                    count_left = temp_left - left + 1
                    total_nice_subarrays += count_left
        
            return total_nice_subarrays
    ``` 

    This experience reinforced the effectiveness of the sliding window technique for problems involving subarrays and counting specific conditions.
[/Summary]


[Past Memory]:

    [Task]:
        Given an array of integers nums and an integer k. A continuous subarray is called nice if there are k odd numbers on it.
        Return the number of nice sub-arrays.
 
        Example 1:
        Input: nums = [1,1,2,1,1], k = 3
        Output: 2
        Explanation: The only sub-arrays with 3 odd numbers are [1,1,2,1] and [1,2,1,1].

        Example 2:
        Input: nums = [2,4,6], k = 1
        Output: 0
        Explanation: There is no odd numbers in the array.

        Example 3:
        Input: nums = [2,2,2,1,2,2,1,2,2,2], k = 2
        Output: 16

 
        Constraints:

        1 <= nums.length <= 50000
        1 <= nums[i] <= 10^5
        1 <= k <= nums.length
    [/Task]

    [Previous Critique]:
        None
    [/Previous Critique]

    [Thought Process and Code]:
        1. **Restate the problem in plain English:**
           We need to find the number of continuous subarrays from a given array of integers that contain exactly `k` odd numbers. A subarray is defined as a contiguous part of the array.

        2. **Conceptualize a solution first in plain English:**
           To solve this problem, we can use a sliding window approach to count the number of odd numbers in the subarrays. We will maintain two pointers to represent the start and end of the current subarray. As we expand the end pointer, we will count the odd numbers. When the count of odd numbers exceeds `k`, we will move the start pointer to reduce the count. We will also keep track of how many valid subarrays we can form when we have exactly `k` odd numbers.

        3. **Write a pseudocode solution:**
           ```
           function numberOfNiceSubarrays(nums, k):
               count = 0
               left = 0
               odd_count = 0
               total_nice_subarrays = 0
       
               for right in range(len(nums)):
                   if nums[right] is odd:
                       odd_count += 1
           
                   while odd_count > k:
                       if nums[left] is odd:
                           odd_count -= 1
                       left += 1
           
                   if odd_count == k:
                       temp_left = left
                       while temp_left < right and nums[temp_left] is even:
                           temp_left += 1
                       count_left = temp_left - left + 1
                       total_nice_subarrays += count_left
       
               return total_nice_subarrays
           ```

        4. **Output the final Python 3 solution with your solution steps in comments:**
        ```python
        class Solution:
            def numberOfSubarrays(self, nums: list[int], k: int) -> int:
                # Initialize variables to count the number of nice subarrays
                count = 0
                left = 0
                odd_count = 0
                total_nice_subarrays = 0
        
                # Iterate through the array with the right pointer
                for right in range(len(nums)):
                    # Count the number of odd numbers in the current window
                    if nums[right] % 2 == 1:
                        odd_count += 1
            
                    # If we have more than k odd numbers, move the left pointer
                    while odd_count > k:
                        if nums[left] % 2 == 1:
                            odd_count -= 1
                        left += 1
            
                    # If we have exactly k odd numbers, count the number of valid subarrays
                    if odd_count == k:
                        temp_left = left
                        # Count how many even numbers are on the left side
                        while temp_left < right and nums[temp_left] % 2 == 0:
                            temp_left += 1
                        count_left = temp_left - left + 1
                        total_nice_subarrays += count_left
        
                return total_nice_subarrays
        ```
    [/Thought Process and Code]

    [Environment Feedback]:
        Note: Inputs/outputs here are automatically extracted/truncated so formatting may be a bit off.
        Tests passed:

         Input: [[1, 1, 2, 1, 1], 3] Output: 2

        Tests failed:
        None
    [/Environment Feedback]

    [Result]:
        Success
    [/Result]

[/Past Memory]


INFO - [Task id] 398 [generation text] 1. **Restate the problem in plain English:**
   We need to find the total number of continuous subarrays from a given array of integers that sum up to a specific integer `k`. A subarray is defined as a contiguous segment of the array.

2. **Conceptualize a solution first in plain English:**
   To solve this problem, we can use a hashmap (dictionary) to keep track of the cumulative sums we encounter as we iterate through the array. For each element, we calculate the cumulative sum up to that point. If the difference between the current cumulative sum and `k` exists in our hashmap, it means there are subarrays that sum to `k`. We will also keep track of how many times each cumulative sum has occurred to count the number of valid subarrays.

3. **Write a pseudocode solution:**
   ```
   function subarraySum(nums, k):
       Initialize a hashmap to store cumulative sums and their counts
       Initialize cumulative_sum to 0
       Initialize count to 0
       Add an entry for cumulative_sum 0 in the hashmap with count 1

       for each number in nums:
           Update cumulative_sum by adding the current number
           Check if (cumulative_sum - k) exists in the hashmap
           If it exists, add the count of that cumulative_sum to the total count
           Update the hashmap with the current cumulative_sum
       
       return count
   ```

4. **Output the final Python 3 solution with your solution steps in comments:**
```python
class Solution:
    def subarraySum(self, nums: list[int], k: int) -> int:
        # Initialize a hashmap to store cumulative sums and their counts
        cumulative_sum_count = {}
        cumulative_sum = 0
        count = 0
        
        # Add an entry for cumulative_sum 0 in the hashmap with count 1
        cumulative_sum_count[0] = 1
        
        # Iterate through each number in the array
        for num in nums:
            # Update cumulative_sum by adding the current number
            cumulative_sum += num
            
            # Check if (cumulative_sum - k) exists in the hashmap
            if (cumulative_sum - k) in cumulative_sum_count:
                # If it exists, add the count of that cumulative_sum to the total count
                count += cumulative_sum_count[cumulative_sum - k]
            
            # Update the hashmap with the current cumulative_sum
            if cumulative_sum in cumulative_sum_count:
                cumulative_sum_count[cumulative_sum] += 1
            else:
                cumulative_sum_count[cumulative_sum] = 1
        
        # Return the total count of subarrays that sum to k
        return count
```
INFO - program_code:
 
class Solution:
    def subarraySum(self, nums: list[int], k: int) -> int:
        # Initialize a hashmap to store cumulative sums and their counts
        cumulative_sum_count = {}
        cumulative_sum = 0
        count = 0
        
        # Add an entry for cumulative_sum 0 in the hashmap with count 1
        cumulative_sum_count[0] = 1
        
        # Iterate through each number in the array
        for num in nums:
            # Update cumulative_sum by adding the current number
            cumulative_sum += num
            
            # Check if (cumulative_sum - k) exists in the hashmap
            if (cumulative_sum - k) in cumulative_sum_count:
                # If it exists, add the count of that cumulative_sum to the total count
                count += cumulative_sum_count[cumulative_sum - k]
            
            # Update the hashmap with the current cumulative_sum
            if cumulative_sum in cumulative_sum_count:
                cumulative_sum_count[cumulative_sum] += 1
            else:
                cumulative_sum_count[cumulative_sum] = 1
        
        # Return the total count of subarrays that sum to k
        return count


INFO - program_name:
 

INFO - dependencies:
 []

INFO - raw_msg:
 1. **Restate the problem in plain English:**
   We need to find the total number of continuous subarrays from a given array of integers that sum up to a specific integer `k`. A subarray is defined as a contiguous segment of the array.

2. **Conceptualize a solution first in plain English:**
   To solve this problem, we can use a hashmap (dictionary) to keep track of the cumulative sums we encounter as we iterate through the array. For each element, we calculate the cumulative sum up to that point. If the difference between the current cumulative sum and `k` exists in our hashmap, it means there are subarrays that sum to `k`. We will also keep track of how many times each cumulative sum has occurred to count the number of valid subarrays.

3. **Write a pseudocode solution:**
   ```
   function subarraySum(nums, k):
       Initialize a hashmap to store cumulative sums and their counts
       Initialize cumulative_sum to 0
       Initialize count to 0
       Add an entry for cumulative_sum 0 in the hashmap with count 1

       for each number in nums:
           Update cumulative_sum by adding the current number
           Check if (cumulative_sum - k) exists in the hashmap
           If it exists, add the count of that cumulative_sum to the total count
           Update the hashmap with the current cumulative_sum
       
       return count
   ```

4. **Output the final Python 3 solution with your solution steps in comments:**
```python
class Solution:
    def subarraySum(self, nums: list[int], k: int) -> int:
        # Initialize a hashmap to store cumulative sums and their counts
        cumulative_sum_count = {}
        cumulative_sum = 0
        count = 0
        
        # Add an entry for cumulative_sum 0 in the hashmap with count 1
        cumulative_sum_count[0] = 1
        
        # Iterate through each number in the array
        for num in nums:
            # Update cumulative_sum by adding the current number
            cumulative_sum += num
            
            # Check if (cumulative_sum - k) exists in the hashmap
            if (cumulative_sum - k) in cumulative_sum_count:
                # If it exists, add the count of that cumulative_sum to the total count
                count += cumulative_sum_count[cumulative_sum - k]
            
            # Update the hashmap with the current cumulative_sum
            if cumulative_sum in cumulative_sum_count:
                cumulative_sum_count[cumulative_sum] += 1
            else:
                cumulative_sum_count[cumulative_sum] = 1
        
        # Return the total count of subarrays that sum to k
        return count
```

INFO - no_parent:
 False

INFO - full code to be executed: 
 
class Solution:
    def subarraySum(self, nums: list[int], k: int) -> int:
        # Initialize a hashmap to store cumulative sums and their counts
        cumulative_sum_count = {}
        cumulative_sum = 0
        count = 0
        
        # Add an entry for cumulative_sum 0 in the hashmap with count 1
        cumulative_sum_count[0] = 1
        
        # Iterate through each number in the array
        for num in nums:
            # Update cumulative_sum by adding the current number
            cumulative_sum += num
            
            # Check if (cumulative_sum - k) exists in the hashmap
            if (cumulative_sum - k) in cumulative_sum_count:
                # If it exists, add the count of that cumulative_sum to the total count
                count += cumulative_sum_count[cumulative_sum - k]
            
            # Update the hashmap with the current cumulative_sum
            if cumulative_sum in cumulative_sum_count:
                cumulative_sum_count[cumulative_sum] += 1
            else:
                cumulative_sum_count[cumulative_sum] = 1
        
        # Return the total count of subarrays that sum to k
        return count


INFO - obs: Note: Inputs/outputs here are automatically extracted/truncated so formatting may be a bit off.
Tests passed:

 Input: [[1, 1, 1], 2] Output: 2

Tests failed:
None
reward: True
done: None
info: {'individual_results': [True]}
INFO - Updated entry: 
[Task]:
    Given an array of integers and an integer k, you need to find the total number of continuous subarrays whose sum equals to k.

    Example 1:

    Input:nums = [1,1,1], k = 2
    Output: 2



    Note:

    The length of the array is in range [1, 20,000].
    The range of numbers in ...,

INFO - Metadata: {
    "raw_msg": "1. **Restate the problem in plain English:**\n   We need to find the total number of continuous subarrays from a given array of integers that sum up to a specific integer `k`. A subarray is defined as a contiguous segment of the array.\n\n2. **Conceptualize a solution first in p...

INFO - LM call n parse attempt 1 / 3

INFO - [Task id] 398 [prompt] 
You are an expert programmer tasked with solving the problem below.

Follow the user's instructions to solve the problem.
The user can ask for analysis, code, or both.

## Instructions
When asked to output code,
- Make sure to wrap your code in '```python' and '```' Markdown delimiters, 
- include exactly one block of code with the entire solution
- No outside libraries are allowed. 
- Builtins are allowed.
- If the task specifies a function name to be used, follow it strictly (be case sensitive!) and declare the that function last (helper functions are declared first).
- DO NOT write any assert statements / tests.

## Problem
[BEGIN PROBLEM]
Given an array of integers and an integer k, you need to find the total number of continuous subarrays whose sum equals to k.

Example 1:

Input:nums = [1,1,1], k = 2
Output: 2



Note:

The length of the array is in range [1, 20,000].
The range of numbers in the array is [-1000, 1000] and the range of the integer k is [-1e7, 1e7].

The output code needs to use the provided function signature

The final python function should begin with: 
```python

class Solution:
    def subarraySum(self, nums: List[int], k: int) -> int:
        
```

[END PROBLEM]

INFO - [Task id] 398 [prompt] 
## Instructions

Reason through the problem and:
1. Restate the problem in plain English
2. Conceptualize a solution first in plain English
3. Write a pseudocode solution
4. Output the final Python 3 solution with your solution steps in comments.

Make sure to wrap your code in '```python' and '```' Markdown delimiters, 
and include exactly one block of code with the entire solution.

No outside libraries are allowed.
Builtins are allowed.

INFO - [Task id] 398 [prompt] 1. **Restate the problem in plain English:**
   We need to find the total number of continuous subarrays from a given array of integers that sum up to a specific integer `k`. A subarray is defined as a contiguous segment of the array.

2. **Conceptualize a solution first in plain English:**
   To solve this problem, we can use a hashmap (dictionary) to keep track of the cumulative sums we encounter as we iterate through the array. For each element, we calculate the cumulative sum up to that point. If the difference between the current cumulative sum and `k` exists in our hashmap, it means there are subarrays that sum to `k`. We will also keep track of how many times each cumulative sum has occurred to count the number of valid subarrays.

3. **Write a pseudocode solution:**
   ```
   function subarraySum(nums, k):
       Initialize a hashmap to store cumulative sums and their counts
       Initialize cumulative_sum to 0
       Initialize count to 0
       Add an entry for cumulative_sum 0 in the hashmap with count 1

       for each number in nums:
           Update cumulative_sum by adding the current number
           Check if (cumulative_sum - k) exists in the hashmap
           If it exists, add the count of that cumulative_sum to the total count
           Update the hashmap with the current cumulative_sum
       
       return count
   ```

4. **Output the final Python 3 solution with your solution steps in comments:**
```python
class Solution:
    def subarraySum(self, nums: list[int], k: int) -> int:
        # Initialize a hashmap to store cumulative sums and their counts
        cumulative_sum_count = {}
        cumulative_sum = 0
        count = 0
        
        # Add an entry for cumulative_sum 0 in the hashmap with count 1
        cumulative_sum_count[0] = 1
        
        # Iterate through each number in the array
        for num in nums:
            # Update cumulative_sum by adding the current number
            cumulative_sum += num
            
            # Check if (cumulative_sum - k) exists in the hashmap
            if (cumulative_sum - k) in cumulative_sum_count:
                # If it exists, add the count of that cumulative_sum to the total count
                count += cumulative_sum_count[cumulative_sum - k]
            
            # Update the hashmap with the current cumulative_sum
            if cumulative_sum in cumulative_sum_count:
                cumulative_sum_count[cumulative_sum] += 1
            else:
                cumulative_sum_count[cumulative_sum] = 1
        
        # Return the total count of subarrays that sum to k
        return count
```
INFO - [Task id] 398 [prompt] 
[Environment Feedback]:
    Note: Inputs/outputs here are automatically extracted/truncated so formatting may be a bit off.
    Tests passed:

     Input: [[1, 1, 1], 2] Output: 2

    Tests failed:
    None
[/Environment Feedback]

INFO - [Task id] 398 [prompt] 
## Instructions
Now, summarize your attempts as a **standalone** document for your own future reference. (can skip formalities, be concise)

- Only include the most relevant information and code snippets that could be useful in the future.
- If you did not learn much from the current experience (e.g. the problem was too easy), feel free to write less or nothing at all.
- Here are some ideas if the experience was useful:
    - Identifying the core concepts and patterns that problem appears to test for
    - Describing the strategies that seemed to work but did not, and vice versa
    - Describing unexpected errors and how they were fixed

Your summary should be at most a few paragraphs.

INFO - [Task id] 398 [generation text] The problem involved finding the total number of continuous subarrays within an array of integers that sum to a given integer `k`. The solution utilized a hashmap to track cumulative sums and their occurrences, allowing for efficient counting of valid subarrays.

Key concepts included:
- **Cumulative Sum**: This technique helps in determining the sum of elements in a subarray by maintaining a running total.
- **Hashmap for Counting**: By storing the counts of cumulative sums, we can quickly check how many times a specific sum has occurred, which directly relates to finding subarrays that sum to `k`.

The implemented solution iterated through the array, updating the cumulative sum and checking if the difference between the cumulative sum and `k` existed in the hashmap. If it did, the count of that cumulative sum was added to the total count of valid subarrays. The hashmap was updated with the current cumulative sum after each iteration.

The final code snippet is as follows:

```python
class Solution:
    def subarraySum(self, nums: list[int], k: int) -> int:
        cumulative_sum_count = {}
        cumulative_sum = 0
        count = 0
        cumulative_sum_count[0] = 1
        
        for num in nums:
            cumulative_sum += num
            
            if (cumulative_sum - k) in cumulative_sum_count:
                count += cumulative_sum_count[cumulative_sum - k]
            
            if cumulative_sum in cumulative_sum_count:
                cumulative_sum_count[cumulative_sum] += 1
            else:
                cumulative_sum_count[cumulative_sum] = 1
        
        return count
```

This approach proved effective, passing the provided test case and demonstrating the efficiency of using cumulative sums and hashmaps for this type of problem.
INFO - LM call n parse attempt 1 / 3

INFO - [Task id] 398 [prompt] 
You are an expert programmer tasked with solving the problem below.

Follow the user's instructions to solve the problem.
The user can ask for analysis, code, or both.

## Instructions
When asked to output code,
- Make sure to wrap your code in '```python' and '```' Markdown delimiters, 
- include exactly one block of code with the entire solution
- No outside libraries are allowed. 
- Builtins are allowed.
- If the task specifies a function name to be used, follow it strictly (be case sensitive!) and declare the that function last (helper functions are declared first).
- DO NOT write any assert statements / tests.

## Problem
[BEGIN PROBLEM]
Given an array of integers and an integer k, you need to find the total number of continuous subarrays whose sum equals to k.

Example 1:

Input:nums = [1,1,1], k = 2
Output: 2



Note:

The length of the array is in range [1, 20,000].
The range of numbers in the array is [-1000, 1000] and the range of the integer k is [-1e7, 1e7].

The output code needs to use the provided function signature

The final python function should begin with: 
```python

class Solution:
    def subarraySum(self, nums: List[int], k: int) -> int:
        
```

[END PROBLEM]

INFO - [Task id] 398 [prompt] 
## Instructions

Reason through the problem and:
1. Restate the problem in plain English
2. Conceptualize a solution first in plain English
3. Write a pseudocode solution
4. Output the final Python 3 solution with your solution steps in comments.

Make sure to wrap your code in '```python' and '```' Markdown delimiters, 
and include exactly one block of code with the entire solution.

No outside libraries are allowed.
Builtins are allowed.

INFO - [Task id] 398 [prompt] 1. **Restate the problem in plain English:**
   We need to find the total number of continuous subarrays from a given array of integers that sum up to a specific integer `k`. A subarray is defined as a contiguous segment of the array.

2. **Conceptualize a solution first in plain English:**
   To solve this problem, we can use a hashmap (dictionary) to keep track of the cumulative sums we encounter as we iterate through the array. For each element, we calculate the cumulative sum up to that point. If the difference between the current cumulative sum and `k` exists in our hashmap, it means there are subarrays that sum to `k`. We will also keep track of how many times each cumulative sum has occurred to count the number of valid subarrays.

3. **Write a pseudocode solution:**
   ```
   function subarraySum(nums, k):
       Initialize a hashmap to store cumulative sums and their counts
       Initialize cumulative_sum to 0
       Initialize count to 0
       Add an entry for cumulative_sum 0 in the hashmap with count 1

       for each number in nums:
           Update cumulative_sum by adding the current number
           Check if (cumulative_sum - k) exists in the hashmap
           If it exists, add the count of that cumulative_sum to the total count
           Update the hashmap with the current cumulative_sum
       
       return count
   ```

4. **Output the final Python 3 solution with your solution steps in comments:**
```python
class Solution:
    def subarraySum(self, nums: list[int], k: int) -> int:
        # Initialize a hashmap to store cumulative sums and their counts
        cumulative_sum_count = {}
        cumulative_sum = 0
        count = 0
        
        # Add an entry for cumulative_sum 0 in the hashmap with count 1
        cumulative_sum_count[0] = 1
        
        # Iterate through each number in the array
        for num in nums:
            # Update cumulative_sum by adding the current number
            cumulative_sum += num
            
            # Check if (cumulative_sum - k) exists in the hashmap
            if (cumulative_sum - k) in cumulative_sum_count:
                # If it exists, add the count of that cumulative_sum to the total count
                count += cumulative_sum_count[cumulative_sum - k]
            
            # Update the hashmap with the current cumulative_sum
            if cumulative_sum in cumulative_sum_count:
                cumulative_sum_count[cumulative_sum] += 1
            else:
                cumulative_sum_count[cumulative_sum] = 1
        
        # Return the total count of subarrays that sum to k
        return count
```
INFO - [Task id] 398 [prompt] 
[Environment Feedback]:
    Note: Inputs/outputs here are automatically extracted/truncated so formatting may be a bit off.
    Tests passed:

     Input: [[1, 1, 1], 2] Output: 2

    Tests failed:
    None
[/Environment Feedback]

INFO - [Task id] 398 [prompt] 
Below is the official solution (do exercise discretion as official solutions can also have mistakes).

You will be reflecting on your attempts to solve the problem.
This will be a **standalone** document for your own future reference. (can skip formalities, be concise)

## Instructions
- Only include the most relevant insights and code snippets that could be useful in the future.
- If you did not learn much from the current experience (e.g. the problem was too easy / official solution was obvious), feel free to write less or nothing at all.
- Here are some ideas if the experience was useful:
    - If the official solution is insightful (e.g. better than yours in time and space complexity or more effective in breaking down the problem statement), distil the key approach of the official solution, step by step.
    - If your approach failed the test cases, reason why the official solution works but yours does not

Your reflection should be at most a few paragraphs.

## Official solution
class Solution:
     def subarraySum(self, nums, k):
         """
         :type nums: List[int]
         :type k: int
         :rtype: int
         """
         
         dic = {}
         numSum = 0
         dic[0] = 1
         ans = 0
         for i in range(len(nums)):
             numSum += nums[i]
             if (numSum - k) in dic:
                 ans += dic[numSum - k]
             if numSum in dic:
                 dic[numSum] += 1
             else:
                 dic[numSum] = 1
         return ans

INFO - [Task id] 398 [generation text] The official solution effectively utilizes a hashmap to track cumulative sums, which is a key insight for solving the problem of finding continuous subarrays that sum to a given integer `k`. The approach is efficient, operating in O(n) time complexity, where n is the length of the input array. This is achieved by iterating through the array once while maintaining a running total of the cumulative sum.

Key steps in the official solution include:
1. Initializing a dictionary to store the counts of cumulative sums, starting with an entry for the cumulative sum of 0.
2. Iterating through the array and updating the cumulative sum with each element.
3. Checking if the difference between the current cumulative sum and `k` exists in the dictionary. If it does, it indicates that there are subarrays that sum to `k`, and the count of such occurrences is added to the answer.
4. Updating the dictionary with the current cumulative sum, either by incrementing its count or adding it if it doesn't exist.

My approach was similar in logic but could have been more concise. The official solution's clarity in handling the hashmap and cumulative sums is a good reference for future problems involving subarray sums. The use of a single loop and direct dictionary operations makes it both efficient and easy to understand. 

Overall, this experience reinforces the importance of using cumulative sums and hashmaps for problems involving subarrays, as they can significantly reduce the complexity compared to a naive nested loop approach.
INFO - Updated entry: The problem involved finding the total number of continuous subarrays within an array of integers that sum to a given integer `k`. The solution utilized a hashmap to track cumulative sums and their occurrences, allowing for efficient counting of valid subarrays.

Key concepts included:
- **Cumula...,

INFO - Metadata: {
    "task_id": 398
}

INFO - Updated entry: The official solution effectively utilizes a hashmap to track cumulative sums, which is a key insight for solving the problem of finding continuous subarrays that sum to a given integer `k`. The approach is efficient, operating in O(n) time complexity, where n is the length of the input array. Th...,

INFO - Metadata: {
    "task_id": 398
}

INFO - LM call n parse attempt 1 / 3

INFO - [Task id] 398 [prompt] 
You are a helpful assistant that writes a description of the given function written in the Python programming language.

1) Do not mention the function name.
2) Do not mention anything about helper functions.
3) There might be some helper functions before the main function, but you only need to describe the main function.
4) Try to summarize the function in no more than 6 sentences.
5) Your response should be a single line of text.

INFO - [Task id] 398 [prompt] 
class Solution:
    def subarraySum(self, nums: list[int], k: int) -> int:
        # Initialize a hashmap to store cumulative sums and their counts
        cumulative_sum_count = {}
        cumulative_sum = 0
        count = 0
        
        # Add an entry for cumulative_sum 0 in the hashmap with count 1
        cumulative_sum_count[0] = 1
        
        # Iterate through each number in the array
        for num in nums:
            # Update cumulative_sum by adding the current number
            cumulative_sum += num
            
            # Check if (cumulative_sum - k) exists in the hashmap
            if (cumulative_sum - k) in cumulative_sum_count:
                # If it exists, add the count of that cumulative_sum to the total count
                count += cumulative_sum_count[cumulative_sum - k]
            
            # Update the hashmap with the current cumulative_sum
            if cumulative_sum in cumulative_sum_count:
                cumulative_sum_count[cumulative_sum] += 1
            else:
                cumulative_sum_count[cumulative_sum] = 1
        
        # Return the total count of subarrays that sum to k
        return count

INFO - [Task id] 398 [generation text] This function calculates the number of contiguous subarrays within a given list of integers that sum up to a specified integer k. It utilizes a hashmap to keep track of cumulative sums and their occurrences as it iterates through the list. For each element, it updates the cumulative sum and checks if the difference between the cumulative sum and k exists in the hashmap. If it does, it adds the corresponding count to the total count of valid subarrays. The hashmap is then updated with the current cumulative sum, either incrementing its count or initializing it. Finally, the function returns the total count of subarrays that meet the sum condition.
INFO - LM call n parse attempt 1 / 3

INFO - [Task id] 398 [prompt] 
You are a helpful assistant that extracts important information from problems and solutions to aid in searchability and education.

## Instructions
- Read through the problem and solution carefully.
- Reason out, step by step, in what scenarios this knowledge would be useful.
- Focus on general patterns and situations to help connect this knowledge to new situations.
- Then, include a list of keywords that are useful for searching this problem/solution pair.

## Response format
Respond in JSON, and follow the keys and expected format of the values strictly.

The output should be formatted as a JSON instance that conforms to the JSON schema below.

As an example, for the schema {"properties": {"foo": {"title": "Foo", "description": "a list of strings", "type": "array", "items": {"type": "string"}}}, "required": ["foo"]}
the object {"foo": ["bar", "baz"]} is a well-formatted instance of the schema. The object {"properties": {"foo": ["bar", "baz"]}} is not well-formatted.

Here is the output schema:
```
{"properties": {"scenarios": {"description": "In what scenarios will this knowledge be useful? Answer in a paragraph.", "title": "Scenarios", "type": "string"}, "keywords": {"description": "List of keywords that are useful for searching this problem/solution pair", "items": {"type": "string"}, "title": "Keywords", "type": "array"}}, "required": ["scenarios", "keywords"]}
```

INFO - [Task id] 398 [prompt] 
[Problem]
    Given an array of integers and an integer k, you need to find the total number of continuous subarrays whose sum equals to k.

    Example 1:

    Input:nums = [1,1,1], k = 2
    Output: 2



    Note:

    The length of the array is in range [1, 20,000].
    The range of numbers in the array is [-1000, 1000] and the range of the integer k is [-1e7, 1e7].
[/Problem]

[Solution]

    class Solution:
        def subarraySum(self, nums: list[int], k: int) -> int:
            # Initialize a hashmap to store cumulative sums and their counts
            cumulative_sum_count = {}
            cumulative_sum = 0
            count = 0
        
            # Add an entry for cumulative_sum 0 in the hashmap with count 1
            cumulative_sum_count[0] = 1
        
            # Iterate through each number in the array
            for num in nums:
                # Update cumulative_sum by adding the current number
                cumulative_sum += num
            
                # Check if (cumulative_sum - k) exists in the hashmap
                if (cumulative_sum - k) in cumulative_sum_count:
                    # If it exists, add the count of that cumulative_sum to the total count
                    count += cumulative_sum_count[cumulative_sum - k]
            
                # Update the hashmap with the current cumulative_sum
                if cumulative_sum in cumulative_sum_count:
                    cumulative_sum_count[cumulative_sum] += 1
                else:
                    cumulative_sum_count[cumulative_sum] = 1
        
            # Return the total count of subarrays that sum to k
            return count

[/Solution]

INFO - [Task id] 398 [generation text] 
INFO - {
    "scenarios": "This knowledge is useful in scenarios where you need to analyze subarrays within a larger dataset, particularly in problems involving cumulative sums or prefix sums. It can be applied in various fields such as data analysis, algorithm design, and competitive programming. Understanding how to efficiently count subarrays with a specific sum can help optimize solutions in problems related to financial data, statistical analysis, or any situation where continuous segments of data need to be evaluated for specific criteria.",
    "keywords": [
        "subarray sum",
        "cumulative sum",
        "prefix sum",
        "count subarrays",
        "algorithm",
        "data analysis",
        "competitive programming",
        "hashmap",
        "integer array"
    ]
}
INFO - {
    "scenarios": "This knowledge is useful in scenarios where you need to analyze subarrays within a larger dataset, particularly in problems involving cumulative sums or prefix sums. It can be applied in various fields such as data analysis, algorithm design, and competitive programming. Understanding how to efficiently count subarrays with a specific sum can help optimize solutions in problems related to financial data, statistical analysis, or any situation where continuous segments of data need to be evaluated for specific criteria.",
    "keywords": [
        "subarray sum",
        "cumulative sum",
        "prefix sum",
        "count subarrays",
        "algorithm",
        "data analysis",
        "competitive programming",
        "hashmap",
        "integer array"
    ]
}
INFO - Updated entry: 
[description]
This function calculates the number of contiguous subarrays within a given list of integers that sum up to a specified integer k. It utilizes a hashmap to keep track of cumulative sums and their occurrences as it iterates through the list. For each element, it updates the cumulativ...,

INFO - Metadata: {
    "task": 398,
    "code": "\nclass Solution:\n    def subarraySum(self, nums: list[int], k: int) -> int:\n        # Initialize a hashmap to store cumulative sums and their counts\n        cumulative_sum_count = {}\n        cumulative_sum = 0\n        count = 0\n        \n        # Add an ent...

