INFO - DB skill doc count: 0

INFO - DB non_func doc count: 66

INFO - DB semantic doc count: 429

INFO - DB summaries doc count: 88

INFO - DB reflections doc count: 88

INFO - DB episodic doc count: 167

INFO - [train iter]: 88/100 

INFO - The task prompt is Given a string s, a k duplicate removal consists of choosing k adjacent and equal letters from s and removing them causing the left and the right side of the deleted substring to concatenate together.
We repeatedly make k duplicate removals on s until we no longer can.
Return the final string aft...

INFO - Attempting task_id 149
INFO - LM call n parse attempt 1 / 3

INFO - [Task id] 149 [prompt] 
You are an expert programmer tasked with solving the problem below.

Follow the user's instructions to solve the problem.
The user can ask for analysis, code, or both.

## Instructions
When asked to output code,
- Make sure to wrap your code in '```python' and '```' Markdown delimiters, 
- include exactly one block of code with the entire solution
- No outside libraries are allowed. 
- Builtins are allowed.
- If the task specifies a function name to be used, follow it strictly (be case sensitive!) and declare the that function last (helper functions are declared first).
- DO NOT write any assert statements / tests.

## Problem
[BEGIN PROBLEM]
Given a string s, a k duplicate removal consists of choosing k adjacent and equal letters from s and removing them causing the left and the right side of the deleted substring to concatenate together.
We repeatedly make k duplicate removals on s until we no longer can.
Return the final string after all such duplicate removals have been made.
It is guaranteed that the answer is unique.
 
Example 1:
Input: s = "abcd", k = 2
Output: "abcd"
Explanation: There's nothing to delete.
Example 2:
Input: s = "deeedbbcccbdaa", k = 3
Output: "aa"
Explanation: 
First delete "eee" and "ccc", get "ddbbbdaa"
Then delete "bbb", get "dddaa"
Finally delete "ddd", get "aa"
Example 3:
Input: s = "pbbcggttciiippooaais", k = 2
Output: "ps"

 
Constraints:

1 <= s.length <= 10^5
2 <= k <= 10^4
s only contains lower case English letters.

The output code needs to use the provided function signature

The final python function should begin with: 
```python

class Solution:
    def removeDuplicates(self, s: str, k: int) -> str:
        
```

[END PROBLEM]

INFO - [Task id] 149 [prompt] 
## Instructions

Reason through the problem and:
1. Restate the problem in plain English
2. Conceptualize a solution first in plain English
3. Write a pseudocode solution
4. Output the final Python 3 solution with your solution steps in comments.

Make sure to wrap your code in '```python' and '```' Markdown delimiters, 
and include exactly one block of code with the entire solution.

No outside libraries are allowed.
Builtins are allowed.

INFO - [Task id] 149 [generation text] 1. **Restate the problem in plain English:**
   The task is to take a string `s` and repeatedly remove groups of `k` adjacent identical characters until no more such groups can be found. The goal is to return the final version of the string after all possible removals.

2. **Conceptualize a solution first in plain English:**
   We can use a stack to keep track of characters and their counts. As we iterate through the string, we will push characters onto the stack. If we encounter the same character again, we will increment its count. If the count reaches `k`, we will pop that character from the stack, effectively removing it from our result. At the end of the iteration, we will reconstruct the string from the stack.

3. **Write a pseudocode solution:**
   ```
   Initialize an empty stack
   For each character in the string:
       If the stack is not empty and the top of the stack is the same character:
           Increment the count of that character
           If the count reaches k:
               Remove the character from the stack
       Else:
           Push the character onto the stack with a count of 1
   Construct the final string from the stack
   Return the final string
   ```

4. **Output the final Python 3 solution with your solution steps in comments:**
```python
class Solution:
    def removeDuplicates(self, s: str, k: int) -> str:
        # Initialize an empty stack to keep track of characters and their counts
        stack = []
        
        # Iterate through each character in the string
        for char in s:
            # If the stack is not empty and the top of the stack is the same character
            if stack and stack[-1][0] == char:
                # Increment the count of that character
                stack[-1][1] += 1
                # If the count reaches k, remove the character from the stack
                if stack[-1][1] == k:
                    stack.pop()
            else:
                # Push the character onto the stack with a count of 1
                stack.append([char, 1])
        
        # Construct the final string from the stack
        result = ''.join(char * count for char, count in stack)
        return result
```
INFO - [35m Rollout attempt 1/4[0m
INFO - [33m Retrieving 1 entries for db: episodic 
 [0m
INFO - Retrieved (score=0.3657):

[Task]:
    Given an encoded string, return it's decoded string.


    The encoding rule is: k[encoded_string], where the encoded_string inside the square brackets is being repeated exactly k times. Note that k is guaranteed to be a positive integer.


    You may assume that the input string is...


INFO - [33m Retrieving 1 entries for db: semantic 
 [0m
INFO - Retrieved (score=0.4605):
Title: Finding repetitions
Part: 2/2
Then the length $k_1$ will be defined as the largest number of characters before the position $cntr$ (inclusive) that coincide with the last characters of the string $u$.
And the length $k_2$ will be defined as the largest number of characters starting at $cnt...


INFO - [33m Retrieving 1 entries for db: reflections 
 [0m
INFO - Retrieved (score=0.3609):
The official solution effectively addresses the problem by using a while loop that checks for the presence of the substring "abc" in the input string. It utilizes the `count` method to determine if "abc" exists and continues to replace all occurrences of it until none remain. This approach is str...


INFO - [33m Retrieving 1 entries for db: summaries 
 [0m
INFO - Retrieved (score=0.3960):
The problem involved decoding a string formatted with patterns like `k[encoded_string]`, where `k` is a positive integer indicating how many times to repeat the `encoded_string`. The solution required using a stack to manage the characters and numbers as we processed the input string.

The core c...


INFO - [33m Retrieving 1 entries for db: non_func 
 [0m
INFO - Retrieved (score=0.4687):

[description]
This function calculates the number of contiguous subarrays within a given list of integers that sum up to a specified integer k. It maintains a cumulative sum while iterating through the list and uses a hashmap to track the frequency of these cumulative sums. For each element, it ...


INFO - Retrieved (score=0.3609): 
[Reflection]:
    The official solution effectively addresses the problem by using a while loop that checks for the presence of the substring "abc" in the input string. It utilizes the `count` method to determine if "abc" exists and continues to replace all occurrences of it until none remain. T...
INFO - LM call n parse attempt 1 / 3

INFO - [Task id] 149 [prompt] 
You are an expert programmer tasked with solving the problem below.

Follow the user's instructions to solve the problem.
The user can ask for analysis, code, or both.

## Instructions
When asked to output code,
- Make sure to wrap your code in '```python' and '```' Markdown delimiters, 
- include exactly one block of code with the entire solution
- No outside libraries are allowed. 
- Builtins are allowed.
- If the task specifies a function name to be used, follow it strictly (be case sensitive!) and declare the that function last (helper functions are declared first).
- DO NOT write any assert statements / tests.

## Problem
[BEGIN PROBLEM]
Given a string s, a k duplicate removal consists of choosing k adjacent and equal letters from s and removing them causing the left and the right side of the deleted substring to concatenate together.
We repeatedly make k duplicate removals on s until we no longer can.
Return the final string after all such duplicate removals have been made.
It is guaranteed that the answer is unique.
 
Example 1:
Input: s = "abcd", k = 2
Output: "abcd"
Explanation: There's nothing to delete.
Example 2:
Input: s = "deeedbbcccbdaa", k = 3
Output: "aa"
Explanation: 
First delete "eee" and "ccc", get "ddbbbdaa"
Then delete "bbb", get "dddaa"
Finally delete "ddd", get "aa"
Example 3:
Input: s = "pbbcggttciiippooaais", k = 2
Output: "ps"

 
Constraints:

1 <= s.length <= 10^5
2 <= k <= 10^4
s only contains lower case English letters.

The output code needs to use the provided function signature

The final python function should begin with: 
```python

class Solution:
    def removeDuplicates(self, s: str, k: int) -> str:
        
```

[END PROBLEM]

INFO - [Task id] 149 [prompt] 
## Instructions

Reason through the problem and:
1. Restate the problem in plain English
2. Conceptualize a solution first in plain English
3. Write a pseudocode solution
4. Output the final Python 3 solution with your solution steps in comments.

Make sure to wrap your code in '```python' and '```' Markdown delimiters, 
and include exactly one block of code with the entire solution.

No outside libraries are allowed.
Builtins are allowed.

INFO - [Task id] 149 [prompt] 
Also, here are some of your memories.
Feel free to use the given information to aid your problem solving process if necessary.
Do not confuse the memories with the problem statement.

## Memories

[Reflection]:
    The official solution effectively addresses the problem by using a while loop that checks for the presence of the substring "abc" in the input string. It utilizes the `count` method to determine if "abc" exists and continues to replace all occurrences of it until none remain. This approach is straightforward and ensures that all instances of "abc" are removed in a single pass through the string.

    One key insight from the official solution is the use of `s.count("abc")` to check for occurrences, which is a more direct way to determine if the loop should continue. In my initial solution, I used `in` to check for the substring, which is also valid but less explicit about counting occurrences. Additionally, the official solution removes all instances of "abc" in one go with `s.replace("abc", "")`, which is efficient for this problem.

    Overall, the official solution is concise and leverages built-in string methods effectively. It highlights the importance of understanding the capabilities of string methods in Python, which can simplify the implementation of such problems. In future implementations, I will consider using methods like `count` for clarity and efficiency when dealing with substring occurrences.
[/Reflection]


INFO - [Task id] 149 [generation text] 1. **Restate the problem in plain English**: 
   The task is to take a string and repeatedly remove groups of `k` adjacent identical characters until no such groups remain. The goal is to return the final version of the string after all possible removals.

2. **Conceptualize a solution first in plain English**: 
   We can use a stack-like approach to keep track of characters and their counts. As we iterate through the string, we will push characters onto the stack. If we encounter the same character again, we will increment its count. If the count reaches `k`, we will pop that character off the stack, effectively removing it from our result. This process continues until we have processed the entire string.

3. **Write a pseudocode solution**:
   ```
   Initialize an empty stack
   For each character in the string:
       If the stack is not empty and the top of the stack is the same character:
           Increment the count of that character
           If the count equals k:
               Pop the character from the stack
       Else:
           Push the character onto the stack with a count of 1
   Construct the final string from the characters in the stack
   Return the final string
   ```

4. **Output the final Python 3 solution with your solution steps in comments**:
```python
class Solution:
    def removeDuplicates(self, s: str, k: int) -> str:
        # Initialize an empty stack to keep track of characters and their counts
        stack = []
        
        # Iterate through each character in the string
        for char in s:
            # If the stack is not empty and the top character is the same as the current character
            if stack and stack[-1][0] == char:
                # Increment the count of that character
                stack[-1][1] += 1
                # If the count reaches k, pop the character from the stack
                if stack[-1][1] == k:
                    stack.pop()
            else:
                # Otherwise, push the character onto the stack with a count of 1
                stack.append([char, 1])
        
        # Construct the final string from the characters in the stack
        result = ''.join(char * count for char, count in stack)
        return result
```
INFO - program_code:
 
class Solution:
    def removeDuplicates(self, s: str, k: int) -> str:
        # Initialize an empty stack to keep track of characters and their counts
        stack = []
        
        # Iterate through each character in the string
        for char in s:
            # If the stack is not empty and the top character is the same as the current character
            if stack and stack[-1][0] == char:
                # Increment the count of that character
                stack[-1][1] += 1
                # If the count reaches k, pop the character from the stack
                if stack[-1][1] == k:
                    stack.pop()
            else:
                # Otherwise, push the character onto the stack with a count of 1
                stack.append([char, 1])
        
        # Construct the final string from the characters in the stack
        result = ''.join(char * count for char, count in stack)
        return result


INFO - program_name:
 

INFO - dependencies:
 []

INFO - raw_msg:
 1. **Restate the problem in plain English**: 
   The task is to take a string and repeatedly remove groups of `k` adjacent identical characters until no such groups remain. The goal is to return the final version of the string after all possible removals.

2. **Conceptualize a solution first in plain English**: 
   We can use a stack-like approach to keep track of characters and their counts. As we iterate through the string, we will push characters onto the stack. If we encounter the same character again, we will increment its count. If the count reaches `k`, we will pop that character off the stack, effectively removing it from our result. This process continues until we have processed the entire string.

3. **Write a pseudocode solution**:
   ```
   Initialize an empty stack
   For each character in the string:
       If the stack is not empty and the top of the stack is the same character:
           Increment the count of that character
           If the count equals k:
               Pop the character from the stack
       Else:
           Push the character onto the stack with a count of 1
   Construct the final string from the characters in the stack
   Return the final string
   ```

4. **Output the final Python 3 solution with your solution steps in comments**:
```python
class Solution:
    def removeDuplicates(self, s: str, k: int) -> str:
        # Initialize an empty stack to keep track of characters and their counts
        stack = []
        
        # Iterate through each character in the string
        for char in s:
            # If the stack is not empty and the top character is the same as the current character
            if stack and stack[-1][0] == char:
                # Increment the count of that character
                stack[-1][1] += 1
                # If the count reaches k, pop the character from the stack
                if stack[-1][1] == k:
                    stack.pop()
            else:
                # Otherwise, push the character onto the stack with a count of 1
                stack.append([char, 1])
        
        # Construct the final string from the characters in the stack
        result = ''.join(char * count for char, count in stack)
        return result
```

INFO - no_parent:
 False

INFO - full code to be executed: 
 
class Solution:
    def removeDuplicates(self, s: str, k: int) -> str:
        # Initialize an empty stack to keep track of characters and their counts
        stack = []
        
        # Iterate through each character in the string
        for char in s:
            # If the stack is not empty and the top character is the same as the current character
            if stack and stack[-1][0] == char:
                # Increment the count of that character
                stack[-1][1] += 1
                # If the count reaches k, pop the character from the stack
                if stack[-1][1] == k:
                    stack.pop()
            else:
                # Otherwise, push the character onto the stack with a count of 1
                stack.append([char, 1])
        
        # Construct the final string from the characters in the stack
        result = ''.join(char * count for char, count in stack)
        return result


INFO - obs: Note: Inputs/outputs here are automatically extracted/truncated so formatting may be a bit off.
Tests passed:

 Input: ['"abcd"', 2] Output: "abcd"

Tests failed:
None
reward: True
done: None
info: {'individual_results': [True]}
INFO - Updated entry: 
[Task]:
    Given a string s, a k duplicate removal consists of choosing k adjacent and equal letters from s and removing them causing the left and the right side of the deleted substring to concatenate together.
    We repeatedly make k duplicate removals on s until we no longer can.
    Return...,

INFO - Metadata: {
    "raw_msg": "1. **Restate the problem in plain English**: \n   The task is to take a string and repeatedly remove groups of `k` adjacent identical characters until no such groups remain. The goal is to return the final version of the string after all possible removals.\n\n2. **Conceptualize ...

INFO - LM call n parse attempt 1 / 3

INFO - [Task id] 149 [prompt] 
You are an expert programmer tasked with solving the problem below.

Follow the user's instructions to solve the problem.
The user can ask for analysis, code, or both.

## Instructions
When asked to output code,
- Make sure to wrap your code in '```python' and '```' Markdown delimiters, 
- include exactly one block of code with the entire solution
- No outside libraries are allowed. 
- Builtins are allowed.
- If the task specifies a function name to be used, follow it strictly (be case sensitive!) and declare the that function last (helper functions are declared first).
- DO NOT write any assert statements / tests.

## Problem
[BEGIN PROBLEM]
Given a string s, a k duplicate removal consists of choosing k adjacent and equal letters from s and removing them causing the left and the right side of the deleted substring to concatenate together.
We repeatedly make k duplicate removals on s until we no longer can.
Return the final string after all such duplicate removals have been made.
It is guaranteed that the answer is unique.
 
Example 1:
Input: s = "abcd", k = 2
Output: "abcd"
Explanation: There's nothing to delete.
Example 2:
Input: s = "deeedbbcccbdaa", k = 3
Output: "aa"
Explanation: 
First delete "eee" and "ccc", get "ddbbbdaa"
Then delete "bbb", get "dddaa"
Finally delete "ddd", get "aa"
Example 3:
Input: s = "pbbcggttciiippooaais", k = 2
Output: "ps"

 
Constraints:

1 <= s.length <= 10^5
2 <= k <= 10^4
s only contains lower case English letters.

The output code needs to use the provided function signature

The final python function should begin with: 
```python

class Solution:
    def removeDuplicates(self, s: str, k: int) -> str:
        
```

[END PROBLEM]

INFO - [Task id] 149 [prompt] 
## Instructions

Reason through the problem and:
1. Restate the problem in plain English
2. Conceptualize a solution first in plain English
3. Write a pseudocode solution
4. Output the final Python 3 solution with your solution steps in comments.

Make sure to wrap your code in '```python' and '```' Markdown delimiters, 
and include exactly one block of code with the entire solution.

No outside libraries are allowed.
Builtins are allowed.

INFO - [Task id] 149 [prompt] 1. **Restate the problem in plain English**: 
   The task is to take a string and repeatedly remove groups of `k` adjacent identical characters until no such groups remain. The goal is to return the final version of the string after all possible removals.

2. **Conceptualize a solution first in plain English**: 
   We can use a stack-like approach to keep track of characters and their counts. As we iterate through the string, we will push characters onto the stack. If we encounter the same character again, we will increment its count. If the count reaches `k`, we will pop that character off the stack, effectively removing it from our result. This process continues until we have processed the entire string.

3. **Write a pseudocode solution**:
   ```
   Initialize an empty stack
   For each character in the string:
       If the stack is not empty and the top of the stack is the same character:
           Increment the count of that character
           If the count equals k:
               Pop the character from the stack
       Else:
           Push the character onto the stack with a count of 1
   Construct the final string from the characters in the stack
   Return the final string
   ```

4. **Output the final Python 3 solution with your solution steps in comments**:
```python
class Solution:
    def removeDuplicates(self, s: str, k: int) -> str:
        # Initialize an empty stack to keep track of characters and their counts
        stack = []
        
        # Iterate through each character in the string
        for char in s:
            # If the stack is not empty and the top character is the same as the current character
            if stack and stack[-1][0] == char:
                # Increment the count of that character
                stack[-1][1] += 1
                # If the count reaches k, pop the character from the stack
                if stack[-1][1] == k:
                    stack.pop()
            else:
                # Otherwise, push the character onto the stack with a count of 1
                stack.append([char, 1])
        
        # Construct the final string from the characters in the stack
        result = ''.join(char * count for char, count in stack)
        return result
```
INFO - [Task id] 149 [prompt] 
[Environment Feedback]:
    Note: Inputs/outputs here are automatically extracted/truncated so formatting may be a bit off.
    Tests passed:

     Input: ['"abcd"', 2] Output: "abcd"

    Tests failed:
    None
[/Environment Feedback]

INFO - [Task id] 149 [prompt] 
## Instructions
Now, summarize your attempts as a **standalone** document for your own future reference. (can skip formalities, be concise)

- Only include the most relevant information and code snippets that could be useful in the future.
- If you did not learn much from the current experience (e.g. the problem was too easy), feel free to write less or nothing at all.
- Here are some ideas if the experience was useful:
    - Identifying the core concepts and patterns that problem appears to test for
    - Describing the strategies that seemed to work but did not, and vice versa
    - Describing unexpected errors and how they were fixed

Your summary should be at most a few paragraphs.

INFO - [Task id] 149 [generation text] The problem involved removing adjacent duplicate characters from a string based on a specified count `k`. The solution utilized a stack-like approach to efficiently track characters and their counts. The core concept was to iterate through the string, maintaining a stack where each entry consists of a character and its count. When a character's count reached `k`, it was removed from the stack.

The strategy worked effectively, as it allowed for linear traversal of the string while managing duplicates dynamically. The final string was constructed by concatenating the characters in the stack, multiplied by their respective counts. This approach ensured that all possible removals were handled in a single pass.

The implemented code was as follows:

```python
class Solution:
    def removeDuplicates(self, s: str, k: int) -> str:
        stack = []
        for char in s:
            if stack and stack[-1][0] == char:
                stack[-1][1] += 1
                if stack[-1][1] == k:
                    stack.pop()
            else:
                stack.append([char, 1])
        result = ''.join(char * count for char, count in stack)
        return result
```

Overall, the experience reinforced the effectiveness of using a stack for problems involving dynamic grouping and removal of elements based on conditions.
INFO - LM call n parse attempt 1 / 3

INFO - [Task id] 149 [prompt] 
You are an expert programmer tasked with solving the problem below.

Follow the user's instructions to solve the problem.
The user can ask for analysis, code, or both.

## Instructions
When asked to output code,
- Make sure to wrap your code in '```python' and '```' Markdown delimiters, 
- include exactly one block of code with the entire solution
- No outside libraries are allowed. 
- Builtins are allowed.
- If the task specifies a function name to be used, follow it strictly (be case sensitive!) and declare the that function last (helper functions are declared first).
- DO NOT write any assert statements / tests.

## Problem
[BEGIN PROBLEM]
Given a string s, a k duplicate removal consists of choosing k adjacent and equal letters from s and removing them causing the left and the right side of the deleted substring to concatenate together.
We repeatedly make k duplicate removals on s until we no longer can.
Return the final string after all such duplicate removals have been made.
It is guaranteed that the answer is unique.
 
Example 1:
Input: s = "abcd", k = 2
Output: "abcd"
Explanation: There's nothing to delete.
Example 2:
Input: s = "deeedbbcccbdaa", k = 3
Output: "aa"
Explanation: 
First delete "eee" and "ccc", get "ddbbbdaa"
Then delete "bbb", get "dddaa"
Finally delete "ddd", get "aa"
Example 3:
Input: s = "pbbcggttciiippooaais", k = 2
Output: "ps"

 
Constraints:

1 <= s.length <= 10^5
2 <= k <= 10^4
s only contains lower case English letters.

The output code needs to use the provided function signature

The final python function should begin with: 
```python

class Solution:
    def removeDuplicates(self, s: str, k: int) -> str:
        
```

[END PROBLEM]

INFO - [Task id] 149 [prompt] 
## Instructions

Reason through the problem and:
1. Restate the problem in plain English
2. Conceptualize a solution first in plain English
3. Write a pseudocode solution
4. Output the final Python 3 solution with your solution steps in comments.

Make sure to wrap your code in '```python' and '```' Markdown delimiters, 
and include exactly one block of code with the entire solution.

No outside libraries are allowed.
Builtins are allowed.

INFO - [Task id] 149 [prompt] 1. **Restate the problem in plain English**: 
   The task is to take a string and repeatedly remove groups of `k` adjacent identical characters until no such groups remain. The goal is to return the final version of the string after all possible removals.

2. **Conceptualize a solution first in plain English**: 
   We can use a stack-like approach to keep track of characters and their counts. As we iterate through the string, we will push characters onto the stack. If we encounter the same character again, we will increment its count. If the count reaches `k`, we will pop that character off the stack, effectively removing it from our result. This process continues until we have processed the entire string.

3. **Write a pseudocode solution**:
   ```
   Initialize an empty stack
   For each character in the string:
       If the stack is not empty and the top of the stack is the same character:
           Increment the count of that character
           If the count equals k:
               Pop the character from the stack
       Else:
           Push the character onto the stack with a count of 1
   Construct the final string from the characters in the stack
   Return the final string
   ```

4. **Output the final Python 3 solution with your solution steps in comments**:
```python
class Solution:
    def removeDuplicates(self, s: str, k: int) -> str:
        # Initialize an empty stack to keep track of characters and their counts
        stack = []
        
        # Iterate through each character in the string
        for char in s:
            # If the stack is not empty and the top character is the same as the current character
            if stack and stack[-1][0] == char:
                # Increment the count of that character
                stack[-1][1] += 1
                # If the count reaches k, pop the character from the stack
                if stack[-1][1] == k:
                    stack.pop()
            else:
                # Otherwise, push the character onto the stack with a count of 1
                stack.append([char, 1])
        
        # Construct the final string from the characters in the stack
        result = ''.join(char * count for char, count in stack)
        return result
```
INFO - [Task id] 149 [prompt] 
[Environment Feedback]:
    Note: Inputs/outputs here are automatically extracted/truncated so formatting may be a bit off.
    Tests passed:

     Input: ['"abcd"', 2] Output: "abcd"

    Tests failed:
    None
[/Environment Feedback]

INFO - [Task id] 149 [prompt] 
Below is the official solution (do exercise discretion as official solutions can also have mistakes).

You will be reflecting on your attempts to solve the problem.
This will be a **standalone** document for your own future reference. (can skip formalities, be concise)

## Instructions
- Only include the most relevant insights and code snippets that could be useful in the future.
- If you did not learn much from the current experience (e.g. the problem was too easy / official solution was obvious), feel free to write less or nothing at all.
- Here are some ideas if the experience was useful:
    - If the official solution is insightful (e.g. better than yours in time and space complexity or more effective in breaking down the problem statement), distil the key approach of the official solution, step by step.
    - If your approach failed the test cases, reason why the official solution works but yours does not

Your reflection should be at most a few paragraphs.

## Official solution
class Solution:
    def removeDuplicates(self, s: str, k: int) -> str:
        st=[['*',0]]
        for c in s:
            if c!=st[-1][0]:
                st.append([c,1])
            else:
                st[-1][1]+=1
                if st[-1][1]==k:
                    st.pop()
        res=''
        for c,v in st:
            res+=c*v
        return res

INFO - [Task id] 149 [generation text] The official solution effectively uses a stack to manage character counts, similar to my approach. However, it simplifies the stack initialization by starting with a placeholder character and count, which helps avoid edge cases when checking the top of the stack. This design choice ensures that the first character can always be compared without additional checks for an empty stack.

Key insights from the official solution:
1. **Stack Initialization**: The stack is initialized with a placeholder (`['*', 0]`), which allows for seamless handling of the first character without needing to check if the stack is empty.
2. **Character Comparison**: The solution checks if the current character is different from the last character in the stack. If it is, it appends the new character with a count of 1. If it matches, it increments the count.
3. **Removal Logic**: When the count reaches `k`, the character is removed from the stack, effectively handling the duplicate removal in a single pass.
4. **Final String Construction**: The result is constructed by iterating through the stack and multiplying each character by its count, which is efficient and straightforward.

Overall, the official solution is concise and maintains clarity while ensuring that the logic for removing duplicates is handled efficiently. My approach was similar but could have benefited from the initial placeholder strategy to streamline the process.
INFO - Updated entry: The problem involved removing adjacent duplicate characters from a string based on a specified count `k`. The solution utilized a stack-like approach to efficiently track characters and their counts. The core concept was to iterate through the string, maintaining a stack where each entry consists...,

INFO - Metadata: {
    "task_id": 149
}

INFO - Updated entry: The official solution effectively uses a stack to manage character counts, similar to my approach. However, it simplifies the stack initialization by starting with a placeholder character and count, which helps avoid edge cases when checking the top of the stack. This design choice ensures that t...,

INFO - Metadata: {
    "task_id": 149
}

INFO - LM call n parse attempt 1 / 3

INFO - [Task id] 149 [prompt] 
You are a helpful assistant that writes a description of the given function written in the Python programming language.

1) Do not mention the function name.
2) Do not mention anything about helper functions.
3) There might be some helper functions before the main function, but you only need to describe the main function.
4) Try to summarize the function in no more than 6 sentences.
5) Your response should be a single line of text.

INFO - [Task id] 149 [prompt] 
class Solution:
    def removeDuplicates(self, s: str, k: int) -> str:
        # Initialize an empty stack to keep track of characters and their counts
        stack = []
        
        # Iterate through each character in the string
        for char in s:
            # If the stack is not empty and the top character is the same as the current character
            if stack and stack[-1][0] == char:
                # Increment the count of that character
                stack[-1][1] += 1
                # If the count reaches k, pop the character from the stack
                if stack[-1][1] == k:
                    stack.pop()
            else:
                # Otherwise, push the character onto the stack with a count of 1
                stack.append([char, 1])
        
        # Construct the final string from the characters in the stack
        result = ''.join(char * count for char, count in stack)
        return result

INFO - [Task id] 149 [generation text] The function processes a string to remove consecutive duplicate characters that appear k times, using a stack to track characters and their counts. As it iterates through the string, it increments the count of a character if it matches the top of the stack, and removes it from the stack if the count reaches k. If the character is different, it is added to the stack with an initial count of 1. After processing all characters, the function constructs the final string by repeating each character according to its count in the stack. The result is a modified string with the specified duplicates removed. Ultimately, it returns the cleaned-up string.
INFO - LM call n parse attempt 1 / 3

INFO - [Task id] 149 [prompt] 
You are a helpful assistant that extracts important information from problems and solutions to aid in searchability and education.

## Instructions
- Read through the problem and solution carefully.
- Reason out, step by step, in what scenarios this knowledge would be useful.
- Focus on general patterns and situations to help connect this knowledge to new situations.
- Then, include a list of keywords that are useful for searching this problem/solution pair.

## Response format
Respond in JSON, and follow the keys and expected format of the values strictly.

The output should be formatted as a JSON instance that conforms to the JSON schema below.

As an example, for the schema {"properties": {"foo": {"title": "Foo", "description": "a list of strings", "type": "array", "items": {"type": "string"}}}, "required": ["foo"]}
the object {"foo": ["bar", "baz"]} is a well-formatted instance of the schema. The object {"properties": {"foo": ["bar", "baz"]}} is not well-formatted.

Here is the output schema:
```
{"properties": {"scenarios": {"description": "In what scenarios will this knowledge be useful? Answer in a paragraph.", "title": "Scenarios", "type": "string"}, "keywords": {"description": "List of keywords that are useful for searching this problem/solution pair", "items": {"type": "string"}, "title": "Keywords", "type": "array"}}, "required": ["scenarios", "keywords"]}
```

INFO - [Task id] 149 [prompt] 
[Problem]
    Given a string s, a k duplicate removal consists of choosing k adjacent and equal letters from s and removing them causing the left and the right side of the deleted substring to concatenate together.
    We repeatedly make k duplicate removals on s until we no longer can.
    Return the final string after all such duplicate removals have been made.
    It is guaranteed that the answer is unique.
 
    Example 1:
    Input: s = "abcd", k = 2
    Output: "abcd"
    Explanation: There's nothing to delete.
    Example 2:
    Input: s = "deeedbbcccbdaa", k = 3
    Output: "aa"
    Explanation: 
    First delete "eee" and "ccc", get "ddbbbdaa"
    Then delete "bbb", get "dddaa"
    Finally delete "ddd", get "aa"
    Example 3:
    Input: s = "pbbcggttciiippooaais", k = 2
    Output: "ps"

 
    Constraints:

    1 <= s.length <= 10^5
    2 <= k <= 10^4
    s only contains lower case English letters.
[/Problem]

[Solution]

    class Solution:
        def removeDuplicates(self, s: str, k: int) -> str:
            # Initialize an empty stack to keep track of characters and their counts
            stack = []
        
            # Iterate through each character in the string
            for char in s:
                # If the stack is not empty and the top character is the same as the current character
                if stack and stack[-1][0] == char:
                    # Increment the count of that character
                    stack[-1][1] += 1
                    # If the count reaches k, pop the character from the stack
                    if stack[-1][1] == k:
                        stack.pop()
                else:
                    # Otherwise, push the character onto the stack with a count of 1
                    stack.append([char, 1])
        
            # Construct the final string from the characters in the stack
            result = ''.join(char * count for char, count in stack)
            return result

[/Solution]

INFO - [Task id] 149 [generation text] 
INFO - {
    "scenarios": "This knowledge is useful in scenarios where you need to process strings with repetitive patterns, such as in text compression, data cleaning, or when implementing features in applications that require string manipulation. It can also be applied in competitive programming and algorithm design, where efficient handling of string operations is crucial. Understanding how to manage duplicates and optimize string processing can help in various software development tasks, especially those involving user input or data parsing.",
    "keywords": [
        "string manipulation",
        "duplicate removal",
        "algorithm",
        "data structure",
        "stack",
        "string processing",
        "competitive programming",
        "text compression"
    ]
}
INFO - {
    "scenarios": "This knowledge is useful in scenarios where you need to process strings with repetitive patterns, such as in text compression, data cleaning, or when implementing features in applications that require string manipulation. It can also be applied in competitive programming and algorithm design, where efficient handling of string operations is crucial. Understanding how to manage duplicates and optimize string processing can help in various software development tasks, especially those involving user input or data parsing.",
    "keywords": [
        "string manipulation",
        "duplicate removal",
        "algorithm",
        "data structure",
        "stack",
        "string processing",
        "competitive programming",
        "text compression"
    ]
}
INFO - Updated entry: 
[description]
The function processes a string to remove consecutive duplicate characters that appear k times, using a stack to track characters and their counts. As it iterates through the string, it increments the count of a character if it matches the top of the stack, and removes it from the ...,

INFO - Metadata: {
    "task": 149,
    "code": "\nclass Solution:\n    def removeDuplicates(self, s: str, k: int) -> str:\n        # Initialize an empty stack to keep track of characters and their counts\n        stack = []\n        \n        # Iterate through each character in the string\n        for char in s:...

