INFO - DB skill doc count: 0

INFO - DB non_func doc count: 26

INFO - DB semantic doc count: 429

INFO - DB summaries doc count: 32

INFO - DB reflections doc count: 32

INFO - DB episodic doc count: 57

INFO - [train iter]: 32/100 

INFO - The task prompt is Find sum of all the numbers that are multiples of 10 and are less than or equal to a given number "N". (quotes for clarity and be careful of integer overflow)

-----Input-----
Input will start with an integer T the count of test cases, each case will have an integer N.

-----Output-----
Output ea...

INFO - Attempting task_id 837
INFO - LM call n parse attempt 1 / 3

INFO - [Task id] 837 [prompt] 
You are an expert programmer tasked with solving the problem below.

Follow the user's instructions to solve the problem.
The user can ask for analysis, code, or both.

## Instructions
When asked to output code,
- Make sure to wrap your code in '```python' and '```' Markdown delimiters, 
- include exactly one block of code with the entire solution
- No outside libraries are allowed. 
- Builtins are allowed.
- If the task specifies a function name to be used, follow it strictly (be case sensitive!) and declare the that function last (helper functions are declared first).
- DO NOT write any assert statements / tests.

## Problem
[BEGIN PROBLEM]
Find sum of all the numbers that are multiples of 10 and are less than or equal to a given number "N". (quotes for clarity and be careful of integer overflow)

-----Input-----
Input will start with an integer T the count of test cases, each case will have an integer N.

-----Output-----
Output each values, on a newline.

-----Constraints-----
- 1 ≤ T ≤ 10
- 1 ≤ N ≤1000000000

-----Example-----
Input:
1
10

Output:
10

-----Explanation-----
Example case 1. Only integer that is multiple 10 that is less than or equal to 10 is 10

The output code needs to read from and write to standard IO


[END PROBLEM]

INFO - [Task id] 837 [prompt] 
## Instructions

Reason through the problem and:
1. Restate the problem in plain English
2. Conceptualize a solution first in plain English
3. Write a pseudocode solution
4. Output the final Python 3 solution with your solution steps in comments.

Make sure to wrap your code in '```python' and '```' Markdown delimiters, 
and include exactly one block of code with the entire solution.

No outside libraries are allowed.
Builtins are allowed.

INFO - [Task id] 837 [generation text] 1. **Restate the problem in plain English:**
   We need to calculate the sum of all numbers that are multiples of 10 and are less than or equal to a given number "N". We will do this for multiple test cases.

2. **Conceptualize a solution first in plain English:**
   - For each test case, we will find the largest multiple of 10 that is less than or equal to N. This can be done by taking the integer division of N by 10 and then multiplying by 10.
   - Once we have the largest multiple of 10, we can calculate the sum of all multiples of 10 up to that number. The multiples of 10 form an arithmetic series where the first term is 10, the last term is the largest multiple of 10, and the common difference is also 10.
   - The sum of an arithmetic series can be calculated using the formula: 
     \[
     \text{Sum} = \frac{n}{2} \times (\text{first term} + \text{last term})
     \]
     where \( n \) is the number of terms. The number of terms can be found by dividing the largest multiple of 10 by 10.

3. **Write a pseudocode solution:**
   ```
   function sum_of_multiples_of_10(T, test_cases):
       for each test_case in test_cases:
           N = test_case
           largest_multiple_of_10 = (N // 10) * 10
           number_of_terms = largest_multiple_of_10 // 10
           sum = (number_of_terms / 2) * (10 + largest_multiple_of_10)
           print(sum)
   ```

4. **Output the final Python 3 solution with your solution steps in comments:**
```python
def sum_of_multiples_of_10(T, test_cases):
    # Iterate through each test case
    for N in test_cases:
        # Find the largest multiple of 10 less than or equal to N
        largest_multiple_of_10 = (N // 10) * 10
        # Calculate the number of terms in the series of multiples of 10
        number_of_terms = largest_multiple_of_10 // 10
        # Calculate the sum using the arithmetic series formula
        sum_of_multiples = (number_of_terms * (10 + largest_multiple_of_10)) // 2
        # Print the result for the current test case
        print(sum_of_multiples)

# Read input from standard input
T = int(input())
test_cases = [int(input()) for _ in range(T)]
# Call the function with the number of test cases and the list of test cases
sum_of_multiples_of_10(T, test_cases)
```
INFO - [35m Rollout attempt 1/4[0m
INFO - [33m Retrieving 1 entries for db: episodic 
 [0m
INFO - Retrieved (score=0.3116):

[Task]:
    The chef is trying to solve some series problems, Chef wants your help to code it. Chef has one number N. Help the chef to find N'th number in the series.
    0, 1, 5, 14, 30, 55 …..

    -----Input:-----
    - First-line will contain $T$, the number of test cases. Then the test case...


INFO - [33m Retrieving 1 entries for db: semantic 
 [0m
INFO - Retrieved (score=0.4604):
Title: Continued fractions
Part: 12/12
```
    === "Python"
        ```py
        def solve(p, q, N):
            return p * N * (N + 1) // 2 - q * sum_floor(fraction(p, q), N)
        ``` 

!!! example "[Library Checker - Sum of Floor of Linear](https://judge.yosupo.jp/problem/sum_of_floor_of_li...


INFO - [33m Retrieving 1 entries for db: reflections 
 [0m
INFO - Retrieved (score=0.4018):
The official solution provided is a straightforward implementation of the problem, but it lacks the efficiency that can be achieved with a prefix sum approach. The key insights from the official solution are as follows:

1. **Input Handling**: The solution reads the number of test cases and then ...


INFO - [33m Retrieving 1 entries for db: summaries 
 [0m
INFO - Retrieved (score=0.2806):
In this task, the goal was to find the N'th number in a specific series defined as 0, 1, 5, 14, 30, 55, etc. Initially, I misidentified the formula for generating the series, which led to incorrect outputs. The series is generated by the sum of the first (N-1) perfect squares, which can be calcul...


INFO - [33m Retrieving 1 entries for db: non_func 
 [0m
INFO - Retrieved (score=0.4380):

[description for function: solve]
This function processes multiple test cases where it reads a list of bills and answers several queries about the sum of specific ranges within that list. It first constructs a prefix sum array to efficiently calculate the sum of elements between any two indices....


INFO - Retrieved (score=0.2806): 
[Summary]:
    In this task, the goal was to find the N'th number in a specific series defined as 0, 1, 5, 14, 30, 55, etc. Initially, I misidentified the formula for generating the series, which led to incorrect outputs. The series is generated by the sum of the first (N-1) perfect squares, whi...
INFO - LM call n parse attempt 1 / 3

INFO - [Task id] 837 [prompt] 
You are an expert programmer tasked with solving the problem below.

Follow the user's instructions to solve the problem.
The user can ask for analysis, code, or both.

## Instructions
When asked to output code,
- Make sure to wrap your code in '```python' and '```' Markdown delimiters, 
- include exactly one block of code with the entire solution
- No outside libraries are allowed. 
- Builtins are allowed.
- If the task specifies a function name to be used, follow it strictly (be case sensitive!) and declare the that function last (helper functions are declared first).
- DO NOT write any assert statements / tests.

## Problem
[BEGIN PROBLEM]
Find sum of all the numbers that are multiples of 10 and are less than or equal to a given number "N". (quotes for clarity and be careful of integer overflow)

-----Input-----
Input will start with an integer T the count of test cases, each case will have an integer N.

-----Output-----
Output each values, on a newline.

-----Constraints-----
- 1 ≤ T ≤ 10
- 1 ≤ N ≤1000000000

-----Example-----
Input:
1
10

Output:
10

-----Explanation-----
Example case 1. Only integer that is multiple 10 that is less than or equal to 10 is 10

The output code needs to read from and write to standard IO


[END PROBLEM]

INFO - [Task id] 837 [prompt] 
## Instructions

Reason through the problem and:
1. Restate the problem in plain English
2. Conceptualize a solution first in plain English
3. Write a pseudocode solution
4. Output the final Python 3 solution with your solution steps in comments.

Make sure to wrap your code in '```python' and '```' Markdown delimiters, 
and include exactly one block of code with the entire solution.

No outside libraries are allowed.
Builtins are allowed.

INFO - [Task id] 837 [prompt] 
Also, here are some of your memories.
Feel free to use the given information to aid your problem solving process if necessary.
Do not confuse the memories with the problem statement.

## Memories

[Summary]:
    In this task, the goal was to find the N'th number in a specific series defined as 0, 1, 5, 14, 30, 55, etc. Initially, I misidentified the formula for generating the series, which led to incorrect outputs. The series is generated by the sum of the first (N-1) perfect squares, which can be calculated using the formula:

    \[ T(N) = \frac{(N-1) \cdot N \cdot (2(N-1) + 1)}{6} \]

    This formula derives from the known formula for the sum of the first k squares.

    The initial approach incorrectly used a different formula, resulting in outputs that did not match the expected results. After analyzing the series and identifying the correct pattern, I revised the code to implement the correct formula, which successfully passed all test cases.

    The final working code is as follows:

    ```python
    def find_nth_number(N):
        if N == 1:
            return 0
        else:
            return ((N - 1) * N * (2 * (N - 1) + 1)) // 6

    T = int(input())
    for _ in range(T):
        N = int(input())
        result = find_nth_number(N)
        print(result)
    ```

    This experience reinforced the importance of carefully analyzing patterns in sequences and ensuring the correct mathematical formulas are applied.
[/Summary]


INFO - [Task id] 837 [generation text] 1. **Restate the problem in plain English**: 
   The task is to calculate the sum of all numbers that are multiples of 10 and are less than or equal to a given number "N". We will be given multiple test cases, and for each test case, we need to output the calculated sum.

2. **Conceptualize a solution first in plain English**: 
   To find the sum of multiples of 10 up to a number N, we can identify the largest multiple of 10 that is less than or equal to N. This can be done by taking the integer division of N by 10 and then multiplying the result by 10. The multiples of 10 up to this number form an arithmetic series where the first term is 10 and the last term is the largest multiple of 10. The sum of an arithmetic series can be calculated using the formula: 
   \[
   \text{Sum} = \frac{\text{number of terms}}{2} \times (\text{first term} + \text{last term})
   \]
   The number of terms can be found by dividing the largest multiple of 10 by 10.

3. **Write a pseudocode solution**:
   ```
   function sum_of_multiples_of_10(N):
       largest_multiple = (N // 10) * 10
       number_of_terms = largest_multiple // 10
       sum = (number_of_terms / 2) * (10 + largest_multiple)
       return sum

   read integer T
   for each test case from 1 to T:
       read integer N
       result = sum_of_multiples_of_10(N)
       print result
   ```

4. **Output the final Python 3 solution with your solution steps in comments**:
```python
def sum_of_multiples_of_10(N):
    # Find the largest multiple of 10 less than or equal to N
    largest_multiple = (N // 10) * 10
    # Calculate the number of terms in the series of multiples of 10
    number_of_terms = largest_multiple // 10
    # Calculate the sum of the arithmetic series
    sum = (number_of_terms * (10 + largest_multiple)) // 2
    return sum

# Read the number of test cases
T = int(input())
for _ in range(T):
    # Read each value of N
    N = int(input())
    # Calculate the result for the current test case
    result = sum_of_multiples_of_10(N)
    # Print the result
    print(result)
```
INFO - program_code:
 
def sum_of_multiples_of_10(N):
    # Find the largest multiple of 10 less than or equal to N
    largest_multiple = (N // 10) * 10
    # Calculate the number of terms in the series of multiples of 10
    number_of_terms = largest_multiple // 10
    # Calculate the sum of the arithmetic series
    sum = (number_of_terms * (10 + largest_multiple)) // 2
    return sum

# Read the number of test cases
T = int(input())
for _ in range(T):
    # Read each value of N
    N = int(input())
    # Calculate the result for the current test case
    result = sum_of_multiples_of_10(N)
    # Print the result
    print(result)


INFO - program_name:
 sum_of_multiples_of_10

INFO - dependencies:
 []

INFO - raw_msg:
 1. **Restate the problem in plain English**: 
   The task is to calculate the sum of all numbers that are multiples of 10 and are less than or equal to a given number "N". We will be given multiple test cases, and for each test case, we need to output the calculated sum.

2. **Conceptualize a solution first in plain English**: 
   To find the sum of multiples of 10 up to a number N, we can identify the largest multiple of 10 that is less than or equal to N. This can be done by taking the integer division of N by 10 and then multiplying the result by 10. The multiples of 10 up to this number form an arithmetic series where the first term is 10 and the last term is the largest multiple of 10. The sum of an arithmetic series can be calculated using the formula: 
   \[
   \text{Sum} = \frac{\text{number of terms}}{2} \times (\text{first term} + \text{last term})
   \]
   The number of terms can be found by dividing the largest multiple of 10 by 10.

3. **Write a pseudocode solution**:
   ```
   function sum_of_multiples_of_10(N):
       largest_multiple = (N // 10) * 10
       number_of_terms = largest_multiple // 10
       sum = (number_of_terms / 2) * (10 + largest_multiple)
       return sum

   read integer T
   for each test case from 1 to T:
       read integer N
       result = sum_of_multiples_of_10(N)
       print result
   ```

4. **Output the final Python 3 solution with your solution steps in comments**:
```python
def sum_of_multiples_of_10(N):
    # Find the largest multiple of 10 less than or equal to N
    largest_multiple = (N // 10) * 10
    # Calculate the number of terms in the series of multiples of 10
    number_of_terms = largest_multiple // 10
    # Calculate the sum of the arithmetic series
    sum = (number_of_terms * (10 + largest_multiple)) // 2
    return sum

# Read the number of test cases
T = int(input())
for _ in range(T):
    # Read each value of N
    N = int(input())
    # Calculate the result for the current test case
    result = sum_of_multiples_of_10(N)
    # Print the result
    print(result)
```

INFO - no_parent:
 False

INFO - full code to be executed: 
 
def sum_of_multiples_of_10(N):
    # Find the largest multiple of 10 less than or equal to N
    largest_multiple = (N // 10) * 10
    # Calculate the number of terms in the series of multiples of 10
    number_of_terms = largest_multiple // 10
    # Calculate the sum of the arithmetic series
    sum = (number_of_terms * (10 + largest_multiple)) // 2
    return sum

# Read the number of test cases
T = int(input())
for _ in range(T):
    # Read each value of N
    N = int(input())
    # Calculate the result for the current test case
    result = sum_of_multiples_of_10(N)
    # Print the result
    print(result)


INFO - obs: Note: Inputs/outputs here are automatically extracted/truncated so formatting may be a bit off.
Tests passed:

 Input: ['1', '10'] Output: 10

Tests failed:
None
reward: True
done: None
info: {'individual_results': [True]}
INFO - Updated entry: 
[Task]:
    Find sum of all the numbers that are multiples of 10 and are less than or equal to a given number "N". (quotes for clarity and be careful of integer overflow)

    -----Input-----
    Input will start with an integer T the count of test cases, each case will have an integer N.

    -...,

INFO - Metadata: {
    "raw_msg": "1. **Restate the problem in plain English**: \n   The task is to calculate the sum of all numbers that are multiples of 10 and are less than or equal to a given number \"N\". We will be given multiple test cases, and for each test case, we need to output the calculated sum.\n\n2...

INFO - LM call n parse attempt 1 / 3

INFO - [Task id] 837 [prompt] 
You are an expert programmer tasked with solving the problem below.

Follow the user's instructions to solve the problem.
The user can ask for analysis, code, or both.

## Instructions
When asked to output code,
- Make sure to wrap your code in '```python' and '```' Markdown delimiters, 
- include exactly one block of code with the entire solution
- No outside libraries are allowed. 
- Builtins are allowed.
- If the task specifies a function name to be used, follow it strictly (be case sensitive!) and declare the that function last (helper functions are declared first).
- DO NOT write any assert statements / tests.

## Problem
[BEGIN PROBLEM]
Find sum of all the numbers that are multiples of 10 and are less than or equal to a given number "N". (quotes for clarity and be careful of integer overflow)

-----Input-----
Input will start with an integer T the count of test cases, each case will have an integer N.

-----Output-----
Output each values, on a newline.

-----Constraints-----
- 1 ≤ T ≤ 10
- 1 ≤ N ≤1000000000

-----Example-----
Input:
1
10

Output:
10

-----Explanation-----
Example case 1. Only integer that is multiple 10 that is less than or equal to 10 is 10

The output code needs to read from and write to standard IO


[END PROBLEM]

INFO - [Task id] 837 [prompt] 
## Instructions

Reason through the problem and:
1. Restate the problem in plain English
2. Conceptualize a solution first in plain English
3. Write a pseudocode solution
4. Output the final Python 3 solution with your solution steps in comments.

Make sure to wrap your code in '```python' and '```' Markdown delimiters, 
and include exactly one block of code with the entire solution.

No outside libraries are allowed.
Builtins are allowed.

INFO - [Task id] 837 [prompt] 1. **Restate the problem in plain English**: 
   The task is to calculate the sum of all numbers that are multiples of 10 and are less than or equal to a given number "N". We will be given multiple test cases, and for each test case, we need to output the calculated sum.

2. **Conceptualize a solution first in plain English**: 
   To find the sum of multiples of 10 up to a number N, we can identify the largest multiple of 10 that is less than or equal to N. This can be done by taking the integer division of N by 10 and then multiplying the result by 10. The multiples of 10 up to this number form an arithmetic series where the first term is 10 and the last term is the largest multiple of 10. The sum of an arithmetic series can be calculated using the formula: 
   \[
   \text{Sum} = \frac{\text{number of terms}}{2} \times (\text{first term} + \text{last term})
   \]
   The number of terms can be found by dividing the largest multiple of 10 by 10.

3. **Write a pseudocode solution**:
   ```
   function sum_of_multiples_of_10(N):
       largest_multiple = (N // 10) * 10
       number_of_terms = largest_multiple // 10
       sum = (number_of_terms / 2) * (10 + largest_multiple)
       return sum

   read integer T
   for each test case from 1 to T:
       read integer N
       result = sum_of_multiples_of_10(N)
       print result
   ```

4. **Output the final Python 3 solution with your solution steps in comments**:
```python
def sum_of_multiples_of_10(N):
    # Find the largest multiple of 10 less than or equal to N
    largest_multiple = (N // 10) * 10
    # Calculate the number of terms in the series of multiples of 10
    number_of_terms = largest_multiple // 10
    # Calculate the sum of the arithmetic series
    sum = (number_of_terms * (10 + largest_multiple)) // 2
    return sum

# Read the number of test cases
T = int(input())
for _ in range(T):
    # Read each value of N
    N = int(input())
    # Calculate the result for the current test case
    result = sum_of_multiples_of_10(N)
    # Print the result
    print(result)
```
INFO - [Task id] 837 [prompt] 
[Environment Feedback]:
    Note: Inputs/outputs here are automatically extracted/truncated so formatting may be a bit off.
    Tests passed:

     Input: ['1', '10'] Output: 10

    Tests failed:
    None
[/Environment Feedback]

INFO - [Task id] 837 [prompt] 
## Instructions
Now, summarize your attempts as a **standalone** document for your own future reference. (can skip formalities, be concise)

- Only include the most relevant information and code snippets that could be useful in the future.
- If you did not learn much from the current experience (e.g. the problem was too easy), feel free to write less or nothing at all.
- Here are some ideas if the experience was useful:
    - Identifying the core concepts and patterns that problem appears to test for
    - Describing the strategies that seemed to work but did not, and vice versa
    - Describing unexpected errors and how they were fixed

Your summary should be at most a few paragraphs.

INFO - [Task id] 837 [generation text] The problem involved calculating the sum of all multiples of 10 that are less than or equal to a given number N for multiple test cases. The key concept was recognizing that the multiples of 10 form an arithmetic series, which can be efficiently summed using the formula for the sum of an arithmetic series.

The solution involved determining the largest multiple of 10 less than or equal to N, calculating the number of terms in the series, and then applying the sum formula. The implementation was straightforward and successfully handled the constraints provided.

The final code snippet is as follows:

```python
def sum_of_multiples_of_10(N):
    largest_multiple = (N // 10) * 10
    number_of_terms = largest_multiple // 10
    sum = (number_of_terms * (10 + largest_multiple)) // 2
    return sum

T = int(input())
for _ in range(T):
    N = int(input())
    result = sum_of_multiples_of_10(N)
    print(result)
```

This experience reinforced the importance of recognizing patterns in mathematical problems and leveraging formulas for efficiency, especially when dealing with potentially large inputs. No unexpected errors occurred during the implementation, and the solution passed all test cases successfully.
INFO - LM call n parse attempt 1 / 3

INFO - [Task id] 837 [prompt] 
You are an expert programmer tasked with solving the problem below.

Follow the user's instructions to solve the problem.
The user can ask for analysis, code, or both.

## Instructions
When asked to output code,
- Make sure to wrap your code in '```python' and '```' Markdown delimiters, 
- include exactly one block of code with the entire solution
- No outside libraries are allowed. 
- Builtins are allowed.
- If the task specifies a function name to be used, follow it strictly (be case sensitive!) and declare the that function last (helper functions are declared first).
- DO NOT write any assert statements / tests.

## Problem
[BEGIN PROBLEM]
Find sum of all the numbers that are multiples of 10 and are less than or equal to a given number "N". (quotes for clarity and be careful of integer overflow)

-----Input-----
Input will start with an integer T the count of test cases, each case will have an integer N.

-----Output-----
Output each values, on a newline.

-----Constraints-----
- 1 ≤ T ≤ 10
- 1 ≤ N ≤1000000000

-----Example-----
Input:
1
10

Output:
10

-----Explanation-----
Example case 1. Only integer that is multiple 10 that is less than or equal to 10 is 10

The output code needs to read from and write to standard IO


[END PROBLEM]

INFO - [Task id] 837 [prompt] 
## Instructions

Reason through the problem and:
1. Restate the problem in plain English
2. Conceptualize a solution first in plain English
3. Write a pseudocode solution
4. Output the final Python 3 solution with your solution steps in comments.

Make sure to wrap your code in '```python' and '```' Markdown delimiters, 
and include exactly one block of code with the entire solution.

No outside libraries are allowed.
Builtins are allowed.

INFO - [Task id] 837 [prompt] 1. **Restate the problem in plain English**: 
   The task is to calculate the sum of all numbers that are multiples of 10 and are less than or equal to a given number "N". We will be given multiple test cases, and for each test case, we need to output the calculated sum.

2. **Conceptualize a solution first in plain English**: 
   To find the sum of multiples of 10 up to a number N, we can identify the largest multiple of 10 that is less than or equal to N. This can be done by taking the integer division of N by 10 and then multiplying the result by 10. The multiples of 10 up to this number form an arithmetic series where the first term is 10 and the last term is the largest multiple of 10. The sum of an arithmetic series can be calculated using the formula: 
   \[
   \text{Sum} = \frac{\text{number of terms}}{2} \times (\text{first term} + \text{last term})
   \]
   The number of terms can be found by dividing the largest multiple of 10 by 10.

3. **Write a pseudocode solution**:
   ```
   function sum_of_multiples_of_10(N):
       largest_multiple = (N // 10) * 10
       number_of_terms = largest_multiple // 10
       sum = (number_of_terms / 2) * (10 + largest_multiple)
       return sum

   read integer T
   for each test case from 1 to T:
       read integer N
       result = sum_of_multiples_of_10(N)
       print result
   ```

4. **Output the final Python 3 solution with your solution steps in comments**:
```python
def sum_of_multiples_of_10(N):
    # Find the largest multiple of 10 less than or equal to N
    largest_multiple = (N // 10) * 10
    # Calculate the number of terms in the series of multiples of 10
    number_of_terms = largest_multiple // 10
    # Calculate the sum of the arithmetic series
    sum = (number_of_terms * (10 + largest_multiple)) // 2
    return sum

# Read the number of test cases
T = int(input())
for _ in range(T):
    # Read each value of N
    N = int(input())
    # Calculate the result for the current test case
    result = sum_of_multiples_of_10(N)
    # Print the result
    print(result)
```
INFO - [Task id] 837 [prompt] 
[Environment Feedback]:
    Note: Inputs/outputs here are automatically extracted/truncated so formatting may be a bit off.
    Tests passed:

     Input: ['1', '10'] Output: 10

    Tests failed:
    None
[/Environment Feedback]

INFO - [Task id] 837 [prompt] 
Below is the official solution (do exercise discretion as official solutions can also have mistakes).

You will be reflecting on your attempts to solve the problem.
This will be a **standalone** document for your own future reference. (can skip formalities, be concise)

## Instructions
- Only include the most relevant insights and code snippets that could be useful in the future.
- If you did not learn much from the current experience (e.g. the problem was too easy / official solution was obvious), feel free to write less or nothing at all.
- Here are some ideas if the experience was useful:
    - If the official solution is insightful (e.g. better than yours in time and space complexity or more effective in breaking down the problem statement), distil the key approach of the official solution, step by step.
    - If your approach failed the test cases, reason why the official solution works but yours does not

Your reflection should be at most a few paragraphs.

## Official solution
for t in range(eval(input())):
 n=eval(input())
 n-=n%10
 n/=10
 print(n*(n+1)/2*10)

INFO - [Task id] 837 [generation text] The official solution provided is concise and efficient, leveraging a mathematical approach to calculate the sum of multiples of 10. Here are the key insights from the official solution:

1. **Direct Calculation**: The official solution directly calculates the largest multiple of 10 less than or equal to N by subtracting the remainder when N is divided by 10 (`n -= n % 10`). This avoids the need for loops or complex iterations.

2. **Arithmetic Series Formula**: It uses the formula for the sum of the first `k` integers, where `k` is the number of multiples of 10 up to the largest multiple. The number of terms is derived by dividing the largest multiple by 10 (`n /= 10`), and the sum is calculated using the formula for the sum of the first `k` integers multiplied by 10.

3. **Efficiency**: The solution operates in constant time O(1) for each test case, as it only involves a few arithmetic operations regardless of the size of N. This is particularly important given the constraints where N can be as large as 1 billion.

4. **Output**: The final result is printed directly, which is efficient for handling multiple test cases.

In contrast, my initial approach was more verbose and involved multiple steps, including calculating the number of terms and the sum separately. While it was correct, it could be optimized by directly applying the arithmetic series formula as shown in the official solution. 

Overall, the official solution's use of direct arithmetic manipulation and the sum formula makes it a more elegant and efficient approach to solving the problem.
INFO - Updated entry: The problem involved calculating the sum of all multiples of 10 that are less than or equal to a given number N for multiple test cases. The key concept was recognizing that the multiples of 10 form an arithmetic series, which can be efficiently summed using the formula for the sum of an arithmet...,

INFO - Metadata: {
    "task_id": 837
}

INFO - Updated entry: The official solution provided is concise and efficient, leveraging a mathematical approach to calculate the sum of multiples of 10. Here are the key insights from the official solution:

1. **Direct Calculation**: The official solution directly calculates the largest multiple of 10 less than or ...,

INFO - Metadata: {
    "task_id": 837
}

INFO - LM call n parse attempt 1 / 3

INFO - [Task id] 837 [prompt] 
You are a helpful assistant that writes a description of the given function written in the Python programming language.

1) Do not mention the function name.
2) Do not mention anything about helper functions.
3) There might be some helper functions before the main function, but you only need to describe the main function.
4) Try to summarize the function in no more than 6 sentences.
5) Your response should be a single line of text.

INFO - [Task id] 837 [prompt] 
def sum_of_multiples_of_10(N):
    # Find the largest multiple of 10 less than or equal to N
    largest_multiple = (N // 10) * 10
    # Calculate the number of terms in the series of multiples of 10
    number_of_terms = largest_multiple // 10
    # Calculate the sum of the arithmetic series
    sum = (number_of_terms * (10 + largest_multiple)) // 2
    return sum

# Read the number of test cases
T = int(input())
for _ in range(T):
    # Read each value of N
    N = int(input())
    # Calculate the result for the current test case
    result = sum_of_multiples_of_10(N)
    # Print the result
    print(result)


The main function is `sum_of_multiples_of_10`.
INFO - [Task id] 837 [generation text] This function calculates the sum of all multiples of 10 that are less than or equal to a given integer N. It first determines the largest multiple of 10 within the range, then computes the number of terms in the series of multiples of 10. Using the formula for the sum of an arithmetic series, it calculates the total sum of these multiples. Finally, the computed sum is returned as the output. The function efficiently handles the calculation using basic arithmetic operations. It is designed to work with multiple test cases as indicated in the surrounding code.
INFO - LM call n parse attempt 1 / 3

INFO - [Task id] 837 [prompt] 
You are a helpful assistant that extracts important information from problems and solutions to aid in searchability and education.

## Instructions
- Read through the problem and solution carefully.
- Reason out, step by step, in what scenarios this knowledge would be useful.
- Focus on general patterns and situations to help connect this knowledge to new situations.
- Then, include a list of keywords that are useful for searching this problem/solution pair.

## Response format
Respond in JSON, and follow the keys and expected format of the values strictly.

The output should be formatted as a JSON instance that conforms to the JSON schema below.

As an example, for the schema {"properties": {"foo": {"title": "Foo", "description": "a list of strings", "type": "array", "items": {"type": "string"}}}, "required": ["foo"]}
the object {"foo": ["bar", "baz"]} is a well-formatted instance of the schema. The object {"properties": {"foo": ["bar", "baz"]}} is not well-formatted.

Here is the output schema:
```
{"properties": {"scenarios": {"description": "In what scenarios will this knowledge be useful? Answer in a paragraph.", "title": "Scenarios", "type": "string"}, "keywords": {"description": "List of keywords that are useful for searching this problem/solution pair", "items": {"type": "string"}, "title": "Keywords", "type": "array"}}, "required": ["scenarios", "keywords"]}
```

INFO - [Task id] 837 [prompt] 
[Problem]
    Find sum of all the numbers that are multiples of 10 and are less than or equal to a given number "N". (quotes for clarity and be careful of integer overflow)

    -----Input-----
    Input will start with an integer T the count of test cases, each case will have an integer N.

    -----Output-----
    Output each values, on a newline.

    -----Constraints-----
    - 1 ≤ T ≤ 10
    - 1 ≤ N ≤1000000000

    -----Example-----
    Input:
    1
    10

    Output:
    10

    -----Explanation-----
    Example case 1. Only integer that is multiple 10 that is less than or equal to 10 is 10
[/Problem]

[Solution]

    def sum_of_multiples_of_10(N):
        # Find the largest multiple of 10 less than or equal to N
        largest_multiple = (N // 10) * 10
        # Calculate the number of terms in the series of multiples of 10
        number_of_terms = largest_multiple // 10
        # Calculate the sum of the arithmetic series
        sum = (number_of_terms * (10 + largest_multiple)) // 2
        return sum

    # Read the number of test cases
    T = int(input())
    for _ in range(T):
        # Read each value of N
        N = int(input())
        # Calculate the result for the current test case
        result = sum_of_multiples_of_10(N)
        # Print the result
        print(result)

[/Solution]

INFO - [Task id] 837 [generation text] 
INFO - {
    "scenarios": "This knowledge is useful in scenarios where one needs to calculate the sum of multiples of a specific number (in this case, 10) efficiently, especially when dealing with large upper limits (up to 1 billion). It can be applied in programming contests, algorithm design, or any situation where performance and handling of large integers are critical. Understanding how to derive the sum of an arithmetic series can also be beneficial in mathematical problem-solving and optimization tasks.",
    "keywords": [
        "sum of multiples",
        "multiples of 10",
        "arithmetic series",
        "integer overflow",
        "efficient calculation",
        "programming contests",
        "algorithm design",
        "Python"
    ]
}
INFO - {
    "scenarios": "This knowledge is useful in scenarios where one needs to calculate the sum of multiples of a specific number (in this case, 10) efficiently, especially when dealing with large upper limits (up to 1 billion). It can be applied in programming contests, algorithm design, or any situation where performance and handling of large integers are critical. Understanding how to derive the sum of an arithmetic series can also be beneficial in mathematical problem-solving and optimization tasks.",
    "keywords": [
        "sum of multiples",
        "multiples of 10",
        "arithmetic series",
        "integer overflow",
        "efficient calculation",
        "programming contests",
        "algorithm design",
        "Python"
    ]
}
INFO - Updated entry: 
[description for function: sum_of_multiples_of_10]
This function calculates the sum of all multiples of 10 that are less than or equal to a given integer N. It first determines the largest multiple of 10 within the range, then computes the number of terms in the series of multiples of 10. Using ...,

INFO - Metadata: {
    "task": 837,
    "code": "\ndef sum_of_multiples_of_10(N):\n    # Find the largest multiple of 10 less than or equal to N\n    largest_multiple = (N // 10) * 10\n    # Calculate the number of terms in the series of multiples of 10\n    number_of_terms = largest_multiple // 10\n    # Calcula...

