INFO - DB skill doc count: 0

INFO - DB non_func doc count: 24

INFO - DB semantic doc count: 429

INFO - DB summaries doc count: 31

INFO - DB reflections doc count: 31

INFO - DB episodic doc count: 61

INFO - [train iter]: 31/100 

INFO - The task prompt is Given a set of  N  natural numbers 1,2,3........N and Q query.For each query you have to calculate the total number of subset in which  Ith.
number of set come at Kth postion.Elements of every subset should be in sorted order.
The answer could  be very large so you have to print answer modulo 1e9...

INFO - Attempting task_id 1203
INFO - LM call n parse attempt 1 / 3

INFO - [Task id] 1203 [prompt] 
You are an expert programmer tasked with solving the problem below.

Follow the user's instructions to solve the problem.
The user can ask for analysis, code, or both.

## Instructions
When asked to output code,
- Make sure to wrap your code in '```python' and '```' Markdown delimiters, 
- include exactly one block of code with the entire solution
- No outside libraries are allowed. 
- Builtins are allowed.
- If the task specifies a function name to be used, follow it strictly (be case sensitive!) and declare the that function last (helper functions are declared first).
- DO NOT write any assert statements / tests.

## Problem
[BEGIN PROBLEM]
Given a set of  N  natural numbers 1,2,3........N and Q query.For each query you have to calculate the total number of subset in which  Ith.
number of set come at Kth postion.Elements of every subset should be in sorted order.
The answer could  be very large so you have to print answer modulo 1e9+7.


-----Input:-----
- The first line of input cotains a single integer T denoting the number of test cases.
- For every test case it contains two number N and Q.
- Next Q line contains two number I and K.

-----Output:-----
For each test case print required answer.

-----Constraints and Subtasks:-----
- 1<=T<=5
- 1<=N, K<=4000
- 1<=Q<=1000000
Subtask 3: 5 points
- 1<=T<=5
- 1<=N, K<=16
- 1<=Q<=1000
Subtask 1: 25 points
- T=1
- 1<=N, K<=4000
- 1<=Q<=100000
Subtask 2: 70 points
- Original Constraints.

-----Example:-----
Input:

1

3 3

1 2

2 1

3 2

Output:

0

2

2

-----Explanation:-----
For N=3

total subsets are:

{1}

{2}

{3}

{1,2}

{1,3}

{2,3}

{1,2,3}

Now we can see that for I=1 and K=2 there is no subset in which 1 come at 2nd position so the answer is Zero for that query.

For 2nd query I=2 and K=1 there are two subset i.e {2,3} and {2} in which 2 come at 1st position.

Same for 3rd querry there is two subset i.e{1,3} and {2,3}.

The output code needs to read from and write to standard IO


[END PROBLEM]

INFO - [Task id] 1203 [prompt] 
## Instructions

Reason through the problem and:
1. Restate the problem in plain English
2. Conceptualize a solution first in plain English
3. Write a pseudocode solution
4. Output the final Python 3 solution with your solution steps in comments.

Make sure to wrap your code in '```python' and '```' Markdown delimiters, 
and include exactly one block of code with the entire solution.

No outside libraries are allowed.
Builtins are allowed.

INFO - [Task id] 1203 [generation text] 1. **Restate the problem in plain English:**
   We need to find the number of subsets of the first N natural numbers (1 to N) where a specific number I appears at a specific position K in the sorted order of that subset. We will handle multiple test cases and queries efficiently, as the constraints are quite large.

2. **Conceptualize a solution first in plain English:**
   - For each test case, we will read the values of N and Q.
   - For each query, we need to determine how many subsets exist where the number I is at position K.
   - To do this, we can break down the problem:
     - If I is at position K, then there must be K-1 numbers less than I in the subset.
     - The remaining numbers in the subset can be any of the numbers greater than I.
   - We can use combinatorial mathematics to calculate the number of ways to choose the required numbers:
     - The number of ways to choose K-1 numbers from the first I-1 numbers (those less than I).
     - The number of ways to choose any number of elements from the remaining numbers (those greater than I).
   - We will precompute factorials and their modular inverses to efficiently calculate combinations.

3. **Write a pseudocode solution:**
   ```
   function precompute_factorials_and_inverses(max_n):
       create an array factorial of size max_n + 1
       create an array inverse_factorial of size max_n + 1
       factorial[0] = 1
       for i from 1 to max_n:
           factorial[i] = (factorial[i - 1] * i) % MOD
       inverse_factorial[max_n] = modular_inverse(factorial[max_n])
       for i from max_n - 1 down to 0:
           inverse_factorial[i] = (inverse_factorial[i + 1] * (i + 1)) % MOD

   function combination(n, k):
       if k > n or k < 0:
           return 0
       return (factorial[n] * inverse_factorial[k] % MOD) * inverse_factorial[n - k] % MOD

   function solve():
       read T
       precompute_factorials_and_inverses(4000)
       for each test case:
           read N, Q
           for each query:
               read I, K
               if K > I or K < 1:
                   print 0
                   continue
               count_less = combination(I - 1, K - 1)
               count_greater = 2^(N - I)  # 2 raised to the power of (N - I)
               result = (count_less * count_greater) % MOD
               print result
   ```

4. **Output the final Python 3 solution with your solution steps in comments:**
```python
MOD = int(1e9 + 7)

def precompute_factorials_and_inverses(max_n):
    factorial = [1] * (max_n + 1)
    inverse_factorial = [1] * (max_n + 1)
    
    # Compute all factorials % MOD
    for i in range(1, max_n + 1):
        factorial[i] = factorial[i - 1] * i % MOD
    
    # Compute inverses using Fermat's Little Theorem
    inverse_factorial[max_n] = pow(factorial[max_n], MOD - 2, MOD)
    for i in range(max_n - 1, -1, -1):
        inverse_factorial[i] = inverse_factorial[i + 1] * (i + 1) % MOD
    
    return factorial, inverse_factorial

def combination(n, k, factorial, inverse_factorial):
    if k > n or k < 0:
        return 0
    return factorial[n] * inverse_factorial[k] % MOD * inverse_factorial[n - k] % MOD

def solve():
    import sys
    input = sys.stdin.read
    data = input().split()
    
    index = 0
    T = int(data[index])
    index += 1
    
    max_n = 4000
    factorial, inverse_factorial = precompute_factorials_and_inverses(max_n)
    
    results = []
    
    for _ in range(T):
        N = int(data[index])
        Q = int(data[index + 1])
        index += 2
        
        for __ in range(Q):
            I = int(data[index])
            K = int(data[index + 1])
            index += 2
            
            if K > I or K < 1:
                results.append(0)
                continue
            
            count_less = combination(I - 1, K - 1, factorial, inverse_factorial)
            count_greater = pow(2, N - I, MOD)  # 2^(N - I) % MOD
            result = count_less * count_greater % MOD
            
            results.append(result)
    
    # Print all results at once
    sys.stdout.write('\n'.join(map(str, results)) + '\n')
```
INFO - [35m Rollout attempt 1/4[0m
INFO - [33m Retrieving 3 entries for db: episodic 
 [0m
INFO - Retrieved (score=0.3138):

[Task]:
    It is an interesting exercise to write a program to print out all permutations of $1, 2, …, n$. However, since there are $6227020800$ permutations of $1, 2, …, 13$, it is unlikely that we would ever run this program on an input of size more than $10$.
    However, here is another int...


INFO - Retrieved (score=0.3435):

[Task]:
    For a permutation P = (p1, p2, ..., pN) of numbers [1, 2, ..., N], we define the function f(P) = max(p1, p2) + max(p2, p3) + ... + max(pN-1, pN).
    You are given N and an integer K. Find and report a permutation P of [1, 2, ..., N] such that f(P) = K, if such a permutation exists.
...


INFO - Retrieved (score=0.3457):

[Task]:
    The chef is trying to solve some series problems, Chef wants your help to code it. Chef has one number N. Help the chef to find N'th number in the series.
    0, 1, 5, 14, 30, 55 …..

    -----Input:-----
    - First-line will contain $T$, the number of test cases. Then the test case...


INFO - [33m Retrieving 3 entries for db: semantic 
 [0m
INFO - Retrieved (score=0.3455):
Title: Josephus Problem
Part: 1/1
# Josephus Problem

## Statement

We are given the natural numbers $n$ and $k$.
All natural numbers from $1$ to $n$ are written in a circle. 
First, count the $k$-th number starting from the first one and delete it.
Then $k$ numbers are counted starting from the ...


INFO - Retrieved (score=0.3524):
Title: The Inclusion-Exclusion Principle
Part: 3/5
```

Asymptotics of the solution is $O (\sqrt{n})$.

### The number of integers in a given interval which are multiple of at least one of the given numbers

Given $n$ numbers $a_i$ and number $r$. You want to count the number of integers in the i...


INFO - Retrieved (score=0.3693):
Title: Generating all $K$-combinations
Part: 1/1
# Generating all $K$-combinations

In this article we will discuss the problem of generating all $K$-combinations.
Given the natural numbers $N$ and $K$, and considering a set of numbers from $1$ to $N$.
The task is to derive all **subsets of size ...


INFO - [33m Retrieving 3 entries for db: reflections 
 [0m
INFO - Retrieved (score=0.3218):
The official solution employs a precomputation strategy to efficiently handle the factorial calculations modulo \(10^6 + 3\). Here are the key insights from the official solution:

1. **Precomputation of Factorials**: The solution initializes a list `a` to store the factorial values modulo \(10^6...


INFO - Retrieved (score=0.3600):
### Reflection on the Problem-Solving Experience

In my attempts to solve the problem of finding a permutation \( P \) such that \( f(P) = K \), I learned several key insights about the problem's structure and the requirements for generating valid permutations.

1. **Understanding the Function \(...


INFO - Retrieved (score=0.3881):
In my attempts to solve the problem, I misunderstood the expected output format. The task required generating a pattern of alternating 1s and 0s based on the integer \( K \) for each test case. My initial approach involved generating a sequence of numbers that increased and then decreased, which ...


INFO - [33m Retrieving 3 entries for db: summaries 
 [0m
INFO - Retrieved (score=0.2853):
In solving the problem of finding a permutation \( P \) such that \( f(P) = K \), I learned several key concepts and strategies. The function \( f(P) \) is defined as the sum of the maximums of adjacent pairs in the permutation. The maximum possible value of \( f(P) \) for a descending permutatio...


INFO - Retrieved (score=0.3147):
In this task, the goal was to find the N'th number in a specific series: 0, 1, 5, 14, 30, 55, ... for multiple test cases. Initially, I attempted to derive a formula for the series but mistakenly used an incorrect formula that did not correspond to the series, leading to incorrect outputs.

Upon ...


INFO - Retrieved (score=0.3242):
In this task, I was required to calculate the number of particles in a box at a given time `N`, starting with `X` particles at time `t=0`. The challenge was to compute the result efficiently, especially since `N` could be as large as \(10^{18}\). The key insight was recognizing that the factorial...


INFO - [33m Retrieving 3 entries for db: non_func 
 [0m
INFO - Retrieved (score=0.3783):

[description for function: main]
The function reads an integer input representing the number of test cases and then iterates through each test case to read an integer value. For each value, it calculates the N'th number in a specific series using a predefined formula. The result of the calculati...


INFO - Retrieved (score=0.3845):

[description for function: find_permutation]
The function processes multiple test cases to find a permutation of numbers from 1 to N that achieves a specific value K based on a defined function f(P). It first calculates the maximum possible value of f(P) for a descending permutation and checks i...


INFO - Retrieved (score=0.3933):

[description for function: main]
This function processes multiple test cases by reading the number of cases and iterating through each one. For each test case, it reads two integers, N and X, which represent the time and initial number of particles, respectively. It then calculates the number of...


INFO - Retrieved (score=0.2853): 
[Summary]:
    In solving the problem of finding a permutation \( P \) such that \( f(P) = K \), I learned several key concepts and strategies. The function \( f(P) \) is defined as the sum of the maximums of adjacent pairs in the permutation. The maximum possible value of \( f(P) \) for a desce...
INFO - Retrieved (score=0.3138): 
[Past Memory]:

    [Task]:
        It is an interesting exercise to write a program to print out all permutations of $1, 2, …, n$. However, since there are $6227020800$ permutations of $1, 2, …, 13$, it is unlikely that we would ever run this program on an input of size more than $10$.
        ...
INFO - Retrieved (score=0.3147): 
[Summary]:
    In this task, the goal was to find the N'th number in a specific series: 0, 1, 5, 14, 30, 55, ... for multiple test cases. Initially, I attempted to derive a formula for the series but mistakenly used an incorrect formula that did not correspond to the series, leading to incorrect...
INFO - LM call n parse attempt 1 / 3

INFO - [Task id] 1203 [prompt] 
You are an expert programmer tasked with solving the problem below.

Follow the user's instructions to solve the problem.
The user can ask for analysis, code, or both.

## Instructions
When asked to output code,
- Make sure to wrap your code in '```python' and '```' Markdown delimiters, 
- include exactly one block of code with the entire solution
- No outside libraries are allowed. 
- Builtins are allowed.
- If the task specifies a function name to be used, follow it strictly (be case sensitive!) and declare the that function last (helper functions are declared first).
- DO NOT write any assert statements / tests.

## Problem
[BEGIN PROBLEM]
Given a set of  N  natural numbers 1,2,3........N and Q query.For each query you have to calculate the total number of subset in which  Ith.
number of set come at Kth postion.Elements of every subset should be in sorted order.
The answer could  be very large so you have to print answer modulo 1e9+7.


-----Input:-----
- The first line of input cotains a single integer T denoting the number of test cases.
- For every test case it contains two number N and Q.
- Next Q line contains two number I and K.

-----Output:-----
For each test case print required answer.

-----Constraints and Subtasks:-----
- 1<=T<=5
- 1<=N, K<=4000
- 1<=Q<=1000000
Subtask 3: 5 points
- 1<=T<=5
- 1<=N, K<=16
- 1<=Q<=1000
Subtask 1: 25 points
- T=1
- 1<=N, K<=4000
- 1<=Q<=100000
Subtask 2: 70 points
- Original Constraints.

-----Example:-----
Input:

1

3 3

1 2

2 1

3 2

Output:

0

2

2

-----Explanation:-----
For N=3

total subsets are:

{1}

{2}

{3}

{1,2}

{1,3}

{2,3}

{1,2,3}

Now we can see that for I=1 and K=2 there is no subset in which 1 come at 2nd position so the answer is Zero for that query.

For 2nd query I=2 and K=1 there are two subset i.e {2,3} and {2} in which 2 come at 1st position.

Same for 3rd querry there is two subset i.e{1,3} and {2,3}.

The output code needs to read from and write to standard IO


[END PROBLEM]

INFO - [Task id] 1203 [prompt] 
## Instructions

Reason through the problem and:
1. Restate the problem in plain English
2. Conceptualize a solution first in plain English
3. Write a pseudocode solution
4. Output the final Python 3 solution with your solution steps in comments.

Make sure to wrap your code in '```python' and '```' Markdown delimiters, 
and include exactly one block of code with the entire solution.

No outside libraries are allowed.
Builtins are allowed.

INFO - [Task id] 1203 [prompt] 
Also, here are some of your memories.
Feel free to use the given information to aid your problem solving process if necessary.
Do not confuse the memories with the problem statement.

## Memories

[Summary]:
    In solving the problem of finding a permutation \( P \) such that \( f(P) = K \), I learned several key concepts and strategies. The function \( f(P) \) is defined as the sum of the maximums of adjacent pairs in the permutation. The maximum possible value of \( f(P) \) for a descending permutation is \( N \times (N - 1) \). This insight was crucial for determining the feasibility of achieving a given \( K \).

    Initially, my approach to calculating the maximum value and adjusting the permutation was flawed. I incorrectly calculated the maximum possible value and did not implement a clear strategy for adjusting the permutation to reach \( K \). The adjustment logic involved swapping adjacent elements, but it lacked a systematic approach to ensure that the desired \( K \) could be achieved.

    After revising the code, I implemented a more structured approach: I calculated the maximum value correctly, checked if \( K \) was feasible, and then constructed a descending permutation. I iteratively adjusted the permutation by swapping elements while recalculating \( f(P) \) until it matched \( K \) or determined it was impossible.

    The final working code is as follows:

    ```python
    def find_permutation(T):
        for _ in range(T):
            N, K = map(int, input().split())
            max_value = N * (N - 1)
        
            if K > max_value:
                print(-1)
                continue
        
            permutation = list(range(N, 0, -1))
            current_f = sum(max(permutation[i], permutation[i + 1]) for i in range(N - 1))
        
            for i in range(N - 1):
                if current_f > K:
                    if permutation[i] > permutation[i + 1]:
                        permutation[i], permutation[i + 1] = permutation[i + 1], permutation[i]
                        current_f = sum(max(permutation[j], permutation[j + 1]) for j in range(N - 1))
            
                if current_f == K:
                    break
        
            if current_f == K:
                print(" ".join(map(str, permutation)))
            else:
                print(-1)

    T = int(input())
    find_permutation(T)
    ```

    This experience reinforced the importance of clearly understanding the problem constraints and systematically approaching adjustments in permutations.
[/Summary]


[Past Memory]:

    [Task]:
        It is an interesting exercise to write a program to print out all permutations of $1, 2, …, n$. However, since there are $6227020800$ permutations of $1, 2, …, 13$, it is unlikely that we would ever run this program on an input of size more than $10$.
        However, here is another interesting problem whose solution can also be used to generate permutations. We can order the permutations of $1, 2, …, n$ under the lexicographic (or dictionary) order. Here are the permutations of $1,2,3$ in lexicographic order:
        123132213231312321123132213231312321 1 \, 2 \, 3 \quad    1 \, 3 \, 2 \quad     2 \, 1 \, 3 \quad     2 \, 3 \, 1 \quad     3 \, 1 \, 2 \quad     3 \, 2 \, 1 
        The problem we have is the following: given a permutation of $1,2, …, n$, generate the next permutation in lexicographic order. For example, for $2 3 1 4$ the answer is $2 3 4 1$.

        -----Input:-----
        The first line of the input contains two integers, $N$ and $K$. This is followed by $K$ lines, each of which contains one permutation of $1, 2,…,N$.

        -----Output:-----
        The output should consist of $K$ lines. Line $i$ should contain the lexicographically next permutation correponding to the permutation on line $i+1$ in the input.

        -----Constraints:-----
        - $1 \leq N \leq 1000$.
        - $1 \leq K \leq 10$.

        -----Sample input-----
        3 2
        3 1 2
        2 3 1

        -----Sample output-----
        3 2 1
        3 1 2
    [/Task]

    [Previous Critique]:
        None
    [/Previous Critique]

    [Thought Process and Code]:
        1. **Restate the Problem in Plain English**:
           The task is to find the next permutation of a given sequence of numbers from 1 to N in lexicographic order. Given a permutation, we need to determine what the next permutation would be. If the given permutation is the last one in the order, we should return the first permutation (which is sorted in ascending order).

        2. **Conceptualize a Solution**:
           To find the next permutation:
           - Identify the longest suffix that is non-increasing (i.e., find the rightmost pair where the first number is less than the second).
           - If such a pair is found, swap the first number of this pair with the smallest number in the suffix that is larger than it.
           - Finally, reverse the suffix to get the next permutation in lexicographic order.
           - If no such pair exists, the permutation is the last one, and we should return the first permutation.

        3. **Pseudocode Solution**:
           ```
           function next_permutation(permutation):
               n = length of permutation
               i = n - 2
               while i >= 0 and permutation[i] >= permutation[i + 1]:
                   i -= 1
               if i < 0:
                   return sorted(permutation)  # Return the first permutation
       
               j = n - 1
               while permutation[j] <= permutation[i]:
                   j -= 1
       
               swap(permutation[i], permutation[j])
               reverse(permutation[i + 1:])
               return permutation

           read N and K
           for each permutation in K:
               output next_permutation(permutation)
           ```

        4. **Final Python Code**:
        ```python
        def reverse(arr, start):
            end = len(arr) - 1
            while start < end:
                arr[start], arr[end] = arr[end], arr[start]
                start += 1
                end -= 1

        def next_permutation(permutation):
            n = len(permutation)
            i = n - 2
            while i >= 0 and permutation[i] >= permutation[i + 1]:
                i -= 1
            if i < 0:
                return sorted(permutation)  # Return the first permutation
    
            j = n - 1
            while permutation[j] <= permutation[i]:
                j -= 1
    
            permutation[i], permutation[j] = permutation[j], permutation[i]
            reverse(permutation, i + 1)
            return permutation

        # Read input
        N, K = map(int, input().split())
        for _ in range(K):
            permutation = list(map(int, input().split()))
            result = next_permutation(permutation)
            print(" ".join(map(str, result)))
        ``` 

        This code reads the number of permutations and their values, processes each permutation to find the next one in lexicographic order, and prints the results.
    [/Thought Process and Code]

    [Environment Feedback]:
        Note: Inputs/outputs here are automatically extracted/truncated so formatting may be a bit off.
        Tests passed:

         Input: ['3 2', '3 1 2', '2 3 1', ''] Output: 3 2 1
        3 1 2 

        Tests failed:
        None
    [/Environment Feedback]

    [Result]:
        Success
    [/Result]

[/Past Memory]


[Summary]:
    In this task, the goal was to find the N'th number in a specific series: 0, 1, 5, 14, 30, 55, ... for multiple test cases. Initially, I attempted to derive a formula for the series but mistakenly used an incorrect formula that did not correspond to the series, leading to incorrect outputs.

    Upon analyzing the series, I identified that the differences between consecutive terms were perfect squares, which led to the realization that the N'th term could be computed as the sum of the first (N-1) perfect squares. The correct formula for the N'th term is:
    - T(N) = (N-1) * N * (2(N-1) + 1) / 6

    This formula was derived from the known formula for the sum of squares. After implementing this corrected formula, the code produced the expected results for all test cases.

    The final working code is as follows:

    ```python
    def calculate_nth_number(N):
        if N == 1:
            return 0
        else:
            return (N - 1) * N * (2 * (N - 1) + 1) // 6

    def main():
        T = int(input())  # Read the number of test cases
        for _ in range(T):
            N = int(input())  # Read each test case value N
            result = calculate_nth_number(N)  # Calculate the N'th number
            print(result)  # Output the result

    main()
    ```

    This experience reinforced the importance of carefully analyzing patterns in sequences and ensuring that the derived formulas are correct before implementation.
[/Summary]


INFO - [Task id] 1203 [generation text] 1. **Restate the Problem in Plain English**:
   The task is to determine how many subsets can be formed from the numbers 1 to N such that a specific number I appears in the K-th position of the subset when sorted. The output should be the count of such subsets for multiple queries, and since the result can be large, it should be given modulo \(10^9 + 7\).

2. **Conceptualize a Solution**:
   To solve this problem, we need to:
   - Understand that for a number I to be in the K-th position of a subset, there must be exactly \(K-1\) numbers less than I in the subset.
   - The remaining numbers in the subset can be chosen from the numbers greater than I.
   - We can use combinatorial mathematics to calculate the number of ways to choose \(K-1\) numbers from the \(I-1\) numbers less than I and any number of numbers from the \(N-I\) numbers greater than I.
   - The total number of valid subsets can be calculated using combinations and powers of 2.

3. **Pseudocode Solution**:
   ```
   function calculate_combinations(n, k):
       if k > n or k < 0:
           return 0
       return factorial(n) / (factorial(k) * factorial(n - k))

   function count_subsets(N, I, K):
       if K > I or K < 1:
           return 0
       count_less_than_I = calculate_combinations(I - 1, K - 1)
       count_greater_than_I = 2^(N - I)
       return (count_less_than_I * count_greater_than_I) % (10^9 + 7)

   function main():
       read T
       for each test case:
           read N, Q
           for each query:
               read I, K
               result = count_subsets(N, I, K)
               print(result)
   ```

4. **Final Python Code**:
```python
def factorial(n):
    if n == 0 or n == 1:
        return 1
    result = 1
    for i in range(2, n + 1):
        result = (result * i) % (10**9 + 7)
    return result

def calculate_combinations(n, k):
    if k > n or k < 0:
        return 0
    return (factorial(n) * pow(factorial(k), -1, 10**9 + 7) * pow(factorial(n - k), -1, 10**9 + 7)) % (10**9 + 7)

def count_subsets(N, I, K):
    if K > I or K < 1:
        return 0
    count_less_than_I = calculate_combinations(I - 1, K - 1)
    count_greater_than_I = pow(2, N - I, 10**9 + 7)
    return (count_less_than_I * count_greater_than_I) % (10**9 + 7)

def main():
    MOD = 10**9 + 7
    T = int(input())
    for _ in range(T):
        N, Q = map(int, input().split())
        for __ in range(Q):
            I, K = map(int, input().split())
            result = count_subsets(N, I, K)
            print(result)

main()
``` 

This code reads the number of test cases and queries, processes each query to calculate the number of valid subsets, and prints the results. The use of modular arithmetic ensures that we handle large numbers appropriately.
INFO - program_code:
 
def factorial(n):
    if n == 0 or n == 1:
        return 1
    result = 1
    for i in range(2, n + 1):
        result = (result * i) % (10**9 + 7)
    return result

def calculate_combinations(n, k):
    if k > n or k < 0:
        return 0
    return (factorial(n) * pow(factorial(k), -1, 10**9 + 7) * pow(factorial(n - k), -1, 10**9 + 7)) % (10**9 + 7)

def count_subsets(N, I, K):
    if K > I or K < 1:
        return 0
    count_less_than_I = calculate_combinations(I - 1, K - 1)
    count_greater_than_I = pow(2, N - I, 10**9 + 7)
    return (count_less_than_I * count_greater_than_I) % (10**9 + 7)

def main():
    MOD = 10**9 + 7
    T = int(input())
    for _ in range(T):
        N, Q = map(int, input().split())
        for __ in range(Q):
            I, K = map(int, input().split())
            result = count_subsets(N, I, K)
            print(result)

main()


INFO - program_name:
 main

INFO - dependencies:
 []

INFO - raw_msg:
 1. **Restate the Problem in Plain English**:
   The task is to determine how many subsets can be formed from the numbers 1 to N such that a specific number I appears in the K-th position of the subset when sorted. The output should be the count of such subsets for multiple queries, and since the result can be large, it should be given modulo \(10^9 + 7\).

2. **Conceptualize a Solution**:
   To solve this problem, we need to:
   - Understand that for a number I to be in the K-th position of a subset, there must be exactly \(K-1\) numbers less than I in the subset.
   - The remaining numbers in the subset can be chosen from the numbers greater than I.
   - We can use combinatorial mathematics to calculate the number of ways to choose \(K-1\) numbers from the \(I-1\) numbers less than I and any number of numbers from the \(N-I\) numbers greater than I.
   - The total number of valid subsets can be calculated using combinations and powers of 2.

3. **Pseudocode Solution**:
   ```
   function calculate_combinations(n, k):
       if k > n or k < 0:
           return 0
       return factorial(n) / (factorial(k) * factorial(n - k))

   function count_subsets(N, I, K):
       if K > I or K < 1:
           return 0
       count_less_than_I = calculate_combinations(I - 1, K - 1)
       count_greater_than_I = 2^(N - I)
       return (count_less_than_I * count_greater_than_I) % (10^9 + 7)

   function main():
       read T
       for each test case:
           read N, Q
           for each query:
               read I, K
               result = count_subsets(N, I, K)
               print(result)
   ```

4. **Final Python Code**:
```python
def factorial(n):
    if n == 0 or n == 1:
        return 1
    result = 1
    for i in range(2, n + 1):
        result = (result * i) % (10**9 + 7)
    return result

def calculate_combinations(n, k):
    if k > n or k < 0:
        return 0
    return (factorial(n) * pow(factorial(k), -1, 10**9 + 7) * pow(factorial(n - k), -1, 10**9 + 7)) % (10**9 + 7)

def count_subsets(N, I, K):
    if K > I or K < 1:
        return 0
    count_less_than_I = calculate_combinations(I - 1, K - 1)
    count_greater_than_I = pow(2, N - I, 10**9 + 7)
    return (count_less_than_I * count_greater_than_I) % (10**9 + 7)

def main():
    MOD = 10**9 + 7
    T = int(input())
    for _ in range(T):
        N, Q = map(int, input().split())
        for __ in range(Q):
            I, K = map(int, input().split())
            result = count_subsets(N, I, K)
            print(result)

main()
``` 

This code reads the number of test cases and queries, processes each query to calculate the number of valid subsets, and prints the results. The use of modular arithmetic ensures that we handle large numbers appropriately.

INFO - no_parent:
 False

INFO - full code to be executed: 
 
def factorial(n):
    if n == 0 or n == 1:
        return 1
    result = 1
    for i in range(2, n + 1):
        result = (result * i) % (10**9 + 7)
    return result

def calculate_combinations(n, k):
    if k > n or k < 0:
        return 0
    return (factorial(n) * pow(factorial(k), -1, 10**9 + 7) * pow(factorial(n - k), -1, 10**9 + 7)) % (10**9 + 7)

def count_subsets(N, I, K):
    if K > I or K < 1:
        return 0
    count_less_than_I = calculate_combinations(I - 1, K - 1)
    count_greater_than_I = pow(2, N - I, 10**9 + 7)
    return (count_less_than_I * count_greater_than_I) % (10**9 + 7)

def main():
    MOD = 10**9 + 7
    T = int(input())
    for _ in range(T):
        N, Q = map(int, input().split())
        for __ in range(Q):
            I, K = map(int, input().split())
            result = count_subsets(N, I, K)
            print(result)

main()


INFO - obs: Note: Inputs/outputs here are automatically extracted/truncated so formatting may be a bit off.
Tests passed:

 Input: ['1', '3 3', '1 2', '2 1', '3 2'] Output: 0
2
2

Tests failed:
None
reward: True
done: None
info: {'individual_results': [True]}
INFO - Updated entry: 
[Task]:
    Given a set of  N  natural numbers 1,2,3........N and Q query.For each query you have to calculate the total number of subset in which  Ith.
    number of set come at Kth postion.Elements of every subset should be in sorted order.
    The answer could  be very large so you have to pr...,

INFO - Metadata: {
    "raw_msg": "1. **Restate the Problem in Plain English**:\n   The task is to determine how many subsets can be formed from the numbers 1 to N such that a specific number I appears in the K-th position of the subset when sorted. The output should be the count of such subsets for multiple quer...

INFO - LM call n parse attempt 1 / 3

INFO - [Task id] 1203 [prompt] 
You are an expert programmer tasked with solving the problem below.

Follow the user's instructions to solve the problem.
The user can ask for analysis, code, or both.

## Instructions
When asked to output code,
- Make sure to wrap your code in '```python' and '```' Markdown delimiters, 
- include exactly one block of code with the entire solution
- No outside libraries are allowed. 
- Builtins are allowed.
- If the task specifies a function name to be used, follow it strictly (be case sensitive!) and declare the that function last (helper functions are declared first).
- DO NOT write any assert statements / tests.

## Problem
[BEGIN PROBLEM]
Given a set of  N  natural numbers 1,2,3........N and Q query.For each query you have to calculate the total number of subset in which  Ith.
number of set come at Kth postion.Elements of every subset should be in sorted order.
The answer could  be very large so you have to print answer modulo 1e9+7.


-----Input:-----
- The first line of input cotains a single integer T denoting the number of test cases.
- For every test case it contains two number N and Q.
- Next Q line contains two number I and K.

-----Output:-----
For each test case print required answer.

-----Constraints and Subtasks:-----
- 1<=T<=5
- 1<=N, K<=4000
- 1<=Q<=1000000
Subtask 3: 5 points
- 1<=T<=5
- 1<=N, K<=16
- 1<=Q<=1000
Subtask 1: 25 points
- T=1
- 1<=N, K<=4000
- 1<=Q<=100000
Subtask 2: 70 points
- Original Constraints.

-----Example:-----
Input:

1

3 3

1 2

2 1

3 2

Output:

0

2

2

-----Explanation:-----
For N=3

total subsets are:

{1}

{2}

{3}

{1,2}

{1,3}

{2,3}

{1,2,3}

Now we can see that for I=1 and K=2 there is no subset in which 1 come at 2nd position so the answer is Zero for that query.

For 2nd query I=2 and K=1 there are two subset i.e {2,3} and {2} in which 2 come at 1st position.

Same for 3rd querry there is two subset i.e{1,3} and {2,3}.

The output code needs to read from and write to standard IO


[END PROBLEM]

INFO - [Task id] 1203 [prompt] 
## Instructions

Reason through the problem and:
1. Restate the problem in plain English
2. Conceptualize a solution first in plain English
3. Write a pseudocode solution
4. Output the final Python 3 solution with your solution steps in comments.

Make sure to wrap your code in '```python' and '```' Markdown delimiters, 
and include exactly one block of code with the entire solution.

No outside libraries are allowed.
Builtins are allowed.

INFO - [Task id] 1203 [prompt] 1. **Restate the Problem in Plain English**:
   The task is to determine how many subsets can be formed from the numbers 1 to N such that a specific number I appears in the K-th position of the subset when sorted. The output should be the count of such subsets for multiple queries, and since the result can be large, it should be given modulo \(10^9 + 7\).

2. **Conceptualize a Solution**:
   To solve this problem, we need to:
   - Understand that for a number I to be in the K-th position of a subset, there must be exactly \(K-1\) numbers less than I in the subset.
   - The remaining numbers in the subset can be chosen from the numbers greater than I.
   - We can use combinatorial mathematics to calculate the number of ways to choose \(K-1\) numbers from the \(I-1\) numbers less than I and any number of numbers from the \(N-I\) numbers greater than I.
   - The total number of valid subsets can be calculated using combinations and powers of 2.

3. **Pseudocode Solution**:
   ```
   function calculate_combinations(n, k):
       if k > n or k < 0:
           return 0
       return factorial(n) / (factorial(k) * factorial(n - k))

   function count_subsets(N, I, K):
       if K > I or K < 1:
           return 0
       count_less_than_I = calculate_combinations(I - 1, K - 1)
       count_greater_than_I = 2^(N - I)
       return (count_less_than_I * count_greater_than_I) % (10^9 + 7)

   function main():
       read T
       for each test case:
           read N, Q
           for each query:
               read I, K
               result = count_subsets(N, I, K)
               print(result)
   ```

4. **Final Python Code**:
```python
def factorial(n):
    if n == 0 or n == 1:
        return 1
    result = 1
    for i in range(2, n + 1):
        result = (result * i) % (10**9 + 7)
    return result

def calculate_combinations(n, k):
    if k > n or k < 0:
        return 0
    return (factorial(n) * pow(factorial(k), -1, 10**9 + 7) * pow(factorial(n - k), -1, 10**9 + 7)) % (10**9 + 7)

def count_subsets(N, I, K):
    if K > I or K < 1:
        return 0
    count_less_than_I = calculate_combinations(I - 1, K - 1)
    count_greater_than_I = pow(2, N - I, 10**9 + 7)
    return (count_less_than_I * count_greater_than_I) % (10**9 + 7)

def main():
    MOD = 10**9 + 7
    T = int(input())
    for _ in range(T):
        N, Q = map(int, input().split())
        for __ in range(Q):
            I, K = map(int, input().split())
            result = count_subsets(N, I, K)
            print(result)

main()
``` 

This code reads the number of test cases and queries, processes each query to calculate the number of valid subsets, and prints the results. The use of modular arithmetic ensures that we handle large numbers appropriately.
INFO - [Task id] 1203 [prompt] 
[Environment Feedback]:
    Note: Inputs/outputs here are automatically extracted/truncated so formatting may be a bit off.
    Tests passed:

     Input: ['1', '3 3', '1 2', '2 1', '3 2'] Output: 0
    2
    2

    Tests failed:
    None
[/Environment Feedback]

INFO - [Task id] 1203 [prompt] 
## Instructions
Now, summarize your attempts as a **standalone** document for your own future reference. (can skip formalities, be concise)

- Only include the most relevant information and code snippets that could be useful in the future.
- If you did not learn much from the current experience (e.g. the problem was too easy), feel free to write less or nothing at all.
- Here are some ideas if the experience was useful:
    - Identifying the core concepts and patterns that problem appears to test for
    - Describing the strategies that seemed to work but did not, and vice versa
    - Describing unexpected errors and how they were fixed

Your summary should be at most a few paragraphs.

INFO - [Task id] 1203 [generation text] In this task, the goal was to determine the number of subsets from a set of natural numbers where a specific number appears in a designated position when the subset is sorted. The solution required a combination of combinatorial mathematics and modular arithmetic to handle potentially large numbers.

Key concepts included:
- Understanding that for a number I to be in the K-th position, exactly \(K-1\) numbers must be chosen from the numbers less than I, and any number of elements can be chosen from those greater than I.
- Using combinations to calculate the number of ways to select elements and powers of 2 to account for the subsets formed from the remaining numbers.

The implemented solution involved:
1. A factorial function to compute factorial values modulo \(10^9 + 7\).
2. A combination function that utilized the factorial function to compute combinations efficiently.
3. A main function to handle input and output, processing multiple test cases and queries.

The final code successfully passed the provided test cases, demonstrating that the approach was effective. The use of modular arithmetic was crucial in ensuring that the results remained manageable in size. Overall, the experience reinforced the importance of combinatorial logic in subset problems and the need for efficient computation methods in competitive programming contexts.
INFO - LM call n parse attempt 1 / 3

INFO - [Task id] 1203 [prompt] 
You are an expert programmer tasked with solving the problem below.

Follow the user's instructions to solve the problem.
The user can ask for analysis, code, or both.

## Instructions
When asked to output code,
- Make sure to wrap your code in '```python' and '```' Markdown delimiters, 
- include exactly one block of code with the entire solution
- No outside libraries are allowed. 
- Builtins are allowed.
- If the task specifies a function name to be used, follow it strictly (be case sensitive!) and declare the that function last (helper functions are declared first).
- DO NOT write any assert statements / tests.

## Problem
[BEGIN PROBLEM]
Given a set of  N  natural numbers 1,2,3........N and Q query.For each query you have to calculate the total number of subset in which  Ith.
number of set come at Kth postion.Elements of every subset should be in sorted order.
The answer could  be very large so you have to print answer modulo 1e9+7.


-----Input:-----
- The first line of input cotains a single integer T denoting the number of test cases.
- For every test case it contains two number N and Q.
- Next Q line contains two number I and K.

-----Output:-----
For each test case print required answer.

-----Constraints and Subtasks:-----
- 1<=T<=5
- 1<=N, K<=4000
- 1<=Q<=1000000
Subtask 3: 5 points
- 1<=T<=5
- 1<=N, K<=16
- 1<=Q<=1000
Subtask 1: 25 points
- T=1
- 1<=N, K<=4000
- 1<=Q<=100000
Subtask 2: 70 points
- Original Constraints.

-----Example:-----
Input:

1

3 3

1 2

2 1

3 2

Output:

0

2

2

-----Explanation:-----
For N=3

total subsets are:

{1}

{2}

{3}

{1,2}

{1,3}

{2,3}

{1,2,3}

Now we can see that for I=1 and K=2 there is no subset in which 1 come at 2nd position so the answer is Zero for that query.

For 2nd query I=2 and K=1 there are two subset i.e {2,3} and {2} in which 2 come at 1st position.

Same for 3rd querry there is two subset i.e{1,3} and {2,3}.

The output code needs to read from and write to standard IO


[END PROBLEM]

INFO - [Task id] 1203 [prompt] 
## Instructions

Reason through the problem and:
1. Restate the problem in plain English
2. Conceptualize a solution first in plain English
3. Write a pseudocode solution
4. Output the final Python 3 solution with your solution steps in comments.

Make sure to wrap your code in '```python' and '```' Markdown delimiters, 
and include exactly one block of code with the entire solution.

No outside libraries are allowed.
Builtins are allowed.

INFO - [Task id] 1203 [prompt] 1. **Restate the Problem in Plain English**:
   The task is to determine how many subsets can be formed from the numbers 1 to N such that a specific number I appears in the K-th position of the subset when sorted. The output should be the count of such subsets for multiple queries, and since the result can be large, it should be given modulo \(10^9 + 7\).

2. **Conceptualize a Solution**:
   To solve this problem, we need to:
   - Understand that for a number I to be in the K-th position of a subset, there must be exactly \(K-1\) numbers less than I in the subset.
   - The remaining numbers in the subset can be chosen from the numbers greater than I.
   - We can use combinatorial mathematics to calculate the number of ways to choose \(K-1\) numbers from the \(I-1\) numbers less than I and any number of numbers from the \(N-I\) numbers greater than I.
   - The total number of valid subsets can be calculated using combinations and powers of 2.

3. **Pseudocode Solution**:
   ```
   function calculate_combinations(n, k):
       if k > n or k < 0:
           return 0
       return factorial(n) / (factorial(k) * factorial(n - k))

   function count_subsets(N, I, K):
       if K > I or K < 1:
           return 0
       count_less_than_I = calculate_combinations(I - 1, K - 1)
       count_greater_than_I = 2^(N - I)
       return (count_less_than_I * count_greater_than_I) % (10^9 + 7)

   function main():
       read T
       for each test case:
           read N, Q
           for each query:
               read I, K
               result = count_subsets(N, I, K)
               print(result)
   ```

4. **Final Python Code**:
```python
def factorial(n):
    if n == 0 or n == 1:
        return 1
    result = 1
    for i in range(2, n + 1):
        result = (result * i) % (10**9 + 7)
    return result

def calculate_combinations(n, k):
    if k > n or k < 0:
        return 0
    return (factorial(n) * pow(factorial(k), -1, 10**9 + 7) * pow(factorial(n - k), -1, 10**9 + 7)) % (10**9 + 7)

def count_subsets(N, I, K):
    if K > I or K < 1:
        return 0
    count_less_than_I = calculate_combinations(I - 1, K - 1)
    count_greater_than_I = pow(2, N - I, 10**9 + 7)
    return (count_less_than_I * count_greater_than_I) % (10**9 + 7)

def main():
    MOD = 10**9 + 7
    T = int(input())
    for _ in range(T):
        N, Q = map(int, input().split())
        for __ in range(Q):
            I, K = map(int, input().split())
            result = count_subsets(N, I, K)
            print(result)

main()
``` 

This code reads the number of test cases and queries, processes each query to calculate the number of valid subsets, and prints the results. The use of modular arithmetic ensures that we handle large numbers appropriately.
INFO - [Task id] 1203 [prompt] 
[Environment Feedback]:
    Note: Inputs/outputs here are automatically extracted/truncated so formatting may be a bit off.
    Tests passed:

     Input: ['1', '3 3', '1 2', '2 1', '3 2'] Output: 0
    2
    2

    Tests failed:
    None
[/Environment Feedback]

INFO - [Task id] 1203 [prompt] 
Below is the official solution (do exercise discretion as official solutions can also have mistakes).

You will be reflecting on your attempts to solve the problem.
This will be a **standalone** document for your own future reference. (can skip formalities, be concise)

## Instructions
- Only include the most relevant insights and code snippets that could be useful in the future.
- If you did not learn much from the current experience (e.g. the problem was too easy / official solution was obvious), feel free to write less or nothing at all.
- Here are some ideas if the experience was useful:
    - If the official solution is insightful (e.g. better than yours in time and space complexity or more effective in breaking down the problem statement), distil the key approach of the official solution, step by step.
    - If your approach failed the test cases, reason why the official solution works but yours does not

Your reflection should be at most a few paragraphs.

## Official solution
import math
f = math.factorial
for u in range(eval(input())):
 n, q = list(map(int, input().split()))
 for j in range(q):
  i,k = list(map(int, input().split()))
  if k>i:
   c=0
   print(c)
  else:
   a=2**(n-i)
   b=1
   d=int(i-1)
   e=1
   h=1
   g=1
   #b=f(i-1)/f(k-1)/f(i-k)
   if(k-1>i-k):
    for z in range(i-k):
     b=b*d
     d=d-1
     e=e*h
     h=h+1
    b=b/e
   else:
    for z in range(k-1):
     b=b*d
     d=d-1
     e=e*g
     g=g+1
    b=b/e
    
     
     
   c=a*b
   c=c%1000000007
   print(c)

INFO - [Task id] 1203 [generation text] The official solution provides a more efficient and straightforward approach to solving the problem of counting subsets with specific conditions. Here are the key insights and steps distilled from the official solution:

1. **Understanding the Conditions**: The official solution correctly identifies that if \( K > I \), the count of valid subsets is zero since there cannot be \( K \) elements in a subset if \( I \) is the \( K \)-th element.

2. **Efficient Calculation of Combinations**: Instead of using factorials directly, the official solution calculates combinations using a loop to avoid large intermediate values. This is done by iteratively multiplying and dividing to compute \( C(I-1, K-1) \) without explicitly calculating factorials, which can be computationally expensive.

3. **Power of Two for Remaining Elements**: The solution efficiently calculates the number of ways to choose any subset from the remaining elements greater than \( I \) using \( 2^{(N-I)} \). This is a direct application of the power set concept.

4. **Modular Arithmetic**: The final result is computed modulo \( 10^9 + 7 \) to handle large numbers, ensuring that the solution remains within the bounds of typical integer operations in programming.

5. **Iterative Approach**: The solution processes each query in a loop, maintaining clarity and efficiency. It avoids unnecessary function calls and keeps the logic straightforward.

Overall, the official solution is effective due to its use of iterative calculations for combinations, direct handling of edge cases, and efficient power calculations. This approach minimizes the risk of overflow and optimizes performance, especially given the constraints of the problem. 

In future implementations, I will consider using similar iterative methods for combinations and powers to enhance efficiency and clarity in my solutions.
INFO - Updated entry: In this task, the goal was to determine the number of subsets from a set of natural numbers where a specific number appears in a designated position when the subset is sorted. The solution required a combination of combinatorial mathematics and modular arithmetic to handle potentially large numbe...,

INFO - Metadata: {
    "task_id": 1203
}

INFO - Updated entry: The official solution provides a more efficient and straightforward approach to solving the problem of counting subsets with specific conditions. Here are the key insights and steps distilled from the official solution:

1. **Understanding the Conditions**: The official solution correctly identif...,

INFO - Metadata: {
    "task_id": 1203
}

INFO - LM call n parse attempt 1 / 3

INFO - [Task id] 1203 [prompt] 
You are a helpful assistant that writes a description of the given function written in the Python programming language.

1) Do not mention the function name.
2) Do not mention anything about helper functions.
3) There might be some helper functions before the main function, but you only need to describe the main function.
4) Try to summarize the function in no more than 6 sentences.
5) Your response should be a single line of text.

INFO - [Task id] 1203 [prompt] 
def factorial(n):
    if n == 0 or n == 1:
        return 1
    result = 1
    for i in range(2, n + 1):
        result = (result * i) % (10**9 + 7)
    return result

def calculate_combinations(n, k):
    if k > n or k < 0:
        return 0
    return (factorial(n) * pow(factorial(k), -1, 10**9 + 7) * pow(factorial(n - k), -1, 10**9 + 7)) % (10**9 + 7)

def count_subsets(N, I, K):
    if K > I or K < 1:
        return 0
    count_less_than_I = calculate_combinations(I - 1, K - 1)
    count_greater_than_I = pow(2, N - I, 10**9 + 7)
    return (count_less_than_I * count_greater_than_I) % (10**9 + 7)

def main():
    MOD = 10**9 + 7
    T = int(input())
    for _ in range(T):
        N, Q = map(int, input().split())
        for __ in range(Q):
            I, K = map(int, input().split())
            result = count_subsets(N, I, K)
            print(result)

main()


The main function is `main`.
INFO - [Task id] 1203 [generation text] The function reads an integer input representing the number of test cases and then iterates through each test case to read values for N and Q. For each query within the test case, it retrieves values for I and K, and calculates the number of valid subsets based on these parameters. The results are then printed for each query. The function utilizes modular arithmetic to ensure that the results remain within a specified range. It effectively handles multiple test cases and queries in a structured manner. Overall, it serves as the entry point for processing input and output related to subset counting problems.
INFO - LM call n parse attempt 1 / 3

INFO - [Task id] 1203 [prompt] 
You are a helpful assistant that extracts important information from problems and solutions to aid in searchability and education.

## Instructions
- Read through the problem and solution carefully.
- Reason out, step by step, in what scenarios this knowledge would be useful.
- Focus on general patterns and situations to help connect this knowledge to new situations.
- Then, include a list of keywords that are useful for searching this problem/solution pair.

## Response format
Respond in JSON, and follow the keys and expected format of the values strictly.

The output should be formatted as a JSON instance that conforms to the JSON schema below.

As an example, for the schema {"properties": {"foo": {"title": "Foo", "description": "a list of strings", "type": "array", "items": {"type": "string"}}}, "required": ["foo"]}
the object {"foo": ["bar", "baz"]} is a well-formatted instance of the schema. The object {"properties": {"foo": ["bar", "baz"]}} is not well-formatted.

Here is the output schema:
```
{"properties": {"scenarios": {"description": "In what scenarios will this knowledge be useful? Answer in a paragraph.", "title": "Scenarios", "type": "string"}, "keywords": {"description": "List of keywords that are useful for searching this problem/solution pair", "items": {"type": "string"}, "title": "Keywords", "type": "array"}}, "required": ["scenarios", "keywords"]}
```

INFO - [Task id] 1203 [prompt] 
[Problem]
    Given a set of  N  natural numbers 1,2,3........N and Q query.For each query you have to calculate the total number of subset in which  Ith.
    number of set come at Kth postion.Elements of every subset should be in sorted order.
    The answer could  be very large so you have to print answer modulo 1e9+7.


    -----Input:-----
    - The first line of input cotains a single integer T denoting the number of test cases.
    - For every test case it contains two number N and Q.
    - Next Q line contains two number I and K.

    -----Output:-----
    For each test case print required answer.

    -----Constraints and Subtasks:-----
    - 1<=T<=5
    - 1<=N, K<=4000
    - 1<=Q<=1000000
    Subtask 3: 5 points
    - 1<=T<=5
    - 1<=N, K<=16
    - 1<=Q<=1000
    Subtask 1: 25 points
    - T=1
    - 1<=N, K<=4000
    - 1<=Q<=100000
    Subtask 2: 70 points
    - Original Constraints.

    -----Example:-----
    Input:

    1

    3 3

    1 2

    2 1

    3 2

    Output:

    0

    2

    2

    -----Explanation:-----
    For N=3

    total subsets are:

    {1}

    {2}

    {3}

    {1,2}

    {1,3}

    {2,3}

    {1,2,3}

    Now we can see that for I=1 and K=2 there is no subset in which 1 come at 2nd position so the answer is Zero for that query.

    For 2nd query I=2 and K=1 there are two subset i.e {2,3} and {2} in which 2 come at 1st position.

    Same for 3rd querry there is two subset i.e{1,3} and {2,3}.
[/Problem]

[Solution]

    def factorial(n):
        if n == 0 or n == 1:
            return 1
        result = 1
        for i in range(2, n + 1):
            result = (result * i) % (10**9 + 7)
        return result

    def calculate_combinations(n, k):
        if k > n or k < 0:
            return 0
        return (factorial(n) * pow(factorial(k), -1, 10**9 + 7) * pow(factorial(n - k), -1, 10**9 + 7)) % (10**9 + 7)

    def count_subsets(N, I, K):
        if K > I or K < 1:
            return 0
        count_less_than_I = calculate_combinations(I - 1, K - 1)
        count_greater_than_I = pow(2, N - I, 10**9 + 7)
        return (count_less_than_I * count_greater_than_I) % (10**9 + 7)

    def main():
        MOD = 10**9 + 7
        T = int(input())
        for _ in range(T):
            N, Q = map(int, input().split())
            for __ in range(Q):
                I, K = map(int, input().split())
                result = count_subsets(N, I, K)
                print(result)

    main()

[/Solution]

INFO - [Task id] 1203 [generation text] 
INFO - {
    "scenarios": "This knowledge is useful in scenarios where one needs to analyze subsets of a set of natural numbers, particularly in combinatorial problems involving constraints on the positions of elements within those subsets. It can be applied in competitive programming, algorithm design, and mathematical problem-solving where efficient computation of combinations and modular arithmetic is required, especially when dealing with large inputs and multiple queries. Understanding how to calculate the number of valid subsets based on specific conditions can also be beneficial in data analysis and optimization problems.",
    "keywords": [
        "combinatorics",
        "subsets",
        "natural numbers",
        "modular arithmetic",
        "combinations",
        "competitive programming",
        "algorithm design",
        "query processing",
        "factorial",
        "power set"
    ]
}
INFO - {
    "scenarios": "This knowledge is useful in scenarios where one needs to analyze subsets of a set of natural numbers, particularly in combinatorial problems involving constraints on the positions of elements within those subsets. It can be applied in competitive programming, algorithm design, and mathematical problem-solving where efficient computation of combinations and modular arithmetic is required, especially when dealing with large inputs and multiple queries. Understanding how to calculate the number of valid subsets based on specific conditions can also be beneficial in data analysis and optimization problems.",
    "keywords": [
        "combinatorics",
        "subsets",
        "natural numbers",
        "modular arithmetic",
        "combinations",
        "competitive programming",
        "algorithm design",
        "query processing",
        "factorial",
        "power set"
    ]
}
INFO - Updated entry: 
[description for function: main]
The function reads an integer input representing the number of test cases and then iterates through each test case to read values for N and Q. For each query within the test case, it retrieves values for I and K, and calculates the number of valid subsets based o...,

INFO - Metadata: {
    "task": 1203,
    "code": "\ndef factorial(n):\n    if n == 0 or n == 1:\n        return 1\n    result = 1\n    for i in range(2, n + 1):\n        result = (result * i) % (10**9 + 7)\n    return result\n\ndef calculate_combinations(n, k):\n    if k > n or k < 0:\n        return 0\n    retur...

