INFO - DB skill doc count: 0

INFO - DB non_func doc count: 27

INFO - DB semantic doc count: 429

INFO - DB summaries doc count: 35

INFO - DB reflections doc count: 35

INFO - DB episodic doc count: 66

INFO - [train iter]: 35/100 

INFO - The task prompt is Given a positive integer n and you can do operations as follow:




If n is even, replace n with n/2.
If n is odd, you can replace n with either n + 1 or n - 1.




What is the minimum number of replacements needed for n to become 1?




Example 1:

Input:
8

Output:
3

Explanation:
8 -> 4 -> 2 -...

INFO - Attempting task_id 418
INFO - LM call n parse attempt 1 / 3

INFO - [Task id] 418 [prompt] 
You are an expert programmer tasked with solving the problem below.

Follow the user's instructions to solve the problem.
The user can ask for analysis, code, or both.

## Instructions
When asked to output code,
- Make sure to wrap your code in '```python' and '```' Markdown delimiters, 
- include exactly one block of code with the entire solution
- No outside libraries are allowed. 
- Builtins are allowed.
- If the task specifies a function name to be used, follow it strictly (be case sensitive!) and declare the that function last (helper functions are declared first).
- DO NOT write any assert statements / tests.

## Problem
[BEGIN PROBLEM]
Given a positive integer n and you can do operations as follow:




If n is even, replace n with n/2.
If n is odd, you can replace n with either n + 1 or n - 1.




What is the minimum number of replacements needed for n to become 1?




Example 1:

Input:
8

Output:
3

Explanation:
8 -> 4 -> 2 -> 1



Example 2:

Input:
7

Output:
4

Explanation:
7 -> 8 -> 4 -> 2 -> 1
or
7 -> 6 -> 3 -> 2 -> 1

The output code needs to use the provided function signature

The final python function should begin with: 
```python

class Solution:
    def integerReplacement(self, n: int) -> int:
        
```

[END PROBLEM]

INFO - [Task id] 418 [prompt] 
## Instructions

Reason through the problem and:
1. Restate the problem in plain English
2. Conceptualize a solution first in plain English
3. Write a pseudocode solution
4. Output the final Python 3 solution with your solution steps in comments.

Make sure to wrap your code in '```python' and '```' Markdown delimiters, 
and include exactly one block of code with the entire solution.

No outside libraries are allowed.
Builtins are allowed.

INFO - [Task id] 418 [generation text] 1. **Restate the problem in plain English:**
   The task is to determine the minimum number of operations required to reduce a positive integer `n` to 1. The operations allowed are:
   - If `n` is even, you can divide it by 2.
   - If `n` is odd, you can either add 1 or subtract 1 from it.

2. **Conceptualize a solution first in plain English:**
   To solve this problem, we can use a recursive approach or an iterative approach. The idea is to keep reducing `n` using the allowed operations until we reach 1. If `n` is even, we simply divide it by 2. If `n` is odd, we have two choices: either add 1 or subtract 1. We will choose the operation that leads to the least number of steps to reach 1. We can use a loop or recursion to keep track of the number of operations performed.

3. **Write a pseudocode solution:**
   ```
   function integerReplacement(n):
       if n is 1:
           return 0
       if n is even:
           return 1 + integerReplacement(n / 2)
       else:
           # For odd n, we can either add 1 or subtract 1
           return 1 + min(integerReplacement(n + 1), integerReplacement(n - 1))
   ```

4. **Output the final Python 3 solution with your solution steps in comments:**
```python
class Solution:
    def integerReplacement(self, n: int) -> int:
        # Base case: if n is 1, no operations are needed
        if n == 1:
            return 0
        
        # If n is even, we can divide it by 2
        if n % 2 == 0:
            return 1 + self.integerReplacement(n // 2)
        else:
            # If n is odd, we can either add 1 or subtract 1
            return 1 + min(self.integerReplacement(n + 1), self.integerReplacement(n - 1))
```
INFO - [35m Rollout attempt 1/4[0m
INFO - [33m Retrieving 1 entries for db: episodic 
 [0m
INFO - Retrieved (score=0.4239):

[Task]:
    We have a collection of rocks, each rock has a positive integer weight.
    Each turn, we choose any two rocks and smash them together.  Suppose the stones have weights x and y with x <= y.  The result of this smash is:

    If x == y, both stones are totally destroyed;
    If x != y...


INFO - [33m Retrieving 1 entries for db: semantic 
 [0m
INFO - Retrieved (score=0.3852):
Title: Josephus Problem
Part: 1/1
# Josephus Problem

## Statement

We are given the natural numbers $n$ and $k$.
All natural numbers from $1$ to $n$ are written in a circle. 
First, count the $k$-th number starting from the first one and delete it.
Then $k$ numbers are counted starting from the ...


INFO - [33m Retrieving 1 entries for db: reflections 
 [0m
INFO - Retrieved (score=0.4419):
The official solution provided is concise and efficient, leveraging a mathematical approach to calculate the sum of multiples of 10. Here are the key insights from the official solution:

1. **Direct Calculation**: The official solution directly calculates the largest multiple of 10 less than or ...


INFO - [33m Retrieving 1 entries for db: summaries 
 [0m
INFO - Retrieved (score=0.4132):
In this task, the goal was to find the N'th number in a specific series defined as 0, 1, 5, 14, 30, 55, etc. Initially, I misidentified the formula for generating the series, which led to incorrect outputs. The series is generated by the sum of the first (N-1) perfect squares, which can be calcul...


INFO - [33m Retrieving 1 entries for db: non_func 
 [0m
INFO - Retrieved (score=0.4941):

[description]
This function calculates the minimum possible weight of the last remaining stone after performing a series of operations on a list of stones. It first computes the total weight of all stones and determines a target weight, which is half of the total. A dynamic programming array is ...


INFO - Retrieved (score=0.3852): 
[Textbook Reference Material]:
    Title: Josephus Problem
    Part: 1/1
    # Josephus Problem

    ## Statement

    We are given the natural numbers $n$ and $k$.
    All natural numbers from $1$ to $n$ are written in a circle. 
    First, count the $k$-th number starting from the first one an...
INFO - LM call n parse attempt 1 / 3

INFO - [Task id] 418 [prompt] 
You are an expert programmer tasked with solving the problem below.

Follow the user's instructions to solve the problem.
The user can ask for analysis, code, or both.

## Instructions
When asked to output code,
- Make sure to wrap your code in '```python' and '```' Markdown delimiters, 
- include exactly one block of code with the entire solution
- No outside libraries are allowed. 
- Builtins are allowed.
- If the task specifies a function name to be used, follow it strictly (be case sensitive!) and declare the that function last (helper functions are declared first).
- DO NOT write any assert statements / tests.

## Problem
[BEGIN PROBLEM]
Given a positive integer n and you can do operations as follow:




If n is even, replace n with n/2.
If n is odd, you can replace n with either n + 1 or n - 1.




What is the minimum number of replacements needed for n to become 1?




Example 1:

Input:
8

Output:
3

Explanation:
8 -> 4 -> 2 -> 1



Example 2:

Input:
7

Output:
4

Explanation:
7 -> 8 -> 4 -> 2 -> 1
or
7 -> 6 -> 3 -> 2 -> 1

The output code needs to use the provided function signature

The final python function should begin with: 
```python

class Solution:
    def integerReplacement(self, n: int) -> int:
        
```

[END PROBLEM]

INFO - [Task id] 418 [prompt] 
## Instructions

Reason through the problem and:
1. Restate the problem in plain English
2. Conceptualize a solution first in plain English
3. Write a pseudocode solution
4. Output the final Python 3 solution with your solution steps in comments.

Make sure to wrap your code in '```python' and '```' Markdown delimiters, 
and include exactly one block of code with the entire solution.

No outside libraries are allowed.
Builtins are allowed.

INFO - [Task id] 418 [prompt] 
Also, here are some of your memories.
Feel free to use the given information to aid your problem solving process if necessary.
Do not confuse the memories with the problem statement.

## Memories

[Textbook Reference Material]:
    Title: Josephus Problem
    Part: 1/1
    # Josephus Problem

    ## Statement

    We are given the natural numbers $n$ and $k$.
    All natural numbers from $1$ to $n$ are written in a circle. 
    First, count the $k$-th number starting from the first one and delete it.
    Then $k$ numbers are counted starting from the next one and the $k$-th one is removed again, and so on.
    The process stops when one number remains.
    It is required to find the last number.

    This task was set by **Flavius Josephus** in the 1st century (though in a somewhat narrower formulation: for $k = 2$).

    This problem can be solved by modeling the procedure.
    Brute force modeling will work $O(n^{2})$. Using a [Segment Tree](/data_structures/segment_tree.html), we can improve it to $O(n \log n)$.
    We want something better though.

    ## Modeling a $O(n)$ solution

    We will try to find a pattern expressing the answer for the problem $J_{n, k}$ through the solution of the previous problems.

    Using brute force modeling we can construct a table of values, for example, the following:

    $$\begin{array}{ccccccccccc}
    n\setminus k & 1 & 2 & 3 & 4 & 5 & 6 & 7 & 8 & 9 & 10 \\
    1 & 1 & 1 & 1 & 1 & 1 & 1 & 1 & 1 & 1 & 1 \\
    2 & 2 & 1 & 2 & 1 & 2 & 1 & 2 & 1 & 2 & 1 \\
    3 & 3 & 3 & 2 & 2 & 1 & 1 & 3 & 3 & 2 & 2 \\
    4 & 4 & 1 & 1 & 2 & 2 & 3 & 2 & 3 & 3 & 4 \\
    5 & 5 & 3 & 4 & 1 & 2 & 4 & 4 & 1 & 2 & 4 \\
    6 & 6 & 5 & 1 & 5 & 1 & 4 & 5 & 3 & 5 & 2 \\
    7 & 7 & 7 & 4 & 2 & 6 & 3 & 5 & 4 & 7 & 5 \\
    8 & 8 & 1 & 7 & 6 & 3 & 1 & 4 & 4 & 8 & 7 \\
    9 & 9 & 3 & 1 & 1 & 8 & 7 & 2 & 3 & 8 & 8 \\
    10 & 10 & 5 & 4 & 5 & 3 & 3 & 9 & 1 & 7 & 8 \\
    \end{array}$$

    And here we can clearly see the following **pattern**:

    $$J_{n,k} = \left( (J_{n-1,k} + k - 1) \bmod n \right) + 1$$

    $$J_{1,k} = 1$$

    Here, 1-indexing makes for a somewhat messy formula; if you instead number the positions from 0, you get a very elegant formula:

    $$J_{n,k} = (J_{n-1,k} + k) \bmod n$$

    So, we found a solution to the problem of Josephus, working in $O(n)$ operations.

    ## Implementation

    Simple **recursive implementation** (in 1-indexing)

    ```{.cpp file=josephus_rec}
    int josephus(int n, int k) {
        return n > 1 ? (josephus(n-1, k) + k - 1) % n + 1 : 1;
    }
    ```

    **Non-recursive form** :

    ```{.cpp file=josephus_iter}
    int josephus(int n, int k) {
        int res = 0;
        for (int i = 1; i <= n; ++i)
      	  res = (res + k) % i;
        return res + 1;
    }
    ```

    This formula can also be found analytically.
    Again here we assume 0-indexing.
    After we delete the first number, we have $n-1$ numbers left.
    When we repeat the procedure, we will start with the number that had originally the index $k \bmod n$.
    $J_{n-1, k}$ would be the answer for the remaining circle, if we start counting at $0$, but because we actually start with $k$ we have $J_{n, k} = (J_{n-1,k} + k) \ \bmod n$.

    ## Modeling a $O(k \log n)$ solution

    For relatively small $k$ we can come up with a better solution than the above recursive solution in $O(n)$.
    If $k$ is a lot smaller than $n$, then we can delete multiple numbers ($\lfloor \frac{n}{k} \rfloor$) in one run without looping over.
    Afterwards we have $n - \lfloor \frac{n}{k} \rfloor$ numbers left, and we start with the $(\lfloor \frac{n}{k} \rfloor \cdot k)$-th number.
    So we have to shift by that many.
    We can notice that $\lfloor \frac{n}{k} \rfloor \cdot k$ is simply $-n \bmod k$.
    And because we removed every $k$-th number, we have to add the number of numbers that we removed before the result index.
    Which we can compute by dividing the result index by $k - 1$.

    Also, we need to handle the case when $n$ becomes less than $k$. In this case, the above optimization would cause an infinite loop.

    **Implementation** (for convenience in 0-indexing):

    ```{.cpp file=josephus_fast0}
    int josephus(int n, int k) {
        if (n == 1)
            return 0;
        if (k == 1)
            return n-1;
        if (k > n)
            return (josephus(n-1, k) + k) % n;
        int cnt = n / k;
        int res = josephus(n - cnt, k);
        res -= n % k;
        if (res < 0)
            res += n;
        else
            res += res / (k - 1);
        return res;
    }
    ```

    Let us estimate the **complexity** of this algorithm. Immediately note that the case $n < k$ is analyzed by the old solution, which will work in this case for $O(k)$. Now consider the algorithm itself. In fact, after every iteration, instead of $n$ numbers, we are left with $n \left( 1 - \frac{1}{k} \right)$ numbers, so the total number of iterations $x$ of the algorithm can be found roughly from the following equation:

    $$ n \left(1 - \frac{1}{k} \right) ^ x = 1, $$

    on taking logarithm on both sides, we obtain:

    $$\ln n + x \ln \left(1 - \frac{1}{k} \right) = 0,$$ 
    $$x = - \frac{\ln n}{\ln \left(1 - \frac{1}{k} \right)},$$

    using the decomposition of the logarithm into Taylor series, we obtain an approximate estimate:

    $$x \approx k \ln n$$

    Thus, the complexity of the algorithm is actually $O (k \log n)$.

    ## Analytical solution for $k = 2$

    In this particular case (in which this task was set by Josephus Flavius) the problem is solved much easier.

    In the case of even $n$ we get that all even numbers will be crossed out, and then there will be a problem remaining for $\frac{n}{2}$, then the answer for $n$ will be obtained from the answer for $\frac{n}{2}$ by multiplying by two and subtracting one (by shifting positions):

    $$ J_{2n, 2} = 2 J_{n, 2} - 1 $$

    Similarly, in the case of an odd $n$, all even numbers will be crossed out, then the first number, and the problem for $\frac{n-1}{2}$ will remain, and taking into account the shift of positions, we obtain the second formula:

    $$J_{2n+1,2} = 2 J_{n, 2} + 1 $$

    We can use this recurrent dependency directly in our implementation. This pattern can be translated into another form: $J_{n, 2}$ represents a sequence of all odd numbers, "restarting" from one whenever $n$ turns out to be a power of two. This can be written as a single formula:

    $$J_{n, 2} = 1 + 2 \left(n-2^{\lfloor \log_2 n \rfloor} \right)$$

    ## Analytical solution for $k > 2$

    Despite the simple form of the problem and a large number of articles on this and related problems, a simple analytical representation of the solution of Josephus' problem has not yet been found. For small $k$, some formulas are derived, but apparently they are all difficult to apply in practice (for example, see Halbeisen, Hungerbuhler "The Josephus Problem" and Odlyzko, Wilf "Functional iteration and the Josephus problem").
[/Textbook Reference Material]


INFO - [Task id] 418 [generation text] 1. **Restatement of the Problem**: 
   The task is to determine the minimum number of operations required to reduce a positive integer `n` to `1`. The operations allowed are:
   - If `n` is even, divide it by `2`.
   - If `n` is odd, either add `1` or subtract `1`.

2. **Conceptualization of a Solution**:
   To solve this problem, we can use a recursive approach. The idea is to keep reducing `n` using the allowed operations until we reach `1`. 
   - If `n` is even, we simply divide it by `2`.
   - If `n` is odd, we have two choices: either add `1` or subtract `1`. We will choose the operation that leads to the minimum number of steps to reach `1`.

3. **Pseudocode Solution**:
   ```
   function integerReplacement(n):
       if n == 1:
           return 0  // No operations needed
       if n is even:
           return 1 + integerReplacement(n / 2)
       else:
           return 1 + min(integerReplacement(n + 1), integerReplacement(n - 1))
   ```

4. **Final Python 3 Solution**:
```python
class Solution:
    def integerReplacement(self, n: int) -> int:
        # Base case: if n is 1, no operations are needed
        if n == 1:
            return 0
        # If n is even, we can divide it by 2
        if n % 2 == 0:
            return 1 + self.integerReplacement(n // 2)
        else:
            # If n is odd, we can either add 1 or subtract 1
            return 1 + min(self.integerReplacement(n + 1), self.integerReplacement(n - 1))
```
INFO - program_code:
 
class Solution:
    def integerReplacement(self, n: int) -> int:
        # Base case: if n is 1, no operations are needed
        if n == 1:
            return 0
        # If n is even, we can divide it by 2
        if n % 2 == 0:
            return 1 + self.integerReplacement(n // 2)
        else:
            # If n is odd, we can either add 1 or subtract 1
            return 1 + min(self.integerReplacement(n + 1), self.integerReplacement(n - 1))


INFO - program_name:
 

INFO - dependencies:
 []

INFO - raw_msg:
 1. **Restatement of the Problem**: 
   The task is to determine the minimum number of operations required to reduce a positive integer `n` to `1`. The operations allowed are:
   - If `n` is even, divide it by `2`.
   - If `n` is odd, either add `1` or subtract `1`.

2. **Conceptualization of a Solution**:
   To solve this problem, we can use a recursive approach. The idea is to keep reducing `n` using the allowed operations until we reach `1`. 
   - If `n` is even, we simply divide it by `2`.
   - If `n` is odd, we have two choices: either add `1` or subtract `1`. We will choose the operation that leads to the minimum number of steps to reach `1`.

3. **Pseudocode Solution**:
   ```
   function integerReplacement(n):
       if n == 1:
           return 0  // No operations needed
       if n is even:
           return 1 + integerReplacement(n / 2)
       else:
           return 1 + min(integerReplacement(n + 1), integerReplacement(n - 1))
   ```

4. **Final Python 3 Solution**:
```python
class Solution:
    def integerReplacement(self, n: int) -> int:
        # Base case: if n is 1, no operations are needed
        if n == 1:
            return 0
        # If n is even, we can divide it by 2
        if n % 2 == 0:
            return 1 + self.integerReplacement(n // 2)
        else:
            # If n is odd, we can either add 1 or subtract 1
            return 1 + min(self.integerReplacement(n + 1), self.integerReplacement(n - 1))
```

INFO - no_parent:
 False

INFO - full code to be executed: 
 
class Solution:
    def integerReplacement(self, n: int) -> int:
        # Base case: if n is 1, no operations are needed
        if n == 1:
            return 0
        # If n is even, we can divide it by 2
        if n % 2 == 0:
            return 1 + self.integerReplacement(n // 2)
        else:
            # If n is odd, we can either add 1 or subtract 1
            return 1 + min(self.integerReplacement(n + 1), self.integerReplacement(n - 1))


INFO - obs: Note: Inputs/outputs here are automatically extracted/truncated so formatting may be a bit off.
Tests passed:

 Input: [8] Output: 3

Tests failed:
None
reward: True
done: None
info: {'individual_results': [True]}
INFO - Updated entry: 
[Task]:
    Given a positive integer n and you can do operations as follow:




    If n is even, replace n with n/2.
    If n is odd, you can replace n with either n + 1 or n - 1.




    What is the minimum number of replacements needed for n to become 1?




    Example 1:

    Input:
    8

...,

INFO - Metadata: {
    "raw_msg": "1. **Restatement of the Problem**: \n   The task is to determine the minimum number of operations required to reduce a positive integer `n` to `1`. The operations allowed are:\n   - If `n` is even, divide it by `2`.\n   - If `n` is odd, either add `1` or subtract `1`.\n\n2. **Co...

INFO - LM call n parse attempt 1 / 3

INFO - [Task id] 418 [prompt] 
You are an expert programmer tasked with solving the problem below.

Follow the user's instructions to solve the problem.
The user can ask for analysis, code, or both.

## Instructions
When asked to output code,
- Make sure to wrap your code in '```python' and '```' Markdown delimiters, 
- include exactly one block of code with the entire solution
- No outside libraries are allowed. 
- Builtins are allowed.
- If the task specifies a function name to be used, follow it strictly (be case sensitive!) and declare the that function last (helper functions are declared first).
- DO NOT write any assert statements / tests.

## Problem
[BEGIN PROBLEM]
Given a positive integer n and you can do operations as follow:




If n is even, replace n with n/2.
If n is odd, you can replace n with either n + 1 or n - 1.




What is the minimum number of replacements needed for n to become 1?




Example 1:

Input:
8

Output:
3

Explanation:
8 -> 4 -> 2 -> 1



Example 2:

Input:
7

Output:
4

Explanation:
7 -> 8 -> 4 -> 2 -> 1
or
7 -> 6 -> 3 -> 2 -> 1

The output code needs to use the provided function signature

The final python function should begin with: 
```python

class Solution:
    def integerReplacement(self, n: int) -> int:
        
```

[END PROBLEM]

INFO - [Task id] 418 [prompt] 
## Instructions

Reason through the problem and:
1. Restate the problem in plain English
2. Conceptualize a solution first in plain English
3. Write a pseudocode solution
4. Output the final Python 3 solution with your solution steps in comments.

Make sure to wrap your code in '```python' and '```' Markdown delimiters, 
and include exactly one block of code with the entire solution.

No outside libraries are allowed.
Builtins are allowed.

INFO - [Task id] 418 [prompt] 1. **Restatement of the Problem**: 
   The task is to determine the minimum number of operations required to reduce a positive integer `n` to `1`. The operations allowed are:
   - If `n` is even, divide it by `2`.
   - If `n` is odd, either add `1` or subtract `1`.

2. **Conceptualization of a Solution**:
   To solve this problem, we can use a recursive approach. The idea is to keep reducing `n` using the allowed operations until we reach `1`. 
   - If `n` is even, we simply divide it by `2`.
   - If `n` is odd, we have two choices: either add `1` or subtract `1`. We will choose the operation that leads to the minimum number of steps to reach `1`.

3. **Pseudocode Solution**:
   ```
   function integerReplacement(n):
       if n == 1:
           return 0  // No operations needed
       if n is even:
           return 1 + integerReplacement(n / 2)
       else:
           return 1 + min(integerReplacement(n + 1), integerReplacement(n - 1))
   ```

4. **Final Python 3 Solution**:
```python
class Solution:
    def integerReplacement(self, n: int) -> int:
        # Base case: if n is 1, no operations are needed
        if n == 1:
            return 0
        # If n is even, we can divide it by 2
        if n % 2 == 0:
            return 1 + self.integerReplacement(n // 2)
        else:
            # If n is odd, we can either add 1 or subtract 1
            return 1 + min(self.integerReplacement(n + 1), self.integerReplacement(n - 1))
```
INFO - [Task id] 418 [prompt] 
[Environment Feedback]:
    Note: Inputs/outputs here are automatically extracted/truncated so formatting may be a bit off.
    Tests passed:

     Input: [8] Output: 3

    Tests failed:
    None
[/Environment Feedback]

INFO - [Task id] 418 [prompt] 
## Instructions
Now, summarize your attempts as a **standalone** document for your own future reference. (can skip formalities, be concise)

- Only include the most relevant information and code snippets that could be useful in the future.
- If you did not learn much from the current experience (e.g. the problem was too easy), feel free to write less or nothing at all.
- Here are some ideas if the experience was useful:
    - Identifying the core concepts and patterns that problem appears to test for
    - Describing the strategies that seemed to work but did not, and vice versa
    - Describing unexpected errors and how they were fixed

Your summary should be at most a few paragraphs.

INFO - [Task id] 418 [generation text] In this task, the goal was to determine the minimum number of operations required to reduce a positive integer `n` to `1` using specific rules for even and odd numbers. The core concepts involved recursion and decision-making based on the parity of the number. 

The solution utilized a recursive approach where:
- If `n` is even, the function divides `n` by `2`.
- If `n` is odd, it explores both options (adding or subtracting `1`) and chooses the path that results in fewer steps.

The implementation was straightforward and successfully passed the provided test cases, demonstrating that the recursive strategy effectively handled both even and odd scenarios. 

One key takeaway is the importance of considering both options when dealing with odd numbers, as this can significantly affect the number of operations needed. The recursive nature of the solution also highlights the potential for exponential growth in function calls, which could be optimized with memoization in more complex scenarios. 

The final code snippet is as follows:

```python
class Solution:
    def integerReplacement(self, n: int) -> int:
        if n == 1:
            return 0
        if n % 2 == 0:
            return 1 + self.integerReplacement(n // 2)
        else:
            return 1 + min(self.integerReplacement(n + 1), self.integerReplacement(n - 1))
``` 

This solution effectively captures the problem's requirements and provides a clear path to the answer through recursive exploration.
INFO - LM call n parse attempt 1 / 3

INFO - [Task id] 418 [prompt] 
You are an expert programmer tasked with solving the problem below.

Follow the user's instructions to solve the problem.
The user can ask for analysis, code, or both.

## Instructions
When asked to output code,
- Make sure to wrap your code in '```python' and '```' Markdown delimiters, 
- include exactly one block of code with the entire solution
- No outside libraries are allowed. 
- Builtins are allowed.
- If the task specifies a function name to be used, follow it strictly (be case sensitive!) and declare the that function last (helper functions are declared first).
- DO NOT write any assert statements / tests.

## Problem
[BEGIN PROBLEM]
Given a positive integer n and you can do operations as follow:




If n is even, replace n with n/2.
If n is odd, you can replace n with either n + 1 or n - 1.




What is the minimum number of replacements needed for n to become 1?




Example 1:

Input:
8

Output:
3

Explanation:
8 -> 4 -> 2 -> 1



Example 2:

Input:
7

Output:
4

Explanation:
7 -> 8 -> 4 -> 2 -> 1
or
7 -> 6 -> 3 -> 2 -> 1

The output code needs to use the provided function signature

The final python function should begin with: 
```python

class Solution:
    def integerReplacement(self, n: int) -> int:
        
```

[END PROBLEM]

INFO - [Task id] 418 [prompt] 
## Instructions

Reason through the problem and:
1. Restate the problem in plain English
2. Conceptualize a solution first in plain English
3. Write a pseudocode solution
4. Output the final Python 3 solution with your solution steps in comments.

Make sure to wrap your code in '```python' and '```' Markdown delimiters, 
and include exactly one block of code with the entire solution.

No outside libraries are allowed.
Builtins are allowed.

INFO - [Task id] 418 [prompt] 1. **Restatement of the Problem**: 
   The task is to determine the minimum number of operations required to reduce a positive integer `n` to `1`. The operations allowed are:
   - If `n` is even, divide it by `2`.
   - If `n` is odd, either add `1` or subtract `1`.

2. **Conceptualization of a Solution**:
   To solve this problem, we can use a recursive approach. The idea is to keep reducing `n` using the allowed operations until we reach `1`. 
   - If `n` is even, we simply divide it by `2`.
   - If `n` is odd, we have two choices: either add `1` or subtract `1`. We will choose the operation that leads to the minimum number of steps to reach `1`.

3. **Pseudocode Solution**:
   ```
   function integerReplacement(n):
       if n == 1:
           return 0  // No operations needed
       if n is even:
           return 1 + integerReplacement(n / 2)
       else:
           return 1 + min(integerReplacement(n + 1), integerReplacement(n - 1))
   ```

4. **Final Python 3 Solution**:
```python
class Solution:
    def integerReplacement(self, n: int) -> int:
        # Base case: if n is 1, no operations are needed
        if n == 1:
            return 0
        # If n is even, we can divide it by 2
        if n % 2 == 0:
            return 1 + self.integerReplacement(n // 2)
        else:
            # If n is odd, we can either add 1 or subtract 1
            return 1 + min(self.integerReplacement(n + 1), self.integerReplacement(n - 1))
```
INFO - [Task id] 418 [prompt] 
[Environment Feedback]:
    Note: Inputs/outputs here are automatically extracted/truncated so formatting may be a bit off.
    Tests passed:

     Input: [8] Output: 3

    Tests failed:
    None
[/Environment Feedback]

INFO - [Task id] 418 [prompt] 
Below is the official solution (do exercise discretion as official solutions can also have mistakes).

You will be reflecting on your attempts to solve the problem.
This will be a **standalone** document for your own future reference. (can skip formalities, be concise)

## Instructions
- Only include the most relevant insights and code snippets that could be useful in the future.
- If you did not learn much from the current experience (e.g. the problem was too easy / official solution was obvious), feel free to write less or nothing at all.
- Here are some ideas if the experience was useful:
    - If the official solution is insightful (e.g. better than yours in time and space complexity or more effective in breaking down the problem statement), distil the key approach of the official solution, step by step.
    - If your approach failed the test cases, reason why the official solution works but yours does not

Your reflection should be at most a few paragraphs.

## Official solution
class Solution:
     def integerReplacement(self, n):
         """
         :type n: int
         :rtype: int
         """
         '''
         if n == 1:
             return 0
         if not (n & 1):
             return self.integerReplacement(n//2) + 1
         return min(self.integerReplacement(n+1), self.integerReplacement(n-1)) + 1
         '''
         ans = 0
         while n > 1:
             if n % 2 == 0:
                 n = n // 2
             elif n % 4 == 1 or n == 3:
                 n -= 1
             else:
                 n += 1
             ans += 1
         return ans


INFO - [Task id] 418 [generation text] The official solution provides a more efficient approach to solving the problem of reducing a positive integer `n` to `1` using the allowed operations. While my initial recursive solution was conceptually sound, it had potential inefficiencies due to the nature of recursion, which could lead to repeated calculations for the same values of `n`.

Key insights from the official solution include:

1. **Iterative Approach**: The official solution uses a while loop to iteratively reduce `n`, which avoids the overhead of recursive function calls and stack depth issues. This is generally more efficient in terms of both time and space complexity.

2. **Handling Odd Numbers**: The official solution introduces a more nuanced approach to handling odd numbers:
   - If `n` is `3` or `n % 4 == 1`, it decrements `n` by `1`. This is because reducing `3` to `2` is optimal, and for numbers like `5`, reducing to `4` (which is even) is beneficial.
   - For other odd numbers, it increments `n` by `1`, which leads to an even number that can be halved in the next iteration.

3. **Efficiency**: The iterative method combined with the specific conditions for odd numbers allows the official solution to minimize the number of operations more effectively than a straightforward recursive approach.

Overall, the official solution is more optimal and avoids the pitfalls of recursion, making it a better choice for this problem. In future implementations, I will consider using iterative methods when dealing with problems that can lead to deep recursion or repeated calculations.
INFO - Updated entry: In this task, the goal was to determine the minimum number of operations required to reduce a positive integer `n` to `1` using specific rules for even and odd numbers. The core concepts involved recursion and decision-making based on the parity of the number. 

The solution utilized a recursive ...,

INFO - Metadata: {
    "task_id": 418
}

INFO - Updated entry: The official solution provides a more efficient approach to solving the problem of reducing a positive integer `n` to `1` using the allowed operations. While my initial recursive solution was conceptually sound, it had potential inefficiencies due to the nature of recursion, which could lead to r...,

INFO - Metadata: {
    "task_id": 418
}

INFO - LM call n parse attempt 1 / 3

INFO - [Task id] 418 [prompt] 
You are a helpful assistant that writes a description of the given function written in the Python programming language.

1) Do not mention the function name.
2) Do not mention anything about helper functions.
3) There might be some helper functions before the main function, but you only need to describe the main function.
4) Try to summarize the function in no more than 6 sentences.
5) Your response should be a single line of text.

INFO - [Task id] 418 [prompt] 
class Solution:
    def integerReplacement(self, n: int) -> int:
        # Base case: if n is 1, no operations are needed
        if n == 1:
            return 0
        # If n is even, we can divide it by 2
        if n % 2 == 0:
            return 1 + self.integerReplacement(n // 2)
        else:
            # If n is odd, we can either add 1 or subtract 1
            return 1 + min(self.integerReplacement(n + 1), self.integerReplacement(n - 1))

INFO - [Task id] 418 [generation text] The function calculates the minimum number of operations required to reduce a given integer to 1, where the allowed operations are dividing by 2 if the number is even, or adding or subtracting 1 if the number is odd. It first checks if the input is 1, in which case it returns 0 since no operations are needed. For even numbers, it recursively calls itself with the number divided by 2, adding one to the operation count. For odd numbers, it explores both possibilities of adding or subtracting 1, and returns the minimum of the two results, again adding one to the operation count. This process continues until the base case is reached. The function effectively uses recursion to explore the optimal path to reach the target value.
INFO - LM call n parse attempt 1 / 3

INFO - [Task id] 418 [prompt] 
You are a helpful assistant that extracts important information from problems and solutions to aid in searchability and education.

## Instructions
- Read through the problem and solution carefully.
- Reason out, step by step, in what scenarios this knowledge would be useful.
- Focus on general patterns and situations to help connect this knowledge to new situations.
- Then, include a list of keywords that are useful for searching this problem/solution pair.

## Response format
Respond in JSON, and follow the keys and expected format of the values strictly.

The output should be formatted as a JSON instance that conforms to the JSON schema below.

As an example, for the schema {"properties": {"foo": {"title": "Foo", "description": "a list of strings", "type": "array", "items": {"type": "string"}}}, "required": ["foo"]}
the object {"foo": ["bar", "baz"]} is a well-formatted instance of the schema. The object {"properties": {"foo": ["bar", "baz"]}} is not well-formatted.

Here is the output schema:
```
{"properties": {"scenarios": {"description": "In what scenarios will this knowledge be useful? Answer in a paragraph.", "title": "Scenarios", "type": "string"}, "keywords": {"description": "List of keywords that are useful for searching this problem/solution pair", "items": {"type": "string"}, "title": "Keywords", "type": "array"}}, "required": ["scenarios", "keywords"]}
```

INFO - [Task id] 418 [prompt] 
[Problem]
    Given a positive integer n and you can do operations as follow:




    If n is even, replace n with n/2.
    If n is odd, you can replace n with either n + 1 or n - 1.




    What is the minimum number of replacements needed for n to become 1?




    Example 1:

    Input:
    8

    Output:
    3

    Explanation:
    8 -> 4 -> 2 -> 1



    Example 2:

    Input:
    7

    Output:
    4

    Explanation:
    7 -> 8 -> 4 -> 2 -> 1
    or
    7 -> 6 -> 3 -> 2 -> 1
[/Problem]

[Solution]

    class Solution:
        def integerReplacement(self, n: int) -> int:
            # Base case: if n is 1, no operations are needed
            if n == 1:
                return 0
            # If n is even, we can divide it by 2
            if n % 2 == 0:
                return 1 + self.integerReplacement(n // 2)
            else:
                # If n is odd, we can either add 1 or subtract 1
                return 1 + min(self.integerReplacement(n + 1), self.integerReplacement(n - 1))

[/Solution]

INFO - [Task id] 418 [generation text] 
INFO - {
    "scenarios": "This knowledge is useful in scenarios where one needs to optimize operations on integers, particularly in algorithm design and competitive programming. It can be applied in problems involving number transformations, dynamic programming, or recursive problem-solving techniques. Understanding how to minimize operations can also be beneficial in real-world applications such as resource management, where reducing steps or costs is crucial.",
    "keywords": [
        "integer replacement",
        "minimum operations",
        "recursive algorithm",
        "dynamic programming",
        "number transformation",
        "competitive programming",
        "optimization problems"
    ]
}
INFO - {
    "scenarios": "This knowledge is useful in scenarios where one needs to optimize operations on integers, particularly in algorithm design and competitive programming. It can be applied in problems involving number transformations, dynamic programming, or recursive problem-solving techniques. Understanding how to minimize operations can also be beneficial in real-world applications such as resource management, where reducing steps or costs is crucial.",
    "keywords": [
        "integer replacement",
        "minimum operations",
        "recursive algorithm",
        "dynamic programming",
        "number transformation",
        "competitive programming",
        "optimization problems"
    ]
}
INFO - Updated entry: 
[description]
The function calculates the minimum number of operations required to reduce a given integer to 1, where the allowed operations are dividing by 2 if the number is even, or adding or subtracting 1 if the number is odd. It first checks if the input is 1, in which case it returns 0 sin...,

INFO - Metadata: {
    "task": 418,
    "code": "\nclass Solution:\n    def integerReplacement(self, n: int) -> int:\n        # Base case: if n is 1, no operations are needed\n        if n == 1:\n            return 0\n        # If n is even, we can divide it by 2\n        if n % 2 == 0:\n            return 1 + se...

