INFO - DB skill doc count: 0

INFO - DB non_func doc count: 64

INFO - DB semantic doc count: 429

INFO - DB summaries doc count: 84

INFO - DB reflections doc count: 84

INFO - DB episodic doc count: 156

INFO - [train iter]: 84/100 

INFO - The task prompt is A despotic king decided that his kingdom needed to be rid of corruption and disparity. He called his prime minister and ordered that all corrupt citizens be put to death. Moreover, he wanted this done quickly.
The wily prime minister realised that investigating every citizen to decide who was cor...

INFO - Attempting task_id 1319
INFO - LM call n parse attempt 1 / 3

INFO - [Task id] 1319 [prompt] 
You are an expert programmer tasked with solving the problem below.

Follow the user's instructions to solve the problem.
The user can ask for analysis, code, or both.

## Instructions
When asked to output code,
- Make sure to wrap your code in '```python' and '```' Markdown delimiters, 
- include exactly one block of code with the entire solution
- No outside libraries are allowed. 
- Builtins are allowed.
- If the task specifies a function name to be used, follow it strictly (be case sensitive!) and declare the that function last (helper functions are declared first).
- DO NOT write any assert statements / tests.

## Problem
[BEGIN PROBLEM]
A despotic king decided that his kingdom needed to be rid of corruption and disparity. He called his prime minister and ordered that all corrupt citizens be put to death. Moreover, he wanted this done quickly.
The wily prime minister realised that investigating every citizen to decide who was corrupt and who was not was rather difficult. So he decided on the following plan: He ordered all the citizens to appear in the court one by one and declare their wealth.
The king does not sit in the court all the time (he has other important business to attend to - for instance, meet dignitaries from neighbouring kingdoms, spend time with his family …) Whenever the king walks into the court, the prime minister pulls out the richest man who has appeared before the court so far and is still alive and beheads him for being corrupt. Since the rich are more likely to be corrupt, he hopes to get rid of most of the corrupt and the king is happy as he sees his policy being implemented enthusiastically.
Suppose the wealth of the citizens trooping into the court is
1376518911241376518911241\; 3\; 7\; 6\; 5\; 18\;  9\; 11\;  2\; 4
and the king walked in three times: the first time after the first four persons have seen the minister, the second time after the first five persons have seen the minister and, finally after the first nine persons have seen the minister.
At the king's first visit the richest person to have met the minister has wealth $7$ and he would be beheaded. At the second visit, the wealth of the richest person who has met the minister and is still alive has wealth $6$ and so he would be beheaded. At the third visit the richest person to have met the minister who is still alive has wealth $18$ and so he would be beheaded.
You may assume that the input is such that whenever the king walks in, it is always possible to behead someone.
Your aim is to write a program that will enable the prime minister to identify the richest man to have met the minister and who is still alive quickly. You may assume that no two citizens have the same wealth.

-----Input:-----
The first line of the input consists of two numbers $N$ and $M$, where $N$ is the number of citizens in the kingdom and M is the number of visits to the court by the king.
The next $N+M$ lines describe the order in which the $N$ citizens' appearances are interleaved with the $M$ visits by the king. A citizen's visit is denoted by a positive integer, signifying his wealth. You may assume that no two citizens have the same wealth. A visit by the king is denoted by $-1$.

-----Output:-----
Your output should consist of $M$ lines, where the $i^{th}$ line contains the wealth of the citizen who is beheaded at the $i^{th}$ visit of the king.

-----Constraints:-----
- $1 \leq M \leq 10000$.
- $1 \leq N \leq 100000$.
- You may assume that in $50 \%$ of the inputs $1 \leq M \leq 1000$ and $1 \leq N \leq 8000$.

-----Sample Input-----
10 3
1 
3 
7 
6 
-1 
5 
-1 
18 
9 
11
2
-1
4

-----Sample Output-----
7
6
18

The output code needs to read from and write to standard IO


[END PROBLEM]

INFO - [Task id] 1319 [prompt] 
## Instructions

Reason through the problem and:
1. Restate the problem in plain English
2. Conceptualize a solution first in plain English
3. Write a pseudocode solution
4. Output the final Python 3 solution with your solution steps in comments.

Make sure to wrap your code in '```python' and '```' Markdown delimiters, 
and include exactly one block of code with the entire solution.

No outside libraries are allowed.
Builtins are allowed.

INFO - [Task id] 1319 [generation text] 1. **Restate the problem in plain English:**
   The king wants to eliminate corrupt citizens based on their wealth. Citizens declare their wealth one by one, and whenever the king visits, the prime minister must identify and behead the richest citizen who has declared their wealth up to that point and is still alive. The input consists of a sequence of wealth declarations and king's visits, and the output should be the wealth of the citizens beheaded during each of the king's visits.

2. **Conceptualize a solution first in plain English:**
   We need to keep track of the wealth of citizens as they declare it. When the king visits, we need to quickly find the richest citizen who has declared their wealth and has not been beheaded yet. To do this efficiently, we can use a max-heap (or a priority queue) to keep track of the wealth of citizens. Each time a citizen declares their wealth, we add it to the heap. When the king visits, we pop the maximum wealth from the heap, which represents the richest citizen to be beheaded. We also need to ensure that we only consider citizens who are still alive.

3. **Write a pseudocode solution:**
   ```
   Initialize an empty max-heap
   Initialize an empty list for results

   For each input line:
       If the line is a positive integer (wealth):
           Push the wealth into the max-heap
       Else if the line is -1 (king's visit):
           Pop the maximum wealth from the max-heap
           Append this wealth to the results list

   Print each wealth in the results list
   ```

4. **Output the final Python 3 solution with your solution steps in comments:**
```python
import heapq

def behead_citizens():
    # Read the first line of input to get N and M
    first_line = input().strip().split()
    N = int(first_line[0])
    M = int(first_line[1])
    
    # Initialize a max-heap (using negative values for max-heap simulation)
    max_heap = []
    results = []
    
    # Process each of the next N + M lines
    for _ in range(N + M):
        line = input().strip()
        if line == '-1':
            # King visits, pop the richest citizen from the heap
            richest = -heapq.heappop(max_heap)  # Negate to get the original wealth
            results.append(richest)
        else:
            # Citizen declares their wealth
            wealth = int(line)
            heapq.heappush(max_heap, -wealth)  # Negate to simulate max-heap
    
    # Output the results for each king's visit
    for result in results:
        print(result)

```
INFO - [35m Rollout attempt 1/4[0m
INFO - [33m Retrieving 1 entries for db: episodic 
 [0m
INFO - Retrieved (score=0.4175):

[Task]:
    In the year 4242, the language Haskell has evolved so much that it has become an AI. It can solve very challenging problems, in very little time. Humanity is worried that Haskell will take over the world. All hopes remain tied to the Competitive Programming community as they are the ...


INFO - [33m Retrieving 1 entries for db: semantic 
 [0m
INFO - Retrieved (score=0.4839):
Title: Games on arbitrary graphs
Part: 2/2
```

## Example: "Policeman and thief"

Here is a concrete example of such a game.

There is $m \times n$ board.
Some of the cells cannot be entered.
The initial coordinates of the police officer and of the thief are known.
One of the cells is the exit.
...


INFO - [33m Retrieving 1 entries for db: reflections 
 [0m
INFO - Retrieved (score=0.4353):
In this exercise, I learned the importance of integrating input/output handling with the core logic of the solution. My initial implementation focused solely on the function to calculate the maximum number of chocolates Anushka could buy, neglecting to include the necessary code to read inputs an...


INFO - [33m Retrieving 1 entries for db: summaries 
 [0m
INFO - Retrieved (score=0.3982):
In this task, I was required to determine the winner of a billiards game based on the maximum lead achieved by either player over several rounds. The core concepts involved cumulative score tracking, lead calculation, and determining the player with the maximum lead at any point in the game.

The...


INFO - [33m Retrieving 1 entries for db: non_func 
 [0m
INFO - Retrieved (score=0.4942):

[description for function: maxMoney]
This function calculates the maximum amount of money that can be collected by selecting a specified number of elements from both ends of a list. It iterates through all possible combinations of elements taken from the left and right sides, summing their value...


INFO - Retrieved (score=0.3982): 
[Summary]:
    In this task, I was required to determine the winner of a billiards game based on the maximum lead achieved by either player over several rounds. The core concepts involved cumulative score tracking, lead calculation, and determining the player with the maximum lead at any point i...
INFO - LM call n parse attempt 1 / 3

INFO - [Task id] 1319 [prompt] 
You are an expert programmer tasked with solving the problem below.

Follow the user's instructions to solve the problem.
The user can ask for analysis, code, or both.

## Instructions
When asked to output code,
- Make sure to wrap your code in '```python' and '```' Markdown delimiters, 
- include exactly one block of code with the entire solution
- No outside libraries are allowed. 
- Builtins are allowed.
- If the task specifies a function name to be used, follow it strictly (be case sensitive!) and declare the that function last (helper functions are declared first).
- DO NOT write any assert statements / tests.

## Problem
[BEGIN PROBLEM]
A despotic king decided that his kingdom needed to be rid of corruption and disparity. He called his prime minister and ordered that all corrupt citizens be put to death. Moreover, he wanted this done quickly.
The wily prime minister realised that investigating every citizen to decide who was corrupt and who was not was rather difficult. So he decided on the following plan: He ordered all the citizens to appear in the court one by one and declare their wealth.
The king does not sit in the court all the time (he has other important business to attend to - for instance, meet dignitaries from neighbouring kingdoms, spend time with his family …) Whenever the king walks into the court, the prime minister pulls out the richest man who has appeared before the court so far and is still alive and beheads him for being corrupt. Since the rich are more likely to be corrupt, he hopes to get rid of most of the corrupt and the king is happy as he sees his policy being implemented enthusiastically.
Suppose the wealth of the citizens trooping into the court is
1376518911241376518911241\; 3\; 7\; 6\; 5\; 18\;  9\; 11\;  2\; 4
and the king walked in three times: the first time after the first four persons have seen the minister, the second time after the first five persons have seen the minister and, finally after the first nine persons have seen the minister.
At the king's first visit the richest person to have met the minister has wealth $7$ and he would be beheaded. At the second visit, the wealth of the richest person who has met the minister and is still alive has wealth $6$ and so he would be beheaded. At the third visit the richest person to have met the minister who is still alive has wealth $18$ and so he would be beheaded.
You may assume that the input is such that whenever the king walks in, it is always possible to behead someone.
Your aim is to write a program that will enable the prime minister to identify the richest man to have met the minister and who is still alive quickly. You may assume that no two citizens have the same wealth.

-----Input:-----
The first line of the input consists of two numbers $N$ and $M$, where $N$ is the number of citizens in the kingdom and M is the number of visits to the court by the king.
The next $N+M$ lines describe the order in which the $N$ citizens' appearances are interleaved with the $M$ visits by the king. A citizen's visit is denoted by a positive integer, signifying his wealth. You may assume that no two citizens have the same wealth. A visit by the king is denoted by $-1$.

-----Output:-----
Your output should consist of $M$ lines, where the $i^{th}$ line contains the wealth of the citizen who is beheaded at the $i^{th}$ visit of the king.

-----Constraints:-----
- $1 \leq M \leq 10000$.
- $1 \leq N \leq 100000$.
- You may assume that in $50 \%$ of the inputs $1 \leq M \leq 1000$ and $1 \leq N \leq 8000$.

-----Sample Input-----
10 3
1 
3 
7 
6 
-1 
5 
-1 
18 
9 
11
2
-1
4

-----Sample Output-----
7
6
18

The output code needs to read from and write to standard IO


[END PROBLEM]

INFO - [Task id] 1319 [prompt] 
## Instructions

Reason through the problem and:
1. Restate the problem in plain English
2. Conceptualize a solution first in plain English
3. Write a pseudocode solution
4. Output the final Python 3 solution with your solution steps in comments.

Make sure to wrap your code in '```python' and '```' Markdown delimiters, 
and include exactly one block of code with the entire solution.

No outside libraries are allowed.
Builtins are allowed.

INFO - [Task id] 1319 [prompt] 
Also, here are some of your memories.
Feel free to use the given information to aid your problem solving process if necessary.
Do not confuse the memories with the problem statement.

## Memories

[Summary]:
    In this task, I was required to determine the winner of a billiards game based on the maximum lead achieved by either player over several rounds. The core concepts involved cumulative score tracking, lead calculation, and determining the player with the maximum lead at any point in the game.

    The solution involved initializing cumulative scores for both players, reading the number of rounds, and processing each round's scores. After updating the cumulative scores, I calculated the current lead and checked if it exceeded the maximum lead recorded so far. If it did, I updated the maximum lead and the corresponding winner.

    The final implementation was straightforward and successfully passed the provided test case. The code effectively handled the input and output requirements, ensuring that the results were printed in the specified format. The approach was efficient, with a time complexity of O(N), where N is the number of rounds, which is suitable given the constraints. 

    Overall, the experience reinforced the importance of careful score tracking and lead calculation in competitive scenarios, and the solution was implemented without any unexpected errors. The final code snippet is as follows:

    ```python
    def find_winner_and_lead():
        cumulative_score_player1 = 0
        cumulative_score_player2 = 0
        max_lead = 0
        winner = 0

        N = int(input())
    
        for _ in range(N):
            scores = input().split()
            score_player1 = int(scores[0])
            score_player2 = int(scores[1])
        
            cumulative_score_player1 += score_player1
            cumulative_score_player2 += score_player2
        
            if cumulative_score_player1 > cumulative_score_player2:
                current_lead = cumulative_score_player1 - cumulative_score_player2
                current_leader = 1
            else:
                current_lead = cumulative_score_player2 - cumulative_score_player1
                current_leader = 2
        
            if current_lead > max_lead:
                max_lead = current_lead
                winner = current_leader

        print(winner, max_lead)

    find_winner_and_lead()
    ```
[/Summary]


INFO - [Task id] 1319 [generation text] 1. **Restate the problem in plain English:**
   The problem involves a king who wants to eliminate corrupt citizens based on their wealth. Citizens declare their wealth one by one, and whenever the king visits, the prime minister must identify and behead the richest citizen who has appeared so far and is still alive. The input consists of the number of citizens and the number of king's visits, followed by a sequence of wealth declarations and king's visits. The output should be the wealth of the citizens beheaded during each of the king's visits.

2. **Conceptualize a solution first in plain English:**
   We need to keep track of the wealth of citizens as they declare it. When the king visits, we should quickly find the richest citizen who has declared their wealth and has not been beheaded yet. To efficiently manage this, we can use a list to store the wealth of citizens and a variable to keep track of the richest citizen. Each time the king visits, we will find the maximum wealth from the list of declared citizens, mark that citizen as beheaded, and then output their wealth.

3. **Write a pseudocode solution:**
   ```
   Initialize an empty list to store the wealth of citizens
   Initialize an empty set to keep track of beheaded citizens
   Read N and M from input
   For each of the next N + M lines:
       If the line is a positive integer (wealth):
           Append the wealth to the list
       Else if the line is -1 (king's visit):
           Find the maximum wealth from the list of citizens who are not beheaded
           Mark that citizen as beheaded
           Output the wealth of the beheaded citizen
   ```

4. **Output the final Python 3 solution with your solution steps in comments:**
```python
def find_richest_citizens():
    # Initialize a list to store the wealth of citizens
    wealth_list = []
    # Initialize a set to keep track of beheaded citizens
    beheaded = set()
    
    # Read N (number of citizens) and M (number of king's visits)
    N, M = map(int, input().split())
    
    # Process the next N + M lines
    for _ in range(N + M):
        line = input().strip()
        if line == '-1':
            # King visits, find the richest citizen who is not beheaded
            richest_wealth = -1
            richest_index = -1
            
            for index, wealth in enumerate(wealth_list):
                if index not in beheaded and wealth > richest_wealth:
                    richest_wealth = wealth
                    richest_index = index
            
            # Mark the richest citizen as beheaded
            beheaded.add(richest_index)
            # Output the wealth of the beheaded citizen
            print(richest_wealth)
        else:
            # Add the wealth of the citizen to the list
            wealth_list.append(int(line))

# Call the function to execute the solution
find_richest_citizens()
```
INFO - program_code:
 
def find_richest_citizens():
    # Initialize a list to store the wealth of citizens
    wealth_list = []
    # Initialize a set to keep track of beheaded citizens
    beheaded = set()
    
    # Read N (number of citizens) and M (number of king's visits)
    N, M = map(int, input().split())
    
    # Process the next N + M lines
    for _ in range(N + M):
        line = input().strip()
        if line == '-1':
            # King visits, find the richest citizen who is not beheaded
            richest_wealth = -1
            richest_index = -1
            
            for index, wealth in enumerate(wealth_list):
                if index not in beheaded and wealth > richest_wealth:
                    richest_wealth = wealth
                    richest_index = index
            
            # Mark the richest citizen as beheaded
            beheaded.add(richest_index)
            # Output the wealth of the beheaded citizen
            print(richest_wealth)
        else:
            # Add the wealth of the citizen to the list
            wealth_list.append(int(line))

# Call the function to execute the solution
find_richest_citizens()


INFO - program_name:
 find_richest_citizens

INFO - dependencies:
 []

INFO - raw_msg:
 1. **Restate the problem in plain English:**
   The problem involves a king who wants to eliminate corrupt citizens based on their wealth. Citizens declare their wealth one by one, and whenever the king visits, the prime minister must identify and behead the richest citizen who has appeared so far and is still alive. The input consists of the number of citizens and the number of king's visits, followed by a sequence of wealth declarations and king's visits. The output should be the wealth of the citizens beheaded during each of the king's visits.

2. **Conceptualize a solution first in plain English:**
   We need to keep track of the wealth of citizens as they declare it. When the king visits, we should quickly find the richest citizen who has declared their wealth and has not been beheaded yet. To efficiently manage this, we can use a list to store the wealth of citizens and a variable to keep track of the richest citizen. Each time the king visits, we will find the maximum wealth from the list of declared citizens, mark that citizen as beheaded, and then output their wealth.

3. **Write a pseudocode solution:**
   ```
   Initialize an empty list to store the wealth of citizens
   Initialize an empty set to keep track of beheaded citizens
   Read N and M from input
   For each of the next N + M lines:
       If the line is a positive integer (wealth):
           Append the wealth to the list
       Else if the line is -1 (king's visit):
           Find the maximum wealth from the list of citizens who are not beheaded
           Mark that citizen as beheaded
           Output the wealth of the beheaded citizen
   ```

4. **Output the final Python 3 solution with your solution steps in comments:**
```python
def find_richest_citizens():
    # Initialize a list to store the wealth of citizens
    wealth_list = []
    # Initialize a set to keep track of beheaded citizens
    beheaded = set()
    
    # Read N (number of citizens) and M (number of king's visits)
    N, M = map(int, input().split())
    
    # Process the next N + M lines
    for _ in range(N + M):
        line = input().strip()
        if line == '-1':
            # King visits, find the richest citizen who is not beheaded
            richest_wealth = -1
            richest_index = -1
            
            for index, wealth in enumerate(wealth_list):
                if index not in beheaded and wealth > richest_wealth:
                    richest_wealth = wealth
                    richest_index = index
            
            # Mark the richest citizen as beheaded
            beheaded.add(richest_index)
            # Output the wealth of the beheaded citizen
            print(richest_wealth)
        else:
            # Add the wealth of the citizen to the list
            wealth_list.append(int(line))

# Call the function to execute the solution
find_richest_citizens()
```

INFO - no_parent:
 False

INFO - full code to be executed: 
 
def find_richest_citizens():
    # Initialize a list to store the wealth of citizens
    wealth_list = []
    # Initialize a set to keep track of beheaded citizens
    beheaded = set()
    
    # Read N (number of citizens) and M (number of king's visits)
    N, M = map(int, input().split())
    
    # Process the next N + M lines
    for _ in range(N + M):
        line = input().strip()
        if line == '-1':
            # King visits, find the richest citizen who is not beheaded
            richest_wealth = -1
            richest_index = -1
            
            for index, wealth in enumerate(wealth_list):
                if index not in beheaded and wealth > richest_wealth:
                    richest_wealth = wealth
                    richest_index = index
            
            # Mark the richest citizen as beheaded
            beheaded.add(richest_index)
            # Output the wealth of the beheaded citizen
            print(richest_wealth)
        else:
            # Add the wealth of the citizen to the list
            wealth_list.append(int(line))

# Call the function to execute the solution
find_richest_citizens()


INFO - obs: Note: Inputs/outputs here are automatically extracted/truncated so formatting may be a bit off.
Tests passed:

 Input: ['10 3', '1', '3', '7', '6', '-1', '5', '-1', '18', '9', '11', '2', '-1', '4'] Output: 7
6
18

Tests failed:
None
reward: True
done: None
info: {'individual_results': [True]}
INFO - Updated entry: 
[Task]:
    A despotic king decided that his kingdom needed to be rid of corruption and disparity. He called his prime minister and ordered that all corrupt citizens be put to death. Moreover, he wanted this done quickly.
    The wily prime minister realised that investigating every citizen to d...,

INFO - Metadata: {
    "raw_msg": "1. **Restate the problem in plain English:**\n   The problem involves a king who wants to eliminate corrupt citizens based on their wealth. Citizens declare their wealth one by one, and whenever the king visits, the prime minister must identify and behead the richest citizen who...

INFO - LM call n parse attempt 1 / 3

INFO - [Task id] 1319 [prompt] 
You are an expert programmer tasked with solving the problem below.

Follow the user's instructions to solve the problem.
The user can ask for analysis, code, or both.

## Instructions
When asked to output code,
- Make sure to wrap your code in '```python' and '```' Markdown delimiters, 
- include exactly one block of code with the entire solution
- No outside libraries are allowed. 
- Builtins are allowed.
- If the task specifies a function name to be used, follow it strictly (be case sensitive!) and declare the that function last (helper functions are declared first).
- DO NOT write any assert statements / tests.

## Problem
[BEGIN PROBLEM]
A despotic king decided that his kingdom needed to be rid of corruption and disparity. He called his prime minister and ordered that all corrupt citizens be put to death. Moreover, he wanted this done quickly.
The wily prime minister realised that investigating every citizen to decide who was corrupt and who was not was rather difficult. So he decided on the following plan: He ordered all the citizens to appear in the court one by one and declare their wealth.
The king does not sit in the court all the time (he has other important business to attend to - for instance, meet dignitaries from neighbouring kingdoms, spend time with his family …) Whenever the king walks into the court, the prime minister pulls out the richest man who has appeared before the court so far and is still alive and beheads him for being corrupt. Since the rich are more likely to be corrupt, he hopes to get rid of most of the corrupt and the king is happy as he sees his policy being implemented enthusiastically.
Suppose the wealth of the citizens trooping into the court is
1376518911241376518911241\; 3\; 7\; 6\; 5\; 18\;  9\; 11\;  2\; 4
and the king walked in three times: the first time after the first four persons have seen the minister, the second time after the first five persons have seen the minister and, finally after the first nine persons have seen the minister.
At the king's first visit the richest person to have met the minister has wealth $7$ and he would be beheaded. At the second visit, the wealth of the richest person who has met the minister and is still alive has wealth $6$ and so he would be beheaded. At the third visit the richest person to have met the minister who is still alive has wealth $18$ and so he would be beheaded.
You may assume that the input is such that whenever the king walks in, it is always possible to behead someone.
Your aim is to write a program that will enable the prime minister to identify the richest man to have met the minister and who is still alive quickly. You may assume that no two citizens have the same wealth.

-----Input:-----
The first line of the input consists of two numbers $N$ and $M$, where $N$ is the number of citizens in the kingdom and M is the number of visits to the court by the king.
The next $N+M$ lines describe the order in which the $N$ citizens' appearances are interleaved with the $M$ visits by the king. A citizen's visit is denoted by a positive integer, signifying his wealth. You may assume that no two citizens have the same wealth. A visit by the king is denoted by $-1$.

-----Output:-----
Your output should consist of $M$ lines, where the $i^{th}$ line contains the wealth of the citizen who is beheaded at the $i^{th}$ visit of the king.

-----Constraints:-----
- $1 \leq M \leq 10000$.
- $1 \leq N \leq 100000$.
- You may assume that in $50 \%$ of the inputs $1 \leq M \leq 1000$ and $1 \leq N \leq 8000$.

-----Sample Input-----
10 3
1 
3 
7 
6 
-1 
5 
-1 
18 
9 
11
2
-1
4

-----Sample Output-----
7
6
18

The output code needs to read from and write to standard IO


[END PROBLEM]

INFO - [Task id] 1319 [prompt] 
## Instructions

Reason through the problem and:
1. Restate the problem in plain English
2. Conceptualize a solution first in plain English
3. Write a pseudocode solution
4. Output the final Python 3 solution with your solution steps in comments.

Make sure to wrap your code in '```python' and '```' Markdown delimiters, 
and include exactly one block of code with the entire solution.

No outside libraries are allowed.
Builtins are allowed.

INFO - [Task id] 1319 [prompt] 1. **Restate the problem in plain English:**
   The problem involves a king who wants to eliminate corrupt citizens based on their wealth. Citizens declare their wealth one by one, and whenever the king visits, the prime minister must identify and behead the richest citizen who has appeared so far and is still alive. The input consists of the number of citizens and the number of king's visits, followed by a sequence of wealth declarations and king's visits. The output should be the wealth of the citizens beheaded during each of the king's visits.

2. **Conceptualize a solution first in plain English:**
   We need to keep track of the wealth of citizens as they declare it. When the king visits, we should quickly find the richest citizen who has declared their wealth and has not been beheaded yet. To efficiently manage this, we can use a list to store the wealth of citizens and a variable to keep track of the richest citizen. Each time the king visits, we will find the maximum wealth from the list of declared citizens, mark that citizen as beheaded, and then output their wealth.

3. **Write a pseudocode solution:**
   ```
   Initialize an empty list to store the wealth of citizens
   Initialize an empty set to keep track of beheaded citizens
   Read N and M from input
   For each of the next N + M lines:
       If the line is a positive integer (wealth):
           Append the wealth to the list
       Else if the line is -1 (king's visit):
           Find the maximum wealth from the list of citizens who are not beheaded
           Mark that citizen as beheaded
           Output the wealth of the beheaded citizen
   ```

4. **Output the final Python 3 solution with your solution steps in comments:**
```python
def find_richest_citizens():
    # Initialize a list to store the wealth of citizens
    wealth_list = []
    # Initialize a set to keep track of beheaded citizens
    beheaded = set()
    
    # Read N (number of citizens) and M (number of king's visits)
    N, M = map(int, input().split())
    
    # Process the next N + M lines
    for _ in range(N + M):
        line = input().strip()
        if line == '-1':
            # King visits, find the richest citizen who is not beheaded
            richest_wealth = -1
            richest_index = -1
            
            for index, wealth in enumerate(wealth_list):
                if index not in beheaded and wealth > richest_wealth:
                    richest_wealth = wealth
                    richest_index = index
            
            # Mark the richest citizen as beheaded
            beheaded.add(richest_index)
            # Output the wealth of the beheaded citizen
            print(richest_wealth)
        else:
            # Add the wealth of the citizen to the list
            wealth_list.append(int(line))

# Call the function to execute the solution
find_richest_citizens()
```
INFO - [Task id] 1319 [prompt] 
[Environment Feedback]:
    Note: Inputs/outputs here are automatically extracted/truncated so formatting may be a bit off.
    Tests passed:

     Input: ['10 3', '1', '3', '7', '6', '-1', '5', '-1', '18', '9', '11', '2', '-1', '4'] Output: 7
    6
    18

    Tests failed:
    None
[/Environment Feedback]

INFO - [Task id] 1319 [prompt] 
## Instructions
Now, summarize your attempts as a **standalone** document for your own future reference. (can skip formalities, be concise)

- Only include the most relevant information and code snippets that could be useful in the future.
- If you did not learn much from the current experience (e.g. the problem was too easy), feel free to write less or nothing at all.
- Here are some ideas if the experience was useful:
    - Identifying the core concepts and patterns that problem appears to test for
    - Describing the strategies that seemed to work but did not, and vice versa
    - Describing unexpected errors and how they were fixed

Your summary should be at most a few paragraphs.

INFO - [Task id] 1319 [generation text] In this task, I was required to implement a solution for a problem involving a king who beheads the richest citizen after each of his visits to the court. The challenge was to efficiently track the wealth of citizens and identify the richest one who had not been beheaded yet.

The core concept tested here was the ability to manage a dynamic list of citizens' wealth while efficiently finding the maximum value during each of the king's visits. I used a list to store the wealth and a set to track which citizens had been beheaded. The approach involved iterating through the wealth list to find the richest citizen during each visit, which worked well for the given constraints.

One potential inefficiency in the solution was the linear search for the richest citizen during each visit, which could be improved with a more sophisticated data structure like a max-heap. However, given the constraints and the simplicity of the problem, the implemented solution was sufficient.

The final code successfully handled the input and produced the correct output, demonstrating that the approach was effective for the problem at hand. The solution is as follows:

```python
def find_richest_citizens():
    wealth_list = []
    beheaded = set()
    N, M = map(int, input().split())
    
    for _ in range(N + M):
        line = input().strip()
        if line == '-1':
            richest_wealth = -1
            richest_index = -1
            
            for index, wealth in enumerate(wealth_list):
                if index not in beheaded and wealth > richest_wealth:
                    richest_wealth = wealth
                    richest_index = index
            
            beheaded.add(richest_index)
            print(richest_wealth)
        else:
            wealth_list.append(int(line))

find_richest_citizens()
``` 

This experience reinforced the importance of understanding data structures and their implications on performance, especially in scenarios involving frequent updates and queries.
INFO - LM call n parse attempt 1 / 3

INFO - [Task id] 1319 [prompt] 
You are an expert programmer tasked with solving the problem below.

Follow the user's instructions to solve the problem.
The user can ask for analysis, code, or both.

## Instructions
When asked to output code,
- Make sure to wrap your code in '```python' and '```' Markdown delimiters, 
- include exactly one block of code with the entire solution
- No outside libraries are allowed. 
- Builtins are allowed.
- If the task specifies a function name to be used, follow it strictly (be case sensitive!) and declare the that function last (helper functions are declared first).
- DO NOT write any assert statements / tests.

## Problem
[BEGIN PROBLEM]
A despotic king decided that his kingdom needed to be rid of corruption and disparity. He called his prime minister and ordered that all corrupt citizens be put to death. Moreover, he wanted this done quickly.
The wily prime minister realised that investigating every citizen to decide who was corrupt and who was not was rather difficult. So he decided on the following plan: He ordered all the citizens to appear in the court one by one and declare their wealth.
The king does not sit in the court all the time (he has other important business to attend to - for instance, meet dignitaries from neighbouring kingdoms, spend time with his family …) Whenever the king walks into the court, the prime minister pulls out the richest man who has appeared before the court so far and is still alive and beheads him for being corrupt. Since the rich are more likely to be corrupt, he hopes to get rid of most of the corrupt and the king is happy as he sees his policy being implemented enthusiastically.
Suppose the wealth of the citizens trooping into the court is
1376518911241376518911241\; 3\; 7\; 6\; 5\; 18\;  9\; 11\;  2\; 4
and the king walked in three times: the first time after the first four persons have seen the minister, the second time after the first five persons have seen the minister and, finally after the first nine persons have seen the minister.
At the king's first visit the richest person to have met the minister has wealth $7$ and he would be beheaded. At the second visit, the wealth of the richest person who has met the minister and is still alive has wealth $6$ and so he would be beheaded. At the third visit the richest person to have met the minister who is still alive has wealth $18$ and so he would be beheaded.
You may assume that the input is such that whenever the king walks in, it is always possible to behead someone.
Your aim is to write a program that will enable the prime minister to identify the richest man to have met the minister and who is still alive quickly. You may assume that no two citizens have the same wealth.

-----Input:-----
The first line of the input consists of two numbers $N$ and $M$, where $N$ is the number of citizens in the kingdom and M is the number of visits to the court by the king.
The next $N+M$ lines describe the order in which the $N$ citizens' appearances are interleaved with the $M$ visits by the king. A citizen's visit is denoted by a positive integer, signifying his wealth. You may assume that no two citizens have the same wealth. A visit by the king is denoted by $-1$.

-----Output:-----
Your output should consist of $M$ lines, where the $i^{th}$ line contains the wealth of the citizen who is beheaded at the $i^{th}$ visit of the king.

-----Constraints:-----
- $1 \leq M \leq 10000$.
- $1 \leq N \leq 100000$.
- You may assume that in $50 \%$ of the inputs $1 \leq M \leq 1000$ and $1 \leq N \leq 8000$.

-----Sample Input-----
10 3
1 
3 
7 
6 
-1 
5 
-1 
18 
9 
11
2
-1
4

-----Sample Output-----
7
6
18

The output code needs to read from and write to standard IO


[END PROBLEM]

INFO - [Task id] 1319 [prompt] 
## Instructions

Reason through the problem and:
1. Restate the problem in plain English
2. Conceptualize a solution first in plain English
3. Write a pseudocode solution
4. Output the final Python 3 solution with your solution steps in comments.

Make sure to wrap your code in '```python' and '```' Markdown delimiters, 
and include exactly one block of code with the entire solution.

No outside libraries are allowed.
Builtins are allowed.

INFO - [Task id] 1319 [prompt] 1. **Restate the problem in plain English:**
   The problem involves a king who wants to eliminate corrupt citizens based on their wealth. Citizens declare their wealth one by one, and whenever the king visits, the prime minister must identify and behead the richest citizen who has appeared so far and is still alive. The input consists of the number of citizens and the number of king's visits, followed by a sequence of wealth declarations and king's visits. The output should be the wealth of the citizens beheaded during each of the king's visits.

2. **Conceptualize a solution first in plain English:**
   We need to keep track of the wealth of citizens as they declare it. When the king visits, we should quickly find the richest citizen who has declared their wealth and has not been beheaded yet. To efficiently manage this, we can use a list to store the wealth of citizens and a variable to keep track of the richest citizen. Each time the king visits, we will find the maximum wealth from the list of declared citizens, mark that citizen as beheaded, and then output their wealth.

3. **Write a pseudocode solution:**
   ```
   Initialize an empty list to store the wealth of citizens
   Initialize an empty set to keep track of beheaded citizens
   Read N and M from input
   For each of the next N + M lines:
       If the line is a positive integer (wealth):
           Append the wealth to the list
       Else if the line is -1 (king's visit):
           Find the maximum wealth from the list of citizens who are not beheaded
           Mark that citizen as beheaded
           Output the wealth of the beheaded citizen
   ```

4. **Output the final Python 3 solution with your solution steps in comments:**
```python
def find_richest_citizens():
    # Initialize a list to store the wealth of citizens
    wealth_list = []
    # Initialize a set to keep track of beheaded citizens
    beheaded = set()
    
    # Read N (number of citizens) and M (number of king's visits)
    N, M = map(int, input().split())
    
    # Process the next N + M lines
    for _ in range(N + M):
        line = input().strip()
        if line == '-1':
            # King visits, find the richest citizen who is not beheaded
            richest_wealth = -1
            richest_index = -1
            
            for index, wealth in enumerate(wealth_list):
                if index not in beheaded and wealth > richest_wealth:
                    richest_wealth = wealth
                    richest_index = index
            
            # Mark the richest citizen as beheaded
            beheaded.add(richest_index)
            # Output the wealth of the beheaded citizen
            print(richest_wealth)
        else:
            # Add the wealth of the citizen to the list
            wealth_list.append(int(line))

# Call the function to execute the solution
find_richest_citizens()
```
INFO - [Task id] 1319 [prompt] 
[Environment Feedback]:
    Note: Inputs/outputs here are automatically extracted/truncated so formatting may be a bit off.
    Tests passed:

     Input: ['10 3', '1', '3', '7', '6', '-1', '5', '-1', '18', '9', '11', '2', '-1', '4'] Output: 7
    6
    18

    Tests failed:
    None
[/Environment Feedback]

INFO - [Task id] 1319 [prompt] 
Below is the official solution (do exercise discretion as official solutions can also have mistakes).

You will be reflecting on your attempts to solve the problem.
This will be a **standalone** document for your own future reference. (can skip formalities, be concise)

## Instructions
- Only include the most relevant insights and code snippets that could be useful in the future.
- If you did not learn much from the current experience (e.g. the problem was too easy / official solution was obvious), feel free to write less or nothing at all.
- Here are some ideas if the experience was useful:
    - If the official solution is insightful (e.g. better than yours in time and space complexity or more effective in breaking down the problem statement), distil the key approach of the official solution, step by step.
    - If your approach failed the test cases, reason why the official solution works but yours does not

Your reflection should be at most a few paragraphs.

## Official solution
n,m=map(int,input().split())
l=[]
leng=0
for i in range(n+m):
    w=int(input())
    if w==-1:
        cm=0
        mi=0
        for j in range(leng):
            if l[j]>cm:
                cm=l[j]
                mi=j
        
        print(cm)
        l[mi]=-1
    else:
        l.append(w)
        leng+=1

INFO - [Task id] 1319 [generation text] The official solution effectively addresses the problem by maintaining a list of citizens' wealth and using a straightforward approach to find the richest citizen during each of the king's visits. Here are the key insights from the official solution:

1. **Data Structure**: The official solution uses a list `l` to store the wealth of citizens. This is similar to my approach, but it also keeps track of the length of the list with the variable `leng`, which helps avoid unnecessary checks on indices that are out of bounds.

2. **Finding the Richest Citizen**: During each king's visit (indicated by `-1`), the solution iterates through the list of wealth to find the maximum wealth (`cm`) and its index (`mi`). This is a linear search, which is simple but can be inefficient for large inputs. My approach also used a linear search, but I did not optimize the tracking of beheaded citizens effectively.

3. **Marking Beheaded Citizens**: The official solution marks a citizen as beheaded by setting their wealth in the list to `-1`. This allows the program to keep the original list intact while still being able to identify who has been beheaded. In my solution, I used a separate set to track beheaded citizens, which added complexity.

4. **Efficiency**: The official solution is efficient in terms of space since it only uses a single list and a couple of variables. My solution, while functional, could be improved by simplifying the tracking of beheaded citizens.

Overall, the official solution is effective and straightforward, leveraging a single list to manage wealth and using simple logic to find and mark the richest citizen. In future implementations, I should consider optimizing the search for the richest citizen, possibly by using a more efficient data structure like a max-heap, which would allow for faster retrieval of the maximum wealth.
INFO - Updated entry: In this task, I was required to implement a solution for a problem involving a king who beheads the richest citizen after each of his visits to the court. The challenge was to efficiently track the wealth of citizens and identify the richest one who had not been beheaded yet.

The core concept te...,

INFO - Metadata: {
    "task_id": 1319
}

INFO - Updated entry: The official solution effectively addresses the problem by maintaining a list of citizens' wealth and using a straightforward approach to find the richest citizen during each of the king's visits. Here are the key insights from the official solution:

1. **Data Structure**: The official solution ...,

INFO - Metadata: {
    "task_id": 1319
}

INFO - LM call n parse attempt 1 / 3

INFO - [Task id] 1319 [prompt] 
You are a helpful assistant that writes a description of the given function written in the Python programming language.

1) Do not mention the function name.
2) Do not mention anything about helper functions.
3) There might be some helper functions before the main function, but you only need to describe the main function.
4) Try to summarize the function in no more than 6 sentences.
5) Your response should be a single line of text.

INFO - [Task id] 1319 [prompt] 
def find_richest_citizens():
    # Initialize a list to store the wealth of citizens
    wealth_list = []
    # Initialize a set to keep track of beheaded citizens
    beheaded = set()
    
    # Read N (number of citizens) and M (number of king's visits)
    N, M = map(int, input().split())
    
    # Process the next N + M lines
    for _ in range(N + M):
        line = input().strip()
        if line == '-1':
            # King visits, find the richest citizen who is not beheaded
            richest_wealth = -1
            richest_index = -1
            
            for index, wealth in enumerate(wealth_list):
                if index not in beheaded and wealth > richest_wealth:
                    richest_wealth = wealth
                    richest_index = index
            
            # Mark the richest citizen as beheaded
            beheaded.add(richest_index)
            # Output the wealth of the beheaded citizen
            print(richest_wealth)
        else:
            # Add the wealth of the citizen to the list
            wealth_list.append(int(line))

# Call the function to execute the solution
find_richest_citizens()


The main function is `find_richest_citizens`.
INFO - [Task id] 1319 [generation text] This function manages the wealth of citizens and tracks the richest among them during a series of visits by a king. It initializes a list to store the wealth of citizens and a set to keep track of those who have been beheaded. After reading the number of citizens and king's visits, it processes input lines to either add wealth values or determine the richest citizen not yet beheaded. When the king visits, it identifies the wealthiest citizen, marks them as beheaded, and outputs their wealth. The function continues this process until all inputs are processed. Ultimately, it provides a way to manage and report on the wealth of citizens in a dynamic scenario.
INFO - LM call n parse attempt 1 / 3

INFO - [Task id] 1319 [prompt] 
You are a helpful assistant that extracts important information from problems and solutions to aid in searchability and education.

## Instructions
- Read through the problem and solution carefully.
- Reason out, step by step, in what scenarios this knowledge would be useful.
- Focus on general patterns and situations to help connect this knowledge to new situations.
- Then, include a list of keywords that are useful for searching this problem/solution pair.

## Response format
Respond in JSON, and follow the keys and expected format of the values strictly.

The output should be formatted as a JSON instance that conforms to the JSON schema below.

As an example, for the schema {"properties": {"foo": {"title": "Foo", "description": "a list of strings", "type": "array", "items": {"type": "string"}}}, "required": ["foo"]}
the object {"foo": ["bar", "baz"]} is a well-formatted instance of the schema. The object {"properties": {"foo": ["bar", "baz"]}} is not well-formatted.

Here is the output schema:
```
{"properties": {"scenarios": {"description": "In what scenarios will this knowledge be useful? Answer in a paragraph.", "title": "Scenarios", "type": "string"}, "keywords": {"description": "List of keywords that are useful for searching this problem/solution pair", "items": {"type": "string"}, "title": "Keywords", "type": "array"}}, "required": ["scenarios", "keywords"]}
```

INFO - [Task id] 1319 [prompt] 
[Problem]
    A despotic king decided that his kingdom needed to be rid of corruption and disparity. He called his prime minister and ordered that all corrupt citizens be put to death. Moreover, he wanted this done quickly.
    The wily prime minister realised that investigating every citizen to decide who was corrupt and who was not was rather difficult. So he decided on the following plan: He ordered all the citizens to appear in the court one by one and declare their wealth.
    The king does not sit in the court all the time (he has other important business to attend to - for instance, meet dignitaries from neighbouring kingdoms, spend time with his family …) Whenever the king walks into the court, the prime minister pulls out the richest man who has appeared before the court so far and is still alive and beheads him for being corrupt. Since the rich are more likely to be corrupt, he hopes to get rid of most of the corrupt and the king is happy as he sees his policy being implemented enthusiastically.
    Suppose the wealth of the citizens trooping into the court is
    1376518911241376518911241\; 3\; 7\; 6\; 5\; 18\;  9\; 11\;  2\; 4
    and the king walked in three times: the first time after the first four persons have seen the minister, the second time after the first five persons have seen the minister and, finally after the first nine persons have seen the minister.
    At the king's first visit the richest person to have met the minister has wealth $7$ and he would be beheaded. At the second visit, the wealth of the richest person who has met the minister and is still alive has wealth $6$ and so he would be beheaded. At the third visit the richest person to have met the minister who is still alive has wealth $18$ and so he would be beheaded.
    You may assume that the input is such that whenever the king walks in, it is always possible to behead someone.
    Your aim is to write a program that will enable the prime minister to identify the richest man to have met the minister and who is still alive quickly. You may assume that no two citizens have the same wealth.

    -----Input:-----
    The first line of the input consists of two numbers $N$ and $M$, where $N$ is the number of citizens in the kingdom and M is the number of visits to the court by the king.
    The next $N+M$ lines describe the order in which the $N$ citizens' appearances are interleaved with the $M$ visits by the king. A citizen's visit is denoted by a positive integer, signifying his wealth. You may assume that no two citizens have the same wealth. A visit by the king is denoted by $-1$.

    -----Output:-----
    Your output should consist of $M$ lines, where the $i^{th}$ line contains the wealth of the citizen who is beheaded at the $i^{th}$ visit of the king.

    -----Constraints:-----
    - $1 \leq M \leq 10000$.
    - $1 \leq N \leq 100000$.
    - You may assume that in $50 \%$ of the inputs $1 \leq M \leq 1000$ and $1 \leq N \leq 8000$.

    -----Sample Input-----
    10 3
    1 
    3 
    7 
    6 
    -1 
    5 
    -1 
    18 
    9 
    11
    2
    -1
    4

    -----Sample Output-----
    7
    6
    18
[/Problem]

[Solution]

    def find_richest_citizens():
        # Initialize a list to store the wealth of citizens
        wealth_list = []
        # Initialize a set to keep track of beheaded citizens
        beheaded = set()
    
        # Read N (number of citizens) and M (number of king's visits)
        N, M = map(int, input().split())
    
        # Process the next N + M lines
        for _ in range(N + M):
            line = input().strip()
            if line == '-1':
                # King visits, find the richest citizen who is not beheaded
                richest_wealth = -1
                richest_index = -1
            
                for index, wealth in enumerate(wealth_list):
                    if index not in beheaded and wealth > richest_wealth:
                        richest_wealth = wealth
                        richest_index = index
            
                # Mark the richest citizen as beheaded
                beheaded.add(richest_index)
                # Output the wealth of the beheaded citizen
                print(richest_wealth)
            else:
                # Add the wealth of the citizen to the list
                wealth_list.append(int(line))

    # Call the function to execute the solution
    find_richest_citizens()

[/Solution]

INFO - [Task id] 1319 [generation text] 
INFO - {
    "scenarios": "This knowledge would be useful in scenarios where there is a need to efficiently manage and retrieve the maximum value from a dynamic list of elements, especially when elements can be removed or marked as inactive. Such situations can arise in various applications, including resource management, priority scheduling, and game development where entities can be eliminated or become inactive over time. The algorithm can also be applied in competitive programming and algorithm design, where maintaining a list of active participants and quickly retrieving the top performer is essential.",
    "keywords": [
        "wealth",
        "citizens",
        "king",
        "beheading",
        "corruption",
        "priority queue",
        "dynamic list",
        "algorithm",
        "competitive programming",
        "resource management"
    ]
}
INFO - {
    "scenarios": "This knowledge would be useful in scenarios where there is a need to efficiently manage and retrieve the maximum value from a dynamic list of elements, especially when elements can be removed or marked as inactive. Such situations can arise in various applications, including resource management, priority scheduling, and game development where entities can be eliminated or become inactive over time. The algorithm can also be applied in competitive programming and algorithm design, where maintaining a list of active participants and quickly retrieving the top performer is essential.",
    "keywords": [
        "wealth",
        "citizens",
        "king",
        "beheading",
        "corruption",
        "priority queue",
        "dynamic list",
        "algorithm",
        "competitive programming",
        "resource management"
    ]
}
INFO - Updated entry: 
[description for function: find_richest_citizens]
This function manages the wealth of citizens and tracks the richest among them during a series of visits by a king. It initializes a list to store the wealth of citizens and a set to keep track of those who have been beheaded. After reading the n...,

INFO - Metadata: {
    "task": 1319,
    "code": "\ndef find_richest_citizens():\n    # Initialize a list to store the wealth of citizens\n    wealth_list = []\n    # Initialize a set to keep track of beheaded citizens\n    beheaded = set()\n    \n    # Read N (number of citizens) and M (number of king's visits)\...

