INFO - DB skill doc count: 0

INFO - DB non_func doc count: 38

INFO - DB semantic doc count: 429

INFO - DB summaries doc count: 52

INFO - DB reflections doc count: 52

INFO - DB episodic doc count: 105

INFO - [train iter]: 52/100 

INFO - The task prompt is Ram and Shyam are sitting next to each other, hoping to cheat on an exam. However, the examination board has prepared $p$ different sets of questions (numbered $0$ through $p-1$), which will be distributed to the students in the following way:
- The students are assigned roll numbers — pairwise d...

INFO - Attempting task_id 1395
INFO - LM call n parse attempt 1 / 3

INFO - [Task id] 1395 [prompt] 
You are an expert programmer tasked with solving the problem below.

Follow the user's instructions to solve the problem.
The user can ask for analysis, code, or both.

## Instructions
When asked to output code,
- Make sure to wrap your code in '```python' and '```' Markdown delimiters, 
- include exactly one block of code with the entire solution
- No outside libraries are allowed. 
- Builtins are allowed.
- If the task specifies a function name to be used, follow it strictly (be case sensitive!) and declare the that function last (helper functions are declared first).
- DO NOT write any assert statements / tests.

## Problem
[BEGIN PROBLEM]
Ram and Shyam are sitting next to each other, hoping to cheat on an exam. However, the examination board has prepared $p$ different sets of questions (numbered $0$ through $p-1$), which will be distributed to the students in the following way:
- The students are assigned roll numbers — pairwise distinct positive integers.
- If a student's roll number is $r$, this student gets the $((r-1)\%p)$-th set of questions.
Obviously, Ram and Shyam can cheat only if they get the same set of questions.
You are given the roll numbers of Ram and Shyam: $A$ and $B$ respectively. Find the number of values of $p$ for which they can cheat, or determine that there is an infinite number of such values.

-----Input-----
- The first line of the input contains a single integer $T$ denoting the number of test cases. The description of $T$ test cases follows.
- The first and only line of each test case contains two space-separated integers $A$ and $B$.

-----Output-----
For each test case, print a single line — the number of values of $p$ for which Ram and Shyam can cheat, or $-1$ if there is an infinite number of such values.

-----Constraints-----
- $1 \le T \le 100$
- $1 \le A, B \le 10^8$

-----Example Input-----
1
2 6

-----Example Output-----
3

-----Explanation-----
Example case 1: They can cheat for $p = 1$, $p = 2$ or $p = 4$.

The output code needs to read from and write to standard IO


[END PROBLEM]

INFO - [Task id] 1395 [prompt] 
## Instructions

Reason through the problem and:
1. Restate the problem in plain English
2. Conceptualize a solution first in plain English
3. Write a pseudocode solution
4. Output the final Python 3 solution with your solution steps in comments.

Make sure to wrap your code in '```python' and '```' Markdown delimiters, 
and include exactly one block of code with the entire solution.

No outside libraries are allowed.
Builtins are allowed.

INFO - [Task id] 1395 [generation text] 1. **Restate the problem in plain English:**
   Ram and Shyam have distinct roll numbers, and they receive different sets of questions based on their roll numbers. We need to determine how many different values of `p` (the number of question sets) allow them to receive the same set of questions. If there are infinitely many such values, we should return -1.

2. **Conceptualize a solution first in plain English:**
   To find the values of `p` for which Ram and Shyam can cheat, we need to check when the modulo operation on their roll numbers results in the same value. This can be expressed mathematically as:
   \[
   (A - 1) \% p = (B - 1) \% p
   \]
   This can be simplified to:
   \[
   (A - B) \% p = 0
   \]
   This means that `p` must be a divisor of the absolute difference between `A` and `B`. If `A` equals `B`, they will always receive the same set of questions for any positive `p`, leading to an infinite number of values. If `A` is not equal to `B`, we can find the number of divisors of the absolute difference.

3. **Write a pseudocode solution:**
   ```
   function count_divisors(n):
       count = 0
       for i from 1 to sqrt(n):
           if n % i == 0:
               count += 1
               if i != n / i:
                   count += 1
       return count

   function find_cheating_values(T, test_cases):
       for each test_case in test_cases:
           A, B = test_case
           if A == B:
               print(-1)
           else:
               difference = abs(A - B)
               divisors_count = count_divisors(difference)
               print(divisors_count)
   ```

4. **Output the final Python 3 solution with your solution steps in comments:**
```python
def count_divisors(n):
    # Initialize count of divisors
    count = 0
    # Loop through all numbers from 1 to the square root of n
    for i in range(1, int(n**0.5) + 1):
        if n % i == 0:  # If i is a divisor
            count += 1  # Count i
            if i != n // i:  # If i and n/i are different
                count += 1  # Count n/i as well
    return count

def find_cheating_values(T, test_cases):
    # Process each test case
    for A, B in test_cases:
        if A == B:
            print(-1)  # Infinite values if A equals B
        else:
            difference = abs(A - B)  # Calculate the absolute difference
            divisors_count = count_divisors(difference)  # Count divisors of the difference
            print(divisors_count)  # Output the count of divisors

# Read input
T = int(input())
test_cases = [tuple(map(int, input().split())) for _ in range(T)]
find_cheating_values(T, test_cases)
```
INFO - [35m Rollout attempt 1/4[0m
INFO - [33m Retrieving 3 entries for db: episodic 
 [0m
INFO - Retrieved (score=0.3521):

[Task]:
    Given a set of  N  natural numbers 1,2,3........N and Q query.For each query you have to calculate the total number of subset in which  Ith.
    number of set come at Kth postion.Elements of every subset should be in sorted order.
    The answer could  be very large so you have to pr...


INFO - Retrieved (score=0.3641):

[Task]:
    The MarkiT online virtual market startup wants to organize its grand opening in NIT Patna.
    but they want maximum crowd for their inauguration. So the manager told  this  to Praveen a student in NITP who suggested them:
    The first-year students come to campus  every x hour,
   ...


INFO - Retrieved (score=0.3738):

[Task]:
    The MarkiT online virtual market startup wants to organize its grand opening in NIT Patna.
    but they want maximum crowd for their inauguration. So the manager told  this  to Praveen a student in NITP who suggested them:
    The first-year students come to campus  every x hour,
   ...


INFO - [33m Retrieving 3 entries for db: semantic 
 [0m
INFO - Retrieved (score=0.3896):
Title: The Inclusion-Exclusion Principle
Part: 3/5
```

Asymptotics of the solution is $O (\sqrt{n})$.

### The number of integers in a given interval which are multiple of at least one of the given numbers

Given $n$ numbers $a_i$ and number $r$. You want to count the number of integers in the i...


INFO - Retrieved (score=0.3908):
Title: The Inclusion-Exclusion Principle
Part: 2/5
<div id="the-number-of-integer-solutions-to-the-equation"></div>
### Number of upper-bound integer sums {: #number-of-upper-bound-integer-sums }

Consider the following equation:

$$x_1 + x_2 + x_3 + x_4 + x_5 + x_6 = 20$$

where $0 \le x_i \le 8...


INFO - Retrieved (score=0.3987):
Title: Continued fractions
Part: 12/12
```
    === "Python"
        ```py
        def solve(p, q, N):
            return p * N * (N + 1) // 2 - q * sum_floor(fraction(p, q), N)
        ``` 

!!! example "[Library Checker - Sum of Floor of Linear](https://judge.yosupo.jp/problem/sum_of_floor_of_li...


INFO - [33m Retrieving 3 entries for db: reflections 
 [0m
INFO - Retrieved (score=0.3702):
The official solution effectively simplifies the problem by directly calculating the total number of problems and determining how many contests can be formed in a straightforward manner. The key steps are:

1. **Input Handling**: It reads the number of test cases and for each test case, it captur...


INFO - Retrieved (score=0.3992):
The official solution provides a more efficient approach to solving the problem of reducing a positive integer `n` to `1` through a series of operations. While my initial recursive solution was conceptually sound, it could lead to excessive function calls and potential stack overflow for larger v...


INFO - Retrieved (score=0.4007):
In my attempts to solve the problem, I initially misunderstood the requirements for calculating the number of valid schedules. My approach involved breaking down the choices for each day based on the constraints, but I failed to account for the correct relationship between the choices and the tot...


INFO - [33m Retrieving 3 entries for db: summaries 
 [0m
INFO - Retrieved (score=0.3112):
In this task, I was required to help Chef determine the maximum number of Division-3 contests he could host based on the problems created by his setters, the number of problems needed for each contest, and the number of days available. The core concepts involved were basic arithmetic operations, ...


INFO - Retrieved (score=0.3260):
In this problem, the goal was to determine if a sequence of integers could be modified to have a sum of zero by decreasing each element by its index any number of times. The key insight was that the total sum of the sequence must be less than or equal to the maximum possible reduction, and it mus...


INFO - Retrieved (score=0.3420):
In this task, the goal was to find the most frequently occurring largest prime factor from a list of integers across multiple test cases. The solution involved determining the largest prime factor for each integer and counting their occurrences.

Key concepts included:
- Efficiently finding the l...


INFO - [33m Retrieving 3 entries for db: non_func 
 [0m
INFO - Retrieved (score=0.4270):

[description for function: main]
This function reads the number of test cases and for each test case, it retrieves an integer value. It initializes a memoization dictionary to store previously computed results for efficiency. It then calls another function to determine if the current player can ...


INFO - Retrieved (score=0.4278):

[description for function: main]
The function reads an integer input representing the number of test cases and then iterates through each test case to read values for N and Q. For each query within the test case, it retrieves values for I and K, and calculates the number of valid subsets based o...


INFO - Retrieved (score=0.4553):

[description]
This function calculates the minimum number of operations required to reduce a given integer to 1, where the allowed operations are dividing by 2 if the number is even, or adding or subtracting 1 if the number is odd. It uses a recursive approach to explore the possible operations,...


INFO - Retrieved (score=0.3112): 
[Summary]:
    In this task, I was required to help Chef determine the maximum number of Division-3 contests he could host based on the problems created by his setters, the number of problems needed for each contest, and the number of days available. The core concepts involved were basic arithme...
INFO - Retrieved (score=0.3260): 
[Summary]:
    In this problem, the goal was to determine if a sequence of integers could be modified to have a sum of zero by decreasing each element by its index any number of times. The key insight was that the total sum of the sequence must be less than or equal to the maximum possible reduc...
INFO - Retrieved (score=0.3420): 
[Summary]:
    In this task, the goal was to find the most frequently occurring largest prime factor from a list of integers across multiple test cases. The solution involved determining the largest prime factor for each integer and counting their occurrences.

    Key concepts included:
    - E...
INFO - LM call n parse attempt 1 / 3

INFO - [Task id] 1395 [prompt] 
You are an expert programmer tasked with solving the problem below.

Follow the user's instructions to solve the problem.
The user can ask for analysis, code, or both.

## Instructions
When asked to output code,
- Make sure to wrap your code in '```python' and '```' Markdown delimiters, 
- include exactly one block of code with the entire solution
- No outside libraries are allowed. 
- Builtins are allowed.
- If the task specifies a function name to be used, follow it strictly (be case sensitive!) and declare the that function last (helper functions are declared first).
- DO NOT write any assert statements / tests.

## Problem
[BEGIN PROBLEM]
Ram and Shyam are sitting next to each other, hoping to cheat on an exam. However, the examination board has prepared $p$ different sets of questions (numbered $0$ through $p-1$), which will be distributed to the students in the following way:
- The students are assigned roll numbers — pairwise distinct positive integers.
- If a student's roll number is $r$, this student gets the $((r-1)\%p)$-th set of questions.
Obviously, Ram and Shyam can cheat only if they get the same set of questions.
You are given the roll numbers of Ram and Shyam: $A$ and $B$ respectively. Find the number of values of $p$ for which they can cheat, or determine that there is an infinite number of such values.

-----Input-----
- The first line of the input contains a single integer $T$ denoting the number of test cases. The description of $T$ test cases follows.
- The first and only line of each test case contains two space-separated integers $A$ and $B$.

-----Output-----
For each test case, print a single line — the number of values of $p$ for which Ram and Shyam can cheat, or $-1$ if there is an infinite number of such values.

-----Constraints-----
- $1 \le T \le 100$
- $1 \le A, B \le 10^8$

-----Example Input-----
1
2 6

-----Example Output-----
3

-----Explanation-----
Example case 1: They can cheat for $p = 1$, $p = 2$ or $p = 4$.

The output code needs to read from and write to standard IO


[END PROBLEM]

INFO - [Task id] 1395 [prompt] 
## Instructions

Reason through the problem and:
1. Restate the problem in plain English
2. Conceptualize a solution first in plain English
3. Write a pseudocode solution
4. Output the final Python 3 solution with your solution steps in comments.

Make sure to wrap your code in '```python' and '```' Markdown delimiters, 
and include exactly one block of code with the entire solution.

No outside libraries are allowed.
Builtins are allowed.

INFO - [Task id] 1395 [prompt] 
Also, here are some of your memories.
Feel free to use the given information to aid your problem solving process if necessary.
Do not confuse the memories with the problem statement.

## Memories

[Summary]:
    In this task, I was required to help Chef determine the maximum number of Division-3 contests he could host based on the problems created by his setters, the number of problems needed for each contest, and the number of days available. The core concepts involved were basic arithmetic operations, specifically summing a list of integers and performing integer division.

    The solution involved reading multiple test cases, calculating the total number of problems, determining how many contests could be formed, and then comparing that with the available days to find the maximum contests Chef could host. The approach was straightforward and effective, leveraging simple loops and arithmetic.

    The final implementation was clean and efficient, successfully passing all provided test cases. The key takeaway from this experience is the importance of breaking down the problem into manageable parts and ensuring that all edge cases (like having fewer problems than needed for a single contest) are considered. The solution was implemented without any external libraries, adhering to the constraints given. 

    Here’s the final code snippet for future reference:

    ```python
    def max_contests(T):
        for _ in range(T):
            N, K, D = map(int, input().split())
            A = list(map(int, input().split()))
            total_problems = sum(A)
            contests_possible = total_problems // K
            max_contests = min(contests_possible, D)
            print(max_contests)

    T = int(input())
    max_contests(T)
    ``` 

    This experience reinforced the importance of clear problem understanding and systematic solution development.
[/Summary]


[Summary]:
    In this problem, the goal was to determine if a sequence of integers could be modified to have a sum of zero by decreasing each element by its index any number of times. The key insight was that the total sum of the sequence must be less than or equal to the maximum possible reduction, and it must also be non-negative to reach zero.

    Initially, the solution incorrectly assumed that if the total sum was less than or equal to the maximum reduction, it could always be made zero. This was a flawed assumption because it did not account for the possibility of the total sum being negative, which would make it impossible to reach zero.

    The corrected approach involved:
    1. Calculating the total sum of the sequence.
    2. Calculating the maximum reduction possible using the formula for the sum of the first `N` natural numbers.
    3. Checking both conditions: the total sum must be less than or equal to the maximum reduction and must be non-negative.

    The final working code is as follows:

    ```python
    def can_make_good_sequence(T):
        for _ in range(T):
            N = int(input())
            A = list(map(int, input().split()))
            total_sum = sum(A)
            max_reduction = sum(range(1, N + 1))
        
            if total_sum <= max_reduction and total_sum >= 0:
                print("YES")
            else:
                print("NO")

    T = int(input())
    can_make_good_sequence(T)
    ```

    This experience reinforced the importance of carefully considering all conditions that affect the outcome, especially when dealing with sums and reductions.
[/Summary]


[Summary]:
    In this task, the goal was to find the most frequently occurring largest prime factor from a list of integers across multiple test cases. The solution involved determining the largest prime factor for each integer and counting their occurrences.

    Key concepts included:
    - Efficiently finding the largest prime factor using trial division, which involved checking divisibility starting from the smallest prime (2) and then moving to odd numbers.
    - Using a dictionary to keep track of the frequency of each largest prime factor encountered.

    The implemented solution successfully handled the input and output requirements, and it passed the provided test case. The code structure was clear, with a dedicated function for finding the largest prime factor and a main function to manage input and output.

    The final code snippet is as follows:

    ```python
    def largest_prime_factor(n):
        largest_prime = 1
        while n % 2 == 0:
            largest_prime = 2
            n //= 2
        for i in range(3, int(n**0.5) + 1, 2):
            while n % i == 0:
                largest_prime = i
                n //= i
        if n > 2:
            largest_prime = n
        return largest_prime

    def main():
        T = int(input())
        for _ in range(T):
            N = int(input())
            elements = list(map(int, input().split()))
            frequency = {}
        
            for element in elements:
                largest_factor = largest_prime_factor(element)
                if largest_factor in frequency:
                    frequency[largest_factor] += 1
                else:
                    frequency[largest_factor] = 1
        
            max_count = 0
            result = 0
            for prime, count in frequency.items():
                if count > max_count or (count == max_count and prime > result):
                    max_count = count
                    result = prime
        
            print(result)

    main()
    ```

    This experience reinforced the importance of efficient algorithms for prime factorization and the utility of dictionaries for counting occurrences in competitive programming tasks.
[/Summary]


INFO - [Task id] 1395 [generation text] 1. **Restate the problem in plain English:**
   Ram and Shyam have distinct roll numbers, and they receive exam question sets based on their roll numbers. The question set they receive is determined by the formula `((roll_number - 1) % p)`, where `p` is the total number of different question sets. We need to find out how many values of `p` allow both Ram and Shyam to receive the same question set. If there are infinitely many such values, we should return -1.

2. **Conceptualize a solution first in plain English:**
   To determine the values of `p` for which Ram and Shyam can cheat, we need to ensure that the results of the modulo operation for both their roll numbers are equal. This leads us to the equation:
   ```
   (A - 1) % p == (B - 1) % p
   ```
   This can be simplified to:
   ```
   (A - B) % p == 0
   ```
   This means that `p` must be a divisor of the absolute difference between their roll numbers, `|A - B|`. If `A` equals `B`, then they can cheat for any positive integer `p`, leading to an infinite number of values. Otherwise, we need to count the divisors of `|A - B|`.

3. **Write a pseudocode solution:**
   ```
   function count_divisors(n):
       count = 0
       for i from 1 to sqrt(n):
           if n % i == 0:
               count += 1
               if i != n / i:
                   count += 1
       return count

   function main():
       read integer T
       for each test case:
           read integers A and B
           if A == B:
               print -1
           else:
               difference = abs(A - B)
               divisors_count = count_divisors(difference)
               print divisors_count
   ```

4. **Output the final Python 3 solution with your solution steps in comments:**
```python
def count_divisors(n):
    count = 0
    # Loop through all numbers from 1 to the square root of n
    for i in range(1, int(n**0.5) + 1):
        if n % i == 0:  # If i is a divisor of n
            count += 1  # Count i
            if i != n // i:  # Check if the corresponding divisor is different
                count += 1  # Count the corresponding divisor
    return count

def main():
    T = int(input())  # Read the number of test cases
    for _ in range(T):
        A, B = map(int, input().split())  # Read the roll numbers of Ram and Shyam
        if A == B:
            print(-1)  # If roll numbers are the same, infinite values of p
        else:
            difference = abs(A - B)  # Calculate the absolute difference
            divisors_count = count_divisors(difference)  # Count the divisors of the difference
            print(divisors_count)  # Output the count of valid p values

main()  # Call the main function to execute the program
```
INFO - program_code:
 
def count_divisors(n):
    count = 0
    # Loop through all numbers from 1 to the square root of n
    for i in range(1, int(n**0.5) + 1):
        if n % i == 0:  # If i is a divisor of n
            count += 1  # Count i
            if i != n // i:  # Check if the corresponding divisor is different
                count += 1  # Count the corresponding divisor
    return count

def main():
    T = int(input())  # Read the number of test cases
    for _ in range(T):
        A, B = map(int, input().split())  # Read the roll numbers of Ram and Shyam
        if A == B:
            print(-1)  # If roll numbers are the same, infinite values of p
        else:
            difference = abs(A - B)  # Calculate the absolute difference
            divisors_count = count_divisors(difference)  # Count the divisors of the difference
            print(divisors_count)  # Output the count of valid p values

main()  # Call the main function to execute the program


INFO - program_name:
 main

INFO - dependencies:
 []

INFO - raw_msg:
 1. **Restate the problem in plain English:**
   Ram and Shyam have distinct roll numbers, and they receive exam question sets based on their roll numbers. The question set they receive is determined by the formula `((roll_number - 1) % p)`, where `p` is the total number of different question sets. We need to find out how many values of `p` allow both Ram and Shyam to receive the same question set. If there are infinitely many such values, we should return -1.

2. **Conceptualize a solution first in plain English:**
   To determine the values of `p` for which Ram and Shyam can cheat, we need to ensure that the results of the modulo operation for both their roll numbers are equal. This leads us to the equation:
   ```
   (A - 1) % p == (B - 1) % p
   ```
   This can be simplified to:
   ```
   (A - B) % p == 0
   ```
   This means that `p` must be a divisor of the absolute difference between their roll numbers, `|A - B|`. If `A` equals `B`, then they can cheat for any positive integer `p`, leading to an infinite number of values. Otherwise, we need to count the divisors of `|A - B|`.

3. **Write a pseudocode solution:**
   ```
   function count_divisors(n):
       count = 0
       for i from 1 to sqrt(n):
           if n % i == 0:
               count += 1
               if i != n / i:
                   count += 1
       return count

   function main():
       read integer T
       for each test case:
           read integers A and B
           if A == B:
               print -1
           else:
               difference = abs(A - B)
               divisors_count = count_divisors(difference)
               print divisors_count
   ```

4. **Output the final Python 3 solution with your solution steps in comments:**
```python
def count_divisors(n):
    count = 0
    # Loop through all numbers from 1 to the square root of n
    for i in range(1, int(n**0.5) + 1):
        if n % i == 0:  # If i is a divisor of n
            count += 1  # Count i
            if i != n // i:  # Check if the corresponding divisor is different
                count += 1  # Count the corresponding divisor
    return count

def main():
    T = int(input())  # Read the number of test cases
    for _ in range(T):
        A, B = map(int, input().split())  # Read the roll numbers of Ram and Shyam
        if A == B:
            print(-1)  # If roll numbers are the same, infinite values of p
        else:
            difference = abs(A - B)  # Calculate the absolute difference
            divisors_count = count_divisors(difference)  # Count the divisors of the difference
            print(divisors_count)  # Output the count of valid p values

main()  # Call the main function to execute the program
```

INFO - no_parent:
 False

INFO - full code to be executed: 
 
def count_divisors(n):
    count = 0
    # Loop through all numbers from 1 to the square root of n
    for i in range(1, int(n**0.5) + 1):
        if n % i == 0:  # If i is a divisor of n
            count += 1  # Count i
            if i != n // i:  # Check if the corresponding divisor is different
                count += 1  # Count the corresponding divisor
    return count

def main():
    T = int(input())  # Read the number of test cases
    for _ in range(T):
        A, B = map(int, input().split())  # Read the roll numbers of Ram and Shyam
        if A == B:
            print(-1)  # If roll numbers are the same, infinite values of p
        else:
            difference = abs(A - B)  # Calculate the absolute difference
            divisors_count = count_divisors(difference)  # Count the divisors of the difference
            print(divisors_count)  # Output the count of valid p values

main()  # Call the main function to execute the program


INFO - obs: Note: Inputs/outputs here are automatically extracted/truncated so formatting may be a bit off.
Tests passed:

 Input: ['1', '2 6'] Output: 3

Tests failed:
None
reward: True
done: None
info: {'individual_results': [True]}
INFO - Updated entry: 
[Task]:
    Ram and Shyam are sitting next to each other, hoping to cheat on an exam. However, the examination board has prepared $p$ different sets of questions (numbered $0$ through $p-1$), which will be distributed to the students in the following way:
    - The students are assigned roll num...,

INFO - Metadata: {
    "raw_msg": "1. **Restate the problem in plain English:**\n   Ram and Shyam have distinct roll numbers, and they receive exam question sets based on their roll numbers. The question set they receive is determined by the formula `((roll_number - 1) % p)`, where `p` is the total number of diff...

INFO - LM call n parse attempt 1 / 3

INFO - [Task id] 1395 [prompt] 
You are an expert programmer tasked with solving the problem below.

Follow the user's instructions to solve the problem.
The user can ask for analysis, code, or both.

## Instructions
When asked to output code,
- Make sure to wrap your code in '```python' and '```' Markdown delimiters, 
- include exactly one block of code with the entire solution
- No outside libraries are allowed. 
- Builtins are allowed.
- If the task specifies a function name to be used, follow it strictly (be case sensitive!) and declare the that function last (helper functions are declared first).
- DO NOT write any assert statements / tests.

## Problem
[BEGIN PROBLEM]
Ram and Shyam are sitting next to each other, hoping to cheat on an exam. However, the examination board has prepared $p$ different sets of questions (numbered $0$ through $p-1$), which will be distributed to the students in the following way:
- The students are assigned roll numbers — pairwise distinct positive integers.
- If a student's roll number is $r$, this student gets the $((r-1)\%p)$-th set of questions.
Obviously, Ram and Shyam can cheat only if they get the same set of questions.
You are given the roll numbers of Ram and Shyam: $A$ and $B$ respectively. Find the number of values of $p$ for which they can cheat, or determine that there is an infinite number of such values.

-----Input-----
- The first line of the input contains a single integer $T$ denoting the number of test cases. The description of $T$ test cases follows.
- The first and only line of each test case contains two space-separated integers $A$ and $B$.

-----Output-----
For each test case, print a single line — the number of values of $p$ for which Ram and Shyam can cheat, or $-1$ if there is an infinite number of such values.

-----Constraints-----
- $1 \le T \le 100$
- $1 \le A, B \le 10^8$

-----Example Input-----
1
2 6

-----Example Output-----
3

-----Explanation-----
Example case 1: They can cheat for $p = 1$, $p = 2$ or $p = 4$.

The output code needs to read from and write to standard IO


[END PROBLEM]

INFO - [Task id] 1395 [prompt] 
## Instructions

Reason through the problem and:
1. Restate the problem in plain English
2. Conceptualize a solution first in plain English
3. Write a pseudocode solution
4. Output the final Python 3 solution with your solution steps in comments.

Make sure to wrap your code in '```python' and '```' Markdown delimiters, 
and include exactly one block of code with the entire solution.

No outside libraries are allowed.
Builtins are allowed.

INFO - [Task id] 1395 [prompt] 1. **Restate the problem in plain English:**
   Ram and Shyam have distinct roll numbers, and they receive exam question sets based on their roll numbers. The question set they receive is determined by the formula `((roll_number - 1) % p)`, where `p` is the total number of different question sets. We need to find out how many values of `p` allow both Ram and Shyam to receive the same question set. If there are infinitely many such values, we should return -1.

2. **Conceptualize a solution first in plain English:**
   To determine the values of `p` for which Ram and Shyam can cheat, we need to ensure that the results of the modulo operation for both their roll numbers are equal. This leads us to the equation:
   ```
   (A - 1) % p == (B - 1) % p
   ```
   This can be simplified to:
   ```
   (A - B) % p == 0
   ```
   This means that `p` must be a divisor of the absolute difference between their roll numbers, `|A - B|`. If `A` equals `B`, then they can cheat for any positive integer `p`, leading to an infinite number of values. Otherwise, we need to count the divisors of `|A - B|`.

3. **Write a pseudocode solution:**
   ```
   function count_divisors(n):
       count = 0
       for i from 1 to sqrt(n):
           if n % i == 0:
               count += 1
               if i != n / i:
                   count += 1
       return count

   function main():
       read integer T
       for each test case:
           read integers A and B
           if A == B:
               print -1
           else:
               difference = abs(A - B)
               divisors_count = count_divisors(difference)
               print divisors_count
   ```

4. **Output the final Python 3 solution with your solution steps in comments:**
```python
def count_divisors(n):
    count = 0
    # Loop through all numbers from 1 to the square root of n
    for i in range(1, int(n**0.5) + 1):
        if n % i == 0:  # If i is a divisor of n
            count += 1  # Count i
            if i != n // i:  # Check if the corresponding divisor is different
                count += 1  # Count the corresponding divisor
    return count

def main():
    T = int(input())  # Read the number of test cases
    for _ in range(T):
        A, B = map(int, input().split())  # Read the roll numbers of Ram and Shyam
        if A == B:
            print(-1)  # If roll numbers are the same, infinite values of p
        else:
            difference = abs(A - B)  # Calculate the absolute difference
            divisors_count = count_divisors(difference)  # Count the divisors of the difference
            print(divisors_count)  # Output the count of valid p values

main()  # Call the main function to execute the program
```
INFO - [Task id] 1395 [prompt] 
[Environment Feedback]:
    Note: Inputs/outputs here are automatically extracted/truncated so formatting may be a bit off.
    Tests passed:

     Input: ['1', '2 6'] Output: 3

    Tests failed:
    None
[/Environment Feedback]

INFO - [Task id] 1395 [prompt] 
## Instructions
Now, summarize your attempts as a **standalone** document for your own future reference. (can skip formalities, be concise)

- Only include the most relevant information and code snippets that could be useful in the future.
- If you did not learn much from the current experience (e.g. the problem was too easy), feel free to write less or nothing at all.
- Here are some ideas if the experience was useful:
    - Identifying the core concepts and patterns that problem appears to test for
    - Describing the strategies that seemed to work but did not, and vice versa
    - Describing unexpected errors and how they were fixed

Your summary should be at most a few paragraphs.

INFO - [Task id] 1395 [generation text] In this problem, the key concept revolves around determining the number of divisors of the absolute difference between two roll numbers, A and B. The main insight is that Ram and Shyam can cheat if the modulo operation results for their roll numbers are equal, which translates to finding divisors of `|A - B|`.

The solution involves two main functions: one for counting the divisors of a number and another for processing multiple test cases. The divisor counting function iterates up to the square root of the number, checking for divisibility and counting both the divisor and its complement when applicable.

The implementation was straightforward and successfully handled the provided test cases, including the edge case where A equals B, which results in an infinite number of valid p values. The code is efficient due to the divisor counting method, which reduces the number of iterations significantly.

Key code snippet for counting divisors:
```python
def count_divisors(n):
    count = 0
    for i in range(1, int(n**0.5) + 1):
        if n % i == 0:
            count += 1
            if i != n // i:
                count += 1
    return count
```

Overall, the experience reinforced the importance of understanding mathematical properties (like divisibility) in programming problems and how to efficiently implement solutions based on those properties.
INFO - LM call n parse attempt 1 / 3

INFO - [Task id] 1395 [prompt] 
You are an expert programmer tasked with solving the problem below.

Follow the user's instructions to solve the problem.
The user can ask for analysis, code, or both.

## Instructions
When asked to output code,
- Make sure to wrap your code in '```python' and '```' Markdown delimiters, 
- include exactly one block of code with the entire solution
- No outside libraries are allowed. 
- Builtins are allowed.
- If the task specifies a function name to be used, follow it strictly (be case sensitive!) and declare the that function last (helper functions are declared first).
- DO NOT write any assert statements / tests.

## Problem
[BEGIN PROBLEM]
Ram and Shyam are sitting next to each other, hoping to cheat on an exam. However, the examination board has prepared $p$ different sets of questions (numbered $0$ through $p-1$), which will be distributed to the students in the following way:
- The students are assigned roll numbers — pairwise distinct positive integers.
- If a student's roll number is $r$, this student gets the $((r-1)\%p)$-th set of questions.
Obviously, Ram and Shyam can cheat only if they get the same set of questions.
You are given the roll numbers of Ram and Shyam: $A$ and $B$ respectively. Find the number of values of $p$ for which they can cheat, or determine that there is an infinite number of such values.

-----Input-----
- The first line of the input contains a single integer $T$ denoting the number of test cases. The description of $T$ test cases follows.
- The first and only line of each test case contains two space-separated integers $A$ and $B$.

-----Output-----
For each test case, print a single line — the number of values of $p$ for which Ram and Shyam can cheat, or $-1$ if there is an infinite number of such values.

-----Constraints-----
- $1 \le T \le 100$
- $1 \le A, B \le 10^8$

-----Example Input-----
1
2 6

-----Example Output-----
3

-----Explanation-----
Example case 1: They can cheat for $p = 1$, $p = 2$ or $p = 4$.

The output code needs to read from and write to standard IO


[END PROBLEM]

INFO - [Task id] 1395 [prompt] 
## Instructions

Reason through the problem and:
1. Restate the problem in plain English
2. Conceptualize a solution first in plain English
3. Write a pseudocode solution
4. Output the final Python 3 solution with your solution steps in comments.

Make sure to wrap your code in '```python' and '```' Markdown delimiters, 
and include exactly one block of code with the entire solution.

No outside libraries are allowed.
Builtins are allowed.

INFO - [Task id] 1395 [prompt] 1. **Restate the problem in plain English:**
   Ram and Shyam have distinct roll numbers, and they receive exam question sets based on their roll numbers. The question set they receive is determined by the formula `((roll_number - 1) % p)`, where `p` is the total number of different question sets. We need to find out how many values of `p` allow both Ram and Shyam to receive the same question set. If there are infinitely many such values, we should return -1.

2. **Conceptualize a solution first in plain English:**
   To determine the values of `p` for which Ram and Shyam can cheat, we need to ensure that the results of the modulo operation for both their roll numbers are equal. This leads us to the equation:
   ```
   (A - 1) % p == (B - 1) % p
   ```
   This can be simplified to:
   ```
   (A - B) % p == 0
   ```
   This means that `p` must be a divisor of the absolute difference between their roll numbers, `|A - B|`. If `A` equals `B`, then they can cheat for any positive integer `p`, leading to an infinite number of values. Otherwise, we need to count the divisors of `|A - B|`.

3. **Write a pseudocode solution:**
   ```
   function count_divisors(n):
       count = 0
       for i from 1 to sqrt(n):
           if n % i == 0:
               count += 1
               if i != n / i:
                   count += 1
       return count

   function main():
       read integer T
       for each test case:
           read integers A and B
           if A == B:
               print -1
           else:
               difference = abs(A - B)
               divisors_count = count_divisors(difference)
               print divisors_count
   ```

4. **Output the final Python 3 solution with your solution steps in comments:**
```python
def count_divisors(n):
    count = 0
    # Loop through all numbers from 1 to the square root of n
    for i in range(1, int(n**0.5) + 1):
        if n % i == 0:  # If i is a divisor of n
            count += 1  # Count i
            if i != n // i:  # Check if the corresponding divisor is different
                count += 1  # Count the corresponding divisor
    return count

def main():
    T = int(input())  # Read the number of test cases
    for _ in range(T):
        A, B = map(int, input().split())  # Read the roll numbers of Ram and Shyam
        if A == B:
            print(-1)  # If roll numbers are the same, infinite values of p
        else:
            difference = abs(A - B)  # Calculate the absolute difference
            divisors_count = count_divisors(difference)  # Count the divisors of the difference
            print(divisors_count)  # Output the count of valid p values

main()  # Call the main function to execute the program
```
INFO - [Task id] 1395 [prompt] 
[Environment Feedback]:
    Note: Inputs/outputs here are automatically extracted/truncated so formatting may be a bit off.
    Tests passed:

     Input: ['1', '2 6'] Output: 3

    Tests failed:
    None
[/Environment Feedback]

INFO - [Task id] 1395 [prompt] 
Below is the official solution (do exercise discretion as official solutions can also have mistakes).

You will be reflecting on your attempts to solve the problem.
This will be a **standalone** document for your own future reference. (can skip formalities, be concise)

## Instructions
- Only include the most relevant insights and code snippets that could be useful in the future.
- If you did not learn much from the current experience (e.g. the problem was too easy / official solution was obvious), feel free to write less or nothing at all.
- Here are some ideas if the experience was useful:
    - If the official solution is insightful (e.g. better than yours in time and space complexity or more effective in breaking down the problem statement), distil the key approach of the official solution, step by step.
    - If your approach failed the test cases, reason why the official solution works but yours does not

Your reflection should be at most a few paragraphs.

## Official solution
# cook your dish here
for test in range(0,int(input())):
 A,B = map(int,input().split())
 diff = abs(A-B)
 count=0
 if not(A^B):
  print(-1)
 else:
  for i in range(1,int(diff**(1/2))+1):
   if diff%i==0:
    if diff/i==i:
     count+=1 
    else:
     count+=2
  print(count)

INFO - [Task id] 1395 [generation text] The official solution effectively addresses the problem by leveraging the properties of divisors and bitwise operations. The key insights from the official solution include:

1. **Bitwise Comparison for Equality**: The use of `if not(A^B)` is a clever way to check if `A` and `B` are equal. The XOR operation (`^`) will yield zero if both numbers are the same, which simplifies the equality check.

2. **Efficient Divisor Counting**: The solution counts the divisors of the absolute difference `diff = abs(A - B)` by iterating only up to the square root of `diff`. This is efficient because divisors come in pairs, and checking up to the square root reduces the number of iterations significantly.

3. **Handling Perfect Squares**: The solution correctly accounts for perfect squares by checking if `diff / i` equals `i` to avoid double counting.

4. **Output**: The solution directly prints the results for each test case, which is straightforward and efficient.

In my initial approach, I followed a similar logic but did not utilize the bitwise operation for equality checking, which could have made the code slightly more concise. Additionally, the official solution's structure is more compact and avoids unnecessary variable assignments, which enhances readability and efficiency.

Overall, the official solution is a solid implementation that effectively combines mathematical properties with efficient programming techniques. It serves as a reminder to consider alternative methods for equality checks and to optimize loops when counting divisors.
INFO - Updated entry: In this problem, the key concept revolves around determining the number of divisors of the absolute difference between two roll numbers, A and B. The main insight is that Ram and Shyam can cheat if the modulo operation results for their roll numbers are equal, which translates to finding divisors...,

INFO - Metadata: {
    "task_id": 1395
}

INFO - Updated entry: The official solution effectively addresses the problem by leveraging the properties of divisors and bitwise operations. The key insights from the official solution include:

1. **Bitwise Comparison for Equality**: The use of `if not(A^B)` is a clever way to check if `A` and `B` are equal. The XO...,

INFO - Metadata: {
    "task_id": 1395
}

INFO - LM call n parse attempt 1 / 3

INFO - [Task id] 1395 [prompt] 
You are a helpful assistant that writes a description of the given function written in the Python programming language.

1) Do not mention the function name.
2) Do not mention anything about helper functions.
3) There might be some helper functions before the main function, but you only need to describe the main function.
4) Try to summarize the function in no more than 6 sentences.
5) Your response should be a single line of text.

INFO - [Task id] 1395 [prompt] 
def count_divisors(n):
    count = 0
    # Loop through all numbers from 1 to the square root of n
    for i in range(1, int(n**0.5) + 1):
        if n % i == 0:  # If i is a divisor of n
            count += 1  # Count i
            if i != n // i:  # Check if the corresponding divisor is different
                count += 1  # Count the corresponding divisor
    return count

def main():
    T = int(input())  # Read the number of test cases
    for _ in range(T):
        A, B = map(int, input().split())  # Read the roll numbers of Ram and Shyam
        if A == B:
            print(-1)  # If roll numbers are the same, infinite values of p
        else:
            difference = abs(A - B)  # Calculate the absolute difference
            divisors_count = count_divisors(difference)  # Count the divisors of the difference
            print(divisors_count)  # Output the count of valid p values

main()  # Call the main function to execute the program


The main function is `main`.
INFO - [Task id] 1395 [generation text] This function reads an integer input representing the number of test cases and then processes each test case by reading two integers. It checks if the two integers are equal, in which case it outputs -1, indicating infinite valid values. If they are not equal, it calculates the absolute difference between the two integers. The function then counts the divisors of this difference and prints the count, which represents the number of valid values. The overall purpose is to determine how many distinct values can be derived from the difference of two given integers across multiple test cases.
INFO - LM call n parse attempt 1 / 3

INFO - [Task id] 1395 [prompt] 
You are a helpful assistant that extracts important information from problems and solutions to aid in searchability and education.

## Instructions
- Read through the problem and solution carefully.
- Reason out, step by step, in what scenarios this knowledge would be useful.
- Focus on general patterns and situations to help connect this knowledge to new situations.
- Then, include a list of keywords that are useful for searching this problem/solution pair.

## Response format
Respond in JSON, and follow the keys and expected format of the values strictly.

The output should be formatted as a JSON instance that conforms to the JSON schema below.

As an example, for the schema {"properties": {"foo": {"title": "Foo", "description": "a list of strings", "type": "array", "items": {"type": "string"}}}, "required": ["foo"]}
the object {"foo": ["bar", "baz"]} is a well-formatted instance of the schema. The object {"properties": {"foo": ["bar", "baz"]}} is not well-formatted.

Here is the output schema:
```
{"properties": {"scenarios": {"description": "In what scenarios will this knowledge be useful? Answer in a paragraph.", "title": "Scenarios", "type": "string"}, "keywords": {"description": "List of keywords that are useful for searching this problem/solution pair", "items": {"type": "string"}, "title": "Keywords", "type": "array"}}, "required": ["scenarios", "keywords"]}
```

INFO - [Task id] 1395 [prompt] 
[Problem]
    Ram and Shyam are sitting next to each other, hoping to cheat on an exam. However, the examination board has prepared $p$ different sets of questions (numbered $0$ through $p-1$), which will be distributed to the students in the following way:
    - The students are assigned roll numbers — pairwise distinct positive integers.
    - If a student's roll number is $r$, this student gets the $((r-1)\%p)$-th set of questions.
    Obviously, Ram and Shyam can cheat only if they get the same set of questions.
    You are given the roll numbers of Ram and Shyam: $A$ and $B$ respectively. Find the number of values of $p$ for which they can cheat, or determine that there is an infinite number of such values.

    -----Input-----
    - The first line of the input contains a single integer $T$ denoting the number of test cases. The description of $T$ test cases follows.
    - The first and only line of each test case contains two space-separated integers $A$ and $B$.

    -----Output-----
    For each test case, print a single line — the number of values of $p$ for which Ram and Shyam can cheat, or $-1$ if there is an infinite number of such values.

    -----Constraints-----
    - $1 \le T \le 100$
    - $1 \le A, B \le 10^8$

    -----Example Input-----
    1
    2 6

    -----Example Output-----
    3

    -----Explanation-----
    Example case 1: They can cheat for $p = 1$, $p = 2$ or $p = 4$.
[/Problem]

[Solution]

    def count_divisors(n):
        count = 0
        # Loop through all numbers from 1 to the square root of n
        for i in range(1, int(n**0.5) + 1):
            if n % i == 0:  # If i is a divisor of n
                count += 1  # Count i
                if i != n // i:  # Check if the corresponding divisor is different
                    count += 1  # Count the corresponding divisor
        return count

    def main():
        T = int(input())  # Read the number of test cases
        for _ in range(T):
            A, B = map(int, input().split())  # Read the roll numbers of Ram and Shyam
            if A == B:
                print(-1)  # If roll numbers are the same, infinite values of p
            else:
                difference = abs(A - B)  # Calculate the absolute difference
                divisors_count = count_divisors(difference)  # Count the divisors of the difference
                print(divisors_count)  # Output the count of valid p values

    main()  # Call the main function to execute the program

[/Solution]

INFO - [Task id] 1395 [generation text] 
INFO - {
    "scenarios": "This knowledge is useful in scenarios where you need to determine the conditions under which two individuals can receive the same set of questions based on their unique identifiers (roll numbers). It can be applied in educational settings, particularly in exam management systems, to ensure fairness and prevent cheating. Additionally, it can be relevant in programming contests or algorithm challenges where understanding modular arithmetic and divisor counting is essential. This problem also illustrates the importance of understanding the relationship between numbers, such as their differences and divisors, which can be applied in various mathematical and computational problems.",
    "keywords": [
        "cheating",
        "exam",
        "roll numbers",
        "modular arithmetic",
        "divisors",
        "infinite solutions",
        "algorithm",
        "programming challenge",
        "number theory"
    ]
}
INFO - {
    "scenarios": "This knowledge is useful in scenarios where you need to determine the conditions under which two individuals can receive the same set of questions based on their unique identifiers (roll numbers). It can be applied in educational settings, particularly in exam management systems, to ensure fairness and prevent cheating. Additionally, it can be relevant in programming contests or algorithm challenges where understanding modular arithmetic and divisor counting is essential. This problem also illustrates the importance of understanding the relationship between numbers, such as their differences and divisors, which can be applied in various mathematical and computational problems.",
    "keywords": [
        "cheating",
        "exam",
        "roll numbers",
        "modular arithmetic",
        "divisors",
        "infinite solutions",
        "algorithm",
        "programming challenge",
        "number theory"
    ]
}
INFO - Updated entry: 
[description for function: main]
This function reads an integer input representing the number of test cases and then processes each test case by reading two integers. It checks if the two integers are equal, in which case it outputs -1, indicating infinite valid values. If they are not equal, it...,

INFO - Metadata: {
    "task": 1395,
    "code": "\ndef count_divisors(n):\n    count = 0\n    # Loop through all numbers from 1 to the square root of n\n    for i in range(1, int(n**0.5) + 1):\n        if n % i == 0:  # If i is a divisor of n\n            count += 1  # Count i\n            if i != n // i:  # Che...

