INFO - DB skill doc count: 0

INFO - DB non_func doc count: 59

INFO - DB semantic doc count: 429

INFO - DB summaries doc count: 76

INFO - DB reflections doc count: 76

INFO - DB episodic doc count: 137

INFO - [train iter]: 76/100 

INFO - The task prompt is Given an array of integers and an integer k, you need to find the total number of continuous subarrays whose sum equals to k.

Example 1:

Input:nums = [1,1,1], k = 2
Output: 2



Note:

The length of the array is in range [1, 20,000].
The range of numbers in the array is [-1000, 1000] and the ra...

INFO - Attempting task_id 398
INFO - LM call n parse attempt 1 / 3

INFO - [Task id] 398 [prompt] 
You are an expert programmer tasked with solving the problem below.

Follow the user's instructions to solve the problem.
The user can ask for analysis, code, or both.

## Instructions
When asked to output code,
- Make sure to wrap your code in '```python' and '```' Markdown delimiters, 
- include exactly one block of code with the entire solution
- No outside libraries are allowed. 
- Builtins are allowed.
- If the task specifies a function name to be used, follow it strictly (be case sensitive!) and declare the that function last (helper functions are declared first).
- DO NOT write any assert statements / tests.

## Problem
[BEGIN PROBLEM]
Given an array of integers and an integer k, you need to find the total number of continuous subarrays whose sum equals to k.

Example 1:

Input:nums = [1,1,1], k = 2
Output: 2



Note:

The length of the array is in range [1, 20,000].
The range of numbers in the array is [-1000, 1000] and the range of the integer k is [-1e7, 1e7].

The output code needs to use the provided function signature

The final python function should begin with: 
```python

class Solution:
    def subarraySum(self, nums: List[int], k: int) -> int:
        
```

[END PROBLEM]

INFO - [Task id] 398 [prompt] 
## Instructions

Reason through the problem and:
1. Restate the problem in plain English
2. Conceptualize a solution first in plain English
3. Write a pseudocode solution
4. Output the final Python 3 solution with your solution steps in comments.

Make sure to wrap your code in '```python' and '```' Markdown delimiters, 
and include exactly one block of code with the entire solution.

No outside libraries are allowed.
Builtins are allowed.

INFO - [Task id] 398 [generation text] 1. **Restate the problem in plain English:**
   We need to find how many continuous subarrays (a contiguous part of the array) in a given list of integers have a sum that equals a specified integer `k`.

2. **Conceptualize a solution first in plain English:**
   To solve this problem, we can use a hashmap (dictionary) to keep track of the cumulative sums we encounter as we iterate through the array. For each element in the array, we calculate the cumulative sum up to that point. If the difference between the cumulative sum and `k` exists in our hashmap, it means there is a subarray that sums to `k`. We will also keep a count of how many times each cumulative sum has occurred to help us find the number of valid subarrays.

3. **Write a pseudocode solution:**
   ```
   Initialize a hashmap to store cumulative sums and their counts
   Initialize a variable to keep track of the cumulative sum
   Initialize a variable to count the number of valid subarrays

   For each number in the array:
       Update the cumulative sum by adding the current number
       If the cumulative sum equals k, increment the count
       If (cumulative sum - k) exists in the hashmap, add its count to the total count
       Update the hashmap with the current cumulative sum
   Return the total count
   ```

4. **Output the final Python 3 solution with your solution steps in comments:**
```python
class Solution:
    def subarraySum(self, nums: List[int], k: int) -> int:
        # Initialize a hashmap to store cumulative sums and their counts
        cumulative_sum_count = {0: 1}
        cumulative_sum = 0
        count = 0
        
        # Iterate through each number in the array
        for num in nums:
            # Update the cumulative sum
            cumulative_sum += num
            
            # If the cumulative sum equals k, increment the count
            if cumulative_sum == k:
                count += 1
            
            # If (cumulative sum - k) exists in the hashmap, add its count to the total count
            if (cumulative_sum - k) in cumulative_sum_count:
                count += cumulative_sum_count[cumulative_sum - k]
            
            # Update the hashmap with the current cumulative sum
            if cumulative_sum in cumulative_sum_count:
                cumulative_sum_count[cumulative_sum] += 1
            else:
                cumulative_sum_count[cumulative_sum] = 1
        
        # Return the total count of subarrays that sum to k
        return count
```
INFO - [35m Rollout attempt 1/4[0m
INFO - [33m Retrieving 1 entries for db: episodic 
 [0m
INFO - Retrieved (score=0.2140):

[Task]:
    Given an array of integers nums and an integer k. A continuous subarray is called nice if there are k odd numbers on it.
    Return the number of nice sub-arrays.
 
    Example 1:
    Input: nums = [1,1,2,1,1], k = 3
    Output: 2
    Explanation: The only sub-arrays with 3 odd numbe...


INFO - [33m Retrieving 1 entries for db: semantic 
 [0m
INFO - Retrieved (score=0.4320):
Title: Josephus Problem
Part: 1/1
# Josephus Problem

## Statement

We are given the natural numbers $n$ and $k$.
All natural numbers from $1$ to $n$ are written in a circle. 
First, count the $k$-th number starting from the first one and delete it.
Then $k$ numbers are counted starting from the ...


INFO - [33m Retrieving 1 entries for db: reflections 
 [0m
INFO - Retrieved (score=0.3421):
The official solution employs a more efficient approach using a deque (double-ended queue) to maintain a list of cumulative sums and their corresponding indices. This method effectively reduces the time complexity compared to my initial approach, which involved nested loops to check all previous ...


INFO - [33m Retrieving 1 entries for db: summaries 
 [0m
INFO - Retrieved (score=0.3112):
The problem involved finding the length of the shortest contiguous subarray with a sum of at least K. The solution utilized a combination of prefix sums and a sliding window approach to efficiently track the sums of subarrays as we iterated through the list.

Key concepts included:
- **Prefix Sum...


INFO - [33m Retrieving 1 entries for db: non_func 
 [0m
INFO - Retrieved (score=0.3502):

[description]
This function finds the length of the shortest contiguous subarray within a given list of integers that has a sum of at least K. It initializes a variable to track the minimum length and uses a prefix sum approach to efficiently calculate the sums of subarrays. As it iterates throu...


INFO - Retrieved (score=0.2140): 
[Past Memory]:

    [Task]:
        Given an array of integers nums and an integer k. A continuous subarray is called nice if there are k odd numbers on it.
        Return the number of nice sub-arrays.
 
        Example 1:
        Input: nums = [1,1,2,1,1], k = 3
        Output: 2
        Expla...
INFO - LM call n parse attempt 1 / 3

INFO - [Task id] 398 [prompt] 
You are an expert programmer tasked with solving the problem below.

Follow the user's instructions to solve the problem.
The user can ask for analysis, code, or both.

## Instructions
When asked to output code,
- Make sure to wrap your code in '```python' and '```' Markdown delimiters, 
- include exactly one block of code with the entire solution
- No outside libraries are allowed. 
- Builtins are allowed.
- If the task specifies a function name to be used, follow it strictly (be case sensitive!) and declare the that function last (helper functions are declared first).
- DO NOT write any assert statements / tests.

## Problem
[BEGIN PROBLEM]
Given an array of integers and an integer k, you need to find the total number of continuous subarrays whose sum equals to k.

Example 1:

Input:nums = [1,1,1], k = 2
Output: 2



Note:

The length of the array is in range [1, 20,000].
The range of numbers in the array is [-1000, 1000] and the range of the integer k is [-1e7, 1e7].

The output code needs to use the provided function signature

The final python function should begin with: 
```python

class Solution:
    def subarraySum(self, nums: List[int], k: int) -> int:
        
```

[END PROBLEM]

INFO - [Task id] 398 [prompt] 
## Instructions

Reason through the problem and:
1. Restate the problem in plain English
2. Conceptualize a solution first in plain English
3. Write a pseudocode solution
4. Output the final Python 3 solution with your solution steps in comments.

Make sure to wrap your code in '```python' and '```' Markdown delimiters, 
and include exactly one block of code with the entire solution.

No outside libraries are allowed.
Builtins are allowed.

INFO - [Task id] 398 [prompt] 
Also, here are some of your memories.
Feel free to use the given information to aid your problem solving process if necessary.
Do not confuse the memories with the problem statement.

## Memories

[Past Memory]:

    [Task]:
        Given an array of integers nums and an integer k. A continuous subarray is called nice if there are k odd numbers on it.
        Return the number of nice sub-arrays.
 
        Example 1:
        Input: nums = [1,1,2,1,1], k = 3
        Output: 2
        Explanation: The only sub-arrays with 3 odd numbers are [1,1,2,1] and [1,2,1,1].

        Example 2:
        Input: nums = [2,4,6], k = 1
        Output: 0
        Explanation: There is no odd numbers in the array.

        Example 3:
        Input: nums = [2,2,2,1,2,2,1,2,2,2], k = 2
        Output: 16

 
        Constraints:

        1 <= nums.length <= 50000
        1 <= nums[i] <= 10^5
        1 <= k <= nums.length
    [/Task]

    [Previous Critique]:
        None
    [/Previous Critique]

    [Thought Process and Code]:
        1. **Restate the problem in plain English**: 
           We need to find the number of continuous subarrays within a given list of integers that contain exactly `k` odd numbers. A subarray is a contiguous part of the array.

        2. **Conceptualize a solution first in plain English**: 
           To solve this problem, we can use a sliding window approach. We will maintain a count of odd numbers in the current window (subarray). We will expand the window by moving the right pointer and include more elements until we have at least `k` odd numbers. Once we have `k` odd numbers, we will count how many valid subarrays can be formed by moving the left pointer. We will also need to handle cases where we have more than `k` odd numbers by adjusting the left pointer accordingly.

        3. **Write a pseudocode solution**:
           ```
           function numberOfSubarrays(nums, k):
               initialize count = 0
               initialize left = 0
               initialize odd_count = 0
               initialize result = 0

               for right from 0 to length of nums:
                   if nums[right] is odd:
                       increment odd_count

                   while odd_count > k:
                       if nums[left] is odd:
                           decrement odd_count
                       increment left

                   if odd_count == k:
                       temp_left = left
                       while temp_left < right and nums[temp_left] is even:
                           increment temp_left
                       count = temp_left - left + 1
                       result += count

               return result
           ```

        4. **Output the final Python 3 solution with your solution steps in comments**:
        ```python
        class Solution:
            def numberOfSubarrays(self, nums: list[int], k: int) -> int:
                # Initialize the count of nice subarrays
                result = 0
        
                # Function to count subarrays with at most k odd numbers
                def atMostK(k):
                    count = 0
                    left = 0
                    odd_count = 0
            
                    for right in range(len(nums)):
                        # If the current number is odd, increment the odd count
                        if nums[right] % 2 == 1:
                            odd_count += 1
                
                        # If we have more than k odd numbers, move the left pointer
                        while odd_count > k:
                            if nums[left] % 2 == 1:
                                odd_count -= 1
                            left += 1
                
                        # Count the number of valid subarrays ending at right
                        count += right - left + 1
            
                    return count
        
                # The number of nice subarrays with exactly k odd numbers
                result = atMostK(k) - atMostK(k - 1)
        
                return result
        ```
    [/Thought Process and Code]

    [Environment Feedback]:
        Note: Inputs/outputs here are automatically extracted/truncated so formatting may be a bit off.
        Tests passed:

         Input: [[1, 1, 2, 1, 1], 3] Output: 2

        Tests failed:
        None
    [/Environment Feedback]

    [Result]:
        Success
    [/Result]

[/Past Memory]


INFO - [Task id] 398 [generation text] 1. **Restate the problem in plain English**: 
   We need to find the total number of continuous subarrays within a given list of integers that sum up to a specified integer `k`.

2. **Conceptualize a solution first in plain English**: 
   To solve this problem, we can use a hashmap (dictionary) to keep track of the cumulative sums we have seen so far. As we iterate through the array, we calculate the cumulative sum at each index. If the difference between the current cumulative sum and `k` exists in our hashmap, it means there are subarrays that sum to `k`. We will also keep track of how many times each cumulative sum has occurred to count the number of valid subarrays.

3. **Write a pseudocode solution**:
   ```
   function subarraySum(nums, k):
       initialize cumulative_sum = 0
       initialize count = 0
       initialize hashmap with {0: 1}  # To handle the case where cumulative_sum equals k

       for each number in nums:
           cumulative_sum += number
           if (cumulative_sum - k) exists in hashmap:
               count += hashmap[cumulative_sum - k]
           if cumulative_sum exists in hashmap:
               hashmap[cumulative_sum] += 1
           else:
               hashmap[cumulative_sum] = 1

       return count
   ```

4. **Output the final Python 3 solution with your solution steps in comments**:
```python
class Solution:
    def subarraySum(self, nums: list[int], k: int) -> int:
        # Initialize cumulative sum and count of subarrays
        cumulative_sum = 0
        count = 0
        
        # Initialize a hashmap to store the frequency of cumulative sums
        hashmap = {0: 1}  # To handle the case where cumulative_sum equals k

        # Iterate through each number in the array
        for number in nums:
            # Update the cumulative sum
            cumulative_sum += number
            
            # Check if there is a cumulative sum that, when subtracted from the current sum, equals k
            if (cumulative_sum - k) in hashmap:
                count += hashmap[cumulative_sum - k]
            
            # Update the hashmap with the current cumulative sum
            if cumulative_sum in hashmap:
                hashmap[cumulative_sum] += 1
            else:
                hashmap[cumulative_sum] = 1

        # Return the total count of subarrays that sum to k
        return count
```
INFO - program_code:
 
class Solution:
    def subarraySum(self, nums: list[int], k: int) -> int:
        # Initialize cumulative sum and count of subarrays
        cumulative_sum = 0
        count = 0
        
        # Initialize a hashmap to store the frequency of cumulative sums
        hashmap = {0: 1}  # To handle the case where cumulative_sum equals k

        # Iterate through each number in the array
        for number in nums:
            # Update the cumulative sum
            cumulative_sum += number
            
            # Check if there is a cumulative sum that, when subtracted from the current sum, equals k
            if (cumulative_sum - k) in hashmap:
                count += hashmap[cumulative_sum - k]
            
            # Update the hashmap with the current cumulative sum
            if cumulative_sum in hashmap:
                hashmap[cumulative_sum] += 1
            else:
                hashmap[cumulative_sum] = 1

        # Return the total count of subarrays that sum to k
        return count


INFO - program_name:
 

INFO - dependencies:
 []

INFO - raw_msg:
 1. **Restate the problem in plain English**: 
   We need to find the total number of continuous subarrays within a given list of integers that sum up to a specified integer `k`.

2. **Conceptualize a solution first in plain English**: 
   To solve this problem, we can use a hashmap (dictionary) to keep track of the cumulative sums we have seen so far. As we iterate through the array, we calculate the cumulative sum at each index. If the difference between the current cumulative sum and `k` exists in our hashmap, it means there are subarrays that sum to `k`. We will also keep track of how many times each cumulative sum has occurred to count the number of valid subarrays.

3. **Write a pseudocode solution**:
   ```
   function subarraySum(nums, k):
       initialize cumulative_sum = 0
       initialize count = 0
       initialize hashmap with {0: 1}  # To handle the case where cumulative_sum equals k

       for each number in nums:
           cumulative_sum += number
           if (cumulative_sum - k) exists in hashmap:
               count += hashmap[cumulative_sum - k]
           if cumulative_sum exists in hashmap:
               hashmap[cumulative_sum] += 1
           else:
               hashmap[cumulative_sum] = 1

       return count
   ```

4. **Output the final Python 3 solution with your solution steps in comments**:
```python
class Solution:
    def subarraySum(self, nums: list[int], k: int) -> int:
        # Initialize cumulative sum and count of subarrays
        cumulative_sum = 0
        count = 0
        
        # Initialize a hashmap to store the frequency of cumulative sums
        hashmap = {0: 1}  # To handle the case where cumulative_sum equals k

        # Iterate through each number in the array
        for number in nums:
            # Update the cumulative sum
            cumulative_sum += number
            
            # Check if there is a cumulative sum that, when subtracted from the current sum, equals k
            if (cumulative_sum - k) in hashmap:
                count += hashmap[cumulative_sum - k]
            
            # Update the hashmap with the current cumulative sum
            if cumulative_sum in hashmap:
                hashmap[cumulative_sum] += 1
            else:
                hashmap[cumulative_sum] = 1

        # Return the total count of subarrays that sum to k
        return count
```

INFO - no_parent:
 False

INFO - full code to be executed: 
 
class Solution:
    def subarraySum(self, nums: list[int], k: int) -> int:
        # Initialize cumulative sum and count of subarrays
        cumulative_sum = 0
        count = 0
        
        # Initialize a hashmap to store the frequency of cumulative sums
        hashmap = {0: 1}  # To handle the case where cumulative_sum equals k

        # Iterate through each number in the array
        for number in nums:
            # Update the cumulative sum
            cumulative_sum += number
            
            # Check if there is a cumulative sum that, when subtracted from the current sum, equals k
            if (cumulative_sum - k) in hashmap:
                count += hashmap[cumulative_sum - k]
            
            # Update the hashmap with the current cumulative sum
            if cumulative_sum in hashmap:
                hashmap[cumulative_sum] += 1
            else:
                hashmap[cumulative_sum] = 1

        # Return the total count of subarrays that sum to k
        return count


INFO - obs: Note: Inputs/outputs here are automatically extracted/truncated so formatting may be a bit off.
Tests passed:

 Input: [[1, 1, 1], 2] Output: 2

Tests failed:
None
reward: True
done: None
info: {'individual_results': [True]}
INFO - Updated entry: 
[Task]:
    Given an array of integers and an integer k, you need to find the total number of continuous subarrays whose sum equals to k.

    Example 1:

    Input:nums = [1,1,1], k = 2
    Output: 2



    Note:

    The length of the array is in range [1, 20,000].
    The range of numbers in ...,

INFO - Metadata: {
    "raw_msg": "1. **Restate the problem in plain English**: \n   We need to find the total number of continuous subarrays within a given list of integers that sum up to a specified integer `k`.\n\n2. **Conceptualize a solution first in plain English**: \n   To solve this problem, we can use a ...

INFO - LM call n parse attempt 1 / 3

INFO - [Task id] 398 [prompt] 
You are an expert programmer tasked with solving the problem below.

Follow the user's instructions to solve the problem.
The user can ask for analysis, code, or both.

## Instructions
When asked to output code,
- Make sure to wrap your code in '```python' and '```' Markdown delimiters, 
- include exactly one block of code with the entire solution
- No outside libraries are allowed. 
- Builtins are allowed.
- If the task specifies a function name to be used, follow it strictly (be case sensitive!) and declare the that function last (helper functions are declared first).
- DO NOT write any assert statements / tests.

## Problem
[BEGIN PROBLEM]
Given an array of integers and an integer k, you need to find the total number of continuous subarrays whose sum equals to k.

Example 1:

Input:nums = [1,1,1], k = 2
Output: 2



Note:

The length of the array is in range [1, 20,000].
The range of numbers in the array is [-1000, 1000] and the range of the integer k is [-1e7, 1e7].

The output code needs to use the provided function signature

The final python function should begin with: 
```python

class Solution:
    def subarraySum(self, nums: List[int], k: int) -> int:
        
```

[END PROBLEM]

INFO - [Task id] 398 [prompt] 
## Instructions

Reason through the problem and:
1. Restate the problem in plain English
2. Conceptualize a solution first in plain English
3. Write a pseudocode solution
4. Output the final Python 3 solution with your solution steps in comments.

Make sure to wrap your code in '```python' and '```' Markdown delimiters, 
and include exactly one block of code with the entire solution.

No outside libraries are allowed.
Builtins are allowed.

INFO - [Task id] 398 [prompt] 1. **Restate the problem in plain English**: 
   We need to find the total number of continuous subarrays within a given list of integers that sum up to a specified integer `k`.

2. **Conceptualize a solution first in plain English**: 
   To solve this problem, we can use a hashmap (dictionary) to keep track of the cumulative sums we have seen so far. As we iterate through the array, we calculate the cumulative sum at each index. If the difference between the current cumulative sum and `k` exists in our hashmap, it means there are subarrays that sum to `k`. We will also keep track of how many times each cumulative sum has occurred to count the number of valid subarrays.

3. **Write a pseudocode solution**:
   ```
   function subarraySum(nums, k):
       initialize cumulative_sum = 0
       initialize count = 0
       initialize hashmap with {0: 1}  # To handle the case where cumulative_sum equals k

       for each number in nums:
           cumulative_sum += number
           if (cumulative_sum - k) exists in hashmap:
               count += hashmap[cumulative_sum - k]
           if cumulative_sum exists in hashmap:
               hashmap[cumulative_sum] += 1
           else:
               hashmap[cumulative_sum] = 1

       return count
   ```

4. **Output the final Python 3 solution with your solution steps in comments**:
```python
class Solution:
    def subarraySum(self, nums: list[int], k: int) -> int:
        # Initialize cumulative sum and count of subarrays
        cumulative_sum = 0
        count = 0
        
        # Initialize a hashmap to store the frequency of cumulative sums
        hashmap = {0: 1}  # To handle the case where cumulative_sum equals k

        # Iterate through each number in the array
        for number in nums:
            # Update the cumulative sum
            cumulative_sum += number
            
            # Check if there is a cumulative sum that, when subtracted from the current sum, equals k
            if (cumulative_sum - k) in hashmap:
                count += hashmap[cumulative_sum - k]
            
            # Update the hashmap with the current cumulative sum
            if cumulative_sum in hashmap:
                hashmap[cumulative_sum] += 1
            else:
                hashmap[cumulative_sum] = 1

        # Return the total count of subarrays that sum to k
        return count
```
INFO - [Task id] 398 [prompt] 
[Environment Feedback]:
    Note: Inputs/outputs here are automatically extracted/truncated so formatting may be a bit off.
    Tests passed:

     Input: [[1, 1, 1], 2] Output: 2

    Tests failed:
    None
[/Environment Feedback]

INFO - [Task id] 398 [prompt] 
## Instructions
Now, summarize your attempts as a **standalone** document for your own future reference. (can skip formalities, be concise)

- Only include the most relevant information and code snippets that could be useful in the future.
- If you did not learn much from the current experience (e.g. the problem was too easy), feel free to write less or nothing at all.
- Here are some ideas if the experience was useful:
    - Identifying the core concepts and patterns that problem appears to test for
    - Describing the strategies that seemed to work but did not, and vice versa
    - Describing unexpected errors and how they were fixed

Your summary should be at most a few paragraphs.

INFO - [Task id] 398 [generation text] In this task, the goal was to find the total number of continuous subarrays within a list of integers that sum up to a specified integer `k`. The solution involved using a hashmap to track cumulative sums, which allowed for efficient counting of valid subarrays.

The core concept tested here was the use of cumulative sums and hashmaps to optimize the search for subarrays that meet a specific sum condition. By maintaining a running total of the cumulative sum and checking for the existence of a previously seen cumulative sum that, when subtracted from the current sum, equals `k`, we could efficiently count the number of valid subarrays.

The implemented solution was successful and passed the provided test case. The key strategies that worked included initializing the hashmap with a base case to handle scenarios where the cumulative sum directly equals `k`, and updating the hashmap as we iterated through the array. This approach avoided the need for nested loops, significantly improving performance for larger input sizes.

Overall, the experience reinforced the importance of understanding cumulative sums and their applications in solving problems related to subarray sums efficiently. The final code snippet is as follows:

```python
class Solution:
    def subarraySum(self, nums: list[int], k: int) -> int:
        cumulative_sum = 0
        count = 0
        hashmap = {0: 1}  # To handle the case where cumulative_sum equals k

        for number in nums:
            cumulative_sum += number
            
            if (cumulative_sum - k) in hashmap:
                count += hashmap[cumulative_sum - k]
            
            if cumulative_sum in hashmap:
                hashmap[cumulative_sum] += 1
            else:
                hashmap[cumulative_sum] = 1

        return count
```
INFO - LM call n parse attempt 1 / 3

INFO - [Task id] 398 [prompt] 
You are an expert programmer tasked with solving the problem below.

Follow the user's instructions to solve the problem.
The user can ask for analysis, code, or both.

## Instructions
When asked to output code,
- Make sure to wrap your code in '```python' and '```' Markdown delimiters, 
- include exactly one block of code with the entire solution
- No outside libraries are allowed. 
- Builtins are allowed.
- If the task specifies a function name to be used, follow it strictly (be case sensitive!) and declare the that function last (helper functions are declared first).
- DO NOT write any assert statements / tests.

## Problem
[BEGIN PROBLEM]
Given an array of integers and an integer k, you need to find the total number of continuous subarrays whose sum equals to k.

Example 1:

Input:nums = [1,1,1], k = 2
Output: 2



Note:

The length of the array is in range [1, 20,000].
The range of numbers in the array is [-1000, 1000] and the range of the integer k is [-1e7, 1e7].

The output code needs to use the provided function signature

The final python function should begin with: 
```python

class Solution:
    def subarraySum(self, nums: List[int], k: int) -> int:
        
```

[END PROBLEM]

INFO - [Task id] 398 [prompt] 
## Instructions

Reason through the problem and:
1. Restate the problem in plain English
2. Conceptualize a solution first in plain English
3. Write a pseudocode solution
4. Output the final Python 3 solution with your solution steps in comments.

Make sure to wrap your code in '```python' and '```' Markdown delimiters, 
and include exactly one block of code with the entire solution.

No outside libraries are allowed.
Builtins are allowed.

INFO - [Task id] 398 [prompt] 1. **Restate the problem in plain English**: 
   We need to find the total number of continuous subarrays within a given list of integers that sum up to a specified integer `k`.

2. **Conceptualize a solution first in plain English**: 
   To solve this problem, we can use a hashmap (dictionary) to keep track of the cumulative sums we have seen so far. As we iterate through the array, we calculate the cumulative sum at each index. If the difference between the current cumulative sum and `k` exists in our hashmap, it means there are subarrays that sum to `k`. We will also keep track of how many times each cumulative sum has occurred to count the number of valid subarrays.

3. **Write a pseudocode solution**:
   ```
   function subarraySum(nums, k):
       initialize cumulative_sum = 0
       initialize count = 0
       initialize hashmap with {0: 1}  # To handle the case where cumulative_sum equals k

       for each number in nums:
           cumulative_sum += number
           if (cumulative_sum - k) exists in hashmap:
               count += hashmap[cumulative_sum - k]
           if cumulative_sum exists in hashmap:
               hashmap[cumulative_sum] += 1
           else:
               hashmap[cumulative_sum] = 1

       return count
   ```

4. **Output the final Python 3 solution with your solution steps in comments**:
```python
class Solution:
    def subarraySum(self, nums: list[int], k: int) -> int:
        # Initialize cumulative sum and count of subarrays
        cumulative_sum = 0
        count = 0
        
        # Initialize a hashmap to store the frequency of cumulative sums
        hashmap = {0: 1}  # To handle the case where cumulative_sum equals k

        # Iterate through each number in the array
        for number in nums:
            # Update the cumulative sum
            cumulative_sum += number
            
            # Check if there is a cumulative sum that, when subtracted from the current sum, equals k
            if (cumulative_sum - k) in hashmap:
                count += hashmap[cumulative_sum - k]
            
            # Update the hashmap with the current cumulative sum
            if cumulative_sum in hashmap:
                hashmap[cumulative_sum] += 1
            else:
                hashmap[cumulative_sum] = 1

        # Return the total count of subarrays that sum to k
        return count
```
INFO - [Task id] 398 [prompt] 
[Environment Feedback]:
    Note: Inputs/outputs here are automatically extracted/truncated so formatting may be a bit off.
    Tests passed:

     Input: [[1, 1, 1], 2] Output: 2

    Tests failed:
    None
[/Environment Feedback]

INFO - [Task id] 398 [prompt] 
Below is the official solution (do exercise discretion as official solutions can also have mistakes).

You will be reflecting on your attempts to solve the problem.
This will be a **standalone** document for your own future reference. (can skip formalities, be concise)

## Instructions
- Only include the most relevant insights and code snippets that could be useful in the future.
- If you did not learn much from the current experience (e.g. the problem was too easy / official solution was obvious), feel free to write less or nothing at all.
- Here are some ideas if the experience was useful:
    - If the official solution is insightful (e.g. better than yours in time and space complexity or more effective in breaking down the problem statement), distil the key approach of the official solution, step by step.
    - If your approach failed the test cases, reason why the official solution works but yours does not

Your reflection should be at most a few paragraphs.

## Official solution
class Solution:
     def subarraySum(self, nums, k):
         """
         :type nums: List[int]
         :type k: int
         :rtype: int
         """
         
         dic = {}
         numSum = 0
         dic[0] = 1
         ans = 0
         for i in range(len(nums)):
             numSum += nums[i]
             if (numSum - k) in dic:
                 ans += dic[numSum - k]
             if numSum in dic:
                 dic[numSum] += 1
             else:
                 dic[numSum] = 1
         return ans

INFO - [Task id] 398 [generation text] The official solution effectively utilizes a hashmap to track cumulative sums, which is a key insight for solving the problem of finding continuous subarrays that sum to a given integer `k`. The approach is efficient, operating in O(n) time complexity, where n is the length of the input array. This is achieved by iterating through the array once while maintaining a running total of the cumulative sum.

Key steps in the official solution include:

1. **Initialization**: A dictionary (`dic`) is initialized to store the frequency of cumulative sums, starting with `{0: 1}` to account for cases where a subarray from the beginning sums to `k`.

2. **Cumulative Sum Calculation**: As we iterate through the array, we continuously update the cumulative sum (`numSum`).

3. **Check for Subarrays**: For each cumulative sum, the solution checks if the difference between the current cumulative sum and `k` exists in the dictionary. If it does, it indicates that there are subarrays that sum to `k`, and the count is updated accordingly.

4. **Update the Dictionary**: The cumulative sum is then added to the dictionary or its count is incremented if it already exists.

The official solution is concise and avoids unnecessary complexity, making it a robust approach to the problem. My initial solution was similar in logic but could have been more clearly articulated in terms of variable naming and comments. Overall, the official solution serves as a solid reference for efficiently handling problems involving subarray sums.
INFO - Updated entry: In this task, the goal was to find the total number of continuous subarrays within a list of integers that sum up to a specified integer `k`. The solution involved using a hashmap to track cumulative sums, which allowed for efficient counting of valid subarrays.

The core concept tested here was ...,

INFO - Metadata: {
    "task_id": 398
}

INFO - Updated entry: The official solution effectively utilizes a hashmap to track cumulative sums, which is a key insight for solving the problem of finding continuous subarrays that sum to a given integer `k`. The approach is efficient, operating in O(n) time complexity, where n is the length of the input array. Th...,

INFO - Metadata: {
    "task_id": 398
}

INFO - LM call n parse attempt 1 / 3

INFO - [Task id] 398 [prompt] 
You are a helpful assistant that writes a description of the given function written in the Python programming language.

1) Do not mention the function name.
2) Do not mention anything about helper functions.
3) There might be some helper functions before the main function, but you only need to describe the main function.
4) Try to summarize the function in no more than 6 sentences.
5) Your response should be a single line of text.

INFO - [Task id] 398 [prompt] 
class Solution:
    def subarraySum(self, nums: list[int], k: int) -> int:
        # Initialize cumulative sum and count of subarrays
        cumulative_sum = 0
        count = 0
        
        # Initialize a hashmap to store the frequency of cumulative sums
        hashmap = {0: 1}  # To handle the case where cumulative_sum equals k

        # Iterate through each number in the array
        for number in nums:
            # Update the cumulative sum
            cumulative_sum += number
            
            # Check if there is a cumulative sum that, when subtracted from the current sum, equals k
            if (cumulative_sum - k) in hashmap:
                count += hashmap[cumulative_sum - k]
            
            # Update the hashmap with the current cumulative sum
            if cumulative_sum in hashmap:
                hashmap[cumulative_sum] += 1
            else:
                hashmap[cumulative_sum] = 1

        # Return the total count of subarrays that sum to k
        return count

INFO - [Task id] 398 [generation text] This function calculates the number of contiguous subarrays within a given list of integers that sum up to a specified integer k. It maintains a cumulative sum while iterating through the list and uses a hashmap to track the frequency of these cumulative sums. For each element, it checks if the difference between the current cumulative sum and k exists in the hashmap, which indicates that a subarray summing to k has been found. The count of such subarrays is updated accordingly. Finally, the function returns the total count of subarrays that meet the criteria. This approach efficiently counts the subarrays in linear time using a single pass through the list.
INFO - LM call n parse attempt 1 / 3

INFO - [Task id] 398 [prompt] 
You are a helpful assistant that extracts important information from problems and solutions to aid in searchability and education.

## Instructions
- Read through the problem and solution carefully.
- Reason out, step by step, in what scenarios this knowledge would be useful.
- Focus on general patterns and situations to help connect this knowledge to new situations.
- Then, include a list of keywords that are useful for searching this problem/solution pair.

## Response format
Respond in JSON, and follow the keys and expected format of the values strictly.

The output should be formatted as a JSON instance that conforms to the JSON schema below.

As an example, for the schema {"properties": {"foo": {"title": "Foo", "description": "a list of strings", "type": "array", "items": {"type": "string"}}}, "required": ["foo"]}
the object {"foo": ["bar", "baz"]} is a well-formatted instance of the schema. The object {"properties": {"foo": ["bar", "baz"]}} is not well-formatted.

Here is the output schema:
```
{"properties": {"scenarios": {"description": "In what scenarios will this knowledge be useful? Answer in a paragraph.", "title": "Scenarios", "type": "string"}, "keywords": {"description": "List of keywords that are useful for searching this problem/solution pair", "items": {"type": "string"}, "title": "Keywords", "type": "array"}}, "required": ["scenarios", "keywords"]}
```

INFO - [Task id] 398 [prompt] 
[Problem]
    Given an array of integers and an integer k, you need to find the total number of continuous subarrays whose sum equals to k.

    Example 1:

    Input:nums = [1,1,1], k = 2
    Output: 2



    Note:

    The length of the array is in range [1, 20,000].
    The range of numbers in the array is [-1000, 1000] and the range of the integer k is [-1e7, 1e7].
[/Problem]

[Solution]

    class Solution:
        def subarraySum(self, nums: list[int], k: int) -> int:
            # Initialize cumulative sum and count of subarrays
            cumulative_sum = 0
            count = 0
        
            # Initialize a hashmap to store the frequency of cumulative sums
            hashmap = {0: 1}  # To handle the case where cumulative_sum equals k

            # Iterate through each number in the array
            for number in nums:
                # Update the cumulative sum
                cumulative_sum += number
            
                # Check if there is a cumulative sum that, when subtracted from the current sum, equals k
                if (cumulative_sum - k) in hashmap:
                    count += hashmap[cumulative_sum - k]
            
                # Update the hashmap with the current cumulative sum
                if cumulative_sum in hashmap:
                    hashmap[cumulative_sum] += 1
                else:
                    hashmap[cumulative_sum] = 1

            # Return the total count of subarrays that sum to k
            return count

[/Solution]

INFO - [Task id] 398 [generation text] 
INFO - {
    "scenarios": "This knowledge is useful in scenarios where one needs to analyze subarrays within a larger dataset, particularly in problems involving cumulative sums and target values. It can be applied in various fields such as data analysis, algorithm design, and competitive programming. Understanding how to efficiently count subarrays with a specific sum can help in optimizing solutions for problems related to financial data, statistical analysis, or any situation where continuous segments of data need to be evaluated against a target sum.",
    "keywords": [
        "subarray sum",
        "cumulative sum",
        "hashmap",
        "continuous subarrays",
        "algorithm",
        "data analysis",
        "competitive programming",
        "count subarrays"
    ]
}
INFO - {
    "scenarios": "This knowledge is useful in scenarios where one needs to analyze subarrays within a larger dataset, particularly in problems involving cumulative sums and target values. It can be applied in various fields such as data analysis, algorithm design, and competitive programming. Understanding how to efficiently count subarrays with a specific sum can help in optimizing solutions for problems related to financial data, statistical analysis, or any situation where continuous segments of data need to be evaluated against a target sum.",
    "keywords": [
        "subarray sum",
        "cumulative sum",
        "hashmap",
        "continuous subarrays",
        "algorithm",
        "data analysis",
        "competitive programming",
        "count subarrays"
    ]
}
INFO - Updated entry: 
[description]
This function calculates the number of contiguous subarrays within a given list of integers that sum up to a specified integer k. It maintains a cumulative sum while iterating through the list and uses a hashmap to track the frequency of these cumulative sums. For each element, it ...,

INFO - Metadata: {
    "task": 398,
    "code": "\nclass Solution:\n    def subarraySum(self, nums: list[int], k: int) -> int:\n        # Initialize cumulative sum and count of subarrays\n        cumulative_sum = 0\n        count = 0\n        \n        # Initialize a hashmap to store the frequency of cumulative s...

