INFO - DB skill doc count: 0

INFO - DB non_func doc count: 9

INFO - DB semantic doc count: 429

INFO - DB summaries doc count: 13

INFO - DB reflections doc count: 13

INFO - DB episodic doc count: 25

INFO - [train iter]: 13/100 

INFO - The task prompt is Help Saurabh with his Chemistry Assignment.

Saurabh has been given a chemistry assignment by Ruby Mam. Though the assignment is simple but

Saurabh has to watch India vs Pakistan Match and he has no time to do the assignment by himself.

So Saurabh wants you to do his assignment so that he doesn...

INFO - Attempting task_id 1032
INFO - LM call n parse attempt 1 / 3

INFO - [Task id] 1032 [prompt] 
You are an expert programmer tasked with solving the problem below.

Follow the user's instructions to solve the problem.
The user can ask for analysis, code, or both.

## Instructions
When asked to output code,
- Make sure to wrap your code in '```python' and '```' Markdown delimiters, 
- include exactly one block of code with the entire solution
- No outside libraries are allowed. 
- Builtins are allowed.
- If the task specifies a function name to be used, follow it strictly (be case sensitive!) and declare the that function last (helper functions are declared first).
- DO NOT write any assert statements / tests.

## Problem
[BEGIN PROBLEM]
Help Saurabh with his Chemistry Assignment.

Saurabh has been given a chemistry assignment by Ruby Mam. Though the assignment is simple but

Saurabh has to watch India vs Pakistan Match and he has no time to do the assignment by himself.

So Saurabh wants you to do his assignment so that he doesn’t get scolded by Ruby Mam . The assignment

is as follows , Suppose there are X particles initially at time t=0 in a box. At a time t the number of particles in

box becomes t times the number of particles at time t-1 . You will be given N and X where N is time at which the

number of particles in box is to be calculated and X is the number of particles at time t=0.

-----Input-----
The first line will contain the integer T, the number of test cases. Each test case consists of two space

separated integers N and X .

-----Output-----
For each test case, output the answer to the query. Since the output can be very large, output the answer modulo

10^6+3

-----Constraints-----
- 1 ≤ T ≤ 100000
- 1 ≤ N,X ≤ 10^18

-----Example-----
Input:
2
1 2
2 1

Output:
2
2

-----Explanation-----
Example case 2.At t=0 particles are 1 ,so at t=1 ,particles are 1*1 = 1 particles. At t=2, particles are 2*1 = 2 particles.

The output code needs to read from and write to standard IO


[END PROBLEM]

INFO - [Task id] 1032 [prompt] 
## Instructions

Reason through the problem and:
1. Restate the problem in plain English
2. Conceptualize a solution first in plain English
3. Write a pseudocode solution
4. Output the final Python 3 solution with your solution steps in comments.

Make sure to wrap your code in '```python' and '```' Markdown delimiters, 
and include exactly one block of code with the entire solution.

No outside libraries are allowed.
Builtins are allowed.

INFO - [Task id] 1032 [generation text] 1. **Restate the problem in plain English:**
   Saurabh needs to calculate the number of particles in a box at a given time `N`, starting with `X` particles at time `t=0`. The number of particles at time `t` is determined by multiplying the number of particles at time `t-1` by `t`. The results can be very large, so we need to return the result modulo \(10^6 + 3\).

2. **Conceptualize a solution first in plain English:**
   To solve the problem, we need to compute the number of particles at time `N` based on the formula:
   - At `t=0`, particles = `X`
   - At `t=1`, particles = `1 * X`
   - At `t=2`, particles = `2 * (1 * X)`
   - At `t=3`, particles = `3 * (2 * (1 * X))`
   - And so on, until `t=N`.
   
   This can be simplified to:
   - Particles at time `N` = `X * N!` (N factorial).
   
   However, since `N` can be very large (up to \(10^{18}\)), calculating `N!` directly is impractical. Instead, we can use properties of modular arithmetic and the fact that \(N! \mod (10^6 + 3)\) will repeat after a certain point due to the factorial growth and the modulus.

3. **Write a pseudocode solution:**
   ```
   function calculate_particles(N, X):
       MOD = 1000003
       if N >= MOD:
           return 0  // because N! will have MOD as a factor
       factorial = 1
       for i from 1 to N:
           factorial = (factorial * i) % MOD
       return (factorial * X) % MOD

   function main():
       read T
       for each test case:
           read N, X
           result = calculate_particles(N, X)
           print result
   ```

4. **Output the final Python 3 solution with your solution steps in comments:**
```python
def calculate_particles(N, X):
    MOD = 1000003
    # If N is greater than or equal to MOD, the result will be 0
    if N >= MOD:
        return 0  # because N! will have MOD as a factor
    factorial = 1
    # Calculate N! % MOD
    for i in range(1, N + 1):
        factorial = (factorial * i) % MOD
    # Return (N! * X) % MOD
    return (factorial * X) % MOD

def main():
    import sys
    input = sys.stdin.read
    data = input().splitlines()
    
    T = int(data[0])  # Read number of test cases
    results = []
    for i in range(1, T + 1):
        N, X = map(int, data[i].split())
        result = calculate_particles(N, X)
        results.append(result)
    
    # Print all results
    sys.stdout.write('\n'.join(map(str, results)) + '\n')

# Call the main function to execute the program
main()
```
INFO - [35m Rollout attempt 1/4[0m
INFO - [33m Retrieving 2 entries for db: episodic 
 [0m
INFO - Retrieved (score=0.3570):

[Task]:
    The MarkiT online virtual market startup wants to organize its grand opening in NIT Patna.
    but they want maximum crowd for their inauguration. So the manager told  this  to Praveen a student in NITP who suggested them:
    The first-year students come to campus  every x hour,
   ...


INFO - Retrieved (score=0.4112):

[Task]:
    Dr. S. De teaches computer architecture in NIT Patna. Whenever he comes across any good question(with complexity $k$), he gives that question to students within roll number range $i$ and $j$
    At the start of semester he assigns score of $10$ to every student in his class if a stud...


INFO - [33m Retrieving 2 entries for db: semantic 
 [0m
INFO - Retrieved (score=0.4093):
Title: Continued fractions
Part: 11/12
```
    === "Python"
        ```py
        # returns [ah, ph, qh] such that points r[i]=(ph[i], qh[i]) constitute upper convex hull
        # of lattice points on 0 <= x <= N and 0 <= y <= r * x, where r = [a0; a1, a2, ...]
        # and there are ah[i]-1 in...


INFO - Retrieved (score=0.4240):
Title: Continued fractions
Part: 12/12
```
    === "Python"
        ```py
        def solve(p, q, N):
            return p * N * (N + 1) // 2 - q * sum_floor(fraction(p, q), N)
        ``` 

!!! example "[Library Checker - Sum of Floor of Linear](https://judge.yosupo.jp/problem/sum_of_floor_of_li...


INFO - [33m Retrieving 2 entries for db: reflections 
 [0m
INFO - Retrieved (score=0.4374):
The official solution effectively addresses the problem by directly iterating through the list of bills for each query and calculating the sum within the specified range. Here are some key insights from the official solution:

1. **Input Handling**: The solution reads all inputs in a straightforw...


INFO - Retrieved (score=0.4635):
The official solution effectively calculates the least common multiple (LCM) of three integers (x, y, z) using a helper function to compute the greatest common divisor (GCD). The approach is straightforward and leverages the relationship between GCD and LCM, which is given by the formula: 

\[ \t...


INFO - [33m Retrieving 2 entries for db: summaries 
 [0m
INFO - Retrieved (score=0.3805):
In this task, I was required to help Avani calculate the sum of values from a list of bills based on multiple queries. Each query specified a range of indices, and the goal was to return the sum of the values in that range for each query. The problem involved reading multiple test cases, processi...


INFO - Retrieved (score=0.4017):
In this task, I was required to calculate the mean of maximum scores for students based on the complexity of questions assigned to them. Each student starts with a score of 10, and their score is multiplied by the complexity of the questions they solve. The challenge involved efficiently updating...


INFO - [33m Retrieving 2 entries for db: non_func 
 [0m
INFO - Retrieved (score=0.4838):

[description for function: main]
This function reads the number of test cases and for each test case, it takes the number of days and three integers as input. It then calculates the total number of hours available based on the number of days provided. Using these inputs, it computes the result b...


INFO - Retrieved (score=0.5411):

[description]
This function calculates the minimum possible weight of the last stone after performing a series of operations on a list of stone weights. It first computes the total weight of all stones and determines a target weight that represents half of this total. A dynamic programming appro...


INFO - Retrieved (score=0.3570): 
[Past Memory]:

    [Task]:
        The MarkiT online virtual market startup wants to organize its grand opening in NIT Patna.
        but they want maximum crowd for their inauguration. So the manager told  this  to Praveen a student in NITP who suggested them:
        The first-year students c...
INFO - Retrieved (score=0.3805): 
[Summary]:
    In this task, I was required to help Avani calculate the sum of values from a list of bills based on multiple queries. Each query specified a range of indices, and the goal was to return the sum of the values in that range for each query. The problem involved reading multiple test...
INFO - LM call n parse attempt 1 / 3

INFO - [Task id] 1032 [prompt] 
You are an expert programmer tasked with solving the problem below.

Follow the user's instructions to solve the problem.
The user can ask for analysis, code, or both.

## Instructions
When asked to output code,
- Make sure to wrap your code in '```python' and '```' Markdown delimiters, 
- include exactly one block of code with the entire solution
- No outside libraries are allowed. 
- Builtins are allowed.
- If the task specifies a function name to be used, follow it strictly (be case sensitive!) and declare the that function last (helper functions are declared first).
- DO NOT write any assert statements / tests.

## Problem
[BEGIN PROBLEM]
Help Saurabh with his Chemistry Assignment.

Saurabh has been given a chemistry assignment by Ruby Mam. Though the assignment is simple but

Saurabh has to watch India vs Pakistan Match and he has no time to do the assignment by himself.

So Saurabh wants you to do his assignment so that he doesn’t get scolded by Ruby Mam . The assignment

is as follows , Suppose there are X particles initially at time t=0 in a box. At a time t the number of particles in

box becomes t times the number of particles at time t-1 . You will be given N and X where N is time at which the

number of particles in box is to be calculated and X is the number of particles at time t=0.

-----Input-----
The first line will contain the integer T, the number of test cases. Each test case consists of two space

separated integers N and X .

-----Output-----
For each test case, output the answer to the query. Since the output can be very large, output the answer modulo

10^6+3

-----Constraints-----
- 1 ≤ T ≤ 100000
- 1 ≤ N,X ≤ 10^18

-----Example-----
Input:
2
1 2
2 1

Output:
2
2

-----Explanation-----
Example case 2.At t=0 particles are 1 ,so at t=1 ,particles are 1*1 = 1 particles. At t=2, particles are 2*1 = 2 particles.

The output code needs to read from and write to standard IO


[END PROBLEM]

INFO - [Task id] 1032 [prompt] 
## Instructions

Reason through the problem and:
1. Restate the problem in plain English
2. Conceptualize a solution first in plain English
3. Write a pseudocode solution
4. Output the final Python 3 solution with your solution steps in comments.

Make sure to wrap your code in '```python' and '```' Markdown delimiters, 
and include exactly one block of code with the entire solution.

No outside libraries are allowed.
Builtins are allowed.

INFO - [Task id] 1032 [prompt] 
Also, here are some of your memories.
Feel free to use the given information to aid your problem solving process if necessary.
Do not confuse the memories with the problem statement.

## Memories

[Past Memory]:

    [Task]:
        The MarkiT online virtual market startup wants to organize its grand opening in NIT Patna.
        but they want maximum crowd for their inauguration. So the manager told  this  to Praveen a student in NITP who suggested them:
        The first-year students come to campus  every x hour,
        Second-year students come to campus every y hour,
        Third-year students come to campus every z hour and 
        Fourth-year is very busy so they don't come regularly.
        So Praveen being very clever told him the no of times in n days he can have an audience of all year student (1st,2nd & 3rd) at max. So can you code what Praveen has done?

        -----Input:-----
        - First line will contain $T$, number of testcases. Then the testcases follow. 
        - Each testcase contains of a 2 line of input, first line contain one  integers $N$ (No of Days). 
        -Next line contain 3 space separated integer the  value of x y z

        -----Output:-----
        For each testcase, output in a single line answer the no of times audience consists of all year.

        -----Constraints-----
        - $1 \leq T \leq 1000$
        - $1 \leq N \leq 10^8$
        - $1 \leq x,y,z \leq 10^5$

        -----Sample Input:-----
        1
        10
        8 10 6

        -----Sample Output:-----
        2

        -----EXPLANATION:-----
        First favourable condition will come on 5th day and Second on 10th day.
    [/Task]

    [Previous Critique]:
        None
    [/Previous Critique]

    [Thought Process and Code]:
        1. **Restatement of the Problem**:
           The task is to determine how many times first, second, and third-year students will all be present on campus together over a given number of days. Each group of students comes to campus at regular intervals defined by three integers (x, y, z), which represent the hours at which each group arrives. We need to find out how many times all three groups will be present on the same day within a specified number of days.

        2. **Conceptualization of a Solution**:
           To solve this problem, we need to find the least common multiple (LCM) of the three intervals (x, y, z). The LCM will give us the frequency at which all three groups will be present together. Once we have the LCM, we can determine how many times this occurs within the total number of hours in the given number of days (N days = N * 24 hours). The result will be the total hours divided by the LCM.

        3. **Pseudocode Solution**:
           ```
           function gcd(a, b):
               while b is not 0:
                   a, b = b, a % b
               return a

           function lcm(a, b):
               return (a * b) // gcd(a, b)

           function lcm_of_three(x, y, z):
               return lcm(lcm(x, y), z)

           function count_audience_days(N, x, y, z):
               total_hours = N * 24
               lcm_value = lcm_of_three(x, y, z)
               return total_hours // lcm_value

           function main():
               read T
               for each test case:
                   read N
                   read x, y, z
                   result = count_audience_days(N, x, y, z)
                   print(result)
           ```

        4. **Final Python 3 Solution**:
        ```python
        def gcd(a, b):
            while b != 0:
                a, b = b, a % b
            return a

        def lcm(a, b):
            return (a * b) // gcd(a, b)

        def lcm_of_three(x, y, z):
            return lcm(lcm(x, y), z)

        def count_audience_days(N, x, y, z):
            total_hours = N * 24
            lcm_value = lcm_of_three(x, y, z)
            return total_hours // lcm_value

        def main():
            T = int(input())  # Read number of test cases
            for _ in range(T):
                N = int(input())  # Read number of days
                x, y, z = map(int, input().split())  # Read x, y, z
                result = count_audience_days(N, x, y, z)  # Calculate result
                print(result)  # Output the result

        # Call the main function to execute the program
        main()
        ```
    [/Thought Process and Code]

    [Environment Feedback]:
        Note: Inputs/outputs here are automatically extracted/truncated so formatting may be a bit off.
        Tests passed:

         Input: ['1', '10', '8 10 6'] Output: 2

        Tests failed:
        None
    [/Environment Feedback]

    [Result]:
        Success
    [/Result]

[/Past Memory]


[Summary]:
    In this task, I was required to help Avani calculate the sum of values from a list of bills based on multiple queries. Each query specified a range of indices, and the goal was to return the sum of the values in that range for each query. The problem involved reading multiple test cases, processing a list of integers, and efficiently calculating sums based on given indices.

    The solution involved iterating through each test case, reading the number of bills and queries, and then processing each query by summing the specified range of values. The use of Python's built-in `sum()` function allowed for straightforward calculation of the sums. The implementation was efficient enough to handle the upper limits of the constraints provided.

    The final code snippet effectively handled the input and output requirements, ensuring that results were printed for each query. The approach was successful, and no unexpected errors were encountered during the implementation. The key takeaway was the importance of efficiently managing input and output, especially when dealing with potentially large datasets. 

    Here’s the final code for reference:

    ```python
    def process_queries(T):
        for _ in range(T):  # Iterate over each test case
            N, Q = map(int, input().split())  # Read number of bills and queries
            bills = list(map(int, input().split()))  # Read the list of bills
        
            for __ in range(Q):  # Iterate over each query
                X, Y = map(int, input().split())  # Read the query indices
                # Calculate the sum from index X-1 to Y-1 (inclusive)
                total_sum = sum(bills[X-1:Y])  
                print(total_sum)  # Output the result for the query

    # Read the number of test cases
    T = int(input())
    process_queries(T)  # Call the function with the number of test cases
    ```
[/Summary]


INFO - [Task id] 1032 [generation text] 1. **Restatement of the Problem**:
   The task is to calculate the number of particles in a box at a given time `N`, starting with `X` particles at time `t=0`. The number of particles at time `t` is defined as `t` times the number of particles at time `t-1`. The output should be the number of particles at time `N`, modulo \(10^6 + 3\).

2. **Conceptualization of a Solution**:
   The number of particles at time `t` can be expressed as:
   - At `t=0`: `X`
   - At `t=1`: `1 * X`
   - At `t=2`: `2 * (1 * X) = 2 * X`
   - At `t=3`: `3 * (2 * X) = 6 * X`
   - At `t=4`: `4 * (6 * X) = 24 * X`
   - ...
   - At `t=N`: `N! * X` (where `N!` is the factorial of `N`)

   Given the constraints where `N` can be as large as \(10^{18}\), calculating `N!` directly is impractical. However, we can leverage the properties of modular arithmetic. Specifically, if `N` is greater than or equal to \(10^6 + 3\), then `N!` will contain the factor \(10^6 + 3\) and thus `N! % (10^6 + 3) = 0`. For smaller values of `N`, we can compute `N!` modulo \(10^6 + 3\).

3. **Pseudocode Solution**:
   ```
   function factorial_mod(n, mod):
       result = 1
       for i from 1 to n:
           result = (result * i) % mod
           if result == 0:
               break
       return result

   function calculate_particles(N, X):
       mod = 10**6 + 3
       if N >= mod:
           return 0
       else:
           factorial_value = factorial_mod(N, mod)
           return (factorial_value * X) % mod

   function main():
       T = read integer from input
       for each test case:
           N, X = read two integers from input
           result = calculate_particles(N, X)
           print(result)
   ```

4. **Final Python 3 Solution**:
```python
def factorial_mod(n, mod):
    result = 1
    for i in range(1, n + 1):
        result = (result * i) % mod
        if result == 0:
            break
    return result

def calculate_particles(N, X):
    mod = 10**6 + 3
    if N >= mod:
        return 0
    else:
        factorial_value = factorial_mod(N, mod)
        return (factorial_value * X) % mod

def main():
    T = int(input())  # Read number of test cases
    for _ in range(T):
        N, X = map(int, input().split())  # Read N and X
        result = calculate_particles(N, X)  # Calculate result
        print(result)  # Output the result

# Call the main function to execute the program
main()
```
INFO - program_code:
 
def factorial_mod(n, mod):
    result = 1
    for i in range(1, n + 1):
        result = (result * i) % mod
        if result == 0:
            break
    return result

def calculate_particles(N, X):
    mod = 10**6 + 3
    if N >= mod:
        return 0
    else:
        factorial_value = factorial_mod(N, mod)
        return (factorial_value * X) % mod

def main():
    T = int(input())  # Read number of test cases
    for _ in range(T):
        N, X = map(int, input().split())  # Read N and X
        result = calculate_particles(N, X)  # Calculate result
        print(result)  # Output the result

# Call the main function to execute the program
main()


INFO - program_name:
 main

INFO - dependencies:
 []

INFO - raw_msg:
 1. **Restatement of the Problem**:
   The task is to calculate the number of particles in a box at a given time `N`, starting with `X` particles at time `t=0`. The number of particles at time `t` is defined as `t` times the number of particles at time `t-1`. The output should be the number of particles at time `N`, modulo \(10^6 + 3\).

2. **Conceptualization of a Solution**:
   The number of particles at time `t` can be expressed as:
   - At `t=0`: `X`
   - At `t=1`: `1 * X`
   - At `t=2`: `2 * (1 * X) = 2 * X`
   - At `t=3`: `3 * (2 * X) = 6 * X`
   - At `t=4`: `4 * (6 * X) = 24 * X`
   - ...
   - At `t=N`: `N! * X` (where `N!` is the factorial of `N`)

   Given the constraints where `N` can be as large as \(10^{18}\), calculating `N!` directly is impractical. However, we can leverage the properties of modular arithmetic. Specifically, if `N` is greater than or equal to \(10^6 + 3\), then `N!` will contain the factor \(10^6 + 3\) and thus `N! % (10^6 + 3) = 0`. For smaller values of `N`, we can compute `N!` modulo \(10^6 + 3\).

3. **Pseudocode Solution**:
   ```
   function factorial_mod(n, mod):
       result = 1
       for i from 1 to n:
           result = (result * i) % mod
           if result == 0:
               break
       return result

   function calculate_particles(N, X):
       mod = 10**6 + 3
       if N >= mod:
           return 0
       else:
           factorial_value = factorial_mod(N, mod)
           return (factorial_value * X) % mod

   function main():
       T = read integer from input
       for each test case:
           N, X = read two integers from input
           result = calculate_particles(N, X)
           print(result)
   ```

4. **Final Python 3 Solution**:
```python
def factorial_mod(n, mod):
    result = 1
    for i in range(1, n + 1):
        result = (result * i) % mod
        if result == 0:
            break
    return result

def calculate_particles(N, X):
    mod = 10**6 + 3
    if N >= mod:
        return 0
    else:
        factorial_value = factorial_mod(N, mod)
        return (factorial_value * X) % mod

def main():
    T = int(input())  # Read number of test cases
    for _ in range(T):
        N, X = map(int, input().split())  # Read N and X
        result = calculate_particles(N, X)  # Calculate result
        print(result)  # Output the result

# Call the main function to execute the program
main()
```

INFO - no_parent:
 False

INFO - full code to be executed: 
 
def factorial_mod(n, mod):
    result = 1
    for i in range(1, n + 1):
        result = (result * i) % mod
        if result == 0:
            break
    return result

def calculate_particles(N, X):
    mod = 10**6 + 3
    if N >= mod:
        return 0
    else:
        factorial_value = factorial_mod(N, mod)
        return (factorial_value * X) % mod

def main():
    T = int(input())  # Read number of test cases
    for _ in range(T):
        N, X = map(int, input().split())  # Read N and X
        result = calculate_particles(N, X)  # Calculate result
        print(result)  # Output the result

# Call the main function to execute the program
main()


INFO - obs: Note: Inputs/outputs here are automatically extracted/truncated so formatting may be a bit off.
Tests passed:

 Input: ['2', '1 2', '2 1'] Output: 2
2

Tests failed:
None
reward: True
done: None
info: {'individual_results': [True]}
INFO - Updated entry: 
[Task]:
    Help Saurabh with his Chemistry Assignment.

    Saurabh has been given a chemistry assignment by Ruby Mam. Though the assignment is simple but

    Saurabh has to watch India vs Pakistan Match and he has no time to do the assignment by himself.

    So Saurabh wants you to do his as...,

INFO - Metadata: {
    "raw_msg": "1. **Restatement of the Problem**:\n   The task is to calculate the number of particles in a box at a given time `N`, starting with `X` particles at time `t=0`. The number of particles at time `t` is defined as `t` times the number of particles at time `t-1`. The output should b...

INFO - LM call n parse attempt 1 / 3

INFO - [Task id] 1032 [prompt] 
You are an expert programmer tasked with solving the problem below.

Follow the user's instructions to solve the problem.
The user can ask for analysis, code, or both.

## Instructions
When asked to output code,
- Make sure to wrap your code in '```python' and '```' Markdown delimiters, 
- include exactly one block of code with the entire solution
- No outside libraries are allowed. 
- Builtins are allowed.
- If the task specifies a function name to be used, follow it strictly (be case sensitive!) and declare the that function last (helper functions are declared first).
- DO NOT write any assert statements / tests.

## Problem
[BEGIN PROBLEM]
Help Saurabh with his Chemistry Assignment.

Saurabh has been given a chemistry assignment by Ruby Mam. Though the assignment is simple but

Saurabh has to watch India vs Pakistan Match and he has no time to do the assignment by himself.

So Saurabh wants you to do his assignment so that he doesn’t get scolded by Ruby Mam . The assignment

is as follows , Suppose there are X particles initially at time t=0 in a box. At a time t the number of particles in

box becomes t times the number of particles at time t-1 . You will be given N and X where N is time at which the

number of particles in box is to be calculated and X is the number of particles at time t=0.

-----Input-----
The first line will contain the integer T, the number of test cases. Each test case consists of two space

separated integers N and X .

-----Output-----
For each test case, output the answer to the query. Since the output can be very large, output the answer modulo

10^6+3

-----Constraints-----
- 1 ≤ T ≤ 100000
- 1 ≤ N,X ≤ 10^18

-----Example-----
Input:
2
1 2
2 1

Output:
2
2

-----Explanation-----
Example case 2.At t=0 particles are 1 ,so at t=1 ,particles are 1*1 = 1 particles. At t=2, particles are 2*1 = 2 particles.

The output code needs to read from and write to standard IO


[END PROBLEM]

INFO - [Task id] 1032 [prompt] 
## Instructions

Reason through the problem and:
1. Restate the problem in plain English
2. Conceptualize a solution first in plain English
3. Write a pseudocode solution
4. Output the final Python 3 solution with your solution steps in comments.

Make sure to wrap your code in '```python' and '```' Markdown delimiters, 
and include exactly one block of code with the entire solution.

No outside libraries are allowed.
Builtins are allowed.

INFO - [Task id] 1032 [prompt] 1. **Restatement of the Problem**:
   The task is to calculate the number of particles in a box at a given time `N`, starting with `X` particles at time `t=0`. The number of particles at time `t` is defined as `t` times the number of particles at time `t-1`. The output should be the number of particles at time `N`, modulo \(10^6 + 3\).

2. **Conceptualization of a Solution**:
   The number of particles at time `t` can be expressed as:
   - At `t=0`: `X`
   - At `t=1`: `1 * X`
   - At `t=2`: `2 * (1 * X) = 2 * X`
   - At `t=3`: `3 * (2 * X) = 6 * X`
   - At `t=4`: `4 * (6 * X) = 24 * X`
   - ...
   - At `t=N`: `N! * X` (where `N!` is the factorial of `N`)

   Given the constraints where `N` can be as large as \(10^{18}\), calculating `N!` directly is impractical. However, we can leverage the properties of modular arithmetic. Specifically, if `N` is greater than or equal to \(10^6 + 3\), then `N!` will contain the factor \(10^6 + 3\) and thus `N! % (10^6 + 3) = 0`. For smaller values of `N`, we can compute `N!` modulo \(10^6 + 3\).

3. **Pseudocode Solution**:
   ```
   function factorial_mod(n, mod):
       result = 1
       for i from 1 to n:
           result = (result * i) % mod
           if result == 0:
               break
       return result

   function calculate_particles(N, X):
       mod = 10**6 + 3
       if N >= mod:
           return 0
       else:
           factorial_value = factorial_mod(N, mod)
           return (factorial_value * X) % mod

   function main():
       T = read integer from input
       for each test case:
           N, X = read two integers from input
           result = calculate_particles(N, X)
           print(result)
   ```

4. **Final Python 3 Solution**:
```python
def factorial_mod(n, mod):
    result = 1
    for i in range(1, n + 1):
        result = (result * i) % mod
        if result == 0:
            break
    return result

def calculate_particles(N, X):
    mod = 10**6 + 3
    if N >= mod:
        return 0
    else:
        factorial_value = factorial_mod(N, mod)
        return (factorial_value * X) % mod

def main():
    T = int(input())  # Read number of test cases
    for _ in range(T):
        N, X = map(int, input().split())  # Read N and X
        result = calculate_particles(N, X)  # Calculate result
        print(result)  # Output the result

# Call the main function to execute the program
main()
```
INFO - [Task id] 1032 [prompt] 
[Environment Feedback]:
    Note: Inputs/outputs here are automatically extracted/truncated so formatting may be a bit off.
    Tests passed:

     Input: ['2', '1 2', '2 1'] Output: 2
    2

    Tests failed:
    None
[/Environment Feedback]

INFO - [Task id] 1032 [prompt] 
## Instructions
Now, summarize your attempts as a **standalone** document for your own future reference. (can skip formalities, be concise)

- Only include the most relevant information and code snippets that could be useful in the future.
- If you did not learn much from the current experience (e.g. the problem was too easy), feel free to write less or nothing at all.
- Here are some ideas if the experience was useful:
    - Identifying the core concepts and patterns that problem appears to test for
    - Describing the strategies that seemed to work but did not, and vice versa
    - Describing unexpected errors and how they were fixed

Your summary should be at most a few paragraphs.

INFO - [Task id] 1032 [generation text] In this task, I was required to calculate the number of particles in a box at a given time `N`, starting with `X` particles at time `t=0`. The relationship between the number of particles at time `t` and `t-1` is defined by the factorial function, leading to the formula `N! * X`. Given the constraints where `N` can be as large as \(10^{18}\), direct computation of `N!` is impractical. 

The key insight was recognizing that if `N` is greater than or equal to \(10^6 + 3\), the result would be `0` due to the factorial containing that modulus as a factor. For smaller values of `N`, I implemented a function to compute `N!` modulo \(10^6 + 3\). 

The final solution involved two main functions: one for calculating the factorial modulo a number and another for determining the number of particles based on the input values. The implementation was straightforward and passed the provided test cases successfully. 

Here’s the core code snippet for reference:

```python
def factorial_mod(n, mod):
    result = 1
    for i in range(1, n + 1):
        result = (result * i) % mod
        if result == 0:
            break
    return result

def calculate_particles(N, X):
    mod = 10**6 + 3
    if N >= mod:
        return 0
    else:
        factorial_value = factorial_mod(N, mod)
        return (factorial_value * X) % mod
```

This experience reinforced the importance of understanding modular arithmetic and the implications of large input sizes on computational feasibility.
INFO - LM call n parse attempt 1 / 3

INFO - [Task id] 1032 [prompt] 
You are an expert programmer tasked with solving the problem below.

Follow the user's instructions to solve the problem.
The user can ask for analysis, code, or both.

## Instructions
When asked to output code,
- Make sure to wrap your code in '```python' and '```' Markdown delimiters, 
- include exactly one block of code with the entire solution
- No outside libraries are allowed. 
- Builtins are allowed.
- If the task specifies a function name to be used, follow it strictly (be case sensitive!) and declare the that function last (helper functions are declared first).
- DO NOT write any assert statements / tests.

## Problem
[BEGIN PROBLEM]
Help Saurabh with his Chemistry Assignment.

Saurabh has been given a chemistry assignment by Ruby Mam. Though the assignment is simple but

Saurabh has to watch India vs Pakistan Match and he has no time to do the assignment by himself.

So Saurabh wants you to do his assignment so that he doesn’t get scolded by Ruby Mam . The assignment

is as follows , Suppose there are X particles initially at time t=0 in a box. At a time t the number of particles in

box becomes t times the number of particles at time t-1 . You will be given N and X where N is time at which the

number of particles in box is to be calculated and X is the number of particles at time t=0.

-----Input-----
The first line will contain the integer T, the number of test cases. Each test case consists of two space

separated integers N and X .

-----Output-----
For each test case, output the answer to the query. Since the output can be very large, output the answer modulo

10^6+3

-----Constraints-----
- 1 ≤ T ≤ 100000
- 1 ≤ N,X ≤ 10^18

-----Example-----
Input:
2
1 2
2 1

Output:
2
2

-----Explanation-----
Example case 2.At t=0 particles are 1 ,so at t=1 ,particles are 1*1 = 1 particles. At t=2, particles are 2*1 = 2 particles.

The output code needs to read from and write to standard IO


[END PROBLEM]

INFO - [Task id] 1032 [prompt] 
## Instructions

Reason through the problem and:
1. Restate the problem in plain English
2. Conceptualize a solution first in plain English
3. Write a pseudocode solution
4. Output the final Python 3 solution with your solution steps in comments.

Make sure to wrap your code in '```python' and '```' Markdown delimiters, 
and include exactly one block of code with the entire solution.

No outside libraries are allowed.
Builtins are allowed.

INFO - [Task id] 1032 [prompt] 1. **Restatement of the Problem**:
   The task is to calculate the number of particles in a box at a given time `N`, starting with `X` particles at time `t=0`. The number of particles at time `t` is defined as `t` times the number of particles at time `t-1`. The output should be the number of particles at time `N`, modulo \(10^6 + 3\).

2. **Conceptualization of a Solution**:
   The number of particles at time `t` can be expressed as:
   - At `t=0`: `X`
   - At `t=1`: `1 * X`
   - At `t=2`: `2 * (1 * X) = 2 * X`
   - At `t=3`: `3 * (2 * X) = 6 * X`
   - At `t=4`: `4 * (6 * X) = 24 * X`
   - ...
   - At `t=N`: `N! * X` (where `N!` is the factorial of `N`)

   Given the constraints where `N` can be as large as \(10^{18}\), calculating `N!` directly is impractical. However, we can leverage the properties of modular arithmetic. Specifically, if `N` is greater than or equal to \(10^6 + 3\), then `N!` will contain the factor \(10^6 + 3\) and thus `N! % (10^6 + 3) = 0`. For smaller values of `N`, we can compute `N!` modulo \(10^6 + 3\).

3. **Pseudocode Solution**:
   ```
   function factorial_mod(n, mod):
       result = 1
       for i from 1 to n:
           result = (result * i) % mod
           if result == 0:
               break
       return result

   function calculate_particles(N, X):
       mod = 10**6 + 3
       if N >= mod:
           return 0
       else:
           factorial_value = factorial_mod(N, mod)
           return (factorial_value * X) % mod

   function main():
       T = read integer from input
       for each test case:
           N, X = read two integers from input
           result = calculate_particles(N, X)
           print(result)
   ```

4. **Final Python 3 Solution**:
```python
def factorial_mod(n, mod):
    result = 1
    for i in range(1, n + 1):
        result = (result * i) % mod
        if result == 0:
            break
    return result

def calculate_particles(N, X):
    mod = 10**6 + 3
    if N >= mod:
        return 0
    else:
        factorial_value = factorial_mod(N, mod)
        return (factorial_value * X) % mod

def main():
    T = int(input())  # Read number of test cases
    for _ in range(T):
        N, X = map(int, input().split())  # Read N and X
        result = calculate_particles(N, X)  # Calculate result
        print(result)  # Output the result

# Call the main function to execute the program
main()
```
INFO - [Task id] 1032 [prompt] 
[Environment Feedback]:
    Note: Inputs/outputs here are automatically extracted/truncated so formatting may be a bit off.
    Tests passed:

     Input: ['2', '1 2', '2 1'] Output: 2
    2

    Tests failed:
    None
[/Environment Feedback]

INFO - [Task id] 1032 [prompt] 
Below is the official solution (do exercise discretion as official solutions can also have mistakes).

You will be reflecting on your attempts to solve the problem.
This will be a **standalone** document for your own future reference. (can skip formalities, be concise)

## Instructions
- Only include the most relevant insights and code snippets that could be useful in the future.
- If you did not learn much from the current experience (e.g. the problem was too easy / official solution was obvious), feel free to write less or nothing at all.
- Here are some ideas if the experience was useful:
    - If the official solution is insightful (e.g. better than yours in time and space complexity or more effective in breaking down the problem statement), distil the key approach of the official solution, step by step.
    - If your approach failed the test cases, reason why the official solution works but yours does not

Your reflection should be at most a few paragraphs.

## Official solution
a = [1]
M = 10**6 + 3
for ii in range(1, 1000005):
 a.append((a[-1]*ii)%M)
for __ in range(eval(input())):
 n, x = list(map(int, input().split()))
 if n>=M: print(0)
 else: print((a[n]*x)%M)


INFO - [Task id] 1032 [generation text] The official solution employs a precomputation strategy to efficiently handle the factorial calculations modulo \(10^6 + 3\). Here are the key insights from the official solution:

1. **Precomputation of Factorials**: The solution initializes a list `a` to store the factorial values modulo \(10^6 + 3\) for all integers from `0` to `1000004`. This allows for constant-time retrieval of factorial values during each test case, significantly improving efficiency compared to calculating the factorial on-the-fly.

2. **Handling Large N**: The solution checks if `N` is greater than or equal to \(10^6 + 3\). If it is, the output is immediately `0` since \(N!\) will contain \(10^6 + 3\) as a factor, making it divisible by \(10^6 + 3\).

3. **Efficient Output**: For each test case, the solution retrieves the precomputed factorial value and multiplies it by `X`, applying the modulo operation to ensure the result remains within bounds.

In contrast, my initial approach involved calculating the factorial dynamically, which is inefficient for large values of `N` due to the factorial's rapid growth. The precomputation method used in the official solution is more effective, especially given the constraints of the problem. 

Overall, the official solution's use of precomputation and direct indexing for factorial values is a crucial optimization that I can apply in similar problems involving large inputs and modular arithmetic in the future.
INFO - Updated entry: In this task, I was required to calculate the number of particles in a box at a given time `N`, starting with `X` particles at time `t=0`. The relationship between the number of particles at time `t` and `t-1` is defined by the factorial function, leading to the formula `N! * X`. Given the constr...,

INFO - Metadata: {
    "task_id": 1032
}

INFO - Updated entry: The official solution employs a precomputation strategy to efficiently handle the factorial calculations modulo \(10^6 + 3\). Here are the key insights from the official solution:

1. **Precomputation of Factorials**: The solution initializes a list `a` to store the factorial values modulo \(10^6...,

INFO - Metadata: {
    "task_id": 1032
}

INFO - LM call n parse attempt 1 / 3

INFO - [Task id] 1032 [prompt] 
You are a helpful assistant that writes a description of the given function written in the Python programming language.

1) Do not mention the function name.
2) Do not mention anything about helper functions.
3) There might be some helper functions before the main function, but you only need to describe the main function.
4) Try to summarize the function in no more than 6 sentences.
5) Your response should be a single line of text.

INFO - [Task id] 1032 [prompt] 
def factorial_mod(n, mod):
    result = 1
    for i in range(1, n + 1):
        result = (result * i) % mod
        if result == 0:
            break
    return result

def calculate_particles(N, X):
    mod = 10**6 + 3
    if N >= mod:
        return 0
    else:
        factorial_value = factorial_mod(N, mod)
        return (factorial_value * X) % mod

def main():
    T = int(input())  # Read number of test cases
    for _ in range(T):
        N, X = map(int, input().split())  # Read N and X
        result = calculate_particles(N, X)  # Calculate result
        print(result)  # Output the result

# Call the main function to execute the program
main()


The main function is `main`.
INFO - [Task id] 1032 [generation text] This function reads the number of test cases and processes each case by reading two integers, N and X. It then calculates a result based on these values using a specific calculation method. The result is printed for each test case. The function handles multiple inputs in a loop, ensuring that each case is processed sequentially. It serves as the entry point for executing the program. Overall, it facilitates user interaction and output display for the calculations performed.
INFO - LM call n parse attempt 1 / 3

INFO - [Task id] 1032 [prompt] 
You are a helpful assistant that extracts important information from problems and solutions to aid in searchability and education.

## Instructions
- Read through the problem and solution carefully.
- Reason out, step by step, in what scenarios this knowledge would be useful.
- Focus on general patterns and situations to help connect this knowledge to new situations.
- Then, include a list of keywords that are useful for searching this problem/solution pair.

## Response format
Respond in JSON, and follow the keys and expected format of the values strictly.

The output should be formatted as a JSON instance that conforms to the JSON schema below.

As an example, for the schema {"properties": {"foo": {"title": "Foo", "description": "a list of strings", "type": "array", "items": {"type": "string"}}}, "required": ["foo"]}
the object {"foo": ["bar", "baz"]} is a well-formatted instance of the schema. The object {"properties": {"foo": ["bar", "baz"]}} is not well-formatted.

Here is the output schema:
```
{"properties": {"scenarios": {"description": "In what scenarios will this knowledge be useful? Answer in a paragraph.", "title": "Scenarios", "type": "string"}, "keywords": {"description": "List of keywords that are useful for searching this problem/solution pair", "items": {"type": "string"}, "title": "Keywords", "type": "array"}}, "required": ["scenarios", "keywords"]}
```

INFO - [Task id] 1032 [prompt] 
[Problem]
    Help Saurabh with his Chemistry Assignment.

    Saurabh has been given a chemistry assignment by Ruby Mam. Though the assignment is simple but

    Saurabh has to watch India vs Pakistan Match and he has no time to do the assignment by himself.

    So Saurabh wants you to do his assignment so that he doesn’t get scolded by Ruby Mam . The assignment

    is as follows , Suppose there are X particles initially at time t=0 in a box. At a time t the number of particles in

    box becomes t times the number of particles at time t-1 . You will be given N and X where N is time at which the

    number of particles in box is to be calculated and X is the number of particles at time t=0.

    -----Input-----
    The first line will contain the integer T, the number of test cases. Each test case consists of two space

    separated integers N and X .

    -----Output-----
    For each test case, output the answer to the query. Since the output can be very large, output the answer modulo

    10^6+3

    -----Constraints-----
    - 1 ≤ T ≤ 100000
    - 1 ≤ N,X ≤ 10^18

    -----Example-----
    Input:
    2
    1 2
    2 1

    Output:
    2
    2

    -----Explanation-----
    Example case 2.At t=0 particles are 1 ,so at t=1 ,particles are 1*1 = 1 particles. At t=2, particles are 2*1 = 2 particles.
[/Problem]

[Solution]

    def factorial_mod(n, mod):
        result = 1
        for i in range(1, n + 1):
            result = (result * i) % mod
            if result == 0:
                break
        return result

    def calculate_particles(N, X):
        mod = 10**6 + 3
        if N >= mod:
            return 0
        else:
            factorial_value = factorial_mod(N, mod)
            return (factorial_value * X) % mod

    def main():
        T = int(input())  # Read number of test cases
        for _ in range(T):
            N, X = map(int, input().split())  # Read N and X
            result = calculate_particles(N, X)  # Calculate result
            print(result)  # Output the result

    # Call the main function to execute the program
    main()

[/Solution]

INFO - [Task id] 1032 [generation text] 
INFO - {
    "scenarios": "This knowledge would be useful in scenarios where one needs to calculate the growth of particles or similar entities over time, especially in fields like chemistry, physics, or biology. It can also be applied in computational problems involving large numbers and modular arithmetic, which is common in competitive programming and algorithm design. Understanding how to handle large inputs efficiently and applying modular operations can help in optimizing solutions for problems with constraints similar to those given in this assignment.",
    "keywords": [
        "chemistry assignment",
        "particle growth",
        "modular arithmetic",
        "factorial calculation",
        "competitive programming",
        "large numbers",
        "algorithm optimization",
        "Python programming"
    ]
}
INFO - {
    "scenarios": "This knowledge would be useful in scenarios where one needs to calculate the growth of particles or similar entities over time, especially in fields like chemistry, physics, or biology. It can also be applied in computational problems involving large numbers and modular arithmetic, which is common in competitive programming and algorithm design. Understanding how to handle large inputs efficiently and applying modular operations can help in optimizing solutions for problems with constraints similar to those given in this assignment.",
    "keywords": [
        "chemistry assignment",
        "particle growth",
        "modular arithmetic",
        "factorial calculation",
        "competitive programming",
        "large numbers",
        "algorithm optimization",
        "Python programming"
    ]
}
INFO - Updated entry: 
[description for function: main]
This function reads the number of test cases and processes each case by reading two integers, N and X. It then calculates a result based on these values using a specific calculation method. The result is printed for each test case. The function handles multiple i...,

INFO - Metadata: {
    "task": 1032,
    "code": "\ndef factorial_mod(n, mod):\n    result = 1\n    for i in range(1, n + 1):\n        result = (result * i) % mod\n        if result == 0:\n            break\n    return result\n\ndef calculate_particles(N, X):\n    mod = 10**6 + 3\n    if N >= mod:\n        return...

