INFO - DB skill doc count: 0

INFO - DB non_func doc count: 19

INFO - DB semantic doc count: 429

INFO - DB summaries doc count: 25

INFO - DB reflections doc count: 25

INFO - DB episodic doc count: 51

INFO - [train iter]: 25/100 

INFO - The task prompt is Chef is a private detective. He was asked to investigate a case of murder in the city of Frangton.
Chef arrived in Frangton to find out that the mafia was involved in the case. Chef spent some time watching for people that belong to the clan and was able to build a map of relationships between th...

INFO - Attempting task_id 1188
INFO - LM call n parse attempt 1 / 3

INFO - [Task id] 1188 [prompt] 
You are an expert programmer tasked with solving the problem below.

Follow the user's instructions to solve the problem.
The user can ask for analysis, code, or both.

## Instructions
When asked to output code,
- Make sure to wrap your code in '```python' and '```' Markdown delimiters, 
- include exactly one block of code with the entire solution
- No outside libraries are allowed. 
- Builtins are allowed.
- If the task specifies a function name to be used, follow it strictly (be case sensitive!) and declare the that function last (helper functions are declared first).
- DO NOT write any assert statements / tests.

## Problem
[BEGIN PROBLEM]
Chef is a private detective. He was asked to investigate a case of murder in the city of Frangton.
Chef arrived in Frangton to find out that the mafia was involved in the case. Chef spent some time watching for people that belong to the clan and was able to build a map of relationships between them. He knows that a mafia's organizational structure consists of a single Don, heading a hierarchical criminal organization. Each member reports exactly to one other member of the clan. It's obvious that there are no cycles in the reporting system of the mafia.
There are N people in the clan, for simplicity indexed from 1 to N, and Chef knows who each of them report to. Member i reports to member Ri.
Now, Chef needs to identfy all potential killers to continue his investigation. Having considerable knowledge about the mafia's activities, Chef knows that the killer must be a minor criminal, that is, one of the members who nobody reports to. Please find the list of potential killers for Chef. Since Don reports to nobody, his Ri will be equal to 0.

-----Input-----
The first line of input contains one integer N.
Next line has N space-separated integers, the ith integer denotes Ri — the person whom the ith member reports to.

-----Output-----
Output a list of space-separated integers in ascending order — the indices of potential killers.

-----Constraints-----
- 1 ≤ N ≤ 105
- 1 ≤ Ri ≤ N except for Don, whose Ri equals to 0.
- It is guaranteed that there are no cycles in the reporting structure.

-----Subtasks-----
- Subtask #1 [50 points]: N ≤ 10000
- Subtask #2 [50 points]: No additional constraints

-----Example-----
Input:
6
0 1 1 2 2 3

Output:
4 5 6

-----Explanation-----
The reporting structure:

The output code needs to read from and write to standard IO


[END PROBLEM]

INFO - [Task id] 1188 [prompt] 
## Instructions

Reason through the problem and:
1. Restate the problem in plain English
2. Conceptualize a solution first in plain English
3. Write a pseudocode solution
4. Output the final Python 3 solution with your solution steps in comments.

Make sure to wrap your code in '```python' and '```' Markdown delimiters, 
and include exactly one block of code with the entire solution.

No outside libraries are allowed.
Builtins are allowed.

INFO - [Task id] 1188 [generation text] 1. **Restate the problem in plain English:**
   Chef is investigating a murder case involving a mafia organization. Each member of the mafia reports to another member, and there is a single Don who reports to no one (indicated by a reporting value of 0). The task is to identify the members of the mafia who are not reported to by anyone else, as these members are considered potential killers.

2. **Conceptualize a solution first in plain English:**
   To find the potential killers, we need to determine which members of the mafia do not appear as a reporting target for any other member. We can achieve this by:
   - Creating a list to track how many members report to each member.
   - Iterating through the reporting list to populate this tracking list.
   - Finally, we will collect the indices of members who have a count of zero in the tracking list, as these members are not reported to by anyone.

3. **Write a pseudocode solution:**
   ```
   Initialize a list 'report_count' of size N+1 with all zeros
   For each member i from 1 to N:
       If Ri is not 0:
           Increment report_count[Ri] by 1
   Initialize an empty list 'potential_killers'
   For each member i from 1 to N:
       If report_count[i] is 0:
           Append i to potential_killers
   Sort potential_killers
   Print the elements of potential_killers as space-separated integers
   ```

4. **Output the final Python 3 solution with your solution steps in comments:**
```python
def find_potential_killers():
    # Read the number of members
    N = int(input())
    # Read the reporting structure
    R = list(map(int, input().split()))
    
    # Initialize a list to count how many people report to each member
    report_count = [0] * (N + 1)
    
    # Count the number of reports for each member
    for i in range(1, N + 1):
        Ri = R[i - 1]  # R is 0-indexed, members are 1-indexed
        if Ri != 0:
            report_count[Ri] += 1
    
    # Find all members who are not reported to by anyone
    potential_killers = []
    for i in range(1, N + 1):
        if report_count[i] == 0:
            potential_killers.append(i)
    
    # Sort the potential killers
    potential_killers.sort()
    
    # Print the result as space-separated integers
    print(" ".join(map(str, potential_killers)))

```
INFO - [35m Rollout attempt 1/4[0m
INFO - [33m Retrieving 3 entries for db: episodic 
 [0m
INFO - Retrieved (score=0.4205):

[Task]:
    The MarkiT online virtual market startup wants to organize its grand opening in NIT Patna.
    but they want maximum crowd for their inauguration. So the manager told  this  to Praveen a student in NITP who suggested them:
    The first-year students come to campus  every x hour,
   ...


INFO - Retrieved (score=0.4206):

[Task]:
    You may have helped Chef and prevented Doof from destroying the even numbers. But, it has only angered Dr Doof even further. However, for his next plan, he needs some time. Therefore, Doof has built $N$ walls to prevent Chef from interrupting him. You have to help Chef by telling him...


INFO - Retrieved (score=0.4278):

[Task]:
    The chef is trying to solve some series problems, Chef wants your help to code it. Chef has one number N. Help the chef to find N'th number in the series.
    0, 1, 5, 14, 30, 55 …..

    -----Input:-----
    - First-line will contain $T$, the number of test cases. Then the test case...


INFO - [33m Retrieving 3 entries for db: semantic 
 [0m
INFO - Retrieved (score=0.5127):
Title: The Inclusion-Exclusion Principle
Part: 2/5
<div id="the-number-of-integer-solutions-to-the-equation"></div>
### Number of upper-bound integer sums {: #number-of-upper-bound-integer-sums }

Consider the following equation:

$$x_1 + x_2 + x_3 + x_4 + x_5 + x_6 = 20$$

where $0 \le x_i \le 8...


INFO - Retrieved (score=0.5129):
Title: Continued fractions
Part: 12/12
```
    === "Python"
        ```py
        def solve(p, q, N):
            return p * N * (N + 1) // 2 - q * sum_floor(fraction(p, q), N)
        ``` 

!!! example "[Library Checker - Sum of Floor of Linear](https://judge.yosupo.jp/problem/sum_of_floor_of_li...


INFO - Retrieved (score=0.5170):
Title: MEX (minimal excluded) of a sequence
Part: 1/1
# MEX (minimal excluded) of a sequence

Given an array $A$ of size $N$. You have to find the minimal non-negative element that is not present in the array. That number is commonly called the **MEX** (minimal excluded).

$$
\begin{align}
\text{...


INFO - [33m Retrieving 3 entries for db: reflections 
 [0m
INFO - Retrieved (score=0.4804):
In my attempts to solve the problem of finding the lexicographically smallest string by moving one character, I encountered several issues primarily related to output formatting and the handling of input. My initial approach involved iterating through each character, removing it, and then reinser...


INFO - Retrieved (score=0.4824):
The official solution employs a dictionary to track the scores of students, which allows for a more efficient handling of score updates compared to using a list. This approach is particularly beneficial when the number of students (N) is large, but the number of questions (M) is relatively small,...


INFO - Retrieved (score=0.5079):
In my attempts to solve the problem, I initially misunderstood the output format and the logic required to generate the pattern. My approach involved generating each line by appending numbers in a specific order, but I failed to correctly manage the output for each test case, leading to incorrect...


INFO - [33m Retrieving 3 entries for db: summaries 
 [0m
INFO - Retrieved (score=0.4432):
In this problem, the goal was to determine if a sequence of integers could be modified to have a sum of zero by decreasing each element by its index any number of times. The key insight was that the total sum of the sequence must be less than or equal to the maximum possible reduction, and it mus...


INFO - Retrieved (score=0.4488):
In solving the problem of finding a permutation \( P \) such that \( f(P) = K \), I learned several key concepts and strategies. The function \( f(P) \) is defined as the sum of the maximums of adjacent pairs in the permutation. The maximum possible value of \( f(P) \) for a descending permutatio...


INFO - Retrieved (score=0.4505):
In this task, the goal was to find the N'th number in a specific series: 0, 1, 5, 14, 30, 55, ... for multiple test cases. Initially, I attempted to derive a formula for the series but mistakenly used an incorrect formula that did not correspond to the series, leading to incorrect outputs.

Upon ...


INFO - [33m Retrieving 3 entries for db: non_func 
 [0m
INFO - Retrieved (score=0.5250):

[description for function: main]
This function reads input values for multiple test cases, including the number of walls and a series of queries. For each test case, it collects the wall positions and the queries, which consist of pairs of coordinates. It then processes these queries by invoking...


INFO - Retrieved (score=0.5253):

[description for function: main]
The function processes multiple test cases by first reading the number of days and the intervals for three groups from user input. It then calculates how many days all three groups are present together by utilizing a helper function to compute the least common mu...


INFO - Retrieved (score=0.5399):

[description for function: process_queries]
The function processes multiple test cases where each test case consists of a list of bills and a series of queries. For each query, it calculates the sum of a specified range of bills based on given indices. It reads the number of bills and queries, t...


INFO - Retrieved (score=0.4205): 
[Past Memory]:

    [Task]:
        The MarkiT online virtual market startup wants to organize its grand opening in NIT Patna.
        but they want maximum crowd for their inauguration. So the manager told  this  to Praveen a student in NITP who suggested them:
        The first-year students c...
INFO - Retrieved (score=0.4206): 
[Past Memory]:

    [Task]:
        You may have helped Chef and prevented Doof from destroying the even numbers. But, it has only angered Dr Doof even further. However, for his next plan, he needs some time. Therefore, Doof has built $N$ walls to prevent Chef from interrupting him. You have to ...
INFO - Retrieved (score=0.4278): 
[Past Memory]:

    [Task]:
        The chef is trying to solve some series problems, Chef wants your help to code it. Chef has one number N. Help the chef to find N'th number in the series.
        0, 1, 5, 14, 30, 55 …..

        -----Input:-----
        - First-line will contain $T$, the numb...
INFO - LM call n parse attempt 1 / 3

INFO - [Task id] 1188 [prompt] 
You are an expert programmer tasked with solving the problem below.

Follow the user's instructions to solve the problem.
The user can ask for analysis, code, or both.

## Instructions
When asked to output code,
- Make sure to wrap your code in '```python' and '```' Markdown delimiters, 
- include exactly one block of code with the entire solution
- No outside libraries are allowed. 
- Builtins are allowed.
- If the task specifies a function name to be used, follow it strictly (be case sensitive!) and declare the that function last (helper functions are declared first).
- DO NOT write any assert statements / tests.

## Problem
[BEGIN PROBLEM]
Chef is a private detective. He was asked to investigate a case of murder in the city of Frangton.
Chef arrived in Frangton to find out that the mafia was involved in the case. Chef spent some time watching for people that belong to the clan and was able to build a map of relationships between them. He knows that a mafia's organizational structure consists of a single Don, heading a hierarchical criminal organization. Each member reports exactly to one other member of the clan. It's obvious that there are no cycles in the reporting system of the mafia.
There are N people in the clan, for simplicity indexed from 1 to N, and Chef knows who each of them report to. Member i reports to member Ri.
Now, Chef needs to identfy all potential killers to continue his investigation. Having considerable knowledge about the mafia's activities, Chef knows that the killer must be a minor criminal, that is, one of the members who nobody reports to. Please find the list of potential killers for Chef. Since Don reports to nobody, his Ri will be equal to 0.

-----Input-----
The first line of input contains one integer N.
Next line has N space-separated integers, the ith integer denotes Ri — the person whom the ith member reports to.

-----Output-----
Output a list of space-separated integers in ascending order — the indices of potential killers.

-----Constraints-----
- 1 ≤ N ≤ 105
- 1 ≤ Ri ≤ N except for Don, whose Ri equals to 0.
- It is guaranteed that there are no cycles in the reporting structure.

-----Subtasks-----
- Subtask #1 [50 points]: N ≤ 10000
- Subtask #2 [50 points]: No additional constraints

-----Example-----
Input:
6
0 1 1 2 2 3

Output:
4 5 6

-----Explanation-----
The reporting structure:

The output code needs to read from and write to standard IO


[END PROBLEM]

INFO - [Task id] 1188 [prompt] 
## Instructions

Reason through the problem and:
1. Restate the problem in plain English
2. Conceptualize a solution first in plain English
3. Write a pseudocode solution
4. Output the final Python 3 solution with your solution steps in comments.

Make sure to wrap your code in '```python' and '```' Markdown delimiters, 
and include exactly one block of code with the entire solution.

No outside libraries are allowed.
Builtins are allowed.

INFO - [Task id] 1188 [prompt] 
Also, here are some of your memories.
Feel free to use the given information to aid your problem solving process if necessary.
Do not confuse the memories with the problem statement.

## Memories

[Past Memory]:

    [Task]:
        The MarkiT online virtual market startup wants to organize its grand opening in NIT Patna.
        but they want maximum crowd for their inauguration. So the manager told  this  to Praveen a student in NITP who suggested them:
        The first-year students come to campus  every x hour,
        Second-year students come to campus every y hour,
        Third-year students come to campus every z hour and 
        Fourth-year is very busy so they don't come regularly.
        So Praveen being very clever told him the no of times in n days he can have an audience of all year student (1st,2nd & 3rd) at max. So can you code what Praveen has done?

        -----Input:-----
        - First line will contain $T$, number of testcases. Then the testcases follow. 
        - Each testcase contains of a 2 line of input, first line contain one  integers $N$ (No of Days). 
        -Next line contain 3 space separated integer the  value of x y z

        -----Output:-----
        For each testcase, output in a single line answer the no of times audience consists of all year.

        -----Constraints-----
        - $1 \leq T \leq 1000$
        - $1 \leq N \leq 10^8$
        - $1 \leq x,y,z \leq 10^5$

        -----Sample Input:-----
        1
        10
        8 10 6

        -----Sample Output:-----
        2

        -----EXPLANATION:-----
        First favourable condition will come on 5th day and Second on 10th day.
    [/Task]

    [Previous Critique]:
        None
    [/Previous Critique]

    [Thought Process and Code]:
        1. **Restate the problem in plain English**:
           The problem requires us to determine how many times first, second, and third-year students will all be present on campus together over a given number of days. Each group of students arrives at specific intervals (every x, y, and z hours respectively). We need to find the number of days within a specified range where all three groups are present simultaneously.

        2. **Conceptualize a solution first in plain English**:
           - For each test case, read the number of days (N) and the intervals (x, y, z) for the three groups of students.
           - To find the days when all three groups are present, we need to calculate the least common multiple (LCM) of the three intervals (x, y, z). This will give us the frequency at which all three groups will be present together.
           - Count how many multiples of this LCM fit within the range of days (1 to N).

        3. **Write a pseudocode solution**:
           ```
           function gcd(a, b):
               while b != 0:
                   a, b = b, a % b
               return a

           function lcm(a, b):
               return (a * b) // gcd(a, b)

           function calculate_lcm(x, y, z):
               return lcm(lcm(x, y), z)

           function count_days(N, x, y, z):
               lcm_value = calculate_lcm(x, y, z)
               return N // lcm_value

           function main(T):
               for each test case:
                   read N
                   read x, y, z
                   result = count_days(N, x, y, z)
                   print(result
           ```

        4. **Output the final Python 3 solution with your solution steps in comments**:
        ```python
        def gcd(a, b):
            # Function to compute the greatest common divisor
            while b != 0:
                a, b = b, a % b
            return a

        def lcm(a, b):
            # Function to compute the least common multiple
            return (a * b) // gcd(a, b)

        def calculate_lcm(x, y, z):
            # Function to compute the LCM of three numbers
            return lcm(lcm(x, y), z)

        def count_days(N, x, y, z):
            # Count how many days all three groups are present
            lcm_value = calculate_lcm(x, y, z)
            return N // lcm_value

        def main(T):
            for _ in range(T):
                # Read number of days
                N = int(input())
                # Read the intervals for the three groups
                x, y, z = map(int, input().split())
                # Calculate the result
                result = count_days(N, x, y, z)
                # Print the result
                print(result)

        # Read number of test cases
        T = int(input())
        main(T)
        ```
    [/Thought Process and Code]

    [Environment Feedback]:
        Note: Inputs/outputs here are automatically extracted/truncated so formatting may be a bit off.
        Tests passed:

        None

        Tests failed:
         Input: ['1', '10', '8 10 6'] Expected output: [{'2'}] # Execution output: ['0']
    [/Environment Feedback]

    [Result]:
        Failure
    [/Result]

[/Past Memory]


[Past Memory]:

    [Task]:
        You may have helped Chef and prevented Doof from destroying the even numbers. But, it has only angered Dr Doof even further. However, for his next plan, he needs some time. Therefore, Doof has built $N$ walls to prevent Chef from interrupting him. You have to help Chef by telling him the number of walls he needs to destroy in order to reach Dr Doof.
        Formally, the whole area can be represented as the first quadrant with the origin at the bottom-left corner. Dr. Doof is located at the origin $(0, 0)$. There are $N$ walls, the i-th wall is a straight line segment joining the points $(a_i, 0)$ and $(0, a_i)$. For every initial position of Chef $(x_j, y_j)$, find the number of walls he needs to break before reaching Doof. Obviously, chef can't start from a point on the wall. Therefore, if $(x_j, y_j)$ lies on any of the given walls, print $-1$ in a new line.

        -----Input-----
        - First line contains $T$, denoting the number of testcases.
        - The first line of every test case contains a single integer $N$ denoting the number of walls Dr Doof has built.
        - The next line contains $N$ space separated distinct integers each denoting $a_i$.
        - The next line contains a single integer $Q$ denoting the number of times Chef asks for your help.
        - The next $Q$ lines contains two space separated integers $x_j$ and $y_j$, each denoting the co-ordinates of the starting point of Chef.

        -----Output-----
        For each query, print the number of walls Chef needs to break in order to reach Dr Doof in a separate line. If Chef tries to start from a point on any of the walls, print $-1$.

        -----Constraints-----
        - $1 \leq T \leq 2 * 10^2$
        - $1 \leq N, Q \leq 2 * 10^5$
        - $1 \leq a_i \leq 10^9$
        - $0 \leq x_j, y_j \leq 10^9$
        - $a_1 < a_2 < a_3 < .... < a_N$
        - Sum of $N$ and $Q$ over all testcases for a particular test file does not exceed $2 * 10^5$

        -----Sample Input-----
        1
        2
        1 3
        5
        0 0
        2 0
        0 4
        1 1
        1 2

        -----Sample Output-----
        0
        1
        2
        1
        -1

        -----Explanation-----
        The sample input can be represented by the graph given below:

        If Chef starts from $(0, 0)$, he can reach Dr Doof without destroying any wall.

        If Chef starts from $(2, 0)$, he has to destroy the $1st$ wall.

        If Chef starts from $(0, 4)$, he has to destroy both the walls.

        If Chef starts from $(1, 1)$, he has to destroy the $1st$ wall.

        As $(1, 2)$ lies on the second wall, the answer is $-1$ for the last query.
    [/Task]

    [Previous Critique]:
        None
    [/Previous Critique]

    [Thought Process and Code]:
        1. **Restate the problem in plain English**:
           The problem involves determining how many walls Chef needs to break through to reach Dr. Doof, who is located at the origin (0, 0). Each wall is represented by a line segment connecting points (a_i, 0) and (0, a_i). For each query, we need to check Chef's starting position (x_j, y_j) and determine how many walls he must break to reach the origin. If Chef starts on a wall, we return -1.

        2. **Conceptualize a solution first in plain English**:
           - For each test case, read the number of walls and their respective positions.
           - For each query, check if the starting position lies on any wall. If it does, return -1.
           - If not, determine how many walls Chef needs to break through. A wall is considered broken if Chef's starting position is above and to the right of the wall's line segment.
           - The walls can be represented as a list of integers, and for each query, we can count how many of these integers are greater than the maximum of the x and y coordinates of Chef's starting position.

        3. **Write a pseudocode solution**:
           ```
           function count_walls(N, walls, queries):
               for each query (x_j, y_j):
                   if (x_j, y_j) lies on any wall:
                       print -1
                   else:
                       count = 0
                       for each wall a_i in walls:
                           if a_i > max(x_j, y_j):
                               count += 1
                       print count

           function main(T):
               for each test case:
                   read N
                   read walls
                   read Q
                   read queries
                   count_walls(N, walls, queries)
           ```

        4. **Output the final Python 3 solution with your solution steps in comments**:
        ```python
        def count_walls(N, walls, queries):
            for x_j, y_j in queries:
                # Check if the starting position lies on any wall
                if x_j == y_j and x_j in walls:
                    print(-1)
                    continue
        
                count = 0
                # Count how many walls Chef needs to break
                for a_i in walls:
                    if a_i > max(x_j, y_j):
                        count += 1
                print(count)

        def main():
            T = int(input())
            for _ in range(T):
                N = int(input())
                walls = list(map(int, input().split()))
                Q = int(input())
                queries = [tuple(map(int, input().split())) for _ in range(Q)]
                count_walls(N, walls, queries)

        # Call the main function to execute the program
        main()
        ```
    [/Thought Process and Code]

    [Environment Feedback]:
        Note: Inputs/outputs here are automatically extracted/truncated so formatting may be a bit off.
        Tests passed:

         Input: ['1', '2', '1 3', '5', '0 0', '2 0', '0 4', '1 1', '1 2'] Output: [{'0'}, {'1'}, {'2'}, {'1'}, {'-1'}]

        Tests failed:
        None
    [/Environment Feedback]

    [Result]:
        Success
    [/Result]

[/Past Memory]


[Past Memory]:

    [Task]:
        The chef is trying to solve some series problems, Chef wants your help to code it. Chef has one number N. Help the chef to find N'th number in the series.
        0, 1, 5, 14, 30, 55 …..

        -----Input:-----
        - First-line will contain $T$, the number of test cases. Then the test cases follow. 
        - Each test case contains a single line of input, one integer $N$. 

        -----Output:-----
        For each test case, output as the pattern.

        -----Constraints-----
        - $1 \leq T \leq 10^4$
        - $1 \leq N \leq 10^4$

        -----Sample Input:-----
        3
        1
        7
        8

        -----Sample Output:-----
        0
        91
        140
    [/Task]

    [Previous Critique]:
        None
    [/Previous Critique]

    [Thought Process and Code]:
        1. **Restate the problem in plain English**: 
           The task is to find the N'th number in a specific series defined as 0, 1, 5, 14, 30, 55, ... for multiple test cases. The input consists of a number of test cases, and for each test case, we need to output the corresponding number from the series.

        2. **Conceptualize a solution first in plain English**: 
           The series appears to be generated by a specific mathematical formula. By analyzing the series, we can derive a formula to compute the N'th term directly without generating all previous terms. We will read the number of test cases, then for each test case, compute the N'th term using the derived formula and print the result.

        3. **Write a pseudocode solution**:
           ```
           function calculate_nth_number(N):
               return (N * (N + 1) * (N - 1)) // 6  // This is the formula for the N'th term in the series

           function main():
               read T  // number of test cases
               for each test case from 1 to T:
                   read N
                   result = calculate_nth_number(N)
                   print result
           ```

        4. **Output the final Python 3 solution with your solution steps in comments**:
        ```python
        def calculate_nth_number(N):
            # Calculate the N'th number in the series using the derived formula
            return (N * (N + 1) * (N - 1)) // 6

        def main():
            T = int(input())  # Read the number of test cases
            for _ in range(T):
                N = int(input())  # Read each test case value N
                result = calculate_nth_number(N)  # Calculate the N'th number
                print(result)  # Output the result

        # Call the main function to execute the program
        main()
        ```
    [/Thought Process and Code]

    [Environment Feedback]:
        Note: Inputs/outputs here are automatically extracted/truncated so formatting may be a bit off.
        Tests passed:

        None

        Tests failed:
         Input: ['3', '1', '7', '8'] Expected output: [{'0'}, {'91'}, {'140'}] # Execution output: ['0', '56', '84']
    [/Environment Feedback]

    [Result]:
        Failure
    [/Result]

[/Past Memory]


INFO - [Task id] 1188 [generation text] 1. **Restate the problem in plain English**:
   The problem requires us to identify potential killers in a mafia organization based on a reporting structure. Each member of the mafia reports to another member, and we need to find members who nobody reports to, which are the "minor criminals." The Don, who reports to no one, is represented by a reporting value of 0.

2. **Conceptualize a solution first in plain English**:
   - We will read the number of members (N) and their reporting structure (a list of integers where each integer indicates who a member reports to).
   - We will create a set of all members and a set of members who are reported to.
   - The potential killers are those members who are not in the set of reported members.
   - Finally, we will sort the list of potential killers and print them.

3. **Write a pseudocode solution**:
   ```
   function find_potential_killers(N, reports):
       all_members = set(range(1, N + 1))  // Create a set of all members
       reported_members = set()  // Create a set to track reported members
       
       for report in reports:
           if report != 0:  // Ignore the Don
               reported_members.add(report)  // Add reported members to the set
       
       potential_killers = all_members - reported_members  // Find members not reported to
       return sorted(potential_killers)  // Return sorted list of potential killers

   function main():
       N = read integer  // Read number of members
       reports = read list of integers  // Read reporting structure
       result = find_potential_killers(N, reports)  // Find potential killers
       print result  // Print the result
   ```

4. **Output the final Python 3 solution with your solution steps in comments**:
```python
def find_potential_killers(N, reports):
    # Create a set of all members from 1 to N
    all_members = set(range(1, N + 1))
    # Create a set to track reported members
    reported_members = set()
    
    # Iterate through the reports to find who is reported to
    for report in reports:
        if report != 0:  # Ignore the Don
            reported_members.add(report)  # Add reported members to the set
    
    # Find potential killers who are not reported to
    potential_killers = all_members - reported_members
    # Return the sorted list of potential killers
    return sorted(potential_killers)

def main():
    N = int(input())  # Read number of members
    reports = list(map(int, input().split()))  # Read reporting structure
    result = find_potential_killers(N, reports)  # Find potential killers
    print(" ".join(map(str, result)))  # Print the result as space-separated integers

# Call the main function to execute the program
main()
```
INFO - program_code:
 
def find_potential_killers(N, reports):
    # Create a set of all members from 1 to N
    all_members = set(range(1, N + 1))
    # Create a set to track reported members
    reported_members = set()
    
    # Iterate through the reports to find who is reported to
    for report in reports:
        if report != 0:  # Ignore the Don
            reported_members.add(report)  # Add reported members to the set
    
    # Find potential killers who are not reported to
    potential_killers = all_members - reported_members
    # Return the sorted list of potential killers
    return sorted(potential_killers)

def main():
    N = int(input())  # Read number of members
    reports = list(map(int, input().split()))  # Read reporting structure
    result = find_potential_killers(N, reports)  # Find potential killers
    print(" ".join(map(str, result)))  # Print the result as space-separated integers

# Call the main function to execute the program
main()


INFO - program_name:
 main

INFO - dependencies:
 []

INFO - raw_msg:
 1. **Restate the problem in plain English**:
   The problem requires us to identify potential killers in a mafia organization based on a reporting structure. Each member of the mafia reports to another member, and we need to find members who nobody reports to, which are the "minor criminals." The Don, who reports to no one, is represented by a reporting value of 0.

2. **Conceptualize a solution first in plain English**:
   - We will read the number of members (N) and their reporting structure (a list of integers where each integer indicates who a member reports to).
   - We will create a set of all members and a set of members who are reported to.
   - The potential killers are those members who are not in the set of reported members.
   - Finally, we will sort the list of potential killers and print them.

3. **Write a pseudocode solution**:
   ```
   function find_potential_killers(N, reports):
       all_members = set(range(1, N + 1))  // Create a set of all members
       reported_members = set()  // Create a set to track reported members
       
       for report in reports:
           if report != 0:  // Ignore the Don
               reported_members.add(report)  // Add reported members to the set
       
       potential_killers = all_members - reported_members  // Find members not reported to
       return sorted(potential_killers)  // Return sorted list of potential killers

   function main():
       N = read integer  // Read number of members
       reports = read list of integers  // Read reporting structure
       result = find_potential_killers(N, reports)  // Find potential killers
       print result  // Print the result
   ```

4. **Output the final Python 3 solution with your solution steps in comments**:
```python
def find_potential_killers(N, reports):
    # Create a set of all members from 1 to N
    all_members = set(range(1, N + 1))
    # Create a set to track reported members
    reported_members = set()
    
    # Iterate through the reports to find who is reported to
    for report in reports:
        if report != 0:  # Ignore the Don
            reported_members.add(report)  # Add reported members to the set
    
    # Find potential killers who are not reported to
    potential_killers = all_members - reported_members
    # Return the sorted list of potential killers
    return sorted(potential_killers)

def main():
    N = int(input())  # Read number of members
    reports = list(map(int, input().split()))  # Read reporting structure
    result = find_potential_killers(N, reports)  # Find potential killers
    print(" ".join(map(str, result)))  # Print the result as space-separated integers

# Call the main function to execute the program
main()
```

INFO - no_parent:
 False

INFO - full code to be executed: 
 
def find_potential_killers(N, reports):
    # Create a set of all members from 1 to N
    all_members = set(range(1, N + 1))
    # Create a set to track reported members
    reported_members = set()
    
    # Iterate through the reports to find who is reported to
    for report in reports:
        if report != 0:  # Ignore the Don
            reported_members.add(report)  # Add reported members to the set
    
    # Find potential killers who are not reported to
    potential_killers = all_members - reported_members
    # Return the sorted list of potential killers
    return sorted(potential_killers)

def main():
    N = int(input())  # Read number of members
    reports = list(map(int, input().split()))  # Read reporting structure
    result = find_potential_killers(N, reports)  # Find potential killers
    print(" ".join(map(str, result)))  # Print the result as space-separated integers

# Call the main function to execute the program
main()


INFO - obs: Note: Inputs/outputs here are automatically extracted/truncated so formatting may be a bit off.
Tests passed:

 Input: ['6', '0 1 1 2 2 3'] Output: 4 5 6

Tests failed:
None
reward: True
done: None
info: {'individual_results': [True]}
INFO - Updated entry: 
[Task]:
    Chef is a private detective. He was asked to investigate a case of murder in the city of Frangton.
    Chef arrived in Frangton to find out that the mafia was involved in the case. Chef spent some time watching for people that belong to the clan and was able to build a map of relatio...,

INFO - Metadata: {
    "raw_msg": "1. **Restate the problem in plain English**:\n   The problem requires us to identify potential killers in a mafia organization based on a reporting structure. Each member of the mafia reports to another member, and we need to find members who nobody reports to, which are the \"m...

INFO - LM call n parse attempt 1 / 3

INFO - [Task id] 1188 [prompt] 
You are an expert programmer tasked with solving the problem below.

Follow the user's instructions to solve the problem.
The user can ask for analysis, code, or both.

## Instructions
When asked to output code,
- Make sure to wrap your code in '```python' and '```' Markdown delimiters, 
- include exactly one block of code with the entire solution
- No outside libraries are allowed. 
- Builtins are allowed.
- If the task specifies a function name to be used, follow it strictly (be case sensitive!) and declare the that function last (helper functions are declared first).
- DO NOT write any assert statements / tests.

## Problem
[BEGIN PROBLEM]
Chef is a private detective. He was asked to investigate a case of murder in the city of Frangton.
Chef arrived in Frangton to find out that the mafia was involved in the case. Chef spent some time watching for people that belong to the clan and was able to build a map of relationships between them. He knows that a mafia's organizational structure consists of a single Don, heading a hierarchical criminal organization. Each member reports exactly to one other member of the clan. It's obvious that there are no cycles in the reporting system of the mafia.
There are N people in the clan, for simplicity indexed from 1 to N, and Chef knows who each of them report to. Member i reports to member Ri.
Now, Chef needs to identfy all potential killers to continue his investigation. Having considerable knowledge about the mafia's activities, Chef knows that the killer must be a minor criminal, that is, one of the members who nobody reports to. Please find the list of potential killers for Chef. Since Don reports to nobody, his Ri will be equal to 0.

-----Input-----
The first line of input contains one integer N.
Next line has N space-separated integers, the ith integer denotes Ri — the person whom the ith member reports to.

-----Output-----
Output a list of space-separated integers in ascending order — the indices of potential killers.

-----Constraints-----
- 1 ≤ N ≤ 105
- 1 ≤ Ri ≤ N except for Don, whose Ri equals to 0.
- It is guaranteed that there are no cycles in the reporting structure.

-----Subtasks-----
- Subtask #1 [50 points]: N ≤ 10000
- Subtask #2 [50 points]: No additional constraints

-----Example-----
Input:
6
0 1 1 2 2 3

Output:
4 5 6

-----Explanation-----
The reporting structure:

The output code needs to read from and write to standard IO


[END PROBLEM]

INFO - [Task id] 1188 [prompt] 
## Instructions

Reason through the problem and:
1. Restate the problem in plain English
2. Conceptualize a solution first in plain English
3. Write a pseudocode solution
4. Output the final Python 3 solution with your solution steps in comments.

Make sure to wrap your code in '```python' and '```' Markdown delimiters, 
and include exactly one block of code with the entire solution.

No outside libraries are allowed.
Builtins are allowed.

INFO - [Task id] 1188 [prompt] 1. **Restate the problem in plain English**:
   The problem requires us to identify potential killers in a mafia organization based on a reporting structure. Each member of the mafia reports to another member, and we need to find members who nobody reports to, which are the "minor criminals." The Don, who reports to no one, is represented by a reporting value of 0.

2. **Conceptualize a solution first in plain English**:
   - We will read the number of members (N) and their reporting structure (a list of integers where each integer indicates who a member reports to).
   - We will create a set of all members and a set of members who are reported to.
   - The potential killers are those members who are not in the set of reported members.
   - Finally, we will sort the list of potential killers and print them.

3. **Write a pseudocode solution**:
   ```
   function find_potential_killers(N, reports):
       all_members = set(range(1, N + 1))  // Create a set of all members
       reported_members = set()  // Create a set to track reported members
       
       for report in reports:
           if report != 0:  // Ignore the Don
               reported_members.add(report)  // Add reported members to the set
       
       potential_killers = all_members - reported_members  // Find members not reported to
       return sorted(potential_killers)  // Return sorted list of potential killers

   function main():
       N = read integer  // Read number of members
       reports = read list of integers  // Read reporting structure
       result = find_potential_killers(N, reports)  // Find potential killers
       print result  // Print the result
   ```

4. **Output the final Python 3 solution with your solution steps in comments**:
```python
def find_potential_killers(N, reports):
    # Create a set of all members from 1 to N
    all_members = set(range(1, N + 1))
    # Create a set to track reported members
    reported_members = set()
    
    # Iterate through the reports to find who is reported to
    for report in reports:
        if report != 0:  # Ignore the Don
            reported_members.add(report)  # Add reported members to the set
    
    # Find potential killers who are not reported to
    potential_killers = all_members - reported_members
    # Return the sorted list of potential killers
    return sorted(potential_killers)

def main():
    N = int(input())  # Read number of members
    reports = list(map(int, input().split()))  # Read reporting structure
    result = find_potential_killers(N, reports)  # Find potential killers
    print(" ".join(map(str, result)))  # Print the result as space-separated integers

# Call the main function to execute the program
main()
```
INFO - [Task id] 1188 [prompt] 
[Environment Feedback]:
    Note: Inputs/outputs here are automatically extracted/truncated so formatting may be a bit off.
    Tests passed:

     Input: ['6', '0 1 1 2 2 3'] Output: 4 5 6

    Tests failed:
    None
[/Environment Feedback]

INFO - [Task id] 1188 [prompt] 
## Instructions
Now, summarize your attempts as a **standalone** document for your own future reference. (can skip formalities, be concise)

- Only include the most relevant information and code snippets that could be useful in the future.
- If you did not learn much from the current experience (e.g. the problem was too easy), feel free to write less or nothing at all.
- Here are some ideas if the experience was useful:
    - Identifying the core concepts and patterns that problem appears to test for
    - Describing the strategies that seemed to work but did not, and vice versa
    - Describing unexpected errors and how they were fixed

Your summary should be at most a few paragraphs.

INFO - [Task id] 1188 [generation text] In this task, the goal was to identify potential killers in a mafia organization based on a reporting structure. The key insight was to recognize that potential killers are members who nobody reports to, which can be determined by comparing the set of all members with the set of members who are reported to.

The solution involved creating two sets: one for all members and another for those who are reported to. By iterating through the reporting list and populating the reported members set (ignoring the Don), we could easily find the difference between the two sets to identify potential killers. Sorting the result before outputting it ensured the indices were in ascending order.

The final implementation was straightforward and efficient, leveraging set operations to achieve the desired outcome. The code was structured with a main function to handle input and output, and a helper function to encapsulate the logic for finding potential killers. This approach worked well without any unexpected errors, and the solution passed all provided test cases. 

Key code snippet:
```python
def find_potential_killers(N, reports):
    all_members = set(range(1, N + 1))
    reported_members = set()
    
    for report in reports:
        if report != 0:
            reported_members.add(report)
    
    potential_killers = all_members - reported_members
    return sorted(potential_killers)
``` 

This experience reinforced the importance of set operations for efficiently handling membership checks and differences, especially in problems involving relationships or hierarchies.
INFO - LM call n parse attempt 1 / 3

INFO - [Task id] 1188 [prompt] 
You are an expert programmer tasked with solving the problem below.

Follow the user's instructions to solve the problem.
The user can ask for analysis, code, or both.

## Instructions
When asked to output code,
- Make sure to wrap your code in '```python' and '```' Markdown delimiters, 
- include exactly one block of code with the entire solution
- No outside libraries are allowed. 
- Builtins are allowed.
- If the task specifies a function name to be used, follow it strictly (be case sensitive!) and declare the that function last (helper functions are declared first).
- DO NOT write any assert statements / tests.

## Problem
[BEGIN PROBLEM]
Chef is a private detective. He was asked to investigate a case of murder in the city of Frangton.
Chef arrived in Frangton to find out that the mafia was involved in the case. Chef spent some time watching for people that belong to the clan and was able to build a map of relationships between them. He knows that a mafia's organizational structure consists of a single Don, heading a hierarchical criminal organization. Each member reports exactly to one other member of the clan. It's obvious that there are no cycles in the reporting system of the mafia.
There are N people in the clan, for simplicity indexed from 1 to N, and Chef knows who each of them report to. Member i reports to member Ri.
Now, Chef needs to identfy all potential killers to continue his investigation. Having considerable knowledge about the mafia's activities, Chef knows that the killer must be a minor criminal, that is, one of the members who nobody reports to. Please find the list of potential killers for Chef. Since Don reports to nobody, his Ri will be equal to 0.

-----Input-----
The first line of input contains one integer N.
Next line has N space-separated integers, the ith integer denotes Ri — the person whom the ith member reports to.

-----Output-----
Output a list of space-separated integers in ascending order — the indices of potential killers.

-----Constraints-----
- 1 ≤ N ≤ 105
- 1 ≤ Ri ≤ N except for Don, whose Ri equals to 0.
- It is guaranteed that there are no cycles in the reporting structure.

-----Subtasks-----
- Subtask #1 [50 points]: N ≤ 10000
- Subtask #2 [50 points]: No additional constraints

-----Example-----
Input:
6
0 1 1 2 2 3

Output:
4 5 6

-----Explanation-----
The reporting structure:

The output code needs to read from and write to standard IO


[END PROBLEM]

INFO - [Task id] 1188 [prompt] 
## Instructions

Reason through the problem and:
1. Restate the problem in plain English
2. Conceptualize a solution first in plain English
3. Write a pseudocode solution
4. Output the final Python 3 solution with your solution steps in comments.

Make sure to wrap your code in '```python' and '```' Markdown delimiters, 
and include exactly one block of code with the entire solution.

No outside libraries are allowed.
Builtins are allowed.

INFO - [Task id] 1188 [prompt] 1. **Restate the problem in plain English**:
   The problem requires us to identify potential killers in a mafia organization based on a reporting structure. Each member of the mafia reports to another member, and we need to find members who nobody reports to, which are the "minor criminals." The Don, who reports to no one, is represented by a reporting value of 0.

2. **Conceptualize a solution first in plain English**:
   - We will read the number of members (N) and their reporting structure (a list of integers where each integer indicates who a member reports to).
   - We will create a set of all members and a set of members who are reported to.
   - The potential killers are those members who are not in the set of reported members.
   - Finally, we will sort the list of potential killers and print them.

3. **Write a pseudocode solution**:
   ```
   function find_potential_killers(N, reports):
       all_members = set(range(1, N + 1))  // Create a set of all members
       reported_members = set()  // Create a set to track reported members
       
       for report in reports:
           if report != 0:  // Ignore the Don
               reported_members.add(report)  // Add reported members to the set
       
       potential_killers = all_members - reported_members  // Find members not reported to
       return sorted(potential_killers)  // Return sorted list of potential killers

   function main():
       N = read integer  // Read number of members
       reports = read list of integers  // Read reporting structure
       result = find_potential_killers(N, reports)  // Find potential killers
       print result  // Print the result
   ```

4. **Output the final Python 3 solution with your solution steps in comments**:
```python
def find_potential_killers(N, reports):
    # Create a set of all members from 1 to N
    all_members = set(range(1, N + 1))
    # Create a set to track reported members
    reported_members = set()
    
    # Iterate through the reports to find who is reported to
    for report in reports:
        if report != 0:  # Ignore the Don
            reported_members.add(report)  # Add reported members to the set
    
    # Find potential killers who are not reported to
    potential_killers = all_members - reported_members
    # Return the sorted list of potential killers
    return sorted(potential_killers)

def main():
    N = int(input())  # Read number of members
    reports = list(map(int, input().split()))  # Read reporting structure
    result = find_potential_killers(N, reports)  # Find potential killers
    print(" ".join(map(str, result)))  # Print the result as space-separated integers

# Call the main function to execute the program
main()
```
INFO - [Task id] 1188 [prompt] 
[Environment Feedback]:
    Note: Inputs/outputs here are automatically extracted/truncated so formatting may be a bit off.
    Tests passed:

     Input: ['6', '0 1 1 2 2 3'] Output: 4 5 6

    Tests failed:
    None
[/Environment Feedback]

INFO - [Task id] 1188 [prompt] 
Below is the official solution (do exercise discretion as official solutions can also have mistakes).

You will be reflecting on your attempts to solve the problem.
This will be a **standalone** document for your own future reference. (can skip formalities, be concise)

## Instructions
- Only include the most relevant insights and code snippets that could be useful in the future.
- If you did not learn much from the current experience (e.g. the problem was too easy / official solution was obvious), feel free to write less or nothing at all.
- Here are some ideas if the experience was useful:
    - If the official solution is insightful (e.g. better than yours in time and space complexity or more effective in breaking down the problem statement), distil the key approach of the official solution, step by step.
    - If your approach failed the test cases, reason why the official solution works but yours does not

Your reflection should be at most a few paragraphs.

## Official solution
n = eval(input())
r = list(map(int, input().split()))

tree = dict()
i = 1
for j in r:
 c = tree.get(j)
 if c:
  tree[j].append(i)
 else:
  tree[j] = [i]
 if not tree.get(i):
  tree[i] = []
 i += 1
s = []
for elem in tree:
 if not tree[elem]:
  s.append(str(elem))
print(' '.join(s))

INFO - [Task id] 1188 [generation text] The official solution effectively constructs a tree-like structure to represent the reporting relationships among mafia members. It uses a dictionary to map each member to a list of their direct reports. This approach allows for easy identification of members who do not have anyone reporting to them, which are the potential killers.

Key insights from the official solution:
1. **Data Structure**: The use of a dictionary (`tree`) to store each member and their direct reports is efficient. It allows for quick lookups and updates as we process the reporting structure.
2. **Initialization**: The solution initializes each member in the dictionary, ensuring that even members with no reports are accounted for.
3. **Identification of Potential Killers**: After constructing the reporting structure, the solution iterates through the dictionary to find members with an empty list of reports, indicating that no one reports to them.
4. **Output Formatting**: The final output is formatted as a space-separated string, which is straightforward and meets the problem's requirements.

In contrast, my initial approach was also valid but could be seen as less intuitive in terms of directly representing the relationships. While it correctly identified potential killers, the use of sets might have added unnecessary complexity compared to the straightforward dictionary approach used in the official solution. 

Overall, the official solution is efficient and clear, leveraging a dictionary to maintain the reporting structure and easily identify members without reports. This experience reinforces the importance of choosing the right data structure for the problem at hand.
INFO - Updated entry: In this task, the goal was to identify potential killers in a mafia organization based on a reporting structure. The key insight was to recognize that potential killers are members who nobody reports to, which can be determined by comparing the set of all members with the set of members who are r...,

INFO - Metadata: {
    "task_id": 1188
}

INFO - Updated entry: The official solution effectively constructs a tree-like structure to represent the reporting relationships among mafia members. It uses a dictionary to map each member to a list of their direct reports. This approach allows for easy identification of members who do not have anyone reporting to t...,

INFO - Metadata: {
    "task_id": 1188
}

INFO - LM call n parse attempt 1 / 3

INFO - [Task id] 1188 [prompt] 
You are a helpful assistant that writes a description of the given function written in the Python programming language.

1) Do not mention the function name.
2) Do not mention anything about helper functions.
3) There might be some helper functions before the main function, but you only need to describe the main function.
4) Try to summarize the function in no more than 6 sentences.
5) Your response should be a single line of text.

INFO - [Task id] 1188 [prompt] 
def find_potential_killers(N, reports):
    # Create a set of all members from 1 to N
    all_members = set(range(1, N + 1))
    # Create a set to track reported members
    reported_members = set()
    
    # Iterate through the reports to find who is reported to
    for report in reports:
        if report != 0:  # Ignore the Don
            reported_members.add(report)  # Add reported members to the set
    
    # Find potential killers who are not reported to
    potential_killers = all_members - reported_members
    # Return the sorted list of potential killers
    return sorted(potential_killers)

def main():
    N = int(input())  # Read number of members
    reports = list(map(int, input().split()))  # Read reporting structure
    result = find_potential_killers(N, reports)  # Find potential killers
    print(" ".join(map(str, result)))  # Print the result as space-separated integers

# Call the main function to execute the program
main()


The main function is `main`.
INFO - [Task id] 1188 [generation text] This function reads the number of members and their reporting structure from user input, then identifies potential killers by determining which members have not been reported to by others. It collects all members in a set and tracks those who have been reported to, excluding the Don (represented by 0). After processing the reports, it calculates the difference between all members and the reported members to find those who are not implicated. Finally, it returns a sorted list of these potential killers and prints them as space-separated integers.
INFO - LM call n parse attempt 1 / 3

INFO - [Task id] 1188 [prompt] 
You are a helpful assistant that extracts important information from problems and solutions to aid in searchability and education.

## Instructions
- Read through the problem and solution carefully.
- Reason out, step by step, in what scenarios this knowledge would be useful.
- Focus on general patterns and situations to help connect this knowledge to new situations.
- Then, include a list of keywords that are useful for searching this problem/solution pair.

## Response format
Respond in JSON, and follow the keys and expected format of the values strictly.

The output should be formatted as a JSON instance that conforms to the JSON schema below.

As an example, for the schema {"properties": {"foo": {"title": "Foo", "description": "a list of strings", "type": "array", "items": {"type": "string"}}}, "required": ["foo"]}
the object {"foo": ["bar", "baz"]} is a well-formatted instance of the schema. The object {"properties": {"foo": ["bar", "baz"]}} is not well-formatted.

Here is the output schema:
```
{"properties": {"scenarios": {"description": "In what scenarios will this knowledge be useful? Answer in a paragraph.", "title": "Scenarios", "type": "string"}, "keywords": {"description": "List of keywords that are useful for searching this problem/solution pair", "items": {"type": "string"}, "title": "Keywords", "type": "array"}}, "required": ["scenarios", "keywords"]}
```

INFO - [Task id] 1188 [prompt] 
[Problem]
    Chef is a private detective. He was asked to investigate a case of murder in the city of Frangton.
    Chef arrived in Frangton to find out that the mafia was involved in the case. Chef spent some time watching for people that belong to the clan and was able to build a map of relationships between them. He knows that a mafia's organizational structure consists of a single Don, heading a hierarchical criminal organization. Each member reports exactly to one other member of the clan. It's obvious that there are no cycles in the reporting system of the mafia.
    There are N people in the clan, for simplicity indexed from 1 to N, and Chef knows who each of them report to. Member i reports to member Ri.
    Now, Chef needs to identfy all potential killers to continue his investigation. Having considerable knowledge about the mafia's activities, Chef knows that the killer must be a minor criminal, that is, one of the members who nobody reports to. Please find the list of potential killers for Chef. Since Don reports to nobody, his Ri will be equal to 0.

    -----Input-----
    The first line of input contains one integer N.
    Next line has N space-separated integers, the ith integer denotes Ri — the person whom the ith member reports to.

    -----Output-----
    Output a list of space-separated integers in ascending order — the indices of potential killers.

    -----Constraints-----
    - 1 ≤ N ≤ 105
    - 1 ≤ Ri ≤ N except for Don, whose Ri equals to 0.
    - It is guaranteed that there are no cycles in the reporting structure.

    -----Subtasks-----
    - Subtask #1 [50 points]: N ≤ 10000
    - Subtask #2 [50 points]: No additional constraints

    -----Example-----
    Input:
    6
    0 1 1 2 2 3

    Output:
    4 5 6

    -----Explanation-----
    The reporting structure:
[/Problem]

[Solution]

    def find_potential_killers(N, reports):
        # Create a set of all members from 1 to N
        all_members = set(range(1, N + 1))
        # Create a set to track reported members
        reported_members = set()
    
        # Iterate through the reports to find who is reported to
        for report in reports:
            if report != 0:  # Ignore the Don
                reported_members.add(report)  # Add reported members to the set
    
        # Find potential killers who are not reported to
        potential_killers = all_members - reported_members
        # Return the sorted list of potential killers
        return sorted(potential_killers)

    def main():
        N = int(input())  # Read number of members
        reports = list(map(int, input().split()))  # Read reporting structure
        result = find_potential_killers(N, reports)  # Find potential killers
        print(" ".join(map(str, result)))  # Print the result as space-separated integers

    # Call the main function to execute the program
    main()

[/Solution]

INFO - [Task id] 1188 [generation text] 
INFO - {
    "scenarios": "This knowledge is useful in scenarios involving hierarchical structures where you need to identify individuals who are not under the authority of others, such as in organizations, teams, or criminal networks. It can be applied in various fields including law enforcement, corporate management, and social network analysis to find outliers or independent entities. Understanding how to identify members who do not report to anyone can help in investigations, resource allocation, and understanding power dynamics within a group.",
    "keywords": [
        "mafia",
        "potential killers",
        "reporting structure",
        "hierarchical organization",
        "detective",
        "crime investigation",
        "outliers",
        "social network analysis",
        "programming",
        "algorithm"
    ]
}
INFO - {
    "scenarios": "This knowledge is useful in scenarios involving hierarchical structures where you need to identify individuals who are not under the authority of others, such as in organizations, teams, or criminal networks. It can be applied in various fields including law enforcement, corporate management, and social network analysis to find outliers or independent entities. Understanding how to identify members who do not report to anyone can help in investigations, resource allocation, and understanding power dynamics within a group.",
    "keywords": [
        "mafia",
        "potential killers",
        "reporting structure",
        "hierarchical organization",
        "detective",
        "crime investigation",
        "outliers",
        "social network analysis",
        "programming",
        "algorithm"
    ]
}
INFO - Updated entry: 
[description for function: main]
This function reads the number of members and their reporting structure from user input, then identifies potential killers by determining which members have not been reported to by others. It collects all members in a set and tracks those who have been reported t...,

INFO - Metadata: {
    "task": 1188,
    "code": "\ndef find_potential_killers(N, reports):\n    # Create a set of all members from 1 to N\n    all_members = set(range(1, N + 1))\n    # Create a set to track reported members\n    reported_members = set()\n    \n    # Iterate through the reports to find who is rep...

