INFO - DB skill doc count: 1

INFO - DB non_func doc count: 69

INFO - DB semantic doc count: 429

INFO - DB summaries doc count: 89

INFO - DB reflections doc count: 89

INFO - DB episodic doc count: 161

INFO - [train iter]: 89/100 

INFO - The task prompt is Alice has a hand of cards, given as an array of integers.
Now she wants to rearrange the cards into groups so that each group is size W, and consists of W consecutive cards.
Return true if and only if she can.
 


Example 1:
Input: hand = [1,2,3,6,2,3,4,7,8], W = 3
Output: true
Explanation: Alice...

INFO - Attempting task_id 1669
INFO - LM call n parse attempt 1 / 3

INFO - [Task id] 1669 [prompt] 
You are an expert programmer tasked with solving the problem below.

Follow the user's instructions to solve the problem.
The user can ask for analysis, code, or both.

## Instructions
When asked to output code,
- Make sure to wrap your code in '```python' and '```' Markdown delimiters, 
- include exactly one block of code with the entire solution
- No outside libraries are allowed. 
- Builtins are allowed.
- If the task specifies a function name to be used, follow it strictly (be case sensitive!) and declare the that function last (helper functions are declared first).
- DO NOT write any assert statements / tests.

## Problem
[BEGIN PROBLEM]
Alice has a hand of cards, given as an array of integers.
Now she wants to rearrange the cards into groups so that each group is size W, and consists of W consecutive cards.
Return true if and only if she can.
 


Example 1:
Input: hand = [1,2,3,6,2,3,4,7,8], W = 3
Output: true
Explanation: Alice's hand can be rearranged as [1,2,3],[2,3,4],[6,7,8].
Example 2:
Input: hand = [1,2,3,4,5], W = 4
Output: false
Explanation: Alice's hand can't be rearranged into groups of 4.

 
Constraints:

1 <= hand.length <= 10000
0 <= hand[i] <= 10^9
1 <= W <= hand.length

Note: This question is the same as 1296: https://leetcode.com/problems/divide-array-in-sets-of-k-consecutive-numbers/

The output code needs to use the provided function signature

The final python function should begin with: 
```python

class Solution:
    def isNStraightHand(self, hand: List[int], W: int) -> bool:
        
```

[END PROBLEM]

INFO - [Task id] 1669 [prompt] 
## Instructions

Reason through the problem and:
1. Restate the problem in plain English
2. Conceptualize a solution first in plain English
3. Write a pseudocode solution
4. Output the final Python 3 solution with your solution steps in comments.

Make sure to wrap your code in '```python' and '```' Markdown delimiters, 
and include exactly one block of code with the entire solution.

No outside libraries are allowed.
Builtins are allowed.

INFO - [Task id] 1669 [generation text] 1. **Restate the problem in plain English:**
   Alice has a collection of cards represented as an array of integers. She wants to know if she can rearrange these cards into groups of a specified size, W, where each group contains W consecutive integers. The task is to determine if this rearrangement is possible.

2. **Conceptualize a solution first in plain English:**
   To solve this problem, we need to check if we can form groups of W consecutive numbers from the given hand of cards. We can start by counting the occurrences of each number in the hand. Then, we can attempt to form groups by always trying to create a group starting from the smallest available number. If we can successfully form all groups without running out of cards, we return true; otherwise, we return false.

3. **Write a pseudocode solution:**
   - Count the frequency of each card in the hand.
   - Sort the unique cards.
   - For each unique card, check if we can form a group starting from that card:
     - If the current card's count is greater than zero, try to form a group of W consecutive cards.
     - Decrease the count of each card in the group by one.
     - If at any point we cannot form a complete group, return false.
   - If we successfully form all groups, return true.

4. **Output the final Python 3 solution with your solution steps in comments:**

```python
class Solution:
    def isNStraightHand(self, hand: list[int], W: int) -> bool:
        # Step 1: Count the frequency of each card
        count = {}
        for card in hand:
            if card in count:
                count[card] += 1
            else:
                count[card] = 1
        
        # Step 2: Sort the unique cards
        unique_cards = sorted(count.keys())
        
        # Step 3: Try to form groups of W consecutive cards
        for card in unique_cards:
            if count[card] > 0:  # If there are still cards of this value
                # Step 3a: Try to form a group starting from this card
                for i in range(W):
                    if count.get(card + i, 0) < count[card]:  # Check if we can use this card
                        return False
                    count[card + i] -= count[card]  # Decrease the count for this group
                
        # Step 4: If we successfully formed all groups, return true
        return True
```
INFO - [35m Rollout attempt 1/4[0m
INFO - [33m Retrieving 2 entries for db: episodic 
 [0m
INFO - Retrieved (score=0.3732):

[Task]:
    Let's call a sequence good if the sum of all its elements is $0$.
    You have a sequence of integers $A_1, A_2, \ldots, A_N$. You may perform any number of operations on this sequence (including zero). In one operation, you should choose a valid index $i$ and decrease $A_i$ by $i$. ...


INFO - Retrieved (score=0.3941):

[Task]:
    Let's call a sequence good if the sum of all its elements is $0$.
    You have a sequence of integers $A_1, A_2, \ldots, A_N$. You may perform any number of operations on this sequence (including zero). In one operation, you should choose a valid index $i$ and decrease $A_i$ by $i$. ...


INFO - [33m Retrieving 2 entries for db: semantic 
 [0m
INFO - Retrieved (score=0.4594):
Title: 15 Puzzle Game: Existence Of The Solution
Part: 1/1
# 15 Puzzle Game: Existence Of The Solution

This game is played on a $4 \times 4$ board. On this board there are $15$ playing tiles numbered from 1 to 15. One cell is left empty (denoted by 0). You need to get the board to the position p...


INFO - Retrieved (score=0.4863):
Title: Continued fractions
Part: 4/12
```

!!! example "[GCJ 2019, Round 2 - New Elements: Part 2](https://codingcompetitions.withgoogle.com/codejam/round/0000000000051679/0000000000146184)"
    You're given $N$ positive integer pairs $(C_i, J_i)$. You need to find a positive integer pair $(x, y)...


INFO - [33m Retrieving 2 entries for db: reflections 
 [0m
INFO - Retrieved (score=0.4373):
The official solution effectively addresses the problem by utilizing a dictionary to group problems based on their calculated difficulty scores. Here are the key insights and steps from the official solution that could be useful for future reference:

1. **Input Handling**: The solution reads the...


INFO - Retrieved (score=0.4470):
The official solution takes a different approach to determine if the distributions of apples can differ based on the candidate hired. It uses the relationship between N and K more directly by calculating how many apples each box would receive and checking if that distribution can lead to differen...


INFO - [33m Retrieving 2 entries for db: summaries 
 [0m
INFO - Retrieved (score=0.3730):
In this problem, the goal was to determine if a sequence of integers could be modified to have a sum of zero by decreasing each element `A[i]` by its index `i` any number of times. The key concepts involved were understanding the operations allowed and calculating the total sum of the sequence an...


INFO - Retrieved (score=0.3870):
In this problem, the goal was to determine if Gru could distribute exactly \( K \) amount of money to \( N \) minions based on their individual demands. The key points to consider were whether the total demand from the minions matched \( K \), was less than \( K \), or exceeded \( K \).

Initiall...


INFO - [33m Retrieving 1 entries for db: skill 
 [0m
INFO - Retrieved (score=0.6188):

[description for function: count_col_triang]
This function organizes a list of points by their colors and calculates the number of non-collinear triangles that can be formed from points of the same color. It first groups the points based on their color and initializes counters for the total numb...


INFO - [33m Retrieving 2 entries for db: non_func 
 [0m
INFO - Retrieved (score=0.4583):

[description for function: count_ways_to_remove_subsequence]
This function processes multiple test cases to determine how many contiguous subsequences can be removed from a given sequence while ensuring that the resulting sequence remains strictly increasing. For each test case, it iterates thro...


INFO - Retrieved (score=0.4716):

[description for function: can_make_good_sequence]
The function processes multiple test cases to determine if the sum of a sequence of integers can be reduced to zero. For each test case, it calculates the total sum of the sequence and the maximum possible reduction based on the sequence's size....


INFO - Retrieved (score=0.3730): 
[Summary]:
    In this problem, the goal was to determine if a sequence of integers could be modified to have a sum of zero by decreasing each element `A[i]` by its index `i` any number of times. The key concepts involved were understanding the operations allowed and calculating the total sum of...
INFO - Retrieved (score=0.3732): 
[Past Memory]:

    [Task]:
        Let's call a sequence good if the sum of all its elements is $0$.
        You have a sequence of integers $A_1, A_2, \ldots, A_N$. You may perform any number of operations on this sequence (including zero). In one operation, you should choose a valid index $i$...
INFO - LM call n parse attempt 1 / 3

INFO - [Task id] 1669 [prompt] 
You are an expert programmer tasked with solving the problem below.

Follow the user's instructions to solve the problem.
The user can ask for analysis, code, or both.

## Instructions
When asked to output code,
- Make sure to wrap your code in '```python' and '```' Markdown delimiters, 
- include exactly one block of code with the entire solution
- No outside libraries are allowed. 
- Builtins are allowed.
- If the task specifies a function name to be used, follow it strictly (be case sensitive!) and declare the that function last (helper functions are declared first).
- DO NOT write any assert statements / tests.

## Problem
[BEGIN PROBLEM]
Alice has a hand of cards, given as an array of integers.
Now she wants to rearrange the cards into groups so that each group is size W, and consists of W consecutive cards.
Return true if and only if she can.
 


Example 1:
Input: hand = [1,2,3,6,2,3,4,7,8], W = 3
Output: true
Explanation: Alice's hand can be rearranged as [1,2,3],[2,3,4],[6,7,8].
Example 2:
Input: hand = [1,2,3,4,5], W = 4
Output: false
Explanation: Alice's hand can't be rearranged into groups of 4.

 
Constraints:

1 <= hand.length <= 10000
0 <= hand[i] <= 10^9
1 <= W <= hand.length

Note: This question is the same as 1296: https://leetcode.com/problems/divide-array-in-sets-of-k-consecutive-numbers/

The output code needs to use the provided function signature

The final python function should begin with: 
```python

class Solution:
    def isNStraightHand(self, hand: List[int], W: int) -> bool:
        
```

[END PROBLEM]

INFO - [Task id] 1669 [prompt] 
## Instructions

Reason through the problem and:
1. Restate the problem in plain English
2. Conceptualize a solution first in plain English
3. Write a pseudocode solution
4. Output the final Python 3 solution with your solution steps in comments.

Make sure to wrap your code in '```python' and '```' Markdown delimiters, 
and include exactly one block of code with the entire solution.

No outside libraries are allowed.
Builtins are allowed.

INFO - [Task id] 1669 [prompt] 
Also, here are some of your memories.
Feel free to use the given information to aid your problem solving process if necessary.
Do not confuse the memories with the problem statement.

## Memories

[Summary]:
    In this problem, the goal was to determine if a sequence of integers could be modified to have a sum of zero by decreasing each element `A[i]` by its index `i` any number of times. The key concepts involved were understanding the operations allowed and calculating the total sum of the sequence and the maximum possible reduction.

    Initially, the logic incorrectly assumed that if the total sum was less than or equal to the maximum reduction, it would always be possible to make the sequence good. This led to incorrect outputs, especially when the total sum was negative. The correct approach involved checking if the total sum was negative (in which case it was impossible to make it zero) and ensuring that if the total sum was positive, it could be reduced to zero using the maximum reduction available.

    The final solution correctly implemented these checks:

    ```python
    def can_make_good_sequence(T, test_cases):
        for case in test_cases:
            N = case[0]
            A = case[1]
            total_sum = sum(A)
            max_reduction = sum(i for i in range(1, N + 1))
        
            if total_sum < 0:
                print("NO")
            elif total_sum <= max_reduction:
                print("YES")
            else:
                print("NO")
    ```

    This experience highlighted the importance of carefully considering edge cases and the implications of the operations allowed on the sequence. The final solution passed all test cases, confirming the correctness of the logic.
[/Summary]


[Past Memory]:

    [Task]:
        Let's call a sequence good if the sum of all its elements is $0$.
        You have a sequence of integers $A_1, A_2, \ldots, A_N$. You may perform any number of operations on this sequence (including zero). In one operation, you should choose a valid index $i$ and decrease $A_i$ by $i$. Can you make the sequence good using these operations?

        -----Input-----
        - The first line of the input contains a single integer $T$ denoting the number of test cases. The description of $T$ test cases follows.
        - The first line of each test case contains a single integer $N$.
        - The second line contains $N$ space-separated integers $A_1, A_2, \ldots, A_N$.

        -----Output-----
        For each test case, print a single line containing the string "YES" if it is possible to make the given sequence good or "NO" if it is impossible.

        -----Constraints-----
        - $1 \le T \le 1,000$
        - $1 \le N \le 10$
        - $|A_i| \le 100$ for each valid $i$

        -----Subtasks-----
        Subtask #1 (10 points): $N = 1$
        Subtask #2 (30 points): $N \le 2$
        Subtask #3 (60 points): original constraints

        -----Example Input-----
        2
        1
        -1
        2
        1 2

        -----Example Output-----
        NO
        YES

        -----Explanation-----
        Example case 2: We can perform two operations ― subtract $1$ from $A_1$ and $2$ from $A_2$.
    [/Task]

    [Previous Critique]:
        None
    [/Previous Critique]

    [Thought Process and Code]:
        1. **Restate the problem in plain English:**
           We need to determine if we can modify a sequence of integers such that the sum of all elements becomes zero. The modification allowed is to decrease any element at index `i` by `i` any number of times.

        2. **Conceptualize a solution first in plain English:**
           To solve this problem, we can calculate the total sum of the sequence. If the sum is already zero, we can immediately return "YES". If the sum is positive, we need to check if we can reduce it to zero by using the allowed operations. Each element can be decreased by its index, which means we can reduce the sum by a maximum of `i` for each element `A[i]`. We need to check if the total sum can be reduced to zero by summing the maximum possible reductions we can achieve.

        3. **Write a pseudocode solution:**
           ```
           function can_make_good_sequence(T, test_cases):
               for each test_case in test_cases:
                   N = test_case[0]
                   A = test_case[1]
                   total_sum = sum(A)
                   max_reduction = sum(i for i in range(1, N + 1))  # sum of indices from 1 to N
           
                   if total_sum <= max_reduction:
                       print("YES")
                   else:
                       print("NO")

           read T
           read test_cases
           can_make_good_sequence(T, test_cases)
           ```

        4. **Output the final Python 3 solution with your solution steps in comments:**
        ```python
        def can_make_good_sequence(T, test_cases):
            # Iterate through each test case
            for case in test_cases:
                N = case[0]  # Read the size of the sequence
                A = case[1]  # Read the sequence of integers
                total_sum = sum(A)  # Calculate the total sum of the sequence
                max_reduction = sum(i for i in range(1, N + 1))  # Calculate the maximum possible reduction
        
                # Check if we can reduce the total sum to zero
                if total_sum <= max_reduction:
                    print("YES")  # It's possible to make the sequence good
                else:
                    print("NO")  # It's not possible to make the sequence good

        # Read the number of test cases
        T = int(input())
        test_cases = []

        # Read each test case
        for _ in range(T):
            N = int(input())  # Read the size of the sequence
            A = list(map(int, input().split()))  # Read the sequence of integers
            test_cases.append((N, A))  # Store the test case

        # Call the function with the number of test cases and the test cases
        can_make_good_sequence(T, test_cases)
        ```
    [/Thought Process and Code]

    [Environment Feedback]:
        Note: Inputs/outputs here are automatically extracted/truncated so formatting may be a bit off.
        Tests passed:

        None

        Tests failed:
         Input: ['2', '1', '-1', '2', '1 2'] Expected output: [{'NO'}, {'YES'}] # Execution output: ['YES', 'YES']
    [/Environment Feedback]

    [Result]:
        Failure
    [/Result]

[/Past Memory]


INFO - [Task id] 1669 [generation text] 1. **Restate the problem in plain English:**
   Alice has a collection of cards represented as an array of integers. She wants to rearrange these cards into groups of size `W`, where each group consists of `W` consecutive integers. The task is to determine if it is possible to rearrange the cards in such a way.

2. **Conceptualize a solution first in plain English:**
   To solve this problem, we can follow these steps:
   - First, check if the total number of cards is divisible by `W`. If not, it's impossible to form groups of size `W`.
   - Next, sort the array of cards. This will help in easily forming groups of consecutive integers.
   - Then, iterate through the sorted array and try to form groups of `W` consecutive integers. For each group, check if the next `W` integers can be formed from the current integer. If we can form all groups successfully, return true; otherwise, return false.

3. **Write a pseudocode solution:**
   ```
   function isNStraightHand(hand, W):
       if length of hand is not divisible by W:
           return false
       
       sort hand
       create a frequency map of hand
       
       for each card in hand:
           if card is not in frequency map:
               continue
           while frequency map has card:
               for i from 0 to W-1:
                   if card + i is not in frequency map or frequency map[card + i] is 0:
                       return false
                   decrease frequency map[card + i] by 1
       return true
   ```

4. **Output the final Python 3 solution with your solution steps in comments:**
```python
class Solution:
    def isNStraightHand(self, hand: List[int], W: int) -> bool:
        # Check if the total number of cards is divisible by W
        if len(hand) % W != 0:
            return False
        
        # Sort the hand to facilitate grouping
        hand.sort()
        
        # Create a frequency map to count occurrences of each card
        frequency = {}
        for card in hand:
            if card in frequency:
                frequency[card] += 1
            else:
                frequency[card] = 1
        
        # Try to form groups of W consecutive cards
        for card in hand:
            if card in frequency and frequency[card] > 0:
                # Start forming a group from the current card
                for i in range(W):
                    current_card = card + i
                    if current_card not in frequency or frequency[current_card] <= 0:
                        return False
                    # Decrease the count of the current card in the frequency map
                    frequency[current_card] -= 1
        
        return True  # All groups formed successfully
```
INFO - program_code:
 
class Solution:
    def isNStraightHand(self, hand: List[int], W: int) -> bool:
        # Check if the total number of cards is divisible by W
        if len(hand) % W != 0:
            return False
        
        # Sort the hand to facilitate grouping
        hand.sort()
        
        # Create a frequency map to count occurrences of each card
        frequency = {}
        for card in hand:
            if card in frequency:
                frequency[card] += 1
            else:
                frequency[card] = 1
        
        # Try to form groups of W consecutive cards
        for card in hand:
            if card in frequency and frequency[card] > 0:
                # Start forming a group from the current card
                for i in range(W):
                    current_card = card + i
                    if current_card not in frequency or frequency[current_card] <= 0:
                        return False
                    # Decrease the count of the current card in the frequency map
                    frequency[current_card] -= 1
        
        return True  # All groups formed successfully


INFO - program_name:
 

INFO - dependencies:
 []

INFO - raw_msg:
 1. **Restate the problem in plain English:**
   Alice has a collection of cards represented as an array of integers. She wants to rearrange these cards into groups of size `W`, where each group consists of `W` consecutive integers. The task is to determine if it is possible to rearrange the cards in such a way.

2. **Conceptualize a solution first in plain English:**
   To solve this problem, we can follow these steps:
   - First, check if the total number of cards is divisible by `W`. If not, it's impossible to form groups of size `W`.
   - Next, sort the array of cards. This will help in easily forming groups of consecutive integers.
   - Then, iterate through the sorted array and try to form groups of `W` consecutive integers. For each group, check if the next `W` integers can be formed from the current integer. If we can form all groups successfully, return true; otherwise, return false.

3. **Write a pseudocode solution:**
   ```
   function isNStraightHand(hand, W):
       if length of hand is not divisible by W:
           return false
       
       sort hand
       create a frequency map of hand
       
       for each card in hand:
           if card is not in frequency map:
               continue
           while frequency map has card:
               for i from 0 to W-1:
                   if card + i is not in frequency map or frequency map[card + i] is 0:
                       return false
                   decrease frequency map[card + i] by 1
       return true
   ```

4. **Output the final Python 3 solution with your solution steps in comments:**
```python
class Solution:
    def isNStraightHand(self, hand: List[int], W: int) -> bool:
        # Check if the total number of cards is divisible by W
        if len(hand) % W != 0:
            return False
        
        # Sort the hand to facilitate grouping
        hand.sort()
        
        # Create a frequency map to count occurrences of each card
        frequency = {}
        for card in hand:
            if card in frequency:
                frequency[card] += 1
            else:
                frequency[card] = 1
        
        # Try to form groups of W consecutive cards
        for card in hand:
            if card in frequency and frequency[card] > 0:
                # Start forming a group from the current card
                for i in range(W):
                    current_card = card + i
                    if current_card not in frequency or frequency[current_card] <= 0:
                        return False
                    # Decrease the count of the current card in the frequency map
                    frequency[current_card] -= 1
        
        return True  # All groups formed successfully
```

INFO - no_parent:
 False

INFO - full code to be executed: 
 
class Solution:
    def isNStraightHand(self, hand: List[int], W: int) -> bool:
        # Check if the total number of cards is divisible by W
        if len(hand) % W != 0:
            return False
        
        # Sort the hand to facilitate grouping
        hand.sort()
        
        # Create a frequency map to count occurrences of each card
        frequency = {}
        for card in hand:
            if card in frequency:
                frequency[card] += 1
            else:
                frequency[card] = 1
        
        # Try to form groups of W consecutive cards
        for card in hand:
            if card in frequency and frequency[card] > 0:
                # Start forming a group from the current card
                for i in range(W):
                    current_card = card + i
                    if current_card not in frequency or frequency[current_card] <= 0:
                        return False
                    # Decrease the count of the current card in the frequency map
                    frequency[current_card] -= 1
        
        return True  # All groups formed successfully


INFO - obs: Note: Inputs/outputs here are automatically extracted/truncated so formatting may be a bit off.
Tests passed:

 Input: [[1, 2, 2, 3, 3, 4, 6, 7, 8], 3] Output: True

Tests failed:
None
reward: True
done: None
info: {'individual_results': [True]}
INFO - Updated entry: 
[Task]:
    Alice has a hand of cards, given as an array of integers.
    Now she wants to rearrange the cards into groups so that each group is size W, and consists of W consecutive cards.
    Return true if and only if she can.
 


    Example 1:
    Input: hand = [1,2,3,6,2,3,4,7,8], W = 3
  ...,

INFO - Metadata: {
    "raw_msg": "1. **Restate the problem in plain English:**\n   Alice has a collection of cards represented as an array of integers. She wants to rearrange these cards into groups of size `W`, where each group consists of `W` consecutive integers. The task is to determine if it is possible to ...

INFO - LM call n parse attempt 1 / 3

INFO - [Task id] 1669 [prompt] 
You are an expert programmer tasked with solving the problem below.

Follow the user's instructions to solve the problem.
The user can ask for analysis, code, or both.

## Instructions
When asked to output code,
- Make sure to wrap your code in '```python' and '```' Markdown delimiters, 
- include exactly one block of code with the entire solution
- No outside libraries are allowed. 
- Builtins are allowed.
- If the task specifies a function name to be used, follow it strictly (be case sensitive!) and declare the that function last (helper functions are declared first).
- DO NOT write any assert statements / tests.

## Problem
[BEGIN PROBLEM]
Alice has a hand of cards, given as an array of integers.
Now she wants to rearrange the cards into groups so that each group is size W, and consists of W consecutive cards.
Return true if and only if she can.
 


Example 1:
Input: hand = [1,2,3,6,2,3,4,7,8], W = 3
Output: true
Explanation: Alice's hand can be rearranged as [1,2,3],[2,3,4],[6,7,8].
Example 2:
Input: hand = [1,2,3,4,5], W = 4
Output: false
Explanation: Alice's hand can't be rearranged into groups of 4.

 
Constraints:

1 <= hand.length <= 10000
0 <= hand[i] <= 10^9
1 <= W <= hand.length

Note: This question is the same as 1296: https://leetcode.com/problems/divide-array-in-sets-of-k-consecutive-numbers/

The output code needs to use the provided function signature

The final python function should begin with: 
```python

class Solution:
    def isNStraightHand(self, hand: List[int], W: int) -> bool:
        
```

[END PROBLEM]

INFO - [Task id] 1669 [prompt] 
## Instructions

Reason through the problem and:
1. Restate the problem in plain English
2. Conceptualize a solution first in plain English
3. Write a pseudocode solution
4. Output the final Python 3 solution with your solution steps in comments.

Make sure to wrap your code in '```python' and '```' Markdown delimiters, 
and include exactly one block of code with the entire solution.

No outside libraries are allowed.
Builtins are allowed.

INFO - [Task id] 1669 [prompt] 1. **Restate the problem in plain English:**
   Alice has a collection of cards represented as an array of integers. She wants to rearrange these cards into groups of size `W`, where each group consists of `W` consecutive integers. The task is to determine if it is possible to rearrange the cards in such a way.

2. **Conceptualize a solution first in plain English:**
   To solve this problem, we can follow these steps:
   - First, check if the total number of cards is divisible by `W`. If not, it's impossible to form groups of size `W`.
   - Next, sort the array of cards. This will help in easily forming groups of consecutive integers.
   - Then, iterate through the sorted array and try to form groups of `W` consecutive integers. For each group, check if the next `W` integers can be formed from the current integer. If we can form all groups successfully, return true; otherwise, return false.

3. **Write a pseudocode solution:**
   ```
   function isNStraightHand(hand, W):
       if length of hand is not divisible by W:
           return false
       
       sort hand
       create a frequency map of hand
       
       for each card in hand:
           if card is not in frequency map:
               continue
           while frequency map has card:
               for i from 0 to W-1:
                   if card + i is not in frequency map or frequency map[card + i] is 0:
                       return false
                   decrease frequency map[card + i] by 1
       return true
   ```

4. **Output the final Python 3 solution with your solution steps in comments:**
```python
class Solution:
    def isNStraightHand(self, hand: List[int], W: int) -> bool:
        # Check if the total number of cards is divisible by W
        if len(hand) % W != 0:
            return False
        
        # Sort the hand to facilitate grouping
        hand.sort()
        
        # Create a frequency map to count occurrences of each card
        frequency = {}
        for card in hand:
            if card in frequency:
                frequency[card] += 1
            else:
                frequency[card] = 1
        
        # Try to form groups of W consecutive cards
        for card in hand:
            if card in frequency and frequency[card] > 0:
                # Start forming a group from the current card
                for i in range(W):
                    current_card = card + i
                    if current_card not in frequency or frequency[current_card] <= 0:
                        return False
                    # Decrease the count of the current card in the frequency map
                    frequency[current_card] -= 1
        
        return True  # All groups formed successfully
```
INFO - [Task id] 1669 [prompt] 
[Environment Feedback]:
    Note: Inputs/outputs here are automatically extracted/truncated so formatting may be a bit off.
    Tests passed:

     Input: [[1, 2, 2, 3, 3, 4, 6, 7, 8], 3] Output: True

    Tests failed:
    None
[/Environment Feedback]

INFO - [Task id] 1669 [prompt] 
## Instructions
Now, summarize your attempts as a **standalone** document for your own future reference. (can skip formalities, be concise)

- Only include the most relevant information and code snippets that could be useful in the future.
- If you did not learn much from the current experience (e.g. the problem was too easy), feel free to write less or nothing at all.
- Here are some ideas if the experience was useful:
    - Identifying the core concepts and patterns that problem appears to test for
    - Describing the strategies that seemed to work but did not, and vice versa
    - Describing unexpected errors and how they were fixed

Your summary should be at most a few paragraphs.

INFO - [Task id] 1669 [generation text] In this task, I was required to determine if a hand of cards could be rearranged into groups of consecutive integers of a specified size `W`. The core concepts involved checking divisibility of the total number of cards by `W`, sorting the cards, and using a frequency map to track occurrences of each card.

The successful strategy involved sorting the hand and iterating through it to form groups of `W` consecutive cards. I created a frequency map to efficiently manage the counts of each card, allowing for quick checks and updates as groups were formed. The solution effectively handled edge cases, such as when the total number of cards was not divisible by `W`, and ensured that all required consecutive cards were available for grouping.

The final implementation passed all tests, confirming that the approach was sound. The key takeaway is the importance of sorting and using a frequency map for problems involving grouping and counting, which can simplify the logic and improve efficiency.
INFO - LM call n parse attempt 1 / 3

INFO - [Task id] 1669 [prompt] 
You are an expert programmer tasked with solving the problem below.

Follow the user's instructions to solve the problem.
The user can ask for analysis, code, or both.

## Instructions
When asked to output code,
- Make sure to wrap your code in '```python' and '```' Markdown delimiters, 
- include exactly one block of code with the entire solution
- No outside libraries are allowed. 
- Builtins are allowed.
- If the task specifies a function name to be used, follow it strictly (be case sensitive!) and declare the that function last (helper functions are declared first).
- DO NOT write any assert statements / tests.

## Problem
[BEGIN PROBLEM]
Alice has a hand of cards, given as an array of integers.
Now she wants to rearrange the cards into groups so that each group is size W, and consists of W consecutive cards.
Return true if and only if she can.
 


Example 1:
Input: hand = [1,2,3,6,2,3,4,7,8], W = 3
Output: true
Explanation: Alice's hand can be rearranged as [1,2,3],[2,3,4],[6,7,8].
Example 2:
Input: hand = [1,2,3,4,5], W = 4
Output: false
Explanation: Alice's hand can't be rearranged into groups of 4.

 
Constraints:

1 <= hand.length <= 10000
0 <= hand[i] <= 10^9
1 <= W <= hand.length

Note: This question is the same as 1296: https://leetcode.com/problems/divide-array-in-sets-of-k-consecutive-numbers/

The output code needs to use the provided function signature

The final python function should begin with: 
```python

class Solution:
    def isNStraightHand(self, hand: List[int], W: int) -> bool:
        
```

[END PROBLEM]

INFO - [Task id] 1669 [prompt] 
## Instructions

Reason through the problem and:
1. Restate the problem in plain English
2. Conceptualize a solution first in plain English
3. Write a pseudocode solution
4. Output the final Python 3 solution with your solution steps in comments.

Make sure to wrap your code in '```python' and '```' Markdown delimiters, 
and include exactly one block of code with the entire solution.

No outside libraries are allowed.
Builtins are allowed.

INFO - [Task id] 1669 [prompt] 1. **Restate the problem in plain English:**
   Alice has a collection of cards represented as an array of integers. She wants to rearrange these cards into groups of size `W`, where each group consists of `W` consecutive integers. The task is to determine if it is possible to rearrange the cards in such a way.

2. **Conceptualize a solution first in plain English:**
   To solve this problem, we can follow these steps:
   - First, check if the total number of cards is divisible by `W`. If not, it's impossible to form groups of size `W`.
   - Next, sort the array of cards. This will help in easily forming groups of consecutive integers.
   - Then, iterate through the sorted array and try to form groups of `W` consecutive integers. For each group, check if the next `W` integers can be formed from the current integer. If we can form all groups successfully, return true; otherwise, return false.

3. **Write a pseudocode solution:**
   ```
   function isNStraightHand(hand, W):
       if length of hand is not divisible by W:
           return false
       
       sort hand
       create a frequency map of hand
       
       for each card in hand:
           if card is not in frequency map:
               continue
           while frequency map has card:
               for i from 0 to W-1:
                   if card + i is not in frequency map or frequency map[card + i] is 0:
                       return false
                   decrease frequency map[card + i] by 1
       return true
   ```

4. **Output the final Python 3 solution with your solution steps in comments:**
```python
class Solution:
    def isNStraightHand(self, hand: List[int], W: int) -> bool:
        # Check if the total number of cards is divisible by W
        if len(hand) % W != 0:
            return False
        
        # Sort the hand to facilitate grouping
        hand.sort()
        
        # Create a frequency map to count occurrences of each card
        frequency = {}
        for card in hand:
            if card in frequency:
                frequency[card] += 1
            else:
                frequency[card] = 1
        
        # Try to form groups of W consecutive cards
        for card in hand:
            if card in frequency and frequency[card] > 0:
                # Start forming a group from the current card
                for i in range(W):
                    current_card = card + i
                    if current_card not in frequency or frequency[current_card] <= 0:
                        return False
                    # Decrease the count of the current card in the frequency map
                    frequency[current_card] -= 1
        
        return True  # All groups formed successfully
```
INFO - [Task id] 1669 [prompt] 
[Environment Feedback]:
    Note: Inputs/outputs here are automatically extracted/truncated so formatting may be a bit off.
    Tests passed:

     Input: [[1, 2, 2, 3, 3, 4, 6, 7, 8], 3] Output: True

    Tests failed:
    None
[/Environment Feedback]

INFO - [Task id] 1669 [prompt] 
Below is the official solution (do exercise discretion as official solutions can also have mistakes).

You will be reflecting on your attempts to solve the problem.
This will be a **standalone** document for your own future reference. (can skip formalities, be concise)

## Instructions
- Only include the most relevant insights and code snippets that could be useful in the future.
- If you did not learn much from the current experience (e.g. the problem was too easy / official solution was obvious), feel free to write less or nothing at all.
- Here are some ideas if the experience was useful:
    - If the official solution is insightful (e.g. better than yours in time and space complexity or more effective in breaking down the problem statement), distil the key approach of the official solution, step by step.
    - If your approach failed the test cases, reason why the official solution works but yours does not

Your reflection should be at most a few paragraphs.

## Official solution
class Solution:
    def isNStraightHand(self, hand: List[int], W: int) -> bool:
        # 1, 2, 2, 3, 3, 4, 6, 7, 8
        # 1 2 3
        #   2 3 4
        #         6 7 8
        
        # W length Q
        # how many opened
        # # of the element is current opened one
        
        q = deque()
        opened = 0
        last = 0
        counter = Counter(hand)
        for n in sorted(counter):
            count = counter[n]
            if n > last + 1 and opened > 0:
                return False
            
            if n == last + 1 and count < opened:
                return False
            
            
            q.append(count - opened)
            opened = count
            
            if len(q) == W:
                opened -= q.popleft()
            
            last = n
        return not opened

INFO - [Task id] 1669 [generation text] The official solution provides a more efficient approach to solving the problem of rearranging cards into groups of consecutive integers. Here are the key insights and steps from the official solution:

1. **Use of a Counter**: The official solution utilizes a `Counter` from the `collections` module to count the occurrences of each card in the hand. This allows for efficient tracking of how many of each card are available.

2. **Queue for Opened Groups**: A deque (double-ended queue) is used to manage the number of cards that are currently "opened" for forming groups. This helps in efficiently managing the sliding window of the last `W` cards.

3. **Iterating Through Sorted Cards**: The solution iterates through the sorted unique cards. It checks if the current card can continue a sequence or if it needs to start a new one. If there is a gap (i.e., the current card is more than one greater than the last card), it returns false if there are any opened groups.

4. **Managing Opened Groups**: The solution keeps track of how many groups are currently opened and adjusts this count as it processes each card. If the number of opened groups exceeds the available cards of the current type, it returns false.

5. **Final Check**: At the end of the iteration, if there are any opened groups left that haven't been closed, it returns false. Otherwise, it returns true.

The official solution is more efficient in terms of time complexity because it avoids nested loops and directly manages the counts of cards, leading to a more streamlined approach. My initial solution, while correct, could be improved by adopting a similar strategy of using a counter and managing the opened groups more effectively. This would reduce the complexity and improve performance, especially for larger inputs.
INFO - Updated entry: In this task, I was required to determine if a hand of cards could be rearranged into groups of consecutive integers of a specified size `W`. The core concepts involved checking divisibility of the total number of cards by `W`, sorting the cards, and using a frequency map to track occurrences of ...,

INFO - Metadata: {
    "task_id": 1669
}

INFO - Updated entry: The official solution provides a more efficient approach to solving the problem of rearranging cards into groups of consecutive integers. Here are the key insights and steps from the official solution:

1. **Use of a Counter**: The official solution utilizes a `Counter` from the `collections` mod...,

INFO - Metadata: {
    "task_id": 1669
}

INFO - LM call n parse attempt 1 / 3

INFO - [Task id] 1669 [prompt] 
You are a helpful assistant that writes a description of the given function written in the Python programming language.

1) Do not mention the function name.
2) Do not mention anything about helper functions.
3) There might be some helper functions before the main function, but you only need to describe the main function.
4) Try to summarize the function in no more than 6 sentences.
5) Your response should be a single line of text.

INFO - [Task id] 1669 [prompt] 
class Solution:
    def isNStraightHand(self, hand: List[int], W: int) -> bool:
        # Check if the total number of cards is divisible by W
        if len(hand) % W != 0:
            return False
        
        # Sort the hand to facilitate grouping
        hand.sort()
        
        # Create a frequency map to count occurrences of each card
        frequency = {}
        for card in hand:
            if card in frequency:
                frequency[card] += 1
            else:
                frequency[card] = 1
        
        # Try to form groups of W consecutive cards
        for card in hand:
            if card in frequency and frequency[card] > 0:
                # Start forming a group from the current card
                for i in range(W):
                    current_card = card + i
                    if current_card not in frequency or frequency[current_card] <= 0:
                        return False
                    # Decrease the count of the current card in the frequency map
                    frequency[current_card] -= 1
        
        return True  # All groups formed successfully

INFO - [Task id] 1669 [generation text] The function checks if a given hand of cards can be rearranged into groups of consecutive cards, each of size W. It first verifies that the total number of cards is divisible by W; if not, it returns False. The hand is then sorted, and a frequency map is created to count the occurrences of each card. The function attempts to form groups of W consecutive cards starting from the lowest card in the hand. If it encounters a card that cannot be matched with the required consecutive cards, it returns False. If all groups are successfully formed, it returns True.
INFO - LM call n parse attempt 1 / 3

INFO - [Task id] 1669 [prompt] 
You are a helpful assistant that extracts important information from problems and solutions to aid in searchability and education.

## Instructions
- Read through the problem and solution carefully.
- Reason out, step by step, in what scenarios this knowledge would be useful.
- Focus on general patterns and situations to help connect this knowledge to new situations.
- Then, include a list of keywords that are useful for searching this problem/solution pair.

## Response format
Respond in JSON, and follow the keys and expected format of the values strictly.

The output should be formatted as a JSON instance that conforms to the JSON schema below.

As an example, for the schema {"properties": {"foo": {"title": "Foo", "description": "a list of strings", "type": "array", "items": {"type": "string"}}}, "required": ["foo"]}
the object {"foo": ["bar", "baz"]} is a well-formatted instance of the schema. The object {"properties": {"foo": ["bar", "baz"]}} is not well-formatted.

Here is the output schema:
```
{"properties": {"scenarios": {"description": "In what scenarios will this knowledge be useful? Answer in a paragraph.", "title": "Scenarios", "type": "string"}, "keywords": {"description": "List of keywords that are useful for searching this problem/solution pair", "items": {"type": "string"}, "title": "Keywords", "type": "array"}}, "required": ["scenarios", "keywords"]}
```

INFO - [Task id] 1669 [prompt] 
[Problem]
    Alice has a hand of cards, given as an array of integers.
    Now she wants to rearrange the cards into groups so that each group is size W, and consists of W consecutive cards.
    Return true if and only if she can.
 


    Example 1:
    Input: hand = [1,2,3,6,2,3,4,7,8], W = 3
    Output: true
    Explanation: Alice's hand can be rearranged as [1,2,3],[2,3,4],[6,7,8].
    Example 2:
    Input: hand = [1,2,3,4,5], W = 4
    Output: false
    Explanation: Alice's hand can't be rearranged into groups of 4.

 
    Constraints:

    1 <= hand.length <= 10000
    0 <= hand[i] <= 10^9
    1 <= W <= hand.length

    Note: This question is the same as 1296: https://leetcode.com/problems/divide-array-in-sets-of-k-consecutive-numbers/
[/Problem]

[Solution]

    class Solution:
        def isNStraightHand(self, hand: List[int], W: int) -> bool:
            # Check if the total number of cards is divisible by W
            if len(hand) % W != 0:
                return False
        
            # Sort the hand to facilitate grouping
            hand.sort()
        
            # Create a frequency map to count occurrences of each card
            frequency = {}
            for card in hand:
                if card in frequency:
                    frequency[card] += 1
                else:
                    frequency[card] = 1
        
            # Try to form groups of W consecutive cards
            for card in hand:
                if card in frequency and frequency[card] > 0:
                    # Start forming a group from the current card
                    for i in range(W):
                        current_card = card + i
                        if current_card not in frequency or frequency[current_card] <= 0:
                            return False
                        # Decrease the count of the current card in the frequency map
                        frequency[current_card] -= 1
        
            return True  # All groups formed successfully

[/Solution]

INFO - [Task id] 1669 [generation text] 
INFO - {
    "scenarios": "This knowledge is useful in scenarios where you need to group items into consecutive sequences, such as in card games, scheduling tasks, or organizing data into manageable chunks. It can also be applied in algorithm design for problems involving partitioning or grouping elements based on specific criteria, especially when dealing with constraints on the size and order of groups.",
    "keywords": [
        "card grouping",
        "consecutive numbers",
        "array partitioning",
        "algorithm",
        "combinatorial problems",
        "frequency map",
        "sorting",
        "grouping elements"
    ]
}
INFO - {
    "scenarios": "This knowledge is useful in scenarios where you need to group items into consecutive sequences, such as in card games, scheduling tasks, or organizing data into manageable chunks. It can also be applied in algorithm design for problems involving partitioning or grouping elements based on specific criteria, especially when dealing with constraints on the size and order of groups.",
    "keywords": [
        "card grouping",
        "consecutive numbers",
        "array partitioning",
        "algorithm",
        "combinatorial problems",
        "frequency map",
        "sorting",
        "grouping elements"
    ]
}
INFO - Updated entry: 
[description]
The function checks if a given hand of cards can be rearranged into groups of consecutive cards, each of size W. It first verifies that the total number of cards is divisible by W; if not, it returns False. The hand is then sorted, and a frequency map is created to count the occurr...,

INFO - Metadata: {
    "task": 1669,
    "code": "\nclass Solution:\n    def isNStraightHand(self, hand: List[int], W: int) -> bool:\n        # Check if the total number of cards is divisible by W\n        if len(hand) % W != 0:\n            return False\n        \n        # Sort the hand to facilitate grouping\n...

