INFO - DB skill doc count: 0

INFO - DB non_func doc count: 20

INFO - DB semantic doc count: 429

INFO - DB summaries doc count: 26

INFO - DB reflections doc count: 26

INFO - DB episodic doc count: 52

INFO - [train iter]: 26/100 

INFO - The task prompt is It is an interesting exercise to write a program to print out all permutations of $1, 2, …, n$. However, since there are $6227020800$ permutations of $1, 2, …, 13$, it is unlikely that we would ever run this program on an input of size more than $10$.
However, here is another interesting problem ...

INFO - Attempting task_id 1304
INFO - LM call n parse attempt 1 / 3

INFO - [Task id] 1304 [prompt] 
You are an expert programmer tasked with solving the problem below.

Follow the user's instructions to solve the problem.
The user can ask for analysis, code, or both.

## Instructions
When asked to output code,
- Make sure to wrap your code in '```python' and '```' Markdown delimiters, 
- include exactly one block of code with the entire solution
- No outside libraries are allowed. 
- Builtins are allowed.
- If the task specifies a function name to be used, follow it strictly (be case sensitive!) and declare the that function last (helper functions are declared first).
- DO NOT write any assert statements / tests.

## Problem
[BEGIN PROBLEM]
It is an interesting exercise to write a program to print out all permutations of $1, 2, …, n$. However, since there are $6227020800$ permutations of $1, 2, …, 13$, it is unlikely that we would ever run this program on an input of size more than $10$.
However, here is another interesting problem whose solution can also be used to generate permutations. We can order the permutations of $1, 2, …, n$ under the lexicographic (or dictionary) order. Here are the permutations of $1,2,3$ in lexicographic order:
123132213231312321123132213231312321 1 \, 2 \, 3 \quad    1 \, 3 \, 2 \quad     2 \, 1 \, 3 \quad     2 \, 3 \, 1 \quad     3 \, 1 \, 2 \quad     3 \, 2 \, 1 
The problem we have is the following: given a permutation of $1,2, …, n$, generate the next permutation in lexicographic order. For example, for $2 3 1 4$ the answer is $2 3 4 1$.

-----Input:-----
The first line of the input contains two integers, $N$ and $K$. This is followed by $K$ lines, each of which contains one permutation of $1, 2,…,N$.

-----Output:-----
The output should consist of $K$ lines. Line $i$ should contain the lexicographically next permutation correponding to the permutation on line $i+1$ in the input.

-----Constraints:-----
- $1 \leq N \leq 1000$.
- $1 \leq K \leq 10$.

-----Sample input-----
3 2
3 1 2
2 3 1

-----Sample output-----
3 2 1
3 1 2

The output code needs to read from and write to standard IO


[END PROBLEM]

INFO - [Task id] 1304 [prompt] 
## Instructions

Reason through the problem and:
1. Restate the problem in plain English
2. Conceptualize a solution first in plain English
3. Write a pseudocode solution
4. Output the final Python 3 solution with your solution steps in comments.

Make sure to wrap your code in '```python' and '```' Markdown delimiters, 
and include exactly one block of code with the entire solution.

No outside libraries are allowed.
Builtins are allowed.

INFO - [Task id] 1304 [generation text] 1. **Restate the problem in plain English:**
   The task is to find the next permutation in lexicographic order for a given list of permutations of numbers from 1 to N. We will be provided with multiple permutations, and for each one, we need to compute and print the next permutation.

2. **Conceptualize a solution first in plain English:**
   To find the next permutation, we can follow these steps:
   - Identify the longest suffix that is in descending order. This means we need to find the rightmost pair of elements where the first element is less than the second.
   - If such a pair is found, we will swap the first element of this pair with the smallest element in the suffix that is larger than it.
   - Finally, we reverse the suffix to get the next permutation in lexicographic order.

3. **Write a pseudocode solution:**
   ```
   function next_permutation(arr):
       find the largest index i such that arr[i] < arr[i + 1]
       if no such index exists, reverse arr and return
       find the largest index j greater than i such that arr[i] < arr[j]
       swap arr[i] and arr[j]
       reverse the sequence from arr[i + 1] to the end of arr

   read N and K
   for each permutation:
       call next_permutation on the permutation
       print the result
   ```

4. **Output the final Python 3 solution with your solution steps in comments:**
```python
def next_permutation(arr):
    # Step 1: Find the largest index i such that arr[i] < arr[i + 1]
    i = len(arr) - 2
    while i >= 0 and arr[i] >= arr[i + 1]:
        i -= 1
    
    # Step 2: If no such index exists, the permutation is the last one
    if i == -1:
        arr.reverse()  # Reverse to get the first permutation
        return arr
    
    # Step 3: Find the largest index j greater than i such that arr[i] < arr[j]
    j = len(arr) - 1
    while arr[j] <= arr[i]:
        j -= 1
    
    # Step 4: Swap arr[i] and arr[j]
    arr[i], arr[j] = arr[j], arr[i]
    
    # Step 5: Reverse the sequence from arr[i + 1] to the end of arr
    arr[i + 1:] = reversed(arr[i + 1:])
    
    return arr

# Read input
N, K = map(int, input().split())
for _ in range(K):
    permutation = list(map(int, input().split()))
    # Get the next permutation
    next_perm = next_permutation(permutation)
    # Print the result
    print(' '.join(map(str, next_perm)))
```
INFO - [35m Rollout attempt 1/4[0m
INFO - [33m Retrieving 3 entries for db: episodic 
 [0m
INFO - Retrieved (score=0.3319):

[Task]:
    For a permutation P = (p1, p2, ..., pN) of numbers [1, 2, ..., N], we define the function f(P) = max(p1, p2) + max(p2, p3) + ... + max(pN-1, pN).
    You are given N and an integer K. Find and report a permutation P of [1, 2, ..., N] such that f(P) = K, if such a permutation exists.
...


INFO - Retrieved (score=0.3426):

[Task]:
    For a permutation P = (p1, p2, ..., pN) of numbers [1, 2, ..., N], we define the function f(P) = max(p1, p2) + max(p2, p3) + ... + max(pN-1, pN).
    You are given N and an integer K. Find and report a permutation P of [1, 2, ..., N] such that f(P) = K, if such a permutation exists.
...


INFO - Retrieved (score=0.4058):

[Task]:
    You have a string S consisting of N uppercase English letters. You are allowed to perform at most one operation of following kind: Choose any position in the string, remove the character at that position and insert it back to any other place in the string.

    Find the  lexicographi...


INFO - [33m Retrieving 3 entries for db: semantic 
 [0m
INFO - Retrieved (score=0.4052):
Title: Generating all $K$-combinations
Part: 1/1
# Generating all $K$-combinations

In this article we will discuss the problem of generating all $K$-combinations.
Given the natural numbers $N$ and $K$, and considering a set of numbers from $1$ to $N$.
The task is to derive all **subsets of size ...


INFO - Retrieved (score=0.4972):
Chapter: Complete search
Section: Generating permutations
Part: 1/1
\section{Generating permutations}

\index{permutation}

Next we consider the problem of generating
all permutations of a set of $n$ elements.
For example, the permutations of $\{0,1,2\}$ are
$(0,1,2)$, $(0,2,1)$, $(1,0,2)$, $(1,2...


INFO - Retrieved (score=0.5263):
Title: 15 Puzzle Game: Existence Of The Solution
Part: 1/1
# 15 Puzzle Game: Existence Of The Solution

This game is played on a $4 \times 4$ board. On this board there are $15$ playing tiles numbered from 1 to 15. One cell is left empty (denoted by 0). You need to get the board to the position p...


INFO - [33m Retrieving 3 entries for db: reflections 
 [0m
INFO - Retrieved (score=0.3980):
### Reflection on the Problem-Solving Experience

In my attempts to solve the problem of finding a permutation \( P \) such that \( f(P) = K \), I learned several key insights about the problem's structure and the requirements for generating valid permutations.

1. **Understanding the Function \(...


INFO - Retrieved (score=0.4346):
In my attempts to solve the problem, I misunderstood the expected output format. The task required generating a pattern of alternating 1s and 0s based on the integer \( K \) for each test case. My initial approach involved generating a sequence of numbers that increased and then decreased, which ...


INFO - Retrieved (score=0.4612):
In my attempts to solve the problem of finding the lexicographically smallest string by moving one character, I encountered several issues primarily related to output formatting and the handling of input. My initial approach involved iterating through each character, removing it, and then reinser...


INFO - [33m Retrieving 3 entries for db: summaries 
 [0m
INFO - Retrieved (score=0.2599):
In solving the problem of finding a permutation \( P \) such that \( f(P) = K \), I learned several key concepts and strategies. The function \( f(P) \) is defined as the sum of the maximums of adjacent pairs in the permutation. The maximum possible value of \( f(P) \) for a descending permutatio...


INFO - Retrieved (score=0.3524):
In this task, the goal was to generate a specific numerical pattern based on an integer input \( K \) for multiple test cases. Each test case required printing \( K \) lines, where each line \( i \) consisted of numbers starting from 0 up to \( i \) and then back down to 0.

Key insights from the...


INFO - Retrieved (score=0.3778):
In this task, the goal was to determine the minimum number of moves required to sort a permutation of books numbered from 1 to N. The key insight was to leverage the concept of the longest increasing subsequence (LIS). The minimum moves needed to sort the books can be calculated as the total numb...


INFO - [33m Retrieving 3 entries for db: non_func 
 [0m
INFO - Retrieved (score=0.3771):

[description for function: find_permutation]
The function processes multiple test cases to find a permutation of numbers from 1 to N that achieves a specific value K based on a defined function f(P). It first calculates the maximum possible value of f(P) for a descending permutation and checks i...


INFO - Retrieved (score=0.4702):

[description for function: main]
The function reads an integer input representing the number of test cases and then iterates through each test case to read an integer value. For each value, it calculates the N'th number in a specific series using a predefined formula. The result of the calculati...


INFO - Retrieved (score=0.5318):

[description for function: rearrange_appetizers]
The function processes multiple test cases to rearrange a list of appetizers based on the binary representation of their indices. For each test case, it calculates the number of appetizers as a power of two and initializes an empty result list. It...


INFO - Retrieved (score=0.2599): 
[Summary]:
    In solving the problem of finding a permutation \( P \) such that \( f(P) = K \), I learned several key concepts and strategies. The function \( f(P) \) is defined as the sum of the maximums of adjacent pairs in the permutation. The maximum possible value of \( f(P) \) for a desce...
INFO - Retrieved (score=0.3319): 
[Past Memory]:

    [Task]:
        For a permutation P = (p1, p2, ..., pN) of numbers [1, 2, ..., N], we define the function f(P) = max(p1, p2) + max(p2, p3) + ... + max(pN-1, pN).
        You are given N and an integer K. Find and report a permutation P of [1, 2, ..., N] such that f(P) = K, if...
INFO - Retrieved (score=0.3426): 
[Past Memory]:

    [Task]:
        For a permutation P = (p1, p2, ..., pN) of numbers [1, 2, ..., N], we define the function f(P) = max(p1, p2) + max(p2, p3) + ... + max(pN-1, pN).
        You are given N and an integer K. Find and report a permutation P of [1, 2, ..., N] such that f(P) = K, if...
INFO - LM call n parse attempt 1 / 3

INFO - [Task id] 1304 [prompt] 
You are an expert programmer tasked with solving the problem below.

Follow the user's instructions to solve the problem.
The user can ask for analysis, code, or both.

## Instructions
When asked to output code,
- Make sure to wrap your code in '```python' and '```' Markdown delimiters, 
- include exactly one block of code with the entire solution
- No outside libraries are allowed. 
- Builtins are allowed.
- If the task specifies a function name to be used, follow it strictly (be case sensitive!) and declare the that function last (helper functions are declared first).
- DO NOT write any assert statements / tests.

## Problem
[BEGIN PROBLEM]
It is an interesting exercise to write a program to print out all permutations of $1, 2, …, n$. However, since there are $6227020800$ permutations of $1, 2, …, 13$, it is unlikely that we would ever run this program on an input of size more than $10$.
However, here is another interesting problem whose solution can also be used to generate permutations. We can order the permutations of $1, 2, …, n$ under the lexicographic (or dictionary) order. Here are the permutations of $1,2,3$ in lexicographic order:
123132213231312321123132213231312321 1 \, 2 \, 3 \quad    1 \, 3 \, 2 \quad     2 \, 1 \, 3 \quad     2 \, 3 \, 1 \quad     3 \, 1 \, 2 \quad     3 \, 2 \, 1 
The problem we have is the following: given a permutation of $1,2, …, n$, generate the next permutation in lexicographic order. For example, for $2 3 1 4$ the answer is $2 3 4 1$.

-----Input:-----
The first line of the input contains two integers, $N$ and $K$. This is followed by $K$ lines, each of which contains one permutation of $1, 2,…,N$.

-----Output:-----
The output should consist of $K$ lines. Line $i$ should contain the lexicographically next permutation correponding to the permutation on line $i+1$ in the input.

-----Constraints:-----
- $1 \leq N \leq 1000$.
- $1 \leq K \leq 10$.

-----Sample input-----
3 2
3 1 2
2 3 1

-----Sample output-----
3 2 1
3 1 2

The output code needs to read from and write to standard IO


[END PROBLEM]

INFO - [Task id] 1304 [prompt] 
## Instructions

Reason through the problem and:
1. Restate the problem in plain English
2. Conceptualize a solution first in plain English
3. Write a pseudocode solution
4. Output the final Python 3 solution with your solution steps in comments.

Make sure to wrap your code in '```python' and '```' Markdown delimiters, 
and include exactly one block of code with the entire solution.

No outside libraries are allowed.
Builtins are allowed.

INFO - [Task id] 1304 [prompt] 
Also, here are some of your memories.
Feel free to use the given information to aid your problem solving process if necessary.
Do not confuse the memories with the problem statement.

## Memories

[Summary]:
    In solving the problem of finding a permutation \( P \) such that \( f(P) = K \), I learned several key concepts and strategies. The function \( f(P) \) is defined as the sum of the maximums of adjacent pairs in the permutation. The maximum possible value of \( f(P) \) for a descending permutation is \( N \times (N - 1) \). This insight was crucial for determining the feasibility of achieving a given \( K \).

    Initially, my approach to calculating the maximum value and adjusting the permutation was flawed. I incorrectly calculated the maximum possible value and did not implement a clear strategy for adjusting the permutation to reach \( K \). The adjustment logic involved swapping adjacent elements, but it lacked a systematic approach to ensure that the desired \( K \) could be achieved.

    After revising the code, I implemented a more structured approach: I calculated the maximum value correctly, checked if \( K \) was feasible, and then constructed a descending permutation. I iteratively adjusted the permutation by swapping elements while recalculating \( f(P) \) until it matched \( K \) or determined it was impossible.

    The final working code is as follows:

    ```python
    def find_permutation(T):
        for _ in range(T):
            N, K = map(int, input().split())
            max_value = N * (N - 1)
        
            if K > max_value:
                print(-1)
                continue
        
            permutation = list(range(N, 0, -1))
            current_f = sum(max(permutation[i], permutation[i + 1]) for i in range(N - 1))
        
            for i in range(N - 1):
                if current_f > K:
                    if permutation[i] > permutation[i + 1]:
                        permutation[i], permutation[i + 1] = permutation[i + 1], permutation[i]
                        current_f = sum(max(permutation[j], permutation[j + 1]) for j in range(N - 1))
            
                if current_f == K:
                    break
        
            if current_f == K:
                print(" ".join(map(str, permutation)))
            else:
                print(-1)

    T = int(input())
    find_permutation(T)
    ```

    This experience reinforced the importance of clearly understanding the problem constraints and systematically approaching adjustments in permutations.
[/Summary]


[Past Memory]:

    [Task]:
        For a permutation P = (p1, p2, ..., pN) of numbers [1, 2, ..., N], we define the function f(P) = max(p1, p2) + max(p2, p3) + ... + max(pN-1, pN).
        You are given N and an integer K. Find and report a permutation P of [1, 2, ..., N] such that f(P) = K, if such a permutation exists.
        Note f([1]) = 0.

        -----Input-----
        - The first line of the input contains an integer T denoting the number of test cases. The description of T test cases follows.
        - The only line of each test case consists of two space-separated integers N, K respectively.

        -----Output-----
        For each test case, if a permutation satisfying the condition exists, output a single line containing N space-separated integers which denotes any such permutation. If no such permutation exists, output a single integer -1 instead.
        Use fast I/O methods since the size of the output is large.

        -----Constraints-----
        - 1 ≤ T ≤ 40
        - 1 ≤ N ≤ 105
        - Sum of N over all test cases in each file ≤ 106
        - 0 ≤ K ≤ 2 * 1010

        -----Example-----
        Input:
        3
        4 12
        2 2
        5 14

        Output:
        -1
        1 2
        5 4 3 2 1

        -----Explanation-----
        Example 1. There doesn't exist any permutation of numbers [1, 2, 3, 4] that can have its f value equal to 4. Hence answer is -1.
        Example 2. The permutations [1, 2] and [2, 1] both have their f values equal to 2. You can print any of these two permutations. 
        Example 3. The permutation [5, 4, 3, 2, 1]
        has f value = max(5, 4) + max(4, 3) + max(3, 2) + max(2, 1) = 5 + 4 + 3 + 2 = 14.
    [/Task]

    [Previous Critique]:
        Let's analyze the problem and the previous solution step-by-step to identify the issues.

        ### Step 1: Understanding the Problem
        The goal is to find a permutation \( P \) of numbers from 1 to \( N \) such that the function \( f(P) \) equals \( K \). The function \( f(P) \) is defined as the sum of the maximums of adjacent pairs in the permutation.

        ### Step 2: Analyzing the Previous Code
        1. **Maximum Calculation**: The maximum possible value of \( f(P) \) was calculated incorrectly. The correct maximum value for \( f(P) \) for a descending permutation is \( N \times (N - 1) \) because each adjacent pair contributes the maximum of the two numbers, which in a descending order is always the first number.
  
        2. **Adjustment Logic**: The logic to adjust the permutation to achieve \( f(P) = K \) was flawed. The code attempted to swap adjacent elements without a clear strategy to reach the desired \( K \). 

        3. **Output**: The output was not correctly generating valid permutations for cases where \( K \) was achievable.

        ### Step 3: Correcting the Approach
        1. **Calculate Maximum \( f(P) \)**: The maximum value of \( f(P) \) for a descending permutation should be calculated as \( N \times (N - 1) \).

        2. **Feasibility Check**: If \( K \) is greater than this maximum, output -1.

        3. **Constructing the Permutation**: Start with a descending permutation and adjust it to reach \( K \) by strategically swapping elements.

        4. **Output the Result**: Ensure the output is formatted correctly.

        ### Revised Code
        Here’s the corrected version of the code that implements the above logic:

        ```python
        def find_permutation(T):
            for _ in range(T):
                # Read N and K for each test case
                N, K = map(int, input().split())
        
                # Calculate the maximum possible value of f(P)
                max_value = N * (N - 1)  # This is the maximum f(P) for a descending permutation
        
                # If K is greater than the maximum possible value, output -1
                if K > max_value:
                    print(-1)
                    continue
        
                # Create a descending permutation from N to 1
                permutation = list(range(N, 0, -1))
        
                # Calculate the current value of f(P)
                current_f = sum(max(permutation[i], permutation[i + 1]) for i in range(N - 1))
        
                # Adjust the permutation to achieve f(P) = K
                for i in range(N - 1):
                    if current_f > K:
                        # We can swap elements to reduce the max values
                        # Swap the current element with the next one if it helps
                        if permutation[i] > permutation[i + 1]:
                            permutation[i], permutation[i + 1] = permutation[i + 1], permutation[i]
                            current_f = sum(max(permutation[j], permutation[j + 1]) for j in range(N - 1))
            
                    if current_f == K:
                        break
        
                # If we reach the desired K, print the resulting permutation
                if current_f == K:
                    print(" ".join(map(str, permutation)))
                else:
                    print(-1)

        # Read number of test cases
        T = int(input())
        find_permutation(T)
        ```

        ### Key Changes Made:
        - Correctly calculated the maximum possible value of \( f(P) \).
        - Adjusted the logic to ensure that we can reach \( K \) by considering the structure of the permutation.
        - Ensured that the output is correctly formatted and valid permutations are generated.

        This revised code should now correctly handle the test cases provided.
    [/Previous Critique]

    [Thought Process and Code]:
        Based on the insights gained from the previous attempts and the understanding of the problem, here is the corrected solution for finding a permutation \( P \) such that \( f(P) = K \).

        ### Key Points to Address:
        1. **Maximum Calculation**: The maximum value of \( f(P) \) for a descending permutation is \( N \times (N - 1) \).
        2. **Feasibility Check**: If \( K \) is greater than this maximum, output -1.
        3. **Constructing the Permutation**: Start with a descending permutation and adjust it to reach \( K \) by strategically swapping elements.

        ### Final Python Code
        Here’s the corrected code that implements the above logic:

        ```python
        def find_permutation(T):
            for _ in range(T):
                # Read N and K for each test case
                N, K = map(int, input().split())
        
                # Calculate the maximum possible value of f(P)
                max_value = N * (N - 1)  # This is the maximum f(P) for a descending permutation
        
                # If K is greater than the maximum possible value, output -1
                if K > max_value:
                    print(-1)
                    continue
        
                # Create a descending permutation from N to 1
                permutation = list(range(N, 0, -1))
        
                # Calculate the current value of f(P)
                current_f = sum(max(permutation[i], permutation[i + 1]) for i in range(N - 1))
        
                # Adjust the permutation to achieve f(P) = K
                for i in range(N - 1):
                    if current_f > K:
                        # We can swap elements to reduce the max values
                        # Swap the current element with the next one if it helps
                        if permutation[i] > permutation[i + 1]:
                            permutation[i], permutation[i + 1] = permutation[i + 1], permutation[i]
                            current_f = sum(max(permutation[j], permutation[j + 1]) for j in range(N - 1))
            
                    if current_f == K:
                        break
        
                # If we reach the desired K, print the resulting permutation
                if current_f == K:
                    print(" ".join(map(str, permutation)))
                else:
                    print(-1)

        # Read number of test cases
        T = int(input())
        find_permutation(T)
        ```

        ### Explanation of the Code:
        1. **Input Handling**: The code reads the number of test cases and for each test case, it reads \( N \) and \( K \).
        2. **Maximum Calculation**: It calculates the maximum possible value of \( f(P) \) for a descending permutation.
        3. **Feasibility Check**: If \( K \) is greater than the maximum possible value, it prints -1.
        4. **Permutation Creation**: It initializes a descending permutation from \( N \) to 1.
        5. **Current \( f(P) \) Calculation**: It calculates the current value of \( f(P) \) based on the permutation.
        6. **Adjustment Loop**: It attempts to adjust the permutation to match \( K \) by swapping adjacent elements if it helps reduce the current \( f(P) \).
        7. **Output**: Finally, it prints the resulting permutation if \( f(P) \) matches \( K \), otherwise it prints -1.

        This code should now correctly handle the test cases provided and produce the expected results.
    [/Thought Process and Code]

    [Environment Feedback]:
        Note: Inputs/outputs here are automatically extracted/truncated so formatting may be a bit off.
        Tests passed:

         Input: ['3', '4 12', '2 2', '5 14'] Output: [{'-1'}, {'2', '1'}, {'1', '5', '4', '2', '3'}]

        Tests failed:
        None
    [/Environment Feedback]

    [Result]:
        Success
    [/Result]

[/Past Memory]


[Past Memory]:

    [Task]:
        For a permutation P = (p1, p2, ..., pN) of numbers [1, 2, ..., N], we define the function f(P) = max(p1, p2) + max(p2, p3) + ... + max(pN-1, pN).
        You are given N and an integer K. Find and report a permutation P of [1, 2, ..., N] such that f(P) = K, if such a permutation exists.
        Note f([1]) = 0.

        -----Input-----
        - The first line of the input contains an integer T denoting the number of test cases. The description of T test cases follows.
        - The only line of each test case consists of two space-separated integers N, K respectively.

        -----Output-----
        For each test case, if a permutation satisfying the condition exists, output a single line containing N space-separated integers which denotes any such permutation. If no such permutation exists, output a single integer -1 instead.
        Use fast I/O methods since the size of the output is large.

        -----Constraints-----
        - 1 ≤ T ≤ 40
        - 1 ≤ N ≤ 105
        - Sum of N over all test cases in each file ≤ 106
        - 0 ≤ K ≤ 2 * 1010

        -----Example-----
        Input:
        3
        4 12
        2 2
        5 14

        Output:
        -1
        1 2
        5 4 3 2 1

        -----Explanation-----
        Example 1. There doesn't exist any permutation of numbers [1, 2, 3, 4] that can have its f value equal to 4. Hence answer is -1.
        Example 2. The permutations [1, 2] and [2, 1] both have their f values equal to 2. You can print any of these two permutations. 
        Example 3. The permutation [5, 4, 3, 2, 1]
        has f value = max(5, 4) + max(4, 3) + max(3, 2) + max(2, 1) = 5 + 4 + 3 + 2 = 14.
    [/Task]

    [Previous Critique]:
        None
    [/Previous Critique]

    [Thought Process and Code]:
        It seems there was a syntax error in the code provided. Let's correct that and ensure the logic is implemented properly. The goal is to create a permutation that satisfies the condition for the function f(P) = K. 

        Here’s the corrected version of the code:

        ```python
        def find_permutation(T):
            for _ in range(T):
                # Read N and K for each test case
                N, K = map(int, input().split())
        
                # Calculate the maximum possible value of f(P)
                max_value = (N * (N + 1)) // 2 - N  # This is the sum of the first N-1 numbers
        
                # If K is greater than the maximum possible value, output -1
                if K > max_value:
                    print(-1)
                    continue
        
                # Create a descending permutation from N to 1
                permutation = list(range(N, 0, -1))
        
                # Calculate the current value of f(P)
                current_f = sum(max(permutation[i], permutation[i + 1]) for i in range(N - 1))
        
                # Adjust the permutation to achieve f(P) = K
                for i in range(N - 1):
                    if current_f > K:
                        # We can swap elements to reduce the max values
                        # Swap the current element with the next one if it helps
                        if permutation[i] > permutation[i + 1]:
                            permutation[i], permutation[i + 1] = permutation[i + 1], permutation[i]
                            current_f = sum(max(permutation[j], permutation[j + 1]) for j in range(N - 1))
            
                    if current_f == K:
                        break
        
                # Print the resulting permutation
                print(" ".join(map(str, permutation)))

        # Read number of test cases
        T = int(input())
        find_permutation(T)
        ```

        ### Explanation of the Code:
        1. **Input Handling**: The code reads the number of test cases and for each test case, it reads N and K.
        2. **Maximum Calculation**: It calculates the maximum possible value of f(P) for a descending permutation.
        3. **Check Feasibility**: If K is greater than the maximum possible value, it prints -1.
        4. **Permutation Creation**: It initializes a descending permutation from N to 1.
        5. **Current f(P) Calculation**: It calculates the current value of f(P) based on the permutation.
        6. **Adjustment Loop**: It attempts to adjust the permutation to match K by swapping adjacent elements if it helps reduce the current f(P).
        7. **Output**: Finally, it prints the resulting permutation.

        This code should now run without syntax errors and fulfill the problem requirements.
    [/Thought Process and Code]

    [Environment Feedback]:
        Note: Inputs/outputs here are automatically extracted/truncated so formatting may be a bit off.
        Tests passed:

        None

        Tests failed:
         Input: ['3', '4 12', '2 2', '5 14'] Expected output: [{'-1'}, {'2', '1'}, {'1', '5', '4', '2', '3'}] # Execution output: ['-1', '-1', '-1']
    [/Environment Feedback]

    [Result]:
        Failure
    [/Result]

[/Past Memory]


INFO - [Task id] 1304 [generation text] 1. **Restate the Problem in Plain English**:
   The task is to find the next permutation of a given sequence of numbers from 1 to N in lexicographic order. Given a permutation, we need to determine what the next permutation would be. If the given permutation is the last one in the order, we should return the first permutation (which is sorted in ascending order).

2. **Conceptualize a Solution**:
   To find the next permutation:
   - Identify the longest suffix that is non-increasing (i.e., find the rightmost pair where the first number is less than the second).
   - If such a pair is found, swap the first number of this pair with the smallest number in the suffix that is larger than it.
   - Finally, reverse the suffix to get the next permutation in lexicographic order.
   - If no such pair exists, the permutation is the last one, and we should return the first permutation.

3. **Pseudocode Solution**:
   ```
   function next_permutation(permutation):
       n = length of permutation
       i = n - 2
       while i >= 0 and permutation[i] >= permutation[i + 1]:
           i -= 1
       if i < 0:
           return sorted(permutation)  # Return the first permutation
       
       j = n - 1
       while permutation[j] <= permutation[i]:
           j -= 1
       
       swap(permutation[i], permutation[j])
       reverse(permutation[i + 1:])
       return permutation

   read N and K
   for each permutation in K:
       output next_permutation(permutation)
   ```

4. **Final Python Code**:
```python
def reverse(arr, start):
    end = len(arr) - 1
    while start < end:
        arr[start], arr[end] = arr[end], arr[start]
        start += 1
        end -= 1

def next_permutation(permutation):
    n = len(permutation)
    i = n - 2
    while i >= 0 and permutation[i] >= permutation[i + 1]:
        i -= 1
    if i < 0:
        return sorted(permutation)  # Return the first permutation
    
    j = n - 1
    while permutation[j] <= permutation[i]:
        j -= 1
    
    permutation[i], permutation[j] = permutation[j], permutation[i]
    reverse(permutation, i + 1)
    return permutation

# Read input
N, K = map(int, input().split())
for _ in range(K):
    permutation = list(map(int, input().split()))
    result = next_permutation(permutation)
    print(" ".join(map(str, result)))
``` 

This code reads the number of permutations and their values, processes each permutation to find the next one in lexicographic order, and prints the results.
INFO - program_code:
 
def reverse(arr, start):
    end = len(arr) - 1
    while start < end:
        arr[start], arr[end] = arr[end], arr[start]
        start += 1
        end -= 1

def next_permutation(permutation):
    n = len(permutation)
    i = n - 2
    while i >= 0 and permutation[i] >= permutation[i + 1]:
        i -= 1
    if i < 0:
        return sorted(permutation)  # Return the first permutation
    
    j = n - 1
    while permutation[j] <= permutation[i]:
        j -= 1
    
    permutation[i], permutation[j] = permutation[j], permutation[i]
    reverse(permutation, i + 1)
    return permutation

# Read input
N, K = map(int, input().split())
for _ in range(K):
    permutation = list(map(int, input().split()))
    result = next_permutation(permutation)
    print(" ".join(map(str, result)))


INFO - program_name:
 next_permutation

INFO - dependencies:
 []

INFO - raw_msg:
 1. **Restate the Problem in Plain English**:
   The task is to find the next permutation of a given sequence of numbers from 1 to N in lexicographic order. Given a permutation, we need to determine what the next permutation would be. If the given permutation is the last one in the order, we should return the first permutation (which is sorted in ascending order).

2. **Conceptualize a Solution**:
   To find the next permutation:
   - Identify the longest suffix that is non-increasing (i.e., find the rightmost pair where the first number is less than the second).
   - If such a pair is found, swap the first number of this pair with the smallest number in the suffix that is larger than it.
   - Finally, reverse the suffix to get the next permutation in lexicographic order.
   - If no such pair exists, the permutation is the last one, and we should return the first permutation.

3. **Pseudocode Solution**:
   ```
   function next_permutation(permutation):
       n = length of permutation
       i = n - 2
       while i >= 0 and permutation[i] >= permutation[i + 1]:
           i -= 1
       if i < 0:
           return sorted(permutation)  # Return the first permutation
       
       j = n - 1
       while permutation[j] <= permutation[i]:
           j -= 1
       
       swap(permutation[i], permutation[j])
       reverse(permutation[i + 1:])
       return permutation

   read N and K
   for each permutation in K:
       output next_permutation(permutation)
   ```

4. **Final Python Code**:
```python
def reverse(arr, start):
    end = len(arr) - 1
    while start < end:
        arr[start], arr[end] = arr[end], arr[start]
        start += 1
        end -= 1

def next_permutation(permutation):
    n = len(permutation)
    i = n - 2
    while i >= 0 and permutation[i] >= permutation[i + 1]:
        i -= 1
    if i < 0:
        return sorted(permutation)  # Return the first permutation
    
    j = n - 1
    while permutation[j] <= permutation[i]:
        j -= 1
    
    permutation[i], permutation[j] = permutation[j], permutation[i]
    reverse(permutation, i + 1)
    return permutation

# Read input
N, K = map(int, input().split())
for _ in range(K):
    permutation = list(map(int, input().split()))
    result = next_permutation(permutation)
    print(" ".join(map(str, result)))
``` 

This code reads the number of permutations and their values, processes each permutation to find the next one in lexicographic order, and prints the results.

INFO - no_parent:
 False

INFO - full code to be executed: 
 
def reverse(arr, start):
    end = len(arr) - 1
    while start < end:
        arr[start], arr[end] = arr[end], arr[start]
        start += 1
        end -= 1

def next_permutation(permutation):
    n = len(permutation)
    i = n - 2
    while i >= 0 and permutation[i] >= permutation[i + 1]:
        i -= 1
    if i < 0:
        return sorted(permutation)  # Return the first permutation
    
    j = n - 1
    while permutation[j] <= permutation[i]:
        j -= 1
    
    permutation[i], permutation[j] = permutation[j], permutation[i]
    reverse(permutation, i + 1)
    return permutation

# Read input
N, K = map(int, input().split())
for _ in range(K):
    permutation = list(map(int, input().split()))
    result = next_permutation(permutation)
    print(" ".join(map(str, result)))


INFO - obs: Note: Inputs/outputs here are automatically extracted/truncated so formatting may be a bit off.
Tests passed:

 Input: ['3 2', '3 1 2', '2 3 1', ''] Output: 3 2 1
3 1 2 

Tests failed:
None
reward: True
done: None
info: {'individual_results': [True]}
INFO - Updated entry: 
[Task]:
    It is an interesting exercise to write a program to print out all permutations of $1, 2, …, n$. However, since there are $6227020800$ permutations of $1, 2, …, 13$, it is unlikely that we would ever run this program on an input of size more than $10$.
    However, here is another int...,

INFO - Metadata: {
    "raw_msg": "1. **Restate the Problem in Plain English**:\n   The task is to find the next permutation of a given sequence of numbers from 1 to N in lexicographic order. Given a permutation, we need to determine what the next permutation would be. If the given permutation is the last one in ...

INFO - LM call n parse attempt 1 / 3

INFO - [Task id] 1304 [prompt] 
You are an expert programmer tasked with solving the problem below.

Follow the user's instructions to solve the problem.
The user can ask for analysis, code, or both.

## Instructions
When asked to output code,
- Make sure to wrap your code in '```python' and '```' Markdown delimiters, 
- include exactly one block of code with the entire solution
- No outside libraries are allowed. 
- Builtins are allowed.
- If the task specifies a function name to be used, follow it strictly (be case sensitive!) and declare the that function last (helper functions are declared first).
- DO NOT write any assert statements / tests.

## Problem
[BEGIN PROBLEM]
It is an interesting exercise to write a program to print out all permutations of $1, 2, …, n$. However, since there are $6227020800$ permutations of $1, 2, …, 13$, it is unlikely that we would ever run this program on an input of size more than $10$.
However, here is another interesting problem whose solution can also be used to generate permutations. We can order the permutations of $1, 2, …, n$ under the lexicographic (or dictionary) order. Here are the permutations of $1,2,3$ in lexicographic order:
123132213231312321123132213231312321 1 \, 2 \, 3 \quad    1 \, 3 \, 2 \quad     2 \, 1 \, 3 \quad     2 \, 3 \, 1 \quad     3 \, 1 \, 2 \quad     3 \, 2 \, 1 
The problem we have is the following: given a permutation of $1,2, …, n$, generate the next permutation in lexicographic order. For example, for $2 3 1 4$ the answer is $2 3 4 1$.

-----Input:-----
The first line of the input contains two integers, $N$ and $K$. This is followed by $K$ lines, each of which contains one permutation of $1, 2,…,N$.

-----Output:-----
The output should consist of $K$ lines. Line $i$ should contain the lexicographically next permutation correponding to the permutation on line $i+1$ in the input.

-----Constraints:-----
- $1 \leq N \leq 1000$.
- $1 \leq K \leq 10$.

-----Sample input-----
3 2
3 1 2
2 3 1

-----Sample output-----
3 2 1
3 1 2

The output code needs to read from and write to standard IO


[END PROBLEM]

INFO - [Task id] 1304 [prompt] 
## Instructions

Reason through the problem and:
1. Restate the problem in plain English
2. Conceptualize a solution first in plain English
3. Write a pseudocode solution
4. Output the final Python 3 solution with your solution steps in comments.

Make sure to wrap your code in '```python' and '```' Markdown delimiters, 
and include exactly one block of code with the entire solution.

No outside libraries are allowed.
Builtins are allowed.

INFO - [Task id] 1304 [prompt] 1. **Restate the Problem in Plain English**:
   The task is to find the next permutation of a given sequence of numbers from 1 to N in lexicographic order. Given a permutation, we need to determine what the next permutation would be. If the given permutation is the last one in the order, we should return the first permutation (which is sorted in ascending order).

2. **Conceptualize a Solution**:
   To find the next permutation:
   - Identify the longest suffix that is non-increasing (i.e., find the rightmost pair where the first number is less than the second).
   - If such a pair is found, swap the first number of this pair with the smallest number in the suffix that is larger than it.
   - Finally, reverse the suffix to get the next permutation in lexicographic order.
   - If no such pair exists, the permutation is the last one, and we should return the first permutation.

3. **Pseudocode Solution**:
   ```
   function next_permutation(permutation):
       n = length of permutation
       i = n - 2
       while i >= 0 and permutation[i] >= permutation[i + 1]:
           i -= 1
       if i < 0:
           return sorted(permutation)  # Return the first permutation
       
       j = n - 1
       while permutation[j] <= permutation[i]:
           j -= 1
       
       swap(permutation[i], permutation[j])
       reverse(permutation[i + 1:])
       return permutation

   read N and K
   for each permutation in K:
       output next_permutation(permutation)
   ```

4. **Final Python Code**:
```python
def reverse(arr, start):
    end = len(arr) - 1
    while start < end:
        arr[start], arr[end] = arr[end], arr[start]
        start += 1
        end -= 1

def next_permutation(permutation):
    n = len(permutation)
    i = n - 2
    while i >= 0 and permutation[i] >= permutation[i + 1]:
        i -= 1
    if i < 0:
        return sorted(permutation)  # Return the first permutation
    
    j = n - 1
    while permutation[j] <= permutation[i]:
        j -= 1
    
    permutation[i], permutation[j] = permutation[j], permutation[i]
    reverse(permutation, i + 1)
    return permutation

# Read input
N, K = map(int, input().split())
for _ in range(K):
    permutation = list(map(int, input().split()))
    result = next_permutation(permutation)
    print(" ".join(map(str, result)))
``` 

This code reads the number of permutations and their values, processes each permutation to find the next one in lexicographic order, and prints the results.
INFO - [Task id] 1304 [prompt] 
[Environment Feedback]:
    Note: Inputs/outputs here are automatically extracted/truncated so formatting may be a bit off.
    Tests passed:

     Input: ['3 2', '3 1 2', '2 3 1', ''] Output: 3 2 1
    3 1 2 

    Tests failed:
    None
[/Environment Feedback]

INFO - [Task id] 1304 [prompt] 
## Instructions
Now, summarize your attempts as a **standalone** document for your own future reference. (can skip formalities, be concise)

- Only include the most relevant information and code snippets that could be useful in the future.
- If you did not learn much from the current experience (e.g. the problem was too easy), feel free to write less or nothing at all.
- Here are some ideas if the experience was useful:
    - Identifying the core concepts and patterns that problem appears to test for
    - Describing the strategies that seemed to work but did not, and vice versa
    - Describing unexpected errors and how they were fixed

Your summary should be at most a few paragraphs.

INFO - [Task id] 1304 [generation text] The task involved generating the next permutation of a sequence of numbers in lexicographic order. The core concept tested was understanding how to manipulate permutations efficiently, particularly identifying the rightmost ascent in the sequence and performing swaps and reversals to achieve the next permutation.

The solution strategy involved:
1. Finding the longest non-increasing suffix of the permutation.
2. Identifying the pivot element just before this suffix.
3. Swapping this pivot with the smallest element in the suffix that is larger than it.
4. Reversing the suffix to get the next permutation.

The implementation was straightforward and successfully handled the input and output requirements. The code utilized a helper function for reversing the suffix, which kept the main function clean and focused on the permutation logic.

The final code snippet is as follows:

```python
def reverse(arr, start):
    end = len(arr) - 1
    while start < end:
        arr[start], arr[end] = arr[end], arr[start]
        start += 1
        end -= 1

def next_permutation(permutation):
    n = len(permutation)
    i = n - 2
    while i >= 0 and permutation[i] >= permutation[i + 1]:
        i -= 1
    if i < 0:
        return sorted(permutation)  # Return the first permutation
    
    j = n - 1
    while permutation[j] <= permutation[i]:
        j -= 1
    
    permutation[i], permutation[j] = permutation[j], permutation[i]
    reverse(permutation, i + 1)
    return permutation

# Read input
N, K = map(int, input().split())
for _ in range(K):
    permutation = list(map(int, input().split()))
    result = next_permutation(permutation)
    print(" ".join(map(str, result)))
```

This experience reinforced the importance of understanding permutation generation algorithms and their applications in combinatorial problems.
INFO - LM call n parse attempt 1 / 3

INFO - [Task id] 1304 [prompt] 
You are an expert programmer tasked with solving the problem below.

Follow the user's instructions to solve the problem.
The user can ask for analysis, code, or both.

## Instructions
When asked to output code,
- Make sure to wrap your code in '```python' and '```' Markdown delimiters, 
- include exactly one block of code with the entire solution
- No outside libraries are allowed. 
- Builtins are allowed.
- If the task specifies a function name to be used, follow it strictly (be case sensitive!) and declare the that function last (helper functions are declared first).
- DO NOT write any assert statements / tests.

## Problem
[BEGIN PROBLEM]
It is an interesting exercise to write a program to print out all permutations of $1, 2, …, n$. However, since there are $6227020800$ permutations of $1, 2, …, 13$, it is unlikely that we would ever run this program on an input of size more than $10$.
However, here is another interesting problem whose solution can also be used to generate permutations. We can order the permutations of $1, 2, …, n$ under the lexicographic (or dictionary) order. Here are the permutations of $1,2,3$ in lexicographic order:
123132213231312321123132213231312321 1 \, 2 \, 3 \quad    1 \, 3 \, 2 \quad     2 \, 1 \, 3 \quad     2 \, 3 \, 1 \quad     3 \, 1 \, 2 \quad     3 \, 2 \, 1 
The problem we have is the following: given a permutation of $1,2, …, n$, generate the next permutation in lexicographic order. For example, for $2 3 1 4$ the answer is $2 3 4 1$.

-----Input:-----
The first line of the input contains two integers, $N$ and $K$. This is followed by $K$ lines, each of which contains one permutation of $1, 2,…,N$.

-----Output:-----
The output should consist of $K$ lines. Line $i$ should contain the lexicographically next permutation correponding to the permutation on line $i+1$ in the input.

-----Constraints:-----
- $1 \leq N \leq 1000$.
- $1 \leq K \leq 10$.

-----Sample input-----
3 2
3 1 2
2 3 1

-----Sample output-----
3 2 1
3 1 2

The output code needs to read from and write to standard IO


[END PROBLEM]

INFO - [Task id] 1304 [prompt] 
## Instructions

Reason through the problem and:
1. Restate the problem in plain English
2. Conceptualize a solution first in plain English
3. Write a pseudocode solution
4. Output the final Python 3 solution with your solution steps in comments.

Make sure to wrap your code in '```python' and '```' Markdown delimiters, 
and include exactly one block of code with the entire solution.

No outside libraries are allowed.
Builtins are allowed.

INFO - [Task id] 1304 [prompt] 1. **Restate the Problem in Plain English**:
   The task is to find the next permutation of a given sequence of numbers from 1 to N in lexicographic order. Given a permutation, we need to determine what the next permutation would be. If the given permutation is the last one in the order, we should return the first permutation (which is sorted in ascending order).

2. **Conceptualize a Solution**:
   To find the next permutation:
   - Identify the longest suffix that is non-increasing (i.e., find the rightmost pair where the first number is less than the second).
   - If such a pair is found, swap the first number of this pair with the smallest number in the suffix that is larger than it.
   - Finally, reverse the suffix to get the next permutation in lexicographic order.
   - If no such pair exists, the permutation is the last one, and we should return the first permutation.

3. **Pseudocode Solution**:
   ```
   function next_permutation(permutation):
       n = length of permutation
       i = n - 2
       while i >= 0 and permutation[i] >= permutation[i + 1]:
           i -= 1
       if i < 0:
           return sorted(permutation)  # Return the first permutation
       
       j = n - 1
       while permutation[j] <= permutation[i]:
           j -= 1
       
       swap(permutation[i], permutation[j])
       reverse(permutation[i + 1:])
       return permutation

   read N and K
   for each permutation in K:
       output next_permutation(permutation)
   ```

4. **Final Python Code**:
```python
def reverse(arr, start):
    end = len(arr) - 1
    while start < end:
        arr[start], arr[end] = arr[end], arr[start]
        start += 1
        end -= 1

def next_permutation(permutation):
    n = len(permutation)
    i = n - 2
    while i >= 0 and permutation[i] >= permutation[i + 1]:
        i -= 1
    if i < 0:
        return sorted(permutation)  # Return the first permutation
    
    j = n - 1
    while permutation[j] <= permutation[i]:
        j -= 1
    
    permutation[i], permutation[j] = permutation[j], permutation[i]
    reverse(permutation, i + 1)
    return permutation

# Read input
N, K = map(int, input().split())
for _ in range(K):
    permutation = list(map(int, input().split()))
    result = next_permutation(permutation)
    print(" ".join(map(str, result)))
``` 

This code reads the number of permutations and their values, processes each permutation to find the next one in lexicographic order, and prints the results.
INFO - [Task id] 1304 [prompt] 
[Environment Feedback]:
    Note: Inputs/outputs here are automatically extracted/truncated so formatting may be a bit off.
    Tests passed:

     Input: ['3 2', '3 1 2', '2 3 1', ''] Output: 3 2 1
    3 1 2 

    Tests failed:
    None
[/Environment Feedback]

INFO - [Task id] 1304 [prompt] 
Below is the official solution (do exercise discretion as official solutions can also have mistakes).

You will be reflecting on your attempts to solve the problem.
This will be a **standalone** document for your own future reference. (can skip formalities, be concise)

## Instructions
- Only include the most relevant insights and code snippets that could be useful in the future.
- If you did not learn much from the current experience (e.g. the problem was too easy / official solution was obvious), feel free to write less or nothing at all.
- Here are some ideas if the experience was useful:
    - If the official solution is insightful (e.g. better than yours in time and space complexity or more effective in breaking down the problem statement), distil the key approach of the official solution, step by step.
    - If your approach failed the test cases, reason why the official solution works but yours does not

Your reflection should be at most a few paragraphs.

## Official solution
import sys
# import math as mt
# from collections import Counter
# from itertools import permutations
# from functools import reduce
# from heapq import nsmallest, nlargest, heapify, heappop, heappush, heapreplace

def get_inpt(): return sys.stdin.readline().strip()
def get_int(): return int(sys.stdin.readline().strip())
def get_ints(): return map(int, sys.stdin.readline().strip().split())
def get_array(): return list(map(int, sys.stdin.readline().strip().split()))

# sys.setrecursionlimit(10**7)
# INF = float('inf')
# MOD1, MOD2 = 10**9+7, 998244353

n, k = get_ints()

for _ in range(k):
    
    arr = get_array()
    
    for i in reversed(range(n-1)):
        
        if arr[i] < arr[i+1]:
            
            ind = i+1
            minn = arr[i+1]
            for j in range(i+1, n):
                if arr[j] > arr[i]:
                    minn = min(arr[j], minn)
                    ind = j
                    
            arr[i], arr[ind] = arr[ind], arr[i]
            
            arr = arr[:i+1] + sorted(arr[i+1:])
            
            break
    
    print(*arr)

INFO - [Task id] 1304 [generation text] The official solution effectively implements the algorithm to find the next permutation in lexicographic order. Here are the key insights and steps that can be distilled from it:

1. **Input Handling**: The official solution uses helper functions to read input efficiently. This is a good practice for competitive programming as it simplifies the main logic and improves readability.

2. **Finding the Pivot**: The solution iterates through the array in reverse to find the first index `i` where the current element is less than the next element (`arr[i] < arr[i+1]`). This identifies the point where the order can be changed to create the next permutation.

3. **Finding the Successor**: Once the pivot is found, the solution looks for the smallest element in the suffix (the part of the array after the pivot) that is larger than `arr[i]`. This is done using a simple loop, which ensures that the next permutation is the smallest possible.

4. **Swapping and Sorting**: After identifying the correct element to swap with the pivot, the solution performs the swap and then sorts the suffix to ensure it is in the lowest possible order. This guarantees that the next permutation is indeed the next in lexicographic order.

5. **Output**: Finally, the solution prints the resulting permutation in a space-separated format.

### Reflection on My Attempt:
- My approach was similar in logic but lacked clarity in handling the suffix sorting. I used a reverse function which, while correct, was less efficient than directly sorting the suffix after the swap.
- The official solution's method of finding the successor and directly modifying the array in place is more efficient and straightforward.
- I also noticed that my input handling was less efficient compared to the official solution, which uses dedicated functions for reading input.

Overall, the official solution is a good reference for efficiently implementing the next permutation algorithm, particularly in terms of clarity and performance. It emphasizes the importance of clear input handling and efficient array manipulation, which are crucial in competitive programming contexts.
INFO - Updated entry: The task involved generating the next permutation of a sequence of numbers in lexicographic order. The core concept tested was understanding how to manipulate permutations efficiently, particularly identifying the rightmost ascent in the sequence and performing swaps and reversals to achieve the ...,

INFO - Metadata: {
    "task_id": 1304
}

INFO - Updated entry: The official solution effectively implements the algorithm to find the next permutation in lexicographic order. Here are the key insights and steps that can be distilled from it:

1. **Input Handling**: The official solution uses helper functions to read input efficiently. This is a good practice...,

INFO - Metadata: {
    "task_id": 1304
}

INFO - LM call n parse attempt 1 / 3

INFO - [Task id] 1304 [prompt] 
You are a helpful assistant that writes a description of the given function written in the Python programming language.

1) Do not mention the function name.
2) Do not mention anything about helper functions.
3) There might be some helper functions before the main function, but you only need to describe the main function.
4) Try to summarize the function in no more than 6 sentences.
5) Your response should be a single line of text.

INFO - [Task id] 1304 [prompt] 
def reverse(arr, start):
    end = len(arr) - 1
    while start < end:
        arr[start], arr[end] = arr[end], arr[start]
        start += 1
        end -= 1

def next_permutation(permutation):
    n = len(permutation)
    i = n - 2
    while i >= 0 and permutation[i] >= permutation[i + 1]:
        i -= 1
    if i < 0:
        return sorted(permutation)  # Return the first permutation
    
    j = n - 1
    while permutation[j] <= permutation[i]:
        j -= 1
    
    permutation[i], permutation[j] = permutation[j], permutation[i]
    reverse(permutation, i + 1)
    return permutation

# Read input
N, K = map(int, input().split())
for _ in range(K):
    permutation = list(map(int, input().split()))
    result = next_permutation(permutation)
    print(" ".join(map(str, result)))


The main function is `next_permutation`.
INFO - [Task id] 1304 [generation text] This function generates the next lexicographical permutation of a given list of integers. It first identifies the rightmost pair of consecutive elements where the first is less than the second, indicating a point of change. If no such pair exists, it returns the sorted version of the list, representing the smallest permutation. Otherwise, it finds the smallest element to the right of this point that is larger than the identified element and swaps them. Finally, it reverses the order of the elements to the right of the original point to complete the next permutation. The function returns the modified list representing the next permutation.
INFO - LM call n parse attempt 1 / 3

INFO - [Task id] 1304 [prompt] 
You are a helpful assistant that extracts important information from problems and solutions to aid in searchability and education.

## Instructions
- Read through the problem and solution carefully.
- Reason out, step by step, in what scenarios this knowledge would be useful.
- Focus on general patterns and situations to help connect this knowledge to new situations.
- Then, include a list of keywords that are useful for searching this problem/solution pair.

## Response format
Respond in JSON, and follow the keys and expected format of the values strictly.

The output should be formatted as a JSON instance that conforms to the JSON schema below.

As an example, for the schema {"properties": {"foo": {"title": "Foo", "description": "a list of strings", "type": "array", "items": {"type": "string"}}}, "required": ["foo"]}
the object {"foo": ["bar", "baz"]} is a well-formatted instance of the schema. The object {"properties": {"foo": ["bar", "baz"]}} is not well-formatted.

Here is the output schema:
```
{"properties": {"scenarios": {"description": "In what scenarios will this knowledge be useful? Answer in a paragraph.", "title": "Scenarios", "type": "string"}, "keywords": {"description": "List of keywords that are useful for searching this problem/solution pair", "items": {"type": "string"}, "title": "Keywords", "type": "array"}}, "required": ["scenarios", "keywords"]}
```

INFO - [Task id] 1304 [prompt] 
[Problem]
    It is an interesting exercise to write a program to print out all permutations of $1, 2, …, n$. However, since there are $6227020800$ permutations of $1, 2, …, 13$, it is unlikely that we would ever run this program on an input of size more than $10$.
    However, here is another interesting problem whose solution can also be used to generate permutations. We can order the permutations of $1, 2, …, n$ under the lexicographic (or dictionary) order. Here are the permutations of $1,2,3$ in lexicographic order:
    123132213231312321123132213231312321 1 \, 2 \, 3 \quad    1 \, 3 \, 2 \quad     2 \, 1 \, 3 \quad     2 \, 3 \, 1 \quad     3 \, 1 \, 2 \quad     3 \, 2 \, 1 
    The problem we have is the following: given a permutation of $1,2, …, n$, generate the next permutation in lexicographic order. For example, for $2 3 1 4$ the answer is $2 3 4 1$.

    -----Input:-----
    The first line of the input contains two integers, $N$ and $K$. This is followed by $K$ lines, each of which contains one permutation of $1, 2,…,N$.

    -----Output:-----
    The output should consist of $K$ lines. Line $i$ should contain the lexicographically next permutation correponding to the permutation on line $i+1$ in the input.

    -----Constraints:-----
    - $1 \leq N \leq 1000$.
    - $1 \leq K \leq 10$.

    -----Sample input-----
    3 2
    3 1 2
    2 3 1

    -----Sample output-----
    3 2 1
    3 1 2
[/Problem]

[Solution]

    def reverse(arr, start):
        end = len(arr) - 1
        while start < end:
            arr[start], arr[end] = arr[end], arr[start]
            start += 1
            end -= 1

    def next_permutation(permutation):
        n = len(permutation)
        i = n - 2
        while i >= 0 and permutation[i] >= permutation[i + 1]:
            i -= 1
        if i < 0:
            return sorted(permutation)  # Return the first permutation
    
        j = n - 1
        while permutation[j] <= permutation[i]:
            j -= 1
    
        permutation[i], permutation[j] = permutation[j], permutation[i]
        reverse(permutation, i + 1)
        return permutation

    # Read input
    N, K = map(int, input().split())
    for _ in range(K):
        permutation = list(map(int, input().split()))
        result = next_permutation(permutation)
        print(" ".join(map(str, result)))

[/Solution]

INFO - [Task id] 1304 [generation text] 
INFO - {
    "scenarios": "This knowledge is useful in scenarios where you need to generate permutations in a systematic way, particularly in applications involving combinatorial algorithms, scheduling problems, or generating test cases for algorithms that require permutations. It can also be beneficial in competitive programming where generating the next permutation efficiently is required. Understanding how to find the next permutation can help in solving problems related to lexicographic ordering and can be applied in various fields such as data analysis, cryptography, and game development.",
    "keywords": [
        "permutations",
        "next permutation",
        "lexicographic order",
        "combinatorial algorithms",
        "competitive programming",
        "algorithm efficiency",
        "data analysis",
        "scheduling problems"
    ]
}
INFO - {
    "scenarios": "This knowledge is useful in scenarios where you need to generate permutations in a systematic way, particularly in applications involving combinatorial algorithms, scheduling problems, or generating test cases for algorithms that require permutations. It can also be beneficial in competitive programming where generating the next permutation efficiently is required. Understanding how to find the next permutation can help in solving problems related to lexicographic ordering and can be applied in various fields such as data analysis, cryptography, and game development.",
    "keywords": [
        "permutations",
        "next permutation",
        "lexicographic order",
        "combinatorial algorithms",
        "competitive programming",
        "algorithm efficiency",
        "data analysis",
        "scheduling problems"
    ]
}
INFO - Updated entry: 
[description for function: next_permutation]
This function generates the next lexicographical permutation of a given list of integers. It first identifies the rightmost pair of consecutive elements where the first is less than the second, indicating a point of change. If no such pair exists, it ...,

INFO - Metadata: {
    "task": 1304,
    "code": "\ndef reverse(arr, start):\n    end = len(arr) - 1\n    while start < end:\n        arr[start], arr[end] = arr[end], arr[start]\n        start += 1\n        end -= 1\n\ndef next_permutation(permutation):\n    n = len(permutation)\n    i = n - 2\n    while i >= 0 a...

