INFO - DB skill doc count: 0

INFO - DB non_func doc count: 56

INFO - DB semantic doc count: 429

INFO - DB summaries doc count: 70

INFO - DB reflections doc count: 70

INFO - DB episodic doc count: 123

INFO - [train iter]: 70/100 

INFO - The task prompt is Given the array nums consisting of n positive integers. You computed the sum of all non-empty continous subarrays from the array and then sort them in non-decreasing order, creating a new array of n * (n + 1) / 2 numbers.
Return the sum of the numbers from index left to index right (indexed from ...

INFO - Attempting task_id 475
INFO - LM call n parse attempt 1 / 3

INFO - [Task id] 475 [prompt] 
You are an expert programmer tasked with solving the problem below.

Follow the user's instructions to solve the problem.
The user can ask for analysis, code, or both.

## Instructions
When asked to output code,
- Make sure to wrap your code in '```python' and '```' Markdown delimiters, 
- include exactly one block of code with the entire solution
- No outside libraries are allowed. 
- Builtins are allowed.
- If the task specifies a function name to be used, follow it strictly (be case sensitive!) and declare the that function last (helper functions are declared first).
- DO NOT write any assert statements / tests.

## Problem
[BEGIN PROBLEM]
Given the array nums consisting of n positive integers. You computed the sum of all non-empty continous subarrays from the array and then sort them in non-decreasing order, creating a new array of n * (n + 1) / 2 numbers.
Return the sum of the numbers from index left to index right (indexed from 1), inclusive, in the new array. Since the answer can be a huge number return it modulo 10^9 + 7.
 
Example 1:
Input: nums = [1,2,3,4], n = 4, left = 1, right = 5
Output: 13 
Explanation: All subarray sums are 1, 3, 6, 10, 2, 5, 9, 3, 7, 4. After sorting them in non-decreasing order we have the new array [1, 2, 3, 3, 4, 5, 6, 7, 9, 10]. The sum of the numbers from index le = 1 to ri = 5 is 1 + 2 + 3 + 3 + 4 = 13. 

Example 2:
Input: nums = [1,2,3,4], n = 4, left = 3, right = 4
Output: 6
Explanation: The given array is the same as example 1. We have the new array [1, 2, 3, 3, 4, 5, 6, 7, 9, 10]. The sum of the numbers from index le = 3 to ri = 4 is 3 + 3 = 6.

Example 3:
Input: nums = [1,2,3,4], n = 4, left = 1, right = 10
Output: 50

 
Constraints:

1 <= nums.length <= 10^3
nums.length == n
1 <= nums[i] <= 100
1 <= left <= right <= n * (n + 1) / 2

The output code needs to use the provided function signature

The final python function should begin with: 
```python

class Solution:
    def rangeSum(self, nums: List[int], n: int, left: int, right: int) -> int:
        
```

[END PROBLEM]

INFO - [Task id] 475 [prompt] 
## Instructions

Reason through the problem and:
1. Restate the problem in plain English
2. Conceptualize a solution first in plain English
3. Write a pseudocode solution
4. Output the final Python 3 solution with your solution steps in comments.

Make sure to wrap your code in '```python' and '```' Markdown delimiters, 
and include exactly one block of code with the entire solution.

No outside libraries are allowed.
Builtins are allowed.

INFO - [Task id] 475 [generation text] 1. **Restate the problem in plain English:**
   We have an array of positive integers, and we need to calculate the sums of all possible continuous subarrays. After calculating these sums, we will sort them in non-decreasing order. Finally, we need to return the sum of the elements in this sorted list from a specified starting index to an ending index, with the result given modulo \(10^9 + 7\).

2. **Conceptualize a solution first in plain English:**
   - First, we will generate all possible continuous subarrays from the input array and calculate their sums.
   - We will store these sums in a new list.
   - Next, we will sort this list of sums.
   - Finally, we will compute the sum of the elements in the sorted list from the specified left index to the right index and return this sum modulo \(10^9 + 7\).

3. **Write a pseudocode solution:**
   ```
   function rangeSum(nums, n, left, right):
       initialize an empty list called subarray_sums
       
       for i from 0 to n-1:
           current_sum = 0
           for j from i to n-1:
               current_sum += nums[j]
               append current_sum to subarray_sums
       
       sort subarray_sums
       
       result_sum = 0
       for k from left-1 to right-1:
           result_sum += subarray_sums[k]
       
       return result_sum modulo (10^9 + 7)
   ```

4. **Output the final Python 3 solution with your solution steps in comments:**
```python
class Solution:
    def rangeSum(self, nums: list[int], n: int, left: int, right: int) -> int:
        # Step 1: Initialize an empty list to store the sums of subarrays
        subarray_sums = []
        
        # Step 2: Calculate the sums of all continuous subarrays
        for i in range(n):
            current_sum = 0
            for j in range(i, n):
                current_sum += nums[j]
                subarray_sums.append(current_sum)
        
        # Step 3: Sort the list of subarray sums
        subarray_sums.sort()
        
        # Step 4: Calculate the sum from index left to right (1-based index)
        result_sum = 0
        for k in range(left - 1, right):
            result_sum += subarray_sums[k]
        
        # Step 5: Return the result modulo 10^9 + 7
        return result_sum % (10**9 + 7)
```
INFO - [35m Rollout attempt 1/4[0m
INFO - [33m Retrieving 2 entries for db: episodic 
 [0m
INFO - Retrieved (score=0.3713):

[Task]:
    Given an array of integers nums and an integer k. A continuous subarray is called nice if there are k odd numbers on it.
    Return the number of nice sub-arrays.
 
    Example 1:
    Input: nums = [1,1,2,1,1], k = 3
    Output: 2
    Explanation: The only sub-arrays with 3 odd numbe...


INFO - Retrieved (score=0.3915):

[Task]:
    Given a set of  N  natural numbers 1,2,3........N and Q query.For each query you have to calculate the total number of subset in which  Ith.
    number of set come at Kth postion.Elements of every subset should be in sorted order.
    The answer could  be very large so you have to pr...


INFO - [33m Retrieving 2 entries for db: semantic 
 [0m
INFO - Retrieved (score=0.4037):
Title: Search the subarray with the maximum/minimum sum
Part: 1/2
# Search the subarray with the maximum/minimum sum

Here, we consider the problem of finding a subarray with maximum sum, as well as some of its variations (including the algorithm for solving this problem online).

## Problem stat...


INFO - Retrieved (score=0.4315):
Title: Josephus Problem
Part: 1/1
# Josephus Problem

## Statement

We are given the natural numbers $n$ and $k$.
All natural numbers from $1$ to $n$ are written in a circle. 
First, count the $k$-th number starting from the first one and delete it.
Then $k$ numbers are counted starting from the ...


INFO - [33m Retrieving 2 entries for db: reflections 
 [0m
INFO - Retrieved (score=0.3724):
The official solution provided is concise and leverages a mathematical approach to efficiently calculate the sum of multiples of 10. Here are the key insights from the official solution:

1. **Mathematical Simplification**: The official solution first reduces the input number \( N \) to the large...


INFO - Retrieved (score=0.3788):
The official solution effectively addresses the problem by directly iterating through the list of bills for each query and calculating the sum within the specified range. Here are some key insights from the official solution:

1. **Input Handling**: The solution reads all inputs in a straightforw...


INFO - [33m Retrieving 2 entries for db: summaries 
 [0m
INFO - Retrieved (score=0.3216):
In this task, the goal was to count the number of continuous subarrays that contain exactly `k` odd numbers from a given list of integers. The solution utilized a sliding window approach, which is effective for problems involving contiguous subarrays. 

The core concept involved maintaining two p...


INFO - Retrieved (score=0.3502):
The problem involved finding the length of the shortest contiguous subarray with a sum of at least K. The solution utilized a combination of prefix sums and a deque to efficiently track potential subarrays. The key concepts included maintaining a running sum and using a sliding window approach to...


INFO - [33m Retrieving 2 entries for db: non_func 
 [0m
INFO - Retrieved (score=0.4270):

[description for function: calculate_sum_of_multiples_of_10]
This function processes multiple test cases to calculate the sum of all multiples of 10 up to a given integer N for each case. It first determines the largest multiple of 10 that is less than or equal to N and counts how many multiples...


INFO - Retrieved (score=0.4623):

[description]
This function finds the length of the shortest contiguous subarray within a given list that has a sum of at least K. It first computes the prefix sums of the array to facilitate quick sum calculations of any subarray. Using a deque, it efficiently tracks the indices of the prefix s...


INFO - Retrieved (score=0.3216): 
[Summary]:
    In this task, the goal was to count the number of continuous subarrays that contain exactly `k` odd numbers from a given list of integers. The solution utilized a sliding window approach, which is effective for problems involving contiguous subarrays. 

    The core concept involv...
INFO - Retrieved (score=0.3502): 
[Summary]:
    The problem involved finding the length of the shortest contiguous subarray with a sum of at least K. The solution utilized a combination of prefix sums and a deque to efficiently track potential subarrays. The key concepts included maintaining a running sum and using a sliding wi...
INFO - LM call n parse attempt 1 / 3

INFO - [Task id] 475 [prompt] 
You are an expert programmer tasked with solving the problem below.

Follow the user's instructions to solve the problem.
The user can ask for analysis, code, or both.

## Instructions
When asked to output code,
- Make sure to wrap your code in '```python' and '```' Markdown delimiters, 
- include exactly one block of code with the entire solution
- No outside libraries are allowed. 
- Builtins are allowed.
- If the task specifies a function name to be used, follow it strictly (be case sensitive!) and declare the that function last (helper functions are declared first).
- DO NOT write any assert statements / tests.

## Problem
[BEGIN PROBLEM]
Given the array nums consisting of n positive integers. You computed the sum of all non-empty continous subarrays from the array and then sort them in non-decreasing order, creating a new array of n * (n + 1) / 2 numbers.
Return the sum of the numbers from index left to index right (indexed from 1), inclusive, in the new array. Since the answer can be a huge number return it modulo 10^9 + 7.
 
Example 1:
Input: nums = [1,2,3,4], n = 4, left = 1, right = 5
Output: 13 
Explanation: All subarray sums are 1, 3, 6, 10, 2, 5, 9, 3, 7, 4. After sorting them in non-decreasing order we have the new array [1, 2, 3, 3, 4, 5, 6, 7, 9, 10]. The sum of the numbers from index le = 1 to ri = 5 is 1 + 2 + 3 + 3 + 4 = 13. 

Example 2:
Input: nums = [1,2,3,4], n = 4, left = 3, right = 4
Output: 6
Explanation: The given array is the same as example 1. We have the new array [1, 2, 3, 3, 4, 5, 6, 7, 9, 10]. The sum of the numbers from index le = 3 to ri = 4 is 3 + 3 = 6.

Example 3:
Input: nums = [1,2,3,4], n = 4, left = 1, right = 10
Output: 50

 
Constraints:

1 <= nums.length <= 10^3
nums.length == n
1 <= nums[i] <= 100
1 <= left <= right <= n * (n + 1) / 2

The output code needs to use the provided function signature

The final python function should begin with: 
```python

class Solution:
    def rangeSum(self, nums: List[int], n: int, left: int, right: int) -> int:
        
```

[END PROBLEM]

INFO - [Task id] 475 [prompt] 
## Instructions

Reason through the problem and:
1. Restate the problem in plain English
2. Conceptualize a solution first in plain English
3. Write a pseudocode solution
4. Output the final Python 3 solution with your solution steps in comments.

Make sure to wrap your code in '```python' and '```' Markdown delimiters, 
and include exactly one block of code with the entire solution.

No outside libraries are allowed.
Builtins are allowed.

INFO - [Task id] 475 [prompt] 
Also, here are some of your memories.
Feel free to use the given information to aid your problem solving process if necessary.
Do not confuse the memories with the problem statement.

## Memories

[Summary]:
    In this task, the goal was to count the number of continuous subarrays that contain exactly `k` odd numbers from a given list of integers. The solution utilized a sliding window approach, which is effective for problems involving contiguous subarrays. 

    The core concept involved maintaining two pointers (`left` and `right`) to represent the current subarray. As the `right` pointer expanded to include more elements, we counted the odd numbers. If the count exceeded `k`, we moved the `left` pointer to reduce the count. When the count matched `k`, we calculated how many valid subarrays could be formed by counting the even numbers to the left of the `left` pointer.

    The final implementation was successful, passing the provided test cases. The key strategies that worked included efficiently managing the count of odd numbers and leveraging the properties of even numbers to determine the number of valid subarrays. There were no unexpected errors, and the solution performed well within the constraints. 

    The final code snippet is as follows:

    ```python
    class Solution:
        def numberOfSubarrays(self, nums: list[int], k: int) -> int:
            count = 0
            left = 0
            odd_count = 0
            total_nice_subarrays = 0
        
            for right in range(len(nums)):
                if nums[right] % 2 == 1:
                    odd_count += 1
            
                while odd_count > k:
                    if nums[left] % 2 == 1:
                        odd_count -= 1
                    left += 1
            
                if odd_count == k:
                    temp_left = left
                    while temp_left < right and nums[temp_left] % 2 == 0:
                        temp_left += 1
                    count_left = temp_left - left + 1
                    total_nice_subarrays += count_left
        
            return total_nice_subarrays
    ``` 

    This experience reinforced the effectiveness of the sliding window technique for problems involving subarrays and counting specific conditions.
[/Summary]


[Summary]:
    The problem involved finding the length of the shortest contiguous subarray with a sum of at least K. The solution utilized a combination of prefix sums and a deque to efficiently track potential subarrays. The key concepts included maintaining a running sum and using a sliding window approach to dynamically adjust the size of the subarray while checking for the required sum.

    The implemented strategy involved calculating prefix sums to facilitate quick sum calculations for any subarray. A deque was used to store indices of the prefix sums, allowing for efficient removal of elements that no longer contributed to valid subarrays. The algorithm successfully handled edge cases, such as when no valid subarray exists, by returning -1.

    The final code was structured to ensure clarity and efficiency, and it passed all provided test cases. The approach demonstrated the effectiveness of using prefix sums and deques for problems involving subarray sums, which is a common pattern in competitive programming. 

    Here is the final solution for reference:

    ```python
    class Solution:
        def shortestSubarray(self, A: list[int], K: int) -> int:
            from collections import deque
        
            n = len(A)
            prefix_sum = [0] * (n + 1)
        
            # Calculate prefix sums
            for i in range(n):
                prefix_sum[i + 1] = prefix_sum[i] + A[i]
        
            min_length = float('inf')
            dq = deque()
        
            for i in range(n + 1):
                # Check if we can form a valid subarray
                while dq and prefix_sum[i] - prefix_sum[dq[0]] >= K:
                    min_length = min(min_length, i - dq.popleft())
            
                # Maintain the deque in increasing order of prefix sums
                while dq and prefix_sum[i] <= prefix_sum[dq[-1]]:
                    dq.pop()
            
                dq.append(i)
        
            return min_length if min_length != float('inf') else -1
    ```
[/Summary]


INFO - [Task id] 475 [generation text] 1. **Restate the problem in plain English**: 
   We have an array of positive integers, and we need to calculate the sum of all possible continuous subarrays. After calculating these sums, we sort them in non-decreasing order and return the sum of the elements between two specified indices (inclusive) from this sorted list. The result should be returned modulo \(10^9 + 7\).

2. **Conceptualize a solution first in plain English**: 
   To solve this problem, we will:
   - Generate all possible continuous subarrays from the input array and calculate their sums.
   - Store these sums in a list.
   - Sort the list of sums.
   - Calculate the sum of the elements from the specified indices in the sorted list.
   - Return the result modulo \(10^9 + 7\).

3. **Write a pseudocode solution**:
   ```
   function rangeSum(nums, n, left, right):
       Initialize an empty list to store subarray sums
       for i from 0 to n-1:
           Initialize current_sum to 0
           for j from i to n-1:
               current_sum += nums[j]
               Append current_sum to the list of subarray sums
       Sort the list of subarray sums
       Initialize result to 0
       for index from left-1 to right-1:
           result += sorted_sums[index]
       return result % (10^9 + 7)
   ```

4. **Output the final Python 3 solution with your solution steps in comments**:
```python
class Solution:
    def rangeSum(self, nums: list[int], n: int, left: int, right: int) -> int:
        # Step 1: Initialize a list to store the sums of all subarrays
        subarray_sums = []
        
        # Step 2: Generate all subarray sums
        for i in range(n):
            current_sum = 0
            for j in range(i, n):
                current_sum += nums[j]
                subarray_sums.append(current_sum)
        
        # Step 3: Sort the list of subarray sums
        subarray_sums.sort()
        
        # Step 4: Calculate the sum from index left to right (1-based index)
        result = 0
        for index in range(left - 1, right):
            result += subarray_sums[index]
        
        # Step 5: Return the result modulo 10^9 + 7
        return result % (10**9 + 7)
```
INFO - program_code:
 
class Solution:
    def rangeSum(self, nums: list[int], n: int, left: int, right: int) -> int:
        # Step 1: Initialize a list to store the sums of all subarrays
        subarray_sums = []
        
        # Step 2: Generate all subarray sums
        for i in range(n):
            current_sum = 0
            for j in range(i, n):
                current_sum += nums[j]
                subarray_sums.append(current_sum)
        
        # Step 3: Sort the list of subarray sums
        subarray_sums.sort()
        
        # Step 4: Calculate the sum from index left to right (1-based index)
        result = 0
        for index in range(left - 1, right):
            result += subarray_sums[index]
        
        # Step 5: Return the result modulo 10^9 + 7
        return result % (10**9 + 7)


INFO - program_name:
 

INFO - dependencies:
 []

INFO - raw_msg:
 1. **Restate the problem in plain English**: 
   We have an array of positive integers, and we need to calculate the sum of all possible continuous subarrays. After calculating these sums, we sort them in non-decreasing order and return the sum of the elements between two specified indices (inclusive) from this sorted list. The result should be returned modulo \(10^9 + 7\).

2. **Conceptualize a solution first in plain English**: 
   To solve this problem, we will:
   - Generate all possible continuous subarrays from the input array and calculate their sums.
   - Store these sums in a list.
   - Sort the list of sums.
   - Calculate the sum of the elements from the specified indices in the sorted list.
   - Return the result modulo \(10^9 + 7\).

3. **Write a pseudocode solution**:
   ```
   function rangeSum(nums, n, left, right):
       Initialize an empty list to store subarray sums
       for i from 0 to n-1:
           Initialize current_sum to 0
           for j from i to n-1:
               current_sum += nums[j]
               Append current_sum to the list of subarray sums
       Sort the list of subarray sums
       Initialize result to 0
       for index from left-1 to right-1:
           result += sorted_sums[index]
       return result % (10^9 + 7)
   ```

4. **Output the final Python 3 solution with your solution steps in comments**:
```python
class Solution:
    def rangeSum(self, nums: list[int], n: int, left: int, right: int) -> int:
        # Step 1: Initialize a list to store the sums of all subarrays
        subarray_sums = []
        
        # Step 2: Generate all subarray sums
        for i in range(n):
            current_sum = 0
            for j in range(i, n):
                current_sum += nums[j]
                subarray_sums.append(current_sum)
        
        # Step 3: Sort the list of subarray sums
        subarray_sums.sort()
        
        # Step 4: Calculate the sum from index left to right (1-based index)
        result = 0
        for index in range(left - 1, right):
            result += subarray_sums[index]
        
        # Step 5: Return the result modulo 10^9 + 7
        return result % (10**9 + 7)
```

INFO - no_parent:
 False

INFO - full code to be executed: 
 
class Solution:
    def rangeSum(self, nums: list[int], n: int, left: int, right: int) -> int:
        # Step 1: Initialize a list to store the sums of all subarrays
        subarray_sums = []
        
        # Step 2: Generate all subarray sums
        for i in range(n):
            current_sum = 0
            for j in range(i, n):
                current_sum += nums[j]
                subarray_sums.append(current_sum)
        
        # Step 3: Sort the list of subarray sums
        subarray_sums.sort()
        
        # Step 4: Calculate the sum from index left to right (1-based index)
        result = 0
        for index in range(left - 1, right):
            result += subarray_sums[index]
        
        # Step 5: Return the result modulo 10^9 + 7
        return result % (10**9 + 7)


INFO - obs: Note: Inputs/outputs here are automatically extracted/truncated so formatting may be a bit off.
Tests passed:

 Input: [[1, 2, 3, 4], 4, 1, 5] Output: 13

Tests failed:
None
reward: True
done: None
info: {'individual_results': [True]}
INFO - Updated entry: 
[Task]:
    Given the array nums consisting of n positive integers. You computed the sum of all non-empty continous subarrays from the array and then sort them in non-decreasing order, creating a new array of n * (n + 1) / 2 numbers.
    Return the sum of the numbers from index left to index rig...,

INFO - Metadata: {
    "raw_msg": "1. **Restate the problem in plain English**: \n   We have an array of positive integers, and we need to calculate the sum of all possible continuous subarrays. After calculating these sums, we sort them in non-decreasing order and return the sum of the elements between two speci...

INFO - LM call n parse attempt 1 / 3

INFO - [Task id] 475 [prompt] 
You are an expert programmer tasked with solving the problem below.

Follow the user's instructions to solve the problem.
The user can ask for analysis, code, or both.

## Instructions
When asked to output code,
- Make sure to wrap your code in '```python' and '```' Markdown delimiters, 
- include exactly one block of code with the entire solution
- No outside libraries are allowed. 
- Builtins are allowed.
- If the task specifies a function name to be used, follow it strictly (be case sensitive!) and declare the that function last (helper functions are declared first).
- DO NOT write any assert statements / tests.

## Problem
[BEGIN PROBLEM]
Given the array nums consisting of n positive integers. You computed the sum of all non-empty continous subarrays from the array and then sort them in non-decreasing order, creating a new array of n * (n + 1) / 2 numbers.
Return the sum of the numbers from index left to index right (indexed from 1), inclusive, in the new array. Since the answer can be a huge number return it modulo 10^9 + 7.
 
Example 1:
Input: nums = [1,2,3,4], n = 4, left = 1, right = 5
Output: 13 
Explanation: All subarray sums are 1, 3, 6, 10, 2, 5, 9, 3, 7, 4. After sorting them in non-decreasing order we have the new array [1, 2, 3, 3, 4, 5, 6, 7, 9, 10]. The sum of the numbers from index le = 1 to ri = 5 is 1 + 2 + 3 + 3 + 4 = 13. 

Example 2:
Input: nums = [1,2,3,4], n = 4, left = 3, right = 4
Output: 6
Explanation: The given array is the same as example 1. We have the new array [1, 2, 3, 3, 4, 5, 6, 7, 9, 10]. The sum of the numbers from index le = 3 to ri = 4 is 3 + 3 = 6.

Example 3:
Input: nums = [1,2,3,4], n = 4, left = 1, right = 10
Output: 50

 
Constraints:

1 <= nums.length <= 10^3
nums.length == n
1 <= nums[i] <= 100
1 <= left <= right <= n * (n + 1) / 2

The output code needs to use the provided function signature

The final python function should begin with: 
```python

class Solution:
    def rangeSum(self, nums: List[int], n: int, left: int, right: int) -> int:
        
```

[END PROBLEM]

INFO - [Task id] 475 [prompt] 
## Instructions

Reason through the problem and:
1. Restate the problem in plain English
2. Conceptualize a solution first in plain English
3. Write a pseudocode solution
4. Output the final Python 3 solution with your solution steps in comments.

Make sure to wrap your code in '```python' and '```' Markdown delimiters, 
and include exactly one block of code with the entire solution.

No outside libraries are allowed.
Builtins are allowed.

INFO - [Task id] 475 [prompt] 1. **Restate the problem in plain English**: 
   We have an array of positive integers, and we need to calculate the sum of all possible continuous subarrays. After calculating these sums, we sort them in non-decreasing order and return the sum of the elements between two specified indices (inclusive) from this sorted list. The result should be returned modulo \(10^9 + 7\).

2. **Conceptualize a solution first in plain English**: 
   To solve this problem, we will:
   - Generate all possible continuous subarrays from the input array and calculate their sums.
   - Store these sums in a list.
   - Sort the list of sums.
   - Calculate the sum of the elements from the specified indices in the sorted list.
   - Return the result modulo \(10^9 + 7\).

3. **Write a pseudocode solution**:
   ```
   function rangeSum(nums, n, left, right):
       Initialize an empty list to store subarray sums
       for i from 0 to n-1:
           Initialize current_sum to 0
           for j from i to n-1:
               current_sum += nums[j]
               Append current_sum to the list of subarray sums
       Sort the list of subarray sums
       Initialize result to 0
       for index from left-1 to right-1:
           result += sorted_sums[index]
       return result % (10^9 + 7)
   ```

4. **Output the final Python 3 solution with your solution steps in comments**:
```python
class Solution:
    def rangeSum(self, nums: list[int], n: int, left: int, right: int) -> int:
        # Step 1: Initialize a list to store the sums of all subarrays
        subarray_sums = []
        
        # Step 2: Generate all subarray sums
        for i in range(n):
            current_sum = 0
            for j in range(i, n):
                current_sum += nums[j]
                subarray_sums.append(current_sum)
        
        # Step 3: Sort the list of subarray sums
        subarray_sums.sort()
        
        # Step 4: Calculate the sum from index left to right (1-based index)
        result = 0
        for index in range(left - 1, right):
            result += subarray_sums[index]
        
        # Step 5: Return the result modulo 10^9 + 7
        return result % (10**9 + 7)
```
INFO - [Task id] 475 [prompt] 
[Environment Feedback]:
    Note: Inputs/outputs here are automatically extracted/truncated so formatting may be a bit off.
    Tests passed:

     Input: [[1, 2, 3, 4], 4, 1, 5] Output: 13

    Tests failed:
    None
[/Environment Feedback]

INFO - [Task id] 475 [prompt] 
## Instructions
Now, summarize your attempts as a **standalone** document for your own future reference. (can skip formalities, be concise)

- Only include the most relevant information and code snippets that could be useful in the future.
- If you did not learn much from the current experience (e.g. the problem was too easy), feel free to write less or nothing at all.
- Here are some ideas if the experience was useful:
    - Identifying the core concepts and patterns that problem appears to test for
    - Describing the strategies that seemed to work but did not, and vice versa
    - Describing unexpected errors and how they were fixed

Your summary should be at most a few paragraphs.

INFO - [Task id] 475 [generation text] In this task, I was required to compute the sum of all non-empty continuous subarrays from a given array of positive integers, sort these sums, and then return the sum of a specified range of indices from the sorted list. The solution involved generating all possible subarray sums, sorting them, and then summing the relevant elements based on the provided indices.

The core concepts tested in this problem included:
- Generating subarrays and calculating their sums efficiently.
- Sorting a list of integers.
- Handling 1-based indexing when accessing elements in the sorted list.

The implemented solution successfully passed the provided test cases, demonstrating that the approach of using nested loops to generate subarray sums and then sorting the results was effective. The final implementation was straightforward and utilized basic list operations without any external libraries, adhering to the constraints of the problem.

The final code snippet is as follows:

```python
class Solution:
    def rangeSum(self, nums: list[int], n: int, left: int, right: int) -> int:
        subarray_sums = []
        for i in range(n):
            current_sum = 0
            for j in range(i, n):
                current_sum += nums[j]
                subarray_sums.append(current_sum)
        subarray_sums.sort()
        result = 0
        for index in range(left - 1, right):
            result += subarray_sums[index]
        return result % (10**9 + 7)
```

Overall, the experience reinforced the importance of understanding array manipulation and sorting algorithms, as well as the need to carefully manage indexing when working with different conventions.
INFO - LM call n parse attempt 1 / 3

INFO - [Task id] 475 [prompt] 
You are an expert programmer tasked with solving the problem below.

Follow the user's instructions to solve the problem.
The user can ask for analysis, code, or both.

## Instructions
When asked to output code,
- Make sure to wrap your code in '```python' and '```' Markdown delimiters, 
- include exactly one block of code with the entire solution
- No outside libraries are allowed. 
- Builtins are allowed.
- If the task specifies a function name to be used, follow it strictly (be case sensitive!) and declare the that function last (helper functions are declared first).
- DO NOT write any assert statements / tests.

## Problem
[BEGIN PROBLEM]
Given the array nums consisting of n positive integers. You computed the sum of all non-empty continous subarrays from the array and then sort them in non-decreasing order, creating a new array of n * (n + 1) / 2 numbers.
Return the sum of the numbers from index left to index right (indexed from 1), inclusive, in the new array. Since the answer can be a huge number return it modulo 10^9 + 7.
 
Example 1:
Input: nums = [1,2,3,4], n = 4, left = 1, right = 5
Output: 13 
Explanation: All subarray sums are 1, 3, 6, 10, 2, 5, 9, 3, 7, 4. After sorting them in non-decreasing order we have the new array [1, 2, 3, 3, 4, 5, 6, 7, 9, 10]. The sum of the numbers from index le = 1 to ri = 5 is 1 + 2 + 3 + 3 + 4 = 13. 

Example 2:
Input: nums = [1,2,3,4], n = 4, left = 3, right = 4
Output: 6
Explanation: The given array is the same as example 1. We have the new array [1, 2, 3, 3, 4, 5, 6, 7, 9, 10]. The sum of the numbers from index le = 3 to ri = 4 is 3 + 3 = 6.

Example 3:
Input: nums = [1,2,3,4], n = 4, left = 1, right = 10
Output: 50

 
Constraints:

1 <= nums.length <= 10^3
nums.length == n
1 <= nums[i] <= 100
1 <= left <= right <= n * (n + 1) / 2

The output code needs to use the provided function signature

The final python function should begin with: 
```python

class Solution:
    def rangeSum(self, nums: List[int], n: int, left: int, right: int) -> int:
        
```

[END PROBLEM]

INFO - [Task id] 475 [prompt] 
## Instructions

Reason through the problem and:
1. Restate the problem in plain English
2. Conceptualize a solution first in plain English
3. Write a pseudocode solution
4. Output the final Python 3 solution with your solution steps in comments.

Make sure to wrap your code in '```python' and '```' Markdown delimiters, 
and include exactly one block of code with the entire solution.

No outside libraries are allowed.
Builtins are allowed.

INFO - [Task id] 475 [prompt] 1. **Restate the problem in plain English**: 
   We have an array of positive integers, and we need to calculate the sum of all possible continuous subarrays. After calculating these sums, we sort them in non-decreasing order and return the sum of the elements between two specified indices (inclusive) from this sorted list. The result should be returned modulo \(10^9 + 7\).

2. **Conceptualize a solution first in plain English**: 
   To solve this problem, we will:
   - Generate all possible continuous subarrays from the input array and calculate their sums.
   - Store these sums in a list.
   - Sort the list of sums.
   - Calculate the sum of the elements from the specified indices in the sorted list.
   - Return the result modulo \(10^9 + 7\).

3. **Write a pseudocode solution**:
   ```
   function rangeSum(nums, n, left, right):
       Initialize an empty list to store subarray sums
       for i from 0 to n-1:
           Initialize current_sum to 0
           for j from i to n-1:
               current_sum += nums[j]
               Append current_sum to the list of subarray sums
       Sort the list of subarray sums
       Initialize result to 0
       for index from left-1 to right-1:
           result += sorted_sums[index]
       return result % (10^9 + 7)
   ```

4. **Output the final Python 3 solution with your solution steps in comments**:
```python
class Solution:
    def rangeSum(self, nums: list[int], n: int, left: int, right: int) -> int:
        # Step 1: Initialize a list to store the sums of all subarrays
        subarray_sums = []
        
        # Step 2: Generate all subarray sums
        for i in range(n):
            current_sum = 0
            for j in range(i, n):
                current_sum += nums[j]
                subarray_sums.append(current_sum)
        
        # Step 3: Sort the list of subarray sums
        subarray_sums.sort()
        
        # Step 4: Calculate the sum from index left to right (1-based index)
        result = 0
        for index in range(left - 1, right):
            result += subarray_sums[index]
        
        # Step 5: Return the result modulo 10^9 + 7
        return result % (10**9 + 7)
```
INFO - [Task id] 475 [prompt] 
[Environment Feedback]:
    Note: Inputs/outputs here are automatically extracted/truncated so formatting may be a bit off.
    Tests passed:

     Input: [[1, 2, 3, 4], 4, 1, 5] Output: 13

    Tests failed:
    None
[/Environment Feedback]

INFO - [Task id] 475 [prompt] 
Below is the official solution (do exercise discretion as official solutions can also have mistakes).

You will be reflecting on your attempts to solve the problem.
This will be a **standalone** document for your own future reference. (can skip formalities, be concise)

## Instructions
- Only include the most relevant insights and code snippets that could be useful in the future.
- If you did not learn much from the current experience (e.g. the problem was too easy / official solution was obvious), feel free to write less or nothing at all.
- Here are some ideas if the experience was useful:
    - If the official solution is insightful (e.g. better than yours in time and space complexity or more effective in breaking down the problem statement), distil the key approach of the official solution, step by step.
    - If your approach failed the test cases, reason why the official solution works but yours does not

Your reflection should be at most a few paragraphs.

## Official solution
class Solution:
    def rangeSum(self, nums: List[int], n: int, left: int, right: int) -> int:
        # B: partial sum of A
        # C: partial sum of B
        # Use prefix sum to precompute B and C
        A = nums
        B, C = [0] * (n + 1), [0] * (n + 1)
        for i in range(n):
            B[i + 1] = B[i] + A[i]
            C[i + 1] = C[i] + B[i + 1]

        # Use two pointer to
        # calculate the total number of cases if B[j] - B[i] <= score
        def count_sum_under(score):
            res = i = 0
            for j in range(n + 1):
                while B[j] - B[i] > score:
                    i += 1
                res += j - i
            return res

        # calculate the sum for all numbers whose indices are <= index k
        def sum_k_sums(k):
            score = kth_score(k)
            res = i = 0
            for j in range(n + 1):
                # Proceed until B[i] and B[j] are within score
                while B[j] - B[i] > score:
                    i += 1
                res += B[j] * (j - i + 1) - (C[j] - (C[i - 1] if i else 0))
            return res - (count_sum_under(score) - k) * score

        # use bisearch to find how many numbers ae below k
        def kth_score(k):
            l, r = 0, B[n]
            while l < r:
                m = (l + r) // 2
                if count_sum_under(m) < k:
                    l = m + 1
                else:
                    r = m
            return l

        # result between left and right can be converted to [0, right] - [0, left-1] (result below right - result below left-1)
        return (sum_k_sums(right) - sum_k_sums(left - 1))%(10**9 + 7)

INFO - [Task id] 475 [generation text] The official solution employs a more efficient approach using prefix sums and binary search, which significantly optimizes the process of calculating subarray sums compared to the brute-force method I initially implemented. 

### Key Insights from the Official Solution:

1. **Prefix Sums**: The solution constructs two prefix sum arrays, `B` and `C`. The array `B` holds the cumulative sums of the original array `A`, while `C` holds the cumulative sums of `B`. This allows for quick calculations of subarray sums without needing to iterate through the array multiple times.

2. **Counting Sums**: The function `count_sum_under(score)` uses a two-pointer technique to efficiently count how many subarray sums are less than or equal to a given score. This avoids the need to sort all subarray sums explicitly, which can be computationally expensive.

3. **Binary Search for K-th Score**: The function `kth_score(k)` uses binary search to find the k-th smallest subarray sum. This is a crucial optimization that allows the solution to avoid generating and sorting all subarray sums directly.

4. **Final Calculation**: The result is computed by finding the sums of subarray sums up to the specified indices using the helper function `sum_k_sums(k)`, which leverages the previously defined functions to efficiently compute the required sums.

### Reflection on My Approach:
My initial approach involved generating all subarray sums and sorting them, which is straightforward but inefficient for larger inputs. The official solution's use of prefix sums and binary search not only reduces the time complexity but also avoids the need for extensive memory usage associated with storing all subarray sums. This experience highlights the importance of considering more advanced techniques like prefix sums and binary search in problems involving cumulative calculations and sorted order retrieval.
INFO - Updated entry: In this task, I was required to compute the sum of all non-empty continuous subarrays from a given array of positive integers, sort these sums, and then return the sum of a specified range of indices from the sorted list. The solution involved generating all possible subarray sums, sorting them, ...,

INFO - Metadata: {
    "task_id": 475
}

INFO - Updated entry: The official solution employs a more efficient approach using prefix sums and binary search, which significantly optimizes the process of calculating subarray sums compared to the brute-force method I initially implemented. 

### Key Insights from the Official Solution:

1. **Prefix Sums**: The s...,

INFO - Metadata: {
    "task_id": 475
}

INFO - LM call n parse attempt 1 / 3

INFO - [Task id] 475 [prompt] 
You are a helpful assistant that writes a description of the given function written in the Python programming language.

1) Do not mention the function name.
2) Do not mention anything about helper functions.
3) There might be some helper functions before the main function, but you only need to describe the main function.
4) Try to summarize the function in no more than 6 sentences.
5) Your response should be a single line of text.

INFO - [Task id] 475 [prompt] 
class Solution:
    def rangeSum(self, nums: list[int], n: int, left: int, right: int) -> int:
        # Step 1: Initialize a list to store the sums of all subarrays
        subarray_sums = []
        
        # Step 2: Generate all subarray sums
        for i in range(n):
            current_sum = 0
            for j in range(i, n):
                current_sum += nums[j]
                subarray_sums.append(current_sum)
        
        # Step 3: Sort the list of subarray sums
        subarray_sums.sort()
        
        # Step 4: Calculate the sum from index left to right (1-based index)
        result = 0
        for index in range(left - 1, right):
            result += subarray_sums[index]
        
        # Step 5: Return the result modulo 10^9 + 7
        return result % (10**9 + 7)

INFO - [Task id] 475 [generation text] This function calculates the sum of all subarray sums within a specified range defined by two indices, left and right. It first generates all possible subarray sums from the given list of integers. After collecting these sums, it sorts them in ascending order. The function then computes the total of the subarray sums that fall between the specified indices, adjusting for 1-based indexing. Finally, it returns the result modulo \(10^9 + 7\) to ensure the output remains within a manageable range.
INFO - LM call n parse attempt 1 / 3

INFO - [Task id] 475 [prompt] 
You are a helpful assistant that extracts important information from problems and solutions to aid in searchability and education.

## Instructions
- Read through the problem and solution carefully.
- Reason out, step by step, in what scenarios this knowledge would be useful.
- Focus on general patterns and situations to help connect this knowledge to new situations.
- Then, include a list of keywords that are useful for searching this problem/solution pair.

## Response format
Respond in JSON, and follow the keys and expected format of the values strictly.

The output should be formatted as a JSON instance that conforms to the JSON schema below.

As an example, for the schema {"properties": {"foo": {"title": "Foo", "description": "a list of strings", "type": "array", "items": {"type": "string"}}}, "required": ["foo"]}
the object {"foo": ["bar", "baz"]} is a well-formatted instance of the schema. The object {"properties": {"foo": ["bar", "baz"]}} is not well-formatted.

Here is the output schema:
```
{"properties": {"scenarios": {"description": "In what scenarios will this knowledge be useful? Answer in a paragraph.", "title": "Scenarios", "type": "string"}, "keywords": {"description": "List of keywords that are useful for searching this problem/solution pair", "items": {"type": "string"}, "title": "Keywords", "type": "array"}}, "required": ["scenarios", "keywords"]}
```

INFO - [Task id] 475 [prompt] 
[Problem]
    Given the array nums consisting of n positive integers. You computed the sum of all non-empty continous subarrays from the array and then sort them in non-decreasing order, creating a new array of n * (n + 1) / 2 numbers.
    Return the sum of the numbers from index left to index right (indexed from 1), inclusive, in the new array. Since the answer can be a huge number return it modulo 10^9 + 7.
 
    Example 1:
    Input: nums = [1,2,3,4], n = 4, left = 1, right = 5
    Output: 13 
    Explanation: All subarray sums are 1, 3, 6, 10, 2, 5, 9, 3, 7, 4. After sorting them in non-decreasing order we have the new array [1, 2, 3, 3, 4, 5, 6, 7, 9, 10]. The sum of the numbers from index le = 1 to ri = 5 is 1 + 2 + 3 + 3 + 4 = 13. 

    Example 2:
    Input: nums = [1,2,3,4], n = 4, left = 3, right = 4
    Output: 6
    Explanation: The given array is the same as example 1. We have the new array [1, 2, 3, 3, 4, 5, 6, 7, 9, 10]. The sum of the numbers from index le = 3 to ri = 4 is 3 + 3 = 6.

    Example 3:
    Input: nums = [1,2,3,4], n = 4, left = 1, right = 10
    Output: 50

 
    Constraints:

    1 <= nums.length <= 10^3
    nums.length == n
    1 <= nums[i] <= 100
    1 <= left <= right <= n * (n + 1) / 2
[/Problem]

[Solution]

    class Solution:
        def rangeSum(self, nums: list[int], n: int, left: int, right: int) -> int:
            # Step 1: Initialize a list to store the sums of all subarrays
            subarray_sums = []
        
            # Step 2: Generate all subarray sums
            for i in range(n):
                current_sum = 0
                for j in range(i, n):
                    current_sum += nums[j]
                    subarray_sums.append(current_sum)
        
            # Step 3: Sort the list of subarray sums
            subarray_sums.sort()
        
            # Step 4: Calculate the sum from index left to right (1-based index)
            result = 0
            for index in range(left - 1, right):
                result += subarray_sums[index]
        
            # Step 5: Return the result modulo 10^9 + 7
            return result % (10**9 + 7)

[/Solution]

INFO - [Task id] 475 [generation text] 
INFO - {
    "scenarios": "This knowledge is useful in scenarios where one needs to analyze subarray sums from a given array, particularly in competitive programming or algorithm design. It can be applied in problems involving range queries on subarrays, where the goal is to efficiently compute sums over specified ranges after generating all possible subarray sums. This approach can also be beneficial in data analysis tasks where understanding the distribution of sums is important, such as in financial data or statistical analysis.",
    "keywords": [
        "subarray sums",
        "range sum",
        "sorting",
        "continuous subarrays",
        "algorithm",
        "competitive programming",
        "modulo operation",
        "Python",
        "data analysis"
    ]
}
INFO - {
    "scenarios": "This knowledge is useful in scenarios where one needs to analyze subarray sums from a given array, particularly in competitive programming or algorithm design. It can be applied in problems involving range queries on subarrays, where the goal is to efficiently compute sums over specified ranges after generating all possible subarray sums. This approach can also be beneficial in data analysis tasks where understanding the distribution of sums is important, such as in financial data or statistical analysis.",
    "keywords": [
        "subarray sums",
        "range sum",
        "sorting",
        "continuous subarrays",
        "algorithm",
        "competitive programming",
        "modulo operation",
        "Python",
        "data analysis"
    ]
}
INFO - Updated entry: 
[description]
This function calculates the sum of all subarray sums within a specified range defined by two indices, left and right. It first generates all possible subarray sums from the given list of integers. After collecting these sums, it sorts them in ascending order. The function then com...,

INFO - Metadata: {
    "task": 475,
    "code": "\nclass Solution:\n    def rangeSum(self, nums: list[int], n: int, left: int, right: int) -> int:\n        # Step 1: Initialize a list to store the sums of all subarrays\n        subarray_sums = []\n        \n        # Step 2: Generate all subarray sums\n        fo...

