INFO - DB skill doc count: 0

INFO - DB non_func doc count: 4

INFO - DB semantic doc count: 429

INFO - DB summaries doc count: 5

INFO - DB reflections doc count: 5

INFO - DB episodic doc count: 11

INFO - [train iter]: 5/100 

INFO - The task prompt is You have a string S consisting of N uppercase English letters. You are allowed to perform at most one operation of following kind: Choose any position in the string, remove the character at that position and insert it back to any other place in the string.

Find the  lexicographically smallest  s...

INFO - Attempting task_id 1477
INFO - LM call n parse attempt 1 / 3

INFO - [Task id] 1477 [prompt] 
You are an expert programmer tasked with solving the problem below.

Follow the user's instructions to solve the problem.
The user can ask for analysis, code, or both.

## Instructions
When asked to output code,
- Make sure to wrap your code in '```python' and '```' Markdown delimiters, 
- include exactly one block of code with the entire solution
- No outside libraries are allowed. 
- Builtins are allowed.
- If the task specifies a function name to be used, follow it strictly (be case sensitive!) and declare the that function last (helper functions are declared first).
- DO NOT write any assert statements / tests.

## Problem
[BEGIN PROBLEM]
You have a string S consisting of N uppercase English letters. You are allowed to perform at most one operation of following kind: Choose any position in the string, remove the character at that position and insert it back to any other place in the string.

Find the  lexicographically smallest  string you can achieve.

-----Input-----
The first line of the input contains an integer T denoting the number of test cases. The description of T test cases follows.
The first line of each test case contains the single integer N denoting length of string S.
The second line contains the string S.

-----Output-----
For each test case, output a single line containing the answer to the corresponding test case.

-----Constraints-----
- 1 ≤ T ≤ 50
- 1 ≤ N ≤ 50
- S will consist of uppercase English letters.

-----Example-----
Input:
2
4
DCBA
7
XYZZYZZ

Output:
ADCB
XYYZZZZ

-----Explanation-----
Example case 1. The optimal solution here is to choose the last character and put it in the beginning of the string. So the answer will be ADCB
Example case 2. The optimal solution here is to choose the 5-th character (1-based index) and put it between the 2-nd and the 3-rd characters. So the answer will be XYYZZZZ

The output code needs to read from and write to standard IO


[END PROBLEM]

INFO - [Task id] 1477 [prompt] 
## Instructions

Reason through the problem and:
1. Restate the problem in plain English
2. Conceptualize a solution first in plain English
3. Write a pseudocode solution
4. Output the final Python 3 solution with your solution steps in comments.

Make sure to wrap your code in '```python' and '```' Markdown delimiters, 
and include exactly one block of code with the entire solution.

No outside libraries are allowed.
Builtins are allowed.

INFO - [Task id] 1477 [generation text] 1. **Restate the problem in plain English:**
   We need to find the lexicographically smallest string that can be formed by moving one character from any position in a given string to any other position. We will do this for multiple test cases.

2. **Conceptualize a solution first in plain English:**
   To solve this problem, we can iterate through each character in the string and consider it as the character to be moved. For each character, we will remove it from its original position and try inserting it at every possible position in the string. After each insertion, we will check if the new string is smaller than the previously found smallest string. We will keep track of the smallest string found during this process.

3. **Write a pseudocode solution:**
   ```
   function find_smallest_string(T, test_cases):
       for each test_case in test_cases:
           N = length of test_case
           S = test_case
           smallest_string = S
           
           for i from 0 to N-1:  // for each character in S
               char_to_move = S[i]
               remaining_string = S[:i] + S[i+1:]  // string without the character
               
               for j from 0 to N:  // try inserting char_to_move at every position
                   new_string = remaining_string[:j] + char_to_move + remaining_string[j:]
                   if new_string < smallest_string:
                       smallest_string = new_string
           
           output smallest_string
   ```

4. **Output the final Python 3 solution with your solution steps in comments:**
```python
def find_smallest_string(T, test_cases):
    # Iterate through each test case
    for case in test_cases:
        N = case[0]  # Length of the string
        S = case[1]  # The string itself
        smallest_string = S  # Initialize the smallest string as the original string
        
        # Loop through each character in the string
        for i in range(N):
            char_to_move = S[i]  # Character to move
            remaining_string = S[:i] + S[i+1:]  # String without the character
            
            # Try inserting the character at every possible position
            for j in range(N):
                new_string = remaining_string[:j] + char_to_move + remaining_string[j:]
                # Update smallest_string if we found a smaller one
                if new_string < smallest_string:
                    smallest_string = new_string
        
        # Output the smallest string found for this test case
        print(smallest_string)

# Read input
T = int(input())
test_cases = []
for _ in range(T):
    N = int(input())
    S = input().strip()
    test_cases.append((N, S))

# Call the function with the input data
find_smallest_string(T, test_cases)
```
INFO - [35m Rollout attempt 1/4[0m
INFO - [33m Retrieving 1 entries for db: episodic 
 [0m
INFO - Retrieved (score=0.3502):

[Task]:
    The chef is having one string of English lower case alphabets only. The chef wants to remove all "abc" special pairs where a,b,c are occurring consecutively. After removing the pair, create a new string and again remove "abc" special pair from a newly formed string. Repeate the proce...


INFO - [33m Retrieving 1 entries for db: semantic 
 [0m
INFO - Retrieved (score=0.4739):
Title: Suffix Automaton
Part: 7/7
```

### Shortest non-appearing string

Given a string $S$ and a certain alphabet.
We have to find a string of smallest length, that doesn't appear in $S$.

We will apply dynamic programming on the suffix automaton built for the string $S$.

Let $d[v]$ be the ans...


INFO - [33m Retrieving 1 entries for db: reflections 
 [0m
INFO - Retrieved (score=0.4394):
The official solution effectively addresses the problem by using a while loop that checks for the presence of the substring "abc" in the input string. It utilizes the `count` method to determine if "abc" exists and continues to replace all occurrences of it until none remain. This approach is str...


INFO - [33m Retrieving 1 entries for db: summaries 
 [0m
INFO - Retrieved (score=0.3833):
In this problem, the goal was to determine the minimum number of moves required to sort a list of books numbered from 1 to N. The key insight was recognizing that the solution involves finding the length of the longest increasing subsequence (LIS) in the current arrangement of books. The minimum ...


INFO - [33m Retrieving 1 entries for db: non_func 
 [0m
INFO - Retrieved (score=0.4324):

[description for function: main]
This function reads an integer input representing the number of test cases and then iterates through each test case to read a string. For each string, it processes the string to remove all occurrences of the substring "abc" by calling another function. After proc...


INFO - Retrieved (score=0.3502): 
[Past Memory]:

    [Task]:
        The chef is having one string of English lower case alphabets only. The chef wants to remove all "abc" special pairs where a,b,c are occurring consecutively. After removing the pair, create a new string and again remove "abc" special pair from a newly formed s...
INFO - LM call n parse attempt 1 / 3

INFO - [Task id] 1477 [prompt] 
You are an expert programmer tasked with solving the problem below.

Follow the user's instructions to solve the problem.
The user can ask for analysis, code, or both.

## Instructions
When asked to output code,
- Make sure to wrap your code in '```python' and '```' Markdown delimiters, 
- include exactly one block of code with the entire solution
- No outside libraries are allowed. 
- Builtins are allowed.
- If the task specifies a function name to be used, follow it strictly (be case sensitive!) and declare the that function last (helper functions are declared first).
- DO NOT write any assert statements / tests.

## Problem
[BEGIN PROBLEM]
You have a string S consisting of N uppercase English letters. You are allowed to perform at most one operation of following kind: Choose any position in the string, remove the character at that position and insert it back to any other place in the string.

Find the  lexicographically smallest  string you can achieve.

-----Input-----
The first line of the input contains an integer T denoting the number of test cases. The description of T test cases follows.
The first line of each test case contains the single integer N denoting length of string S.
The second line contains the string S.

-----Output-----
For each test case, output a single line containing the answer to the corresponding test case.

-----Constraints-----
- 1 ≤ T ≤ 50
- 1 ≤ N ≤ 50
- S will consist of uppercase English letters.

-----Example-----
Input:
2
4
DCBA
7
XYZZYZZ

Output:
ADCB
XYYZZZZ

-----Explanation-----
Example case 1. The optimal solution here is to choose the last character and put it in the beginning of the string. So the answer will be ADCB
Example case 2. The optimal solution here is to choose the 5-th character (1-based index) and put it between the 2-nd and the 3-rd characters. So the answer will be XYYZZZZ

The output code needs to read from and write to standard IO


[END PROBLEM]

INFO - [Task id] 1477 [prompt] 
## Instructions

Reason through the problem and:
1. Restate the problem in plain English
2. Conceptualize a solution first in plain English
3. Write a pseudocode solution
4. Output the final Python 3 solution with your solution steps in comments.

Make sure to wrap your code in '```python' and '```' Markdown delimiters, 
and include exactly one block of code with the entire solution.

No outside libraries are allowed.
Builtins are allowed.

INFO - [Task id] 1477 [prompt] 
Also, here are some of your memories.
Feel free to use the given information to aid your problem solving process if necessary.
Do not confuse the memories with the problem statement.

## Memories

[Past Memory]:

    [Task]:
        The chef is having one string of English lower case alphabets only. The chef wants to remove all "abc" special pairs where a,b,c are occurring consecutively. After removing the pair, create a new string and again remove "abc" special pair from a newly formed string. Repeate the process until no such pair remains in a string.

        -----Input:-----
        - First line will contain $T$, number of testcases. Then the testcases follow. 
        - Each testcase contains of a single line of input, $String$. 

        -----Output:-----
        For each testcase, output in a single line answer, new String with no "abc" special pair.

        -----Constraints:-----
        $T \leq 2 $
        $1 \leq String length \leq 1000 $

        -----Sample Input:-----
        2
        aabcc
        bababccc

        -----Sample Output:-----
        ac
        bc

        -----EXPLANATION:-----
        For 1) after removing "abc" at middle we get a new string as ac.
        For 2) string = bababccc
        newString1 = babcc  // After removing middle "abc"
        newString2 = bc   //After removing "abc"
    [/Task]

    [Previous Critique]:
        None
    [/Previous Critique]

    [Thought Process and Code]:
        1. **Restatement of the Problem**: 
           We need to repeatedly remove all occurrences of the substring "abc" from a given string until no such substring remains. This process needs to be applied to multiple test cases.

        2. **Conceptualization of a Solution**: 
           To solve this problem, we can use a loop to continuously search for the substring "abc" in the string. Each time we find it, we will remove it and check the resulting string again. We will keep doing this until the string no longer contains "abc". 

        3. **Pseudocode Solution**:
           ```
           function remove_abc_pairs(string):
               while "abc" is in string:
                   remove the first occurrence of "abc" from string
               return string

           function main():
               read number of test cases T
               for each test case:
                   read string
                   result = remove_abc_pairs(string)
                   print result
           ```

        4. **Final Python 3 Solution**:
        ```python
        def remove_abc_pairs(string):
            while "abc" in string:
                string = string.replace("abc", "", 1)  # Remove the first occurrence of "abc"
            return string

        def main():
            T = int(input())  # Read number of test cases
            for _ in range(T):
                string = input().strip()  # Read each string
                result = remove_abc_pairs(string)  # Process the string
                print(result)  # Output the result

        main()
        ```
    [/Thought Process and Code]

    [Environment Feedback]:
        Note: Inputs/outputs here are automatically extracted/truncated so formatting may be a bit off.
        Tests passed:

         Input: ['2', 'aabcc', 'bababccc'] Output: ac
        bc

        Tests failed:
        None
    [/Environment Feedback]

    [Result]:
        Success
    [/Result]

[/Past Memory]


INFO - [Task id] 1477 [generation text] 1. **Restatement of the Problem**: 
   We need to find the lexicographically smallest string that can be formed by removing one character from a given string and reinserting it at any position. This needs to be done for multiple test cases.

2. **Conceptualization of a Solution**: 
   To achieve the lexicographically smallest string, we can iterate through each character in the string, remove it, and then try to insert it back at every possible position in the remaining string. We will keep track of the smallest string encountered during this process.

3. **Pseudocode Solution**:
   ```
   function find_smallest_string(S):
       smallest = S  # Start with the original string as the smallest
       for i from 0 to length of S - 1:
           char = S[i]  # Character to remove
           remaining = S[:i] + S[i+1:]  # Remaining string after removal
           for j from 0 to length of remaining:
               new_string = remaining[:j] + char + remaining[j:]  # Insert char at position j
               if new_string < smallest:
                   smallest = new_string  # Update smallest if new_string is smaller
       return smallest

   function main():
       T = read number of test cases
       for each test case:
           N = read length of string
           S = read string
           result = find_smallest_string(S)
           print result
   ```

4. **Final Python 3 Solution**:
```python
def find_smallest_string(S):
    smallest = S  # Start with the original string as the smallest
    for i in range(len(S)):
        char = S[i]  # Character to remove
        remaining = S[:i] + S[i+1:]  # Remaining string after removal
        for j in range(len(remaining) + 1):
            new_string = remaining[:j] + char + remaining[j:]  # Insert char at position j
            if new_string < smallest:
                smallest = new_string  # Update smallest if new_string is smaller
    return smallest

def main():
    T = int(input())  # Read number of test cases
    for _ in range(T):
        N = int(input())  # Read length of string
        S = input().strip()  # Read string
        result = find_smallest_string(S)  # Process the string
        print(result)  # Output the result

main()
```
INFO - program_code:
 
def find_smallest_string(S):
    smallest = S  # Start with the original string as the smallest
    for i in range(len(S)):
        char = S[i]  # Character to remove
        remaining = S[:i] + S[i+1:]  # Remaining string after removal
        for j in range(len(remaining) + 1):
            new_string = remaining[:j] + char + remaining[j:]  # Insert char at position j
            if new_string < smallest:
                smallest = new_string  # Update smallest if new_string is smaller
    return smallest

def main():
    T = int(input())  # Read number of test cases
    for _ in range(T):
        N = int(input())  # Read length of string
        S = input().strip()  # Read string
        result = find_smallest_string(S)  # Process the string
        print(result)  # Output the result

main()


INFO - program_name:
 main

INFO - dependencies:
 []

INFO - raw_msg:
 1. **Restatement of the Problem**: 
   We need to find the lexicographically smallest string that can be formed by removing one character from a given string and reinserting it at any position. This needs to be done for multiple test cases.

2. **Conceptualization of a Solution**: 
   To achieve the lexicographically smallest string, we can iterate through each character in the string, remove it, and then try to insert it back at every possible position in the remaining string. We will keep track of the smallest string encountered during this process.

3. **Pseudocode Solution**:
   ```
   function find_smallest_string(S):
       smallest = S  # Start with the original string as the smallest
       for i from 0 to length of S - 1:
           char = S[i]  # Character to remove
           remaining = S[:i] + S[i+1:]  # Remaining string after removal
           for j from 0 to length of remaining:
               new_string = remaining[:j] + char + remaining[j:]  # Insert char at position j
               if new_string < smallest:
                   smallest = new_string  # Update smallest if new_string is smaller
       return smallest

   function main():
       T = read number of test cases
       for each test case:
           N = read length of string
           S = read string
           result = find_smallest_string(S)
           print result
   ```

4. **Final Python 3 Solution**:
```python
def find_smallest_string(S):
    smallest = S  # Start with the original string as the smallest
    for i in range(len(S)):
        char = S[i]  # Character to remove
        remaining = S[:i] + S[i+1:]  # Remaining string after removal
        for j in range(len(remaining) + 1):
            new_string = remaining[:j] + char + remaining[j:]  # Insert char at position j
            if new_string < smallest:
                smallest = new_string  # Update smallest if new_string is smaller
    return smallest

def main():
    T = int(input())  # Read number of test cases
    for _ in range(T):
        N = int(input())  # Read length of string
        S = input().strip()  # Read string
        result = find_smallest_string(S)  # Process the string
        print(result)  # Output the result

main()
```

INFO - no_parent:
 False

INFO - full code to be executed: 
 
def find_smallest_string(S):
    smallest = S  # Start with the original string as the smallest
    for i in range(len(S)):
        char = S[i]  # Character to remove
        remaining = S[:i] + S[i+1:]  # Remaining string after removal
        for j in range(len(remaining) + 1):
            new_string = remaining[:j] + char + remaining[j:]  # Insert char at position j
            if new_string < smallest:
                smallest = new_string  # Update smallest if new_string is smaller
    return smallest

def main():
    T = int(input())  # Read number of test cases
    for _ in range(T):
        N = int(input())  # Read length of string
        S = input().strip()  # Read string
        result = find_smallest_string(S)  # Process the string
        print(result)  # Output the result

main()


INFO - obs: Note: Inputs/outputs here are automatically extracted/truncated so formatting may be a bit off.
Tests passed:

 Input: ['2', '4', 'DCBA', '7', 'XYZZYZZ'] Output: ADCB
XYYZZZZ

Tests failed:
None
reward: True
done: None
info: {'individual_results': [True]}
INFO - Updated entry: 
[Task]:
    You have a string S consisting of N uppercase English letters. You are allowed to perform at most one operation of following kind: Choose any position in the string, remove the character at that position and insert it back to any other place in the string.

    Find the  lexicographi...,

INFO - Metadata: {
    "raw_msg": "1. **Restatement of the Problem**: \n   We need to find the lexicographically smallest string that can be formed by removing one character from a given string and reinserting it at any position. This needs to be done for multiple test cases.\n\n2. **Conceptualization of a Soluti...

INFO - LM call n parse attempt 1 / 3

INFO - [Task id] 1477 [prompt] 
You are an expert programmer tasked with solving the problem below.

Follow the user's instructions to solve the problem.
The user can ask for analysis, code, or both.

## Instructions
When asked to output code,
- Make sure to wrap your code in '```python' and '```' Markdown delimiters, 
- include exactly one block of code with the entire solution
- No outside libraries are allowed. 
- Builtins are allowed.
- If the task specifies a function name to be used, follow it strictly (be case sensitive!) and declare the that function last (helper functions are declared first).
- DO NOT write any assert statements / tests.

## Problem
[BEGIN PROBLEM]
You have a string S consisting of N uppercase English letters. You are allowed to perform at most one operation of following kind: Choose any position in the string, remove the character at that position and insert it back to any other place in the string.

Find the  lexicographically smallest  string you can achieve.

-----Input-----
The first line of the input contains an integer T denoting the number of test cases. The description of T test cases follows.
The first line of each test case contains the single integer N denoting length of string S.
The second line contains the string S.

-----Output-----
For each test case, output a single line containing the answer to the corresponding test case.

-----Constraints-----
- 1 ≤ T ≤ 50
- 1 ≤ N ≤ 50
- S will consist of uppercase English letters.

-----Example-----
Input:
2
4
DCBA
7
XYZZYZZ

Output:
ADCB
XYYZZZZ

-----Explanation-----
Example case 1. The optimal solution here is to choose the last character and put it in the beginning of the string. So the answer will be ADCB
Example case 2. The optimal solution here is to choose the 5-th character (1-based index) and put it between the 2-nd and the 3-rd characters. So the answer will be XYYZZZZ

The output code needs to read from and write to standard IO


[END PROBLEM]

INFO - [Task id] 1477 [prompt] 
## Instructions

Reason through the problem and:
1. Restate the problem in plain English
2. Conceptualize a solution first in plain English
3. Write a pseudocode solution
4. Output the final Python 3 solution with your solution steps in comments.

Make sure to wrap your code in '```python' and '```' Markdown delimiters, 
and include exactly one block of code with the entire solution.

No outside libraries are allowed.
Builtins are allowed.

INFO - [Task id] 1477 [prompt] 1. **Restatement of the Problem**: 
   We need to find the lexicographically smallest string that can be formed by removing one character from a given string and reinserting it at any position. This needs to be done for multiple test cases.

2. **Conceptualization of a Solution**: 
   To achieve the lexicographically smallest string, we can iterate through each character in the string, remove it, and then try to insert it back at every possible position in the remaining string. We will keep track of the smallest string encountered during this process.

3. **Pseudocode Solution**:
   ```
   function find_smallest_string(S):
       smallest = S  # Start with the original string as the smallest
       for i from 0 to length of S - 1:
           char = S[i]  # Character to remove
           remaining = S[:i] + S[i+1:]  # Remaining string after removal
           for j from 0 to length of remaining:
               new_string = remaining[:j] + char + remaining[j:]  # Insert char at position j
               if new_string < smallest:
                   smallest = new_string  # Update smallest if new_string is smaller
       return smallest

   function main():
       T = read number of test cases
       for each test case:
           N = read length of string
           S = read string
           result = find_smallest_string(S)
           print result
   ```

4. **Final Python 3 Solution**:
```python
def find_smallest_string(S):
    smallest = S  # Start with the original string as the smallest
    for i in range(len(S)):
        char = S[i]  # Character to remove
        remaining = S[:i] + S[i+1:]  # Remaining string after removal
        for j in range(len(remaining) + 1):
            new_string = remaining[:j] + char + remaining[j:]  # Insert char at position j
            if new_string < smallest:
                smallest = new_string  # Update smallest if new_string is smaller
    return smallest

def main():
    T = int(input())  # Read number of test cases
    for _ in range(T):
        N = int(input())  # Read length of string
        S = input().strip()  # Read string
        result = find_smallest_string(S)  # Process the string
        print(result)  # Output the result

main()
```
INFO - [Task id] 1477 [prompt] 
[Environment Feedback]:
    Note: Inputs/outputs here are automatically extracted/truncated so formatting may be a bit off.
    Tests passed:

     Input: ['2', '4', 'DCBA', '7', 'XYZZYZZ'] Output: ADCB
    XYYZZZZ

    Tests failed:
    None
[/Environment Feedback]

INFO - [Task id] 1477 [prompt] 
## Instructions
Now, summarize your attempts as a **standalone** document for your own future reference. (can skip formalities, be concise)

- Only include the most relevant information and code snippets that could be useful in the future.
- If you did not learn much from the current experience (e.g. the problem was too easy), feel free to write less or nothing at all.
- Here are some ideas if the experience was useful:
    - Identifying the core concepts and patterns that problem appears to test for
    - Describing the strategies that seemed to work but did not, and vice versa
    - Describing unexpected errors and how they were fixed

Your summary should be at most a few paragraphs.

INFO - [Task id] 1477 [generation text] The problem involved finding the lexicographically smallest string by removing one character from a given string and reinserting it at any position. The solution required iterating through each character, removing it, and testing all possible reinsertion points in the remaining string to determine the smallest possible configuration.

The core concept tested here was the manipulation of strings and understanding of lexicographical order. The approach that worked involved maintaining a variable to track the smallest string encountered during the iterations. The nested loops allowed for comprehensive testing of all possible configurations after removing a character.

The final solution was implemented in Python, using a straightforward approach without any external libraries. The code effectively handled multiple test cases and produced the correct outputs. The key takeaway was the importance of systematically exploring all possibilities in combinatorial problems to ensure the optimal solution is found. 

Here’s the final code snippet for reference:

```python
def find_smallest_string(S):
    smallest = S
    for i in range(len(S)):
        char = S[i]
        remaining = S[:i] + S[i+1:]
        for j in range(len(remaining) + 1):
            new_string = remaining[:j] + char + remaining[j:]
            if new_string < smallest:
                smallest = new_string
    return smallest

def main():
    T = int(input())
    for _ in range(T):
        N = int(input())
        S = input().strip()
        result = find_smallest_string(S)
        print(result)

main()
``` 

This experience reinforced the importance of thorough testing and the ability to manipulate strings effectively in Python.
INFO - LM call n parse attempt 1 / 3

INFO - [Task id] 1477 [prompt] 
You are an expert programmer tasked with solving the problem below.

Follow the user's instructions to solve the problem.
The user can ask for analysis, code, or both.

## Instructions
When asked to output code,
- Make sure to wrap your code in '```python' and '```' Markdown delimiters, 
- include exactly one block of code with the entire solution
- No outside libraries are allowed. 
- Builtins are allowed.
- If the task specifies a function name to be used, follow it strictly (be case sensitive!) and declare the that function last (helper functions are declared first).
- DO NOT write any assert statements / tests.

## Problem
[BEGIN PROBLEM]
You have a string S consisting of N uppercase English letters. You are allowed to perform at most one operation of following kind: Choose any position in the string, remove the character at that position and insert it back to any other place in the string.

Find the  lexicographically smallest  string you can achieve.

-----Input-----
The first line of the input contains an integer T denoting the number of test cases. The description of T test cases follows.
The first line of each test case contains the single integer N denoting length of string S.
The second line contains the string S.

-----Output-----
For each test case, output a single line containing the answer to the corresponding test case.

-----Constraints-----
- 1 ≤ T ≤ 50
- 1 ≤ N ≤ 50
- S will consist of uppercase English letters.

-----Example-----
Input:
2
4
DCBA
7
XYZZYZZ

Output:
ADCB
XYYZZZZ

-----Explanation-----
Example case 1. The optimal solution here is to choose the last character and put it in the beginning of the string. So the answer will be ADCB
Example case 2. The optimal solution here is to choose the 5-th character (1-based index) and put it between the 2-nd and the 3-rd characters. So the answer will be XYYZZZZ

The output code needs to read from and write to standard IO


[END PROBLEM]

INFO - [Task id] 1477 [prompt] 
## Instructions

Reason through the problem and:
1. Restate the problem in plain English
2. Conceptualize a solution first in plain English
3. Write a pseudocode solution
4. Output the final Python 3 solution with your solution steps in comments.

Make sure to wrap your code in '```python' and '```' Markdown delimiters, 
and include exactly one block of code with the entire solution.

No outside libraries are allowed.
Builtins are allowed.

INFO - [Task id] 1477 [prompt] 1. **Restatement of the Problem**: 
   We need to find the lexicographically smallest string that can be formed by removing one character from a given string and reinserting it at any position. This needs to be done for multiple test cases.

2. **Conceptualization of a Solution**: 
   To achieve the lexicographically smallest string, we can iterate through each character in the string, remove it, and then try to insert it back at every possible position in the remaining string. We will keep track of the smallest string encountered during this process.

3. **Pseudocode Solution**:
   ```
   function find_smallest_string(S):
       smallest = S  # Start with the original string as the smallest
       for i from 0 to length of S - 1:
           char = S[i]  # Character to remove
           remaining = S[:i] + S[i+1:]  # Remaining string after removal
           for j from 0 to length of remaining:
               new_string = remaining[:j] + char + remaining[j:]  # Insert char at position j
               if new_string < smallest:
                   smallest = new_string  # Update smallest if new_string is smaller
       return smallest

   function main():
       T = read number of test cases
       for each test case:
           N = read length of string
           S = read string
           result = find_smallest_string(S)
           print result
   ```

4. **Final Python 3 Solution**:
```python
def find_smallest_string(S):
    smallest = S  # Start with the original string as the smallest
    for i in range(len(S)):
        char = S[i]  # Character to remove
        remaining = S[:i] + S[i+1:]  # Remaining string after removal
        for j in range(len(remaining) + 1):
            new_string = remaining[:j] + char + remaining[j:]  # Insert char at position j
            if new_string < smallest:
                smallest = new_string  # Update smallest if new_string is smaller
    return smallest

def main():
    T = int(input())  # Read number of test cases
    for _ in range(T):
        N = int(input())  # Read length of string
        S = input().strip()  # Read string
        result = find_smallest_string(S)  # Process the string
        print(result)  # Output the result

main()
```
INFO - [Task id] 1477 [prompt] 
[Environment Feedback]:
    Note: Inputs/outputs here are automatically extracted/truncated so formatting may be a bit off.
    Tests passed:

     Input: ['2', '4', 'DCBA', '7', 'XYZZYZZ'] Output: ADCB
    XYYZZZZ

    Tests failed:
    None
[/Environment Feedback]

INFO - [Task id] 1477 [prompt] 
Below is the official solution (do exercise discretion as official solutions can also have mistakes).

You will be reflecting on your attempts to solve the problem.
This will be a **standalone** document for your own future reference. (can skip formalities, be concise)

## Instructions
- Only include the most relevant insights and code snippets that could be useful in the future.
- If you did not learn much from the current experience (e.g. the problem was too easy / official solution was obvious), feel free to write less or nothing at all.
- Here are some ideas if the experience was useful:
    - If the official solution is insightful (e.g. better than yours in time and space complexity or more effective in breaking down the problem statement), distil the key approach of the official solution, step by step.
    - If your approach failed the test cases, reason why the official solution works but yours does not

Your reflection should be at most a few paragraphs.

## Official solution
for _1 in range(int(input())):
 n=int(input())
 s=input().strip()
 answer=s
 for i in range(len(s)):
  c=s[i]
  string=s[:i]+s[i+1:]
  for j in range(len(string)+1):
   answer=min(answer, string[:j]+c+string[j:])
 print(answer)

INFO - [Task id] 1477 [generation text] The official solution closely mirrors my approach, which indicates that my understanding of the problem was correct. Both solutions involve iterating through each character in the string, removing it, and then reinserting it at every possible position in the remaining string. The key difference lies in the use of the `min` function in the official solution, which simplifies the comparison and updating of the smallest string found.

One insight from the official solution is the efficiency of using `min` directly to compare the current candidate string with the smallest string found so far. This reduces the need for an explicit conditional check, making the code cleaner and potentially more efficient. 

Additionally, both solutions have a similar time complexity of O(N^2) due to the nested loops, where N is the length of the string. However, the official solution's use of `min` may provide a slight edge in readability and conciseness.

Overall, the experience reinforced the importance of considering built-in functions for comparisons and updates, as they can lead to cleaner and more efficient code.
INFO - Updated entry: The problem involved finding the lexicographically smallest string by removing one character from a given string and reinserting it at any position. The solution required iterating through each character, removing it, and testing all possible reinsertion points in the remaining string to determin...,

INFO - Metadata: {
    "task_id": 1477
}

INFO - Updated entry: The official solution closely mirrors my approach, which indicates that my understanding of the problem was correct. Both solutions involve iterating through each character in the string, removing it, and then reinserting it at every possible position in the remaining string. The key difference l...,

INFO - Metadata: {
    "task_id": 1477
}

INFO - LM call n parse attempt 1 / 3

INFO - [Task id] 1477 [prompt] 
You are a helpful assistant that writes a description of the given function written in the Python programming language.

1) Do not mention the function name.
2) Do not mention anything about helper functions.
3) There might be some helper functions before the main function, but you only need to describe the main function.
4) Try to summarize the function in no more than 6 sentences.
5) Your response should be a single line of text.

INFO - [Task id] 1477 [prompt] 
def find_smallest_string(S):
    smallest = S  # Start with the original string as the smallest
    for i in range(len(S)):
        char = S[i]  # Character to remove
        remaining = S[:i] + S[i+1:]  # Remaining string after removal
        for j in range(len(remaining) + 1):
            new_string = remaining[:j] + char + remaining[j:]  # Insert char at position j
            if new_string < smallest:
                smallest = new_string  # Update smallest if new_string is smaller
    return smallest

def main():
    T = int(input())  # Read number of test cases
    for _ in range(T):
        N = int(input())  # Read length of string
        S = input().strip()  # Read string
        result = find_smallest_string(S)  # Process the string
        print(result)  # Output the result

main()


The main function is `main`.
INFO - [Task id] 1477 [generation text] The function processes multiple test cases where it reads the length of a string and the string itself, then it finds the lexicographically smallest string that can be formed by removing one character and reinserting it at any position. It first reads the number of test cases and iterates through each case, reading the string and its length. For each string, it calls another function to determine the smallest possible arrangement. Finally, it prints the result for each test case. The function effectively handles input and output while delegating the string manipulation to another part of the code.
INFO - LM call n parse attempt 1 / 3

INFO - [Task id] 1477 [prompt] 
You are a helpful assistant that extracts important information from problems and solutions to aid in searchability and education.

## Instructions
- Read through the problem and solution carefully.
- Reason out, step by step, in what scenarios this knowledge would be useful.
- Focus on general patterns and situations to help connect this knowledge to new situations.
- Then, include a list of keywords that are useful for searching this problem/solution pair.

## Response format
Respond in JSON, and follow the keys and expected format of the values strictly.

The output should be formatted as a JSON instance that conforms to the JSON schema below.

As an example, for the schema {"properties": {"foo": {"title": "Foo", "description": "a list of strings", "type": "array", "items": {"type": "string"}}}, "required": ["foo"]}
the object {"foo": ["bar", "baz"]} is a well-formatted instance of the schema. The object {"properties": {"foo": ["bar", "baz"]}} is not well-formatted.

Here is the output schema:
```
{"properties": {"scenarios": {"description": "In what scenarios will this knowledge be useful? Answer in a paragraph.", "title": "Scenarios", "type": "string"}, "keywords": {"description": "List of keywords that are useful for searching this problem/solution pair", "items": {"type": "string"}, "title": "Keywords", "type": "array"}}, "required": ["scenarios", "keywords"]}
```

INFO - [Task id] 1477 [prompt] 
[Problem]
    You have a string S consisting of N uppercase English letters. You are allowed to perform at most one operation of following kind: Choose any position in the string, remove the character at that position and insert it back to any other place in the string.

    Find the  lexicographically smallest  string you can achieve.

    -----Input-----
    The first line of the input contains an integer T denoting the number of test cases. The description of T test cases follows.
    The first line of each test case contains the single integer N denoting length of string S.
    The second line contains the string S.

    -----Output-----
    For each test case, output a single line containing the answer to the corresponding test case.

    -----Constraints-----
    - 1 ≤ T ≤ 50
    - 1 ≤ N ≤ 50
    - S will consist of uppercase English letters.

    -----Example-----
    Input:
    2
    4
    DCBA
    7
    XYZZYZZ

    Output:
    ADCB
    XYYZZZZ

    -----Explanation-----
    Example case 1. The optimal solution here is to choose the last character and put it in the beginning of the string. So the answer will be ADCB
    Example case 2. The optimal solution here is to choose the 5-th character (1-based index) and put it between the 2-nd and the 3-rd characters. So the answer will be XYYZZZZ
[/Problem]

[Solution]

    def find_smallest_string(S):
        smallest = S  # Start with the original string as the smallest
        for i in range(len(S)):
            char = S[i]  # Character to remove
            remaining = S[:i] + S[i+1:]  # Remaining string after removal
            for j in range(len(remaining) + 1):
                new_string = remaining[:j] + char + remaining[j:]  # Insert char at position j
                if new_string < smallest:
                    smallest = new_string  # Update smallest if new_string is smaller
        return smallest

    def main():
        T = int(input())  # Read number of test cases
        for _ in range(T):
            N = int(input())  # Read length of string
            S = input().strip()  # Read string
            result = find_smallest_string(S)  # Process the string
            print(result)  # Output the result

    main()

[/Solution]

INFO - [Task id] 1477 [generation text] 
INFO - {
    "scenarios": "This knowledge is useful in scenarios where you need to optimize string arrangements, particularly in competitive programming or algorithm design. It can be applied in problems involving string manipulation, sorting, or lexicographical comparisons. Understanding how to efficiently find the smallest lexicographical arrangement with limited operations can also aid in developing algorithms for text processing, data compression, or even in applications like auto-suggestions where order matters.",
    "keywords": [
        "string manipulation",
        "lexicographical order",
        "algorithm",
        "competitive programming",
        "text processing",
        "uppercase letters",
        "character rearrangement",
        "smallest string",
        "optimization"
    ]
}
INFO - {
    "scenarios": "This knowledge is useful in scenarios where you need to optimize string arrangements, particularly in competitive programming or algorithm design. It can be applied in problems involving string manipulation, sorting, or lexicographical comparisons. Understanding how to efficiently find the smallest lexicographical arrangement with limited operations can also aid in developing algorithms for text processing, data compression, or even in applications like auto-suggestions where order matters.",
    "keywords": [
        "string manipulation",
        "lexicographical order",
        "algorithm",
        "competitive programming",
        "text processing",
        "uppercase letters",
        "character rearrangement",
        "smallest string",
        "optimization"
    ]
}
INFO - Updated entry: 
[description for function: main]
The function processes multiple test cases where it reads the length of a string and the string itself, then it finds the lexicographically smallest string that can be formed by removing one character and reinserting it at any position. It first reads the number ...,

INFO - Metadata: {
    "task": 1477,
    "code": "\ndef find_smallest_string(S):\n    smallest = S  # Start with the original string as the smallest\n    for i in range(len(S)):\n        char = S[i]  # Character to remove\n        remaining = S[:i] + S[i+1:]  # Remaining string after removal\n        for j in ran...

