INFO - DB skill doc count: 0

INFO - DB non_func doc count: 72

INFO - DB semantic doc count: 429

INFO - DB summaries doc count: 91

INFO - DB reflections doc count: 91

INFO - DB episodic doc count: 167

INFO - [train iter]: 91/100 

INFO - The task prompt is There is crazy man named P29892P. He always tries to do crazy things as he thinks. One day he invented a machine and named it as ANGEN. The ANGEN is used to perform range operations. The range operation means performing operations on range values from {L..R}. At any time it performs operations on...

INFO - Attempting task_id 692
INFO - LM call n parse attempt 1 / 3

INFO - [Task id] 692 [prompt] 
You are an expert programmer tasked with solving the problem below.

Follow the user's instructions to solve the problem.
The user can ask for analysis, code, or both.

## Instructions
When asked to output code,
- Make sure to wrap your code in '```python' and '```' Markdown delimiters, 
- include exactly one block of code with the entire solution
- No outside libraries are allowed. 
- Builtins are allowed.
- If the task specifies a function name to be used, follow it strictly (be case sensitive!) and declare the that function last (helper functions are declared first).
- DO NOT write any assert statements / tests.

## Problem
[BEGIN PROBLEM]
There is crazy man named P29892P. He always tries to do crazy things as he thinks. One day he invented a machine and named it as ANGEN. The ANGEN is used to perform range operations. The range operation means performing operations on range values from {L..R}. At any time it performs operations on values in between L to R.
ANGEN can perform following operations
U I V - Update the value present at I  with value V
A L R - Find the sum between range L and R
M L R - Find the maximum number between L and R
m L R - Find the minimum number between L and R
S L R - Find second maximum value in between L and R
s L R - Find second mimimum value in between L and R
If it is not possible perform operation ANGEN returns “NA” with out quotes.
For Invalid operations ANGEN returns “!!!” with out quotes.
Now P29892P challenging his friends and you too, to build his invention with yourown code. So it's your time to defeat P29892P by implementing his invention with your own ability. Let's go and solve the problem.

-----Input-----
Input description.
- The first line of the input contains an integer N denoting the number of integers. 
- The next line contains N space separated integers."
- The next line contains a single integer Q denoting the number of Questions.
-  The next Q lines contains T Question type , L and R.

-----Output-----
Print output for each question in separate line.

-----Constraints-----
Should contain all the constraints on the input data that you may have. Format it like:
- 1 ≤ N ≤ 100000
- 1 ≤ values[i] ≤ 1000000000
- 1 ≤ Q ≤ 10000
- T in { A..Z, a..z }
- 1 ≤ L ≤ R ≤ N

-----Example-----
Input:
6
1 2 5 3 10 6
6
A 1 5
M 1 3
m 5 6
s 3 6
U 1 7
S 1 2

Output:
21
5
6
5
2

-----Explanation-----
...

The output code needs to read from and write to standard IO


[END PROBLEM]

INFO - [Task id] 692 [prompt] 
## Instructions

Reason through the problem and:
1. Restate the problem in plain English
2. Conceptualize a solution first in plain English
3. Write a pseudocode solution
4. Output the final Python 3 solution with your solution steps in comments.

Make sure to wrap your code in '```python' and '```' Markdown delimiters, 
and include exactly one block of code with the entire solution.

No outside libraries are allowed.
Builtins are allowed.

INFO - [Task id] 692 [generation text] 1. **Restate the problem in plain English:**
   We need to create a system called ANGEN that can perform various operations on a list of integers. The operations include updating a specific index with a new value, finding the sum of a range of values, finding the maximum or minimum value in a range, and finding the second maximum or second minimum value in a range. If an operation cannot be performed, we should return "NA", and for invalid operations, we should return "!!!".

2. **Conceptualize a solution first in plain English:**
   - We will start by reading the number of integers and the integers themselves into a list.
   - We will then read the number of queries and process each query based on its type.
   - For update operations, we will directly modify the list.
   - For sum, maximum, and minimum operations, we will compute the required values by iterating through the specified range.
   - For second maximum and second minimum operations, we will collect unique values from the range, sort them, and retrieve the second largest or second smallest.
   - We will handle invalid queries and out-of-bounds access appropriately.

3. **Write a pseudocode solution:**
   ```
   function main():
       read N
       read list of integers
       read Q
       for each query in Q:
           parse query type T, L, R
           if T is 'U':
               update list at index L-1 with R
           else if T is 'A':
               calculate sum from index L-1 to R-1
           else if T is 'M':
               find maximum from index L-1 to R-1
           else if T is 'm':
               find minimum from index L-1 to R-1
           else if T is 'S':
               find second maximum from index L-1 to R-1
           else if T is 's':
               find second minimum from index L-1 to R-1
           else:
               print "!!!"
   ```

4. **Output the final Python 3 solution with your solution steps in comments:**
```python
def main():
    import sys
    input = sys.stdin.read
    data = input().splitlines()
    
    # Read number of integers
    N = int(data[0])
    # Read the list of integers
    values = list(map(int, data[1].split()))
    # Read number of queries
    Q = int(data[2])
    
    results = []
    
    for i in range(3, 3 + Q):
        query = data[i].split()
        T = query[0]
        L = int(query[1]) - 1  # Convert to 0-based index
        R = int(query[2]) - 1  # Convert to 0-based index
        
        if T == 'U':
            if 0 <= L < N:
                values[L] = R + 1  # Update value at index L with R
            else:
                results.append("!!!")
        
        elif T == 'A':
            if 0 <= L <= R < N:
                results.append(str(sum(values[L:R + 1])))
            else:
                results.append("!!!")
        
        elif T == 'M':
            if 0 <= L <= R < N:
                results.append(str(max(values[L:R + 1])))
            else:
                results.append("!!!")
        
        elif T == 'm':
            if 0 <= L <= R < N:
                results.append(str(min(values[L:R + 1])))
            else:
                results.append("!!!")
        
        elif T == 'S':
            if 0 <= L <= R < N:
                unique_values = sorted(set(values[L:R + 1]), reverse=True)
                if len(unique_values) > 1:
                    results.append(str(unique_values[1]))  # Second maximum
                else:
                    results.append("NA")
            else:
                results.append("!!!")
        
        elif T == 's':
            if 0 <= L <= R < N:
                unique_values = sorted(set(values[L:R + 1]))
                if len(unique_values) > 1:
                    results.append(str(unique_values[1]))  # Second minimum
                else:
                    results.append("NA")
            else:
                results.append("!!!")
        
        else:
            results.append("!!!")
    
    # Print all results for the queries
    print("\n".join(results))

```
INFO - [35m Rollout attempt 1/4[0m
INFO - [33m Retrieving 3 entries for db: episodic 
 [0m
INFO - Retrieved (score=0.3411):

[Task]:
    Nexus 4.O is going to be organized by ASME, GLA University. Shubhanshu, Head of Finance Team is working for it. He has $N$ number of bills of different values as $a$$1$,$ a$$2$, $a$$3$…$a$$n$.
    He is interested in a game in which one has to do the addition of the bills. But due to...


INFO - Retrieved (score=0.3897):

[Task]:
    Let's call a sequence good if the sum of all its elements is $0$.
    You have a sequence of integers $A_1, A_2, \ldots, A_N$. You may perform any number of operations on this sequence (including zero). In one operation, you should choose a valid index $i$ and decrease $A_i$ by $i$. ...


INFO - Retrieved (score=0.3914):

[Task]:
    Chef is going to organize a hill jumping competition and he is going to be one of the judges in it. In this competition there are N hills in a row, and the initial height of i-th hill is Ai. Participants are required to demonstrate their jumping skills by doing what the judges tell t...


INFO - [33m Retrieving 3 entries for db: semantic 
 [0m
INFO - Retrieved (score=0.4313):
Title: Search the subarray with the maximum/minimum sum
Part: 2/2
```

## Related tasks

### Finding the maximum/minimum subarray with constraints

If the problem condition imposes additional restrictions on the required segment $[l, r]$ (for example, that the length $r-l+1$ of the segment must b...


INFO - Retrieved (score=0.4449):
Title: Range Minimum Query
Part: 1/1
# Range Minimum Query

You are given an array $A[1..N]$.
You have to answer incoming queries of the form $(L, R)$, which ask to find the minimum element in array $A$ between positions $L$ and $R$ inclusive.

RMQ can appear in problems directly or can be applie...


INFO - Retrieved (score=0.4485):
Title: Search the subarray with the maximum/minimum sum
Part: 1/2
# Search the subarray with the maximum/minimum sum

Here, we consider the problem of finding a subarray with maximum sum, as well as some of its variations (including the algorithm for solving this problem online).

## Problem stat...


INFO - [33m Retrieving 3 entries for db: reflections 
 [0m
INFO - Retrieved (score=0.3632):
The official solution effectively addresses the problem with a straightforward approach, focusing on the two types of operations required. Here are the key insights and comparisons with my initial solution:

1. **Input Handling**: The official solution reads input in a compact manner, using a sin...


INFO - Retrieved (score=0.3947):
The official solution effectively addresses the problem by directly iterating through the list of bills for each query and calculating the sum within the specified range. Here are some key insights from the official solution:

1. **Input Handling**: The solution reads the number of test cases and...


INFO - Retrieved (score=0.4002):
The official solution employs a dictionary to track the scores of students, which allows for a more efficient handling of score updates compared to using a list. This approach is particularly beneficial when the number of students (N) is large, but the number of questions (M) is relatively small,...


INFO - [33m Retrieving 3 entries for db: summaries 
 [0m
INFO - Retrieved (score=0.3128):
In this problem, the main challenge was to efficiently handle two types of operations on a list of hill heights: determining the final position after a series of jumps and updating the heights of a specified range. The core concept involved simulating the jumps based on the heights of the hills a...


INFO - Retrieved (score=0.3312):
In this task, I was required to calculate the mean of maximum scores for students after they solve a series of questions with varying complexities. Each student starts with a score of 10, and their score is multiplied by the complexity of the questions they solve, which are assigned to specific r...


INFO - Retrieved (score=0.3456):
In this problem, the main challenge was to handle team names where the order of characters does not matter, requiring a method to aggregate scores based on these names. The solution involved using a dictionary to map sorted team names to their original names and scores. 

Initially, I made the mi...


INFO - [33m Retrieving 3 entries for db: non_func 
 [0m
INFO - Retrieved (score=0.4066):

[description for function: main]
This function reads an integer input representing the number of queries and then processes each query by reading two integers, N and K. For each query, it calculates the sum of Fibonacci numbers from F(N) to F(K) using a specific summation function. The result fo...


INFO - Retrieved (score=0.4093):

[description for function: main]
The function reads an integer input representing the number of test cases and then iterates through each test case to read an integer value. For each value, it calculates the N'th number in a specific series using a predefined formula. The result of the calculati...


INFO - Retrieved (score=0.4188):

[description for function: main]
This function reads an integer input representing the number of test cases and then iterates through each test case to read an integer value. For each value, it calculates the sum of all multiples of 10 that are less than or equal to that integer. The results are...


INFO - Retrieved (score=0.3128): 
[Summary]:
    In this problem, the main challenge was to efficiently handle two types of operations on a list of hill heights: determining the final position after a series of jumps and updating the heights of a specified range. The core concept involved simulating the jumps based on the height...
INFO - Retrieved (score=0.3312): 
[Summary]:
    In this task, I was required to calculate the mean of maximum scores for students after they solve a series of questions with varying complexities. Each student starts with a score of 10, and their score is multiplied by the complexity of the questions they solve, which are assign...
INFO - Retrieved (score=0.3411): 
[Past Memory]:

    [Task]:
        Nexus 4.O is going to be organized by ASME, GLA University. Shubhanshu, Head of Finance Team is working for it. He has $N$ number of bills of different values as $a$$1$,$ a$$2$, $a$$3$…$a$$n$.
        He is interested in a game in which one has to do the addit...
INFO - LM call n parse attempt 1 / 3

INFO - [Task id] 692 [prompt] 
You are an expert programmer tasked with solving the problem below.

Follow the user's instructions to solve the problem.
The user can ask for analysis, code, or both.

## Instructions
When asked to output code,
- Make sure to wrap your code in '```python' and '```' Markdown delimiters, 
- include exactly one block of code with the entire solution
- No outside libraries are allowed. 
- Builtins are allowed.
- If the task specifies a function name to be used, follow it strictly (be case sensitive!) and declare the that function last (helper functions are declared first).
- DO NOT write any assert statements / tests.

## Problem
[BEGIN PROBLEM]
There is crazy man named P29892P. He always tries to do crazy things as he thinks. One day he invented a machine and named it as ANGEN. The ANGEN is used to perform range operations. The range operation means performing operations on range values from {L..R}. At any time it performs operations on values in between L to R.
ANGEN can perform following operations
U I V - Update the value present at I  with value V
A L R - Find the sum between range L and R
M L R - Find the maximum number between L and R
m L R - Find the minimum number between L and R
S L R - Find second maximum value in between L and R
s L R - Find second mimimum value in between L and R
If it is not possible perform operation ANGEN returns “NA” with out quotes.
For Invalid operations ANGEN returns “!!!” with out quotes.
Now P29892P challenging his friends and you too, to build his invention with yourown code. So it's your time to defeat P29892P by implementing his invention with your own ability. Let's go and solve the problem.

-----Input-----
Input description.
- The first line of the input contains an integer N denoting the number of integers. 
- The next line contains N space separated integers."
- The next line contains a single integer Q denoting the number of Questions.
-  The next Q lines contains T Question type , L and R.

-----Output-----
Print output for each question in separate line.

-----Constraints-----
Should contain all the constraints on the input data that you may have. Format it like:
- 1 ≤ N ≤ 100000
- 1 ≤ values[i] ≤ 1000000000
- 1 ≤ Q ≤ 10000
- T in { A..Z, a..z }
- 1 ≤ L ≤ R ≤ N

-----Example-----
Input:
6
1 2 5 3 10 6
6
A 1 5
M 1 3
m 5 6
s 3 6
U 1 7
S 1 2

Output:
21
5
6
5
2

-----Explanation-----
...

The output code needs to read from and write to standard IO


[END PROBLEM]

INFO - [Task id] 692 [prompt] 
## Instructions

Reason through the problem and:
1. Restate the problem in plain English
2. Conceptualize a solution first in plain English
3. Write a pseudocode solution
4. Output the final Python 3 solution with your solution steps in comments.

Make sure to wrap your code in '```python' and '```' Markdown delimiters, 
and include exactly one block of code with the entire solution.

No outside libraries are allowed.
Builtins are allowed.

INFO - [Task id] 692 [prompt] 
Also, here are some of your memories.
Feel free to use the given information to aid your problem solving process if necessary.
Do not confuse the memories with the problem statement.

## Memories

[Summary]:
    In this problem, the main challenge was to efficiently handle two types of operations on a list of hill heights: determining the final position after a series of jumps and updating the heights of a specified range. The core concept involved simulating the jumps based on the heights of the hills and ensuring that the jumps adhered to the constraints provided (i.e., jumping only to the nearest taller hill and not exceeding a distance of 100).

    The solution involved iterating through the hills for each jump operation, which worked well within the constraints. The height update operation was straightforward, directly modifying the heights in the specified range. The implementation successfully handled the input and output requirements, and the logic for both operations was clearly defined.

    One key takeaway was the importance of efficiently checking conditions during the jump operation to avoid unnecessary iterations, especially given the potential size of the input (up to 100,000 hills and operations). The final implementation was effective, and the tests passed without any issues, indicating that the approach was sound. 

    The code snippet for the solution is as follows:

    ```python
    def find_final_hill(N, heights, operations):
        for operation in operations:
            if operation[0] == 1:  # Type 1 operation
                i = operation[1]
                k = operation[2]
                current_hill = i
                for jump in range(k):
                    next_hill = current_hill + 1
                    while next_hill <= N and (heights[next_hill - 1] <= heights[current_hill - 1] or next_hill - current_hill > 100):
                        next_hill += 1
                    if next_hill > N:
                        break
                    current_hill = next_hill
                print(current_hill)
            elif operation[0] == 2:  # Type 2 operation
                L = operation[1]
                R = operation[2]
                X = operation[3]
                for j in range(L - 1, R):
                    heights[j] += X

    # Read input
    N, Q = map(int, input().split())
    heights = list(map(int, input().split()))
    operations = []
    for _ in range(Q):
        operations.append(list(map(int, input().split())))

    find_final_hill(N, heights, operations)
    ``` 

    This summary encapsulates the problem-solving process and the effective strategies employed to arrive at the solution.
[/Summary]


[Summary]:
    In this task, I was required to calculate the mean of maximum scores for students after they solve a series of questions with varying complexities. Each student starts with a score of 10, and their score is multiplied by the complexity of the questions they solve, which are assigned to specific ranges of students based on their roll numbers.

    The core concept tested here was the efficient updating of scores for a range of students based on multiple queries. The approach involved initializing a list of scores, iterating through each question, and updating the scores for the specified range. The final mean score was calculated by summing the scores and dividing by the number of students, using integer division to obtain the floor value.

    The solution was implemented successfully without any errors, and the provided code snippet effectively handled the input and output requirements. The key takeaway was the importance of managing score updates efficiently, especially given the constraints where both the number of students and questions could be large (up to 100,000). The final code snippet is as follows:

    ```python
    def calculate_mean_scores(T):
        for _ in range(T):
            N, M = map(int, input().split())
            scores = [10] * N
            for _ in range(M):
                i, j, k = map(int, input().split())
                for student in range(i - 1, j):
                    scores[student] *= k
            total_score = sum(scores)
            mean_score = total_score // N
            print(mean_score)

    T = int(input())
    calculate_mean_scores(T)
    ``` 

    This experience reinforced the importance of understanding the problem requirements and efficiently managing data updates in programming challenges.
[/Summary]


[Past Memory]:

    [Task]:
        Nexus 4.O is going to be organized by ASME, GLA University. Shubhanshu, Head of Finance Team is working for it. He has $N$ number of bills of different values as $a$$1$,$ a$$2$, $a$$3$…$a$$n$.
        He is interested in a game in which one has to do the addition of the bills. But due to privacy concerns, he cannot share the details with others. 
        He can only trust his best friend Avani with such a confidential thing. So, he asked her to play this game.
        Rules of the game :
        - Avani needs to answer $Q$ queries.
        - Every $Q$$i$ query has 2 values $X$$i$ and $Y$$i$.
        - Avani needs to find the sum of the values between $X$$i$ and $Y$$i$ (inclusive).
        So, you need to help Avani in answering the $Q$ queries

        -----Input:-----
        - First line will contain $T$, number of testcases. Then the testcases follow. 
        - The first line of each test case contains the value $N$ and $Q$.
        - The second line of each test case contains the $N$ space-separated values as $a$$1$,$ a$$2$, $a$$3$…$a$$n$.
        - The next line of each test case containing $Q$ query with $X$$i$ and $Y$$i$.

        -----Output:-----
        For each test case, Print the total amount between $X$$i$ and $Y$$i$ for $Q$ number of queries.

        -----Constraints-----
        - $1 \leq T \leq 100$
        - $1 \leq N \leq 10^5$
        - $1 \leq Q \leq 10^5$
        - $1 \leq a$$i$$ \leq 10^9$

        -----Subtasks (25 points) :-----
        - $1 \leq N \leq 10^2$.
        - $1 \leq Q \leq 10^2$.
        - $1 \leq a$$i$$ \leq 10^5$.

        -----Subtasks (25 points) :-----
        - $1 \leq N \leq 10^3$.
        - $1 \leq Q \leq 10^3$.
        - $1 \leq a$$i$$ \leq 10^5$.

        -----Subtasks (50 points) :-----
        - $Original  Constraints$.

        -----Sample Input:-----
        1
        8 3
        1 2 3 4 5 6 7 8
        2 3
        1 6
        5 8

        -----Sample Output:-----
        5
        21
        26

        -----EXPLANATION:-----
        $Q$$1$ : (2,3) 2+3=5
        $Q$$2$ : (1,6) 1+2+3+4+5+6=21
        $Q$$3$ : (5,8) 5+6+7+8=26
    [/Task]

    [Previous Critique]:
        None
    [/Previous Critique]

    [Thought Process and Code]:
        1. **Restate the problem in plain English**:
           The problem requires us to calculate the sum of values from a list of bills for multiple queries. Each query specifies a range of indices, and we need to return the sum of the values in that range for each query. The input consists of multiple test cases, each with its own list of bills and queries.

        2. **Conceptualize a solution first in plain English**:
           - For each test case, read the number of bills and the number of queries.
           - Store the values of the bills in a list.
           - For each query, extract the specified range and compute the sum of the values in that range.
           - Print the results for each query.

        3. **Write a pseudocode solution**:
           ```
           function process_queries(T):
               for each test case:
                   read N, Q
                   read the list of bills
                   for each query:
                       read Xi, Yi
                       calculate the sum from bills[Xi-1] to bills[Yi-1]
                       store the result
               print all results
           ```

        4. **Output the final Python 3 solution with your solution steps in comments**:
        ```python
        def process_queries(T):
            for _ in range(T):
                # Read number of bills (N) and number of queries (Q)
                N, Q = map(int, input().split())
        
                # Read the list of bills
                bills = list(map(int, input().split()))
        
                # Process each query
                results = []
                for __ in range(Q):
                    # Read the range for the query
                    Xi, Yi = map(int, input().split())
                    # Calculate the sum from Xi to Yi (inclusive)
                    total_sum = sum(bills[Xi-1:Yi])  # Convert to 0-based index
                    results.append(total_sum)
        
                # Print all results for the current test case
                for result in results:
                    print(result)

        # Read number of test cases
        T = int(input())
        process_queries(T)
        ```
    [/Thought Process and Code]

    [Environment Feedback]:
        Note: Inputs/outputs here are automatically extracted/truncated so formatting may be a bit off.
        Tests passed:

         Input: ['1', '8 3', '1 2 3 4 5 6 7 8', '2 3', '1 6', '5 8'] Output: 5
        21
        26

        Tests failed:
        None
    [/Environment Feedback]

    [Result]:
        Success
    [/Result]

[/Past Memory]


INFO - [Task id] 692 [generation text] 1. **Restate the problem in plain English**:
   The problem involves creating a system called ANGEN that can perform various operations on a list of integers. The operations include updating a specific index with a new value, calculating the sum of values in a specified range, finding the maximum or minimum value in a range, and determining the second maximum or second minimum value in a range. If an operation cannot be performed, the system should return "NA" or "!!!" for invalid operations.

2. **Conceptualize a solution first in plain English**:
   - First, read the number of integers and store them in a list.
   - Read the number of queries and process each query based on its type.
   - For update operations, change the value at the specified index.
   - For sum, maximum, and minimum operations, calculate the required values over the specified range.
   - For second maximum and second minimum operations, sort the values in the range and find the second distinct value.
   - Handle invalid operations by checking the bounds and returning appropriate messages.

3. **Write a pseudocode solution**:
   ```
   function ANGEN(N, values, Q, queries):
       for each query in queries:
           if query type is 'U':
               update values at index with new value
           else if query type is 'A':
               calculate sum from L to R
           else if query type is 'M':
               find maximum from L to R
           else if query type is 'm':
               find minimum from L to R
           else if query type is 'S':
               find second maximum from L to R
           else if query type is 's':
               find second minimum from L to R
           else:
               return "!!!" for invalid operation
       return results
   ```

4. **Output the final Python 3 solution with your solution steps in comments**:
```python
def find_second_maximum(arr):
    unique_values = list(set(arr))
    unique_values.sort()
    if len(unique_values) < 2:
        return "NA"
    return unique_values[-2]

def find_second_minimum(arr):
    unique_values = list(set(arr))
    unique_values.sort()
    if len(unique_values) < 2:
        return "NA"
    return unique_values[1]

def ANGEN(N, values, Q, queries):
    results = []
    for query in queries:
        parts = query.split()
        operation = parts[0]
        
        if operation == 'U':
            I = int(parts[1]) - 1  # Convert to 0-based index
            V = int(parts[2])
            values[I] = V
        
        elif operation == 'A':
            L = int(parts[1]) - 1  # Convert to 0-based index
            R = int(parts[2]) - 1  # Convert to 0-based index
            if L < 0 or R >= N or L > R:
                results.append("!!!")
            else:
                results.append(str(sum(values[L:R+1])))
        
        elif operation == 'M':
            L = int(parts[1]) - 1
            R = int(parts[2]) - 1
            if L < 0 or R >= N or L > R:
                results.append("!!!")
            else:
                results.append(str(max(values[L:R+1])))
        
        elif operation == 'm':
            L = int(parts[1]) - 1
            R = int(parts[2]) - 1
            if L < 0 or R >= N or L > R:
                results.append("!!!")
            else:
                results.append(str(min(values[L:R+1])))
        
        elif operation == 'S':
            L = int(parts[1]) - 1
            R = int(parts[2]) - 1
            if L < 0 or R >= N or L > R:
                results.append("!!!")
            else:
                results.append(str(find_second_maximum(values[L:R+1])))
        
        elif operation == 's':
            L = int(parts[1]) - 1
            R = int(parts[2]) - 1
            if L < 0 or R >= N or L > R:
                results.append("!!!")
            else:
                results.append(str(find_second_minimum(values[L:R+1])))
        
        else:
            results.append("!!!")
    
    return results

# Read input
N = int(input())
values = list(map(int, input().split()))
Q = int(input())
queries = [input().strip() for _ in range(Q)]

# Process the queries and print results
results = ANGEN(N, values, Q, queries)
for result in results:
    print(result)
```
INFO - program_code:
 
def find_second_maximum(arr):
    unique_values = list(set(arr))
    unique_values.sort()
    if len(unique_values) < 2:
        return "NA"
    return unique_values[-2]

def find_second_minimum(arr):
    unique_values = list(set(arr))
    unique_values.sort()
    if len(unique_values) < 2:
        return "NA"
    return unique_values[1]

def ANGEN(N, values, Q, queries):
    results = []
    for query in queries:
        parts = query.split()
        operation = parts[0]
        
        if operation == 'U':
            I = int(parts[1]) - 1  # Convert to 0-based index
            V = int(parts[2])
            values[I] = V
        
        elif operation == 'A':
            L = int(parts[1]) - 1  # Convert to 0-based index
            R = int(parts[2]) - 1  # Convert to 0-based index
            if L < 0 or R >= N or L > R:
                results.append("!!!")
            else:
                results.append(str(sum(values[L:R+1])))
        
        elif operation == 'M':
            L = int(parts[1]) - 1
            R = int(parts[2]) - 1
            if L < 0 or R >= N or L > R:
                results.append("!!!")
            else:
                results.append(str(max(values[L:R+1])))
        
        elif operation == 'm':
            L = int(parts[1]) - 1
            R = int(parts[2]) - 1
            if L < 0 or R >= N or L > R:
                results.append("!!!")
            else:
                results.append(str(min(values[L:R+1])))
        
        elif operation == 'S':
            L = int(parts[1]) - 1
            R = int(parts[2]) - 1
            if L < 0 or R >= N or L > R:
                results.append("!!!")
            else:
                results.append(str(find_second_maximum(values[L:R+1])))
        
        elif operation == 's':
            L = int(parts[1]) - 1
            R = int(parts[2]) - 1
            if L < 0 or R >= N or L > R:
                results.append("!!!")
            else:
                results.append(str(find_second_minimum(values[L:R+1])))
        
        else:
            results.append("!!!")
    
    return results

# Read input
N = int(input())
values = list(map(int, input().split()))
Q = int(input())
queries = [input().strip() for _ in range(Q)]

# Process the queries and print results
results = ANGEN(N, values, Q, queries)
for result in results:
    print(result)


INFO - program_name:
 ANGEN

INFO - dependencies:
 []

INFO - raw_msg:
 1. **Restate the problem in plain English**:
   The problem involves creating a system called ANGEN that can perform various operations on a list of integers. The operations include updating a specific index with a new value, calculating the sum of values in a specified range, finding the maximum or minimum value in a range, and determining the second maximum or second minimum value in a range. If an operation cannot be performed, the system should return "NA" or "!!!" for invalid operations.

2. **Conceptualize a solution first in plain English**:
   - First, read the number of integers and store them in a list.
   - Read the number of queries and process each query based on its type.
   - For update operations, change the value at the specified index.
   - For sum, maximum, and minimum operations, calculate the required values over the specified range.
   - For second maximum and second minimum operations, sort the values in the range and find the second distinct value.
   - Handle invalid operations by checking the bounds and returning appropriate messages.

3. **Write a pseudocode solution**:
   ```
   function ANGEN(N, values, Q, queries):
       for each query in queries:
           if query type is 'U':
               update values at index with new value
           else if query type is 'A':
               calculate sum from L to R
           else if query type is 'M':
               find maximum from L to R
           else if query type is 'm':
               find minimum from L to R
           else if query type is 'S':
               find second maximum from L to R
           else if query type is 's':
               find second minimum from L to R
           else:
               return "!!!" for invalid operation
       return results
   ```

4. **Output the final Python 3 solution with your solution steps in comments**:
```python
def find_second_maximum(arr):
    unique_values = list(set(arr))
    unique_values.sort()
    if len(unique_values) < 2:
        return "NA"
    return unique_values[-2]

def find_second_minimum(arr):
    unique_values = list(set(arr))
    unique_values.sort()
    if len(unique_values) < 2:
        return "NA"
    return unique_values[1]

def ANGEN(N, values, Q, queries):
    results = []
    for query in queries:
        parts = query.split()
        operation = parts[0]
        
        if operation == 'U':
            I = int(parts[1]) - 1  # Convert to 0-based index
            V = int(parts[2])
            values[I] = V
        
        elif operation == 'A':
            L = int(parts[1]) - 1  # Convert to 0-based index
            R = int(parts[2]) - 1  # Convert to 0-based index
            if L < 0 or R >= N or L > R:
                results.append("!!!")
            else:
                results.append(str(sum(values[L:R+1])))
        
        elif operation == 'M':
            L = int(parts[1]) - 1
            R = int(parts[2]) - 1
            if L < 0 or R >= N or L > R:
                results.append("!!!")
            else:
                results.append(str(max(values[L:R+1])))
        
        elif operation == 'm':
            L = int(parts[1]) - 1
            R = int(parts[2]) - 1
            if L < 0 or R >= N or L > R:
                results.append("!!!")
            else:
                results.append(str(min(values[L:R+1])))
        
        elif operation == 'S':
            L = int(parts[1]) - 1
            R = int(parts[2]) - 1
            if L < 0 or R >= N or L > R:
                results.append("!!!")
            else:
                results.append(str(find_second_maximum(values[L:R+1])))
        
        elif operation == 's':
            L = int(parts[1]) - 1
            R = int(parts[2]) - 1
            if L < 0 or R >= N or L > R:
                results.append("!!!")
            else:
                results.append(str(find_second_minimum(values[L:R+1])))
        
        else:
            results.append("!!!")
    
    return results

# Read input
N = int(input())
values = list(map(int, input().split()))
Q = int(input())
queries = [input().strip() for _ in range(Q)]

# Process the queries and print results
results = ANGEN(N, values, Q, queries)
for result in results:
    print(result)
```

INFO - no_parent:
 False

INFO - full code to be executed: 
 
def find_second_maximum(arr):
    unique_values = list(set(arr))
    unique_values.sort()
    if len(unique_values) < 2:
        return "NA"
    return unique_values[-2]

def find_second_minimum(arr):
    unique_values = list(set(arr))
    unique_values.sort()
    if len(unique_values) < 2:
        return "NA"
    return unique_values[1]

def ANGEN(N, values, Q, queries):
    results = []
    for query in queries:
        parts = query.split()
        operation = parts[0]
        
        if operation == 'U':
            I = int(parts[1]) - 1  # Convert to 0-based index
            V = int(parts[2])
            values[I] = V
        
        elif operation == 'A':
            L = int(parts[1]) - 1  # Convert to 0-based index
            R = int(parts[2]) - 1  # Convert to 0-based index
            if L < 0 or R >= N or L > R:
                results.append("!!!")
            else:
                results.append(str(sum(values[L:R+1])))
        
        elif operation == 'M':
            L = int(parts[1]) - 1
            R = int(parts[2]) - 1
            if L < 0 or R >= N or L > R:
                results.append("!!!")
            else:
                results.append(str(max(values[L:R+1])))
        
        elif operation == 'm':
            L = int(parts[1]) - 1
            R = int(parts[2]) - 1
            if L < 0 or R >= N or L > R:
                results.append("!!!")
            else:
                results.append(str(min(values[L:R+1])))
        
        elif operation == 'S':
            L = int(parts[1]) - 1
            R = int(parts[2]) - 1
            if L < 0 or R >= N or L > R:
                results.append("!!!")
            else:
                results.append(str(find_second_maximum(values[L:R+1])))
        
        elif operation == 's':
            L = int(parts[1]) - 1
            R = int(parts[2]) - 1
            if L < 0 or R >= N or L > R:
                results.append("!!!")
            else:
                results.append(str(find_second_minimum(values[L:R+1])))
        
        else:
            results.append("!!!")
    
    return results

# Read input
N = int(input())
values = list(map(int, input().split()))
Q = int(input())
queries = [input().strip() for _ in range(Q)]

# Process the queries and print results
results = ANGEN(N, values, Q, queries)
for result in results:
    print(result)


INFO - obs: Note: Inputs/outputs here are automatically extracted/truncated so formatting may be a bit off.
Tests passed:

 Input: ['6', '1 2 5 3 10 6', '6', 'A 1 5', 'M 1 3', 'm 5 6', 's 3 6', 'U 1 7', 'S 1 2'] Output: 21
5
6
5
2

Tests failed:
None
reward: True
done: None
info: {'individual_results': [True]}
INFO - Updated entry: 
[Task]:
    There is crazy man named P29892P. He always tries to do crazy things as he thinks. One day he invented a machine and named it as ANGEN. The ANGEN is used to perform range operations. The range operation means performing operations on range values from {L..R}. At any time it performs ...,

INFO - Metadata: {
    "raw_msg": "1. **Restate the problem in plain English**:\n   The problem involves creating a system called ANGEN that can perform various operations on a list of integers. The operations include updating a specific index with a new value, calculating the sum of values in a specified range, ...

INFO - LM call n parse attempt 1 / 3

INFO - [Task id] 692 [prompt] 
You are an expert programmer tasked with solving the problem below.

Follow the user's instructions to solve the problem.
The user can ask for analysis, code, or both.

## Instructions
When asked to output code,
- Make sure to wrap your code in '```python' and '```' Markdown delimiters, 
- include exactly one block of code with the entire solution
- No outside libraries are allowed. 
- Builtins are allowed.
- If the task specifies a function name to be used, follow it strictly (be case sensitive!) and declare the that function last (helper functions are declared first).
- DO NOT write any assert statements / tests.

## Problem
[BEGIN PROBLEM]
There is crazy man named P29892P. He always tries to do crazy things as he thinks. One day he invented a machine and named it as ANGEN. The ANGEN is used to perform range operations. The range operation means performing operations on range values from {L..R}. At any time it performs operations on values in between L to R.
ANGEN can perform following operations
U I V - Update the value present at I  with value V
A L R - Find the sum between range L and R
M L R - Find the maximum number between L and R
m L R - Find the minimum number between L and R
S L R - Find second maximum value in between L and R
s L R - Find second mimimum value in between L and R
If it is not possible perform operation ANGEN returns “NA” with out quotes.
For Invalid operations ANGEN returns “!!!” with out quotes.
Now P29892P challenging his friends and you too, to build his invention with yourown code. So it's your time to defeat P29892P by implementing his invention with your own ability. Let's go and solve the problem.

-----Input-----
Input description.
- The first line of the input contains an integer N denoting the number of integers. 
- The next line contains N space separated integers."
- The next line contains a single integer Q denoting the number of Questions.
-  The next Q lines contains T Question type , L and R.

-----Output-----
Print output for each question in separate line.

-----Constraints-----
Should contain all the constraints on the input data that you may have. Format it like:
- 1 ≤ N ≤ 100000
- 1 ≤ values[i] ≤ 1000000000
- 1 ≤ Q ≤ 10000
- T in { A..Z, a..z }
- 1 ≤ L ≤ R ≤ N

-----Example-----
Input:
6
1 2 5 3 10 6
6
A 1 5
M 1 3
m 5 6
s 3 6
U 1 7
S 1 2

Output:
21
5
6
5
2

-----Explanation-----
...

The output code needs to read from and write to standard IO


[END PROBLEM]

INFO - [Task id] 692 [prompt] 
## Instructions

Reason through the problem and:
1. Restate the problem in plain English
2. Conceptualize a solution first in plain English
3. Write a pseudocode solution
4. Output the final Python 3 solution with your solution steps in comments.

Make sure to wrap your code in '```python' and '```' Markdown delimiters, 
and include exactly one block of code with the entire solution.

No outside libraries are allowed.
Builtins are allowed.

INFO - [Task id] 692 [prompt] 1. **Restate the problem in plain English**:
   The problem involves creating a system called ANGEN that can perform various operations on a list of integers. The operations include updating a specific index with a new value, calculating the sum of values in a specified range, finding the maximum or minimum value in a range, and determining the second maximum or second minimum value in a range. If an operation cannot be performed, the system should return "NA" or "!!!" for invalid operations.

2. **Conceptualize a solution first in plain English**:
   - First, read the number of integers and store them in a list.
   - Read the number of queries and process each query based on its type.
   - For update operations, change the value at the specified index.
   - For sum, maximum, and minimum operations, calculate the required values over the specified range.
   - For second maximum and second minimum operations, sort the values in the range and find the second distinct value.
   - Handle invalid operations by checking the bounds and returning appropriate messages.

3. **Write a pseudocode solution**:
   ```
   function ANGEN(N, values, Q, queries):
       for each query in queries:
           if query type is 'U':
               update values at index with new value
           else if query type is 'A':
               calculate sum from L to R
           else if query type is 'M':
               find maximum from L to R
           else if query type is 'm':
               find minimum from L to R
           else if query type is 'S':
               find second maximum from L to R
           else if query type is 's':
               find second minimum from L to R
           else:
               return "!!!" for invalid operation
       return results
   ```

4. **Output the final Python 3 solution with your solution steps in comments**:
```python
def find_second_maximum(arr):
    unique_values = list(set(arr))
    unique_values.sort()
    if len(unique_values) < 2:
        return "NA"
    return unique_values[-2]

def find_second_minimum(arr):
    unique_values = list(set(arr))
    unique_values.sort()
    if len(unique_values) < 2:
        return "NA"
    return unique_values[1]

def ANGEN(N, values, Q, queries):
    results = []
    for query in queries:
        parts = query.split()
        operation = parts[0]
        
        if operation == 'U':
            I = int(parts[1]) - 1  # Convert to 0-based index
            V = int(parts[2])
            values[I] = V
        
        elif operation == 'A':
            L = int(parts[1]) - 1  # Convert to 0-based index
            R = int(parts[2]) - 1  # Convert to 0-based index
            if L < 0 or R >= N or L > R:
                results.append("!!!")
            else:
                results.append(str(sum(values[L:R+1])))
        
        elif operation == 'M':
            L = int(parts[1]) - 1
            R = int(parts[2]) - 1
            if L < 0 or R >= N or L > R:
                results.append("!!!")
            else:
                results.append(str(max(values[L:R+1])))
        
        elif operation == 'm':
            L = int(parts[1]) - 1
            R = int(parts[2]) - 1
            if L < 0 or R >= N or L > R:
                results.append("!!!")
            else:
                results.append(str(min(values[L:R+1])))
        
        elif operation == 'S':
            L = int(parts[1]) - 1
            R = int(parts[2]) - 1
            if L < 0 or R >= N or L > R:
                results.append("!!!")
            else:
                results.append(str(find_second_maximum(values[L:R+1])))
        
        elif operation == 's':
            L = int(parts[1]) - 1
            R = int(parts[2]) - 1
            if L < 0 or R >= N or L > R:
                results.append("!!!")
            else:
                results.append(str(find_second_minimum(values[L:R+1])))
        
        else:
            results.append("!!!")
    
    return results

# Read input
N = int(input())
values = list(map(int, input().split()))
Q = int(input())
queries = [input().strip() for _ in range(Q)]

# Process the queries and print results
results = ANGEN(N, values, Q, queries)
for result in results:
    print(result)
```
INFO - [Task id] 692 [prompt] 
[Environment Feedback]:
    Note: Inputs/outputs here are automatically extracted/truncated so formatting may be a bit off.
    Tests passed:

     Input: ['6', '1 2 5 3 10 6', '6', 'A 1 5', 'M 1 3', 'm 5 6', 's 3 6', 'U 1 7', 'S 1 2'] Output: 21
    5
    6
    5
    2

    Tests failed:
    None
[/Environment Feedback]

INFO - [Task id] 692 [prompt] 
## Instructions
Now, summarize your attempts as a **standalone** document for your own future reference. (can skip formalities, be concise)

- Only include the most relevant information and code snippets that could be useful in the future.
- If you did not learn much from the current experience (e.g. the problem was too easy), feel free to write less or nothing at all.
- Here are some ideas if the experience was useful:
    - Identifying the core concepts and patterns that problem appears to test for
    - Describing the strategies that seemed to work but did not, and vice versa
    - Describing unexpected errors and how they were fixed

Your summary should be at most a few paragraphs.

INFO - [Task id] 692 [generation text] In this task, I implemented a system called ANGEN that performs various operations on a list of integers, including updates, sum calculations, and finding maximum/minimum values, as well as second maximum/minimum values. The core concepts involved understanding how to manipulate lists and handle different types of queries efficiently.

The solution required careful handling of input and output, ensuring that operations were performed within valid index ranges. I utilized helper functions to find the second maximum and second minimum values by leveraging Python's set and sorting capabilities to ensure uniqueness and order.

One key strategy that worked well was using list slicing to access subarrays for operations like sum, max, and min. However, I had to ensure that I checked for invalid ranges to avoid errors. The implementation successfully passed all tests, indicating that the logic for handling various operations was sound. 

Overall, this experience reinforced the importance of input validation and efficient data manipulation techniques in Python. The final code is structured to be clear and maintainable, with comments explaining each part of the process.
INFO - LM call n parse attempt 1 / 3

INFO - [Task id] 692 [prompt] 
You are an expert programmer tasked with solving the problem below.

Follow the user's instructions to solve the problem.
The user can ask for analysis, code, or both.

## Instructions
When asked to output code,
- Make sure to wrap your code in '```python' and '```' Markdown delimiters, 
- include exactly one block of code with the entire solution
- No outside libraries are allowed. 
- Builtins are allowed.
- If the task specifies a function name to be used, follow it strictly (be case sensitive!) and declare the that function last (helper functions are declared first).
- DO NOT write any assert statements / tests.

## Problem
[BEGIN PROBLEM]
There is crazy man named P29892P. He always tries to do crazy things as he thinks. One day he invented a machine and named it as ANGEN. The ANGEN is used to perform range operations. The range operation means performing operations on range values from {L..R}. At any time it performs operations on values in between L to R.
ANGEN can perform following operations
U I V - Update the value present at I  with value V
A L R - Find the sum between range L and R
M L R - Find the maximum number between L and R
m L R - Find the minimum number between L and R
S L R - Find second maximum value in between L and R
s L R - Find second mimimum value in between L and R
If it is not possible perform operation ANGEN returns “NA” with out quotes.
For Invalid operations ANGEN returns “!!!” with out quotes.
Now P29892P challenging his friends and you too, to build his invention with yourown code. So it's your time to defeat P29892P by implementing his invention with your own ability. Let's go and solve the problem.

-----Input-----
Input description.
- The first line of the input contains an integer N denoting the number of integers. 
- The next line contains N space separated integers."
- The next line contains a single integer Q denoting the number of Questions.
-  The next Q lines contains T Question type , L and R.

-----Output-----
Print output for each question in separate line.

-----Constraints-----
Should contain all the constraints on the input data that you may have. Format it like:
- 1 ≤ N ≤ 100000
- 1 ≤ values[i] ≤ 1000000000
- 1 ≤ Q ≤ 10000
- T in { A..Z, a..z }
- 1 ≤ L ≤ R ≤ N

-----Example-----
Input:
6
1 2 5 3 10 6
6
A 1 5
M 1 3
m 5 6
s 3 6
U 1 7
S 1 2

Output:
21
5
6
5
2

-----Explanation-----
...

The output code needs to read from and write to standard IO


[END PROBLEM]

INFO - [Task id] 692 [prompt] 
## Instructions

Reason through the problem and:
1. Restate the problem in plain English
2. Conceptualize a solution first in plain English
3. Write a pseudocode solution
4. Output the final Python 3 solution with your solution steps in comments.

Make sure to wrap your code in '```python' and '```' Markdown delimiters, 
and include exactly one block of code with the entire solution.

No outside libraries are allowed.
Builtins are allowed.

INFO - [Task id] 692 [prompt] 1. **Restate the problem in plain English**:
   The problem involves creating a system called ANGEN that can perform various operations on a list of integers. The operations include updating a specific index with a new value, calculating the sum of values in a specified range, finding the maximum or minimum value in a range, and determining the second maximum or second minimum value in a range. If an operation cannot be performed, the system should return "NA" or "!!!" for invalid operations.

2. **Conceptualize a solution first in plain English**:
   - First, read the number of integers and store them in a list.
   - Read the number of queries and process each query based on its type.
   - For update operations, change the value at the specified index.
   - For sum, maximum, and minimum operations, calculate the required values over the specified range.
   - For second maximum and second minimum operations, sort the values in the range and find the second distinct value.
   - Handle invalid operations by checking the bounds and returning appropriate messages.

3. **Write a pseudocode solution**:
   ```
   function ANGEN(N, values, Q, queries):
       for each query in queries:
           if query type is 'U':
               update values at index with new value
           else if query type is 'A':
               calculate sum from L to R
           else if query type is 'M':
               find maximum from L to R
           else if query type is 'm':
               find minimum from L to R
           else if query type is 'S':
               find second maximum from L to R
           else if query type is 's':
               find second minimum from L to R
           else:
               return "!!!" for invalid operation
       return results
   ```

4. **Output the final Python 3 solution with your solution steps in comments**:
```python
def find_second_maximum(arr):
    unique_values = list(set(arr))
    unique_values.sort()
    if len(unique_values) < 2:
        return "NA"
    return unique_values[-2]

def find_second_minimum(arr):
    unique_values = list(set(arr))
    unique_values.sort()
    if len(unique_values) < 2:
        return "NA"
    return unique_values[1]

def ANGEN(N, values, Q, queries):
    results = []
    for query in queries:
        parts = query.split()
        operation = parts[0]
        
        if operation == 'U':
            I = int(parts[1]) - 1  # Convert to 0-based index
            V = int(parts[2])
            values[I] = V
        
        elif operation == 'A':
            L = int(parts[1]) - 1  # Convert to 0-based index
            R = int(parts[2]) - 1  # Convert to 0-based index
            if L < 0 or R >= N or L > R:
                results.append("!!!")
            else:
                results.append(str(sum(values[L:R+1])))
        
        elif operation == 'M':
            L = int(parts[1]) - 1
            R = int(parts[2]) - 1
            if L < 0 or R >= N or L > R:
                results.append("!!!")
            else:
                results.append(str(max(values[L:R+1])))
        
        elif operation == 'm':
            L = int(parts[1]) - 1
            R = int(parts[2]) - 1
            if L < 0 or R >= N or L > R:
                results.append("!!!")
            else:
                results.append(str(min(values[L:R+1])))
        
        elif operation == 'S':
            L = int(parts[1]) - 1
            R = int(parts[2]) - 1
            if L < 0 or R >= N or L > R:
                results.append("!!!")
            else:
                results.append(str(find_second_maximum(values[L:R+1])))
        
        elif operation == 's':
            L = int(parts[1]) - 1
            R = int(parts[2]) - 1
            if L < 0 or R >= N or L > R:
                results.append("!!!")
            else:
                results.append(str(find_second_minimum(values[L:R+1])))
        
        else:
            results.append("!!!")
    
    return results

# Read input
N = int(input())
values = list(map(int, input().split()))
Q = int(input())
queries = [input().strip() for _ in range(Q)]

# Process the queries and print results
results = ANGEN(N, values, Q, queries)
for result in results:
    print(result)
```
INFO - [Task id] 692 [prompt] 
[Environment Feedback]:
    Note: Inputs/outputs here are automatically extracted/truncated so formatting may be a bit off.
    Tests passed:

     Input: ['6', '1 2 5 3 10 6', '6', 'A 1 5', 'M 1 3', 'm 5 6', 's 3 6', 'U 1 7', 'S 1 2'] Output: 21
    5
    6
    5
    2

    Tests failed:
    None
[/Environment Feedback]

INFO - [Task id] 692 [prompt] 
Below is the official solution (do exercise discretion as official solutions can also have mistakes).

You will be reflecting on your attempts to solve the problem.
This will be a **standalone** document for your own future reference. (can skip formalities, be concise)

## Instructions
- Only include the most relevant insights and code snippets that could be useful in the future.
- If you did not learn much from the current experience (e.g. the problem was too easy / official solution was obvious), feel free to write less or nothing at all.
- Here are some ideas if the experience was useful:
    - If the official solution is insightful (e.g. better than yours in time and space complexity or more effective in breaking down the problem statement), distil the key approach of the official solution, step by step.
    - If your approach failed the test cases, reason why the official solution works but yours does not

Your reflection should be at most a few paragraphs.

## Official solution
VQ = "UAMmSs"
n = int(input())
a = list(map(int, input().split()))
for _ in range(int(input())):
 q, x, y = input().split()
 if q not in VQ:
  print("!!!")
  continue
 if q == "U":
  a[int(x) - 1] = int(y)
  continue
 l = int(x) - 1
 r = int(y)
 if q == "A":
  print(sum(a[l:r]))
  continue
 if q == "M":
  print(max(a[l:r]))
  continue
 if q == "m":
  print(min(a[l:r]))
  continue
 s = sorted(set(a[l:r]))
 if len(s) < 2:
  print("NA")
 else:
  print(s[1] if q == "s" else s[-2])


INFO - [Task id] 692 [generation text] The official solution provides a concise and efficient approach to solving the problem. Here are the key insights and steps that can be distilled from it:

1. **Input Handling**: The solution begins by reading the number of integers and the list of integers in a straightforward manner. It then processes each query in a loop.

2. **Query Validation**: The solution uses a string `VQ` to quickly check if the query type is valid. This is a clean way to handle invalid operations, allowing for immediate feedback with "!!!".

3. **Update Operation**: For the update operation ('U'), the solution directly modifies the list at the specified index, which is efficient and straightforward.

4. **Range Queries**: For sum ('A'), maximum ('M'), and minimum ('m') operations, the solution uses Python's built-in functions (`sum`, `max`, `min`) to compute results over the specified range. This is efficient given the constraints.

5. **Second Maximum and Minimum**: The solution handles the second maximum and minimum by first creating a sorted set of the values in the specified range. This ensures that duplicates are removed and allows for easy access to the second largest or second smallest value. The check for the length of the sorted set ensures that it returns "NA" if there aren't enough unique values.

6. **Efficiency**: The overall approach is efficient for the problem constraints, as it leverages Python's built-in capabilities for handling lists and sets, which are optimized for performance.

In summary, the official solution effectively combines input validation, direct list manipulation, and efficient range queries using built-in functions, making it both concise and performant. This approach serves as a good reference for handling similar problems involving range queries and updates in a list.
INFO - Updated entry: In this task, I implemented a system called ANGEN that performs various operations on a list of integers, including updates, sum calculations, and finding maximum/minimum values, as well as second maximum/minimum values. The core concepts involved understanding how to manipulate lists and handle ...,

INFO - Metadata: {
    "task_id": 692
}

INFO - Updated entry: The official solution provides a concise and efficient approach to solving the problem. Here are the key insights and steps that can be distilled from it:

1. **Input Handling**: The solution begins by reading the number of integers and the list of integers in a straightforward manner. It then pr...,

INFO - Metadata: {
    "task_id": 692
}

INFO - LM call n parse attempt 1 / 3

INFO - [Task id] 692 [prompt] 
You are a helpful assistant that writes a description of the given function written in the Python programming language.

1) Do not mention the function name.
2) Do not mention anything about helper functions.
3) There might be some helper functions before the main function, but you only need to describe the main function.
4) Try to summarize the function in no more than 6 sentences.
5) Your response should be a single line of text.

INFO - [Task id] 692 [prompt] 
def find_second_maximum(arr):
    unique_values = list(set(arr))
    unique_values.sort()
    if len(unique_values) < 2:
        return "NA"
    return unique_values[-2]

def find_second_minimum(arr):
    unique_values = list(set(arr))
    unique_values.sort()
    if len(unique_values) < 2:
        return "NA"
    return unique_values[1]

def ANGEN(N, values, Q, queries):
    results = []
    for query in queries:
        parts = query.split()
        operation = parts[0]
        
        if operation == 'U':
            I = int(parts[1]) - 1  # Convert to 0-based index
            V = int(parts[2])
            values[I] = V
        
        elif operation == 'A':
            L = int(parts[1]) - 1  # Convert to 0-based index
            R = int(parts[2]) - 1  # Convert to 0-based index
            if L < 0 or R >= N or L > R:
                results.append("!!!")
            else:
                results.append(str(sum(values[L:R+1])))
        
        elif operation == 'M':
            L = int(parts[1]) - 1
            R = int(parts[2]) - 1
            if L < 0 or R >= N or L > R:
                results.append("!!!")
            else:
                results.append(str(max(values[L:R+1])))
        
        elif operation == 'm':
            L = int(parts[1]) - 1
            R = int(parts[2]) - 1
            if L < 0 or R >= N or L > R:
                results.append("!!!")
            else:
                results.append(str(min(values[L:R+1])))
        
        elif operation == 'S':
            L = int(parts[1]) - 1
            R = int(parts[2]) - 1
            if L < 0 or R >= N or L > R:
                results.append("!!!")
            else:
                results.append(str(find_second_maximum(values[L:R+1])))
        
        elif operation == 's':
            L = int(parts[1]) - 1
            R = int(parts[2]) - 1
            if L < 0 or R >= N or L > R:
                results.append("!!!")
            else:
                results.append(str(find_second_minimum(values[L:R+1])))
        
        else:
            results.append("!!!")
    
    return results

# Read input
N = int(input())
values = list(map(int, input().split()))
Q = int(input())
queries = [input().strip() for _ in range(Q)]

# Process the queries and print results
results = ANGEN(N, values, Q, queries)
for result in results:
    print(result)


The main function is `ANGEN`.
INFO - [Task id] 692 [generation text] This function processes a series of queries on an array of integers, allowing for updates and various operations such as summing, finding maximums, minimums, and second maximums or minimums within specified ranges. It first initializes an empty list to store results and then iterates through each query, determining the type of operation to perform based on the query's content. For update operations, it modifies the specified index in the array, while for range queries, it checks the validity of the indices before performing the requested operation. If the indices are valid, it computes the result and appends it to the results list; otherwise, it appends an error message. Finally, the function returns the list of results for all queries processed. The function handles edge cases, such as invalid indices and insufficient unique values for second maximum or minimum queries.
INFO - LM call n parse attempt 1 / 3

INFO - [Task id] 692 [prompt] 
You are a helpful assistant that extracts important information from problems and solutions to aid in searchability and education.

## Instructions
- Read through the problem and solution carefully.
- Reason out, step by step, in what scenarios this knowledge would be useful.
- Focus on general patterns and situations to help connect this knowledge to new situations.
- Then, include a list of keywords that are useful for searching this problem/solution pair.

## Response format
Respond in JSON, and follow the keys and expected format of the values strictly.

The output should be formatted as a JSON instance that conforms to the JSON schema below.

As an example, for the schema {"properties": {"foo": {"title": "Foo", "description": "a list of strings", "type": "array", "items": {"type": "string"}}}, "required": ["foo"]}
the object {"foo": ["bar", "baz"]} is a well-formatted instance of the schema. The object {"properties": {"foo": ["bar", "baz"]}} is not well-formatted.

Here is the output schema:
```
{"properties": {"scenarios": {"description": "In what scenarios will this knowledge be useful? Answer in a paragraph.", "title": "Scenarios", "type": "string"}, "keywords": {"description": "List of keywords that are useful for searching this problem/solution pair", "items": {"type": "string"}, "title": "Keywords", "type": "array"}}, "required": ["scenarios", "keywords"]}
```

INFO - [Task id] 692 [prompt] 
[Problem]
    There is crazy man named P29892P. He always tries to do crazy things as he thinks. One day he invented a machine and named it as ANGEN. The ANGEN is used to perform range operations. The range operation means performing operations on range values from {L..R}. At any time it performs operations on values in between L to R.
    ANGEN can perform following operations
    U I V - Update the value present at I  with value V
    A L R - Find the sum between range L and R
    M L R - Find the maximum number between L and R
    m L R - Find the minimum number between L and R
    S L R - Find second maximum value in between L and R
    s L R - Find second mimimum value in between L and R
    If it is not possible perform operation ANGEN returns “NA” with out quotes.
    For Invalid operations ANGEN returns “!!!” with out quotes.
    Now P29892P challenging his friends and you too, to build his invention with yourown code. So it's your time to defeat P29892P by implementing his invention with your own ability. Let's go and solve the problem.

    -----Input-----
    Input description.
    - The first line of the input contains an integer N denoting the number of integers. 
    - The next line contains N space separated integers."
    - The next line contains a single integer Q denoting the number of Questions.
    -  The next Q lines contains T Question type , L and R.

    -----Output-----
    Print output for each question in separate line.

    -----Constraints-----
    Should contain all the constraints on the input data that you may have. Format it like:
    - 1 ≤ N ≤ 100000
    - 1 ≤ values[i] ≤ 1000000000
    - 1 ≤ Q ≤ 10000
    - T in { A..Z, a..z }
    - 1 ≤ L ≤ R ≤ N

    -----Example-----
    Input:
    6
    1 2 5 3 10 6
    6
    A 1 5
    M 1 3
    m 5 6
    s 3 6
    U 1 7
    S 1 2

    Output:
    21
    5
    6
    5
    2

    -----Explanation-----
    ...
[/Problem]

[Solution]

    def find_second_maximum(arr):
        unique_values = list(set(arr))
        unique_values.sort()
        if len(unique_values) < 2:
            return "NA"
        return unique_values[-2]

    def find_second_minimum(arr):
        unique_values = list(set(arr))
        unique_values.sort()
        if len(unique_values) < 2:
            return "NA"
        return unique_values[1]

    def ANGEN(N, values, Q, queries):
        results = []
        for query in queries:
            parts = query.split()
            operation = parts[0]
        
            if operation == 'U':
                I = int(parts[1]) - 1  # Convert to 0-based index
                V = int(parts[2])
                values[I] = V
        
            elif operation == 'A':
                L = int(parts[1]) - 1  # Convert to 0-based index
                R = int(parts[2]) - 1  # Convert to 0-based index
                if L < 0 or R >= N or L > R:
                    results.append("!!!")
                else:
                    results.append(str(sum(values[L:R+1])))
        
            elif operation == 'M':
                L = int(parts[1]) - 1
                R = int(parts[2]) - 1
                if L < 0 or R >= N or L > R:
                    results.append("!!!")
                else:
                    results.append(str(max(values[L:R+1])))
        
            elif operation == 'm':
                L = int(parts[1]) - 1
                R = int(parts[2]) - 1
                if L < 0 or R >= N or L > R:
                    results.append("!!!")
                else:
                    results.append(str(min(values[L:R+1])))
        
            elif operation == 'S':
                L = int(parts[1]) - 1
                R = int(parts[2]) - 1
                if L < 0 or R >= N or L > R:
                    results.append("!!!")
                else:
                    results.append(str(find_second_maximum(values[L:R+1])))
        
            elif operation == 's':
                L = int(parts[1]) - 1
                R = int(parts[2]) - 1
                if L < 0 or R >= N or L > R:
                    results.append("!!!")
                else:
                    results.append(str(find_second_minimum(values[L:R+1])))
        
            else:
                results.append("!!!")
    
        return results

    # Read input
    N = int(input())
    values = list(map(int, input().split()))
    Q = int(input())
    queries = [input().strip() for _ in range(Q)]

    # Process the queries and print results
    results = ANGEN(N, values, Q, queries)
    for result in results:
        print(result)

[/Solution]

INFO - [Task id] 692 [generation text] 
INFO - {
    "scenarios": "This knowledge would be useful in scenarios where you need to perform multiple range queries on a list of integers, such as in competitive programming, data analysis, or any application that requires efficient data manipulation and retrieval. It can also be applied in situations where you need to maintain and query a dynamic dataset, such as in real-time systems or interactive applications where updates and queries are frequent. Understanding how to implement these operations can help in optimizing performance and ensuring correctness in data handling.",
    "keywords": [
        "range operations",
        "update values",
        "sum query",
        "maximum query",
        "minimum query",
        "second maximum",
        "second minimum",
        "data structure",
        "competitive programming",
        "dynamic dataset"
    ]
}
INFO - {
    "scenarios": "This knowledge would be useful in scenarios where you need to perform multiple range queries on a list of integers, such as in competitive programming, data analysis, or any application that requires efficient data manipulation and retrieval. It can also be applied in situations where you need to maintain and query a dynamic dataset, such as in real-time systems or interactive applications where updates and queries are frequent. Understanding how to implement these operations can help in optimizing performance and ensuring correctness in data handling.",
    "keywords": [
        "range operations",
        "update values",
        "sum query",
        "maximum query",
        "minimum query",
        "second maximum",
        "second minimum",
        "data structure",
        "competitive programming",
        "dynamic dataset"
    ]
}
INFO - Updated entry: 
[description for function: ANGEN]
This function processes a series of queries on an array of integers, allowing for updates and various operations such as summing, finding maximums, minimums, and second maximums or minimums within specified ranges. It first initializes an empty list to store res...,

INFO - Metadata: {
    "task": 692,
    "code": "\ndef find_second_maximum(arr):\n    unique_values = list(set(arr))\n    unique_values.sort()\n    if len(unique_values) < 2:\n        return \"NA\"\n    return unique_values[-2]\n\ndef find_second_minimum(arr):\n    unique_values = list(set(arr))\n    unique_value...

