INFO - DB skill doc count: 1

INFO - DB non_func doc count: 70

INFO - DB semantic doc count: 429

INFO - DB summaries doc count: 90

INFO - DB reflections doc count: 90

INFO - DB episodic doc count: 162

INFO - [train iter]: 90/100 

INFO - The task prompt is One day, Chef found a cube which has each of its sides painted in some color out of black, blue, red, green, yellow and orange.
Now he asks you to check if he can choose three sides such that they are pairwise adjacent and painted in the same color.

-----Input-----
- The first line of the input ...

INFO - Attempting task_id 1227
INFO - LM call n parse attempt 1 / 3

INFO - [Task id] 1227 [prompt] 
You are an expert programmer tasked with solving the problem below.

Follow the user's instructions to solve the problem.
The user can ask for analysis, code, or both.

## Instructions
When asked to output code,
- Make sure to wrap your code in '```python' and '```' Markdown delimiters, 
- include exactly one block of code with the entire solution
- No outside libraries are allowed. 
- Builtins are allowed.
- If the task specifies a function name to be used, follow it strictly (be case sensitive!) and declare the that function last (helper functions are declared first).
- DO NOT write any assert statements / tests.

## Problem
[BEGIN PROBLEM]
One day, Chef found a cube which has each of its sides painted in some color out of black, blue, red, green, yellow and orange.
Now he asks you to check if he can choose three sides such that they are pairwise adjacent and painted in the same color.

-----Input-----
- The first line of the input contains an integer T denoting the number of test cases.
- A single line of each test case contains six words denoting the colors of painted sides in the order: front, back, left, right, top and bottom, respectively.

-----Output-----
For each test case, output a single line containing the word "YES" or "NO" (without quotes) corresponding to the answer of the problem.

-----Constraints-----
- 1 ≤ T ≤  50000 
- Each color will be from the list {"black", "blue", "red", "green", "yellow", "orange"}

-----Subtasks-----
Subtask 1: (25 points)
- 1 ≤ T ≤  12000 
- For each test case there will be at most three different colors

Subtask 2: (75 points)
- Original constraints

-----Example-----
Input:
2
blue yellow green orange black green
green yellow green orange black green

Output:
NO
YES

-----Explanation-----

Example case 1.
There are no three sides with the same color.

Example case 2.
In this test case, the front, bottom and left sides are green (see picture).

The output code needs to read from and write to standard IO


[END PROBLEM]

INFO - [Task id] 1227 [prompt] 
## Instructions

Reason through the problem and:
1. Restate the problem in plain English
2. Conceptualize a solution first in plain English
3. Write a pseudocode solution
4. Output the final Python 3 solution with your solution steps in comments.

Make sure to wrap your code in '```python' and '```' Markdown delimiters, 
and include exactly one block of code with the entire solution.

No outside libraries are allowed.
Builtins are allowed.

INFO - [Task id] 1227 [generation text] 1. **Restate the problem in plain English:**
   The problem requires us to determine if there are three adjacent sides of a cube that are painted the same color. Each test case provides the colors of the six sides of the cube, and we need to check for each test case if such a triplet of adjacent sides exists.

2. **Conceptualize a solution first in plain English:**
   To solve this problem, we need to identify the sets of three sides that are adjacent to each other on a cube. The pairs of adjacent sides can be grouped as follows:
   - Front, Left, Top
   - Front, Right, Top
   - Back, Left, Top
   - Back, Right, Top
   - Front, Left, Bottom
   - Front, Right, Bottom
   - Back, Left, Bottom
   - Back, Right, Bottom

   For each test case, we will check if any of these groups of three sides have the same color. If we find at least one such group, we will output "YES"; otherwise, we will output "NO".

3. **Write a pseudocode solution:**
   ```
   function check_adjacent_colors(test_cases):
       for each test_case in test_cases:
           read colors for front, back, left, right, top, bottom
           check the following combinations:
               if (front == left == top) or
                  (front == right == top) or
                  (back == left == top) or
                  (back == right == top) or
                  (front == left == bottom) or
                  (front == right == bottom) or
                  (back == left == bottom) or
                  (back == right == bottom):
                   output "YES"
               else:
                   output "NO"
   ```

4. **Output the final Python 3 solution with your solution steps in comments:**
```python
def check_adjacent_colors(test_cases):
    results = []
    for colors in test_cases:
        front, back, left, right, top, bottom = colors
        
        # Check the combinations of adjacent sides
        if (front == left == top or
            front == right == top or
            back == left == top or
            back == right == top or
            front == left == bottom or
            front == right == bottom or
            back == left == bottom or
            back == right == bottom):
            results.append("YES")
        else:
            results.append("NO")
    
    # Print all results for each test case
    for result in results:
        print(result)

# Read input
T = int(input())
test_cases = [input().split() for _ in range(T)]
check_adjacent_colors(test_cases)
```
INFO - [35m Rollout attempt 1/4[0m
INFO - [33m Retrieving 2 entries for db: episodic 
 [0m
INFO - Retrieved (score=0.3748):

[Task]:
    You are given $n$ intervals on the $X$ axis. Each interval $i$ is specified by its ends $[L_i, R_i]$. You want to color each interval either blue or yellow. After coloring all the intervals, the $X$ axis will will have $4$ colors:
    - White, the part of $X$ axis contained in no int...


INFO - Retrieved (score=0.3770):

[Task]:
    You are given $n$ intervals on the $X$ axis. Each interval $i$ is specified by its ends $[L_i, R_i]$. You want to color each interval either blue or yellow. After coloring all the intervals, the $X$ axis will will have $4$ colors:
    - White, the part of $X$ axis contained in no int...


INFO - [33m Retrieving 2 entries for db: semantic 
 [0m
INFO - Retrieved (score=0.4341):
Title: Check whether a graph is bipartite
Part: 1/1
# Check whether a graph is bipartite

A bipartite graph is a graph whose vertices can be divided into two disjoint sets so that every edge connects two vertices from different sets (i.e. there are no edges which connect vertices from the same se...


INFO - Retrieved (score=0.4791):
Title: 15 Puzzle Game: Existence Of The Solution
Part: 1/1
# 15 Puzzle Game: Existence Of The Solution

This game is played on a $4 \times 4$ board. On this board there are $15$ playing tiles numbered from 1 to 15. One cell is left empty (denoted by 0). You need to get the board to the position p...


INFO - [33m Retrieving 2 entries for db: reflections 
 [0m
INFO - Retrieved (score=0.3599):
The official solution provides a concise and efficient approach to solving the problem of counting triangles formed by colored points. Here are the key insights and steps from the official solution:

1. **Data Organization:** The solution uses a dictionary `p` to group points by their colors. Thi...


INFO - Retrieved (score=0.4102):
In reflecting on my attempts to solve the problem of distributing rubber ducks into boxes, I learned several key insights that can be useful for future problem-solving:

1. **Understanding Constraints and Requirements:**
   The problem required careful attention to constraints, specifically that ...


INFO - [33m Retrieving 2 entries for db: summaries 
 [0m
INFO - Retrieved (score=0.3523):
### Summary of Attempts

The problem involved coloring intervals on the X-axis to maximize the length of the green area, which occurs when blue and yellow intervals overlap. The main challenge was to ensure that overlapping intervals were colored differently to create green areas.

**Key Concepts...


INFO - Retrieved (score=0.3526):
In this problem, the goal was to determine if the final distribution of apples in boxes could differ based on which candidate Chef hires for the distribution task. The first candidate distributes apples evenly, while the second candidate places all apples in the box with the least apples. 

The k...


INFO - [33m Retrieving 1 entries for db: skill 
 [0m
INFO - Retrieved (score=0.5009):

[description for function: count_col_triang]
This function organizes a list of points by their colors and calculates the number of non-collinear triangles that can be formed from points of the same color. It first groups the points based on their color and initializes counters for the total numb...


INFO - [33m Retrieving 2 entries for db: non_func 
 [0m
INFO - Retrieved (score=0.4400):

[description for function: process_test_cases]
The function processes multiple test cases where for each case, it reads the number of walls and their positions, followed by a number of queries regarding Chef's starting position. For each query, it checks if Chef is positioned on a wall, in which...


INFO - Retrieved (score=0.4756):

[description for function: can_distribute_apples]
The function evaluates whether a given number of apples can be evenly distributed into a specified number of boxes for multiple test cases. For each test case, it checks if the number of boxes is equal to the number of apples. If they are equal, ...


INFO - Retrieved (score=0.3523): 
[Summary]:
    ### Summary of Attempts

    The problem involved coloring intervals on the X-axis to maximize the length of the green area, which occurs when blue and yellow intervals overlap. The main challenge was to ensure that overlapping intervals were colored differently to create green ar...
INFO - Retrieved (score=0.3526): 
[Summary]:
    In this problem, the goal was to determine if the final distribution of apples in boxes could differ based on which candidate Chef hires for the distribution task. The first candidate distributes apples evenly, while the second candidate places all apples in the box with the least...
INFO - LM call n parse attempt 1 / 3

INFO - [Task id] 1227 [prompt] 
You are an expert programmer tasked with solving the problem below.

Follow the user's instructions to solve the problem.
The user can ask for analysis, code, or both.

## Instructions
When asked to output code,
- Make sure to wrap your code in '```python' and '```' Markdown delimiters, 
- include exactly one block of code with the entire solution
- No outside libraries are allowed. 
- Builtins are allowed.
- If the task specifies a function name to be used, follow it strictly (be case sensitive!) and declare the that function last (helper functions are declared first).
- DO NOT write any assert statements / tests.

## Problem
[BEGIN PROBLEM]
One day, Chef found a cube which has each of its sides painted in some color out of black, blue, red, green, yellow and orange.
Now he asks you to check if he can choose three sides such that they are pairwise adjacent and painted in the same color.

-----Input-----
- The first line of the input contains an integer T denoting the number of test cases.
- A single line of each test case contains six words denoting the colors of painted sides in the order: front, back, left, right, top and bottom, respectively.

-----Output-----
For each test case, output a single line containing the word "YES" or "NO" (without quotes) corresponding to the answer of the problem.

-----Constraints-----
- 1 ≤ T ≤  50000 
- Each color will be from the list {"black", "blue", "red", "green", "yellow", "orange"}

-----Subtasks-----
Subtask 1: (25 points)
- 1 ≤ T ≤  12000 
- For each test case there will be at most three different colors

Subtask 2: (75 points)
- Original constraints

-----Example-----
Input:
2
blue yellow green orange black green
green yellow green orange black green

Output:
NO
YES

-----Explanation-----

Example case 1.
There are no three sides with the same color.

Example case 2.
In this test case, the front, bottom and left sides are green (see picture).

The output code needs to read from and write to standard IO


[END PROBLEM]

INFO - [Task id] 1227 [prompt] 
## Instructions

Reason through the problem and:
1. Restate the problem in plain English
2. Conceptualize a solution first in plain English
3. Write a pseudocode solution
4. Output the final Python 3 solution with your solution steps in comments.

Make sure to wrap your code in '```python' and '```' Markdown delimiters, 
and include exactly one block of code with the entire solution.

No outside libraries are allowed.
Builtins are allowed.

INFO - [Task id] 1227 [prompt] 
Also, here are some of your memories.
Feel free to use the given information to aid your problem solving process if necessary.
Do not confuse the memories with the problem statement.

## Memories

[Summary]:
    ### Summary of Attempts

    The problem involved coloring intervals on the X-axis to maximize the length of the green area, which occurs when blue and yellow intervals overlap. The main challenge was to ensure that overlapping intervals were colored differently to create green areas.

    **Key Concepts:**
    - **Overlap Detection:** The solution required checking for overlaps between intervals to determine how to color them.
    - **Color Alternation:** When overlaps were detected, the intervals needed to be colored alternately to maximize the green area.

    **Initial Strategies:**
    - The initial approach involved sorting the intervals and checking for overlaps with only the last colored interval. This led to incorrect results, as it did not account for multiple overlapping intervals effectively.

    **Errors and Fixes:**
    - The main error was in the overlap handling logic, which did not properly alternate colors for all overlapping intervals. The output for the test case `['1', '3', '3 7', '2 5', '6 9']` was expected to be `100`, but the implementation returned `101`.
    - The solution needed to maintain a list of active intervals and check against all of them for overlaps, ensuring that colors were assigned correctly.

    **Final Code Snippet:**
    ```python
    def maximize_green_intervals(test_cases):
        results = []
    
        for intervals in test_cases:
            n = intervals[0]
            interval_list = intervals[1]
        
            indexed_intervals = sorted((L, R, i) for i, (L, R) in enumerate(interval_list))
        
            result = ['0'] * n  # Initialize all intervals as blue (0)
        
            active_intervals = []
        
            for i in range(n):
                L, R, index = indexed_intervals[i]
                overlap_found = False
            
                for j in range(len(active_intervals)):
                    active_L, active_R, active_index = active_intervals[j]
                    if R > active_L:  # There is an overlap
                        overlap_found = True
                        if result[active_index] == '0':
                            result[index] = '1'  # Color current interval yellow
                        else:
                            result[index] = '0'  # Color current interval blue
                        break
            
                if not overlap_found:
                    result[index] = '0'
            
                active_intervals.append((L, R, index))
        
            results.append(''.join(result))
    
        for res in results:
            print(res)
    ```

    This summary encapsulates the core concepts, strategies, and errors encountered during the problem-solving process, providing a reference for future similar problems.
[/Summary]


[Summary]:
    In this problem, the goal was to determine if the final distribution of apples in boxes could differ based on which candidate Chef hires for the distribution task. The first candidate distributes apples evenly, while the second candidate places all apples in the box with the least apples. 

    The key insight was that if the number of boxes (K) is equal to the number of apples (N), both candidates will end up with the same distribution (all apples in one box). However, if K is less than N, the distributions can differ, leading to a "NO" answer. The solution involved checking these conditions for each test case.

    The implemented solution was straightforward, iterating through the test cases and applying the logic to determine the output. The final code effectively handled the input and output requirements without any errors. 

    Here’s the final code snippet for reference:

    ```python
    def can_distribute_apples(T, test_cases):
        for case in test_cases:
            N, K = case
            if K == N:
                print("YES")
            else:
                print("NO")

    T = int(input())
    test_cases = []
    for _ in range(T):
        N, K = map(int, input().split())
        test_cases.append((N, K))

    can_distribute_apples(T, test_cases)
    ```

    This experience reinforced the importance of understanding the problem's constraints and how they influence the solution's logic.
[/Summary]


INFO - [Task id] 1227 [generation text] 1. **Restate the problem in plain English:**
   The problem involves checking if it is possible to select three adjacent sides of a cube that are painted the same color. Each cube has six sides, and the colors of these sides are provided as input. We need to determine for multiple test cases whether such a selection is possible.

2. **Conceptualize a solution first in plain English:**
   To solve this problem, we need to identify the three pairs of adjacent sides on a cube. The pairs are:
   - Front, Left, Top
   - Front, Right, Top
   - Back, Left, Top
   - Back, Right, Top
   - Front, Left, Bottom
   - Front, Right, Bottom
   - Back, Left, Bottom
   - Back, Right, Bottom

   For each test case, we will check if any of these combinations of sides have the same color. If at least one combination matches, we will output "YES"; otherwise, we will output "NO".

3. **Write a pseudocode solution:**
   ```
   function check_adjacent_colors(test_cases):
       for each test_case in test_cases:
           read colors of the six sides
           check the following combinations:
               - colors[0], colors[1], colors[2] (Front, Back, Left)
               - colors[0], colors[1], colors[3] (Front, Back, Right)
               - colors[0], colors[2], colors[4] (Front, Left, Top)
               - colors[0], colors[3], colors[4] (Front, Right, Top)
               - colors[1], colors[2], colors[4] (Back, Left, Top)
               - colors[1], colors[3], colors[4] (Back, Right, Top)
               - colors[0], colors[2], colors[5] (Front, Left, Bottom)
               - colors[0], colors[3], colors[5] (Front, Right, Bottom)
               - colors[1], colors[2], colors[5] (Back, Left, Bottom)
               - colors[1], colors[3], colors[5] (Back, Right, Bottom)
           if any combination has the same color:
               output "YES"
           else:
               output "NO"
   ```

4. **Output the final Python 3 solution with your solution steps in comments:**
```python
def check_adjacent_colors(test_cases):
    results = []
    
    for colors in test_cases:
        # Check the combinations of adjacent sides
        if (colors[0] == colors[2] == colors[4] or  # Front, Left, Top
            colors[0] == colors[3] == colors[4] or  # Front, Right, Top
            colors[1] == colors[2] == colors[4] or  # Back, Left, Top
            colors[1] == colors[3] == colors[4] or  # Back, Right, Top
            colors[0] == colors[2] == colors[5] or  # Front, Left, Bottom
            colors[0] == colors[3] == colors[5] or  # Front, Right, Bottom
            colors[1] == colors[2] == colors[5] or  # Back, Left, Bottom
            colors[1] == colors[3] == colors[5]):   # Back, Right, Bottom
            results.append("YES")
        else:
            results.append("NO")
    
    # Print all results for each test case
    for result in results:
        print(result)

# Read input
T = int(input())
test_cases = []
for _ in range(T):
    colors = input().split()
    test_cases.append(colors)

# Call the function with the test cases
check_adjacent_colors(test_cases)
```
INFO - program_code:
 
def check_adjacent_colors(test_cases):
    results = []
    
    for colors in test_cases:
        # Check the combinations of adjacent sides
        if (colors[0] == colors[2] == colors[4] or  # Front, Left, Top
            colors[0] == colors[3] == colors[4] or  # Front, Right, Top
            colors[1] == colors[2] == colors[4] or  # Back, Left, Top
            colors[1] == colors[3] == colors[4] or  # Back, Right, Top
            colors[0] == colors[2] == colors[5] or  # Front, Left, Bottom
            colors[0] == colors[3] == colors[5] or  # Front, Right, Bottom
            colors[1] == colors[2] == colors[5] or  # Back, Left, Bottom
            colors[1] == colors[3] == colors[5]):   # Back, Right, Bottom
            results.append("YES")
        else:
            results.append("NO")
    
    # Print all results for each test case
    for result in results:
        print(result)

# Read input
T = int(input())
test_cases = []
for _ in range(T):
    colors = input().split()
    test_cases.append(colors)

# Call the function with the test cases
check_adjacent_colors(test_cases)


INFO - program_name:
 check_adjacent_colors

INFO - dependencies:
 []

INFO - raw_msg:
 1. **Restate the problem in plain English:**
   The problem involves checking if it is possible to select three adjacent sides of a cube that are painted the same color. Each cube has six sides, and the colors of these sides are provided as input. We need to determine for multiple test cases whether such a selection is possible.

2. **Conceptualize a solution first in plain English:**
   To solve this problem, we need to identify the three pairs of adjacent sides on a cube. The pairs are:
   - Front, Left, Top
   - Front, Right, Top
   - Back, Left, Top
   - Back, Right, Top
   - Front, Left, Bottom
   - Front, Right, Bottom
   - Back, Left, Bottom
   - Back, Right, Bottom

   For each test case, we will check if any of these combinations of sides have the same color. If at least one combination matches, we will output "YES"; otherwise, we will output "NO".

3. **Write a pseudocode solution:**
   ```
   function check_adjacent_colors(test_cases):
       for each test_case in test_cases:
           read colors of the six sides
           check the following combinations:
               - colors[0], colors[1], colors[2] (Front, Back, Left)
               - colors[0], colors[1], colors[3] (Front, Back, Right)
               - colors[0], colors[2], colors[4] (Front, Left, Top)
               - colors[0], colors[3], colors[4] (Front, Right, Top)
               - colors[1], colors[2], colors[4] (Back, Left, Top)
               - colors[1], colors[3], colors[4] (Back, Right, Top)
               - colors[0], colors[2], colors[5] (Front, Left, Bottom)
               - colors[0], colors[3], colors[5] (Front, Right, Bottom)
               - colors[1], colors[2], colors[5] (Back, Left, Bottom)
               - colors[1], colors[3], colors[5] (Back, Right, Bottom)
           if any combination has the same color:
               output "YES"
           else:
               output "NO"
   ```

4. **Output the final Python 3 solution with your solution steps in comments:**
```python
def check_adjacent_colors(test_cases):
    results = []
    
    for colors in test_cases:
        # Check the combinations of adjacent sides
        if (colors[0] == colors[2] == colors[4] or  # Front, Left, Top
            colors[0] == colors[3] == colors[4] or  # Front, Right, Top
            colors[1] == colors[2] == colors[4] or  # Back, Left, Top
            colors[1] == colors[3] == colors[4] or  # Back, Right, Top
            colors[0] == colors[2] == colors[5] or  # Front, Left, Bottom
            colors[0] == colors[3] == colors[5] or  # Front, Right, Bottom
            colors[1] == colors[2] == colors[5] or  # Back, Left, Bottom
            colors[1] == colors[3] == colors[5]):   # Back, Right, Bottom
            results.append("YES")
        else:
            results.append("NO")
    
    # Print all results for each test case
    for result in results:
        print(result)

# Read input
T = int(input())
test_cases = []
for _ in range(T):
    colors = input().split()
    test_cases.append(colors)

# Call the function with the test cases
check_adjacent_colors(test_cases)
```

INFO - no_parent:
 False

INFO - full code to be executed: 
 
def check_adjacent_colors(test_cases):
    results = []
    
    for colors in test_cases:
        # Check the combinations of adjacent sides
        if (colors[0] == colors[2] == colors[4] or  # Front, Left, Top
            colors[0] == colors[3] == colors[4] or  # Front, Right, Top
            colors[1] == colors[2] == colors[4] or  # Back, Left, Top
            colors[1] == colors[3] == colors[4] or  # Back, Right, Top
            colors[0] == colors[2] == colors[5] or  # Front, Left, Bottom
            colors[0] == colors[3] == colors[5] or  # Front, Right, Bottom
            colors[1] == colors[2] == colors[5] or  # Back, Left, Bottom
            colors[1] == colors[3] == colors[5]):   # Back, Right, Bottom
            results.append("YES")
        else:
            results.append("NO")
    
    # Print all results for each test case
    for result in results:
        print(result)

# Read input
T = int(input())
test_cases = []
for _ in range(T):
    colors = input().split()
    test_cases.append(colors)

# Call the function with the test cases
check_adjacent_colors(test_cases)


INFO - obs: Note: Inputs/outputs here are automatically extracted/truncated so formatting may be a bit off.
Tests passed:

 Input: ['2', 'blue yellow green orange black green', 'green yellow green orange black green'] Output: NO
YES

Tests failed:
None
reward: True
done: None
info: {'individual_results': [True]}
INFO - Updated entry: 
[Task]:
    One day, Chef found a cube which has each of its sides painted in some color out of black, blue, red, green, yellow and orange.
    Now he asks you to check if he can choose three sides such that they are pairwise adjacent and painted in the same color.

    -----Input-----
    - The...,

INFO - Metadata: {
    "raw_msg": "1. **Restate the problem in plain English:**\n   The problem involves checking if it is possible to select three adjacent sides of a cube that are painted the same color. Each cube has six sides, and the colors of these sides are provided as input. We need to determine for multi...

INFO - LM call n parse attempt 1 / 3

INFO - [Task id] 1227 [prompt] 
You are an expert programmer tasked with solving the problem below.

Follow the user's instructions to solve the problem.
The user can ask for analysis, code, or both.

## Instructions
When asked to output code,
- Make sure to wrap your code in '```python' and '```' Markdown delimiters, 
- include exactly one block of code with the entire solution
- No outside libraries are allowed. 
- Builtins are allowed.
- If the task specifies a function name to be used, follow it strictly (be case sensitive!) and declare the that function last (helper functions are declared first).
- DO NOT write any assert statements / tests.

## Problem
[BEGIN PROBLEM]
One day, Chef found a cube which has each of its sides painted in some color out of black, blue, red, green, yellow and orange.
Now he asks you to check if he can choose three sides such that they are pairwise adjacent and painted in the same color.

-----Input-----
- The first line of the input contains an integer T denoting the number of test cases.
- A single line of each test case contains six words denoting the colors of painted sides in the order: front, back, left, right, top and bottom, respectively.

-----Output-----
For each test case, output a single line containing the word "YES" or "NO" (without quotes) corresponding to the answer of the problem.

-----Constraints-----
- 1 ≤ T ≤  50000 
- Each color will be from the list {"black", "blue", "red", "green", "yellow", "orange"}

-----Subtasks-----
Subtask 1: (25 points)
- 1 ≤ T ≤  12000 
- For each test case there will be at most three different colors

Subtask 2: (75 points)
- Original constraints

-----Example-----
Input:
2
blue yellow green orange black green
green yellow green orange black green

Output:
NO
YES

-----Explanation-----

Example case 1.
There are no three sides with the same color.

Example case 2.
In this test case, the front, bottom and left sides are green (see picture).

The output code needs to read from and write to standard IO


[END PROBLEM]

INFO - [Task id] 1227 [prompt] 
## Instructions

Reason through the problem and:
1. Restate the problem in plain English
2. Conceptualize a solution first in plain English
3. Write a pseudocode solution
4. Output the final Python 3 solution with your solution steps in comments.

Make sure to wrap your code in '```python' and '```' Markdown delimiters, 
and include exactly one block of code with the entire solution.

No outside libraries are allowed.
Builtins are allowed.

INFO - [Task id] 1227 [prompt] 1. **Restate the problem in plain English:**
   The problem involves checking if it is possible to select three adjacent sides of a cube that are painted the same color. Each cube has six sides, and the colors of these sides are provided as input. We need to determine for multiple test cases whether such a selection is possible.

2. **Conceptualize a solution first in plain English:**
   To solve this problem, we need to identify the three pairs of adjacent sides on a cube. The pairs are:
   - Front, Left, Top
   - Front, Right, Top
   - Back, Left, Top
   - Back, Right, Top
   - Front, Left, Bottom
   - Front, Right, Bottom
   - Back, Left, Bottom
   - Back, Right, Bottom

   For each test case, we will check if any of these combinations of sides have the same color. If at least one combination matches, we will output "YES"; otherwise, we will output "NO".

3. **Write a pseudocode solution:**
   ```
   function check_adjacent_colors(test_cases):
       for each test_case in test_cases:
           read colors of the six sides
           check the following combinations:
               - colors[0], colors[1], colors[2] (Front, Back, Left)
               - colors[0], colors[1], colors[3] (Front, Back, Right)
               - colors[0], colors[2], colors[4] (Front, Left, Top)
               - colors[0], colors[3], colors[4] (Front, Right, Top)
               - colors[1], colors[2], colors[4] (Back, Left, Top)
               - colors[1], colors[3], colors[4] (Back, Right, Top)
               - colors[0], colors[2], colors[5] (Front, Left, Bottom)
               - colors[0], colors[3], colors[5] (Front, Right, Bottom)
               - colors[1], colors[2], colors[5] (Back, Left, Bottom)
               - colors[1], colors[3], colors[5] (Back, Right, Bottom)
           if any combination has the same color:
               output "YES"
           else:
               output "NO"
   ```

4. **Output the final Python 3 solution with your solution steps in comments:**
```python
def check_adjacent_colors(test_cases):
    results = []
    
    for colors in test_cases:
        # Check the combinations of adjacent sides
        if (colors[0] == colors[2] == colors[4] or  # Front, Left, Top
            colors[0] == colors[3] == colors[4] or  # Front, Right, Top
            colors[1] == colors[2] == colors[4] or  # Back, Left, Top
            colors[1] == colors[3] == colors[4] or  # Back, Right, Top
            colors[0] == colors[2] == colors[5] or  # Front, Left, Bottom
            colors[0] == colors[3] == colors[5] or  # Front, Right, Bottom
            colors[1] == colors[2] == colors[5] or  # Back, Left, Bottom
            colors[1] == colors[3] == colors[5]):   # Back, Right, Bottom
            results.append("YES")
        else:
            results.append("NO")
    
    # Print all results for each test case
    for result in results:
        print(result)

# Read input
T = int(input())
test_cases = []
for _ in range(T):
    colors = input().split()
    test_cases.append(colors)

# Call the function with the test cases
check_adjacent_colors(test_cases)
```
INFO - [Task id] 1227 [prompt] 
[Environment Feedback]:
    Note: Inputs/outputs here are automatically extracted/truncated so formatting may be a bit off.
    Tests passed:

     Input: ['2', 'blue yellow green orange black green', 'green yellow green orange black green'] Output: NO
    YES

    Tests failed:
    None
[/Environment Feedback]

INFO - [Task id] 1227 [prompt] 
## Instructions
Now, summarize your attempts as a **standalone** document for your own future reference. (can skip formalities, be concise)

- Only include the most relevant information and code snippets that could be useful in the future.
- If you did not learn much from the current experience (e.g. the problem was too easy), feel free to write less or nothing at all.
- Here are some ideas if the experience was useful:
    - Identifying the core concepts and patterns that problem appears to test for
    - Describing the strategies that seemed to work but did not, and vice versa
    - Describing unexpected errors and how they were fixed

Your summary should be at most a few paragraphs.

INFO - [Task id] 1227 [generation text] In this task, the goal was to determine if three pairwise adjacent sides of a cube could be painted the same color based on given inputs. The problem required checking specific combinations of sides for color matches. 

The core concept involved understanding the geometry of a cube and identifying which sides are adjacent. The combinations to check included pairs like Front-Left-Top and Back-Right-Bottom, among others. The solution efficiently iterated through the test cases and checked these combinations using simple equality checks.

The implemented solution was straightforward and utilized basic list indexing to access the colors of the cube's sides. The function `check_adjacent_colors` processed the input and printed "YES" or "NO" based on whether any of the specified combinations had the same color. 

The final code snippet effectively handled the input and output requirements, ensuring that it could process up to 50,000 test cases efficiently. No unexpected errors occurred during the implementation, and the solution passed all provided test cases. 

Key code snippet:
```python
if (colors[0] == colors[2] == colors[4] or  # Front, Left, Top
    colors[0] == colors[3] == colors[4] or  # Front, Right, Top
    ...
    colors[1] == colors[3] == colors[5]):   # Back, Right, Bottom
    results.append("YES")
else:
    results.append("NO")
``` 

This experience reinforced the importance of understanding spatial relationships in problems involving geometric shapes and the efficiency of direct comparisons in solving such problems.
INFO - LM call n parse attempt 1 / 3

INFO - [Task id] 1227 [prompt] 
You are an expert programmer tasked with solving the problem below.

Follow the user's instructions to solve the problem.
The user can ask for analysis, code, or both.

## Instructions
When asked to output code,
- Make sure to wrap your code in '```python' and '```' Markdown delimiters, 
- include exactly one block of code with the entire solution
- No outside libraries are allowed. 
- Builtins are allowed.
- If the task specifies a function name to be used, follow it strictly (be case sensitive!) and declare the that function last (helper functions are declared first).
- DO NOT write any assert statements / tests.

## Problem
[BEGIN PROBLEM]
One day, Chef found a cube which has each of its sides painted in some color out of black, blue, red, green, yellow and orange.
Now he asks you to check if he can choose three sides such that they are pairwise adjacent and painted in the same color.

-----Input-----
- The first line of the input contains an integer T denoting the number of test cases.
- A single line of each test case contains six words denoting the colors of painted sides in the order: front, back, left, right, top and bottom, respectively.

-----Output-----
For each test case, output a single line containing the word "YES" or "NO" (without quotes) corresponding to the answer of the problem.

-----Constraints-----
- 1 ≤ T ≤  50000 
- Each color will be from the list {"black", "blue", "red", "green", "yellow", "orange"}

-----Subtasks-----
Subtask 1: (25 points)
- 1 ≤ T ≤  12000 
- For each test case there will be at most three different colors

Subtask 2: (75 points)
- Original constraints

-----Example-----
Input:
2
blue yellow green orange black green
green yellow green orange black green

Output:
NO
YES

-----Explanation-----

Example case 1.
There are no three sides with the same color.

Example case 2.
In this test case, the front, bottom and left sides are green (see picture).

The output code needs to read from and write to standard IO


[END PROBLEM]

INFO - [Task id] 1227 [prompt] 
## Instructions

Reason through the problem and:
1. Restate the problem in plain English
2. Conceptualize a solution first in plain English
3. Write a pseudocode solution
4. Output the final Python 3 solution with your solution steps in comments.

Make sure to wrap your code in '```python' and '```' Markdown delimiters, 
and include exactly one block of code with the entire solution.

No outside libraries are allowed.
Builtins are allowed.

INFO - [Task id] 1227 [prompt] 1. **Restate the problem in plain English:**
   The problem involves checking if it is possible to select three adjacent sides of a cube that are painted the same color. Each cube has six sides, and the colors of these sides are provided as input. We need to determine for multiple test cases whether such a selection is possible.

2. **Conceptualize a solution first in plain English:**
   To solve this problem, we need to identify the three pairs of adjacent sides on a cube. The pairs are:
   - Front, Left, Top
   - Front, Right, Top
   - Back, Left, Top
   - Back, Right, Top
   - Front, Left, Bottom
   - Front, Right, Bottom
   - Back, Left, Bottom
   - Back, Right, Bottom

   For each test case, we will check if any of these combinations of sides have the same color. If at least one combination matches, we will output "YES"; otherwise, we will output "NO".

3. **Write a pseudocode solution:**
   ```
   function check_adjacent_colors(test_cases):
       for each test_case in test_cases:
           read colors of the six sides
           check the following combinations:
               - colors[0], colors[1], colors[2] (Front, Back, Left)
               - colors[0], colors[1], colors[3] (Front, Back, Right)
               - colors[0], colors[2], colors[4] (Front, Left, Top)
               - colors[0], colors[3], colors[4] (Front, Right, Top)
               - colors[1], colors[2], colors[4] (Back, Left, Top)
               - colors[1], colors[3], colors[4] (Back, Right, Top)
               - colors[0], colors[2], colors[5] (Front, Left, Bottom)
               - colors[0], colors[3], colors[5] (Front, Right, Bottom)
               - colors[1], colors[2], colors[5] (Back, Left, Bottom)
               - colors[1], colors[3], colors[5] (Back, Right, Bottom)
           if any combination has the same color:
               output "YES"
           else:
               output "NO"
   ```

4. **Output the final Python 3 solution with your solution steps in comments:**
```python
def check_adjacent_colors(test_cases):
    results = []
    
    for colors in test_cases:
        # Check the combinations of adjacent sides
        if (colors[0] == colors[2] == colors[4] or  # Front, Left, Top
            colors[0] == colors[3] == colors[4] or  # Front, Right, Top
            colors[1] == colors[2] == colors[4] or  # Back, Left, Top
            colors[1] == colors[3] == colors[4] or  # Back, Right, Top
            colors[0] == colors[2] == colors[5] or  # Front, Left, Bottom
            colors[0] == colors[3] == colors[5] or  # Front, Right, Bottom
            colors[1] == colors[2] == colors[5] or  # Back, Left, Bottom
            colors[1] == colors[3] == colors[5]):   # Back, Right, Bottom
            results.append("YES")
        else:
            results.append("NO")
    
    # Print all results for each test case
    for result in results:
        print(result)

# Read input
T = int(input())
test_cases = []
for _ in range(T):
    colors = input().split()
    test_cases.append(colors)

# Call the function with the test cases
check_adjacent_colors(test_cases)
```
INFO - [Task id] 1227 [prompt] 
[Environment Feedback]:
    Note: Inputs/outputs here are automatically extracted/truncated so formatting may be a bit off.
    Tests passed:

     Input: ['2', 'blue yellow green orange black green', 'green yellow green orange black green'] Output: NO
    YES

    Tests failed:
    None
[/Environment Feedback]

INFO - [Task id] 1227 [prompt] 
Below is the official solution (do exercise discretion as official solutions can also have mistakes).

You will be reflecting on your attempts to solve the problem.
This will be a **standalone** document for your own future reference. (can skip formalities, be concise)

## Instructions
- Only include the most relevant insights and code snippets that could be useful in the future.
- If you did not learn much from the current experience (e.g. the problem was too easy / official solution was obvious), feel free to write less or nothing at all.
- Here are some ideas if the experience was useful:
    - If the official solution is insightful (e.g. better than yours in time and space complexity or more effective in breaking down the problem statement), distil the key approach of the official solution, step by step.
    - If your approach failed the test cases, reason why the official solution works but yours does not

Your reflection should be at most a few paragraphs.

## Official solution
for _ in range(int(input())):
 l=list(map(str,input().split()))
 a=[(1,3,5),(1,3,6),(1,4,5),(1,4,6),(2,3,5),(2,3,6),(2,4,5),(2,4,6)]
 c=0
 for i in a:
  if len(set([l[i[0]-1],l[i[1]-1],l[i[2]-1]]))==1:
   c=1
   break
 if c==1:
  print("YES")
 else:
  print("NO")


INFO - [Task id] 1227 [generation text] The official solution effectively checks for three adjacent sides of a cube that are painted the same color by using a more compact and efficient approach. Here are the key insights and steps from the official solution:

1. **Input Handling**: The solution reads the number of test cases and the colors of the cube sides in a single line, which is efficient for handling multiple test cases.

2. **Adjacent Side Combinations**: Instead of explicitly checking each combination of sides, the official solution uses a predefined list of tuples that represent the indices of the adjacent sides. This reduces redundancy and makes the code cleaner.

3. **Set for Uniqueness**: The solution uses a set to check if all three selected sides have the same color. By converting the list of colors to a set, it can easily determine if all elements are identical (i.e., the length of the set is 1).

4. **Early Exit**: The use of a break statement allows the loop to exit as soon as a valid combination is found, which can save time in cases where a match is found early.

5. **Output**: The solution prints "YES" or "NO" based on whether a valid combination was found, which is straightforward and efficient.

Overall, the official solution is more concise and leverages Python's data structures effectively to achieve the desired outcome with minimal code. This experience highlights the importance of considering data structures and control flow for optimizing code, especially in competitive programming scenarios.
INFO - Updated entry: In this task, the goal was to determine if three pairwise adjacent sides of a cube could be painted the same color based on given inputs. The problem required checking specific combinations of sides for color matches. 

The core concept involved understanding the geometry of a cube and identifyin...,

INFO - Metadata: {
    "task_id": 1227
}

INFO - Updated entry: The official solution effectively checks for three adjacent sides of a cube that are painted the same color by using a more compact and efficient approach. Here are the key insights and steps from the official solution:

1. **Input Handling**: The solution reads the number of test cases and the c...,

INFO - Metadata: {
    "task_id": 1227
}

INFO - LM call n parse attempt 1 / 3

INFO - [Task id] 1227 [prompt] 
You are a helpful assistant that writes a description of the given function written in the Python programming language.

1) Do not mention the function name.
2) Do not mention anything about helper functions.
3) There might be some helper functions before the main function, but you only need to describe the main function.
4) Try to summarize the function in no more than 6 sentences.
5) Your response should be a single line of text.

INFO - [Task id] 1227 [prompt] 
def check_adjacent_colors(test_cases):
    results = []
    
    for colors in test_cases:
        # Check the combinations of adjacent sides
        if (colors[0] == colors[2] == colors[4] or  # Front, Left, Top
            colors[0] == colors[3] == colors[4] or  # Front, Right, Top
            colors[1] == colors[2] == colors[4] or  # Back, Left, Top
            colors[1] == colors[3] == colors[4] or  # Back, Right, Top
            colors[0] == colors[2] == colors[5] or  # Front, Left, Bottom
            colors[0] == colors[3] == colors[5] or  # Front, Right, Bottom
            colors[1] == colors[2] == colors[5] or  # Back, Left, Bottom
            colors[1] == colors[3] == colors[5]):   # Back, Right, Bottom
            results.append("YES")
        else:
            results.append("NO")
    
    # Print all results for each test case
    for result in results:
        print(result)

# Read input
T = int(input())
test_cases = []
for _ in range(T):
    colors = input().split()
    test_cases.append(colors)

# Call the function with the test cases
check_adjacent_colors(test_cases)


The main function is `check_adjacent_colors`.
INFO - [Task id] 1227 [generation text] This function evaluates a series of test cases to determine if there are three adjacent sides of a cube that share the same color. It checks specific combinations of colors on the cube's sides, including the front, back, left, right, top, and bottom faces. For each test case, if any of the specified combinations match, it appends "YES" to the results; otherwise, it appends "NO". After processing all test cases, it prints the results sequentially. The function effectively assesses color adjacency based on predefined criteria. It is designed to handle multiple test cases in a single execution.
INFO - LM call n parse attempt 1 / 3

INFO - [Task id] 1227 [prompt] 
You are a helpful assistant that extracts important information from problems and solutions to aid in searchability and education.

## Instructions
- Read through the problem and solution carefully.
- Reason out, step by step, in what scenarios this knowledge would be useful.
- Focus on general patterns and situations to help connect this knowledge to new situations.
- Then, include a list of keywords that are useful for searching this problem/solution pair.

## Response format
Respond in JSON, and follow the keys and expected format of the values strictly.

The output should be formatted as a JSON instance that conforms to the JSON schema below.

As an example, for the schema {"properties": {"foo": {"title": "Foo", "description": "a list of strings", "type": "array", "items": {"type": "string"}}}, "required": ["foo"]}
the object {"foo": ["bar", "baz"]} is a well-formatted instance of the schema. The object {"properties": {"foo": ["bar", "baz"]}} is not well-formatted.

Here is the output schema:
```
{"properties": {"scenarios": {"description": "In what scenarios will this knowledge be useful? Answer in a paragraph.", "title": "Scenarios", "type": "string"}, "keywords": {"description": "List of keywords that are useful for searching this problem/solution pair", "items": {"type": "string"}, "title": "Keywords", "type": "array"}}, "required": ["scenarios", "keywords"]}
```

INFO - [Task id] 1227 [prompt] 
[Problem]
    One day, Chef found a cube which has each of its sides painted in some color out of black, blue, red, green, yellow and orange.
    Now he asks you to check if he can choose three sides such that they are pairwise adjacent and painted in the same color.

    -----Input-----
    - The first line of the input contains an integer T denoting the number of test cases.
    - A single line of each test case contains six words denoting the colors of painted sides in the order: front, back, left, right, top and bottom, respectively.

    -----Output-----
    For each test case, output a single line containing the word "YES" or "NO" (without quotes) corresponding to the answer of the problem.

    -----Constraints-----
    - 1 ≤ T ≤  50000 
    - Each color will be from the list {"black", "blue", "red", "green", "yellow", "orange"}

    -----Subtasks-----
    Subtask 1: (25 points)
    - 1 ≤ T ≤  12000 
    - For each test case there will be at most three different colors

    Subtask 2: (75 points)
    - Original constraints

    -----Example-----
    Input:
    2
    blue yellow green orange black green
    green yellow green orange black green

    Output:
    NO
    YES

    -----Explanation-----

    Example case 1.
    There are no three sides with the same color.

    Example case 2.
    In this test case, the front, bottom and left sides are green (see picture).
[/Problem]

[Solution]

    def check_adjacent_colors(test_cases):
        results = []
    
        for colors in test_cases:
            # Check the combinations of adjacent sides
            if (colors[0] == colors[2] == colors[4] or  # Front, Left, Top
                colors[0] == colors[3] == colors[4] or  # Front, Right, Top
                colors[1] == colors[2] == colors[4] or  # Back, Left, Top
                colors[1] == colors[3] == colors[4] or  # Back, Right, Top
                colors[0] == colors[2] == colors[5] or  # Front, Left, Bottom
                colors[0] == colors[3] == colors[5] or  # Front, Right, Bottom
                colors[1] == colors[2] == colors[5] or  # Back, Left, Bottom
                colors[1] == colors[3] == colors[5]):   # Back, Right, Bottom
                results.append("YES")
            else:
                results.append("NO")
    
        # Print all results for each test case
        for result in results:
            print(result)

    # Read input
    T = int(input())
    test_cases = []
    for _ in range(T):
        colors = input().split()
        test_cases.append(colors)

    # Call the function with the test cases
    check_adjacent_colors(test_cases)

[/Solution]

INFO - [Task id] 1227 [generation text] 
INFO - {
    "scenarios": "This knowledge is useful in scenarios where one needs to determine the arrangement of colors on a cube, particularly in games, puzzles, or graphical applications where color adjacency matters. It can also be applied in computer graphics for rendering objects with specific color patterns, or in robotics for tasks involving object recognition and manipulation based on color. Additionally, this logic can be beneficial in competitive programming and algorithm design, where efficient checking of conditions is required.",
    "keywords": [
        "cube",
        "colors",
        "adjacent sides",
        "color matching",
        "competitive programming",
        "algorithm",
        "3D geometry",
        "color arrangement"
    ]
}
INFO - {
    "scenarios": "This knowledge is useful in scenarios where one needs to determine the arrangement of colors on a cube, particularly in games, puzzles, or graphical applications where color adjacency matters. It can also be applied in computer graphics for rendering objects with specific color patterns, or in robotics for tasks involving object recognition and manipulation based on color. Additionally, this logic can be beneficial in competitive programming and algorithm design, where efficient checking of conditions is required.",
    "keywords": [
        "cube",
        "colors",
        "adjacent sides",
        "color matching",
        "competitive programming",
        "algorithm",
        "3D geometry",
        "color arrangement"
    ]
}
INFO - Updated entry: 
[description for function: check_adjacent_colors]
This function evaluates a series of test cases to determine if there are three adjacent sides of a cube that share the same color. It checks specific combinations of colors on the cube's sides, including the front, back, left, right, top, and bot...,

INFO - Metadata: {
    "task": 1227,
    "code": "\ndef check_adjacent_colors(test_cases):\n    results = []\n    \n    for colors in test_cases:\n        # Check the combinations of adjacent sides\n        if (colors[0] == colors[2] == colors[4] or  # Front, Left, Top\n            colors[0] == colors[3] == color...

