INFO - DB skill doc count: 0

INFO - DB non_func doc count: 29

INFO - DB semantic doc count: 429

INFO - DB summaries doc count: 39

INFO - DB reflections doc count: 39

INFO - DB episodic doc count: 78

INFO - [train iter]: 39/100 

INFO - The task prompt is Given an encoded string, return it's decoded string.


The encoding rule is: k[encoded_string], where the encoded_string inside the square brackets is being repeated exactly k times. Note that k is guaranteed to be a positive integer.


You may assume that the input string is always valid; No ext...

INFO - Attempting task_id 146
INFO - LM call n parse attempt 1 / 3

INFO - [Task id] 146 [prompt] 
You are an expert programmer tasked with solving the problem below.

Follow the user's instructions to solve the problem.
The user can ask for analysis, code, or both.

## Instructions
When asked to output code,
- Make sure to wrap your code in '```python' and '```' Markdown delimiters, 
- include exactly one block of code with the entire solution
- No outside libraries are allowed. 
- Builtins are allowed.
- If the task specifies a function name to be used, follow it strictly (be case sensitive!) and declare the that function last (helper functions are declared first).
- DO NOT write any assert statements / tests.

## Problem
[BEGIN PROBLEM]
Given an encoded string, return it's decoded string.


The encoding rule is: k[encoded_string], where the encoded_string inside the square brackets is being repeated exactly k times. Note that k is guaranteed to be a positive integer.


You may assume that the input string is always valid; No extra white spaces, square brackets are well-formed, etc.

Furthermore, you may assume that the original data does not contain any digits and that digits are only for those repeat numbers, k. For example, there won't be input like 3a or 2[4].


Examples:

s = "3[a]2[bc]", return "aaabcbc".
s = "3[a2[c]]", return "accaccacc".
s = "2[abc]3[cd]ef", return "abcabccdcdcdef".

The output code needs to use the provided function signature

The final python function should begin with: 
```python

class Solution:
    def decodeString(self, s: str) -> str:
        
```

[END PROBLEM]

INFO - [Task id] 146 [prompt] 
## Instructions

Reason through the problem and:
1. Restate the problem in plain English
2. Conceptualize a solution first in plain English
3. Write a pseudocode solution
4. Output the final Python 3 solution with your solution steps in comments.

Make sure to wrap your code in '```python' and '```' Markdown delimiters, 
and include exactly one block of code with the entire solution.

No outside libraries are allowed.
Builtins are allowed.

INFO - [Task id] 146 [generation text] 1. **Restate the problem in plain English:**
   We need to decode a string that contains encoded patterns. The encoding format is `k[encoded_string]`, where `k` is a positive integer indicating how many times to repeat the `encoded_string` that follows it inside square brackets. Our task is to return the fully decoded string.

2. **Conceptualize a solution first in plain English:**
   To decode the string, we can use a stack to keep track of the characters and numbers as we parse through the string. When we encounter a digit, we build the number until we hit a `[`, at which point we push the number and the current string onto the stack. When we encounter a `]`, we pop from the stack to get the last number and string, repeat the string that many times, and append it to the string we are currently building. This process continues until we have processed the entire input string.

3. **Write a pseudocode solution:**
   ```
   Initialize an empty stack
   Initialize an empty current_string
   Initialize a number variable to 0

   For each character in the input string:
       If the character is a digit:
           Update the number (build the complete number)
       Else if the character is '[':
           Push the current_string and the number onto the stack
           Reset current_string and number
       Else if the character is ']':
           Pop the number and the last string from the stack
           Repeat current_string the number of times and append to the last string
           Update current_string to this new string
       Else:
           Append the character to current_string

   Return current_string
   ```

4. **Output the final Python 3 solution with your solution steps in comments:**
```python
class Solution:
    def decodeString(self, s: str) -> str:
        # Initialize an empty stack to keep track of numbers and strings
        stack = []
        current_string = ""
        number = 0
        
        # Iterate through each character in the input string
        for char in s:
            if char.isdigit():
                # Build the number (could be more than one digit)
                number = number * 10 + int(char)
            elif char == '[':
                # Push the current string and number onto the stack
                stack.append((current_string, number))
                # Reset current_string and number for the new segment
                current_string = ""
                number = 0
            elif char == ']':
                # Pop the last string and number from the stack
                last_string, repeat_count = stack.pop()
                # Repeat the current_string and append to the last string
                current_string = last_string + current_string * repeat_count
            else:
                # Append the character to the current_string
                current_string += char
        
        # Return the fully decoded string
        return current_string
```
INFO - [35m Rollout attempt 1/4[0m
INFO - [33m Retrieving 3 entries for db: episodic 
 [0m
INFO - Retrieved (score=0.4147):

[Task]:
    The chef is trying to decode some pattern problems, Chef wants your help to code it. Chef has one number K to form a new pattern. Help the chef to code this pattern problem.

    -----Input:-----
    - First-line will contain $T$, the number of test cases. Then the test cases follow....


INFO - Retrieved (score=0.4170):

[Task]:
    The chef is trying to decode some pattern problems, Chef wants your help to code it. Chef has one number K to form a new pattern. Help the chef to code this pattern problem.

    -----Input:-----
    - First-line will contain $T$, the number of test cases. Then the test cases follow....


INFO - Retrieved (score=0.4420):

[Task]:
    The chef is trying to decode some pattern problems, Chef wants your help to code it. Chef has one number K to form a new pattern. Help the chef to code this pattern problem.

    -----Input:-----
    - First-line will contain $T$, the number of test cases. Then the test cases follow....


INFO - [33m Retrieving 3 entries for db: semantic 
 [0m
INFO - Retrieved (score=0.4727):
Title: Balanced bracket sequences
Part: 1/2
# Balanced bracket sequences

A **balanced bracket sequence** is a string consisting of only brackets, such that this sequence, when inserted certain numbers and mathematical operations, gives a valid mathematical expression.
Formally you can define bal...


INFO - Retrieved (score=0.4861):
Title: Finding repetitions
Part: 1/2
# Finding repetitions

Given a string $s$ of length $n$.

A **repetition** is two occurrences of a string in a row.
In other words a repetition can be described by a pair of indices $i < j$ such that the substring $s[i \dots j]$ consists of two identical strin...


INFO - Retrieved (score=0.4935):
Title: Prefix function. Knuth–Morris–Pratt algorithm
Part: 3/4
```

Here for each value of the prefix function we first count how many times it occurs in the array $\pi$, and then compute the final answers:
if we know that the length prefix $i$ appears exactly $\text{ans}[i]$ times, then this num...


INFO - [33m Retrieving 3 entries for db: reflections 
 [0m
INFO - Retrieved (score=0.4720):
The official solution effectively addresses the problem by using a while loop that checks for the presence of the substring "abc" in the string. It utilizes the `count` method to determine if "abc" exists and continues to replace all occurrences of "abc" until none remain. This approach is straig...


INFO - Retrieved (score=0.4775):
In my attempts to solve the problem, I misunderstood the expected output format. The task required generating a pattern of alternating 1s and 0s based on the integer \( K \) for each test case. My initial approach involved generating a sequence of numbers that increased and then decreased, which ...


INFO - Retrieved (score=0.5001):
In my attempts to solve the problem, I initially misunderstood the output format and the logic required to generate the pattern. My approach involved generating each line by appending numbers in a specific order, but I failed to correctly manage the output for each test case, leading to incorrect...


INFO - [33m Retrieving 3 entries for db: summaries 
 [0m
INFO - Retrieved (score=0.4469):
In this problem, the goal was to generate a specific numerical pattern based on an integer input \( K \) for multiple test cases. The expected output for each test case was a series of lines where each line alternated between 1s and 0s, with the number of lines equal to \( K \). 

Initially, I mi...


INFO - Retrieved (score=0.4565):
In this task, the goal was to repeatedly remove the substring "abc" from given strings until no such substring remained. The solution involved using a loop to check for the presence of "abc" and removing it iteratively. The approach was straightforward and effective, leveraging Python's string ma...


INFO - Retrieved (score=0.4632):
In this task, the goal was to rearrange a string of appetizers based on their binary indices, which are read upside down. The problem required understanding binary representation, string manipulation, and indexing.

The core concept involved converting each index to its binary form, reversing tha...


INFO - [33m Retrieving 3 entries for db: non_func 
 [0m
INFO - Retrieved (score=0.5601):

[description for function: remove_abc_pairs]
The function processes a list of strings, removing all occurrences of the substring "abc" from each string until none remain. It iterates through each string in the input list and repeatedly replaces the first occurrence of "abc" with an empty string....


INFO - Retrieved (score=0.5716):

[description for function: rearrange_appetizers]
The function processes multiple test cases to rearrange a list of appetizers based on the binary representation of their indices. For each test case, it calculates the number of appetizers as a power of two and initializes an empty result list. It...


INFO - Retrieved (score=0.5760):

[description]
This function calculates the minimum number of operations required to reduce a given integer to 1, where the allowed operations are dividing by 2 if the number is even, or adding or subtracting 1 if the number is odd. It uses a recursive approach to explore the possible operations,...


INFO - Retrieved (score=0.4147): 
[Past Memory]:

    [Task]:
        The chef is trying to decode some pattern problems, Chef wants your help to code it. Chef has one number K to form a new pattern. Help the chef to code this pattern problem.

        -----Input:-----
        - First-line will contain $T$, the number of test ca...
INFO - Retrieved (score=0.4170): 
[Past Memory]:

    [Task]:
        The chef is trying to decode some pattern problems, Chef wants your help to code it. Chef has one number K to form a new pattern. Help the chef to code this pattern problem.

        -----Input:-----
        - First-line will contain $T$, the number of test ca...
INFO - Retrieved (score=0.4420): 
[Past Memory]:

    [Task]:
        The chef is trying to decode some pattern problems, Chef wants your help to code it. Chef has one number K to form a new pattern. Help the chef to code this pattern problem.

        -----Input:-----
        - First-line will contain $T$, the number of test ca...
INFO - LM call n parse attempt 1 / 3

INFO - [Task id] 146 [prompt] 
You are an expert programmer tasked with solving the problem below.

Follow the user's instructions to solve the problem.
The user can ask for analysis, code, or both.

## Instructions
When asked to output code,
- Make sure to wrap your code in '```python' and '```' Markdown delimiters, 
- include exactly one block of code with the entire solution
- No outside libraries are allowed. 
- Builtins are allowed.
- If the task specifies a function name to be used, follow it strictly (be case sensitive!) and declare the that function last (helper functions are declared first).
- DO NOT write any assert statements / tests.

## Problem
[BEGIN PROBLEM]
Given an encoded string, return it's decoded string.


The encoding rule is: k[encoded_string], where the encoded_string inside the square brackets is being repeated exactly k times. Note that k is guaranteed to be a positive integer.


You may assume that the input string is always valid; No extra white spaces, square brackets are well-formed, etc.

Furthermore, you may assume that the original data does not contain any digits and that digits are only for those repeat numbers, k. For example, there won't be input like 3a or 2[4].


Examples:

s = "3[a]2[bc]", return "aaabcbc".
s = "3[a2[c]]", return "accaccacc".
s = "2[abc]3[cd]ef", return "abcabccdcdcdef".

The output code needs to use the provided function signature

The final python function should begin with: 
```python

class Solution:
    def decodeString(self, s: str) -> str:
        
```

[END PROBLEM]

INFO - [Task id] 146 [prompt] 
## Instructions

Reason through the problem and:
1. Restate the problem in plain English
2. Conceptualize a solution first in plain English
3. Write a pseudocode solution
4. Output the final Python 3 solution with your solution steps in comments.

Make sure to wrap your code in '```python' and '```' Markdown delimiters, 
and include exactly one block of code with the entire solution.

No outside libraries are allowed.
Builtins are allowed.

INFO - [Task id] 146 [prompt] 
Also, here are some of your memories.
Feel free to use the given information to aid your problem solving process if necessary.
Do not confuse the memories with the problem statement.

## Memories

[Past Memory]:

    [Task]:
        The chef is trying to decode some pattern problems, Chef wants your help to code it. Chef has one number K to form a new pattern. Help the chef to code this pattern problem.

        -----Input:-----
        - First-line will contain $T$, the number of test cases. Then the test cases follow. 
        - Each test case contains a single line of input, one integer $K$. 

        -----Output:-----
        For each test case, output as the pattern.

        -----Constraints-----
        - $1 \leq T \leq 100$
        - $1 \leq K \leq 100$

        -----Sample Input:-----
        4
        1
        2
        3
        4

        -----Sample Output:-----
        0
        01
        10
        012
        101
        210
        0123
        1012
        2101
        3210

        -----EXPLANATION:-----
        No need, else pattern can be decode easily.
    [/Task]

    [Previous Critique]:
        None
    [/Previous Critique]

    [Thought Process and Code]:
        1. **Restate the problem in plain English**:
           The task is to generate a specific pattern based on an integer input \( K \). For each test case, we need to print a pattern of numbers that starts from 0 and goes up to \( K-1 \) in a specific arrangement. The output for each test case should consist of \( K \) lines, where each line contains a sequence of numbers that decreases from the current line number down to 0, and then increases back up to the current line number.

        2. **Conceptualize a solution first in plain English**:
           - Read the number of test cases \( T \).
           - For each test case, read the integer \( K \).
           - For each integer \( K \), generate \( K \) lines of output.
           - For each line \( i \) (where \( i \) ranges from 0 to \( K-1 \)):
             - Print numbers starting from 0 up to \( i \) (inclusive).
             - Then print numbers starting from \( i-1 \) down to 0 (inclusive).
           - Print the results for each test case.

        3. **Write a pseudocode solution**:
           ```
           function print_pattern(T):
               for each test case in T:
                   read K
                   for i from 0 to K-1:
                       line = []
                       for j from 0 to i:
                           append j to line
                       for j from i-1 down to 0:
                           append j to line
                       print line as a string

           read T
           print_pattern(T)
           ```

        4. **Output the final Python 3 solution with your solution steps in comments**:
        ```python
        def print_pattern(T):
            # Loop through each test case
            for _ in range(T):
                K = int(input())  # Read the integer K for the current test case
                # Loop to generate each line of the pattern
                for i in range(K):
                    line = []  # Initialize an empty list to hold the current line's numbers
                    # Append numbers from 0 to i
                    for j in range(i + 1):
                        line.append(str(j))
                    # Append numbers from i-1 down to 0
                    for j in range(i - 1, -1, -1):
                        line.append(str(j))
                    # Print the current line as a string
                    print(''.join(line))

        # Read the number of test cases
        T = int(input())
        print_pattern(T)  # Call the function to print the patterns for all test cases
        ```
    [/Thought Process and Code]

    [Environment Feedback]:
        Note: Inputs/outputs here are automatically extracted/truncated so formatting may be a bit off.
        Tests passed:

        None

        Tests failed:
         Input: ['4', '1', '2', '3', '4'] Expected output: [{'0'}, {'01'}, {'10'}, {'012'}, {'101'}, {'210'}, {'0123'}, {'1012'}, {'2101'}, {'3210'}] # Execution output: ['0', '0', '010', '0', '010', '01210', '0', '010', '01210', '0123210']
    [/Environment Feedback]

    [Result]:
        Failure
    [/Result]

[/Past Memory]


[Past Memory]:

    [Task]:
        The chef is trying to decode some pattern problems, Chef wants your help to code it. Chef has one number K to form a new pattern. Help the chef to code this pattern problem.

        -----Input:-----
        - First-line will contain $T$, the number of test cases. Then the test cases follow. 
        - Each test case contains a single line of input, one integer $K$. 

        -----Output:-----
        For each test case, output as the pattern.

        -----Constraints-----
        - $1 \leq T \leq 100$
        - $1 \leq K \leq 100$

        -----Sample Input:-----
        4
        1
        2
        3
        4

        -----Sample Output:-----
        1
        10
        10
        101
        101
        101
        1010
        1010
        1010
        1010

        -----EXPLANATION:-----
        No need, else pattern can be decode easily.
    [/Task]

    [Previous Critique]:
        None
    [/Previous Critique]

    [Thought Process and Code]:
        1. **Restate the problem in plain English**:
           The task is to generate a specific numerical pattern based on an integer input \( K \) for multiple test cases. For each test case, we need to print \( K \) lines. Each line \( i \) should consist of numbers starting from 0 up to \( i \) and then back down to 0.

        2. **Conceptualize a solution first in plain English**:
           - Read the number of test cases \( T \).
           - For each test case, read the integer \( K \).
           - For each integer \( K \), generate \( K \) lines of output.
           - For each line \( i \) (where \( i \) ranges from 0 to \( K-1 \)):
             - Print numbers starting from 0 up to \( i \) (inclusive).
             - Then print numbers starting from \( i-1 \) down to 0 (inclusive).
           - Ensure that the output for each test case is separated by a blank line, except for the last test case.

        3. **Write a pseudocode solution**:
           ```
           function print_pattern(T):
               for each test case in T:
                   read K
                   for i from 0 to K-1:
                       line = []
                       for j from 0 to i:
                           append j to line
                       for j from i-1 down to 0:
                           append j to line
                       print line as a string
                   if not the last test case:
                       print a blank line

           read T
           print_pattern(T)
           ```

        4. **Output the final Python 3 solution with your solution steps in comments**:
        ```python
        def print_pattern(T):
            # Loop through each test case
            for t in range(T):
                K = int(input())  # Read the integer K for the current test case
                # Loop to generate each line of the pattern
                for i in range(K):
                    line = []  # Initialize an empty list to hold the current line's numbers
                    # Append numbers from 0 to i
                    for j in range(i + 1):
                        line.append(str(j))
                    # Append numbers from i-1 down to 0
                    for j in range(i - 1, -1, -1):
                        line.append(str(j))
                    # Print the current line as a string
                    print(''.join(line))
                # Print a blank line after each test case except the last one
                if t < T - 1:
                    print()

        # Read the number of test cases
        T = int(input())
        print_pattern(T)  # Call the function to print the patterns for all test cases
        ```
    [/Thought Process and Code]

    [Environment Feedback]:
        Note: Inputs/outputs here are automatically extracted/truncated so formatting may be a bit off.
        Tests passed:

        None

        Tests failed:
         Input: ['4', '1', '2', '3', '4'] Expected output: [{'1'}, {'10'}, {'10'}, {'101'}, {'101'}, {'101'}, {'1010'}, {'1010'}, {'1010'}, {'1010'}] # Execution output: ['0', '', '0', '010', '', '0', '010', '01210', '', '0', '010', '01210', '0123210']
    [/Environment Feedback]

    [Result]:
        Failure
    [/Result]

[/Past Memory]


[Past Memory]:

    [Task]:
        The chef is trying to decode some pattern problems, Chef wants your help to code it. Chef has one number K to form a new pattern. Help the chef to code this pattern problem.

        -----Input:-----
        - First-line will contain $T$, the number of test cases. Then the test cases follow. 
        - Each test case contains a single line of input, one integer $K$. 

        -----Output:-----
        For each test case, output as the pattern.

        -----Constraints-----
        - $1 \leq T \leq 100$
        - $1 \leq K \leq 100$

        -----Sample Input:-----
        4
        1
        2
        3
        4

        -----Sample Output:-----
        1
        10
        10
        101
        101
        101
        1010
        1010
        1010
        1010

        -----EXPLANATION:-----
        No need, else pattern can be decode easily.
    [/Task]

    [Previous Critique]:
        Let's analyze the issues step-by-step:

        1. **Understanding the Expected Output**:
           The expected output for each test case is a specific pattern of numbers. For example, for \( K = 3 \), the output should be:
           ```
           101
           101
           101
           ```
           This means that for each line, we need to alternate between 1s and 0s, starting with 1.

        2. **Identifying the Mistakes**:
           - The previous implementation incorrectly generated the pattern. Instead of alternating between 1s and 0s, it generated a sequence of numbers that increased and then decreased, which is not what the problem requires.
           - The output format was also incorrect. Each line should consist of a repeated pattern of "10" up to the length specified by \( K \).

        3. **Correcting the Logic**:
           - For each test case with a given \( K \):
             - We need to print \( K \) lines.
             - Each line should consist of the string "10" repeated \( K \) times, but truncated to \( K \) characters.
           - The output for each test case should be separated by a blank line, except for the last test case.

        4. **Revising the Pseudocode**:
           ```
           function print_pattern(T):
               for each test case in T:
                   read K
                   pattern = "10" * K  # Create a long enough pattern
                   for i from 0 to K-1:
                       print the first K characters of pattern
                   if not the last test case:
                       print a blank line

           read T
           print_pattern(T)
           ```

        5. **Final Python 3 Solution**:
        ```python
        def print_pattern(T):
            # Loop through each test case
            for t in range(T):
                K = int(input())  # Read the integer K for the current test case
                pattern = "10" * K  # Create a long enough pattern
                # Print K lines of the pattern
                for i in range(K):
                    print(pattern[:K])  # Print the first K characters of the pattern
                # Print a blank line after each test case except the last one
                if t < T - 1:
                    print()

        # Read the number of test cases
        T = int(input())
        print_pattern(T)  # Call the function to print the patterns for all test cases
        ``` 

        This revised solution should now correctly generate the desired output for each test case.
    [/Previous Critique]

    [Thought Process and Code]:
        Based on the analysis and insights from previous attempts, I will correct the code to ensure it generates the desired pattern according to the specifications. The key points to address are:

        1. Each test case should print \( K \) lines.
        2. Each line \( i \) should consist of numbers starting from 0 up to \( i \) and then back down to 0.
        3. The output for each test case should be printed consecutively without any extra blank lines in between.

        Here is the corrected Python code:

        ```python
        def print_pattern(T):
            # Loop through each test case
            for t in range(T):
                K = int(input())  # Read the integer K for the current test case
                # Loop to generate each line of the pattern
                for i in range(K):
                    line = []  # Initialize an empty list to hold the current line's numbers
                    # Append numbers from 0 to i
                    for j in range(i + 1):
                        line.append(str(j))
                    # Append numbers from i-1 down to 0
                    for j in range(i - 1, -1, -1):
                        line.append(str(j))
                    # Print the current line as a string
                    print(''.join(line))

        # Read the number of test cases
        T = int(input())
        print_pattern(T)  # Call the function to print the patterns for all test cases
        ```

        ### Key Changes Made:
        - The logic for generating the pattern remains intact.
        - The output is printed directly without any additional formatting or blank lines between test cases.

        This code should now correctly generate the desired output format for each test case as specified in the problem statement.
    [/Thought Process and Code]

    [Environment Feedback]:
        Note: Inputs/outputs here are automatically extracted/truncated so formatting may be a bit off.
        Tests passed:

        None

        Tests failed:
         Input: ['4', '1', '2', '3', '4'] Expected output: [{'1'}, {'10'}, {'10'}, {'101'}, {'101'}, {'101'}, {'1010'}, {'1010'}, {'1010'}, {'1010'}] # Execution output: ['0', '0', '010', '0', '010', '01210', '0', '010', '01210', '0123210']
    [/Environment Feedback]

    [Result]:
        Failure
    [/Result]

[/Past Memory]


INFO - [Task id] 146 [generation text] 1. **Restate the problem in plain English**:
   The task is to decode a string that follows a specific encoding format. The format is `k[encoded_string]`, where `k` is a positive integer that indicates how many times the `encoded_string` inside the square brackets should be repeated. The goal is to return the fully decoded string.

2. **Conceptualize a solution first in plain English**:
   - We need to iterate through the input string character by character.
   - When we encounter a digit, we need to determine the full number (which could be more than one digit).
   - When we encounter an opening bracket `[`, we need to push the current number and the current decoded string onto a stack.
   - When we encounter a closing bracket `]`, we pop from the stack to get the last number and the last decoded string, then repeat the current decoded string that many times and append it to the last decoded string.
   - Finally, we return the fully decoded string.

3. **Write a pseudocode solution**:
   ```
   function decodeString(s):
       stack = []  # Initialize a stack to keep track of numbers and strings
       current_num = 0  # To build the current number
       current_string = ""  # To build the current decoded string

       for char in s:
           if char is a digit:
               current_num = current_num * 10 + int(char)  # Build the number
           elif char is '[':
               stack.append((current_string, current_num))  # Push current string and number onto stack
               current_string = ""  # Reset current string
               current_num = 0  # Reset current number
           elif char is ']':
               last_string, repeat_count = stack.pop()  # Pop from stack
               current_string = last_string + current_string * repeat_count  # Repeat the string
           else:
               current_string += char  # Append the character to the current string

       return current_string  # Return the fully decoded string
   ```

4. **Output the final Python 3 solution with your solution steps in comments**:
```python
class Solution:
    def decodeString(self, s: str) -> str:
        # Initialize a stack to keep track of numbers and strings
        stack = []
        current_num = 0  # To build the current number
        current_string = ""  # To build the current decoded string

        # Iterate through each character in the input string
        for char in s:
            if char.isdigit():  # Check if the character is a digit
                current_num = current_num * 10 + int(char)  # Build the number
            elif char == '[':  # Check for opening bracket
                # Push the current string and number onto the stack
                stack.append((current_string, current_num))
                current_string = ""  # Reset current string
                current_num = 0  # Reset current number
            elif char == ']':  # Check for closing bracket
                # Pop from the stack to get the last string and repeat count
                last_string, repeat_count = stack.pop()
                # Repeat the current string and append to the last string
                current_string = last_string + current_string * repeat_count
            else:  # If it's a regular character
                current_string += char  # Append the character to the current string

        return current_string  # Return the fully decoded string
```
INFO - program_code:
 
class Solution:
    def decodeString(self, s: str) -> str:
        # Initialize a stack to keep track of numbers and strings
        stack = []
        current_num = 0  # To build the current number
        current_string = ""  # To build the current decoded string

        # Iterate through each character in the input string
        for char in s:
            if char.isdigit():  # Check if the character is a digit
                current_num = current_num * 10 + int(char)  # Build the number
            elif char == '[':  # Check for opening bracket
                # Push the current string and number onto the stack
                stack.append((current_string, current_num))
                current_string = ""  # Reset current string
                current_num = 0  # Reset current number
            elif char == ']':  # Check for closing bracket
                # Pop from the stack to get the last string and repeat count
                last_string, repeat_count = stack.pop()
                # Repeat the current string and append to the last string
                current_string = last_string + current_string * repeat_count
            else:  # If it's a regular character
                current_string += char  # Append the character to the current string

        return current_string  # Return the fully decoded string


INFO - program_name:
 

INFO - dependencies:
 []

INFO - raw_msg:
 1. **Restate the problem in plain English**:
   The task is to decode a string that follows a specific encoding format. The format is `k[encoded_string]`, where `k` is a positive integer that indicates how many times the `encoded_string` inside the square brackets should be repeated. The goal is to return the fully decoded string.

2. **Conceptualize a solution first in plain English**:
   - We need to iterate through the input string character by character.
   - When we encounter a digit, we need to determine the full number (which could be more than one digit).
   - When we encounter an opening bracket `[`, we need to push the current number and the current decoded string onto a stack.
   - When we encounter a closing bracket `]`, we pop from the stack to get the last number and the last decoded string, then repeat the current decoded string that many times and append it to the last decoded string.
   - Finally, we return the fully decoded string.

3. **Write a pseudocode solution**:
   ```
   function decodeString(s):
       stack = []  # Initialize a stack to keep track of numbers and strings
       current_num = 0  # To build the current number
       current_string = ""  # To build the current decoded string

       for char in s:
           if char is a digit:
               current_num = current_num * 10 + int(char)  # Build the number
           elif char is '[':
               stack.append((current_string, current_num))  # Push current string and number onto stack
               current_string = ""  # Reset current string
               current_num = 0  # Reset current number
           elif char is ']':
               last_string, repeat_count = stack.pop()  # Pop from stack
               current_string = last_string + current_string * repeat_count  # Repeat the string
           else:
               current_string += char  # Append the character to the current string

       return current_string  # Return the fully decoded string
   ```

4. **Output the final Python 3 solution with your solution steps in comments**:
```python
class Solution:
    def decodeString(self, s: str) -> str:
        # Initialize a stack to keep track of numbers and strings
        stack = []
        current_num = 0  # To build the current number
        current_string = ""  # To build the current decoded string

        # Iterate through each character in the input string
        for char in s:
            if char.isdigit():  # Check if the character is a digit
                current_num = current_num * 10 + int(char)  # Build the number
            elif char == '[':  # Check for opening bracket
                # Push the current string and number onto the stack
                stack.append((current_string, current_num))
                current_string = ""  # Reset current string
                current_num = 0  # Reset current number
            elif char == ']':  # Check for closing bracket
                # Pop from the stack to get the last string and repeat count
                last_string, repeat_count = stack.pop()
                # Repeat the current string and append to the last string
                current_string = last_string + current_string * repeat_count
            else:  # If it's a regular character
                current_string += char  # Append the character to the current string

        return current_string  # Return the fully decoded string
```

INFO - no_parent:
 False

INFO - full code to be executed: 
 
class Solution:
    def decodeString(self, s: str) -> str:
        # Initialize a stack to keep track of numbers and strings
        stack = []
        current_num = 0  # To build the current number
        current_string = ""  # To build the current decoded string

        # Iterate through each character in the input string
        for char in s:
            if char.isdigit():  # Check if the character is a digit
                current_num = current_num * 10 + int(char)  # Build the number
            elif char == '[':  # Check for opening bracket
                # Push the current string and number onto the stack
                stack.append((current_string, current_num))
                current_string = ""  # Reset current string
                current_num = 0  # Reset current number
            elif char == ']':  # Check for closing bracket
                # Pop from the stack to get the last string and repeat count
                last_string, repeat_count = stack.pop()
                # Repeat the current string and append to the last string
                current_string = last_string + current_string * repeat_count
            else:  # If it's a regular character
                current_string += char  # Append the character to the current string

        return current_string  # Return the fully decoded string


INFO - obs: Note: Inputs/outputs here are automatically extracted/truncated so formatting may be a bit off.
Tests passed:

 Input: ['"3[a]2[bc]"'] Output: "aaabcbc"

Tests failed:
None
reward: True
done: None
info: {'individual_results': [True]}
INFO - Updated entry: 
[Task]:
    Given an encoded string, return it's decoded string.


    The encoding rule is: k[encoded_string], where the encoded_string inside the square brackets is being repeated exactly k times. Note that k is guaranteed to be a positive integer.


    You may assume that the input string is...,

INFO - Metadata: {
    "raw_msg": "1. **Restate the problem in plain English**:\n   The task is to decode a string that follows a specific encoding format. The format is `k[encoded_string]`, where `k` is a positive integer that indicates how many times the `encoded_string` inside the square brackets should be rep...

INFO - LM call n parse attempt 1 / 3

INFO - [Task id] 146 [prompt] 
You are an expert programmer tasked with solving the problem below.

Follow the user's instructions to solve the problem.
The user can ask for analysis, code, or both.

## Instructions
When asked to output code,
- Make sure to wrap your code in '```python' and '```' Markdown delimiters, 
- include exactly one block of code with the entire solution
- No outside libraries are allowed. 
- Builtins are allowed.
- If the task specifies a function name to be used, follow it strictly (be case sensitive!) and declare the that function last (helper functions are declared first).
- DO NOT write any assert statements / tests.

## Problem
[BEGIN PROBLEM]
Given an encoded string, return it's decoded string.


The encoding rule is: k[encoded_string], where the encoded_string inside the square brackets is being repeated exactly k times. Note that k is guaranteed to be a positive integer.


You may assume that the input string is always valid; No extra white spaces, square brackets are well-formed, etc.

Furthermore, you may assume that the original data does not contain any digits and that digits are only for those repeat numbers, k. For example, there won't be input like 3a or 2[4].


Examples:

s = "3[a]2[bc]", return "aaabcbc".
s = "3[a2[c]]", return "accaccacc".
s = "2[abc]3[cd]ef", return "abcabccdcdcdef".

The output code needs to use the provided function signature

The final python function should begin with: 
```python

class Solution:
    def decodeString(self, s: str) -> str:
        
```

[END PROBLEM]

INFO - [Task id] 146 [prompt] 
## Instructions

Reason through the problem and:
1. Restate the problem in plain English
2. Conceptualize a solution first in plain English
3. Write a pseudocode solution
4. Output the final Python 3 solution with your solution steps in comments.

Make sure to wrap your code in '```python' and '```' Markdown delimiters, 
and include exactly one block of code with the entire solution.

No outside libraries are allowed.
Builtins are allowed.

INFO - [Task id] 146 [prompt] 1. **Restate the problem in plain English**:
   The task is to decode a string that follows a specific encoding format. The format is `k[encoded_string]`, where `k` is a positive integer that indicates how many times the `encoded_string` inside the square brackets should be repeated. The goal is to return the fully decoded string.

2. **Conceptualize a solution first in plain English**:
   - We need to iterate through the input string character by character.
   - When we encounter a digit, we need to determine the full number (which could be more than one digit).
   - When we encounter an opening bracket `[`, we need to push the current number and the current decoded string onto a stack.
   - When we encounter a closing bracket `]`, we pop from the stack to get the last number and the last decoded string, then repeat the current decoded string that many times and append it to the last decoded string.
   - Finally, we return the fully decoded string.

3. **Write a pseudocode solution**:
   ```
   function decodeString(s):
       stack = []  # Initialize a stack to keep track of numbers and strings
       current_num = 0  # To build the current number
       current_string = ""  # To build the current decoded string

       for char in s:
           if char is a digit:
               current_num = current_num * 10 + int(char)  # Build the number
           elif char is '[':
               stack.append((current_string, current_num))  # Push current string and number onto stack
               current_string = ""  # Reset current string
               current_num = 0  # Reset current number
           elif char is ']':
               last_string, repeat_count = stack.pop()  # Pop from stack
               current_string = last_string + current_string * repeat_count  # Repeat the string
           else:
               current_string += char  # Append the character to the current string

       return current_string  # Return the fully decoded string
   ```

4. **Output the final Python 3 solution with your solution steps in comments**:
```python
class Solution:
    def decodeString(self, s: str) -> str:
        # Initialize a stack to keep track of numbers and strings
        stack = []
        current_num = 0  # To build the current number
        current_string = ""  # To build the current decoded string

        # Iterate through each character in the input string
        for char in s:
            if char.isdigit():  # Check if the character is a digit
                current_num = current_num * 10 + int(char)  # Build the number
            elif char == '[':  # Check for opening bracket
                # Push the current string and number onto the stack
                stack.append((current_string, current_num))
                current_string = ""  # Reset current string
                current_num = 0  # Reset current number
            elif char == ']':  # Check for closing bracket
                # Pop from the stack to get the last string and repeat count
                last_string, repeat_count = stack.pop()
                # Repeat the current string and append to the last string
                current_string = last_string + current_string * repeat_count
            else:  # If it's a regular character
                current_string += char  # Append the character to the current string

        return current_string  # Return the fully decoded string
```
INFO - [Task id] 146 [prompt] 
[Environment Feedback]:
    Note: Inputs/outputs here are automatically extracted/truncated so formatting may be a bit off.
    Tests passed:

     Input: ['"3[a]2[bc]"'] Output: "aaabcbc"

    Tests failed:
    None
[/Environment Feedback]

INFO - [Task id] 146 [prompt] 
## Instructions
Now, summarize your attempts as a **standalone** document for your own future reference. (can skip formalities, be concise)

- Only include the most relevant information and code snippets that could be useful in the future.
- If you did not learn much from the current experience (e.g. the problem was too easy), feel free to write less or nothing at all.
- Here are some ideas if the experience was useful:
    - Identifying the core concepts and patterns that problem appears to test for
    - Describing the strategies that seemed to work but did not, and vice versa
    - Describing unexpected errors and how they were fixed

Your summary should be at most a few paragraphs.

INFO - [Task id] 146 [generation text] The task involved decoding a string formatted as `k[encoded_string]`, where `k` is a positive integer indicating how many times the `encoded_string` should be repeated. The solution required iterating through the string, handling digits to form numbers, and using a stack to manage nested structures created by brackets.

Key concepts included:
- Building numbers from digits, which could be more than one digit long.
- Using a stack to keep track of the current string and repeat counts when encountering opening brackets.
- Repeating the current string and appending it to the last string when encountering closing brackets.

The implemented solution effectively handled these requirements by maintaining a `current_string` and `current_num`, and using a stack to manage nested encodings. The final code successfully passed the provided test cases, demonstrating that the approach was sound and efficient.

The final code snippet is as follows:

```python
class Solution:
    def decodeString(self, s: str) -> str:
        stack = []
        current_num = 0
        current_string = ""

        for char in s:
            if char.isdigit():
                current_num = current_num * 10 + int(char)
            elif char == '[':
                stack.append((current_string, current_num))
                current_string = ""
                current_num = 0
            elif char == ']':
                last_string, repeat_count = stack.pop()
                current_string = last_string + current_string * repeat_count
            else:
                current_string += char

        return current_string
```

This experience reinforced the importance of using stacks for managing nested structures and highlighted the need to carefully handle string and number manipulations in such encoding problems.
INFO - LM call n parse attempt 1 / 3

INFO - [Task id] 146 [prompt] 
You are an expert programmer tasked with solving the problem below.

Follow the user's instructions to solve the problem.
The user can ask for analysis, code, or both.

## Instructions
When asked to output code,
- Make sure to wrap your code in '```python' and '```' Markdown delimiters, 
- include exactly one block of code with the entire solution
- No outside libraries are allowed. 
- Builtins are allowed.
- If the task specifies a function name to be used, follow it strictly (be case sensitive!) and declare the that function last (helper functions are declared first).
- DO NOT write any assert statements / tests.

## Problem
[BEGIN PROBLEM]
Given an encoded string, return it's decoded string.


The encoding rule is: k[encoded_string], where the encoded_string inside the square brackets is being repeated exactly k times. Note that k is guaranteed to be a positive integer.


You may assume that the input string is always valid; No extra white spaces, square brackets are well-formed, etc.

Furthermore, you may assume that the original data does not contain any digits and that digits are only for those repeat numbers, k. For example, there won't be input like 3a or 2[4].


Examples:

s = "3[a]2[bc]", return "aaabcbc".
s = "3[a2[c]]", return "accaccacc".
s = "2[abc]3[cd]ef", return "abcabccdcdcdef".

The output code needs to use the provided function signature

The final python function should begin with: 
```python

class Solution:
    def decodeString(self, s: str) -> str:
        
```

[END PROBLEM]

INFO - [Task id] 146 [prompt] 
## Instructions

Reason through the problem and:
1. Restate the problem in plain English
2. Conceptualize a solution first in plain English
3. Write a pseudocode solution
4. Output the final Python 3 solution with your solution steps in comments.

Make sure to wrap your code in '```python' and '```' Markdown delimiters, 
and include exactly one block of code with the entire solution.

No outside libraries are allowed.
Builtins are allowed.

INFO - [Task id] 146 [prompt] 1. **Restate the problem in plain English**:
   The task is to decode a string that follows a specific encoding format. The format is `k[encoded_string]`, where `k` is a positive integer that indicates how many times the `encoded_string` inside the square brackets should be repeated. The goal is to return the fully decoded string.

2. **Conceptualize a solution first in plain English**:
   - We need to iterate through the input string character by character.
   - When we encounter a digit, we need to determine the full number (which could be more than one digit).
   - When we encounter an opening bracket `[`, we need to push the current number and the current decoded string onto a stack.
   - When we encounter a closing bracket `]`, we pop from the stack to get the last number and the last decoded string, then repeat the current decoded string that many times and append it to the last decoded string.
   - Finally, we return the fully decoded string.

3. **Write a pseudocode solution**:
   ```
   function decodeString(s):
       stack = []  # Initialize a stack to keep track of numbers and strings
       current_num = 0  # To build the current number
       current_string = ""  # To build the current decoded string

       for char in s:
           if char is a digit:
               current_num = current_num * 10 + int(char)  # Build the number
           elif char is '[':
               stack.append((current_string, current_num))  # Push current string and number onto stack
               current_string = ""  # Reset current string
               current_num = 0  # Reset current number
           elif char is ']':
               last_string, repeat_count = stack.pop()  # Pop from stack
               current_string = last_string + current_string * repeat_count  # Repeat the string
           else:
               current_string += char  # Append the character to the current string

       return current_string  # Return the fully decoded string
   ```

4. **Output the final Python 3 solution with your solution steps in comments**:
```python
class Solution:
    def decodeString(self, s: str) -> str:
        # Initialize a stack to keep track of numbers and strings
        stack = []
        current_num = 0  # To build the current number
        current_string = ""  # To build the current decoded string

        # Iterate through each character in the input string
        for char in s:
            if char.isdigit():  # Check if the character is a digit
                current_num = current_num * 10 + int(char)  # Build the number
            elif char == '[':  # Check for opening bracket
                # Push the current string and number onto the stack
                stack.append((current_string, current_num))
                current_string = ""  # Reset current string
                current_num = 0  # Reset current number
            elif char == ']':  # Check for closing bracket
                # Pop from the stack to get the last string and repeat count
                last_string, repeat_count = stack.pop()
                # Repeat the current string and append to the last string
                current_string = last_string + current_string * repeat_count
            else:  # If it's a regular character
                current_string += char  # Append the character to the current string

        return current_string  # Return the fully decoded string
```
INFO - [Task id] 146 [prompt] 
[Environment Feedback]:
    Note: Inputs/outputs here are automatically extracted/truncated so formatting may be a bit off.
    Tests passed:

     Input: ['"3[a]2[bc]"'] Output: "aaabcbc"

    Tests failed:
    None
[/Environment Feedback]

INFO - [Task id] 146 [prompt] 
Below is the official solution (do exercise discretion as official solutions can also have mistakes).

You will be reflecting on your attempts to solve the problem.
This will be a **standalone** document for your own future reference. (can skip formalities, be concise)

## Instructions
- Only include the most relevant insights and code snippets that could be useful in the future.
- If you did not learn much from the current experience (e.g. the problem was too easy / official solution was obvious), feel free to write less or nothing at all.
- Here are some ideas if the experience was useful:
    - If the official solution is insightful (e.g. better than yours in time and space complexity or more effective in breaking down the problem statement), distil the key approach of the official solution, step by step.
    - If your approach failed the test cases, reason why the official solution works but yours does not

Your reflection should be at most a few paragraphs.

## Official solution
class Solution:
     def decodeString(self, s):
         """
         :type s: str
         :rtype: str
         """
         stack = []
         stack.append(["", 1])
         num = ""
         for ch in s:
             if ch.isdigit():
               num += ch
             elif ch == '[':
                 stack.append(["", int(num)])
                 num = ""
             elif ch == ']':
                 st, k = stack.pop()
                 stack[-1][0] += st*k
             else:
                 stack[-1][0] += ch
         return stack[0][0]
 


INFO - [Task id] 146 [generation text] The official solution effectively utilizes a stack to manage the decoding process, which is a common approach for problems involving nested structures like brackets. Here are the key insights from the official solution:

1. **Stack Initialization**: The stack is initialized with a base case of an empty string and a multiplier of 1. This allows for easy concatenation of strings as we decode.

2. **Building Numbers**: Instead of maintaining a separate variable for the current number, the official solution builds the number as a string (`num`) and converts it to an integer only when needed. This is a more efficient way to handle multi-digit numbers.

3. **Handling Brackets**: When encountering an opening bracket `[`, the current string and the number are pushed onto the stack. This allows for nested structures to be handled correctly.

4. **Decoding Logic**: Upon encountering a closing bracket `]`, the solution pops the last string and multiplier from the stack and appends the repeated string to the last string in the stack. This ensures that the most recent context is preserved.

5. **Final Output**: The final decoded string is simply the first element of the stack after processing all characters, which is a clean and straightforward way to retrieve the result.

The official solution is concise and effectively handles the problem's requirements without unnecessary complexity. My initial approach was similar but could have been improved by directly managing the number as a string and simplifying the stack operations. Overall, the official solution serves as a solid reference for handling similar decoding problems in the future.
INFO - Updated entry: The task involved decoding a string formatted as `k[encoded_string]`, where `k` is a positive integer indicating how many times the `encoded_string` should be repeated. The solution required iterating through the string, handling digits to form numbers, and using a stack to manage nested structur...,

INFO - Metadata: {
    "task_id": 146
}

INFO - Updated entry: The official solution effectively utilizes a stack to manage the decoding process, which is a common approach for problems involving nested structures like brackets. Here are the key insights from the official solution:

1. **Stack Initialization**: The stack is initialized with a base case of an...,

INFO - Metadata: {
    "task_id": 146
}

INFO - LM call n parse attempt 1 / 3

INFO - [Task id] 146 [prompt] 
You are a helpful assistant that writes a description of the given function written in the Python programming language.

1) Do not mention the function name.
2) Do not mention anything about helper functions.
3) There might be some helper functions before the main function, but you only need to describe the main function.
4) Try to summarize the function in no more than 6 sentences.
5) Your response should be a single line of text.

INFO - [Task id] 146 [prompt] 
class Solution:
    def decodeString(self, s: str) -> str:
        # Initialize a stack to keep track of numbers and strings
        stack = []
        current_num = 0  # To build the current number
        current_string = ""  # To build the current decoded string

        # Iterate through each character in the input string
        for char in s:
            if char.isdigit():  # Check if the character is a digit
                current_num = current_num * 10 + int(char)  # Build the number
            elif char == '[':  # Check for opening bracket
                # Push the current string and number onto the stack
                stack.append((current_string, current_num))
                current_string = ""  # Reset current string
                current_num = 0  # Reset current number
            elif char == ']':  # Check for closing bracket
                # Pop from the stack to get the last string and repeat count
                last_string, repeat_count = stack.pop()
                # Repeat the current string and append to the last string
                current_string = last_string + current_string * repeat_count
            else:  # If it's a regular character
                current_string += char  # Append the character to the current string

        return current_string  # Return the fully decoded string

INFO - [Task id] 146 [generation text] This function decodes a string that contains encoded patterns of the form "k[string]", where "k" is a positive integer indicating how many times the "string" should be repeated. It uses a stack to keep track of the current string and the number of repetitions as it processes each character in the input. When a digit is encountered, it builds the current number, and when an opening bracket is found, it saves the current string and number onto the stack. Upon encountering a closing bracket, it pops the last string and repeat count from the stack, repeats the current string accordingly, and appends it to the last string. Regular characters are simply added to the current string being built. Finally, the fully decoded string is returned.
INFO - LM call n parse attempt 1 / 3

INFO - [Task id] 146 [prompt] 
You are a helpful assistant that extracts important information from problems and solutions to aid in searchability and education.

## Instructions
- Read through the problem and solution carefully.
- Reason out, step by step, in what scenarios this knowledge would be useful.
- Focus on general patterns and situations to help connect this knowledge to new situations.
- Then, include a list of keywords that are useful for searching this problem/solution pair.

## Response format
Respond in JSON, and follow the keys and expected format of the values strictly.

The output should be formatted as a JSON instance that conforms to the JSON schema below.

As an example, for the schema {"properties": {"foo": {"title": "Foo", "description": "a list of strings", "type": "array", "items": {"type": "string"}}}, "required": ["foo"]}
the object {"foo": ["bar", "baz"]} is a well-formatted instance of the schema. The object {"properties": {"foo": ["bar", "baz"]}} is not well-formatted.

Here is the output schema:
```
{"properties": {"scenarios": {"description": "In what scenarios will this knowledge be useful? Answer in a paragraph.", "title": "Scenarios", "type": "string"}, "keywords": {"description": "List of keywords that are useful for searching this problem/solution pair", "items": {"type": "string"}, "title": "Keywords", "type": "array"}}, "required": ["scenarios", "keywords"]}
```

INFO - [Task id] 146 [prompt] 
[Problem]
    Given an encoded string, return it's decoded string.


    The encoding rule is: k[encoded_string], where the encoded_string inside the square brackets is being repeated exactly k times. Note that k is guaranteed to be a positive integer.


    You may assume that the input string is always valid; No extra white spaces, square brackets are well-formed, etc.

    Furthermore, you may assume that the original data does not contain any digits and that digits are only for those repeat numbers, k. For example, there won't be input like 3a or 2[4].


    Examples:

    s = "3[a]2[bc]", return "aaabcbc".
    s = "3[a2[c]]", return "accaccacc".
    s = "2[abc]3[cd]ef", return "abcabccdcdcdef".
[/Problem]

[Solution]

    class Solution:
        def decodeString(self, s: str) -> str:
            # Initialize a stack to keep track of numbers and strings
            stack = []
            current_num = 0  # To build the current number
            current_string = ""  # To build the current decoded string

            # Iterate through each character in the input string
            for char in s:
                if char.isdigit():  # Check if the character is a digit
                    current_num = current_num * 10 + int(char)  # Build the number
                elif char == '[':  # Check for opening bracket
                    # Push the current string and number onto the stack
                    stack.append((current_string, current_num))
                    current_string = ""  # Reset current string
                    current_num = 0  # Reset current number
                elif char == ']':  # Check for closing bracket
                    # Pop from the stack to get the last string and repeat count
                    last_string, repeat_count = stack.pop()
                    # Repeat the current string and append to the last string
                    current_string = last_string + current_string * repeat_count
                else:  # If it's a regular character
                    current_string += char  # Append the character to the current string

            return current_string  # Return the fully decoded string

[/Solution]

INFO - [Task id] 146 [generation text] 
INFO - {
    "scenarios": "This knowledge is useful in scenarios where you need to decode strings that follow a specific encoding pattern, such as in data compression, parsing encoded messages, or handling input formats in programming contests. It can also be applied in situations where you need to manipulate strings based on certain rules, such as in text processing applications or when implementing custom serialization/deserialization logic.",
    "keywords": [
        "decode string",
        "string manipulation",
        "encoding rules",
        "stack",
        "bracket parsing",
        "string decoding",
        "algorithm",
        "data compression"
    ]
}
INFO - {
    "scenarios": "This knowledge is useful in scenarios where you need to decode strings that follow a specific encoding pattern, such as in data compression, parsing encoded messages, or handling input formats in programming contests. It can also be applied in situations where you need to manipulate strings based on certain rules, such as in text processing applications or when implementing custom serialization/deserialization logic.",
    "keywords": [
        "decode string",
        "string manipulation",
        "encoding rules",
        "stack",
        "bracket parsing",
        "string decoding",
        "algorithm",
        "data compression"
    ]
}
INFO - Updated entry: 
[description]
This function decodes a string that contains encoded patterns of the form "k[string]", where "k" is a positive integer indicating how many times the "string" should be repeated. It uses a stack to keep track of the current string and the number of repetitions as it processes each c...,

INFO - Metadata: {
    "task": 146,
    "code": "\nclass Solution:\n    def decodeString(self, s: str) -> str:\n        # Initialize a stack to keep track of numbers and strings\n        stack = []\n        current_num = 0  # To build the current number\n        current_string = \"\"  # To build the current decod...

