INFO - DB skill doc count: 0

INFO - DB non_func doc count: 45

INFO - DB semantic doc count: 429

INFO - DB summaries doc count: 59

INFO - DB reflections doc count: 59

INFO - DB episodic doc count: 115

INFO - [train iter]: 59/100 

INFO - The task prompt is Yesterday, Chef found $K$ empty boxes in the cooler and decided to fill them with apples. He ordered $N$ apples, where $N$ is a multiple of $K$. Now, he just needs to hire someone who will distribute the apples into the boxes with professional passion. 
Only two candidates passed all the intervie...

INFO - Attempting task_id 743
INFO - LM call n parse attempt 1 / 3

INFO - [Task id] 743 [prompt] 
You are an expert programmer tasked with solving the problem below.

Follow the user's instructions to solve the problem.
The user can ask for analysis, code, or both.

## Instructions
When asked to output code,
- Make sure to wrap your code in '```python' and '```' Markdown delimiters, 
- include exactly one block of code with the entire solution
- No outside libraries are allowed. 
- Builtins are allowed.
- If the task specifies a function name to be used, follow it strictly (be case sensitive!) and declare the that function last (helper functions are declared first).
- DO NOT write any assert statements / tests.

## Problem
[BEGIN PROBLEM]
Yesterday, Chef found $K$ empty boxes in the cooler and decided to fill them with apples. He ordered $N$ apples, where $N$ is a multiple of $K$. Now, he just needs to hire someone who will distribute the apples into the boxes with professional passion. 
Only two candidates passed all the interviews for the box filling job. In one minute, each candidate can put $K$ apples into boxes, but they do it in different ways: the first candidate puts exactly one apple in each box, while the second one chooses a random box with the smallest number of apples and puts $K$ apples in it.
Chef is wondering if the final distribution of apples can even depend on which candidate he hires. Can you answer that question?
Note: The boxes are distinguishable (labeled), while the apples are not. Therefore, two distributions of apples are different if there is a box such that the number of apples in it when the first candidate finishes working can be different from the number of apples in it when the second candidate finishes working.

-----Input-----
- The first line of the input contains a single integer $T$ denoting the number of test cases. The description of $T$ test cases follows.
- The first and only line of each test case contains two space-separated integers $N$ and $K$. 

-----Output-----
For each test case, print a single line containing the string "YES" if the final distributions of apples can be different or "NO" if they will be the same (without quotes).

-----Constraints-----
- $1 \le T \le 250$
- $1 \le N, K \le 10^{18}$
- $N$ is divisible by $K$

-----Subtasks-----
Subtask #1 (30 points): $1 \le N, K \le 10^5$
Subtask #2 (70 points): original constraints

-----Example Input-----
3
5 1
4 2
10 10

-----Example Output-----
NO
NO
YES

-----Explanation-----
Example case 1: No matter who is hired, all apples will be in the only box at the end.
Example case 2: At the end, there will be two apples in each box.
Example case 3: If we hire the first candidate, there will be one apple in each box, but if we hire the second one, there will be $10$ apples in one box and none in all other boxes.

The output code needs to read from and write to standard IO


[END PROBLEM]

INFO - [Task id] 743 [prompt] 
## Instructions

Reason through the problem and:
1. Restate the problem in plain English
2. Conceptualize a solution first in plain English
3. Write a pseudocode solution
4. Output the final Python 3 solution with your solution steps in comments.

Make sure to wrap your code in '```python' and '```' Markdown delimiters, 
and include exactly one block of code with the entire solution.

No outside libraries are allowed.
Builtins are allowed.

INFO - [Task id] 743 [generation text] 1. **Restate the problem in plain English:**
   Chef has a certain number of apples (N) that he wants to distribute into a number of boxes (K). There are two candidates who can help with this task. The first candidate distributes the apples evenly, putting one apple in each box until all apples are distributed. The second candidate puts all K apples into the box that currently has the least number of apples. The question is whether the final distribution of apples in the boxes can be different depending on which candidate is hired.

2. **Conceptualize a solution first in plain English:**
   To determine if the final distributions can differ, we need to analyze how each candidate distributes the apples:
   - The first candidate will always distribute the apples evenly across all boxes, resulting in each box having the same number of apples.
   - The second candidate, however, may end up putting all apples into one box if K equals N, or may distribute them unevenly if K is less than N. 
   Therefore, if K equals N, the second candidate will fill one box completely, while the first candidate will distribute them evenly. In all other cases, if K is less than N, the distributions will be the same because both candidates will end up filling the boxes in a way that results in the same number of apples in each box.

3. **Write a pseudocode solution:**
   ```
   Read the number of test cases T
   For each test case:
       Read N and K
       If K == N:
           Print "YES" (distributions can be different)
       Else:
           Print "NO" (distributions will be the same)
   ```

4. **Output the final Python 3 solution with your solution steps in comments:**
```python
# Read the number of test cases
T = int(input())

# Iterate through each test case
for _ in range(T):
    # Read N and K
    N, K = map(int, input().split())
    
    # Check if K is equal to N
    if K == N:
        # If K equals N, the distributions can be different
        print("YES")
    else:
        # Otherwise, the distributions will be the same
        print("NO")
```
INFO - [35m Rollout attempt 1/4[0m
INFO - [33m Retrieving 3 entries for db: episodic 
 [0m
INFO - Retrieved (score=0.3153):

[Task]:
    This time minions are celebrating Diwali Festival. There are N minions in total. Each of them owns a house. On this Festival, Each of them wants to decorate their house. But none of them have enough money to do that. One of the minion, Kevin, requested Gru for money. Gru agreed for m...


INFO - Retrieved (score=0.3164):

[Task]:
    Salmon loves to be a tidy person. One day, when he looked at the mess that he made after playing with his rubber ducks, he felt awful. Now he wants to clean up his mess, by placing his ducks into boxes.
    Each rubber duck has a color. There are a total of $N+1$ colors, numbered fro...


INFO - Retrieved (score=0.3186):

[Task]:
    This time minions are celebrating Diwali Festival. There are N minions in total. Each of them owns a house. On this Festival, Each of them wants to decorate their house. But none of them have enough money to do that. One of the minion, Kevin, requested Gru for money. Gru agreed for m...


INFO - [33m Retrieving 3 entries for db: semantic 
 [0m
INFO - Retrieved (score=0.4323):
Title: Placing Bishops on a Chessboard
Part: 1/1
# Placing Bishops on a Chessboard

Find the number of ways to place $K$ bishops on an $N \times N$ chessboard so that no two bishops attack each other.

## Algorithm

This problem can be solved using dynamic programming.

Let's enumerate the diagon...


INFO - Retrieved (score=0.4333):
Title: 15 Puzzle Game: Existence Of The Solution
Part: 1/1
# 15 Puzzle Game: Existence Of The Solution

This game is played on a $4 \times 4$ board. On this board there are $15$ playing tiles numbered from 1 to 15. One cell is left empty (denoted by 0). You need to get the board to the position p...


INFO - Retrieved (score=0.4789):
Chapter: Combinatorics
Section: Binomial coefficients
Part: 2/2
$,
there are 6 solutions:


\begin{center}
\begin{tikzpicture}[scale=0.5]
\newcommand\lax[3]{
\path[draw,thick,-] (#1-0.5,#2+0.5) -- (#1-0.5,#2-0.5) --
                    (#1+0.5,#2-0.5) -- (#1+0.5,#2+0.5);
\ifthenelse{\equal{#3}{1}...


INFO - [33m Retrieving 3 entries for db: reflections 
 [0m
INFO - Retrieved (score=0.3014):
The official solution effectively simplifies the problem by directly calculating the total number of problems and determining how many contests can be formed in a straightforward manner. The key steps are:

1. **Input Handling**: It reads the number of test cases and for each test case, it captur...


INFO - Retrieved (score=0.3287):
The official solution employs a systematic approach to distribute the ducks into boxes while adhering to the constraints of color mixing and box capacity. Here are the key insights and steps from the official solution:

1. **Input Handling**: The solution begins by reading the number of test case...


INFO - Retrieved (score=0.3801):
### Reflection on the Problem-Solving Experience

In my attempts to solve the problem of whether Gru can distribute his money to the minions such that he spends exactly all the money he has, I initially focused on checking the total demand against the available money (K). However, my approach fai...


INFO - [33m Retrieving 3 entries for db: summaries 
 [0m
INFO - Retrieved (score=0.2373):
In this problem, the goal was to determine if Gru could distribute his money (K) to N minions, each demanding a specific amount of money, such that he ends up with exactly zero. The key insights were that if the total demand from all minions exceeds K, Gru cannot fulfill the demands, and if the t...


INFO - Retrieved (score=0.2637):
In this task, I was required to help Chef determine the maximum number of Division-3 contests he could host based on the problems created by his setters, the number of problems needed for each contest, and the number of days available. The core concepts involved were basic arithmetic operations, ...


INFO - Retrieved (score=0.2918):
In this problem, the goal was to calculate the number of valid schedules for Chef's restaurant, where dishes must be served over \(N\) days with specific constraints: consecutive days must have different dishes, and the first and last dishes must also be different.

### Key Insights:
1. **Underst...


INFO - [33m Retrieving 3 entries for db: non_func 
 [0m
INFO - Retrieved (score=0.4130):

[description for function: main]
The function reads an integer input representing the number of test cases and then iterates through each test case to read values for N and Q. For each query within the test case, it retrieves values for I and K, and calculates the number of valid subsets based o...


INFO - Retrieved (score=0.4133):

[description for function: distribute_ducks]
The function processes multiple test cases to distribute ducks of various colors into boxes with a specified capacity. For each test case, it reads the number of colors and the capacity of each box, followed by the number of ducks for each color. It t...


INFO - Retrieved (score=0.4557):

[description for function: max_contests]
The function processes multiple test cases to determine the maximum number of contests that can be hosted based on the number of problems created by setters, the number of problems required for each contest, and the available days. For each test case, it ...


INFO - Retrieved (score=0.2373): 
[Summary]:
    In this problem, the goal was to determine if Gru could distribute his money (K) to N minions, each demanding a specific amount of money, such that he ends up with exactly zero. The key insights were that if the total demand from all minions exceeds K, Gru cannot fulfill the deman...
INFO - Retrieved (score=0.2637): 
[Summary]:
    In this task, I was required to help Chef determine the maximum number of Division-3 contests he could host based on the problems created by his setters, the number of problems needed for each contest, and the number of days available. The core concepts involved were basic arithme...
INFO - Retrieved (score=0.2918): 
[Summary]:
    In this problem, the goal was to calculate the number of valid schedules for Chef's restaurant, where dishes must be served over \(N\) days with specific constraints: consecutive days must have different dishes, and the first and last dishes must also be different.

    ### Key In...
INFO - LM call n parse attempt 1 / 3

INFO - [Task id] 743 [prompt] 
You are an expert programmer tasked with solving the problem below.

Follow the user's instructions to solve the problem.
The user can ask for analysis, code, or both.

## Instructions
When asked to output code,
- Make sure to wrap your code in '```python' and '```' Markdown delimiters, 
- include exactly one block of code with the entire solution
- No outside libraries are allowed. 
- Builtins are allowed.
- If the task specifies a function name to be used, follow it strictly (be case sensitive!) and declare the that function last (helper functions are declared first).
- DO NOT write any assert statements / tests.

## Problem
[BEGIN PROBLEM]
Yesterday, Chef found $K$ empty boxes in the cooler and decided to fill them with apples. He ordered $N$ apples, where $N$ is a multiple of $K$. Now, he just needs to hire someone who will distribute the apples into the boxes with professional passion. 
Only two candidates passed all the interviews for the box filling job. In one minute, each candidate can put $K$ apples into boxes, but they do it in different ways: the first candidate puts exactly one apple in each box, while the second one chooses a random box with the smallest number of apples and puts $K$ apples in it.
Chef is wondering if the final distribution of apples can even depend on which candidate he hires. Can you answer that question?
Note: The boxes are distinguishable (labeled), while the apples are not. Therefore, two distributions of apples are different if there is a box such that the number of apples in it when the first candidate finishes working can be different from the number of apples in it when the second candidate finishes working.

-----Input-----
- The first line of the input contains a single integer $T$ denoting the number of test cases. The description of $T$ test cases follows.
- The first and only line of each test case contains two space-separated integers $N$ and $K$. 

-----Output-----
For each test case, print a single line containing the string "YES" if the final distributions of apples can be different or "NO" if they will be the same (without quotes).

-----Constraints-----
- $1 \le T \le 250$
- $1 \le N, K \le 10^{18}$
- $N$ is divisible by $K$

-----Subtasks-----
Subtask #1 (30 points): $1 \le N, K \le 10^5$
Subtask #2 (70 points): original constraints

-----Example Input-----
3
5 1
4 2
10 10

-----Example Output-----
NO
NO
YES

-----Explanation-----
Example case 1: No matter who is hired, all apples will be in the only box at the end.
Example case 2: At the end, there will be two apples in each box.
Example case 3: If we hire the first candidate, there will be one apple in each box, but if we hire the second one, there will be $10$ apples in one box and none in all other boxes.

The output code needs to read from and write to standard IO


[END PROBLEM]

INFO - [Task id] 743 [prompt] 
## Instructions

Reason through the problem and:
1. Restate the problem in plain English
2. Conceptualize a solution first in plain English
3. Write a pseudocode solution
4. Output the final Python 3 solution with your solution steps in comments.

Make sure to wrap your code in '```python' and '```' Markdown delimiters, 
and include exactly one block of code with the entire solution.

No outside libraries are allowed.
Builtins are allowed.

INFO - [Task id] 743 [prompt] 
Also, here are some of your memories.
Feel free to use the given information to aid your problem solving process if necessary.
Do not confuse the memories with the problem statement.

## Memories

[Summary]:
    In this problem, the goal was to determine if Gru could distribute his money (K) to N minions, each demanding a specific amount of money, such that he ends up with exactly zero. The key insights were that if the total demand from all minions exceeds K, Gru cannot fulfill the demands, and if the total demand equals K, he can distribute the money exactly.

    Initially, I implemented a solution that simply checked if the total demand was greater than, equal to, or less than K. However, this approach failed to account for the scenario where the total demand was less than K but could still be distributed in a way that Gru ends up with zero. The logic needed to ensure that Gru could fulfill each demand without running out of money at any point.

    The correct approach involves:
    1. Calculating the total demand.
    2. Checking if the total demand exceeds K (output "NO").
    3. If the total demand equals K, output "YES".
    4. If the total demand is less than K, output "NO" since Gru cannot distribute the money to reach exactly zero.

    The final code snippet that captures this logic is as follows:

    ```python
    def can_distribute_money(T):
        for _ in range(T):
            N, K = map(int, input().split())
            A = list(map(int, input().split()))
        
            total_demand = sum(A)
        
            if total_demand > K:
                print("NO")
            elif total_demand == K:
                print("YES")
            else:
                print("NO")

    T = int(input())
    can_distribute_money(T)
    ```

    This experience highlighted the importance of carefully considering the conditions under which money can be distributed and ensuring that all edge cases are handled correctly.
[/Summary]


[Summary]:
    In this task, I was required to help Chef determine the maximum number of Division-3 contests he could host based on the problems created by his setters, the number of problems needed for each contest, and the number of days available. The core concepts involved were basic arithmetic operations, specifically summing a list of integers and performing integer division.

    The solution involved reading multiple test cases, calculating the total number of problems, determining how many contests could be formed, and then comparing that with the available days to find the maximum contests Chef could host. The approach was straightforward and effective, leveraging simple loops and arithmetic.

    The final implementation was clean and efficient, successfully passing all provided test cases. The key takeaway from this experience is the importance of breaking down the problem into manageable parts and ensuring that all edge cases (like having fewer problems than needed for a single contest) are considered. The solution was implemented without any external libraries, adhering to the constraints given. 

    Here’s the final code snippet for future reference:

    ```python
    def max_contests(T):
        for _ in range(T):
            N, K, D = map(int, input().split())
            A = list(map(int, input().split()))
            total_problems = sum(A)
            contests_possible = total_problems // K
            max_contests = min(contests_possible, D)
            print(max_contests)

    T = int(input())
    max_contests(T)
    ``` 

    This experience reinforced the importance of clear problem understanding and systematic solution development.
[/Summary]


[Summary]:
    In this problem, the goal was to calculate the number of valid schedules for Chef's restaurant, where dishes must be served over \(N\) days with specific constraints: consecutive days must have different dishes, and the first and last dishes must also be different.

    ### Key Insights:
    1. **Understanding the Combinatorial Nature**: The problem required a combinatorial approach to count valid arrangements based on the number of days. The choices for each day depended on the previous day's choice, leading to a recursive pattern.

    2. **Formulating the Correct Logic**:
       - For \(N = 2\): The valid combinations are \(4 \times 3\).
       - For \(N = 3\): The valid combinations are \(4 \times 3 \times 2\).
       - For \(N \geq 4\): The correct formula should be \(4 \times 3^{(N-1)}\) because:
         - The first day has 4 choices.
         - The second day has 3 choices.
         - Each of the next \(N-2\) days has 3 choices.
         - The last day must be different from the first dish, which is already accounted for in the choices.

    ### Errors and Fixes:
    - Initially, I miscalculated the formula for \(N \geq 4\) by incorrectly considering the last dish's constraints. The correct approach was to ensure that the last dish is different from the first while maintaining the choices for the middle days.
    - The final formula for \(N \geq 4\) was adjusted to correctly reflect the choices available.

    ### Final Code Snippet:
    ```python
    def calculate_schedules(N):
        if N == 2:
            return (4 * 3) % (10**9 + 7)
        elif N == 3:
            return (4 * 3 * 2) % (10**9 + 7)
        else:
            return (4 * 3 * (3 ** (N - 2))) % (10**9 + 7)

    def main():
        T = int(input())
        for _ in range(T):
            N = int(input())
            result = calculate_schedules(N)
            print(result)

    main()
    ```

    This experience reinforced the importance of carefully considering constraints in combinatorial problems and ensuring that all conditions are accurately reflected in the formulas used.
[/Summary]


INFO - [Task id] 743 [generation text] 1. **Restate the problem in plain English**:
   Chef has a certain number of empty boxes (K) and a number of apples (N) that is a multiple of K. He wants to know if the way the apples are distributed into the boxes can result in different final distributions depending on which of two candidates he hires. The first candidate distributes one apple to each box, while the second candidate puts all K apples into the box with the least apples. The task is to determine if the final distributions can differ based on the candidate chosen.

2. **Conceptualize a solution first in plain English**:
   To determine if the distributions can differ, we need to analyze the two methods of distribution:
   - The first candidate will always distribute the apples evenly across all boxes, resulting in each box having the same number of apples (N/K).
   - The second candidate, however, can potentially leave some boxes empty while filling others, leading to a situation where one box could have all the apples while others have none.
   The key insight is that if K is equal to 1, both candidates will produce the same result (all apples in one box). If K is greater than 1, the distributions can differ. Therefore, the answer is "YES" if K > 1 and "NO" if K = 1.

3. **Write a pseudocode solution**:
   ```
   function can_distribute_apples(T):
       for each test case from 1 to T:
           read N, K
           if K == 1:
               print "NO"
           else:
               print "YES"

   read T
   can_distribute_apples(T)
   ```

4. **Output the final Python 3 solution with your solution steps in comments**:
```python
def can_distribute_apples(T):
    # Loop through each test case
    for _ in range(T):
        # Read the values of N and K
        N, K = map(int, input().split())
        # If K is 1, both candidates will produce the same distribution
        if K == 1:
            print("NO")
        else:
            # If K is greater than 1, the distributions can differ
            print("YES")

# Read the number of test cases
T = int(input())
# Call the function to process the test cases
can_distribute_apples(T)
```
INFO - program_code:
 
def can_distribute_apples(T):
    # Loop through each test case
    for _ in range(T):
        # Read the values of N and K
        N, K = map(int, input().split())
        # If K is 1, both candidates will produce the same distribution
        if K == 1:
            print("NO")
        else:
            # If K is greater than 1, the distributions can differ
            print("YES")

# Read the number of test cases
T = int(input())
# Call the function to process the test cases
can_distribute_apples(T)


INFO - program_name:
 can_distribute_apples

INFO - dependencies:
 []

INFO - raw_msg:
 1. **Restate the problem in plain English**:
   Chef has a certain number of empty boxes (K) and a number of apples (N) that is a multiple of K. He wants to know if the way the apples are distributed into the boxes can result in different final distributions depending on which of two candidates he hires. The first candidate distributes one apple to each box, while the second candidate puts all K apples into the box with the least apples. The task is to determine if the final distributions can differ based on the candidate chosen.

2. **Conceptualize a solution first in plain English**:
   To determine if the distributions can differ, we need to analyze the two methods of distribution:
   - The first candidate will always distribute the apples evenly across all boxes, resulting in each box having the same number of apples (N/K).
   - The second candidate, however, can potentially leave some boxes empty while filling others, leading to a situation where one box could have all the apples while others have none.
   The key insight is that if K is equal to 1, both candidates will produce the same result (all apples in one box). If K is greater than 1, the distributions can differ. Therefore, the answer is "YES" if K > 1 and "NO" if K = 1.

3. **Write a pseudocode solution**:
   ```
   function can_distribute_apples(T):
       for each test case from 1 to T:
           read N, K
           if K == 1:
               print "NO"
           else:
               print "YES"

   read T
   can_distribute_apples(T)
   ```

4. **Output the final Python 3 solution with your solution steps in comments**:
```python
def can_distribute_apples(T):
    # Loop through each test case
    for _ in range(T):
        # Read the values of N and K
        N, K = map(int, input().split())
        # If K is 1, both candidates will produce the same distribution
        if K == 1:
            print("NO")
        else:
            # If K is greater than 1, the distributions can differ
            print("YES")

# Read the number of test cases
T = int(input())
# Call the function to process the test cases
can_distribute_apples(T)
```

INFO - no_parent:
 False

INFO - full code to be executed: 
 
def can_distribute_apples(T):
    # Loop through each test case
    for _ in range(T):
        # Read the values of N and K
        N, K = map(int, input().split())
        # If K is 1, both candidates will produce the same distribution
        if K == 1:
            print("NO")
        else:
            # If K is greater than 1, the distributions can differ
            print("YES")

# Read the number of test cases
T = int(input())
# Call the function to process the test cases
can_distribute_apples(T)


INFO - obs: Note: Inputs/outputs here are automatically extracted/truncated so formatting may be a bit off.
Tests passed:

 Input: ['3', '5 1', '4 2', '10 10'] Output: [{'NO'}, {'NO'}, {'YES'}]

Tests failed:
None
reward: True
done: None
info: {'individual_results': [True]}
INFO - Updated entry: 
[Task]:
    Yesterday, Chef found $K$ empty boxes in the cooler and decided to fill them with apples. He ordered $N$ apples, where $N$ is a multiple of $K$. Now, he just needs to hire someone who will distribute the apples into the boxes with professional passion. 
    Only two candidates passed...,

INFO - Metadata: {
    "raw_msg": "1. **Restate the problem in plain English**:\n   Chef has a certain number of empty boxes (K) and a number of apples (N) that is a multiple of K. He wants to know if the way the apples are distributed into the boxes can result in different final distributions depending on which ...

INFO - LM call n parse attempt 1 / 3

INFO - [Task id] 743 [prompt] 
You are an expert programmer tasked with solving the problem below.

Follow the user's instructions to solve the problem.
The user can ask for analysis, code, or both.

## Instructions
When asked to output code,
- Make sure to wrap your code in '```python' and '```' Markdown delimiters, 
- include exactly one block of code with the entire solution
- No outside libraries are allowed. 
- Builtins are allowed.
- If the task specifies a function name to be used, follow it strictly (be case sensitive!) and declare the that function last (helper functions are declared first).
- DO NOT write any assert statements / tests.

## Problem
[BEGIN PROBLEM]
Yesterday, Chef found $K$ empty boxes in the cooler and decided to fill them with apples. He ordered $N$ apples, where $N$ is a multiple of $K$. Now, he just needs to hire someone who will distribute the apples into the boxes with professional passion. 
Only two candidates passed all the interviews for the box filling job. In one minute, each candidate can put $K$ apples into boxes, but they do it in different ways: the first candidate puts exactly one apple in each box, while the second one chooses a random box with the smallest number of apples and puts $K$ apples in it.
Chef is wondering if the final distribution of apples can even depend on which candidate he hires. Can you answer that question?
Note: The boxes are distinguishable (labeled), while the apples are not. Therefore, two distributions of apples are different if there is a box such that the number of apples in it when the first candidate finishes working can be different from the number of apples in it when the second candidate finishes working.

-----Input-----
- The first line of the input contains a single integer $T$ denoting the number of test cases. The description of $T$ test cases follows.
- The first and only line of each test case contains two space-separated integers $N$ and $K$. 

-----Output-----
For each test case, print a single line containing the string "YES" if the final distributions of apples can be different or "NO" if they will be the same (without quotes).

-----Constraints-----
- $1 \le T \le 250$
- $1 \le N, K \le 10^{18}$
- $N$ is divisible by $K$

-----Subtasks-----
Subtask #1 (30 points): $1 \le N, K \le 10^5$
Subtask #2 (70 points): original constraints

-----Example Input-----
3
5 1
4 2
10 10

-----Example Output-----
NO
NO
YES

-----Explanation-----
Example case 1: No matter who is hired, all apples will be in the only box at the end.
Example case 2: At the end, there will be two apples in each box.
Example case 3: If we hire the first candidate, there will be one apple in each box, but if we hire the second one, there will be $10$ apples in one box and none in all other boxes.

The output code needs to read from and write to standard IO


[END PROBLEM]

INFO - [Task id] 743 [prompt] 
## Instructions

Reason through the problem and:
1. Restate the problem in plain English
2. Conceptualize a solution first in plain English
3. Write a pseudocode solution
4. Output the final Python 3 solution with your solution steps in comments.

Make sure to wrap your code in '```python' and '```' Markdown delimiters, 
and include exactly one block of code with the entire solution.

No outside libraries are allowed.
Builtins are allowed.

INFO - [Task id] 743 [prompt] 1. **Restate the problem in plain English**:
   Chef has a certain number of empty boxes (K) and a number of apples (N) that is a multiple of K. He wants to know if the way the apples are distributed into the boxes can result in different final distributions depending on which of two candidates he hires. The first candidate distributes one apple to each box, while the second candidate puts all K apples into the box with the least apples. The task is to determine if the final distributions can differ based on the candidate chosen.

2. **Conceptualize a solution first in plain English**:
   To determine if the distributions can differ, we need to analyze the two methods of distribution:
   - The first candidate will always distribute the apples evenly across all boxes, resulting in each box having the same number of apples (N/K).
   - The second candidate, however, can potentially leave some boxes empty while filling others, leading to a situation where one box could have all the apples while others have none.
   The key insight is that if K is equal to 1, both candidates will produce the same result (all apples in one box). If K is greater than 1, the distributions can differ. Therefore, the answer is "YES" if K > 1 and "NO" if K = 1.

3. **Write a pseudocode solution**:
   ```
   function can_distribute_apples(T):
       for each test case from 1 to T:
           read N, K
           if K == 1:
               print "NO"
           else:
               print "YES"

   read T
   can_distribute_apples(T)
   ```

4. **Output the final Python 3 solution with your solution steps in comments**:
```python
def can_distribute_apples(T):
    # Loop through each test case
    for _ in range(T):
        # Read the values of N and K
        N, K = map(int, input().split())
        # If K is 1, both candidates will produce the same distribution
        if K == 1:
            print("NO")
        else:
            # If K is greater than 1, the distributions can differ
            print("YES")

# Read the number of test cases
T = int(input())
# Call the function to process the test cases
can_distribute_apples(T)
```
INFO - [Task id] 743 [prompt] 
[Environment Feedback]:
    Note: Inputs/outputs here are automatically extracted/truncated so formatting may be a bit off.
    Tests passed:

     Input: ['3', '5 1', '4 2', '10 10'] Output: [{'NO'}, {'NO'}, {'YES'}]

    Tests failed:
    None
[/Environment Feedback]

INFO - [Task id] 743 [prompt] 
## Instructions
Now, summarize your attempts as a **standalone** document for your own future reference. (can skip formalities, be concise)

- Only include the most relevant information and code snippets that could be useful in the future.
- If you did not learn much from the current experience (e.g. the problem was too easy), feel free to write less or nothing at all.
- Here are some ideas if the experience was useful:
    - Identifying the core concepts and patterns that problem appears to test for
    - Describing the strategies that seemed to work but did not, and vice versa
    - Describing unexpected errors and how they were fixed

Your summary should be at most a few paragraphs.

INFO - [Task id] 743 [generation text] In this problem, the key concept revolves around understanding how two different methods of distributing apples into boxes can lead to different outcomes. The first candidate distributes apples evenly, while the second candidate can create uneven distributions by filling the box with the least apples. The critical insight is that if K (the number of boxes) is 1, both candidates will yield the same result, while for K greater than 1, the distributions can differ.

The solution involves a straightforward conditional check on the value of K. If K equals 1, the output is "NO"; otherwise, it is "YES". This logic is efficient and works within the constraints provided, as it only requires a simple comparison for each test case.

The final implementation reads the number of test cases and processes each case by checking the value of K, printing the appropriate response. The code is clean and efficient, handling the maximum constraints without any issues. 

Here’s the final code snippet for reference:

```python
def can_distribute_apples(T):
    for _ in range(T):
        N, K = map(int, input().split())
        if K == 1:
            print("NO")
        else:
            print("YES")

T = int(input())
can_distribute_apples(T)
```

This experience reinforced the importance of understanding the implications of the problem constraints and how they affect the solution approach.
INFO - LM call n parse attempt 1 / 3

INFO - [Task id] 743 [prompt] 
You are an expert programmer tasked with solving the problem below.

Follow the user's instructions to solve the problem.
The user can ask for analysis, code, or both.

## Instructions
When asked to output code,
- Make sure to wrap your code in '```python' and '```' Markdown delimiters, 
- include exactly one block of code with the entire solution
- No outside libraries are allowed. 
- Builtins are allowed.
- If the task specifies a function name to be used, follow it strictly (be case sensitive!) and declare the that function last (helper functions are declared first).
- DO NOT write any assert statements / tests.

## Problem
[BEGIN PROBLEM]
Yesterday, Chef found $K$ empty boxes in the cooler and decided to fill them with apples. He ordered $N$ apples, where $N$ is a multiple of $K$. Now, he just needs to hire someone who will distribute the apples into the boxes with professional passion. 
Only two candidates passed all the interviews for the box filling job. In one minute, each candidate can put $K$ apples into boxes, but they do it in different ways: the first candidate puts exactly one apple in each box, while the second one chooses a random box with the smallest number of apples and puts $K$ apples in it.
Chef is wondering if the final distribution of apples can even depend on which candidate he hires. Can you answer that question?
Note: The boxes are distinguishable (labeled), while the apples are not. Therefore, two distributions of apples are different if there is a box such that the number of apples in it when the first candidate finishes working can be different from the number of apples in it when the second candidate finishes working.

-----Input-----
- The first line of the input contains a single integer $T$ denoting the number of test cases. The description of $T$ test cases follows.
- The first and only line of each test case contains two space-separated integers $N$ and $K$. 

-----Output-----
For each test case, print a single line containing the string "YES" if the final distributions of apples can be different or "NO" if they will be the same (without quotes).

-----Constraints-----
- $1 \le T \le 250$
- $1 \le N, K \le 10^{18}$
- $N$ is divisible by $K$

-----Subtasks-----
Subtask #1 (30 points): $1 \le N, K \le 10^5$
Subtask #2 (70 points): original constraints

-----Example Input-----
3
5 1
4 2
10 10

-----Example Output-----
NO
NO
YES

-----Explanation-----
Example case 1: No matter who is hired, all apples will be in the only box at the end.
Example case 2: At the end, there will be two apples in each box.
Example case 3: If we hire the first candidate, there will be one apple in each box, but if we hire the second one, there will be $10$ apples in one box and none in all other boxes.

The output code needs to read from and write to standard IO


[END PROBLEM]

INFO - [Task id] 743 [prompt] 
## Instructions

Reason through the problem and:
1. Restate the problem in plain English
2. Conceptualize a solution first in plain English
3. Write a pseudocode solution
4. Output the final Python 3 solution with your solution steps in comments.

Make sure to wrap your code in '```python' and '```' Markdown delimiters, 
and include exactly one block of code with the entire solution.

No outside libraries are allowed.
Builtins are allowed.

INFO - [Task id] 743 [prompt] 1. **Restate the problem in plain English**:
   Chef has a certain number of empty boxes (K) and a number of apples (N) that is a multiple of K. He wants to know if the way the apples are distributed into the boxes can result in different final distributions depending on which of two candidates he hires. The first candidate distributes one apple to each box, while the second candidate puts all K apples into the box with the least apples. The task is to determine if the final distributions can differ based on the candidate chosen.

2. **Conceptualize a solution first in plain English**:
   To determine if the distributions can differ, we need to analyze the two methods of distribution:
   - The first candidate will always distribute the apples evenly across all boxes, resulting in each box having the same number of apples (N/K).
   - The second candidate, however, can potentially leave some boxes empty while filling others, leading to a situation where one box could have all the apples while others have none.
   The key insight is that if K is equal to 1, both candidates will produce the same result (all apples in one box). If K is greater than 1, the distributions can differ. Therefore, the answer is "YES" if K > 1 and "NO" if K = 1.

3. **Write a pseudocode solution**:
   ```
   function can_distribute_apples(T):
       for each test case from 1 to T:
           read N, K
           if K == 1:
               print "NO"
           else:
               print "YES"

   read T
   can_distribute_apples(T)
   ```

4. **Output the final Python 3 solution with your solution steps in comments**:
```python
def can_distribute_apples(T):
    # Loop through each test case
    for _ in range(T):
        # Read the values of N and K
        N, K = map(int, input().split())
        # If K is 1, both candidates will produce the same distribution
        if K == 1:
            print("NO")
        else:
            # If K is greater than 1, the distributions can differ
            print("YES")

# Read the number of test cases
T = int(input())
# Call the function to process the test cases
can_distribute_apples(T)
```
INFO - [Task id] 743 [prompt] 
[Environment Feedback]:
    Note: Inputs/outputs here are automatically extracted/truncated so formatting may be a bit off.
    Tests passed:

     Input: ['3', '5 1', '4 2', '10 10'] Output: [{'NO'}, {'NO'}, {'YES'}]

    Tests failed:
    None
[/Environment Feedback]

INFO - [Task id] 743 [prompt] 
Below is the official solution (do exercise discretion as official solutions can also have mistakes).

You will be reflecting on your attempts to solve the problem.
This will be a **standalone** document for your own future reference. (can skip formalities, be concise)

## Instructions
- Only include the most relevant insights and code snippets that could be useful in the future.
- If you did not learn much from the current experience (e.g. the problem was too easy / official solution was obvious), feel free to write less or nothing at all.
- Here are some ideas if the experience was useful:
    - If the official solution is insightful (e.g. better than yours in time and space complexity or more effective in breaking down the problem statement), distil the key approach of the official solution, step by step.
    - If your approach failed the test cases, reason why the official solution works but yours does not

Your reflection should be at most a few paragraphs.

## Official solution
# cook your dish here
t=int(input())
for i in range(t,0,-1):
 x,y=map(int,input().split())
 k=x//y
 
 if k%y==0:
  print("NO")
 else:
  print("YES")

INFO - [Task id] 743 [generation text] The official solution takes a different approach by focusing on the relationship between N and K through integer division. It calculates how many apples each box would receive if distributed evenly (N/K) and checks if this result can lead to different distributions based on the value of K.

Key insights from the official solution:
1. It uses integer division to determine how many apples each box would receive (`k = N // K`).
2. The condition `if k % K == 0` checks if the number of apples per box is evenly divisible by K. If it is, then both candidates will produce the same distribution, leading to a "NO" output. If not, the distributions can differ, resulting in a "YES".
3. This approach effectively reduces the problem to a simple modulus check, which is efficient and straightforward.

My initial solution was based on a direct comparison of K values, which worked for the given constraints but did not leverage the mathematical properties of the problem as effectively as the official solution. The official solution's method is more elegant and concise, focusing on the core relationship between N and K rather than the distribution mechanics. 

In future problems, I should consider exploring mathematical properties and relationships more deeply, as they can lead to simpler and more efficient solutions.
INFO - Updated entry: In this problem, the key concept revolves around understanding how two different methods of distributing apples into boxes can lead to different outcomes. The first candidate distributes apples evenly, while the second candidate can create uneven distributions by filling the box with the least ap...,

INFO - Metadata: {
    "task_id": 743
}

INFO - Updated entry: The official solution takes a different approach by focusing on the relationship between N and K through integer division. It calculates how many apples each box would receive if distributed evenly (N/K) and checks if this result can lead to different distributions based on the value of K.

Key i...,

INFO - Metadata: {
    "task_id": 743
}

INFO - LM call n parse attempt 1 / 3

INFO - [Task id] 743 [prompt] 
You are a helpful assistant that writes a description of the given function written in the Python programming language.

1) Do not mention the function name.
2) Do not mention anything about helper functions.
3) There might be some helper functions before the main function, but you only need to describe the main function.
4) Try to summarize the function in no more than 6 sentences.
5) Your response should be a single line of text.

INFO - [Task id] 743 [prompt] 
def can_distribute_apples(T):
    # Loop through each test case
    for _ in range(T):
        # Read the values of N and K
        N, K = map(int, input().split())
        # If K is 1, both candidates will produce the same distribution
        if K == 1:
            print("NO")
        else:
            # If K is greater than 1, the distributions can differ
            print("YES")

# Read the number of test cases
T = int(input())
# Call the function to process the test cases
can_distribute_apples(T)


The main function is `can_distribute_apples`.
INFO - [Task id] 743 [generation text] The function processes multiple test cases to determine if apples can be distributed differently among candidates based on the number of candidates (K) and the total number of apples (N). It reads the number of test cases and for each case, it checks if K is equal to 1; if so, it outputs "NO" since the distribution would be the same for both candidates. If K is greater than 1, it outputs "YES," indicating that different distributions are possible. The function effectively evaluates the conditions for apple distribution based on the input values.
INFO - LM call n parse attempt 1 / 3

INFO - [Task id] 743 [prompt] 
You are a helpful assistant that extracts important information from problems and solutions to aid in searchability and education.

## Instructions
- Read through the problem and solution carefully.
- Reason out, step by step, in what scenarios this knowledge would be useful.
- Focus on general patterns and situations to help connect this knowledge to new situations.
- Then, include a list of keywords that are useful for searching this problem/solution pair.

## Response format
Respond in JSON, and follow the keys and expected format of the values strictly.

The output should be formatted as a JSON instance that conforms to the JSON schema below.

As an example, for the schema {"properties": {"foo": {"title": "Foo", "description": "a list of strings", "type": "array", "items": {"type": "string"}}}, "required": ["foo"]}
the object {"foo": ["bar", "baz"]} is a well-formatted instance of the schema. The object {"properties": {"foo": ["bar", "baz"]}} is not well-formatted.

Here is the output schema:
```
{"properties": {"scenarios": {"description": "In what scenarios will this knowledge be useful? Answer in a paragraph.", "title": "Scenarios", "type": "string"}, "keywords": {"description": "List of keywords that are useful for searching this problem/solution pair", "items": {"type": "string"}, "title": "Keywords", "type": "array"}}, "required": ["scenarios", "keywords"]}
```

INFO - [Task id] 743 [prompt] 
[Problem]
    Yesterday, Chef found $K$ empty boxes in the cooler and decided to fill them with apples. He ordered $N$ apples, where $N$ is a multiple of $K$. Now, he just needs to hire someone who will distribute the apples into the boxes with professional passion. 
    Only two candidates passed all the interviews for the box filling job. In one minute, each candidate can put $K$ apples into boxes, but they do it in different ways: the first candidate puts exactly one apple in each box, while the second one chooses a random box with the smallest number of apples and puts $K$ apples in it.
    Chef is wondering if the final distribution of apples can even depend on which candidate he hires. Can you answer that question?
    Note: The boxes are distinguishable (labeled), while the apples are not. Therefore, two distributions of apples are different if there is a box such that the number of apples in it when the first candidate finishes working can be different from the number of apples in it when the second candidate finishes working.

    -----Input-----
    - The first line of the input contains a single integer $T$ denoting the number of test cases. The description of $T$ test cases follows.
    - The first and only line of each test case contains two space-separated integers $N$ and $K$. 

    -----Output-----
    For each test case, print a single line containing the string "YES" if the final distributions of apples can be different or "NO" if they will be the same (without quotes).

    -----Constraints-----
    - $1 \le T \le 250$
    - $1 \le N, K \le 10^{18}$
    - $N$ is divisible by $K$

    -----Subtasks-----
    Subtask #1 (30 points): $1 \le N, K \le 10^5$
    Subtask #2 (70 points): original constraints

    -----Example Input-----
    3
    5 1
    4 2
    10 10

    -----Example Output-----
    NO
    NO
    YES

    -----Explanation-----
    Example case 1: No matter who is hired, all apples will be in the only box at the end.
    Example case 2: At the end, there will be two apples in each box.
    Example case 3: If we hire the first candidate, there will be one apple in each box, but if we hire the second one, there will be $10$ apples in one box and none in all other boxes.
[/Problem]

[Solution]

    def can_distribute_apples(T):
        # Loop through each test case
        for _ in range(T):
            # Read the values of N and K
            N, K = map(int, input().split())
            # If K is 1, both candidates will produce the same distribution
            if K == 1:
                print("NO")
            else:
                # If K is greater than 1, the distributions can differ
                print("YES")

    # Read the number of test cases
    T = int(input())
    # Call the function to process the test cases
    can_distribute_apples(T)

[/Solution]

INFO - [Task id] 743 [generation text] 
INFO - {
    "scenarios": "This knowledge is useful in scenarios where one needs to determine the impact of different distribution methods on the final outcome of a resource allocation problem. For example, in logistics, understanding how different methods of distributing items (like apples in this case) can lead to different results is crucial for optimizing processes. This can also apply to scenarios in operations research, game theory, or any situation where resources are allocated among distinguishable entities and the method of allocation can affect the final distribution.",
    "keywords": [
        "apples distribution",
        "resource allocation",
        "candidate selection",
        "logistics",
        "operations research",
        "game theory",
        "distribution methods",
        "test cases",
        "N and K values"
    ]
}
INFO - {
    "scenarios": "This knowledge is useful in scenarios where one needs to determine the impact of different distribution methods on the final outcome of a resource allocation problem. For example, in logistics, understanding how different methods of distributing items (like apples in this case) can lead to different results is crucial for optimizing processes. This can also apply to scenarios in operations research, game theory, or any situation where resources are allocated among distinguishable entities and the method of allocation can affect the final distribution.",
    "keywords": [
        "apples distribution",
        "resource allocation",
        "candidate selection",
        "logistics",
        "operations research",
        "game theory",
        "distribution methods",
        "test cases",
        "N and K values"
    ]
}
INFO - Updated entry: 
[description for function: can_distribute_apples]
The function processes multiple test cases to determine if apples can be distributed differently among candidates based on the number of candidates (K) and the total number of apples (N). It reads the number of test cases and for each case, it ch...,

INFO - Metadata: {
    "task": 743,
    "code": "\ndef can_distribute_apples(T):\n    # Loop through each test case\n    for _ in range(T):\n        # Read the values of N and K\n        N, K = map(int, input().split())\n        # If K is 1, both candidates will produce the same distribution\n        if K == 1:\n...

