INFO - DB skill doc count: 0

INFO - DB non_func doc count: 55

INFO - DB semantic doc count: 429

INFO - DB summaries doc count: 68

INFO - DB reflections doc count: 68

INFO - DB episodic doc count: 118

INFO - [train iter]: 68/100 

INFO - The task prompt is Kabir likes Tara's smile and wants to look at her smile. They are sitting in the class and you are friends with Kabir. You have to place a mirror (point size)  in the front wall of the class so that Kabir can have a glimpse of Tara's smile.
Consider the front wall as x-axis . You are given the  c...

INFO - Attempting task_id 903
INFO - LM call n parse attempt 1 / 3

INFO - [Task id] 903 [prompt] 
You are an expert programmer tasked with solving the problem below.

Follow the user's instructions to solve the problem.
The user can ask for analysis, code, or both.

## Instructions
When asked to output code,
- Make sure to wrap your code in '```python' and '```' Markdown delimiters, 
- include exactly one block of code with the entire solution
- No outside libraries are allowed. 
- Builtins are allowed.
- If the task specifies a function name to be used, follow it strictly (be case sensitive!) and declare the that function last (helper functions are declared first).
- DO NOT write any assert statements / tests.

## Problem
[BEGIN PROBLEM]
Kabir likes Tara's smile and wants to look at her smile. They are sitting in the class and you are friends with Kabir. You have to place a mirror (point size)  in the front wall of the class so that Kabir can have a glimpse of Tara's smile.
Consider the front wall as x-axis . You are given the  coordinates of position of Kabir (x1,y1)$(x1,y1)$ and Tara  (x2,y2)$(x2,y2)$. Find the position where the mirror should be placed. 

-----Input:-----
- First line will contain T$T$, number of testcases. Then the testcases follow. 
- First line of each testcase contains two integers x1,y1$x1, y1$.
- Second line of each testcase contains two integers x2,y2$x2, y2$. 

-----Output:-----
For each testcase, print the x-coordinate of the mirror. Absolute error of 10−2$10^{−2}$ is allowed.

-----Constraints:-----
- 1≤T≤1000$1 \leq T \leq 1000$
- 1≤x1,y1,x2,y2≤105$1 \leq x1,y1,x2,y2 \leq 10^5 $

-----Sample Input:-----
1
1 1

4 4

-----Sample Output:-----
1.60

The output code needs to read from and write to standard IO


[END PROBLEM]

INFO - [Task id] 903 [prompt] 
## Instructions

Reason through the problem and:
1. Restate the problem in plain English
2. Conceptualize a solution first in plain English
3. Write a pseudocode solution
4. Output the final Python 3 solution with your solution steps in comments.

Make sure to wrap your code in '```python' and '```' Markdown delimiters, 
and include exactly one block of code with the entire solution.

No outside libraries are allowed.
Builtins are allowed.

INFO - [Task id] 903 [generation text] 1. **Restate the problem in plain English:**
   We need to determine the position on the x-axis (the front wall of the classroom) where a mirror should be placed so that Kabir can see Tara's smile. Kabir and Tara are positioned at given coordinates in a 2D space, and we need to calculate the x-coordinate of the mirror based on their positions.

2. **Conceptualize a solution first in plain English:**
   To find the position of the mirror, we can use the concept of reflection. The mirror's position on the x-axis should be such that the angle of incidence (the angle at which Kabir's line of sight hits the mirror) is equal to the angle of reflection (the angle at which the light reflects towards Tara). This can be calculated using the formula derived from the geometry of the situation. The x-coordinate of the mirror can be found using the formula:
   \[
   x_{mirror} = \frac{x1 + x2}{2} - \frac{(y1 - y2) \cdot (x1 - x2)}{2 \cdot (y1 + y2)}
   \]
   This formula takes into account the positions of Kabir and Tara and gives us the correct x-coordinate for the mirror.

3. **Write a pseudocode solution:**
   ```
   function find_mirror_position(T, test_cases):
       for each test_case in test_cases:
           read x1, y1
           read x2, y2
           calculate x_mirror using the formula
           store x_mirror in results
       return results
   ```

4. **Output the final Python 3 solution with your solution steps in comments:**
```python
def find_mirror_position(T, test_cases):
    results = []
    
    for i in range(T):
        # Read Kabir's coordinates
        x1, y1 = test_cases[i][0]
        # Read Tara's coordinates
        x2, y2 = test_cases[i][1]
        
        # Calculate the x-coordinate of the mirror using the derived formula
        x_mirror = (x1 + x2) / 2 - ((y1 - y2) * (x1 - x2)) / (2 * (y1 + y2))
        
        # Store the result formatted to 2 decimal places
        results.append(f"{x_mirror:.2f}")
    
    # Print all results, each on a new line
    print("\n".join(results))

# Read input
T = int(input())
test_cases = []

for _ in range(T):
    x1, y1 = map(int, input().split())
    x2, y2 = map(int, input().split())
    test_cases.append(((x1, y1), (x2, y2)))

# Call the function with the number of test cases and the test cases
find_mirror_position(T, test_cases)
```
INFO - [35m Rollout attempt 1/4[0m
INFO - [33m Retrieving 2 entries for db: episodic 
 [0m
INFO - Retrieved (score=0.4448):

[Task]:
    You may have helped Chef and prevented Doof from destroying the even numbers. But, it has only angered Dr Doof even further. However, for his next plan, he needs some time. Therefore, Doof has built $N$ walls to prevent Chef from interrupting him. You have to help Chef by telling him...


INFO - Retrieved (score=0.4614):

[Task]:
    Dr. S. De teaches computer architecture in NIT Patna. Whenever he comes across any good question(with complexity $k$), he gives that question to students within roll number range $i$ and $j$
    At the start of semester he assigns score of $10$ to every student in his class if a stud...


INFO - [33m Retrieving 2 entries for db: semantic 
 [0m
INFO - Retrieved (score=0.4688):
Title: Circle-Circle Intersection
Part: 1/1
# Circle-Circle Intersection

You are given two circles on a 2D plane, each one described as coordinates of its center and its radius. Find the points of their intersection (possible cases: one or two points, no intersection or circles coincide).

## So...


INFO - Retrieved (score=0.4831):
Title: Finding the equation of a line for a segment
Part: 1/1
# Finding the equation of a line for a segment

The task is: given the coordinates of the ends of a segment, construct a line passing through it.

We assume that the segment is non-degenerate, i.e. has a length greater than zero (other...


INFO - [33m Retrieving 2 entries for db: reflections 
 [0m
INFO - Retrieved (score=0.4451):
In reflecting on my attempts to solve the problem, I gained several insights that could be useful for future reference:

1. **Transformation Approach**: The official solution uses a more efficient method to transform the points based on the slope M. Instead of calculating the angle using `atan`, ...


INFO - Retrieved (score=0.4476):
The official solution effectively solves the problem by using a dictionary to map each zebra's position to the position it spits to. The approach is straightforward and efficient, leveraging the properties of dictionaries for quick lookups.

Key insights from the official solution:
1. **Input Han...


INFO - [33m Retrieving 2 entries for db: summaries 
 [0m
INFO - Retrieved (score=0.3322):
In this task, I was required to help Chef determine how many walls he needs to break to reach Dr. Doof, based on given wall positions and Chef's starting coordinates. The problem involved checking if Chef's position was on any wall and counting how many walls were above his maximum coordinate.

T...


INFO - Retrieved (score=0.3655):
In this task, the goal was to determine if there are two zebras in a jungle that spit at each other based on their positions and spit distances. The solution involved using a dictionary to map each zebra's position to the position it spits to. The core concept was to check for reciprocal spitting...


INFO - [33m Retrieving 2 entries for db: non_func 
 [0m
INFO - Retrieved (score=0.4374):

[description for function: process_test_cases]
The function processes multiple test cases where for each case, it reads the number of walls and their positions, followed by a number of queries regarding Chef's starting position. For each query, it checks if Chef is positioned on a wall, in which...


INFO - Retrieved (score=0.4885):

[description for function: main]
This function reads the number of test cases and processes each case by reading two integers, N and X. It then calculates a result based on these values using a specific calculation method. The result is printed for each test case. The function handles multiple i...


INFO - Retrieved (score=0.3322): 
[Summary]:
    In this task, I was required to help Chef determine how many walls he needs to break to reach Dr. Doof, based on given wall positions and Chef's starting coordinates. The problem involved checking if Chef's position was on any wall and counting how many walls were above his maximu...
INFO - Retrieved (score=0.3655): 
[Summary]:
    In this task, the goal was to determine if there are two zebras in a jungle that spit at each other based on their positions and spit distances. The solution involved using a dictionary to map each zebra's position to the position it spits to. The core concept was to check for rec...
INFO - LM call n parse attempt 1 / 3

INFO - [Task id] 903 [prompt] 
You are an expert programmer tasked with solving the problem below.

Follow the user's instructions to solve the problem.
The user can ask for analysis, code, or both.

## Instructions
When asked to output code,
- Make sure to wrap your code in '```python' and '```' Markdown delimiters, 
- include exactly one block of code with the entire solution
- No outside libraries are allowed. 
- Builtins are allowed.
- If the task specifies a function name to be used, follow it strictly (be case sensitive!) and declare the that function last (helper functions are declared first).
- DO NOT write any assert statements / tests.

## Problem
[BEGIN PROBLEM]
Kabir likes Tara's smile and wants to look at her smile. They are sitting in the class and you are friends with Kabir. You have to place a mirror (point size)  in the front wall of the class so that Kabir can have a glimpse of Tara's smile.
Consider the front wall as x-axis . You are given the  coordinates of position of Kabir (x1,y1)$(x1,y1)$ and Tara  (x2,y2)$(x2,y2)$. Find the position where the mirror should be placed. 

-----Input:-----
- First line will contain T$T$, number of testcases. Then the testcases follow. 
- First line of each testcase contains two integers x1,y1$x1, y1$.
- Second line of each testcase contains two integers x2,y2$x2, y2$. 

-----Output:-----
For each testcase, print the x-coordinate of the mirror. Absolute error of 10−2$10^{−2}$ is allowed.

-----Constraints:-----
- 1≤T≤1000$1 \leq T \leq 1000$
- 1≤x1,y1,x2,y2≤105$1 \leq x1,y1,x2,y2 \leq 10^5 $

-----Sample Input:-----
1
1 1

4 4

-----Sample Output:-----
1.60

The output code needs to read from and write to standard IO


[END PROBLEM]

INFO - [Task id] 903 [prompt] 
## Instructions

Reason through the problem and:
1. Restate the problem in plain English
2. Conceptualize a solution first in plain English
3. Write a pseudocode solution
4. Output the final Python 3 solution with your solution steps in comments.

Make sure to wrap your code in '```python' and '```' Markdown delimiters, 
and include exactly one block of code with the entire solution.

No outside libraries are allowed.
Builtins are allowed.

INFO - [Task id] 903 [prompt] 
Also, here are some of your memories.
Feel free to use the given information to aid your problem solving process if necessary.
Do not confuse the memories with the problem statement.

## Memories

[Summary]:
    In this task, I was required to help Chef determine how many walls he needs to break to reach Dr. Doof, based on given wall positions and Chef's starting coordinates. The problem involved checking if Chef's position was on any wall and counting how many walls were above his maximum coordinate.

    The core concept involved understanding the geometric representation of walls as line segments and how to efficiently determine the number of walls Chef would need to break through. The solution utilized a straightforward approach of iterating through wall positions and comparing them to Chef's coordinates.

    The implemented solution successfully handled the input and output requirements, ensuring that if Chef's position was on a wall, it returned -1. Otherwise, it counted the walls that were above the maximum of Chef's x and y coordinates. The code was structured to read multiple test cases and queries efficiently.

    Key takeaways include the importance of checking conditions before performing calculations and the efficiency of using simple comparisons to solve geometric problems. The solution was effective, and no unexpected errors occurred during implementation. The final code snippet is as follows:

    ```python
    def process_test_cases(T):
        for _ in range(T):
            N = int(input())
            walls = list(map(int, input().split()))
            Q = int(input())
        
            for __ in range(Q):
                x_j, y_j = map(int, input().split())
            
                if x_j == y_j and x_j in walls:
                    print(-1)
                    continue
            
                count = 0
                max_coord = max(x_j, y_j)
            
                for wall in walls:
                    if wall > max_coord:
                        count += 1
            
                print(count)

    T = int(input())
    process_test_cases(T)
    ``` 

    This summary encapsulates the problem-solving process and the final solution, which can be referenced for similar geometric problems in the future.
[/Summary]


[Summary]:
    In this task, the goal was to determine if there are two zebras in a jungle that spit at each other based on their positions and spit distances. The solution involved using a dictionary to map each zebra's position to the position it spits to. The core concept was to check for reciprocal spitting, meaning if zebra A spits to zebra B, then zebra B must spit back to zebra A.

    The approach was straightforward: read the input data, store the positions and their target spit positions in a dictionary, and then check for each zebra if its target position exists in the dictionary and if it spits back to the original position. This method efficiently checks for the required condition in linear time.

    The final implementation was successful, passing the provided test case. The code snippet used is as follows:

    ```python
    def find_spitting_zebras(t):
        positions = {}
        for _ in range(t):
            a, b = map(int, input().split())
            target_position = a + b
            positions[a] = target_position
    
        for a in positions:
            target = positions[a]
            if target in positions and positions[target] == a:
                print("YES")
                return
    
        print("NO")

    t = int(input())
    find_spitting_zebras(t)
    ```

    This experience reinforced the importance of using data structures like dictionaries for efficient lookups and the value of clearly defining the problem's requirements before diving into coding.
[/Summary]


INFO - [Task id] 903 [generation text] 1. **Restate the problem in plain English**: 
   The task is to determine the position on the x-axis (the front wall) where a mirror should be placed so that Kabir can see Tara's smile. Given the coordinates of Kabir and Tara, we need to calculate the x-coordinate of the mirror.

2. **Conceptualize a solution first in plain English**: 
   To find the position of the mirror, we can use the concept of reflection. The mirror's position on the x-axis can be calculated using the formula derived from the geometry of the situation. The y-coordinate of the mirror will be zero since it lies on the x-axis. The x-coordinate of the mirror can be found using the formula:
   \[
   x_{mirror} = \frac{x1 + x2}{2} - \frac{(y1 - y2) \cdot (x1 - x2)}{2 \cdot (y1 + y2)}
   \]
   This formula accounts for the angles of view from both Kabir and Tara.

3. **Write a pseudocode solution**:
   ```
   function find_mirror_position(T):
       for each testcase from 1 to T:
           read x1, y1
           read x2, y2
           calculate x_mirror using the formula
           print x_mirror
   ```

4. **Output the final Python 3 solution with your solution steps in comments**:
```python
def find_mirror_position(T):
    for _ in range(T):
        # Read Kabir's coordinates
        x1, y1 = map(int, input().split())
        # Read Tara's coordinates
        x2, y2 = map(int, input().split())
        
        # Calculate the x-coordinate of the mirror using the derived formula
        x_mirror = (x1 + x2) / 2 - ((y1 - y2) * (x1 - x2)) / (2 * (y1 + y2))
        
        # Print the result with a precision of 2 decimal places
        print(f"{x_mirror:.2f}")

# Read the number of test cases
T = int(input())
find_mirror_position(T)
```
INFO - program_code:
 
def find_mirror_position(T):
    for _ in range(T):
        # Read Kabir's coordinates
        x1, y1 = map(int, input().split())
        # Read Tara's coordinates
        x2, y2 = map(int, input().split())
        
        # Calculate the x-coordinate of the mirror using the derived formula
        x_mirror = (x1 + x2) / 2 - ((y1 - y2) * (x1 - x2)) / (2 * (y1 + y2))
        
        # Print the result with a precision of 2 decimal places
        print(f"{x_mirror:.2f}")

# Read the number of test cases
T = int(input())
find_mirror_position(T)


INFO - program_name:
 find_mirror_position

INFO - dependencies:
 []

INFO - raw_msg:
 1. **Restate the problem in plain English**: 
   The task is to determine the position on the x-axis (the front wall) where a mirror should be placed so that Kabir can see Tara's smile. Given the coordinates of Kabir and Tara, we need to calculate the x-coordinate of the mirror.

2. **Conceptualize a solution first in plain English**: 
   To find the position of the mirror, we can use the concept of reflection. The mirror's position on the x-axis can be calculated using the formula derived from the geometry of the situation. The y-coordinate of the mirror will be zero since it lies on the x-axis. The x-coordinate of the mirror can be found using the formula:
   \[
   x_{mirror} = \frac{x1 + x2}{2} - \frac{(y1 - y2) \cdot (x1 - x2)}{2 \cdot (y1 + y2)}
   \]
   This formula accounts for the angles of view from both Kabir and Tara.

3. **Write a pseudocode solution**:
   ```
   function find_mirror_position(T):
       for each testcase from 1 to T:
           read x1, y1
           read x2, y2
           calculate x_mirror using the formula
           print x_mirror
   ```

4. **Output the final Python 3 solution with your solution steps in comments**:
```python
def find_mirror_position(T):
    for _ in range(T):
        # Read Kabir's coordinates
        x1, y1 = map(int, input().split())
        # Read Tara's coordinates
        x2, y2 = map(int, input().split())
        
        # Calculate the x-coordinate of the mirror using the derived formula
        x_mirror = (x1 + x2) / 2 - ((y1 - y2) * (x1 - x2)) / (2 * (y1 + y2))
        
        # Print the result with a precision of 2 decimal places
        print(f"{x_mirror:.2f}")

# Read the number of test cases
T = int(input())
find_mirror_position(T)
```

INFO - no_parent:
 False

INFO - full code to be executed: 
 
def find_mirror_position(T):
    for _ in range(T):
        # Read Kabir's coordinates
        x1, y1 = map(int, input().split())
        # Read Tara's coordinates
        x2, y2 = map(int, input().split())
        
        # Calculate the x-coordinate of the mirror using the derived formula
        x_mirror = (x1 + x2) / 2 - ((y1 - y2) * (x1 - x2)) / (2 * (y1 + y2))
        
        # Print the result with a precision of 2 decimal places
        print(f"{x_mirror:.2f}")

# Read the number of test cases
T = int(input())
find_mirror_position(T)


INFO - obs: Note: Inputs/outputs here are automatically extracted/truncated so formatting may be a bit off.
Tests passed:

 Input: ['1', '1 1', '4 4'] Output: 1.60

Tests failed:
None
reward: True
done: None
info: {'individual_results': [True]}
INFO - Updated entry: 
[Task]:
    Kabir likes Tara's smile and wants to look at her smile. They are sitting in the class and you are friends with Kabir. You have to place a mirror (point size)  in the front wall of the class so that Kabir can have a glimpse of Tara's smile.
    Consider the front wall as x-axis . You...,

INFO - Metadata: {
    "raw_msg": "1. **Restate the problem in plain English**: \n   The task is to determine the position on the x-axis (the front wall) where a mirror should be placed so that Kabir can see Tara's smile. Given the coordinates of Kabir and Tara, we need to calculate the x-coordinate of the mirror...

INFO - LM call n parse attempt 1 / 3

INFO - [Task id] 903 [prompt] 
You are an expert programmer tasked with solving the problem below.

Follow the user's instructions to solve the problem.
The user can ask for analysis, code, or both.

## Instructions
When asked to output code,
- Make sure to wrap your code in '```python' and '```' Markdown delimiters, 
- include exactly one block of code with the entire solution
- No outside libraries are allowed. 
- Builtins are allowed.
- If the task specifies a function name to be used, follow it strictly (be case sensitive!) and declare the that function last (helper functions are declared first).
- DO NOT write any assert statements / tests.

## Problem
[BEGIN PROBLEM]
Kabir likes Tara's smile and wants to look at her smile. They are sitting in the class and you are friends with Kabir. You have to place a mirror (point size)  in the front wall of the class so that Kabir can have a glimpse of Tara's smile.
Consider the front wall as x-axis . You are given the  coordinates of position of Kabir (x1,y1)$(x1,y1)$ and Tara  (x2,y2)$(x2,y2)$. Find the position where the mirror should be placed. 

-----Input:-----
- First line will contain T$T$, number of testcases. Then the testcases follow. 
- First line of each testcase contains two integers x1,y1$x1, y1$.
- Second line of each testcase contains two integers x2,y2$x2, y2$. 

-----Output:-----
For each testcase, print the x-coordinate of the mirror. Absolute error of 10−2$10^{−2}$ is allowed.

-----Constraints:-----
- 1≤T≤1000$1 \leq T \leq 1000$
- 1≤x1,y1,x2,y2≤105$1 \leq x1,y1,x2,y2 \leq 10^5 $

-----Sample Input:-----
1
1 1

4 4

-----Sample Output:-----
1.60

The output code needs to read from and write to standard IO


[END PROBLEM]

INFO - [Task id] 903 [prompt] 
## Instructions

Reason through the problem and:
1. Restate the problem in plain English
2. Conceptualize a solution first in plain English
3. Write a pseudocode solution
4. Output the final Python 3 solution with your solution steps in comments.

Make sure to wrap your code in '```python' and '```' Markdown delimiters, 
and include exactly one block of code with the entire solution.

No outside libraries are allowed.
Builtins are allowed.

INFO - [Task id] 903 [prompt] 1. **Restate the problem in plain English**: 
   The task is to determine the position on the x-axis (the front wall) where a mirror should be placed so that Kabir can see Tara's smile. Given the coordinates of Kabir and Tara, we need to calculate the x-coordinate of the mirror.

2. **Conceptualize a solution first in plain English**: 
   To find the position of the mirror, we can use the concept of reflection. The mirror's position on the x-axis can be calculated using the formula derived from the geometry of the situation. The y-coordinate of the mirror will be zero since it lies on the x-axis. The x-coordinate of the mirror can be found using the formula:
   \[
   x_{mirror} = \frac{x1 + x2}{2} - \frac{(y1 - y2) \cdot (x1 - x2)}{2 \cdot (y1 + y2)}
   \]
   This formula accounts for the angles of view from both Kabir and Tara.

3. **Write a pseudocode solution**:
   ```
   function find_mirror_position(T):
       for each testcase from 1 to T:
           read x1, y1
           read x2, y2
           calculate x_mirror using the formula
           print x_mirror
   ```

4. **Output the final Python 3 solution with your solution steps in comments**:
```python
def find_mirror_position(T):
    for _ in range(T):
        # Read Kabir's coordinates
        x1, y1 = map(int, input().split())
        # Read Tara's coordinates
        x2, y2 = map(int, input().split())
        
        # Calculate the x-coordinate of the mirror using the derived formula
        x_mirror = (x1 + x2) / 2 - ((y1 - y2) * (x1 - x2)) / (2 * (y1 + y2))
        
        # Print the result with a precision of 2 decimal places
        print(f"{x_mirror:.2f}")

# Read the number of test cases
T = int(input())
find_mirror_position(T)
```
INFO - [Task id] 903 [prompt] 
[Environment Feedback]:
    Note: Inputs/outputs here are automatically extracted/truncated so formatting may be a bit off.
    Tests passed:

     Input: ['1', '1 1', '4 4'] Output: 1.60

    Tests failed:
    None
[/Environment Feedback]

INFO - [Task id] 903 [prompt] 
## Instructions
Now, summarize your attempts as a **standalone** document for your own future reference. (can skip formalities, be concise)

- Only include the most relevant information and code snippets that could be useful in the future.
- If you did not learn much from the current experience (e.g. the problem was too easy), feel free to write less or nothing at all.
- Here are some ideas if the experience was useful:
    - Identifying the core concepts and patterns that problem appears to test for
    - Describing the strategies that seemed to work but did not, and vice versa
    - Describing unexpected errors and how they were fixed

Your summary should be at most a few paragraphs.

INFO - [Task id] 903 [generation text] In this task, the goal was to determine the position of a mirror on the x-axis so that Kabir can see Tara's smile, given their coordinates. The solution involved using a geometric approach to calculate the x-coordinate of the mirror based on the coordinates of Kabir and Tara.

The formula derived for the x-coordinate of the mirror is:
\[
x_{mirror} = \frac{x1 + x2}{2} - \frac{(y1 - y2) \cdot (x1 - x2)}{2 \cdot (y1 + y2)}
\]
This formula effectively accounts for the angles of view from both Kabir and Tara, ensuring that the mirror's position allows for a clear line of sight.

The implementation involved reading multiple test cases, processing the coordinates, and applying the formula to compute the mirror's position. The output was formatted to two decimal places to meet the precision requirement.

The code was straightforward and successfully passed the provided test cases, demonstrating that the approach and formula were correct. No unexpected errors occurred during the implementation, and the solution was efficient enough to handle the upper limits of the input constraints. 

Overall, this experience reinforced the importance of understanding geometric relationships in problems involving reflections and visibility.
INFO - LM call n parse attempt 1 / 3

INFO - [Task id] 903 [prompt] 
You are an expert programmer tasked with solving the problem below.

Follow the user's instructions to solve the problem.
The user can ask for analysis, code, or both.

## Instructions
When asked to output code,
- Make sure to wrap your code in '```python' and '```' Markdown delimiters, 
- include exactly one block of code with the entire solution
- No outside libraries are allowed. 
- Builtins are allowed.
- If the task specifies a function name to be used, follow it strictly (be case sensitive!) and declare the that function last (helper functions are declared first).
- DO NOT write any assert statements / tests.

## Problem
[BEGIN PROBLEM]
Kabir likes Tara's smile and wants to look at her smile. They are sitting in the class and you are friends with Kabir. You have to place a mirror (point size)  in the front wall of the class so that Kabir can have a glimpse of Tara's smile.
Consider the front wall as x-axis . You are given the  coordinates of position of Kabir (x1,y1)$(x1,y1)$ and Tara  (x2,y2)$(x2,y2)$. Find the position where the mirror should be placed. 

-----Input:-----
- First line will contain T$T$, number of testcases. Then the testcases follow. 
- First line of each testcase contains two integers x1,y1$x1, y1$.
- Second line of each testcase contains two integers x2,y2$x2, y2$. 

-----Output:-----
For each testcase, print the x-coordinate of the mirror. Absolute error of 10−2$10^{−2}$ is allowed.

-----Constraints:-----
- 1≤T≤1000$1 \leq T \leq 1000$
- 1≤x1,y1,x2,y2≤105$1 \leq x1,y1,x2,y2 \leq 10^5 $

-----Sample Input:-----
1
1 1

4 4

-----Sample Output:-----
1.60

The output code needs to read from and write to standard IO


[END PROBLEM]

INFO - [Task id] 903 [prompt] 
## Instructions

Reason through the problem and:
1. Restate the problem in plain English
2. Conceptualize a solution first in plain English
3. Write a pseudocode solution
4. Output the final Python 3 solution with your solution steps in comments.

Make sure to wrap your code in '```python' and '```' Markdown delimiters, 
and include exactly one block of code with the entire solution.

No outside libraries are allowed.
Builtins are allowed.

INFO - [Task id] 903 [prompt] 1. **Restate the problem in plain English**: 
   The task is to determine the position on the x-axis (the front wall) where a mirror should be placed so that Kabir can see Tara's smile. Given the coordinates of Kabir and Tara, we need to calculate the x-coordinate of the mirror.

2. **Conceptualize a solution first in plain English**: 
   To find the position of the mirror, we can use the concept of reflection. The mirror's position on the x-axis can be calculated using the formula derived from the geometry of the situation. The y-coordinate of the mirror will be zero since it lies on the x-axis. The x-coordinate of the mirror can be found using the formula:
   \[
   x_{mirror} = \frac{x1 + x2}{2} - \frac{(y1 - y2) \cdot (x1 - x2)}{2 \cdot (y1 + y2)}
   \]
   This formula accounts for the angles of view from both Kabir and Tara.

3. **Write a pseudocode solution**:
   ```
   function find_mirror_position(T):
       for each testcase from 1 to T:
           read x1, y1
           read x2, y2
           calculate x_mirror using the formula
           print x_mirror
   ```

4. **Output the final Python 3 solution with your solution steps in comments**:
```python
def find_mirror_position(T):
    for _ in range(T):
        # Read Kabir's coordinates
        x1, y1 = map(int, input().split())
        # Read Tara's coordinates
        x2, y2 = map(int, input().split())
        
        # Calculate the x-coordinate of the mirror using the derived formula
        x_mirror = (x1 + x2) / 2 - ((y1 - y2) * (x1 - x2)) / (2 * (y1 + y2))
        
        # Print the result with a precision of 2 decimal places
        print(f"{x_mirror:.2f}")

# Read the number of test cases
T = int(input())
find_mirror_position(T)
```
INFO - [Task id] 903 [prompt] 
[Environment Feedback]:
    Note: Inputs/outputs here are automatically extracted/truncated so formatting may be a bit off.
    Tests passed:

     Input: ['1', '1 1', '4 4'] Output: 1.60

    Tests failed:
    None
[/Environment Feedback]

INFO - [Task id] 903 [prompt] 
Below is the official solution (do exercise discretion as official solutions can also have mistakes).

You will be reflecting on your attempts to solve the problem.
This will be a **standalone** document for your own future reference. (can skip formalities, be concise)

## Instructions
- Only include the most relevant insights and code snippets that could be useful in the future.
- If you did not learn much from the current experience (e.g. the problem was too easy / official solution was obvious), feel free to write less or nothing at all.
- Here are some ideas if the experience was useful:
    - If the official solution is insightful (e.g. better than yours in time and space complexity or more effective in breaking down the problem statement), distil the key approach of the official solution, step by step.
    - If your approach failed the test cases, reason why the official solution works but yours does not

Your reflection should be at most a few paragraphs.

## Official solution
# cook your dish here
try:
    t = int(input())
    for _ in range(t):
        p = [int(x) for x in input().split()]
        q = [int(x) for x in input().split()]
        
        q[1] *= -1
        m = (q[1]-p[1])/(q[0]-p[0])
        c = p[1] - m*p[0]
        
        print("{:.2f}".format(-c/m))
except:
    pass

INFO - [Task id] 903 [generation text] The official solution takes a different approach to solve the problem of finding the mirror's position. It uses the concept of line equations to determine the intersection point on the x-axis where the mirror should be placed. 

### Key Insights from the Official Solution:
1. **Input Handling**: The solution reads the number of test cases and the coordinates of Kabir and Tara in a straightforward manner, storing them in lists for easy access.
2. **Reflection Concept**: Instead of directly calculating the mirror's position using a derived formula, the official solution reflects Tara's y-coordinate across the x-axis by multiplying it by -1. This simplifies the problem to finding the intersection of two lines: one from Kabir to the reflected point of Tara.
3. **Line Equation**: The slope (m) of the line connecting Kabir and the reflected Tara is calculated, and then the y-intercept (c) is derived. The x-coordinate of the mirror is found by solving the line equation for y=0 (the x-axis).
4. **Output Formatting**: The result is printed with a precision of two decimal places using Python's string formatting.

### Comparison with My Approach:
- My approach used a direct formula derived from geometric principles, which was correct but less intuitive than the line equation method.
- The official solution's method is more robust as it directly utilizes the properties of lines and reflections, making it easier to understand and implement.
- The official solution also handles potential exceptions, which adds a layer of robustness to the code.

In summary, while my solution was valid, the official solution's use of line equations and reflection provides a clearer and more effective method for solving the problem. This experience highlights the importance of considering different mathematical approaches to a problem, especially in geometry-related tasks.
INFO - Updated entry: In this task, the goal was to determine the position of a mirror on the x-axis so that Kabir can see Tara's smile, given their coordinates. The solution involved using a geometric approach to calculate the x-coordinate of the mirror based on the coordinates of Kabir and Tara.

The formula derived...,

INFO - Metadata: {
    "task_id": 903
}

INFO - Updated entry: The official solution takes a different approach to solve the problem of finding the mirror's position. It uses the concept of line equations to determine the intersection point on the x-axis where the mirror should be placed. 

### Key Insights from the Official Solution:
1. **Input Handling**: ...,

INFO - Metadata: {
    "task_id": 903
}

INFO - LM call n parse attempt 1 / 3

INFO - [Task id] 903 [prompt] 
You are a helpful assistant that writes a description of the given function written in the Python programming language.

1) Do not mention the function name.
2) Do not mention anything about helper functions.
3) There might be some helper functions before the main function, but you only need to describe the main function.
4) Try to summarize the function in no more than 6 sentences.
5) Your response should be a single line of text.

INFO - [Task id] 903 [prompt] 
def find_mirror_position(T):
    for _ in range(T):
        # Read Kabir's coordinates
        x1, y1 = map(int, input().split())
        # Read Tara's coordinates
        x2, y2 = map(int, input().split())
        
        # Calculate the x-coordinate of the mirror using the derived formula
        x_mirror = (x1 + x2) / 2 - ((y1 - y2) * (x1 - x2)) / (2 * (y1 + y2))
        
        # Print the result with a precision of 2 decimal places
        print(f"{x_mirror:.2f}")

# Read the number of test cases
T = int(input())
find_mirror_position(T)


The main function is `find_mirror_position`.
INFO - [Task id] 903 [generation text] The function processes a specified number of test cases to calculate the x-coordinate of a mirror position based on the coordinates of two individuals, Kabir and Tara. For each test case, it reads the coordinates of both individuals, applies a mathematical formula to determine the mirror's x-coordinate, and then outputs the result formatted to two decimal places. The calculation involves averaging the x-coordinates and adjusting based on the difference in their y-coordinates. The results are printed immediately after computation for each test case. This function effectively demonstrates the application of geometry in determining reflective positions. It handles multiple test cases in a single execution.
INFO - LM call n parse attempt 1 / 3

INFO - [Task id] 903 [prompt] 
You are a helpful assistant that extracts important information from problems and solutions to aid in searchability and education.

## Instructions
- Read through the problem and solution carefully.
- Reason out, step by step, in what scenarios this knowledge would be useful.
- Focus on general patterns and situations to help connect this knowledge to new situations.
- Then, include a list of keywords that are useful for searching this problem/solution pair.

## Response format
Respond in JSON, and follow the keys and expected format of the values strictly.

The output should be formatted as a JSON instance that conforms to the JSON schema below.

As an example, for the schema {"properties": {"foo": {"title": "Foo", "description": "a list of strings", "type": "array", "items": {"type": "string"}}}, "required": ["foo"]}
the object {"foo": ["bar", "baz"]} is a well-formatted instance of the schema. The object {"properties": {"foo": ["bar", "baz"]}} is not well-formatted.

Here is the output schema:
```
{"properties": {"scenarios": {"description": "In what scenarios will this knowledge be useful? Answer in a paragraph.", "title": "Scenarios", "type": "string"}, "keywords": {"description": "List of keywords that are useful for searching this problem/solution pair", "items": {"type": "string"}, "title": "Keywords", "type": "array"}}, "required": ["scenarios", "keywords"]}
```

INFO - [Task id] 903 [prompt] 
[Problem]
    Kabir likes Tara's smile and wants to look at her smile. They are sitting in the class and you are friends with Kabir. You have to place a mirror (point size)  in the front wall of the class so that Kabir can have a glimpse of Tara's smile.
    Consider the front wall as x-axis . You are given the  coordinates of position of Kabir (x1,y1)$(x1,y1)$ and Tara  (x2,y2)$(x2,y2)$. Find the position where the mirror should be placed. 

    -----Input:-----
    - First line will contain T$T$, number of testcases. Then the testcases follow. 
    - First line of each testcase contains two integers x1,y1$x1, y1$.
    - Second line of each testcase contains two integers x2,y2$x2, y2$. 

    -----Output:-----
    For each testcase, print the x-coordinate of the mirror. Absolute error of 10−2$10^{−2}$ is allowed.

    -----Constraints:-----
    - 1≤T≤1000$1 \leq T \leq 1000$
    - 1≤x1,y1,x2,y2≤105$1 \leq x1,y1,x2,y2 \leq 10^5 $

    -----Sample Input:-----
    1
    1 1

    4 4

    -----Sample Output:-----
    1.60
[/Problem]

[Solution]

    def find_mirror_position(T):
        for _ in range(T):
            # Read Kabir's coordinates
            x1, y1 = map(int, input().split())
            # Read Tara's coordinates
            x2, y2 = map(int, input().split())
        
            # Calculate the x-coordinate of the mirror using the derived formula
            x_mirror = (x1 + x2) / 2 - ((y1 - y2) * (x1 - x2)) / (2 * (y1 + y2))
        
            # Print the result with a precision of 2 decimal places
            print(f"{x_mirror:.2f}")

    # Read the number of test cases
    T = int(input())
    find_mirror_position(T)

[/Solution]

INFO - [Task id] 903 [generation text] 
INFO - {
    "scenarios": "This knowledge is useful in scenarios involving geometry and optics, particularly in situations where reflections are involved. For example, it can be applied in designing classrooms, auditoriums, or any space where visibility is crucial. It can also be relevant in computer graphics for rendering reflections or in robotics for navigation where line-of-sight is important. Additionally, this knowledge can help in solving similar problems in competitive programming or mathematical modeling where coordinates and reflections are involved.",
    "keywords": [
        "mirror placement",
        "reflection",
        "geometry",
        "coordinates",
        "optics",
        "competitive programming",
        "mathematical modeling",
        "classroom design"
    ]
}
INFO - {
    "scenarios": "This knowledge is useful in scenarios involving geometry and optics, particularly in situations where reflections are involved. For example, it can be applied in designing classrooms, auditoriums, or any space where visibility is crucial. It can also be relevant in computer graphics for rendering reflections or in robotics for navigation where line-of-sight is important. Additionally, this knowledge can help in solving similar problems in competitive programming or mathematical modeling where coordinates and reflections are involved.",
    "keywords": [
        "mirror placement",
        "reflection",
        "geometry",
        "coordinates",
        "optics",
        "competitive programming",
        "mathematical modeling",
        "classroom design"
    ]
}
INFO - Updated entry: 
[description for function: find_mirror_position]
The function processes a specified number of test cases to calculate the x-coordinate of a mirror position based on the coordinates of two individuals, Kabir and Tara. For each test case, it reads the coordinates of both individuals, applies a mat...,

INFO - Metadata: {
    "task": 903,
    "code": "\ndef find_mirror_position(T):\n    for _ in range(T):\n        # Read Kabir's coordinates\n        x1, y1 = map(int, input().split())\n        # Read Tara's coordinates\n        x2, y2 = map(int, input().split())\n        \n        # Calculate the x-coordinate of ...

