INFO - DB skill doc count: 1

INFO - DB non_func doc count: 67

INFO - DB semantic doc count: 429

INFO - DB summaries doc count: 85

INFO - DB reflections doc count: 85

INFO - DB episodic doc count: 151

INFO - [train iter]: 85/100 

INFO - The task prompt is You are given a sequence $A_1, A_2, \ldots, A_N$. Calculate the number of ways to remove a non-empty contiguous subsequence from it such that the resulting sequence is non-empty and strictly increasing.

-----Input-----
- The first line of the input contains a single integer $T$ denoting the numb...

INFO - Attempting task_id 1341
INFO - LM call n parse attempt 1 / 3

INFO - [Task id] 1341 [prompt] 
You are an expert programmer tasked with solving the problem below.

Follow the user's instructions to solve the problem.
The user can ask for analysis, code, or both.

## Instructions
When asked to output code,
- Make sure to wrap your code in '```python' and '```' Markdown delimiters, 
- include exactly one block of code with the entire solution
- No outside libraries are allowed. 
- Builtins are allowed.
- If the task specifies a function name to be used, follow it strictly (be case sensitive!) and declare the that function last (helper functions are declared first).
- DO NOT write any assert statements / tests.

## Problem
[BEGIN PROBLEM]
You are given a sequence $A_1, A_2, \ldots, A_N$. Calculate the number of ways to remove a non-empty contiguous subsequence from it such that the resulting sequence is non-empty and strictly increasing.

-----Input-----
- The first line of the input contains a single integer $T$ denoting the number of test cases. The description of $T$ test cases follows.
- The first line of each test case contains a single integer $N$.
- The second line contains $N$ space-separated integers $A_1, A_2, \ldots, A_N$.

-----Output-----
For each test case, print a single line containing one integer ― the number of ways.

-----Constraints-----
- $1 \le T \le 10$
- $1 \le N \le 10^5$
- $|A_i| \le 10^9$ for each valid $i$

-----Subtasks-----
Subtask #1 (40 points): $N \le 1,000$
Subtask #2 (60 points): original constraints

-----Example Input-----
2
3
1 1 2
4
2 4 3 5

-----Example Output-----
4
7

The output code needs to read from and write to standard IO


[END PROBLEM]

INFO - [Task id] 1341 [prompt] 
## Instructions

Reason through the problem and:
1. Restate the problem in plain English
2. Conceptualize a solution first in plain English
3. Write a pseudocode solution
4. Output the final Python 3 solution with your solution steps in comments.

Make sure to wrap your code in '```python' and '```' Markdown delimiters, 
and include exactly one block of code with the entire solution.

No outside libraries are allowed.
Builtins are allowed.

INFO - [Task id] 1341 [generation text] 1. **Restate the problem in plain English:**
   We need to determine how many ways we can remove a contiguous subsequence from a given sequence of integers such that the remaining sequence is non-empty and strictly increasing. We will do this for multiple test cases.

2. **Conceptualize a solution first in plain English:**
   To solve this problem, we can follow these steps:
   - For each test case, we will first identify the longest strictly increasing subsequence that can be formed from the original sequence.
   - We will then calculate the number of ways to remove contiguous subsequences that do not disrupt the strictly increasing property of the remaining elements.
   - We can achieve this by iterating through the sequence and keeping track of the lengths of increasing segments. For each segment, we can calculate the number of valid removals based on the lengths of the segments before and after it.

3. **Write a pseudocode solution:**
   ```
   function count_ways_to_remove_subsequence(test_cases):
       for each test_case in test_cases:
           read N
           read sequence A
           initialize count = 0
           initialize increasing_segments = []
           current_length = 1
           
           for i from 1 to N-1:
               if A[i] > A[i-1]:
                   current_length += 1
               else:
                   if current_length > 0:
                       increasing_segments.append(current_length)
                   current_length = 1
           
           if current_length > 0:
               increasing_segments.append(current_length)
           
           total_length = sum(increasing_segments)
           for length in increasing_segments:
               count += (total_length - length) * length
           
           print(count)
   ```

4. **Output the final Python 3 solution with your solution steps in comments:**
```python
def count_ways_to_remove_subsequence(test_cases):
    for case in test_cases:
        N = case[0]  # Read the size of the sequence
        A = case[1]  # Read the sequence itself
        count = 0  # Initialize the count of valid removals
        increasing_segments = []  # To store lengths of increasing segments
        current_length = 1  # Start with the first element
        
        # Iterate through the sequence to find increasing segments
        for i in range(1, N):
            if A[i] > A[i - 1]:  # If the current element is greater than the previous
                current_length += 1  # Increase the length of the current segment
            else:
                if current_length > 0:  # If we have a valid segment
                    increasing_segments.append(current_length)  # Store its length
                current_length = 1  # Reset for the next segment
        
        # Don't forget to add the last segment if it exists
        if current_length > 0:
            increasing_segments.append(current_length)
        
        total_length = sum(increasing_segments)  # Total length of all segments
        
        # Calculate the number of ways to remove contiguous subsequences
        for length in increasing_segments:
            count += (total_length - length) * length  # Count valid removals
        
        print(count)  # Output the result for the current test case

# Read input and prepare test cases
T = int(input())
test_cases = []
for _ in range(T):
    N = int(input())
    A = list(map(int, input().split()))
    test_cases.append((N, A))

# Call the function with the prepared test cases
count_ways_to_remove_subsequence(test_cases)
```
INFO - [35m Rollout attempt 1/4[0m
INFO - [33m Retrieving 2 entries for db: episodic 
 [0m
INFO - Retrieved (score=0.3124):

[Task]:
    Let's call a sequence good if the sum of all its elements is $0$.
    You have a sequence of integers $A_1, A_2, \ldots, A_N$. You may perform any number of operations on this sequence (including zero). In one operation, you should choose a valid index $i$ and decrease $A_i$ by $i$. ...


INFO - Retrieved (score=0.3175):

[Task]:
    Let's call a sequence good if the sum of all its elements is $0$.
    You have a sequence of integers $A_1, A_2, \ldots, A_N$. You may perform any number of operations on this sequence (including zero). In one operation, you should choose a valid index $i$ and decrease $A_i$ by $i$. ...


INFO - [33m Retrieving 2 entries for db: semantic 
 [0m
INFO - Retrieved (score=0.4467):
Title: Continued fractions
Part: 4/12
```

!!! example "[GCJ 2019, Round 2 - New Elements: Part 2](https://codingcompetitions.withgoogle.com/codejam/round/0000000000051679/0000000000146184)"
    You're given $N$ positive integer pairs $(C_i, J_i)$. You need to find a positive integer pair $(x, y)...


INFO - Retrieved (score=0.4599):
Title: Continued fractions
Part: 11/12
```
    === "Python"
        ```py
        # returns [ah, ph, qh] such that points r[i]=(ph[i], qh[i]) constitute upper convex hull
        # of lattice points on 0 <= x <= N and 0 <= y <= r * x, where r = [a0; a1, a2, ...]
        # and there are ah[i]-1 in...


INFO - [33m Retrieving 2 entries for db: reflections 
 [0m
INFO - Retrieved (score=0.3789):
The official solution is concise and effectively addresses the problem with minimal complexity. It follows a straightforward approach that can be distilled into a few key steps:

1. **Input Handling**: It reads the number of test cases and for each test case, it retrieves the values of N (number ...


INFO - Retrieved (score=0.3814):
The official solution employs a trie-like structure to efficiently count exterminable subarrays, which is a more sophisticated approach than the straightforward two-pointer method I initially used. Here are the key insights from the official solution:

1. **Trie Structure**: The solution uses a s...


INFO - [33m Retrieving 2 entries for db: summaries 
 [0m
INFO - Retrieved (score=0.2598):
In this problem, the goal was to determine if a sequence of integers could be modified to have a sum of zero by decreasing each element `A[i]` by its index `i` any number of times. The key concepts involved were understanding the operations allowed and calculating the total sum of the sequence an...


INFO - Retrieved (score=0.2779):
In this task, I was required to help Chef determine the maximum number of Division-3 contests he could host given the number of problems created by his setters, the number of problems required for each contest, and the number of days available. The core concepts involved were basic arithmetic ope...


INFO - [33m Retrieving 1 entries for db: skill 
 [0m
INFO - Retrieved (score=0.5938):

[description for function: count_col_triang]
This function organizes a list of points by their colors and calculates the number of non-collinear triangles that can be formed from points of the same color. It first groups the points based on their color and initializes counters for the total numb...


INFO - [33m Retrieving 2 entries for db: non_func 
 [0m
INFO - Retrieved (score=0.4198):

[description for function: can_make_good_sequence]
The function processes multiple test cases to determine if the sum of a sequence of integers can be reduced to zero. For each test case, it calculates the total sum of the sequence and the maximum possible reduction based on the sequence's size....


INFO - Retrieved (score=0.4266):

[description for function: main]
This function reads multiple queries from standard input, where each query consists of an integer representing the length of an array followed by the array elements themselves. It processes each query to count the number of exterminable subarrays in the given arr...


INFO - Retrieved (score=0.2598): 
[Summary]:
    In this problem, the goal was to determine if a sequence of integers could be modified to have a sum of zero by decreasing each element `A[i]` by its index `i` any number of times. The key concepts involved were understanding the operations allowed and calculating the total sum of...
INFO - Retrieved (score=0.2779): 
[Summary]:
    In this task, I was required to help Chef determine the maximum number of Division-3 contests he could host given the number of problems created by his setters, the number of problems required for each contest, and the number of days available. The core concepts involved were basi...
INFO - LM call n parse attempt 1 / 3

INFO - [Task id] 1341 [prompt] 
You are an expert programmer tasked with solving the problem below.

Follow the user's instructions to solve the problem.
The user can ask for analysis, code, or both.

## Instructions
When asked to output code,
- Make sure to wrap your code in '```python' and '```' Markdown delimiters, 
- include exactly one block of code with the entire solution
- No outside libraries are allowed. 
- Builtins are allowed.
- If the task specifies a function name to be used, follow it strictly (be case sensitive!) and declare the that function last (helper functions are declared first).
- DO NOT write any assert statements / tests.

## Problem
[BEGIN PROBLEM]
You are given a sequence $A_1, A_2, \ldots, A_N$. Calculate the number of ways to remove a non-empty contiguous subsequence from it such that the resulting sequence is non-empty and strictly increasing.

-----Input-----
- The first line of the input contains a single integer $T$ denoting the number of test cases. The description of $T$ test cases follows.
- The first line of each test case contains a single integer $N$.
- The second line contains $N$ space-separated integers $A_1, A_2, \ldots, A_N$.

-----Output-----
For each test case, print a single line containing one integer ― the number of ways.

-----Constraints-----
- $1 \le T \le 10$
- $1 \le N \le 10^5$
- $|A_i| \le 10^9$ for each valid $i$

-----Subtasks-----
Subtask #1 (40 points): $N \le 1,000$
Subtask #2 (60 points): original constraints

-----Example Input-----
2
3
1 1 2
4
2 4 3 5

-----Example Output-----
4
7

The output code needs to read from and write to standard IO


[END PROBLEM]

INFO - [Task id] 1341 [prompt] 
## Instructions

Reason through the problem and:
1. Restate the problem in plain English
2. Conceptualize a solution first in plain English
3. Write a pseudocode solution
4. Output the final Python 3 solution with your solution steps in comments.

Make sure to wrap your code in '```python' and '```' Markdown delimiters, 
and include exactly one block of code with the entire solution.

No outside libraries are allowed.
Builtins are allowed.

INFO - [Task id] 1341 [prompt] 
Also, here are some of your memories.
Feel free to use the given information to aid your problem solving process if necessary.
Do not confuse the memories with the problem statement.

## Memories

[Summary]:
    In this problem, the goal was to determine if a sequence of integers could be modified to have a sum of zero by decreasing each element `A[i]` by its index `i` any number of times. The key concepts involved were understanding the operations allowed and calculating the total sum of the sequence and the maximum possible reduction.

    Initially, the logic incorrectly assumed that if the total sum was less than or equal to the maximum reduction, it would always be possible to make the sequence good. This led to incorrect outputs, especially when the total sum was negative. The correct approach involved checking if the total sum was negative (in which case it was impossible to make it zero) and ensuring that if the total sum was positive, it could be reduced to zero using the maximum reduction available.

    The final solution correctly implemented these checks:

    ```python
    def can_make_good_sequence(T, test_cases):
        for case in test_cases:
            N = case[0]
            A = case[1]
            total_sum = sum(A)
            max_reduction = sum(i for i in range(1, N + 1))
        
            if total_sum < 0:
                print("NO")
            elif total_sum <= max_reduction:
                print("YES")
            else:
                print("NO")
    ```

    This experience highlighted the importance of carefully considering edge cases and the implications of the operations allowed on the sequence. The final solution passed all test cases, confirming the correctness of the logic.
[/Summary]


[Summary]:
    In this task, I was required to help Chef determine the maximum number of Division-3 contests he could host given the number of problems created by his setters, the number of problems required for each contest, and the number of days available. The core concepts involved were basic arithmetic operations, specifically summing a list of integers and performing integer division.

    The solution involved reading multiple test cases, calculating the total number of problems, determining how many contests could be formed, and then comparing that with the number of days available to find the maximum contests Chef could host. The approach was straightforward and efficient, leveraging Python's built-in functions for summation and list handling.

    The final implementation successfully passed all test cases, demonstrating that the logic was sound. The code was structured to first read input values, process each test case, and then output the results. Key strategies included using integer division to determine the number of contests and the `min` function to ensure the result did not exceed the available days. Overall, the experience reinforced the importance of clear problem breakdown and efficient use of built-in functions in Python. 

    Here’s the final code snippet for reference:

    ```python
    def max_division_3_contests(T, test_cases):
        for case in test_cases:
            N, K, D = case[0], case[1], case[2]
            A = case[3]
            total_problems = sum(A)
            contests_possible = total_problems // K
            max_contests = min(contests_possible, D)
            print(max_contests)

    T = int(input())
    test_cases = []
    for _ in range(T):
        N, K, D = map(int, input().split())
        A = list(map(int, input().split()))
        test_cases.append((N, K, D, A))

    max_division_3_contests(T, test_cases)
    ```
[/Summary]


INFO - [Task id] 1341 [generation text] 1. **Restate the problem in plain English**:
   The task is to find out how many ways we can remove a contiguous subsequence from a given sequence of integers such that the remaining sequence is non-empty and strictly increasing. We need to do this for multiple test cases.

2. **Conceptualize a solution first in plain English**:
   To solve this problem, we can iterate through the sequence and identify all possible contiguous subsequences that can be removed. For each possible removal, we will check if the remaining sequence is strictly increasing. A sequence is strictly increasing if each element is less than the next one. We will count all valid removals and return that count for each test case.

3. **Write a pseudocode solution**:
   ```
   function count_ways_to_remove_subsequence(T, test_cases):
       for each test_case in test_cases:
           read N and the sequence A
           initialize count to 0
           for start_index from 0 to N-1:
               for end_index from start_index to N-1:
                   create a new sequence by removing A[start_index:end_index+1]
                   check if the new sequence is strictly increasing
                   if it is, increment count
           print count
   ```

4. **Output the final Python 3 solution with your solution steps in comments**:
```python
def is_strictly_increasing(seq):
    # Check if the sequence is strictly increasing
    for i in range(len(seq) - 1):
        if seq[i] >= seq[i + 1]:
            return False
    return True

def count_ways_to_remove_subsequence(T, test_cases):
    for case in test_cases:
        N = case[0]
        A = case[1]
        count = 0
        
        # Iterate over all possible contiguous subsequences to remove
        for start_index in range(N):
            for end_index in range(start_index, N):
                # Create the new sequence after removal
                new_sequence = A[:start_index] + A[end_index + 1:]
                
                # Check if the new sequence is strictly increasing
                if new_sequence and is_strictly_increasing(new_sequence):
                    count += 1
        
        # Print the count of valid removals for the current test case
        print(count)

# Read input
T = int(input())
test_cases = []
for _ in range(T):
    N = int(input())
    A = list(map(int, input().split()))
    test_cases.append((N, A))

# Call the function with the input data
count_ways_to_remove_subsequence(T, test_cases)
```
INFO - program_code:
 
def is_strictly_increasing(seq):
    # Check if the sequence is strictly increasing
    for i in range(len(seq) - 1):
        if seq[i] >= seq[i + 1]:
            return False
    return True

def count_ways_to_remove_subsequence(T, test_cases):
    for case in test_cases:
        N = case[0]
        A = case[1]
        count = 0
        
        # Iterate over all possible contiguous subsequences to remove
        for start_index in range(N):
            for end_index in range(start_index, N):
                # Create the new sequence after removal
                new_sequence = A[:start_index] + A[end_index + 1:]
                
                # Check if the new sequence is strictly increasing
                if new_sequence and is_strictly_increasing(new_sequence):
                    count += 1
        
        # Print the count of valid removals for the current test case
        print(count)

# Read input
T = int(input())
test_cases = []
for _ in range(T):
    N = int(input())
    A = list(map(int, input().split()))
    test_cases.append((N, A))

# Call the function with the input data
count_ways_to_remove_subsequence(T, test_cases)


INFO - program_name:
 count_ways_to_remove_subsequence

INFO - dependencies:
 []

INFO - raw_msg:
 1. **Restate the problem in plain English**:
   The task is to find out how many ways we can remove a contiguous subsequence from a given sequence of integers such that the remaining sequence is non-empty and strictly increasing. We need to do this for multiple test cases.

2. **Conceptualize a solution first in plain English**:
   To solve this problem, we can iterate through the sequence and identify all possible contiguous subsequences that can be removed. For each possible removal, we will check if the remaining sequence is strictly increasing. A sequence is strictly increasing if each element is less than the next one. We will count all valid removals and return that count for each test case.

3. **Write a pseudocode solution**:
   ```
   function count_ways_to_remove_subsequence(T, test_cases):
       for each test_case in test_cases:
           read N and the sequence A
           initialize count to 0
           for start_index from 0 to N-1:
               for end_index from start_index to N-1:
                   create a new sequence by removing A[start_index:end_index+1]
                   check if the new sequence is strictly increasing
                   if it is, increment count
           print count
   ```

4. **Output the final Python 3 solution with your solution steps in comments**:
```python
def is_strictly_increasing(seq):
    # Check if the sequence is strictly increasing
    for i in range(len(seq) - 1):
        if seq[i] >= seq[i + 1]:
            return False
    return True

def count_ways_to_remove_subsequence(T, test_cases):
    for case in test_cases:
        N = case[0]
        A = case[1]
        count = 0
        
        # Iterate over all possible contiguous subsequences to remove
        for start_index in range(N):
            for end_index in range(start_index, N):
                # Create the new sequence after removal
                new_sequence = A[:start_index] + A[end_index + 1:]
                
                # Check if the new sequence is strictly increasing
                if new_sequence and is_strictly_increasing(new_sequence):
                    count += 1
        
        # Print the count of valid removals for the current test case
        print(count)

# Read input
T = int(input())
test_cases = []
for _ in range(T):
    N = int(input())
    A = list(map(int, input().split()))
    test_cases.append((N, A))

# Call the function with the input data
count_ways_to_remove_subsequence(T, test_cases)
```

INFO - no_parent:
 False

INFO - full code to be executed: 
 
def is_strictly_increasing(seq):
    # Check if the sequence is strictly increasing
    for i in range(len(seq) - 1):
        if seq[i] >= seq[i + 1]:
            return False
    return True

def count_ways_to_remove_subsequence(T, test_cases):
    for case in test_cases:
        N = case[0]
        A = case[1]
        count = 0
        
        # Iterate over all possible contiguous subsequences to remove
        for start_index in range(N):
            for end_index in range(start_index, N):
                # Create the new sequence after removal
                new_sequence = A[:start_index] + A[end_index + 1:]
                
                # Check if the new sequence is strictly increasing
                if new_sequence and is_strictly_increasing(new_sequence):
                    count += 1
        
        # Print the count of valid removals for the current test case
        print(count)

# Read input
T = int(input())
test_cases = []
for _ in range(T):
    N = int(input())
    A = list(map(int, input().split()))
    test_cases.append((N, A))

# Call the function with the input data
count_ways_to_remove_subsequence(T, test_cases)


INFO - obs: Note: Inputs/outputs here are automatically extracted/truncated so formatting may be a bit off.
Tests passed:

 Input: ['2', '3', '1 1 2', '4', '2 4 3 5'] Output: 4
7

Tests failed:
None
reward: True
done: None
info: {'individual_results': [True]}
INFO - Updated entry: 
[Task]:
    You are given a sequence $A_1, A_2, \ldots, A_N$. Calculate the number of ways to remove a non-empty contiguous subsequence from it such that the resulting sequence is non-empty and strictly increasing.

    -----Input-----
    - The first line of the input contains a single integer ...,

INFO - Metadata: {
    "raw_msg": "1. **Restate the problem in plain English**:\n   The task is to find out how many ways we can remove a contiguous subsequence from a given sequence of integers such that the remaining sequence is non-empty and strictly increasing. We need to do this for multiple test cases.\n\n2...

INFO - LM call n parse attempt 1 / 3

INFO - [Task id] 1341 [prompt] 
You are an expert programmer tasked with solving the problem below.

Follow the user's instructions to solve the problem.
The user can ask for analysis, code, or both.

## Instructions
When asked to output code,
- Make sure to wrap your code in '```python' and '```' Markdown delimiters, 
- include exactly one block of code with the entire solution
- No outside libraries are allowed. 
- Builtins are allowed.
- If the task specifies a function name to be used, follow it strictly (be case sensitive!) and declare the that function last (helper functions are declared first).
- DO NOT write any assert statements / tests.

## Problem
[BEGIN PROBLEM]
You are given a sequence $A_1, A_2, \ldots, A_N$. Calculate the number of ways to remove a non-empty contiguous subsequence from it such that the resulting sequence is non-empty and strictly increasing.

-----Input-----
- The first line of the input contains a single integer $T$ denoting the number of test cases. The description of $T$ test cases follows.
- The first line of each test case contains a single integer $N$.
- The second line contains $N$ space-separated integers $A_1, A_2, \ldots, A_N$.

-----Output-----
For each test case, print a single line containing one integer ― the number of ways.

-----Constraints-----
- $1 \le T \le 10$
- $1 \le N \le 10^5$
- $|A_i| \le 10^9$ for each valid $i$

-----Subtasks-----
Subtask #1 (40 points): $N \le 1,000$
Subtask #2 (60 points): original constraints

-----Example Input-----
2
3
1 1 2
4
2 4 3 5

-----Example Output-----
4
7

The output code needs to read from and write to standard IO


[END PROBLEM]

INFO - [Task id] 1341 [prompt] 
## Instructions

Reason through the problem and:
1. Restate the problem in plain English
2. Conceptualize a solution first in plain English
3. Write a pseudocode solution
4. Output the final Python 3 solution with your solution steps in comments.

Make sure to wrap your code in '```python' and '```' Markdown delimiters, 
and include exactly one block of code with the entire solution.

No outside libraries are allowed.
Builtins are allowed.

INFO - [Task id] 1341 [prompt] 1. **Restate the problem in plain English**:
   The task is to find out how many ways we can remove a contiguous subsequence from a given sequence of integers such that the remaining sequence is non-empty and strictly increasing. We need to do this for multiple test cases.

2. **Conceptualize a solution first in plain English**:
   To solve this problem, we can iterate through the sequence and identify all possible contiguous subsequences that can be removed. For each possible removal, we will check if the remaining sequence is strictly increasing. A sequence is strictly increasing if each element is less than the next one. We will count all valid removals and return that count for each test case.

3. **Write a pseudocode solution**:
   ```
   function count_ways_to_remove_subsequence(T, test_cases):
       for each test_case in test_cases:
           read N and the sequence A
           initialize count to 0
           for start_index from 0 to N-1:
               for end_index from start_index to N-1:
                   create a new sequence by removing A[start_index:end_index+1]
                   check if the new sequence is strictly increasing
                   if it is, increment count
           print count
   ```

4. **Output the final Python 3 solution with your solution steps in comments**:
```python
def is_strictly_increasing(seq):
    # Check if the sequence is strictly increasing
    for i in range(len(seq) - 1):
        if seq[i] >= seq[i + 1]:
            return False
    return True

def count_ways_to_remove_subsequence(T, test_cases):
    for case in test_cases:
        N = case[0]
        A = case[1]
        count = 0
        
        # Iterate over all possible contiguous subsequences to remove
        for start_index in range(N):
            for end_index in range(start_index, N):
                # Create the new sequence after removal
                new_sequence = A[:start_index] + A[end_index + 1:]
                
                # Check if the new sequence is strictly increasing
                if new_sequence and is_strictly_increasing(new_sequence):
                    count += 1
        
        # Print the count of valid removals for the current test case
        print(count)

# Read input
T = int(input())
test_cases = []
for _ in range(T):
    N = int(input())
    A = list(map(int, input().split()))
    test_cases.append((N, A))

# Call the function with the input data
count_ways_to_remove_subsequence(T, test_cases)
```
INFO - [Task id] 1341 [prompt] 
[Environment Feedback]:
    Note: Inputs/outputs here are automatically extracted/truncated so formatting may be a bit off.
    Tests passed:

     Input: ['2', '3', '1 1 2', '4', '2 4 3 5'] Output: 4
    7

    Tests failed:
    None
[/Environment Feedback]

INFO - [Task id] 1341 [prompt] 
## Instructions
Now, summarize your attempts as a **standalone** document for your own future reference. (can skip formalities, be concise)

- Only include the most relevant information and code snippets that could be useful in the future.
- If you did not learn much from the current experience (e.g. the problem was too easy), feel free to write less or nothing at all.
- Here are some ideas if the experience was useful:
    - Identifying the core concepts and patterns that problem appears to test for
    - Describing the strategies that seemed to work but did not, and vice versa
    - Describing unexpected errors and how they were fixed

Your summary should be at most a few paragraphs.

INFO - [Task id] 1341 [generation text] In this task, the goal was to determine the number of ways to remove a contiguous subsequence from a given sequence of integers such that the remaining sequence is non-empty and strictly increasing. The approach involved iterating through all possible contiguous subsequences, removing them, and checking if the resulting sequence was strictly increasing.

The core concept tested here was the ability to manipulate sequences and check for strict ordering. The solution required nested loops to explore all possible subsequences, which could lead to inefficiencies, especially with larger input sizes (up to 100,000 elements). The helper function `is_strictly_increasing` was used to validate the remaining sequence after each removal.

The final implementation successfully handled the input and output requirements, and the logic was sound, as it passed the provided test cases. However, the approach could be optimized further to handle larger datasets more efficiently, potentially by using a more sophisticated method to track increasing sequences rather than checking each possible removal explicitly. 

Overall, the experience reinforced the importance of understanding sequence manipulation and the implications of nested loops on performance.
INFO - LM call n parse attempt 1 / 3

INFO - [Task id] 1341 [prompt] 
You are an expert programmer tasked with solving the problem below.

Follow the user's instructions to solve the problem.
The user can ask for analysis, code, or both.

## Instructions
When asked to output code,
- Make sure to wrap your code in '```python' and '```' Markdown delimiters, 
- include exactly one block of code with the entire solution
- No outside libraries are allowed. 
- Builtins are allowed.
- If the task specifies a function name to be used, follow it strictly (be case sensitive!) and declare the that function last (helper functions are declared first).
- DO NOT write any assert statements / tests.

## Problem
[BEGIN PROBLEM]
You are given a sequence $A_1, A_2, \ldots, A_N$. Calculate the number of ways to remove a non-empty contiguous subsequence from it such that the resulting sequence is non-empty and strictly increasing.

-----Input-----
- The first line of the input contains a single integer $T$ denoting the number of test cases. The description of $T$ test cases follows.
- The first line of each test case contains a single integer $N$.
- The second line contains $N$ space-separated integers $A_1, A_2, \ldots, A_N$.

-----Output-----
For each test case, print a single line containing one integer ― the number of ways.

-----Constraints-----
- $1 \le T \le 10$
- $1 \le N \le 10^5$
- $|A_i| \le 10^9$ for each valid $i$

-----Subtasks-----
Subtask #1 (40 points): $N \le 1,000$
Subtask #2 (60 points): original constraints

-----Example Input-----
2
3
1 1 2
4
2 4 3 5

-----Example Output-----
4
7

The output code needs to read from and write to standard IO


[END PROBLEM]

INFO - [Task id] 1341 [prompt] 
## Instructions

Reason through the problem and:
1. Restate the problem in plain English
2. Conceptualize a solution first in plain English
3. Write a pseudocode solution
4. Output the final Python 3 solution with your solution steps in comments.

Make sure to wrap your code in '```python' and '```' Markdown delimiters, 
and include exactly one block of code with the entire solution.

No outside libraries are allowed.
Builtins are allowed.

INFO - [Task id] 1341 [prompt] 1. **Restate the problem in plain English**:
   The task is to find out how many ways we can remove a contiguous subsequence from a given sequence of integers such that the remaining sequence is non-empty and strictly increasing. We need to do this for multiple test cases.

2. **Conceptualize a solution first in plain English**:
   To solve this problem, we can iterate through the sequence and identify all possible contiguous subsequences that can be removed. For each possible removal, we will check if the remaining sequence is strictly increasing. A sequence is strictly increasing if each element is less than the next one. We will count all valid removals and return that count for each test case.

3. **Write a pseudocode solution**:
   ```
   function count_ways_to_remove_subsequence(T, test_cases):
       for each test_case in test_cases:
           read N and the sequence A
           initialize count to 0
           for start_index from 0 to N-1:
               for end_index from start_index to N-1:
                   create a new sequence by removing A[start_index:end_index+1]
                   check if the new sequence is strictly increasing
                   if it is, increment count
           print count
   ```

4. **Output the final Python 3 solution with your solution steps in comments**:
```python
def is_strictly_increasing(seq):
    # Check if the sequence is strictly increasing
    for i in range(len(seq) - 1):
        if seq[i] >= seq[i + 1]:
            return False
    return True

def count_ways_to_remove_subsequence(T, test_cases):
    for case in test_cases:
        N = case[0]
        A = case[1]
        count = 0
        
        # Iterate over all possible contiguous subsequences to remove
        for start_index in range(N):
            for end_index in range(start_index, N):
                # Create the new sequence after removal
                new_sequence = A[:start_index] + A[end_index + 1:]
                
                # Check if the new sequence is strictly increasing
                if new_sequence and is_strictly_increasing(new_sequence):
                    count += 1
        
        # Print the count of valid removals for the current test case
        print(count)

# Read input
T = int(input())
test_cases = []
for _ in range(T):
    N = int(input())
    A = list(map(int, input().split()))
    test_cases.append((N, A))

# Call the function with the input data
count_ways_to_remove_subsequence(T, test_cases)
```
INFO - [Task id] 1341 [prompt] 
[Environment Feedback]:
    Note: Inputs/outputs here are automatically extracted/truncated so formatting may be a bit off.
    Tests passed:

     Input: ['2', '3', '1 1 2', '4', '2 4 3 5'] Output: 4
    7

    Tests failed:
    None
[/Environment Feedback]

INFO - [Task id] 1341 [prompt] 
Below is the official solution (do exercise discretion as official solutions can also have mistakes).

You will be reflecting on your attempts to solve the problem.
This will be a **standalone** document for your own future reference. (can skip formalities, be concise)

## Instructions
- Only include the most relevant insights and code snippets that could be useful in the future.
- If you did not learn much from the current experience (e.g. the problem was too easy / official solution was obvious), feel free to write less or nothing at all.
- Here are some ideas if the experience was useful:
    - If the official solution is insightful (e.g. better than yours in time and space complexity or more effective in breaking down the problem statement), distil the key approach of the official solution, step by step.
    - If your approach failed the test cases, reason why the official solution works but yours does not

Your reflection should be at most a few paragraphs.

## Official solution
import bisect

def pre(a):
 for p in range(n-1):
  if(a[p]>=a[p+1]):
   return p
 return n-1 
 
def suf(a):
 for s in range(1,n):
  if(a[n-s]<=a[n-s-1]):
   return n-s
 return 0
 
 

t=int(input())
for _ in range(t):
 n=int(input())
 a=list(map(int,input().split()))
 
 p=pre(a)
 s=suf(a)
 
 b=a[s:n]
 count=0
 for i in range(p+1):
  k=bisect.bisect(b,a[i])
  k+=s
  count+=n-k+1
  
 if(s==0):
  print((n*(n+1))//2-1)
 else:
  print(count+n-s)


INFO - [Task id] 1341 [generation text] The official solution employs a more efficient approach than my initial attempt, which involved checking all possible contiguous subsequences for strict increasing order. Here are the key insights from the official solution:

1. **Preprocessing for Boundaries**:
   - The solution defines two helper functions, `pre` and `suf`, to find the last index of the non-increasing sequence from the start (`pre`) and the first index of the non-increasing sequence from the end (`suf`). This allows the algorithm to quickly identify the boundaries of the strictly increasing part of the array.

2. **Using Binary Search**:
   - The official solution utilizes the `bisect` module to efficiently find the position where elements can be inserted to maintain order. This is crucial for counting how many elements can be included in the strictly increasing sequence after removing a subsequence.

3. **Counting Valid Removals**:
   - The count of valid removals is calculated based on the indices found by `pre` and `suf`. The algorithm counts how many elements can be included in the remaining sequence after removing a contiguous subsequence, leveraging the boundaries identified earlier.

4. **Complexity**:
   - The official solution is significantly more efficient, operating in linear time for preprocessing and logarithmic time for counting, making it suitable for larger input sizes (up to \(10^5\)).

In contrast, my approach was a brute-force method that checked every possible subsequence removal, leading to a time complexity that could be quadratic in nature. This would not scale well with larger inputs, which is why the official solution is preferable. 

Overall, the official solution's use of preprocessing and binary search provides a clear path to efficiently solving the problem, highlighting the importance of optimizing for time complexity in competitive programming.
INFO - Updated entry: In this task, the goal was to determine the number of ways to remove a contiguous subsequence from a given sequence of integers such that the remaining sequence is non-empty and strictly increasing. The approach involved iterating through all possible contiguous subsequences, removing them, and c...,

INFO - Metadata: {
    "task_id": 1341
}

INFO - Updated entry: The official solution employs a more efficient approach than my initial attempt, which involved checking all possible contiguous subsequences for strict increasing order. Here are the key insights from the official solution:

1. **Preprocessing for Boundaries**:
   - The solution defines two help...,

INFO - Metadata: {
    "task_id": 1341
}

INFO - LM call n parse attempt 1 / 3

INFO - [Task id] 1341 [prompt] 
You are a helpful assistant that writes a description of the given function written in the Python programming language.

1) Do not mention the function name.
2) Do not mention anything about helper functions.
3) There might be some helper functions before the main function, but you only need to describe the main function.
4) Try to summarize the function in no more than 6 sentences.
5) Your response should be a single line of text.

INFO - [Task id] 1341 [prompt] 
def is_strictly_increasing(seq):
    # Check if the sequence is strictly increasing
    for i in range(len(seq) - 1):
        if seq[i] >= seq[i + 1]:
            return False
    return True

def count_ways_to_remove_subsequence(T, test_cases):
    for case in test_cases:
        N = case[0]
        A = case[1]
        count = 0
        
        # Iterate over all possible contiguous subsequences to remove
        for start_index in range(N):
            for end_index in range(start_index, N):
                # Create the new sequence after removal
                new_sequence = A[:start_index] + A[end_index + 1:]
                
                # Check if the new sequence is strictly increasing
                if new_sequence and is_strictly_increasing(new_sequence):
                    count += 1
        
        # Print the count of valid removals for the current test case
        print(count)

# Read input
T = int(input())
test_cases = []
for _ in range(T):
    N = int(input())
    A = list(map(int, input().split()))
    test_cases.append((N, A))

# Call the function with the input data
count_ways_to_remove_subsequence(T, test_cases)


The main function is `count_ways_to_remove_subsequence`.
INFO - [Task id] 1341 [generation text] This function processes multiple test cases to determine how many contiguous subsequences can be removed from a given sequence while ensuring that the resulting sequence remains strictly increasing. For each test case, it iterates through all possible starting and ending indices of subsequences to be removed, constructs the new sequence, and checks if it is strictly increasing. A counter is maintained to tally the valid removals for each test case. Finally, it prints the count of valid removals for each test case. The function handles input reading and processes the data accordingly.
INFO - LM call n parse attempt 1 / 3

INFO - [Task id] 1341 [prompt] 
You are a helpful assistant that extracts important information from problems and solutions to aid in searchability and education.

## Instructions
- Read through the problem and solution carefully.
- Reason out, step by step, in what scenarios this knowledge would be useful.
- Focus on general patterns and situations to help connect this knowledge to new situations.
- Then, include a list of keywords that are useful for searching this problem/solution pair.

## Response format
Respond in JSON, and follow the keys and expected format of the values strictly.

The output should be formatted as a JSON instance that conforms to the JSON schema below.

As an example, for the schema {"properties": {"foo": {"title": "Foo", "description": "a list of strings", "type": "array", "items": {"type": "string"}}}, "required": ["foo"]}
the object {"foo": ["bar", "baz"]} is a well-formatted instance of the schema. The object {"properties": {"foo": ["bar", "baz"]}} is not well-formatted.

Here is the output schema:
```
{"properties": {"scenarios": {"description": "In what scenarios will this knowledge be useful? Answer in a paragraph.", "title": "Scenarios", "type": "string"}, "keywords": {"description": "List of keywords that are useful for searching this problem/solution pair", "items": {"type": "string"}, "title": "Keywords", "type": "array"}}, "required": ["scenarios", "keywords"]}
```

INFO - [Task id] 1341 [prompt] 
[Problem]
    You are given a sequence $A_1, A_2, \ldots, A_N$. Calculate the number of ways to remove a non-empty contiguous subsequence from it such that the resulting sequence is non-empty and strictly increasing.

    -----Input-----
    - The first line of the input contains a single integer $T$ denoting the number of test cases. The description of $T$ test cases follows.
    - The first line of each test case contains a single integer $N$.
    - The second line contains $N$ space-separated integers $A_1, A_2, \ldots, A_N$.

    -----Output-----
    For each test case, print a single line containing one integer ― the number of ways.

    -----Constraints-----
    - $1 \le T \le 10$
    - $1 \le N \le 10^5$
    - $|A_i| \le 10^9$ for each valid $i$

    -----Subtasks-----
    Subtask #1 (40 points): $N \le 1,000$
    Subtask #2 (60 points): original constraints

    -----Example Input-----
    2
    3
    1 1 2
    4
    2 4 3 5

    -----Example Output-----
    4
    7
[/Problem]

[Solution]

    def is_strictly_increasing(seq):
        # Check if the sequence is strictly increasing
        for i in range(len(seq) - 1):
            if seq[i] >= seq[i + 1]:
                return False
        return True

    def count_ways_to_remove_subsequence(T, test_cases):
        for case in test_cases:
            N = case[0]
            A = case[1]
            count = 0
        
            # Iterate over all possible contiguous subsequences to remove
            for start_index in range(N):
                for end_index in range(start_index, N):
                    # Create the new sequence after removal
                    new_sequence = A[:start_index] + A[end_index + 1:]
                
                    # Check if the new sequence is strictly increasing
                    if new_sequence and is_strictly_increasing(new_sequence):
                        count += 1
        
            # Print the count of valid removals for the current test case
            print(count)

    # Read input
    T = int(input())
    test_cases = []
    for _ in range(T):
        N = int(input())
        A = list(map(int, input().split()))
        test_cases.append((N, A))

    # Call the function with the input data
    count_ways_to_remove_subsequence(T, test_cases)

[/Solution]

INFO - [Task id] 1341 [generation text] 
INFO - {
    "scenarios": "This knowledge is useful in scenarios where one needs to analyze sequences for specific properties, such as finding subsequences that meet certain criteria. It can be applied in algorithm design, competitive programming, and data analysis where understanding the structure of sequences is crucial. For instance, it can help in optimizing solutions for problems involving subsequences, which is common in fields like bioinformatics, text processing, and financial data analysis.",
    "keywords": [
        "contiguous subsequence",
        "strictly increasing sequence",
        "subsequence removal",
        "algorithm",
        "competitive programming",
        "sequence analysis",
        "counting subsequences",
        "data structures"
    ]
}
INFO - {
    "scenarios": "This knowledge is useful in scenarios where one needs to analyze sequences for specific properties, such as finding subsequences that meet certain criteria. It can be applied in algorithm design, competitive programming, and data analysis where understanding the structure of sequences is crucial. For instance, it can help in optimizing solutions for problems involving subsequences, which is common in fields like bioinformatics, text processing, and financial data analysis.",
    "keywords": [
        "contiguous subsequence",
        "strictly increasing sequence",
        "subsequence removal",
        "algorithm",
        "competitive programming",
        "sequence analysis",
        "counting subsequences",
        "data structures"
    ]
}
INFO - Updated entry: 
[description for function: count_ways_to_remove_subsequence]
This function processes multiple test cases to determine how many contiguous subsequences can be removed from a given sequence while ensuring that the resulting sequence remains strictly increasing. For each test case, it iterates thro...,

INFO - Metadata: {
    "task": 1341,
    "code": "\ndef is_strictly_increasing(seq):\n    # Check if the sequence is strictly increasing\n    for i in range(len(seq) - 1):\n        if seq[i] >= seq[i + 1]:\n            return False\n    return True\n\ndef count_ways_to_remove_subsequence(T, test_cases):\n    for ...

